
-----------------------------------------------------------------------
   _____ _____  ______ ______ _____             _____  _   _           
  / ____|  __ \|  ____|  ____|  __ \           |  __ \| \ | |   /\     
 | |  __| |__) | |__  | |__  | |  | |  ______  | |__) |  \| |  /  \    
 | | |_ |  _  /|  __| |  __| | |  | | |______| |  _  /| . ` | / /\ \   
 | |__| | | \ \| |____| |____| |__| |          | | \ \| |\  |/ ____ \  
  \_____|_|  \_\______|______|_____/           |_|  \_\_| \_/_/    \_\ 
       
                                       -- A. Rubio-Largo et al. 2023
-----------------------------------------------------------------------

------------------------------------------------------------------------------------------------------------------
CONFIGURATION: 

 * TARGET:           ..((((((((.....))))((((.....))))))))..
 * STOPPING:         86400 secs.
 * SEED:             4
 * NO. OF SOLUTIONS: 1
 * max. GC-cont.:    0.48
 * MODEL:            TURNER2004
 * MUTATION PROB:    0.01
 * STAGNATION LIMIT: 50
------------------------------------------------------------------------------------------------------------------


 (1) Let's minimize the base-pair distance between predicted and target structures
    -> Min(Base-pair distance), min(Hamming distance), max(probability over ensemble), min(partition function), min(ensemble defect), min(%GC-content)


	 ->['AACCCCCCCCAAAAAGGGGCCCCAAAAAGGGGGGGGAA', '..((((((((.....((....)).....))))))))..', 0.3684, -0.029583572478067414, -21.0698, 0.4122, 1.0, 0.2105]
	 ->['AACCCCCCCCAAAAAGGGGCCCCAAAAAGGGGGGGGAA', '..((((((((.....((....)).....))))))))..', 0.3684, -0.029583572478067414, -21.0698, 0.4122, 1.0, 0.2105]


    -> Found sequence! Elapsed time:                   0.013961076736450195 secs.


 (2) We found a sequence that folds exactly like the target structure. Let's minimize the GC-content
    -> ORDER: Min(Base-pair distance), min(Hamming distance), min(GC-content), min(partition function), min(ensemble defect), max(probability over ensemble))


	 >>> Resetting the solution to avoid local optima.
	 ->['AAGGGGGGGGAAAAACCCCGGGGAAAAACCCCCCCCAA', '..((((((((.....((....)).....))))))))..', 0.3684, -0.07575312596905262, -21.1903, 0.3881, 1.0, 0.2105]
	 ->['AAGGGGGGGGAAAAACCCCUGGGAAAAACCCACCCCAA', '..((((((((.....))))((((.....))))))))..', 0.0, -0.5863570006298154, -17.329, 0.0814, 0.9167, 0.0]
	 ->['AAGGGGGGGUAAAAAGCCCUGGGAACAACCCACCCCAU', '..((((((((.....))))((((.....))))))))..', 0.0, -0.6571880186334906, -15.8587, 0.0565, 0.8333, 0.0]
	 ->['AAGGGGGGGUAAAAAGCCCUGGGAACAGCCCACUCCAU', '..((((((((.....))))((((.....))))))))..', 0.0, -0.6032466309923972, -13.1115, 0.0827, 0.75, 0.0]
	 ->['AAGGGGGGUUAUGAAGGCCUGGGAACAGCCCACUCCAU', '..((((((((.....))))((((.....))))))))..', 0.0, -0.3321117455518526, -10.6794, 0.3206, 0.6667, 0.0]
	 ->['AAGGGAGGUUGCGUAGGCCGGGGGUCAACCCUUUCCGU', '..((((((((.....))))((((.....))))))))..', 0.0, -0.10603218817532391, -11.283, 0.3975, 0.5833, 0.0]
	 ->['AAGGGAGGUUGCGUAGGCCGGGUGUCAAACCUUUCCGU', '..((((((((.....))))((((.....))))))))..', 0.0, -0.06826635883676246, -9.4544, 0.521, 0.5, 0.0]


    -> Finished!! Elaapsed time:                   0.19731473922729492 secs.




RNA sequences found with GC-content <= 0.48:
## AAGGGAGGUUGCGUAGGCCGUGUGUCAAACAUUUCCGU 0.4166666666666667

RNA sequences found with GC-content > 0.48:
@@ AACCCCCCCGAAAAACGGGCCCCAAAAAGGGGGGGGAA 1.0
@@ AACCCCCCCGAAAAACGGGGCCCAAAAAGGGCGGGGAA 1.0
@@ AACCCCGCCGAAAAACGGCGCCCAAAAAGGGCGGGGAA 1.0
@@ AAGCCCGCCGAAAAACGGCGCCCAAAAAGGGCGGGCAA 1.0
@@ AAGCCCGCCCAAAAAGGGCGCCCAAAAAGGGCGGGCAA 1.0
@@ AAGGCCGCCCAAAAAGGGCGCCCAAAAAGGGCGGCCAA 1.0
@@ AAGGGCGCCCAAAAAGGGCGCCCAAAAAGGGCGCCCAA 1.0
@@ AAGGGGGGGGAAAAACCCCUGGGAAAAACCCACCCCAA 0.9166666666666666
@@ AAGGGGGGGUAAAAAGCCCUGGGAAAAACCCACCCCAA 0.8333333333333334
@@ AAGGGGGGGUAAAAAGCCCUGGGAAAAACCCACCCCAU 0.8333333333333334
@@ AAGGGGGGGUAAAAAGCCCUGGGAACAACCCACCCCAU 0.8333333333333334
@@ AAGGGGGGGUAAAAAGCCCUGGGAACAACCCACUCCAU 0.75
@@ AAGGGGGGGUAAAAAGCCCUGGGAACAGCCCACUCCAU 0.75
@@ AAGGGGGGUUAAAAAGGCCUGGGAACAGCCCACUCCAU 0.6666666666666666
@@ AAGGGGGGUUAUAAAGGCCUGGGAACAGCCCACUCCAU 0.6666666666666666
@@ AAGGGGGGUUAUGAAGGCCUGGGAACAGCCCACUCCAU 0.6666666666666666
@@ AAGGGAGGUUAUGAAGGCCUGGGAACAGCCCAUUCCAU 0.5833333333333334
@@ AAGGGAGGUUAUGAAGGCCUGGGGACAGCCCAUUCCAU 0.5833333333333334
@@ AAGGGAGGUUAUGAAGGCCUGGGGUCAGCCCAUUCCAU 0.5833333333333334
@@ AAGGGAGGUUAUGAAGGCCGGGGGUCAGCCCUUUCCAU 0.5833333333333334
@@ AAGGGAGGUUAUGAAGGCCGGGGGUCAGCCCUUUCCGU 0.5833333333333334
@@ AAGGGAGGUUAUGUAGGCCGGGGGUCAGCCCUUUCCGU 0.5833333333333334
@@ AAGGGAGGUUACGUAGGCCGGGGGUCAGCCCUUUCCGU 0.5833333333333334
@@ AAGGGAGGUUACGUAGGCCGGGGGUCAACCCUUUCCGU 0.5833333333333334
@@ AAGGGAGGUUGCGUAGGCCGGGGGUCAACCCUUUCCGU 0.5833333333333334
@@ AAGGGAGGUUGCGUAGGCCGGGUGUCAAACCUUUCCGU 0.5


Elapsed time:                   0.1981825828552246 secs.
Number of function evaluations: 121
----------------------------------------------------------------------


---------------------------------------
 FINISHED SUCCESSFULLY 
---------------------------------------
