
-----------------------------------------------------------------------
   _____ _____  ______ ______ _____             _____  _   _           
  / ____|  __ \|  ____|  ____|  __ \           |  __ \| \ | |   /\     
 | |  __| |__) | |__  | |__  | |  | |  ______  | |__) |  \| |  /  \    
 | | |_ |  _  /|  __| |  __| | |  | | |______| |  _  /| . ` | / /\ \   
 | |__| | | \ \| |____| |____| |__| |          | | \ \| |\  |/ ____ \  
  \_____|_|  \_\______|______|_____/           |_|  \_\_| \_/_/    \_\ 
       
                                       -- A. Rubio-Largo et al. 2023
-----------------------------------------------------------------------

------------------------------------------------------------------------------------------------------------------
CONFIGURATION: 

 * TARGET:           ((((((.((((((((....))))).)).).))))))
 * STOPPING:         86400 secs.
 * SEED:             6
 * NO. OF SOLUTIONS: 1
 * max. GC-cont.:    0.48
 * MODEL:            TURNER2004
 * MUTATION PROB:    0.01
 * STAGNATION LIMIT: 50
------------------------------------------------------------------------------------------------------------------


 (1) Let's minimize the base-pair distance between predicted and target structures
    -> Min(Base-pair distance), min(Hamming distance), max(probability over ensemble), min(partition function), min(ensemble defect), min(%GC-content)


	 ->['CCCCCCACCCCCCCCAAAAGGGGGAGGAGAGGGGGG', '((((((.((((((((....))))).)).).))))))', 0.0, -0.5622393803459644, -27.3549, 0.0957, 1.0, 0.0]


    -> Found sequence! Elapsed time:                   0.013974189758300781 secs.


 (2) We found a sequence that folds exactly like the target structure. Let's minimize the GC-content
    -> ORDER: Min(Base-pair distance), min(Hamming distance), min(GC-content), min(partition function), min(ensemble defect), max(probability over ensemble))


	 >>> Resetting the solution to avoid local optima.
	 ->['GGGGGGAGGGGGGGGAAAACCCCCACCACACCCCCC', '((((((.(((((((.....))))).))...))))))', 0.4167, -0.23989455357908016, -27.4798, 0.3035, 1.0, 0.0556]
	 ->['GGGUGGAGGGGGGGGAAAACCCCCACCACACCACCC', '((((((.(((((((.....))))).))...))))))', 0.4167, -0.27087374927210645, -25.105, 0.2659, 0.9231, 0.0556]
	 ->['GGGUGGAGGGGUGGGGAAACCCGCACCACACCACCC', '((((((.((((((((....))))).)).).))))))', 0.0, -0.4450199595845647, -23.499, 0.1615, 0.8571, 0.0]
	 ->['GGGUGGAGGGGUGGGGAAACUCGCACCACACCACCC', '((((((.((((((((....))))).)).).))))))', 0.0, -0.34841966752905007, -20.6498, 0.226, 0.7857, 0.0]
	 ->['GGGUGGAGGGGUGGGGAAACUCACACCACACUACCC', '((((((.((((((((....))))).)).).))))))', 0.0, -0.5667953901540456, -18.4499, 0.0681, 0.7143, 0.0]
	 ->['GGGUGAAGGGGUGGCGAAAGUCACACCACAUUACCC', '((((((.((((((((....))))).)).).))))))', 0.0, -0.7031081436628883, -17.4171, 0.0321, 0.6429, 0.0]
	 ->['UGGUGAAGGGGUGGCGAAAGUCACACCACAUUACCA', '((((((.((((((((....))))).)).).))))))', 0.0, -0.38869940875225606, -16.0824, 0.0444, 0.5714, 0.0]
	 ->['UGGUGAAGGGAUGGCGAAAGUCAUACCACAUUACCA', '((((((.((((((((....))))).)).).))))))', 0.0, -0.3219380684294348, -14.1985, 0.0738, 0.5, 0.0]


    -> Finished!! Elaapsed time:                   0.09227943420410156 secs.




RNA sequences found with GC-content <= 0.48:
## UAGUGAAGGGAUGGCGAAAGUCAUACCACAUUACUA 0.4285714285714286
## UAGUGAAGGGAUGGCGAAAGUCAUACCACGUUACUA 0.4285714285714286

RNA sequences found with GC-content > 0.48:
@@ CCCCCCACCCCCCCCAAAAGGGGGAGGAGAGGGGGG 1.0
@@ GCCCCCACCCCCCCCAAAAGGGGGAGGAGAGGGGGC 1.0
@@ GGGUGGAGGGGUGGGAAAACCCGCACCACACCACCC 0.8571428571428571
@@ GGGUGGAGGGGUGGGGAAACCCGCACCACACCACCC 0.8571428571428571
@@ GGGUGGAGGGGUGGGGAAACUCGCACCACACCACCC 0.7857142857142857
@@ GGGUGGAGGGGUGGGGAAACUCGCACCACACUACCC 0.7142857142857143
@@ GGGUGGAGGGGUGGGGAAACUCACACCACACUACCC 0.7142857142857143
@@ GGGUGAAGGGGUGGGGAAACUCACACCACAUUACCC 0.6428571428571429
@@ GGGUGAAGGGGUGGCGAAAGUCACACCACAUUACCC 0.6428571428571428
@@ UGGUGAAGGGGUGGCGAAAGUCACACCACAUUACCA 0.5714285714285714
@@ UGGUGAAGGGAUGGCGAAAGUCAUACCACAUUACCA 0.5


Elapsed time:                   0.09286117553710938 secs.
Number of function evaluations: 53
----------------------------------------------------------------------


---------------------------------------
 FINISHED SUCCESSFULLY 
---------------------------------------
