
-----------------------------------------------------------------------
   _____ _____  ______ ______ _____             _____  _   _           
  / ____|  __ \|  ____|  ____|  __ \           |  __ \| \ | |   /\     
 | |  __| |__) | |__  | |__  | |  | |  ______  | |__) |  \| |  /  \    
 | | |_ |  _  /|  __| |  __| | |  | | |______| |  _  /| . ` | / /\ \   
 | |__| | | \ \| |____| |____| |__| |          | | \ \| |\  |/ ____ \  
  \_____|_|  \_\______|______|_____/           |_|  \_\_| \_/_/    \_\ 
       
                                       -- A. Rubio-Largo et al. 2023
-----------------------------------------------------------------------

------------------------------------------------------------------------------------------------------------------
CONFIGURATION: 

 * TARGET:           ((....)).((....))
 * STOPPING:         86400 secs.
 * SEED:             10
 * NO. OF SOLUTIONS: 1
 * max. GC-cont.:    0.48
 * MODEL:            TURNER2004
 * MUTATION PROB:    0.01
 * STAGNATION LIMIT: 50
------------------------------------------------------------------------------------------------------------------


 (1) Let's minimize the base-pair distance between predicted and target structures
    -> Min(Base-pair distance), min(Hamming distance), max(probability over ensemble), min(partition function), min(ensemble defect), min(%GC-content)


	 ->['CCAAAAGGACCAAAAGG', '((....)).........', 0.1176, -0.22692884214082137, -0.9141, 0.2019, 1.0, 0.2353]
	 >>> Resetting the solution to avoid local optima.
	 ->['GGAAAACCAGGAAAACC', '((....)).........', 0.1176, -0.10810565308153613, -0.8711, 0.2233, 1.0, 0.2353]
	 ->['GGGAAACCAGGAAAACC', '((....)).........', 0.1176, -0.14908271525175254, -2.073, 0.1648, 1.0, 0.2353]


    -> Found sequence! Elapsed time:                   0.021970033645629883 secs.


 (2) We found a sequence that folds exactly like the target structure. Let's minimize the GC-content
    -> ORDER: Min(Base-pair distance), min(Hamming distance), min(GC-content), min(partition function), min(ensemble defect), max(probability over ensemble))


	 >>> Resetting the solution to avoid local optima.
	 ->['CCAAAAGGACCAAAAGG', '((....)).........', 0.1176, -0.22692884214082137, -0.9141, 0.2019, 1.0, 0.2353]
	 >>> Resetting the solution to avoid local optima.
	 ->['CCAAAAGGACCAAAAGG', '((....)).........', 0.1176, -0.22692884214082137, -0.9141, 0.2019, 1.0, 0.2353]
	 ->['CCAGAAGGACCAAAAGG', '((....)).........', 0.1176, -0.2256818425019332, -0.9175, 0.2034, 1.0, 0.2353]
	 >>> Resetting the solution to avoid local optima.
	 ->['CCAAAAGGACCAAAAGG', '((....)).........', 0.1176, -0.22692884214082137, -0.9141, 0.2019, 1.0, 0.2353]
	 ->['CCAUGCGGACCCCACGG', '((....)).........', 0.1176, -0.0590594108618122, -1.3437, 0.4466, 1.0, 0.2353]
	 >>> Resetting the solution to avoid local optima.
	 ->['GGAAAACCAGGAAAACC', '((....)).........', 0.1176, -0.10810565308153613, -0.8711, 0.2233, 1.0, 0.2353]
	 ->['GGGACCCCAGCUUAGGU', '((....)).........', 0.1176, -0.042300728630061984, -1.6494, 0.4146, 1.0, 0.2353]
	 >>> Resetting the solution to avoid local optima.
	 ->['GGAAAACCAGGAAAACC', '((....)).........', 0.1176, -0.10810565308153613, -0.8711, 0.2233, 1.0, 0.2353]
	 ->['GGACAUCCAGGCCGGCC', '((....)).........', 0.1176, -0.06730438054846616, -1.5632, 0.3746, 1.0, 0.2353]
	 >>> Resetting the solution to avoid local optima.
	 ->['GGAAAACCAGGAAAACC', '((....)).........', 0.1176, -0.10810565308153613, -0.8711, 0.2233, 1.0, 0.2353]
	 >>> Resetting the solution to avoid local optima.
	 ->['GGAAAACCAGGAAAACC', '((....)).........', 0.1176, -0.10810565308153613, -0.8711, 0.2233, 1.0, 0.2353]
	 >>> Resetting the solution to avoid local optima.
	 ->['GGAAAACCAGGAAAACC', '((....)).........', 0.1176, -0.10810565308153613, -0.8711, 0.2233, 1.0, 0.2353]
	 ->['GGAGAACCAGGAAAACC', '((....)).........', 0.1176, -0.10801991322667606, -0.8716, 0.2235, 1.0, 0.2353]
	 >>> Resetting the solution to avoid local optima.
	 ->['CCAAAAGGACCAAAAGG', '((....)).........', 0.1176, -0.22692884214082137, -0.9141, 0.2019, 1.0, 0.2353]
	 ->['GCGUCGGCACCAGGAGG', '((....)).........', 0.1176, -0.30849793969386174, -2.3248, 0.1909, 1.0, 0.2353]
	 >>> Resetting the solution to avoid local optima.
	 ->['GGAAAACCAGGAAAACC', '((....)).........', 0.1176, -0.10810565308153613, -0.8711, 0.2233, 1.0, 0.2353]
	 >>> Resetting the solution to avoid local optima.
	 ->['GGAAAACCAGGAAAACC', '((....)).........', 0.1176, -0.10810565308153613, -0.8711, 0.2233, 1.0, 0.2353]
	 >>> Resetting the solution to avoid local optima.
	 ->['GGAAAACCAGGAAAACC', '((....)).........', 0.1176, -0.10810565308153613, -0.8711, 0.2233, 1.0, 0.2353]
	 ->['GGAUUCCCAGGACCGCC', '((....)).........', 0.1176, -0.0725473733115638, -1.7169, 0.4766, 1.0, 0.2353]
	 >>> Resetting the solution to avoid local optima.
	 ->['GGAAAACCAGGAAAACC', '((....)).........', 0.1176, -0.10810565308153613, -0.8711, 0.2233, 1.0, 0.2353]
	 >>> Resetting the solution to avoid local optima.
	 ->['CCAAAAGGACCAAAAGG', '((....)).........', 0.1176, -0.22692884214082137, -0.9141, 0.2019, 1.0, 0.2353]
	 ->['GCGGCAGCGGCUCCAGC', '((....)).........', 0.1176, -0.03248564535197534, -2.7121, 0.4989, 1.0, 0.2353]
	 >>> Resetting the solution to avoid local optima.
	 ->['GGAAAACCAGGAAAACC', '((....)).........', 0.1176, -0.10810565308153613, -0.8711, 0.2233, 1.0, 0.2353]
	 >>> Resetting the solution to avoid local optima.
	 ->['CCAAAAGGACCAAAAGG', '((....)).........', 0.1176, -0.22692884214082137, -0.9141, 0.2019, 1.0, 0.2353]
	 ->['GGAGACCCACCACCAGG', '((....)).........', 0.1176, -0.2039163036130986, -1.58, 0.2643, 1.0, 0.2353]
	 >>> Resetting the solution to avoid local optima.
	 ->['GGAAAACCAGGAAAACC', '((....)).........', 0.1176, -0.10810565308153613, -0.8711, 0.2233, 1.0, 0.2353]
	 >>> Resetting the solution to avoid local optima.
	 ->['CCAAAAGGACCAAAAGG', '((....)).........', 0.1176, -0.22692884214082137, -0.9141, 0.2019, 1.0, 0.2353]
	 >>> Resetting the solution to avoid local optima.
	 ->['CCAAAAGGACCAAAAGG', '((....)).........', 0.1176, -0.22692884214082137, -0.9141, 0.2019, 1.0, 0.2353]
	 ->['CCAUUCGGACCACAUGG', '((....)).........', 0.1176, -0.12697054661022444, -1.272, 0.4, 1.0, 0.2353]
	 >>> Resetting the solution to avoid local optima.
	 ->['GGAAAACCAGGAAAACC', '((....)).........', 0.1176, -0.10810565308153613, -0.8711, 0.2233, 1.0, 0.2353]
	 ->['GGGGGACCAGCCGUAGC', '((....)).........', 0.1176, -0.048572639948540386, -2.7642, 0.4421, 1.0, 0.2353]
	 >>> Resetting the solution to avoid local optima.
	 ->['CCAAAAGGACCAAAAGG', '((....)).........', 0.1176, -0.22692884214082137, -0.9141, 0.2019, 1.0, 0.2353]
	 ->['CCAGUCGGACCAUAGGG', '((....)).........', 0.1176, -0.13687128982788646, -1.1257, 0.2763, 1.0, 0.2353]
	 >>> Resetting the solution to avoid local optima.
	 ->['CCAAAAGGACCAAAAGG', '((....)).........', 0.1176, -0.22692884214082137, -0.9141, 0.2019, 1.0, 0.2353]
	 ->['GCGUGAGCACCAGGGGG', '((....)).........', 0.1176, -0.22657808431322318, -2.315, 0.1952, 1.0, 0.2353]
	 >>> Resetting the solution to avoid local optima.
	 ->['GGAAAACCAGGAAAACC', '((....)).........', 0.1176, -0.10810565308153613, -0.8711, 0.2233, 1.0, 0.2353]
	 ->['GGUAGUCCAGCAGGUGC', '((....)).........', 0.1176, -0.1938150068564836, -1.5113, 0.2633, 1.0, 0.2353]
	 >>> Resetting the solution to avoid local optima.
	 ->['GGAAAACCAGGAAAACC', '((....)).........', 0.1176, -0.10810565308153613, -0.8711, 0.2233, 1.0, 0.2353]
	 ->['GGGUGACCAGGCAGACC', '((....)).........', 0.1176, -0.13089859763017458, -2.1532, 0.2181, 1.0, 0.2353]
	 >>> Resetting the solution to avoid local optima.
	 ->['CCAAAAGGACCAAAAGG', '((....)).........', 0.1176, -0.22692884214082137, -0.9141, 0.2019, 1.0, 0.2353]
	 ->['CCACAAGGACCACAAGG', '((....)).........', 0.1176, -0.22200301606595507, -0.9276, 0.2078, 1.0, 0.2353]
	 >>> Resetting the solution to avoid local optima.
	 ->['CCAAAAGGACCAAAAGG', '((....)).........', 0.1176, -0.22692884214082137, -0.9141, 0.2019, 1.0, 0.2353]
	 ->['GGGCCACCACCACUGGG', '((....)).........', 0.1176, -0.13085539928917927, -2.7534, 0.3313, 1.0, 0.2353]
	 >>> Resetting the solution to avoid local optima.
	 ->['CCAAAAGGACCAAAAGG', '((....)).........', 0.1176, -0.22692884214082137, -0.9141, 0.2019, 1.0, 0.2353]
	 ->['GCGGCGGCAGCAAAAGC', '((....)).........', 0.1176, -0.1675770246175113, -2.5009, 0.2785, 1.0, 0.2353]
	 >>> Resetting the solution to avoid local optima.
	 ->['CCAAAAGGACCAAAAGG', '((....)).........', 0.1176, -0.22692884214082137, -0.9141, 0.2019, 1.0, 0.2353]
	 ->['GCAGGCGCGGCAGUAGC', '((....)).........', 0.1176, -0.07571962123532237, -1.8906, 0.4158, 1.0, 0.2353]
	 >>> Resetting the solution to avoid local optima.
	 ->['GGAAAACCAGGAAAACC', '((....)).........', 0.1176, -0.10810565308153613, -0.8711, 0.2233, 1.0, 0.2353]
	 >>> Resetting the solution to avoid local optima.
	 ->['CCAAAAGGACCAAAAGG', '((....)).........', 0.1176, -0.22692884214082137, -0.9141, 0.2019, 1.0, 0.2353]
	 ->['CCAAAAGGGCCAAAAGG', '((....)).........', 0.1176, -0.16403922174765342, -1.0141, 0.2256, 1.0, 0.2353]
	 >>> Resetting the solution to avoid local optima.
	 ->['CCAAAAGGACCAAAAGG', '((....)).........', 0.1176, -0.22692884214082137, -0.9141, 0.2019, 1.0, 0.2353]
	 ->['CCAUACGGACCAAGAGG', '((....)).........', 0.1176, -0.2231663675102282, -0.9244, 0.207, 1.0, 0.2353]
	 >>> Resetting the solution to avoid local optima.
	 ->['CCAAAAGGACCAAAAGG', '((....)).........', 0.1176, -0.22692884214082137, -0.9141, 0.2019, 1.0, 0.2353]
	 ->['CCAGUAGGGCCAUGAGG', '((....)).........', 0.1176, -0.15551807078897242, -1.047, 0.2453, 1.0, 0.2353]
	 >>> Resetting the solution to avoid local optima.
	 ->['CCAAAAGGACCAAAAGG', '((....)).........', 0.1176, -0.22692884214082137, -0.9141, 0.2019, 1.0, 0.2353]
	 >>> Resetting the solution to avoid local optima.
	 ->['CCAAAAGGACCAAAAGG', '((....)).........', 0.1176, -0.22692884214082137, -0.9141, 0.2019, 1.0, 0.2353]
	 ->['CCAGUGGGGCCAAAAGG', '((....)).........', 0.1176, -0.13630101083803886, -1.0283, 0.2617, 1.0, 0.2353]
	 >>> Resetting the solution to avoid local optima.
	 ->['CCAAAAGGACCAAAAGG', '((....)).........', 0.1176, -0.22692884214082137, -0.9141, 0.2019, 1.0, 0.2353]
	 ->['GCAGGCGCGCCCUAGGG', '((....)).........', 0.1176, -0.1729767823523722, -1.8814, 0.3408, 1.0, 0.2353]
	 >>> Resetting the solution to avoid local optima.
	 ->['GGAAAACCAGGAAAACC', '((....)).........', 0.1176, -0.10810565308153613, -0.8711, 0.2233, 1.0, 0.2353]
	 >>> Resetting the solution to avoid local optima.
	 ->['GGAAAACCAGGAAAACC', '((....)).........', 0.1176, -0.10810565308153613, -0.8711, 0.2233, 1.0, 0.2353]
	 ->['GGACUCCCAGGUGAUCC', '((....)).........', 0.1176, -0.08869802041564523, -1.893, 0.4996, 1.0, 0.2353]
	 >>> Resetting the solution to avoid local optima.
	 ->['CCAAAAGGACCAAAAGG', '((....)).........', 0.1176, -0.22692884214082137, -0.9141, 0.2019, 1.0, 0.2353]
	 >>> Resetting the solution to avoid local optima.
	 ->['CCAAAAGGACCAAAAGG', '((....)).........', 0.1176, -0.22692884214082137, -0.9141, 0.2019, 1.0, 0.2353]
	 ->['CCGAGGGGACCAUCAGG', '((....)).........', 0.1176, -0.19617572247156087, -1.9038, 0.3485, 1.0, 0.2353]
	 >>> Resetting the solution to avoid local optima.
	 ->['CCAAAAGGACCAAAAGG', '((....)).........', 0.1176, -0.22692884214082137, -0.9141, 0.2019, 1.0, 0.2353]
	 ->['GCACUAGCACCACCUGG', '((....)).........', 0.1176, -0.201286302622379, -1.688, 0.3438, 1.0, 0.2353]
	 >>> Resetting the solution to avoid local optima.
	 ->['CCAAAAGGACCAAAAGG', '((....)).........', 0.1176, -0.22692884214082137, -0.9141, 0.2019, 1.0, 0.2353]
	 ->['GCGCGAGCACCGACCGG', '((....)).........', 0.1176, -0.32651066155480846, -2.1898, 0.1609, 1.0, 0.2353]
	 >>> Resetting the solution to avoid local optima.
	 ->['GGAAAACCAGGAAAACC', '((....)).........', 0.1176, -0.10810565308153613, -0.8711, 0.2233, 1.0, 0.2353]
	 ->['GGGUAACCAGGUAUACC', '((....)).........', 0.1176, -0.09098205164263845, -2.3774, 0.3828, 1.0, 0.2353]
	 >>> Resetting the solution to avoid local optima.
	 ->['GGAAAACCAGGAAAACC', '((....)).........', 0.1176, -0.10810565308153613, -0.8711, 0.2233, 1.0, 0.2353]
	 >>> Resetting the solution to avoid local optima.
	 ->['CCAAAAGGACCAAAAGG', '((....)).........', 0.1176, -0.22692884214082137, -0.9141, 0.2019, 1.0, 0.2353]
	 ->['CCAAUUGGGCCAGCAGG', '((....)).........', 0.1176, -0.13222865579611282, -1.147, 0.2987, 1.0, 0.2353]
	 >>> Resetting the solution to avoid local optima.
	 ->['CCAAAAGGACCAAAAGG', '((....)).........', 0.1176, -0.22692884214082137, -0.9141, 0.2019, 1.0, 0.2353]
	 ->['CCAAGCGGACCACAGGG', '((....)).........', 0.1176, -0.13888463868720627, -1.1167, 0.2669, 1.0, 0.2353]
	 >>> Resetting the solution to avoid local optima.
	 ->['GGAAAACCAGGAAAACC', '((....)).........', 0.1176, -0.10810565308153613, -0.8711, 0.2233, 1.0, 0.2353]
	 ->['GCGCUGGCAGCACAUGC', '((....)).........', 0.1176, -0.09580586422789679, -2.8455, 0.4771, 1.0, 0.2353]
	 >>> Resetting the solution to avoid local optima.
	 ->['CCAAAAGGACCAAAAGG', '((....)).........', 0.1176, -0.22692884214082137, -0.9141, 0.2019, 1.0, 0.2353]
	 ->['CCACAAGGACCAAAAGG', '((....)).........', 0.1176, -0.22664216322903102, -0.9149, 0.2022, 1.0, 0.2353]
	 >>> Resetting the solution to avoid local optima.
	 ->['CCAAAAGGACCAAAAGG', '((....)).........', 0.1176, -0.22692884214082137, -0.9141, 0.2019, 1.0, 0.2353]
	 >>> Resetting the solution to avoid local optima.
	 ->['CCAAAAGGACCAAAAGG', '((....)).........', 0.1176, -0.22692884214082137, -0.9141, 0.2019, 1.0, 0.2353]
	 >>> Resetting the solution to avoid local optima.
	 ->['GGAAAACCAGGAAAACC', '((....)).........', 0.1176, -0.10810565308153613, -0.8711, 0.2233, 1.0, 0.2353]
	 ->['GCACUUGCACCAGAGGG', '((....)).........', 0.1176, -0.15789687713787895, -1.7376, 0.334, 1.0, 0.2353]
	 >>> Resetting the solution to avoid local optima.
	 ->['CCAAAAGGACCAAAAGG', '((....)).........', 0.1176, -0.22692884214082137, -0.9141, 0.2019, 1.0, 0.2353]
	 ->['GCUAUUGCACCAAAGGG', '((....)).........', 0.1176, -0.23752801435839704, -2.0859, 0.1708, 1.0, 0.2353]
	 >>> Resetting the solution to avoid local optima.
	 ->['GGAAAACCAGGAAAACC', '((....)).........', 0.1176, -0.10810565308153613, -0.8711, 0.2233, 1.0, 0.2353]
	 ->['GCUCUUGCAGGGACUCC', '((....)).........', 0.1176, -0.15334838835799006, -2.1556, 0.3521, 1.0, 0.2353]
	 >>> Resetting the solution to avoid local optima.
	 ->['CCAAAAGGACCAAAAGG', '((....)).........', 0.1176, -0.22692884214082137, -0.9141, 0.2019, 1.0, 0.2353]
	 >>> Resetting the solution to avoid local optima.
	 ->['GGAAAACCAGGAAAACC', '((....)).........', 0.1176, -0.10810565308153613, -0.8711, 0.2233, 1.0, 0.2353]
	 ->['GGGCGACCAGCAUAAGC', '((....)).........', 0.1176, -0.21920546919849654, -2.3354, 0.2297, 1.0, 0.2353]
	 >>> Resetting the solution to avoid local optima.
	 ->['GGAAAACCAGGAAAACC', '((....)).........', 0.1176, -0.10810565308153613, -0.8711, 0.2233, 1.0, 0.2353]
	 ->['GCAAUUGCAGGAAAACC', '((....)).........', 0.1176, -0.13206451584693168, -1.2477, 0.19, 1.0, 0.2353]
	 >>> Resetting the solution to avoid local optima.
	 ->['GGAAAACCAGGAAAACC', '((....)).........', 0.1176, -0.10810565308153613, -0.8711, 0.2233, 1.0, 0.2353]
	 ->['GGAAAACCAGGACGACC', '((....)).........', 0.1176, -0.10702386558193112, -0.8773, 0.2258, 1.0, 0.2353]
	 >>> Resetting the solution to avoid local optima.
	 ->['CCAAAAGGACCAAAAGG', '((....)).........', 0.1176, -0.22692884214082137, -0.9141, 0.2019, 1.0, 0.2353]
	 ->['GCAAAUGCACCGAUUGG', '((....)).........', 0.1176, -0.29635598048430056, -1.4496, 0.1745, 1.0, 0.2353]
	 >>> Resetting the solution to avoid local optima.
	 ->['CCAAAAGGACCAAAAGG', '((....)).........', 0.1176, -0.22692884214082137, -0.9141, 0.2019, 1.0, 0.2353]
	 >>> Resetting the solution to avoid local optima.
	 ->['CCAAAAGGACCAAAAGG', '((....)).........', 0.1176, -0.22692884214082137, -0.9141, 0.2019, 1.0, 0.2353]
	 ->['CCACAUGGGCCCUAGGG', '((....)).........', 0.1176, -0.18173174988588178, -1.351, 0.2657, 1.0, 0.2353]
	 >>> Resetting the solution to avoid local optima.
	 ->['GGAAAACCAGGAAAACC', '((....)).........', 0.1176, -0.10810565308153613, -0.8711, 0.2233, 1.0, 0.2353]
	 >>> Resetting the solution to avoid local optima.
	 ->['CCAAAAGGACCAAAAGG', '((....)).........', 0.1176, -0.22692884214082137, -0.9141, 0.2019, 1.0, 0.2353]
	 >>> Resetting the solution to avoid local optima.
	 ->['GGAAAACCAGGAAAACC', '((....)).........', 0.1176, -0.10810565308153613, -0.8711, 0.2233, 1.0, 0.2353]
	 >>> Resetting the solution to avoid local optima.
	 ->['GGAAAACCAGGAAAACC', '((....)).........', 0.1176, -0.10810565308153613, -0.8711, 0.2233, 1.0, 0.2353]
	 >>> Resetting the solution to avoid local optima.
	 ->['CCAAAAGGACCAAAAGG', '((....)).........', 0.1176, -0.22692884214082137, -0.9141, 0.2019, 1.0, 0.2353]
	 ->['GCACAAGCACCAAAAGG', '((....)).........', 0.1176, -0.31132686489190275, -1.4192, 0.1488, 1.0, 0.2353]
	 >>> Resetting the solution to avoid local optima.
	 ->['CCAAAAGGACCAAAAGG', '((....)).........', 0.1176, -0.22692884214082137, -0.9141, 0.2019, 1.0, 0.2353]
	 ->['CCGACGGGGCCUUGUGG', '((....)).........', 0.1176, -0.22435106839257507, -2.3211, 0.3898, 1.0, 0.2353]
	 >>> Resetting the solution to avoid local optima.
	 ->['CCAAAAGGACCAAAAGG', '((....)).........', 0.1176, -0.22692884214082137, -0.9141, 0.2019, 1.0, 0.2353]
	 ->['CCAAAAGGACCAGAGGG', '((....)).........', 0.1176, -0.14787249192542135, -1.078, 0.2508, 1.0, 0.2353]
	 >>> Resetting the solution to avoid local optima.
	 ->['GGAAAACCAGGAAAACC', '((....)).........', 0.1176, -0.10810565308153613, -0.8711, 0.2233, 1.0, 0.2353]
	 >>> Resetting the solution to avoid local optima.
	 ->['GGAAAACCAGGAAAACC', '((....)).........', 0.1176, -0.10810565308153613, -0.8711, 0.2233, 1.0, 0.2353]
	 ->['GGGGCACCAGGAGAACC', '((....)).........', 0.1176, -0.1318510079589878, -2.1487, 0.2065, 1.0, 0.2353]
	 >>> Resetting the solution to avoid local optima.
	 ->['GGAAAACCAGGAAAACC', '((....)).........', 0.1176, -0.10810565308153613, -0.8711, 0.2233, 1.0, 0.2353]
	 ->['GGGCAGCCAGGGUACCC', '((....)).........', 0.1176, -0.08414228173332125, -2.5255, 0.4476, 1.0, 0.2353]
	 >>> Resetting the solution to avoid local optima.
	 ->['CCAAAAGGACCAAAAGG', '((....)).........', 0.1176, -0.22692884214082137, -0.9141, 0.2019, 1.0, 0.2353]
	 ->['CCAUGAGGACCACCAGG', '((....)).........', 0.1176, -0.119322511027748, -1.3103, 0.3937, 1.0, 0.2353]
	 >>> Resetting the solution to avoid local optima.
	 ->['CCAAAAGGACCAAAAGG', '((....)).........', 0.1176, -0.22692884214082137, -0.9141, 0.2019, 1.0, 0.2353]
	 ->['CCACGAGGACCAAGAGG', '((....)).........', 0.1176, -0.2205118526061005, -0.9318, 0.2105, 1.0, 0.2353]




RNA sequences found with GC-content <= 0.48:

RNA sequences found with GC-content > 0.48:
@@ GGGAAACCAGGGAAACC 1.0
@@ GGGAAACCAGGGACACC 1.0
@@ GGGCAACCAGGGACACC 1.0
@@ GGGCGACCAGGGACACC 1.0
@@ GGGGGACCAGGGACACC 1.0
@@ GGGGGACCAGGGGCACC 1.0
@@ GCGGGAGCAGGGGCACC 1.0
@@ GCGGGGGCAGGGGCACC 1.0
@@ GCGUGGGCAGGGGCACC 1.0
@@ CCAGAAGGACCGAAAGG 1.0
@@ CCAGGAGGACCGAAAGG 1.0
@@ CCAGGAGGACCGAGAGG 1.0
@@ CCAGGCGGACCGAGAGG 1.0
@@ CCAGGCGGGCCGAGAGG 1.0
@@ CCAGGAGGGCCGAGAGG 1.0
@@ CCAUGCGGACCCCAGGG 1.0
@@ CCAUGCGGGCCCCAGGG 1.0
@@ GCAUGCGCGCCCCAGGG 1.0
@@ GCAUUCGCGCCCCAGGG 1.0
@@ GCAUUCGCACCCCAGGG 1.0
@@ GCGUUCGCACCCCAGGG 1.0
@@ GCGUGCGCACCCCAGGG 1.0
@@ GCGUGUGCACCCCAGGG 1.0
@@ GCGUGAGCACCCCAGGG 1.0
@@ GCGUGAGCACCCAAGGG 1.0
@@ GCGUGGGCACCCAAGGG 1.0
@@ GGGACCCCAGCUUAGGC 1.0
@@ GGGUCCCCAGCUUAGGC 1.0
@@ GGGUUCCCAGCUUAGGC 1.0
@@ GGGGUCCCAGCUUAGGC 1.0
@@ GGGGUCCCAGCGUAGGC 1.0
@@ GGGGUCCCAGCGUUGGC 1.0
@@ GGGGUACCAGCGUUGGC 1.0
@@ GGGGUACCAGCGAUGGC 1.0
@@ GGGCUACCAGCGAUGGC 1.0
@@ GGGCGACCAGCGAUGGC 1.0
@@ GGGCGACCACCGAUGGG 1.0
@@ GGGGGACCACCGAUGGG 1.0
@@ GGGGGACCACCGGUGGG 1.0
@@ GGGGGACCACCGUUGGG 1.0
@@ GGGGGACCACCGUGGGG 1.0
@@ GGACAUCCAGGGCGGCC 1.0
@@ GCACAUGCAGGGCGGCC 1.0
@@ GCACAUGCAGCGCGGGC 1.0
@@ GCACAUGCAGCGCUGGC 1.0
@@ GCUCAUGCAGCGCUGGC 1.0
@@ GCUAAUGCAGCGCUGGC 1.0
@@ GCUACUGCAGCGCUGGC 1.0
@@ GCUACUGCAGCGCUAGC 1.0
@@ GGAGAACCAGGGAAACC 1.0
@@ GGAGCACCAGGGAAACC 1.0
@@ GGAGCACCAGGGUAACC 1.0
@@ GCAGCAGCAGGGUAACC 1.0
@@ GCAGCUGCAGGGUAACC 1.0
@@ GCAGCUGCAGGGUGACC 1.0
@@ GCUGCUGCAGGGUGACC 1.0
@@ GCUGCUGCAGGGAGACC 1.0
@@ GCUGCGGCAGGGAGACC 1.0
@@ GCUGCGGCAGGGCGACC 1.0
@@ GCGUCGGCACCGGGAGG 1.0
@@ GGGUCGCCACCGGGAGG 1.0
@@ GGGUCACCACCGGGAGG 1.0
@@ GGGCCACCACCGGGAGG 1.0
@@ GGGGCACCACCGGGAGG 1.0
@@ GGGGCACCACCGGCAGG 1.0
@@ GGGGGACCACCGGCAGG 1.0
@@ GGGGGACCACCGACAGG 1.0
@@ GGGGGACCACCGACGGG 1.0
@@ GGGGGACCACCUACGGG 1.0
@@ GGAUUCCCAGGGCCGCC 1.0
@@ GGAUUCCCAGGGCCACC 1.0
@@ GGAUUCCCAGGGGCACC 1.0
@@ GCAUUCGCAGGGGCACC 1.0
@@ GCGGCAGCGGCUCCGGC 1.0
@@ GCGGCAGCAGCUCCGGC 1.0
@@ GGAGACCCACCGCCAGG 1.0
@@ CCAUUCGGACCUCAUGG 1.0
@@ CCAUUUGGACCUCAUGG 1.0
@@ CCAUAUGGACCUCAUGG 1.0
@@ CCUUAUGGACCUCAUGG 1.0
@@ GCUUAUGCACCUCAUGG 1.0
@@ GCUCAUGCACCUCAUGG 1.0
@@ GGGGGACCAGCGGUAGC 1.0
@@ GGGGGACCAGCGCUAGC 1.0
@@ GGGGGACCAGCGCUGGC 1.0
@@ GGGGUACCAGCGCUGGC 1.0
@@ CCAGUCGGACCUUAGGG 1.0
@@ CCAGUGGGACCUUAGGG 1.0
@@ CCGGUGGGACCUUAGGG 1.0
@@ GCGGUGGCACCUUAGGG 1.0
@@ GCGCUGGCACCUUAGGG 1.0
@@ GCGCUGGCACCGUAGGG 1.0
@@ GCGCUGGCACCGUGGGG 1.0
@@ GCGCUGGCACCGAGGGG 1.0
@@ GCGCGGGCACCGAGGGG 1.0
@@ GCGCCGGCACCGAGGGG 1.0
@@ GCGUGAGCACCGGGGGG 1.0
@@ GCGCGAGCACCGGGGGG 1.0
@@ GGGCGACCACCGGGGGG 1.0
@@ GGGCUACCACCGGGGGG 1.0
@@ GGGCUACCACCGUGGGG 1.0
@@ GGGGUACCACCGUGGGG 1.0
@@ GGGGUACCGCCGUGGGG 1.0
@@ GGGGUACCGCCGGGGGG 1.0
@@ GGUAGUCCAGCUGGUGC 1.0
@@ GGUAGUCCAGCUAGUGC 1.0
@@ GGGUGACCAGGGAGACC 1.0
@@ GGGUGACCAGGGGGACC 1.0
@@ GGGUGACCAGGGGGGCC 1.0
@@ GGGUUACCAGGGGGGCC 1.0
@@ CCACAAGGACCGCAAGG 1.0
@@ CCACCAGGACCGCAAGG 1.0
@@ CCACCAGGACCGCUAGG 1.0
@@ CCACCAGGGCCGCUAGG 1.0
@@ CCGCCAGGGCCGCUAGG 1.0
@@ CCGCCGGGGCCGCUAGG 1.0
@@ CCUCCGGGGCCGCUAGG 1.0
@@ GCUCCGGCGCCGCUAGG 1.0
@@ GCUCCGGCACCGCUAGG 1.0
@@ GCUCCGGCAGCGCUAGC 1.0
@@ GGGCCACCACCGCUGGG 1.0
@@ GGGGCACCACCGCUGGG 1.0
@@ GCGGCGGCAGCGAAAGC 1.0
@@ GCGGCGGCAGCGAAGGC 1.0
@@ GCGGCGGCGGCGAAGGC 1.0
@@ GCGGCGGCGGCGAGGGC 1.0
@@ GCAGGCGCGGCGGUAGC 1.0
@@ CCAAAAGGGCCGAAAGG 1.0
@@ CCAAAAGGGCCGAGAGG 1.0
@@ CCAAAUGGGCCGAGAGG 1.0
@@ CCUAAUGGGCCGAGAGG 1.0
@@ CCUGAUGGGCCGAGAGG 1.0
@@ CCUGAUGGGCCGAUAGG 1.0
@@ CCUAAUGGGCCGAUAGG 1.0
@@ CCUACUGGGCCGAUAGG 1.0
@@ GCUACUGCGCCGAUAGG 1.0
@@ GCUACUGCGCCGUUAGG 1.0
@@ GCUACUGCGCCGUUGGG 1.0
@@ GCUACUGCGCCGUCGGG 1.0
@@ GCUACUGCGCCCUCGGG 1.0
@@ GCUGCUGCGCCCUCGGG 1.0
@@ GCUGCGGCGCCCUCGGG 1.0
@@ GCUCCGGCGCCCUCGGG 1.0
@@ GCUCCGGCACCCUCGGG 1.0
@@ CCAUACGGACCGAGAGG 1.0
@@ CCAUACGGACCGGGAGG 1.0
@@ CCAUACGGGCCGGGAGG 1.0
@@ CCACACGGGCCGGGAGG 1.0
@@ CCACACGGGCCGGUAGG 1.0
@@ CCACUCGGGCCGGUAGG 1.0
@@ GCACUCGCGCCGGUAGG 1.0
@@ GCACUCGCACCGGUAGG 1.0
@@ GCACUCGCACCGCUAGG 1.0
@@ GCACUCGCACCGCAAGG 1.0
@@ GCAGUCGCACCGCAAGG 1.0
@@ GCAGUUGCACCGCAAGG 1.0
@@ GCAGUUGCACCGCAGGG 1.0
@@ GCAGUUGCAGCGCAGGC 1.0
@@ GCAUUUGCAGCGCAGGC 1.0
@@ GCUUUUGCAGCGCAGGC 1.0
@@ GCUUUUGCAGCGCAAGC 1.0
@@ CCAGUAGGGCCGUGAGG 1.0
@@ GCAGUAGCGCCGUGAGG 1.0
@@ GCAGGAGCGCCGUGAGG 1.0
@@ GCAGGAGCACCGUGAGG 1.0
@@ GCAGGAGCACCGUGGGG 1.0
@@ GCAGGCGCACCGUGGGG 1.0
@@ GCAUGCGCACCGUGGGG 1.0
@@ CCAGUGGGGCCGAAAGG 1.0
@@ CCAGUGGGGCCGAGAGG 1.0
@@ CCAGCGGGGCCGAGAGG 1.0
@@ CCAGCGGGGCCGAUAGG 1.0
@@ CCACCGGGGCCGAUAGG 1.0
@@ CCACCGGGACCGAUAGG 1.0
@@ CCACCGGGACCGCUAGG 1.0
@@ CCUCCGGGACCGCUAGG 1.0
@@ CCUCCGGGACCGCCAGG 1.0
@@ GCAGGCGCACCCUAGGG 1.0
@@ GCAGGCGCACCGUAGGG 1.0
@@ GCAGCCGCACCGUAGGG 1.0
@@ GCAGCCGCACCGCAGGG 1.0
@@ GGACUCCCAGCUGAUGC 1.0
@@ GGACGCCCAGCUGAUGC 1.0
@@ GGAGGCCCAGCUGAUGC 1.0
@@ GGGGGCCCAGCUGAUGC 1.0
@@ GGGGGGCCAGCUGAUGC 1.0
@@ GGGGGACCAGCUGAUGC 1.0
@@ GGGGGACCAGCUAAUGC 1.0
@@ GGGUGACCAGCUAAUGC 1.0
@@ GCGUGAGCAGCUAAUGC 1.0
@@ CCGAGGGGACCGUCAGG 1.0
@@ GCGAGGGCACCGUCAGG 1.0
@@ GCGAGGGCACCGUGAGG 1.0
@@ GCGAGGGCACCGUGGGG 1.0
@@ GCACUAGCACCUCCUGG 1.0
@@ GCGCUAGCACCUCCUGG 1.0
@@ GCGCUAGCACCUACUGG 1.0
@@ GCGCUAGCACCUACGGG 1.0
@@ GCGCGAGCACCUACGGG 1.0
@@ GCGCGAGCACCUCCGGG 1.0
@@ GCGAGAGCACCUCCGGG 1.0
@@ GCGAGAGCGCCUCCGGG 1.0
@@ GCGCGAGCACCGACAGG 1.0
@@ GCGCGGGCACCGACAGG 1.0
@@ GCGCGGGCACCGAGAGG 1.0
@@ GCGCGGGCGCCGAGGGG 1.0
@@ GGGUAACCAGGGAUACC 1.0
@@ GGGUAACCAGGGCUACC 1.0
@@ GGGUAACCAGGGCCACC 1.0
@@ CCAAUUGGGCCGGCAGG 1.0
@@ CCAAUUGGGCCGACAGG 1.0
@@ CCGAUUGGGCCGACAGG 1.0
@@ CCGUUUGGGCCGACAGG 1.0
@@ CCUUUUGGGCCGACAGG 1.0
@@ CCUUUUGGGCCGAUAGG 1.0
@@ CCUUUUGGGCCGAUGGG 1.0
@@ CCUCUUGGGCCGAUGGG 1.0
@@ CCUCCUGGGCCGAUGGG 1.0
@@ CCUCCUGGGCCGUUGGG 1.0
@@ GCUCCUGCGCCGUUGGG 1.0
@@ GCUCAUGCGCCGUUGGG 1.0
@@ GCUCAUGCGGCGUUGGC 1.0
@@ GCUCAUGCAGCGUUGGC 1.0
@@ GCUCGUGCAGCGUUGGC 1.0
@@ GCUCGUGCAGCGGUGGC 1.0
@@ GCUCGUGCAGCGAUGGC 1.0
@@ CCAAGCGGACCCCAGGG 1.0
@@ CCAAGAGGACCCCAGGG 1.0
@@ CCAAGAGGACCCGAGGG 1.0
@@ CCAAGAGGACCGGAGGG 1.0
@@ CCAAGAGGGCCGGAGGG 1.0
@@ CCAAGAGGGCCGGUGGG 1.0
@@ CCAAGUGGGCCGGUGGG 1.0
@@ GCAAGUGCGCCGGUGGG 1.0
@@ GCAUGUGCGCCGGUGGG 1.0
@@ GCUUGUGCGCCGGUGGG 1.0
@@ GCUAGUGCGCCGGUGGG 1.0
@@ GCUAGUGCACCGGUGGG 1.0
@@ GCUAGUGCACCGGCGGG 1.0
@@ GCUAGUGCACCUGCGGG 1.0
@@ GCUAGUGCAGCUGCGGC 1.0
@@ GCGCUGGCAGCUCAUGC 1.0
@@ CCACAAGGACCGAAAGG 1.0
@@ CCACAAGGACCGAUAGG 1.0
@@ CCAGAAGGACCGAUAGG 1.0
@@ CCAGAAGGACCGGUAGG 1.0
@@ CCAGAAGGACCGGAAGG 1.0
@@ GCAGAAGCACCGGAAGG 1.0
@@ GCAGAUGCACCGGAAGG 1.0
@@ GCAGUUGCACCGGAAGG 1.0
@@ GCAGUUGCACCGGGAGG 1.0
@@ GCAGUCGCACCGGGAGG 1.0
@@ GCAUUCGCACCGGGAGG 1.0
@@ GCAUUCGCACCGAGAGG 1.0
@@ GCAUUCGCACCGAGGGG 1.0
@@ GCAUUCGCACCGAAGGG 1.0
@@ GCAUUCGCACCGAUGGG 1.0
@@ GCAAUCGCACCGAUGGG 1.0
@@ GCAAUCGCACCGGUGGG 1.0
@@ GCACUUGCACCGGAGGG 1.0
@@ GCGCUUGCACCGGAGGG 1.0
@@ GCGCUGGCACCGGAGGG 1.0
@@ GCGCGGGCACCGGAGGG 1.0
@@ GCGCGGGCGCCGGAGGG 1.0
@@ GCUAUUGCACCUAAGGG 1.0
@@ GCUAUUGCACCUACGGG 1.0
@@ GCUAGUGCACCUACGGG 1.0
@@ GCUACUGCACCUACGGG 1.0
@@ GCUCCUGCACCUACGGG 1.0
@@ GCUCUUGCAGGGACGCC 1.0
@@ GCUCGUGCAGGGACGCC 1.0
@@ GGGCGACCAGCGUAAGC 1.0
@@ GGGCGACCACCGUAAGG 1.0
@@ GGGUGACCACCGUAAGG 1.0
@@ GGGUGACCACCGCAAGG 1.0
@@ GGGUGACCACCGCGAGG 1.0
@@ GGGUGACCACCGCGGGG 1.0
@@ GGGUGACCGCCGCGGGG 1.0
@@ GCAAUUGCAGGGAAACC 1.0
@@ GCAAUUGCAGGGUAACC 1.0
@@ GCUAUUGCAGGGUAACC 1.0
@@ GCUAUUGCAGCGUAAGC 1.0
@@ GCUAUUGCAGCGAAAGC 1.0
@@ GCUAUUGCAGCGAAGGC 1.0
@@ GCUCUUGCAGCGAAGGC 1.0
@@ GCUCGUGCAGCGAAGGC 1.0
@@ GGAAAACCAGGGCGACC 1.0
@@ GGAUAACCAGGGCGACC 1.0
@@ GGGUAACCAGGGCGACC 1.0
@@ GCAAAUGCACCGAUAGG 1.0
@@ GCAAAUGCACCGGUAGG 1.0
@@ GCAAACGCACCGGUAGG 1.0
@@ GCUAACGCACCGGUAGG 1.0
@@ GCUAAUGCACCGGUAGG 1.0
@@ GCUAAUGCACCGGCAGG 1.0
@@ GCUAGUGCACCGGCAGG 1.0
@@ GCUAUUGCACCGGCAGG 1.0
@@ CCACAUGGACCCUAGGG 1.0
@@ CCACAAGGACCCUAGGG 1.0
@@ CCACAAGGACCCAAGGG 1.0
@@ CCACUAGGACCCAAGGG 1.0
@@ CCACUAGGGCCCAAGGG 1.0
@@ CCACUAGGGCCGAAGGG 1.0
@@ CCACUAGGGCCGCAGGG 1.0
@@ CCACGAGGGCCGCAGGG 1.0
@@ GCACGAGCGCCGCAGGG 1.0
@@ GCACGAGCGCCGUAGGG 1.0
@@ GCACGAGCGCCGUUGGG 1.0
@@ GCACGAGCACCGUUGGG 1.0
@@ GCGCGAGCACCGUUGGG 1.0
@@ GGGCGACCACCGUUGGG 1.0
@@ GCACAAGCACCGAAAGG 1.0
@@ GCACAAGCACCGAAGGG 1.0
@@ GCAGAAGCACCGAAGGG 1.0
@@ GCAGAAGCACCGACGGG 1.0
@@ GCAGAAGCACCGGCGGG 1.0
@@ GCAGAUGCACCGGCGGG 1.0
@@ GCAGAUGCACCGUCGGG 1.0
@@ GCAGAUGCACCCUCGGG 1.0
@@ GCAGCUGCACCCUCGGG 1.0
@@ GCGGCUGCACCCUCGGG 1.0
@@ GCGGUUGCACCCUCGGG 1.0
@@ GCUGUUGCACCCUCGGG 1.0
@@ GCUGAUGCACCCUCGGG 1.0
@@ CCGACGGGACCUUGUGG 1.0
@@ GCGACGGCACCUUGUGG 1.0
@@ GCGGCGGCACCUUGUGG 1.0
@@ GCGGCAGCACCUUGUGG 1.0
@@ GCGGCAGCAGCUUGUGC 1.0
@@ CCAAAAGGACCCGAGGG 1.0
@@ CCAACAGGACCCGAGGG 1.0
@@ GCAACAGCACCCGAGGG 1.0
@@ GCAACAGCACCGGAGGG 1.0
@@ GCAACAGCACCGGCGGG 1.0
@@ GCAAGAGCACCGGCGGG 1.0
@@ GCAAGUGCACCGGCGGG 1.0
@@ GCUAUUGCACCUGCGGG 1.0
@@ GCUGUUGCACCUGCGGG 1.0
@@ GGGGCACCAGGGGAACC 1.0
@@ GGGGUACCAGGGGAACC 1.0
@@ GGGGUACCAGGGGCACC 1.0
@@ GGGGCACCAGGGGCACC 1.0
@@ GGGGCACCAGGGGUACC 1.0
@@ GGGGGACCAGGGGUACC 1.0
@@ GGGCAGCCAGGGUAACC 1.0
@@ GGGCAGCCAGGGUGACC 1.0
@@ GCGCAGGCAGGGUGACC 1.0
@@ GCGCGGGCAGGGUGACC 1.0
@@ CCAUGAGGACCGCCAGG 1.0
@@ CCAUGAGGACCGCCGGG 1.0
@@ GCAUGAGCACCGCCGGG 1.0
@@ GCGUGAGCACCGCCGGG 1.0
@@ GCGUGAGCACCUCCGGG 1.0
@@ CCACGAGGACCGAGAGG 1.0
@@ CCACGCGGACCGAGAGG 1.0
@@ GCACGCGCACCGAGAGG 1.0
@@ GCACGCGCACCGGGAGG 1.0
@@ GCACGCGCACCGGGGGG 1.0


Elapsed time:                   86400.01410388947 secs.
Number of function evaluations: 107719061
----------------------------------------------------------------------


---------------------------------------
 FINISHED SUCCESSFULLY 
---------------------------------------
