
-----------------------------------------------------------------------
   _____ _____  ______ ______ _____             _____  _   _           
  / ____|  __ \|  ____|  ____|  __ \           |  __ \| \ | |   /\     
 | |  __| |__) | |__  | |__  | |  | |  ______  | |__) |  \| |  /  \    
 | | |_ |  _  /|  __| |  __| | |  | | |______| |  _  /| . ` | / /\ \   
 | |__| | | \ \| |____| |____| |__| |          | | \ \| |\  |/ ____ \  
  \_____|_|  \_\______|______|_____/           |_|  \_\_| \_/_/    \_\ 
       
                                       -- A. Rubio-Largo et al. 2023
-----------------------------------------------------------------------

------------------------------------------------------------------------------------------------------------------
CONFIGURATION: 

 * TARGET:           ((((((.((((((((....))))).)).).))))))
 * STOPPING:         86400 secs.
 * SEED:             4
 * NO. OF SOLUTIONS: 1
 * max. GC-cont.:    0.48
 * MODEL:            TURNER2004
 * MUTATION PROB:    0.01
 * STAGNATION LIMIT: 50
------------------------------------------------------------------------------------------------------------------


 (1) Let's minimize the base-pair distance between predicted and target structures
    -> Min(Base-pair distance), min(Hamming distance), max(probability over ensemble), min(partition function), min(ensemble defect), min(%GC-content)


	 ->['CCCCCCACCCCCCCCAAAAGGGGGAGGAGAGGGGGG', '((((((.((((((((....))))).)).).))))))', 0.0, -0.5622393803459644, -27.3549, 0.0957, 1.0, 0.0]


    -> Found sequence! Elapsed time:                   0.013269901275634766 secs.


 (2) We found a sequence that folds exactly like the target structure. Let's minimize the GC-content
    -> ORDER: Min(Base-pair distance), min(Hamming distance), min(GC-content), min(partition function), min(ensemble defect), max(probability over ensemble))


	 >>> Resetting the solution to avoid local optima.
	 ->['CCCCCCACCCCCCCCAAAAGGGGGAGGAGAGGGGGG', '((((((.((((((((....))))).)).).))))))', 0.0, -0.5622393803459644, -27.3549, 0.0957, 1.0, 0.0]
	 ->['CCCCCCACCCCCCCCAAAAGGGGGAGGAGAGGGGGG', '((((((.((((((((....))))).)).).))))))', 0.0, -0.5622393803459644, -27.3549, 0.0957, 1.0, 0.0]
	 ->['CCCCCCACCCCCCUCAAAAGGGGGAGGAGAGGGGGG', '((((((.((((((((....))))).)).).))))))', 0.0, -0.35717498505651557, -24.6345, 0.2592, 0.9286, 0.0]
	 ->['CCCCCCACCUCCCUCAAAAGGGGGAAGAGAGGGGGG', '((((((.((((((((....))))).)).).))))))', 0.0, -0.2586425425546825, -22.7335, 0.1218, 0.8571, 0.0]
	 ->['ACCCCCACCUCCCUCAAAAGGGGGAAGAGAGGGGGU', '((((((.((((((((....))))).)).).))))))', 0.0, -0.21088909584403703, -21.2593, 0.1033, 0.7857, 0.0]
	 ->['ACUCCCACCUCCCUCAAAAGGGGGAAGAGAGGGAGU', '((((((.((((((((....))))).)).).))))))', 0.0, -0.21205123779291488, -19.1559, 0.1007, 0.7143, 0.0]
	 ->['ACUGCCACCUCCCUCAAAAGGGGGAAGAGAGGUAGU', '((((((.((((((((....))))).)).).))))))', 0.0, -0.21175489093374408, -16.9567, 0.1008, 0.6429, 0.0]
	 ->['ACUGCCACCUCACUCAAAAGGGUGAAGAGAGGUAGU', '((((((.((((((((....))))).)).).))))))', 0.0, -0.2131633054423032, -14.6526, 0.0983, 0.5714, 0.0]
	 ->['ACUGCCACCUCAUUCAAAAGGAUGAAGAGAGGUAGU', '((((((.((((((((....))))).)).).))))))', 0.0, -0.17580126448735708, -12.8714, 0.1758, 0.5, 0.0]


    -> Finished!! Elaapsed time:                   0.09254217147827148 secs.




RNA sequences found with GC-content <= 0.48:
## ACUGCCACCUGAUUCAAAAGGAUUAAGAGAGGUAGU 0.42857142857142855

RNA sequences found with GC-content > 0.48:
@@ CCCCCCACCCCCCCCAAAAGGGGGAGGAGAGGGGGG 1.0
@@ GCCCCCACCCCCCCCAAAAGGGGGAGGAGAGGGGGC 1.0
@@ CCCCCCACCCCCCUCAAAAGGGGGAGGAGAGGGGGG 0.9285714285714286
@@ CCCCCCACCUCCCUCAAAAGGGGGAAGAGAGGGGGG 0.8571428571428571
@@ ACCCCCACCUCCCUCAAAAGGGGGAAGAGAGGGGGU 0.7857142857142857
@@ ACUCCCACCUCCCUCAAAAGGGGGAAGAGAGGGAGU 0.7142857142857143
@@ ACUGCCACCUCCCUCAAAAGGGGGAAGAGAGGUAGU 0.6428571428571429
@@ ACUGCCACCUCACUCAAAAGGGUGAAGAGAGGUAGU 0.5714285714285714
@@ ACUGCCACCUCAUUCAAAAGGAUGAAGAGAGGUAGU 0.5
@@ ACUCCCACCUGAUUCAAAAGGAUUAAGAGAGGGAGU 0.5


Elapsed time:                   0.09293794631958008 secs.
Number of function evaluations: 55
----------------------------------------------------------------------


---------------------------------------
 FINISHED SUCCESSFULLY 
---------------------------------------
