
-----------------------------------------------------------------------
   _____ _____  ______ ______ _____             _____  _   _           
  / ____|  __ \|  ____|  ____|  __ \           |  __ \| \ | |   /\     
 | |  __| |__) | |__  | |__  | |  | |  ______  | |__) |  \| |  /  \    
 | | |_ |  _  /|  __| |  __| | |  | | |______| |  _  /| . ` | / /\ \   
 | |__| | | \ \| |____| |____| |__| |          | | \ \| |\  |/ ____ \  
  \_____|_|  \_\______|______|_____/           |_|  \_\_| \_/_/    \_\ 
       
                                       -- A. Rubio-Largo et al. 2023
-----------------------------------------------------------------------

------------------------------------------------------------------------------------------------------------------
CONFIGURATION: 

 * TARGET:           ((....)).((....))
 * STOPPING:         86400 secs.
 * SEED:             3
 * NO. OF SOLUTIONS: 1
 * max. GC-cont.:    0.48
 * MODEL:            TURNER2004
 * MUTATION PROB:    0.01
 * STAGNATION LIMIT: 50
------------------------------------------------------------------------------------------------------------------


 (1) Let's minimize the base-pair distance between predicted and target structures
    -> Min(Base-pair distance), min(Hamming distance), max(probability over ensemble), min(partition function), min(ensemble defect), min(%GC-content)


	 ->['CCAAAAGGACCAAAAGG', '((....)).........', 0.1176, -0.22692884214082137, -0.9141, 0.2019, 1.0, 0.2353]
	 >>> Resetting the solution to avoid local optima.
	 ->['GGAAAACCAGGAAAACC', '((....)).........', 0.1176, -0.10810565308153613, -0.8711, 0.2233, 1.0, 0.2353]
	 >>> Resetting the solution to avoid local optima.
	 ->['CCAAAAGGACCAAAAGG', '((....)).........', 0.1176, -0.22692884214082137, -0.9141, 0.2019, 1.0, 0.2353]
	 ->['CCGAAAGGACCAAAUGG', '((....)).........', 0.1176, -0.3132503689917504, -1.5154, 0.1482, 1.0, 0.2353]


    -> Found sequence! Elapsed time:                   0.14976167678833008 secs.


 (2) We found a sequence that folds exactly like the target structure. Let's minimize the GC-content
    -> ORDER: Min(Base-pair distance), min(Hamming distance), min(GC-content), min(partition function), min(ensemble defect), max(probability over ensemble))


	 >>> Resetting the solution to avoid local optima.
	 ->['CCAAAAGGACCAAAAGG', '((....)).........', 0.1176, -0.22692884214082137, -0.9141, 0.2019, 1.0, 0.2353]
	 >>> Resetting the solution to avoid local optima.
	 ->['GGAAAACCAGGAAAACC', '((....)).........', 0.1176, -0.10810565308153613, -0.8711, 0.2233, 1.0, 0.2353]
	 ->['GGCAAGCCAGGCAUACC', '((....)).........', 0.1176, -0.05756273311148748, -1.2595, 0.3695, 1.0, 0.2353]
	 >>> Resetting the solution to avoid local optima.
	 ->['CCAAAAGGACCAAAAGG', '((....)).........', 0.1176, -0.22692884214082137, -0.9141, 0.2019, 1.0, 0.2353]
	 >>> Resetting the solution to avoid local optima.
	 ->['GGAAAACCAGGAAAACC', '((....)).........', 0.1176, -0.10810565308153613, -0.8711, 0.2233, 1.0, 0.2353]
	 ->['GCGACAGCGGCGGCGGU', '((....)).........', 0.1176, -0.05191986623753309, -2.8231, 0.4505, 1.0, 0.2353]
	 >>> Resetting the solution to avoid local optima.
	 ->['CCAAAAGGACCAAAAGG', '((....)).........', 0.1176, -0.22692884214082137, -0.9141, 0.2019, 1.0, 0.2353]
	 >>> Resetting the solution to avoid local optima.
	 ->['CCAAAAGGACCAAAAGG', '((....)).........', 0.1176, -0.22692884214082137, -0.9141, 0.2019, 1.0, 0.2353]
	 ->['CCACCAGGACCAAUAGG', '((....)).........', 0.1176, -0.21793085394336503, -0.939, 0.2152, 1.0, 0.2353]
	 >>> Resetting the solution to avoid local optima.
	 ->['CCAAAAGGACCAAAAGG', '((....)).........', 0.1176, -0.22692884214082137, -0.9141, 0.2019, 1.0, 0.2353]
	 ->['CCACGAGGACCACUAGG', '((....)).........', 0.1176, -0.17348451147562496, -1.0796, 0.2935, 1.0, 0.2353]
	 >>> Resetting the solution to avoid local optima.
	 ->['GGAAAACCAGGAAAACC', '((....)).........', 0.1176, -0.10810565308153613, -0.8711, 0.2233, 1.0, 0.2353]
	 >>> Resetting the solution to avoid local optima.
	 ->['GGAAAACCAGGAAAACC', '((....)).........', 0.1176, -0.10810565308153613, -0.8711, 0.2233, 1.0, 0.2353]
	 ->['GGACGACCAGGAUAACC', '((....)).........', 0.1176, -0.104937382708468, -0.8894, 0.2308, 1.0, 0.2353]
	 >>> Resetting the solution to avoid local optima.
	 ->['CCAAAAGGACCAAAAGG', '((....)).........', 0.1176, -0.22692884214082137, -0.9141, 0.2019, 1.0, 0.2353]
	 ->['GCAGUCGCGCCAGGGGG', '((....)).........', 0.1176, -0.07560976665645731, -1.8914, 0.3922, 1.0, 0.2353]
	 >>> Resetting the solution to avoid local optima.
	 ->['GGAAAACCAGGAAAACC', '((....)).........', 0.1176, -0.10810565308153613, -0.8711, 0.2233, 1.0, 0.2353]
	 ->['GGGACACCAGGUACGCC', '((....)).........', 0.1176, -0.1432561127999429, -2.0976, 0.1876, 1.0, 0.2353]
	 >>> Resetting the solution to avoid local optima.
	 ->['GGAAAACCAGGAAAACC', '((....)).........', 0.1176, -0.10810565308153613, -0.8711, 0.2233, 1.0, 0.2353]
	 ->['GCAAGCGCAGCUGUUGU', '((....)).........', 0.1176, -0.02545356445132996, -2.0625, 0.576, 1.0, 0.2353]
	 >>> Resetting the solution to avoid local optima.
	 ->['GGAAAACCAGGAAAACC', '((....)).........', 0.1176, -0.10810565308153613, -0.8711, 0.2233, 1.0, 0.2353]
	 ->['GGUAAGCCAGGAUCACC', '((....)).........', 0.1176, -0.0856516122075892, -1.0146, 0.3032, 1.0, 0.2353]
	 >>> Resetting the solution to avoid local optima.
	 ->['GGAAAACCAGGAAAACC', '((....)).........', 0.1176, -0.10810565308153613, -0.8711, 0.2233, 1.0, 0.2353]
	 >>> Resetting the solution to avoid local optima.
	 ->['GGAAAACCAGGAAAACC', '((....)).........', 0.1176, -0.10810565308153613, -0.8711, 0.2233, 1.0, 0.2353]
	 >>> Resetting the solution to avoid local optima.
	 ->['GGAAAACCAGGAAAACC', '((....)).........', 0.1176, -0.10810565308153613, -0.8711, 0.2233, 1.0, 0.2353]
	 ->['GGGAAACCAGGACAACC', '((....)).........', 0.1176, -0.14887999145127082, -2.0739, 0.1653, 1.0, 0.2353]
	 >>> Resetting the solution to avoid local optima.
	 ->['GGAAAACCAGGAAAACC', '((....)).........', 0.1176, -0.10810565308153613, -0.8711, 0.2233, 1.0, 0.2353]
	 >>> Resetting the solution to avoid local optima.
	 ->['GGAAAACCAGGAAAACC', '((....)).........', 0.1176, -0.10810565308153613, -0.8711, 0.2233, 1.0, 0.2353]
	 ->['GGUAGACCAGCUGAAGC', '((....)).........', 0.1176, -0.08440580954794286, -1.0236, 0.3015, 1.0, 0.2353]
	 >>> Resetting the solution to avoid local optima.
	 ->['CCAAAAGGACCAAAAGG', '((....)).........', 0.1176, -0.22692884214082137, -0.9141, 0.2019, 1.0, 0.2353]
	 ->['CCAGACGGACCGCUCGG', '((....)).........', 0.1176, -0.08221579693621735, -1.5398, 0.5012, 1.0, 0.2353]
	 >>> Resetting the solution to avoid local optima.
	 ->['GGAAAACCAGGAAAACC', '((....)).........', 0.1176, -0.10810565308153613, -0.8711, 0.2233, 1.0, 0.2353]
	 >>> Resetting the solution to avoid local optima.
	 ->['CCAAAAGGACCAAAAGG', '((....)).........', 0.1176, -0.22692884214082137, -0.9141, 0.2019, 1.0, 0.2353]
	 ->['CCAUUGGGGGCACAAGC', '((....)).........', 0.1176, -0.058597490046655654, -1.4485, 0.4375, 1.0, 0.2353]
	 >>> Resetting the solution to avoid local optima.
	 ->['GGAAAACCAGGAAAACC', '((....)).........', 0.1176, -0.10810565308153613, -0.8711, 0.2233, 1.0, 0.2353]
	 >>> Resetting the solution to avoid local optima.
	 ->['CCAAAAGGACCAAAAGG', '((....)).........', 0.1176, -0.22692884214082137, -0.9141, 0.2019, 1.0, 0.2353]
	 ->['CCAAAAGGACCACAAGG', '((....)).........', 0.1176, -0.22290965884699215, -0.9251, 0.2066, 1.0, 0.2353]
	 >>> Resetting the solution to avoid local optima.
	 ->['GGAAAACCAGGAAAACC', '((....)).........', 0.1176, -0.10810565308153613, -0.8711, 0.2233, 1.0, 0.2353]
	 >>> Resetting the solution to avoid local optima.
	 ->['GGAAAACCAGGAAAACC', '((....)).........', 0.1176, -0.10810565308153613, -0.8711, 0.2233, 1.0, 0.2353]
	 >>> Resetting the solution to avoid local optima.
	 ->['CCAAAAGGACCAAAAGG', '((....)).........', 0.1176, -0.22692884214082137, -0.9141, 0.2019, 1.0, 0.2353]
	 ->['CCAAACGGACCAACAGG', '((....)).........', 0.1176, -0.21939344317892062, -0.9349, 0.211, 1.0, 0.2353]
	 >>> Resetting the solution to avoid local optima.
	 ->['GGAAAACCAGGAAAACC', '((....)).........', 0.1176, -0.10810565308153613, -0.8711, 0.2233, 1.0, 0.2353]
	 ->['GGAAAGCCAGGAAAACC', '((....)).........', 0.1176, -0.11890508530062187, -1.0124, 0.2076, 1.0, 0.2353]
	 >>> Resetting the solution to avoid local optima.
	 ->['CCAAAAGGACCAAAAGG', '((....)).........', 0.1176, -0.22692884214082137, -0.9141, 0.2019, 1.0, 0.2353]
	 ->['GCGUUAGCACGGCGGCG', '((....)).........', 0.1176, -0.07847246732771139, -2.8685, 0.5311, 1.0, 0.2353]
	 >>> Resetting the solution to avoid local optima.
	 ->['GGAAAACCAGGAAAACC', '((....)).........', 0.1176, -0.10810565308153613, -0.8711, 0.2233, 1.0, 0.2353]
	 ->['GGAAAGCCAGGGAUUCC', '((....)).........', 0.1176, -0.09247557098769565, -1.5673, 0.4258, 1.0, 0.2353]
	 >>> Resetting the solution to avoid local optima.
	 ->['GGAAAACCAGGAAAACC', '((....)).........', 0.1176, -0.10810565308153613, -0.8711, 0.2233, 1.0, 0.2353]
	 >>> Resetting the solution to avoid local optima.
	 ->['GGAAAACCAGGAAAACC', '((....)).........', 0.1176, -0.10810565308153613, -0.8711, 0.2233, 1.0, 0.2353]
	 >>> Resetting the solution to avoid local optima.
	 ->['CCAAAAGGACCAAAAGG', '((....)).........', 0.1176, -0.22692884214082137, -0.9141, 0.2019, 1.0, 0.2353]
	 ->['GCAUAGGCACCACGAGG', '((....)).........', 0.1176, -0.29700599016173546, -1.3482, 0.1606, 1.0, 0.2353]
	 >>> Resetting the solution to avoid local optima.
	 ->['GGAAAACCAGGAAAACC', '((....)).........', 0.1176, -0.10810565308153613, -0.8711, 0.2233, 1.0, 0.2353]
	 >>> Resetting the solution to avoid local optima.
	 ->['CCAAAAGGACCAAAAGG', '((....)).........', 0.1176, -0.22692884214082137, -0.9141, 0.2019, 1.0, 0.2353]
	 ->['CCGAAAGGACCAACAGG', '((....)).........', 0.1176, -0.3080146601757609, -1.5258, 0.1526, 1.0, 0.2353]
	 >>> Resetting the solution to avoid local optima.
	 ->['CCAAAAGGACCAAAAGG', '((....)).........', 0.1176, -0.22692884214082137, -0.9141, 0.2019, 1.0, 0.2353]
	 ->['CCAGAAGGACCGCAUGG', '((....)).........', 0.1176, -0.1512787434366788, -1.164, 0.3202, 1.0, 0.2353]
	 >>> Resetting the solution to avoid local optima.
	 ->['CCAAAAGGACCAAAAGG', '((....)).........', 0.1176, -0.22692884214082137, -0.9141, 0.2019, 1.0, 0.2353]
	 ->['GCAGAUGCACCAAUAGG', '((....)).........', 0.1176, -0.30867238856100854, -1.4245, 0.1525, 1.0, 0.2353]
	 >>> Resetting the solution to avoid local optima.
	 ->['CCAAAAGGACCAAAAGG', '((....)).........', 0.1176, -0.22692884214082137, -0.9141, 0.2019, 1.0, 0.2353]
	 ->['GCGCUGGCACCAGAGGG', '((....)).........', 0.1176, -0.1508738849749616, -2.6657, 0.3789, 1.0, 0.2353]
	 >>> Resetting the solution to avoid local optima.
	 ->['CCAAAAGGACCAAAAGG', '((....)).........', 0.1176, -0.22692884214082137, -0.9141, 0.2019, 1.0, 0.2353]
	 >>> Resetting the solution to avoid local optima.
	 ->['CCAAAAGGACCAAAAGG', '((....)).........', 0.1176, -0.22692884214082137, -0.9141, 0.2019, 1.0, 0.2353]
	 >>> Resetting the solution to avoid local optima.
	 ->['GGAAAACCAGGAAAACC', '((....)).........', 0.1176, -0.10810565308153613, -0.8711, 0.2233, 1.0, 0.2353]
	 >>> Resetting the solution to avoid local optima.
	 ->['GGAAAACCAGGAAAACC', '((....)).........', 0.1176, -0.10810565308153613, -0.8711, 0.2233, 1.0, 0.2353]
	 >>> Resetting the solution to avoid local optima.
	 ->['GGAAAACCAGGAAAACC', '((....)).........', 0.1176, -0.10810565308153613, -0.8711, 0.2233, 1.0, 0.2353]
	 >>> Resetting the solution to avoid local optima.
	 ->['GGAAAACCAGGAAAACC', '((....)).........', 0.1176, -0.10810565308153613, -0.8711, 0.2233, 1.0, 0.2353]
	 ->['GGACGACCAGCACAAGC', '((....)).........', 0.1176, -0.1925491141246503, -1.0153, 0.2186, 1.0, 0.2353]
	 >>> Resetting the solution to avoid local optima.
	 ->['GGAAAACCAGGAAAACC', '((....)).........', 0.1176, -0.10810565308153613, -0.8711, 0.2233, 1.0, 0.2353]
	 ->['GGAAACCCAGGUUAACC', '((....)).........', 0.1176, -0.07335174833954175, -1.5101, 0.4042, 1.0, 0.2353]
	 >>> Resetting the solution to avoid local optima.
	 ->['CCAAAAGGACCAAAAGG', '((....)).........', 0.1176, -0.22692884214082137, -0.9141, 0.2019, 1.0, 0.2353]
	 ->['GCACUAGCACCGUACGG', '((....)).........', 0.1176, -0.3044600014026003, -1.4329, 0.1573, 1.0, 0.2353]
	 >>> Resetting the solution to avoid local optima.
	 ->['CCAAAAGGACCAAAAGG', '((....)).........', 0.1176, -0.22692884214082137, -0.9141, 0.2019, 1.0, 0.2353]
	 ->['CCGAAUGGACCAACAGG', '((....)).........', 0.1176, -0.18455929710590585, -1.0414, 0.2634, 1.0, 0.2353]
	 >>> Resetting the solution to avoid local optima.
	 ->['GGAAAACCAGGAAAACC', '((....)).........', 0.1176, -0.10810565308153613, -0.8711, 0.2233, 1.0, 0.2353]
	 ->['GGAUGACCAGGCACACC', '((....)).........', 0.1176, -0.08954842427889027, -0.9872, 0.2937, 1.0, 0.2353]
	 >>> Resetting the solution to avoid local optima.
	 ->['CCAAAAGGACCAAAAGG', '((....)).........', 0.1176, -0.22692884214082137, -0.9141, 0.2019, 1.0, 0.2353]
	 ->['CCAGUUGGACCAAAAGG', '((....)).........', 0.1176, -0.19839008841967404, -0.9969, 0.2563, 1.0, 0.2353]
	 >>> Resetting the solution to avoid local optima.
	 ->['GGAAAACCAGGAAAACC', '((....)).........', 0.1176, -0.10810565308153613, -0.8711, 0.2233, 1.0, 0.2353]
	 ->['GGGACACCAGGUCGACC', '((....)).........', 0.1176, -0.07640025736152284, -2.485, 0.4269, 1.0, 0.2353]
	 >>> Resetting the solution to avoid local optima.
	 ->['CCAAAAGGACCAAAAGG', '((....)).........', 0.1176, -0.22692884214082137, -0.9141, 0.2019, 1.0, 0.2353]
	 ->['GCGCAAGCACCACAGGG', '((....)).........', 0.1176, -0.246515615954475, -2.2631, 0.1564, 1.0, 0.2353]
	 >>> Resetting the solution to avoid local optima.
	 ->['CCAAAAGGACCAAAAGG', '((....)).........', 0.1176, -0.22692884214082137, -0.9141, 0.2019, 1.0, 0.2353]
	 ->['GCACGUGCGGCAGGGGC', '((....)).........', 0.1176, -0.051851770862686455, -2.0239, 0.4535, 1.0, 0.2353]
	 >>> Resetting the solution to avoid local optima.
	 ->['GGAAAACCAGGAAAACC', '((....)).........', 0.1176, -0.10810565308153613, -0.8711, 0.2233, 1.0, 0.2353]
	 ->['GGGACACCAGGCACACC', '((....)).........', 0.1176, -0.1476194000049997, -2.0791, 0.1681, 1.0, 0.2353]
	 >>> Resetting the solution to avoid local optima.
	 ->['CCAAAAGGACCAAAAGG', '((....)).........', 0.1176, -0.22692884214082137, -0.9141, 0.2019, 1.0, 0.2353]
	 ->['CCGUCGGGACCAUGAGG', '((....)).........', 0.1176, -0.14649885907279253, -2.0838, 0.4605, 1.0, 0.2353]
	 >>> Resetting the solution to avoid local optima.
	 ->['CCAAAAGGACCAAAAGG', '((....)).........', 0.1176, -0.22692884214082137, -0.9141, 0.2019, 1.0, 0.2353]
	 ->['CCGACAGGACCAAAAGG', '((....)).........', 0.1176, -0.31103429882947303, -1.5198, 0.1494, 1.0, 0.2353]
	 >>> Resetting the solution to avoid local optima.
	 ->['GGAAAACCAGGAAAACC', '((....)).........', 0.1176, -0.10810565308153613, -0.8711, 0.2233, 1.0, 0.2353]
	 >>> Resetting the solution to avoid local optima.
	 ->['GGAAAACCAGGAAAACC', '((....)).........', 0.1176, -0.10810565308153613, -0.8711, 0.2233, 1.0, 0.2353]
	 >>> Resetting the solution to avoid local optima.
	 ->['CCAAAAGGACCAAAAGG', '((....)).........', 0.1176, -0.22692884214082137, -0.9141, 0.2019, 1.0, 0.2353]
	 >>> Resetting the solution to avoid local optima.
	 ->['GGAAAACCAGGAAAACC', '((....)).........', 0.1176, -0.10810565308153613, -0.8711, 0.2233, 1.0, 0.2353]
	 >>> Resetting the solution to avoid local optima.
	 ->['CCAAAAGGACCAAAAGG', '((....)).........', 0.1176, -0.22692884214082137, -0.9141, 0.2019, 1.0, 0.2353]
	 >>> Resetting the solution to avoid local optima.
	 ->['CCAAAAGGACCAAAAGG', '((....)).........', 0.1176, -0.22692884214082137, -0.9141, 0.2019, 1.0, 0.2353]
	 ->['CCGAUAGGACCAAGAGG', '((....)).........', 0.1176, -0.3089766478618325, -1.5239, 0.1518, 1.0, 0.2353]
	 >>> Resetting the solution to avoid local optima.
	 ->['CCAAAAGGACCAAAAGG', '((....)).........', 0.1176, -0.22692884214082137, -0.9141, 0.2019, 1.0, 0.2353]
	 ->['CCGCGAGGACCUACCGG', '((....)).........', 0.1176, -0.11176723649353251, -2.0506, 0.4502, 1.0, 0.2353]
	 >>> Resetting the solution to avoid local optima.
	 ->['CCAAAAGGACCAAAAGG', '((....)).........', 0.1176, -0.22692884214082137, -0.9141, 0.2019, 1.0, 0.2353]
	 ->['GCAAGAGCACCACCGGG', '((....)).........', 0.1176, -0.21524049795855357, -1.5467, 0.185, 1.0, 0.2353]
	 >>> Resetting the solution to avoid local optima.
	 ->['GGAAAACCAGGAAAACC', '((....)).........', 0.1176, -0.10810565308153613, -0.8711, 0.2233, 1.0, 0.2353]
	 ->['GGAGUGCCGCCCCCAGG', '((....)).........', 0.1176, -0.0322243895646991, -1.7171, 0.4661, 1.0, 0.2353]
	 >>> Resetting the solution to avoid local optima.
	 ->['CCAAAAGGACCAAAAGG', '((....)).........', 0.1176, -0.22692884214082137, -0.9141, 0.2019, 1.0, 0.2353]
	 ->['CCAGAUGGGGCCAUGGC', '((....)).........', 0.1176, -0.026567595565884426, -1.5361, 0.4811, 1.0, 0.2353]
	 >>> Resetting the solution to avoid local optima.
	 ->['GGAAAACCAGGAAAACC', '((....)).........', 0.1176, -0.10810565308153613, -0.8711, 0.2233, 1.0, 0.2353]
	 ->['GCUUAGGCAGGAAAACC', '((....)).........', 0.1176, -0.14470787014381686, -1.7914, 0.1735, 1.0, 0.2353]
	 >>> Resetting the solution to avoid local optima.
	 ->['CCAAAAGGACCAAAAGG', '((....)).........', 0.1176, -0.22692884214082137, -0.9141, 0.2019, 1.0, 0.2353]
	 >>> Resetting the solution to avoid local optima.
	 ->['GGAAAACCAGGAAAACC', '((....)).........', 0.1176, -0.10810565308153613, -0.8711, 0.2233, 1.0, 0.2353]
	 >>> Resetting the solution to avoid local optima.
	 ->['GGAAAACCAGGAAAACC', '((....)).........', 0.1176, -0.10810565308153613, -0.8711, 0.2233, 1.0, 0.2353]
	 ->['GGAGAUCCAGGAUAACC', '((....)).........', 0.1176, -0.10295573235829464, -1.3012, 0.2826, 1.0, 0.2353]
	 >>> Resetting the solution to avoid local optima.
	 ->['GGAAAACCAGGAAAACC', '((....)).........', 0.1176, -0.10810565308153613, -0.8711, 0.2233, 1.0, 0.2353]
	 ->['GGAAAACCAGGAAAACC', '((....)).........', 0.1176, -0.10810565308153613, -0.8711, 0.2233, 1.0, 0.2353]
	 >>> Resetting the solution to avoid local optima.
	 ->['GGAAAACCAGGAAAACC', '((....)).........', 0.1176, -0.10810565308153613, -0.8711, 0.2233, 1.0, 0.2353]




RNA sequences found with GC-content <= 0.48:

RNA sequences found with GC-content > 0.48:
@@ CCGAAAGGACCUAAUGG 1.0
@@ CCGAUAGGACCUAAUGG 1.0
@@ CCGAUAGGACCUAGUGG 1.0
@@ GCGAUAGCACCUAGUGG 1.0
@@ GCGGUAGCACCUAGUGG 1.0
@@ GCGGUGGCACCUAGUGG 1.0
@@ GCGGUGGCACCUCGUGG 1.0
@@ GCGGAGGCACCUCGUGG 1.0
@@ GGCAAGCCAGGGAUACC 1.0
@@ GGCAAGCCAGGGACACC 1.0
@@ GGCAAACCAGGGACACC 1.0
@@ GGCAAACCAGGGGCACC 1.0
@@ GGCAAACCAGGGGUACC 1.0
@@ GGCAGACCAGGGGUACC 1.0
@@ GGCUGACCAGGGGUACC 1.0
@@ GCGACAGCGGCGGCGGC 1.0
@@ CCACCAGGACCGAUAGG 1.0
@@ CCACCAGGACCGCUAGG 1.0
@@ CCGCCAGGACCGCUAGG 1.0
@@ CCGCCAGGACCGCCAGG 1.0
@@ GCGCCAGCACCGCCAGG 1.0
@@ GCGUCAGCACCGCCAGG 1.0
@@ GCGUGAGCACCGCCAGG 1.0
@@ GCGUGAGCACCGCCGGG 1.0
@@ GCGAGAGCACCGCCGGG 1.0
@@ GGGAGACCACCGCCGGG 1.0
@@ GGGAGACCACCGCUGGG 1.0
@@ GGGACACCACCGCUGGG 1.0
@@ GGGGCACCACCGCUGGG 1.0
@@ CCACGAGGACCGCUAGG 1.0
@@ CCACGUGGACCGCUAGG 1.0
@@ GCACGUGCACCGCUAGG 1.0
@@ GCACGUGCACCGGUAGG 1.0
@@ GCUCGUGCACCGGUAGG 1.0
@@ GCUCGUGCGCCGGUAGG 1.0
@@ GCUCGUGCGGCGGUAGC 1.0
@@ GGACGACCAGGGUAACC 1.0
@@ GGACGACCAGGGUGACC 1.0
@@ GGGCGACCAGGGUGACC 1.0
@@ GCGCGAGCAGGGUGACC 1.0
@@ GCGCGGGCAGGGUGACC 1.0
@@ GCAGUCGCGCCGGGGGG 1.0
@@ GCAUUCGCGCCGGGGGG 1.0
@@ GCAUUCGCGGCGGGGGC 1.0
@@ GGGACACCAGCUACGGC 1.0
@@ GGGCCACCAGCUACGGC 1.0
@@ GGGCCACCAGCUGCGGC 1.0
@@ GGGCGACCAGCUGCGGC 1.0
@@ GCAAGCGCACCUGUUGG 1.0
@@ GCAAGCGCACCUCUUGG 1.0
@@ GCAGGCGCACCUCUUGG 1.0
@@ GGUAAGCCAGGGUCACC 1.0
@@ GGUAAGCCAGGGUGACC 1.0
@@ GGGAAGCCAGGGUGACC 1.0
@@ GCGAAGGCAGGGUGACC 1.0
@@ GCCAAGGCAGGGUGACC 1.0
@@ GGGAAACCAGGGCAACC 1.0
@@ GGGAAACCAGGGAAACC 1.0
@@ GGGAAACCAGGGGAACC 1.0
@@ GGGGAACCAGGGGAACC 1.0
@@ GGGUAACCAGGGGAACC 1.0
@@ GGGUAACCAGGGUAACC 1.0
@@ GGGUAACCAGGGUCACC 1.0
@@ GGGUCACCAGGGUCACC 1.0
@@ GGUAGACCAGCUGAUGC 1.0
@@ GGUAGACCAGCUGUUGC 1.0
@@ GGUGGACCAGCUGUUGC 1.0
@@ GGUGCACCAGCUGUUGC 1.0
@@ GGUGCUCCAGCUGUUGC 1.0
@@ GGUGCUCCAGCUGAUGC 1.0
@@ GGUGCUCCAGCUCAUGC 1.0
@@ GGUGCUCCAGCUCUUGC 1.0
@@ GGUGCUCCAGCUCGUGC 1.0
@@ CCAGACGGACCGCUAGG 1.0
@@ CCAGACGGACCGGUAGG 1.0
@@ CCAGACGGGCCGGUAGG 1.0
@@ GCAGACGCGCCGGUAGG 1.0
@@ GCAGAUGCGCCGGUAGG 1.0
@@ GCAGAUGCGCCGGUGGG 1.0
@@ GGAGAUCCGCCGGUGGG 1.0
@@ GGAGGUCCGCCGGUGGG 1.0
@@ GGAGGUCCACCGGUGGG 1.0
@@ GGAGAUCCACCGGUGGG 1.0
@@ GGAUAUCCACCGGUGGG 1.0
@@ GGAUAUCCACCGAUGGG 1.0
@@ CCAUUGGGGGCGCAAGC 1.0
@@ CCAUUUGGGGCGCAAGC 1.0
@@ CCUUUUGGGGCGCAAGC 1.0
@@ CCUUUUGGGCCGCAAGG 1.0
@@ CCUUUUGGGCCGCGAGG 1.0
@@ CCUUUUGGGCCGUGAGG 1.0
@@ GCUUUUGCGCCGUGAGG 1.0
@@ GCUUUUGCGCCGUAAGG 1.0
@@ GCUUUUGCACCGUAAGG 1.0
@@ GCUUUUGCACCGUAGGG 1.0
@@ GCUUGUGCACCGUAGGG 1.0
@@ GCUAGUGCACCGUAGGG 1.0
@@ GCUGGUGCACCGUAGGG 1.0
@@ GCUCGUGCACCGUAGGG 1.0
@@ GCUCGUGCAGCGUAGGC 1.0
@@ GCUCGUGCAGCGAAGGC 1.0
@@ GCUCGUGCAGCGAUGGC 1.0
@@ CCAAAAGGACCGCAAGG 1.0
@@ CCAACAGGACCGCAAGG 1.0
@@ CCAUCAGGACCGCAAGG 1.0
@@ CCAUCCGGACCGCAAGG 1.0
@@ CCAACCGGACCGCAAGG 1.0
@@ CCAACCGGACCGUAAGG 1.0
@@ CCGACCGGACCGUAAGG 1.0
@@ CCGACAGGACCGUAAGG 1.0
@@ CCGACAGGACCGUGAGG 1.0
@@ CCGACAGGACCGUUAGG 1.0
@@ CCGACAGGGCCGUUAGG 1.0
@@ CCGACAGGGGCGUUAGC 1.0
@@ CCGGCAGGGGCGUUAGC 1.0
@@ CCGGCAGGGGCGAUAGC 1.0
@@ CCGGCAGGGGCGACAGC 1.0
@@ CCGGCAGGGGCGAGAGC 1.0
@@ GCGGCAGCGGCGAGAGC 1.0
@@ GCGGCGGCGGCGAGAGC 1.0
@@ GCGGCGGCGGCGAGGGC 1.0
@@ CCAAACGGACCGACAGG 1.0
@@ CCAUACGGACCGACAGG 1.0
@@ GCAUACGCACCGACAGG 1.0
@@ GCAUCCGCACCGACAGG 1.0
@@ GCAUUCGCACCGACAGG 1.0
@@ GCAUUCGCACCGACGGG 1.0
@@ GCUUUCGCACCGACGGG 1.0
@@ GCUUUCGCACCUACGGG 1.0
@@ GCUGUCGCACCUACGGG 1.0
@@ GCGGUCGCACCUACGGG 1.0
@@ GCGGUGGCACCUACGGG 1.0
@@ GCGGGGGCACCUACGGG 1.0
@@ GGAAAGCCAGGGAAACC 1.0
@@ GGAAAUCCAGGGAAACC 1.0
@@ GGAAAUCCAGGGACACC 1.0
@@ GGAAAUCCAGGGAUACC 1.0
@@ GGAAACCCAGGGAUACC 1.0
@@ GGGAACCCAGGGAUACC 1.0
@@ GGGGACCCAGGGAUACC 1.0
@@ GGGGAUCCAGGGAUACC 1.0
@@ GGGGAGCCAGGGAUACC 1.0
@@ GGGGCGCCAGGGAUACC 1.0
@@ GGGGUGCCAGGGAUACC 1.0
@@ GGGUUGCCAGGGAUACC 1.0
@@ GGGUGGCCAGGGAUACC 1.0
@@ GGGUCGCCAGGGAUACC 1.0
@@ GCGUUAGCAGGGCGGCC 1.0
@@ GCGUUAGCAGGGCUGCC 1.0
@@ GCGUUAGCAGGGCUACC 1.0
@@ GCGUUGGCAGGGCUACC 1.0
@@ GCGUCGGCAGGGCUACC 1.0
@@ GCGUCGGCAGGGCAACC 1.0
@@ GCGGCGGCAGGGCAACC 1.0
@@ GGAAAGCCAGGGAUGCC 1.0
@@ GGAAUGCCAGGGAUGCC 1.0
@@ GGACUGCCAGGGAUGCC 1.0
@@ GGACUUCCAGGGAUGCC 1.0
@@ GGACUUCCAGGGAUACC 1.0
@@ GGACAUCCAGGGAUACC 1.0
@@ GGGCAUCCAGGGAUACC 1.0
@@ GGGCAACCAGGGAUACC 1.0
@@ GGGCAACCAGGGCUACC 1.0
@@ GGGUAACCAGGGCUACC 1.0
@@ GGGUAACCAGGGCCACC 1.0
@@ GCAUAGGCACCGCGAGG 1.0
@@ GCAGAGGCACCGCGAGG 1.0
@@ GCAGAGGCACCGCUAGG 1.0
@@ GCAUAGGCACCGCUAGG 1.0
@@ GCGUAGGCACCGCUAGG 1.0
@@ GCGUAGGCACCGCUGGG 1.0
@@ GCGUAGGCGCCGCUGGG 1.0
@@ CCGAAAGGACCGACAGG 1.0
@@ CCGAGAGGACCGACAGG 1.0
@@ CCGAGGGGACCGACAGG 1.0
@@ GCGAGGGCACCGACAGG 1.0
@@ GCGAGGGCACCGUCAGG 1.0
@@ GCGAGGGCACCGUGAGG 1.0
@@ GCGAGGGCACCGUGGGG 1.0
@@ CCAGAAGGACCGCAAGG 1.0
@@ CCAGAUGGACCGCAAGG 1.0
@@ CCAGUUGGACCGCAAGG 1.0
@@ CCUGUUGGACCGCAAGG 1.0
@@ GCUGUUGCACCGCAAGG 1.0
@@ GCUGCUGCACCGCAAGG 1.0
@@ GCUCCUGCACCGCAAGG 1.0
@@ GCUCCUGCACCGCGAGG 1.0
@@ GCAGAUGCACCGAUAGG 1.0
@@ GCAGCUGCACCGAUAGG 1.0
@@ GCAACUGCACCGAUAGG 1.0
@@ GCAACUGCACCGAAAGG 1.0
@@ GCAACCGCACCGAAAGG 1.0
@@ GCAAUCGCACCGAAAGG 1.0
@@ GCUAUCGCACCGAAAGG 1.0
@@ GCUAUCGCACCGAGAGG 1.0
@@ GCUAUCGCACCGUGAGG 1.0
@@ GCGAUCGCACCGUGAGG 1.0
@@ GCGAUAGCACCGUGAGG 1.0
@@ GCGAGAGCACCGUGAGG 1.0
@@ GGGAGACCACCGUGAGG 1.0
@@ GGGAGACCACCGGGAGG 1.0
@@ GGGACACCACCGGGAGG 1.0
@@ GGGACACCACCGGUAGG 1.0
@@ GGGUCACCACCGGUAGG 1.0
@@ GGGUGACCACCGGUAGG 1.0
@@ GGGUGACCACCGGUGGG 1.0
@@ GGGUUACCACCGGUGGG 1.0
@@ GCGCUGGCACCCGAGGG 1.0
@@ GCGCUGGCACCCAAGGG 1.0
@@ GGACGACCAGCGCAAGC 1.0
@@ GGACGACCAGCGCGAGC 1.0
@@ GGACGACCAGCGCUAGC 1.0
@@ GGACGACCAGGGCUACC 1.0
@@ GCACGAGCAGGGCUACC 1.0
@@ GGAAACCCAGGGUAACC 1.0
@@ GCACUAGCACCGUAAGG 1.0
@@ GCACGAGCACCGUAAGG 1.0
@@ GCACGAGCAGCGUAAGC 1.0
@@ GCACGAGCAGCGUAGGC 1.0
@@ GCACGAGCAGCGUUGGC 1.0
@@ GCACGGGCAGCGUUGGC 1.0
@@ GCACGUGCAGCGUUGGC 1.0
@@ GCUCGUGCAGCGUUGGC 1.0
@@ GCUCGUGCAGCGUCGGC 1.0
@@ GCUCGUGCAGCCUCGGC 1.0
@@ GCUCGUGCACCCUCGGG 1.0
@@ CCGAAUGGACCGACAGG 1.0
@@ CCGAUUGGACCGACAGG 1.0
@@ CCGUUUGGACCGACAGG 1.0
@@ CCGUUAGGACCGACAGG 1.0
@@ CCGUUAGGAGCGACAGC 1.0
@@ CCGUUAGGGGCGACAGC 1.0
@@ GCGUUAGCGGCGACAGC 1.0
@@ GCGUUAGCGGCGUCAGC 1.0
@@ GCGUUAGCGGCGGCAGC 1.0
@@ GCGUUAGCGGCGGCGGC 1.0
@@ GCGUGAGCGGCGGCGGC 1.0
@@ GGAUGACCAGGGACACC 1.0
@@ GGUUGACCAGGGACACC 1.0
@@ GGUUGGCCAGGGACACC 1.0
@@ CCAGUUGGACCGAAAGG 1.0
@@ CCAGUUGGACCGAGAGG 1.0
@@ GCAGUUGCACCGAGAGG 1.0
@@ GCAGUCGCACCGAGAGG 1.0
@@ GCAGUCGCACCGAUAGG 1.0
@@ GCAGUCGCACCGAUGGG 1.0
@@ GCAAUCGCACCGAUGGG 1.0
@@ GCAAUCGCACCGGUGGG 1.0
@@ GGGACACCAGGGCGACC 1.0
@@ GGGACACCAGGGCUACC 1.0
@@ GGGACACCAGGGUUACC 1.0
@@ GGGACACCAGGGUUGCC 1.0
@@ GGGACACCAGCGUUGGC 1.0
@@ GGGAGACCAGCGUUGGC 1.0
@@ GGGAGACCAGCGAUGGC 1.0
@@ GGGCGACCAGCGAUGGC 1.0
@@ GGGCGACCACCGAUGGG 1.0
@@ GGGUGACCACCGAUGGG 1.0
@@ GGGGGACCACCGGUGGG 1.0
@@ GGGGGACCACCGUUGGG 1.0
@@ GGGGGACCACCGUGGGG 1.0
@@ GCGCAAGCACCUCAGGG 1.0
@@ GCGUAAGCACCUCAGGG 1.0
@@ GCGAAAGCACCUCAGGG 1.0
@@ GCGAAAGCACCCCAGGG 1.0
@@ GCGAAAGCACCCAAGGG 1.0
@@ GCGACAGCACCCAAGGG 1.0
@@ GCGGCAGCACCCAAGGG 1.0
@@ GCGGAAGCACCCAAGGG 1.0
@@ GCGGAGGCACCCAAGGG 1.0
@@ GCGGAGGCACCGAAGGG 1.0
@@ GCGGCGGCACCGAAGGG 1.0
@@ GCUGCGGCACCGAAGGG 1.0
@@ GCUGCGGCACCGACGGG 1.0
@@ GCUGCGGCACCGUCGGG 1.0
@@ GCUGCGGCACCCUCGGG 1.0
@@ GCUCCGGCACCCUCGGG 1.0
@@ GCACGUGCGGCGGGGGC 1.0
@@ GGGACACCAGGGACACC 1.0
@@ GGGCCACCAGGGACACC 1.0
@@ GGGCCACCAGGGACGCC 1.0
@@ CCGUCGGGACCGUGAGG 1.0
@@ GCGUCGGCACCGUGAGG 1.0
@@ GCGUCGGCACCGAGAGG 1.0
@@ CCGACAGGACCGAAAGG 1.0
@@ CCGACAGGACCGAAGGG 1.0
@@ GCGACAGCACCGAAGGG 1.0
@@ GCGCCAGCACCGAAGGG 1.0
@@ GCGCCAGCACCGAGGGG 1.0
@@ GCGCCAGCACCGAUGGG 1.0
@@ GGGCCACCACCGAUGGG 1.0
@@ GGGCCACCACCGUUGGG 1.0
@@ GGGCGACCACCGUUGGG 1.0
@@ CCGAUAGGACCGAGAGG 1.0
@@ CCGAUGGGACCGAGAGG 1.0
@@ CCGAUGGGACCGUGAGG 1.0
@@ CCGAGGGGACCGUGAGG 1.0
@@ CCGUGGGGACCGUGAGG 1.0
@@ CCGUCGGGGCCGUGAGG 1.0
@@ CCGCGAGGACCUACUGG 1.0
@@ CCGCGAGGACCUACGGG 1.0
@@ CCGCGAGGGCCUACGGG 1.0
@@ GCGCGAGCGCCUACGGG 1.0
@@ GCGCGGGCGCCUACGGG 1.0
@@ GCGCGGGCGGCUACGGC 1.0
@@ GCAAGAGCACCGCCGGG 1.0
@@ GCAUGAGCACCGCCGGG 1.0
@@ GCACGAGCACCGCCGGG 1.0
@@ GCACGCGCACCGCCGGG 1.0
@@ GGAGUGCCGCCGCCAGG 1.0
@@ GGAGUGCCACCGCCAGG 1.0
@@ GGAGUGCCACCGCCGGG 1.0
@@ GGAGUGCCACCGCGGGG 1.0
@@ GGAUUGCCACCGCGGGG 1.0
@@ GGGUUGCCACCGCGGGG 1.0
@@ GGGUUGCCACCGCAGGG 1.0
@@ CCAGAUGGGGCCAAGGC 1.0
@@ CCACAUGGGGCCAAGGC 1.0
@@ CCACGUGGGGCCAAGGC 1.0
@@ CCUCGUGGGGCCAAGGC 1.0
@@ CCUAGUGGGGCCAAGGC 1.0
@@ CCUAGUGGGCCCAAGGG 1.0
@@ GCUAGUGCGCCCAAGGG 1.0
@@ GCUGGUGCGCCCAAGGG 1.0
@@ GCUGGUGCACCCAAGGG 1.0
@@ GCUUAGGCAGGGAAACC 1.0
@@ GCCUAGGCAGGGAAACC 1.0
@@ GCCUAGGCAGGGAUACC 1.0
@@ GCCUAGGCAGGGACACC 1.0
@@ GCCUCGGCAGGGACACC 1.0
@@ GCCUCGGCAGGGUCACC 1.0
@@ GCCUCGGCAGGGUAACC 1.0
@@ GCCUCGGCAGGGUGACC 1.0
@@ GGAGAUCCAGGGUAACC 1.0
@@ GGAUAUCCAGGGUAACC 1.0
@@ GGGUAUCCAGGGUAACC 1.0
@@ GGGUAUCCAGGGUGACC 1.0
@@ GGGUAACCAGGGUGACC 1.0
@@ GGGGAACCAGGGUGACC 1.0
@@ GGGGAACCAGGGGGACC 1.0
@@ GGGGCACCAGGGGGACC 1.0
@@ GGGGCACCAGGGGUACC 1.0
@@ GGGGGACCAGGGGUACC 1.0
@@ GGAAAACCAGGGAAACC 1.0
@@ GGAACUCCAGGGAAACC 1.0
@@ GGAAUUCCAGGGAAACC 1.0
@@ GGUAUUCCAGGGAAACC 1.0
@@ GGUAUUCCAGGGAGACC 1.0
@@ GCUAUUGCAGGGAGACC 1.0
@@ GCUAUUGCAGCGAGAGC 1.0
@@ GCUAUUGCAGCGAGGGC 1.0
@@ GCUAUUGCAGCGCGGGC 1.0
@@ GCUAUUGCAGCGCUGGC 1.0
@@ GCUAUUGCAGCGUUGGC 1.0
@@ GCUAUUGCAGCGUUAGC 1.0


Elapsed time:                   86400.01420116425 secs.
Number of function evaluations: 107569517
----------------------------------------------------------------------


---------------------------------------
 FINISHED SUCCESSFULLY 
---------------------------------------
