
-----------------------------------------------------------------------
   _____ _____  ______ ______ _____             _____  _   _           
  / ____|  __ \|  ____|  ____|  __ \           |  __ \| \ | |   /\     
 | |  __| |__) | |__  | |__  | |  | |  ______  | |__) |  \| |  /  \    
 | | |_ |  _  /|  __| |  __| | |  | | |______| |  _  /| . ` | / /\ \   
 | |__| | | \ \| |____| |____| |__| |          | | \ \| |\  |/ ____ \  
  \_____|_|  \_\______|______|_____/           |_|  \_\_| \_/_/    \_\ 
       
                                       -- A. Rubio-Largo et al. 2023
-----------------------------------------------------------------------

------------------------------------------------------------------------------------------------------------------
CONFIGURATION: 

 * TARGET:           (((((.....))..((.........)))))
 * STOPPING:         86400 secs.
 * SEED:             4
 * NO. OF SOLUTIONS: 1
 * max. GC-cont.:    0.48
 * MODEL:            TURNER2004
 * MUTATION PROB:    0.01
 * STAGNATION LIMIT: 50
------------------------------------------------------------------------------------------------------------------


 (1) Let's minimize the base-pair distance between predicted and target structures
    -> Min(Base-pair distance), min(Hamming distance), max(probability over ensemble), min(partition function), min(ensemble defect), min(%GC-content)


	 ->['CCCCCAAAAAGGAACCAAAAAAAAAGGGGG', '(((((....................)))))', 0.2, -6.417993594099236e-05, -7.5498, 0.2717, 1.0, 0.1333]
	 ->['GCCCCAAAAAGGAACCAAAAAAAAAGGGGC', '(((((....................)))))', 0.2, -6.742629589717356e-05, -7.6194, 0.2675, 1.0, 0.1333]
	 ->['GGCCCAAAAAGGAACGAAAAAAAAACGGCC', '((((......................))))', 0.1667, -0.0035880005151108984, -3.87, 0.2678, 1.0, 0.2]


    -> Found sequence! Elapsed time:                   0.0264432430267334 secs.


 (2) We found a sequence that folds exactly like the target structure. Let's minimize the GC-content
    -> ORDER: Min(Base-pair distance), min(Hamming distance), min(GC-content), min(partition function), min(ensemble defect), max(probability over ensemble))


	 >>> Resetting the solution to avoid local optima.
	 ->['CCCCCAAAAAGGAACCAAAAAAAAAGGGGG', '(((((....................)))))', 0.2, -6.417993594099236e-05, -7.5498, 0.2717, 1.0, 0.1333]
	 >>> Resetting the solution to avoid local optima.
	 ->['CCCCCAAAAAGGAACCAAAAAAAAAGGGGG', '(((((....................)))))', 0.2, -6.417993594099236e-05, -7.5498, 0.2717, 1.0, 0.1333]
	 ->['CUCCCAAAAAGGAACCAAAAAAAAAGGGAG', '(((((....................)))))', 0.2, -6.327377280968341e-05, -5.4586, 0.2706, 0.8, 0.1333]
	 >>> Resetting the solution to avoid local optima.
	 ->['GGGGGAAAAACCAAGGAAAAAAAAACCCCC', '(((((....................)))))', 0.2, -2.1693530809066878e-05, -7.2184, 0.2892, 1.0, 0.1333]
	 ->['GGGGGAAAAACCAAGGAAUAAAAAACCCCC', '(((((....................)))))', 0.2, -2.13791047754619e-05, -7.2274, 0.29, 1.0, 0.1333]
	 >>> Resetting the solution to avoid local optima.
	 ->['GGGGGAAAAACCAAGGAAAAAAAAACCCCC', '(((((....................)))))', 0.2, -2.1693530809066878e-05, -7.2184, 0.2892, 1.0, 0.1333]
	 ->['AGGGGGAAAUCCGAGGAAAUUCACACUCCU', '(((((....................)))))', 0.2, -3.493922685378534e-06, -5.2438, 0.4817, 0.6, 0.1333]
	 >>> Resetting the solution to avoid local optima.
	 ->['GGGGGAAAAACCAAGGAAAAAAAAACCCCC', '(((((....................)))))', 0.2, -2.1693530809066878e-05, -7.2184, 0.2892, 1.0, 0.1333]
	 ->['GGGGGAAAAACCGAGGGAAGACAAACCCCC', '(((((....................)))))', 0.2, -0.00012460817054852705, -7.7409, 0.3209, 1.0, 0.1333]
	 >>> Resetting the solution to avoid local optima.
	 ->['GGGGGAAAAACCAAGGAAAAAAAAACCCCC', '(((((....................)))))', 0.2, -2.1693530809066878e-05, -7.2184, 0.2892, 1.0, 0.1333]
	 >>> Resetting the solution to avoid local optima.
	 ->['GGGGGAAAAACCAAGGAAAAAAAAACCCCC', '(((((....................)))))', 0.2, -2.1693530809066878e-05, -7.2184, 0.2892, 1.0, 0.1333]
	 ->['AUGAGGGACACUAAGGAAGCCACUACUCAU', '(((((....................)))))', 0.2, -2.0458272496930224e-07, -3.5928, 0.3953, 0.4, 0.1333]
	 >>> Resetting the solution to avoid local optima.
	 ->['GGGGGAAAAACCAAGGAAAAAAAAACCCCC', '(((((....................)))))', 0.2, -2.1693530809066878e-05, -7.2184, 0.2892, 1.0, 0.1333]
	 ->['GGGGGAUAUGCCAAGGAAUAGAAAGCCCCC', '(((((....................)))))', 0.2, -9.403772481399297e-06, -8.1335, 0.3766, 1.0, 0.1333]
	 >>> Resetting the solution to avoid local optima.
	 ->['GGGGGAAAAACCAAGGAAAAAAAAACCCCC', '(((((....................)))))', 0.2, -2.1693530809066878e-05, -7.2184, 0.2892, 1.0, 0.1333]
	 ->['GUAGGACAUACCAAAGAGAAGAAGCCUUAC', '(((((....................)))))', 0.2, -1.7692462190279334e-05, -1.744, 0.3948, 0.4, 0.1333]
	 >>> Resetting the solution to avoid local optima.
	 ->['CCCCCAAAAAGGAACCAAAAAAAAAGGGGG', '(((((....................)))))', 0.2, -6.417993594099236e-05, -7.5498, 0.2717, 1.0, 0.1333]
	 ->['GUAUCGUACAGAACUCGCCGGAUGAGAUAC', '(((((....................)))))', 0.2, -9.74858064151775e-07, -3.4305, 0.442, 0.4, 0.1333]
	 >>> Resetting the solution to avoid local optima.
	 ->['CCCCCAAAAAGGAACCAAAAAAAAAGGGGG', '(((((....................)))))', 0.2, -6.417993594099236e-05, -7.5498, 0.2717, 1.0, 0.1333]
	 ->['CACCCAAAAAGGAGCCAAUAAAAAAGGGUG', '(((((....................)))))', 0.2, -4.388022084411354e-05, -5.2842, 0.2728, 0.8, 0.1333]
	 >>> Resetting the solution to avoid local optima.
	 ->['CCCCCAAAAAGGAACCAAAAAAAAAGGGGG', '(((((....................)))))', 0.2, -6.417993594099236e-05, -7.5498, 0.2717, 1.0, 0.1333]
	 ->['GCAUCGAAAGGGAACCGUUACAGGAGGUGU', '(((((....................)))))', 0.2, -4.7068989091405075e-06, -3.4601, 0.3627, 0.4, 0.1333]
	 >>> Resetting the solution to avoid local optima.
	 ->['GGGGGAAAAACCAAGGAAAAAAAAACCCCC', '(((((....................)))))', 0.2, -2.1693530809066878e-05, -7.2184, 0.2892, 1.0, 0.1333]
	 ->['GGGGGCUACACCUAGAGAAAGACAAUCCCC', '(((((....................)))))', 0.2, -5.316266794156118e-05, -5.4659, 0.3826, 0.8, 0.1333]
	 >>> Resetting the solution to avoid local optima.
	 ->['GGGGGAAAAACCAAGGAAAAAAAAACCCCC', '(((((....................)))))', 0.2, -2.1693530809066878e-05, -7.2184, 0.2892, 1.0, 0.1333]
	 ->['GGGGGAAAAACCAAGGAAUAAAAGACCCCC', '(((((....................)))))', 0.2, -2.1325166066223534e-05, -7.2289, 0.29, 1.0, 0.1333]
	 >>> Resetting the solution to avoid local optima.
	 ->['CCCCCAAAAAGGAACCAAAAAAAAAGGGGG', '(((((....................)))))', 0.2, -6.417993594099236e-05, -7.5498, 0.2717, 1.0, 0.1333]
	 ->['AUGCCAUGAAGGAACCCGUAAGAAAGGUAU', '(((((....................)))))', 0.2, -8.947841278123713e-07, -3.0833, 0.3555, 0.4, 0.1333]
	 ->['CUGCCGUAUAGGAUACCGUCUCAAAGUUGG', '...((.....))..................', 0.1667, -4.1505704135498163e-07, -2.4567, 0.4869, 1.0, 0.3333]
	 >>> Resetting the solution to avoid local optima.
	 ->['GGGGGAAAAACCAAGGAAAAAAAAACCCCC', '(((((....................)))))', 0.2, -2.1693530809066878e-05, -7.2184, 0.2892, 1.0, 0.1333]
	 ->['GGGGGAAAUACCAAGGAAAAAACAACCCCC', '(((((....................)))))', 0.2, -2.0875737383177663e-05, -7.242, 0.291, 1.0, 0.1333]
	 >>> Resetting the solution to avoid local optima.
	 ->['GGGGGAAAAACCAAGGAAAAAAAAACCCCC', '(((((....................)))))', 0.2, -2.1693530809066878e-05, -7.2184, 0.2892, 1.0, 0.1333]
	 ->['AGGGGAAAUGCCAAGGUGAUAAGAACCCCU', '(((((....................)))))', 0.2, -6.934066072544395e-06, -6.4213, 0.3622, 0.8, 0.1333]
	 >>> Resetting the solution to avoid local optima.
	 ->['GGGGGAAAAACCAAGGAAAAAAAAACCCCC', '(((((....................)))))', 0.2, -2.1693530809066878e-05, -7.2184, 0.2892, 1.0, 0.1333]
	 >>> Resetting the solution to avoid local optima.
	 ->['CCCCCAAAAAGGAACCAAAAAAAAAGGGGG', '(((((....................)))))', 0.2, -6.417993594099236e-05, -7.5498, 0.2717, 1.0, 0.1333]
	 ->['CCGCUAUAGAAGAACCCAAAUAAAAGGUGG', '(((((....................)))))', 0.2, -4.766177969493219e-06, -2.9524, 0.3127, 0.6, 0.1333]
	 >>> Resetting the solution to avoid local optima.
	 ->['CCCCCAAAAAGGAACCAAAAAAAAAGGGGG', '(((((....................)))))', 0.2, -6.417993594099236e-05, -7.5498, 0.2717, 1.0, 0.1333]
	 >>> Resetting the solution to avoid local optima.
	 ->['GGGGGAAAAACCAAGGAAAAAAAAACCCCC', '(((((....................)))))', 0.2, -2.1693530809066878e-05, -7.2184, 0.2892, 1.0, 0.1333]
	 >>> Resetting the solution to avoid local optima.
	 ->['CCCCCAAAAAGGAACCAAAAAAAAAGGGGG', '(((((....................)))))', 0.2, -6.417993594099236e-05, -7.5498, 0.2717, 1.0, 0.1333]
	 >>> Resetting the solution to avoid local optima.
	 ->['CCCCCAAAAAGGAACCAAAAAAAAAGGGGG', '(((((....................)))))', 0.2, -6.417993594099236e-05, -7.5498, 0.2717, 1.0, 0.1333]
	 ->['CCCCCAAAAAGGAACCAAAGAAAAAGGGGG', '(((((....................)))))', 0.2, -6.408992654350943e-05, -7.5507, 0.2718, 1.0, 0.1333]
	 ->['CCCGCAAGAAGUAACCUAAGGCAUAGGGGG', '(((.(....................).)))', 0.1667, -0.00030447440536990816, -4.6903, 0.4068, 1.0, 0.2]
	 >>> Resetting the solution to avoid local optima.
	 ->['GGGGGAAAAACCAAGGAAAAAAAAACCCCC', '(((((....................)))))', 0.2, -2.1693530809066878e-05, -7.2184, 0.2892, 1.0, 0.1333]
	 ->['GUGGGACCACCCAAGGACUCUCUGACCCAC', '(((((....................)))))', 0.2, -5.293068444203454e-06, -6.1878, 0.4262, 0.8, 0.1333]
	 >>> Resetting the solution to avoid local optima.
	 ->['GGGGGAAAAACCAAGGAAAAAAAAACCCCC', '(((((....................)))))', 0.2, -2.1693530809066878e-05, -7.2184, 0.2892, 1.0, 0.1333]
	 ->['GGGGGAAUUGCCGAGGACUUUCAGACUCCC', '(((((....................)))))', 0.2, -2.5263259784198295e-05, -5.5245, 0.5, 0.8, 0.1333]
	 ->['GGGGGAAUUGCCGAUGACUUUCAGACGCCC', '(((.(....................).)))', 0.1667, -4.005102225756911e-05, -4.3405, 0.5051, 1.0, 0.2]
	 ->['GGGGGAAUUGCCGAUGUCUUUCAGACGCCC', '(((((.....))...((((...)))).)))', 0.1333, -3.1150069608793452e-06, -5.9145, 0.4735, 0.7778, 0.2667]
	 ->['GGGGGAAUUGCCGAUGUCAUUCAGACGCCC', '(((((.....))...(((.....))).)))', 0.1, -6.257849642937298e-06, -5.4846, 0.4455, 0.875, 0.2]
	 >>> Resetting the solution to avoid local optima.
	 ->['CCCCCAAAAAGGAACCAAAAAAAAAGGGGG', '(((((....................)))))', 0.2, -6.417993594099236e-05, -7.5498, 0.2717, 1.0, 0.1333]
	 >>> Resetting the solution to avoid local optima.
	 ->['CCCCCAAAAAGGAACCAAAAAAAAAGGGGG', '(((((....................)))))', 0.2, -6.417993594099236e-05, -7.5498, 0.2717, 1.0, 0.1333]
	 ->['CCCCCAAAAAGGGACCUAAUGAAAAGGGGG', '(((((....................)))))', 0.2, -1.7629703466169255e-05, -7.8462, 0.3048, 1.0, 0.1333]
	 >>> Resetting the solution to avoid local optima.
	 ->['CCCCCAAAAAGGAACCAAAAAAAAAGGGGG', '(((((....................)))))', 0.2, -6.417993594099236e-05, -7.5498, 0.2717, 1.0, 0.1333]
	 >>> Resetting the solution to avoid local optima.
	 ->['GGGGGAAAAACCAAGGAAAAAAAAACCCCC', '(((((....................)))))', 0.2, -2.1693530809066878e-05, -7.2184, 0.2892, 1.0, 0.1333]
	 ->['GUAGGCAAACCCAAGGUACGAUUCACCUGC', '(((((....................)))))', 0.2, -2.5270368864568606e-06, -4.1434, 0.388, 0.6, 0.1333]
	 ->['GUAGGUUACCCCAAGUGAAGACUCGACUGC', '((((......................))))', 0.1667, -1.8315783251884222e-05, -2.5227, 0.4979, 0.5, 0.2]
	 >>> Resetting the solution to avoid local optima.
	 ->['CCCCCAAAAAGGAACCAAAAAAAAAGGGGG', '(((((....................)))))', 0.2, -6.417993594099236e-05, -7.5498, 0.2717, 1.0, 0.1333]
	 >>> Resetting the solution to avoid local optima.
	 ->['CCCCCAAAAAGGAACCAAAAAAAAAGGGGG', '(((((....................)))))', 0.2, -6.417993594099236e-05, -7.5498, 0.2717, 1.0, 0.1333]
	 ->['CCCCCAAAAAGGAACCAAAAAAAAAGGGGG', '(((((....................)))))', 0.2, -6.417993594099236e-05, -7.5498, 0.2717, 1.0, 0.1333]
	 ->['CCCGCAGGCCGCAUCCAUCUCGAAAGGGGG', '(((.(....................).)))', 0.1667, -0.01818936238746297, -4.6695, 0.4328, 1.0, 0.2]
	 >>> Resetting the solution to avoid local optima.
	 ->['GGGGGAAAAACCAAGGAAAAAAAAACCCCC', '(((((....................)))))', 0.2, -2.1693530809066878e-05, -7.2184, 0.2892, 1.0, 0.1333]
	 ->['UGAGGGCAAGCCACAGUGAGAUUAACUUCA', '(((((....................)))))', 0.2, -3.35011809084494e-06, -3.8697, 0.4199, 0.4, 0.1333]
	 ->['CGAGGGCAAGCCAUAGUGAGACUAACUUUG', '...((.....))..................', 0.1667, -2.149257749560447e-06, -2.7432, 0.4279, 1.0, 0.3333]
	 >>> Resetting the solution to avoid local optima.
	 ->['GGGGGAAAAACCAAGGAAAAAAAAACCCCC', '(((((....................)))))', 0.2, -2.1693530809066878e-05, -7.2184, 0.2892, 1.0, 0.1333]
	 >>> Resetting the solution to avoid local optima.
	 ->['CCCCCAAAAAGGAACCAAAAAAAAAGGGGG', '(((((....................)))))', 0.2, -6.417993594099236e-05, -7.5498, 0.2717, 1.0, 0.1333]
	 >>> Resetting the solution to avoid local optima.
	 ->['CCCCCAAAAAGGAACCAAAAAAAAAGGGGG', '(((((....................)))))', 0.2, -6.417993594099236e-05, -7.5498, 0.2717, 1.0, 0.1333]
	 ->['CCCCCAACAAGGAACCAAAAAAAAAGGGGG', '(((((....................)))))', 0.2, -6.416382235754187e-05, -7.55, 0.2717, 1.0, 0.1333]
	 ->['GCCGCAUAAAGUAACCAUUAGCAGAGGGGU', '(((.(....................).)))', 0.1667, -0.0015021520708234219, -2.9066, 0.3989, 0.75, 0.2]
	 >>> Resetting the solution to avoid local optima.
	 ->['GGGGGAAAAACCAAGGAAAAAAAAACCCCC', '(((((....................)))))', 0.2, -2.1693530809066878e-05, -7.2184, 0.2892, 1.0, 0.1333]
	 ->['UGAGGAAUUACCAGGCUAUUAAGACGCUCA', '((((......................))))', 0.1667, -0.0004023675811420209, -2.3185, 0.3694, 0.5, 0.2]
	 >>> Resetting the solution to avoid local optima.
	 ->['GGGGGAAAAACCAAGGAAAAAAAAACCCCC', '(((((....................)))))', 0.2, -2.1693530809066878e-05, -7.2184, 0.2892, 1.0, 0.1333]
	 ->['AGGGGAAUCACCAAGGAGAAAACAGCCCCU', '(((((....................)))))', 0.2, -5.304583788569506e-06, -6.5864, 0.35, 0.8, 0.1333]
	 >>> Resetting the solution to avoid local optima.
	 ->['CCCCCAAAAAGGAACCAAAAAAAAAGGGGG', '(((((....................)))))', 0.2, -6.417993594099236e-05, -7.5498, 0.2717, 1.0, 0.1333]
	 ->['UAUCCAAUAAGGGCCCACAUUCAUAGGAUA', '(((((....................)))))', 0.2, -4.449125180457977e-06, -3.5948, 0.4353, 0.4, 0.1333]
	 >>> Resetting the solution to avoid local optima.
	 ->['CCCCCAAAAAGGAACCAAAAAAAAAGGGGG', '(((((....................)))))', 0.2, -6.417993594099236e-05, -7.5498, 0.2717, 1.0, 0.1333]
	 ->['GUACUAUAGAGGCUCUAACAAGAUAGGUAC', '(((((....................)))))', 0.2, -2.3405838594486553e-08, -2.7289, 0.4664, 0.4, 0.1333]
	 >>> Resetting the solution to avoid local optima.
	 ->['GGGGGAAAAACCAAGGAAAAAAAAACCCCC', '(((((....................)))))', 0.2, -2.1693530809066878e-05, -7.2184, 0.2892, 1.0, 0.1333]
	 ->['UGGGGAAAAACCAAGGAAAAAAAAACCCCA', '(((((....................)))))', 0.2, -1.3526926084569479e-05, -5.8095, 0.2852, 0.8, 0.1333]
	 ->['UCAGGACGUACCGAGUGACACUGUAACUGA', '((((......................))))', 0.1667, -1.926668613249767e-05, -2.9915, 0.4864, 0.5, 0.2]
	 >>> Resetting the solution to avoid local optima.
	 ->['CCCCCAAAAAGGAACCAAAAAAAAAGGGGG', '(((((....................)))))', 0.2, -6.417993594099236e-05, -7.5498, 0.2717, 1.0, 0.1333]
	 ->['CGACCGCCUAGGAACCAUAACGACAGGUUG', '(((((....................)))))', 0.2, -4.72081312133188e-06, -4.2583, 0.3205, 0.6, 0.1333]
	 >>> Resetting the solution to avoid local optima.
	 ->['CCCCCAAAAAGGAACCAAAAAAAAAGGGGG', '(((((....................)))))', 0.2, -6.417993594099236e-05, -7.5498, 0.2717, 1.0, 0.1333]
	 ->['CCCCCAAAAAGGAACCAAUUAAAAAGGGGG', '(((((....................)))))', 0.2, -5.0981387384097326e-05, -7.6917, 0.2927, 1.0, 0.1333]
	 >>> Resetting the solution to avoid local optima.
	 ->['CCCCCAAAAAGGAACCAAAAAAAAAGGGGG', '(((((....................)))))', 0.2, -6.417993594099236e-05, -7.5498, 0.2717, 1.0, 0.1333]
	 ->['UCUCCAAUAUGGAACCGAUUAGUGAGGAGA', '(((((....................)))))', 0.2, -1.4876407059321156e-05, -5.3509, 0.4266, 0.6, 0.1333]
	 ->['UGUCCAAUGUGGAGCCGAUAAGUUAGGAUA', '..((((...)))).((.........))...', 0.1667, -5.711609811813105e-06, -4.0408, 0.4316, 0.6667, 0.2667]
	 >>> Resetting the solution to avoid local optima.
	 ->['CCCCCAAAAAGGAACCAAAAAAAAAGGGGG', '(((((....................)))))', 0.2, -6.417993594099236e-05, -7.5498, 0.2717, 1.0, 0.1333]
	 >>> Resetting the solution to avoid local optima.
	 ->['GGGGGAAAAACCAAGGAAAAAAAAACCCCC', '(((((....................)))))', 0.2, -2.1693530809066878e-05, -7.2184, 0.2892, 1.0, 0.1333]
	 ->['AGGGGAAGAACUACAGAGACUACAACUCCU', '(((((....................)))))', 0.2, -1.3206142507400552e-06, -3.1434, 0.3514, 0.6, 0.1333]
	 >>> Resetting the solution to avoid local optima.
	 ->['CCCCCAAAAAGGAACCAAAAAAAAAGGGGG', '(((((....................)))))', 0.2, -6.417993594099236e-05, -7.5498, 0.2717, 1.0, 0.1333]
	 ->['GCCCCGAAGAGGCACCAAAAACAUAGGGGC', '(((((....................)))))', 0.2, -1.515635680134252e-05, -8.5394, 0.2781, 1.0, 0.1333]
	 >>> Resetting the solution to avoid local optima.
	 ->['CCCCCAAAAAGGAACCAAAAAAAAAGGGGG', '(((((....................)))))', 0.2, -6.417993594099236e-05, -7.5498, 0.2717, 1.0, 0.1333]
	 >>> Resetting the solution to avoid local optima.
	 ->['GGGGGAAAAACCAAGGAAAAAAAAACCCCC', '(((((....................)))))', 0.2, -2.1693530809066878e-05, -7.2184, 0.2892, 1.0, 0.1333]
	 ->['GUAGGACGACCCAAGGAAAAAAACACCUGC', '(((((....................)))))', 0.2, -5.668458688297634e-05, -3.0264, 0.2771, 0.6, 0.1333]
	 >>> Resetting the solution to avoid local optima.
	 ->['CCCCCAAAAAGGAACCAAAAAAAAAGGGGG', '(((((....................)))))', 0.2, -6.417993594099236e-05, -7.5498, 0.2717, 1.0, 0.1333]
	 ->['GCAUCGCAGAGGUACCAUUUAUAUAGGUGU', '(((((....................)))))', 0.2, -2.3937195470591995e-06, -3.2768, 0.4046, 0.4, 0.1333]
	 ->['GCAGGGAUGACCUACCAUUUUUAUAGGUGU', '..(((.....)))(((.........)))..', 0.1667, -3.6614471056587195e-05, -4.6958, 0.4364, 0.6667, 0.2]
	 >>> Resetting the solution to avoid local optima.
	 ->['CCCCCAAAAAGGAACCAAAAAAAAAGGGGG', '(((((....................)))))', 0.2, -6.417993594099236e-05, -7.5498, 0.2717, 1.0, 0.1333]
	 ->['GACCCAAAAAGGAACCAAAAUAAAAGGGUU', '(((((....................)))))', 0.2, -4.4143438661935044e-05, -4.1805, 0.2876, 0.6, 0.1333]
	 >>> Resetting the solution to avoid local optima.
	 ->['CCCCCAAAAAGGAACCAAAAAAAAAGGGGG', '(((((....................)))))', 0.2, -6.417993594099236e-05, -7.5498, 0.2717, 1.0, 0.1333]
	 >>> Resetting the solution to avoid local optima.
	 ->['CCCCCAAAAAGGAACCAAAAAAAAAGGGGG', '(((((....................)))))', 0.2, -6.417993594099236e-05, -7.5498, 0.2717, 1.0, 0.1333]
	 >>> Resetting the solution to avoid local optima.
	 ->['CCCCCAAAAAGGAACCAAAAAAAAAGGGGG', '(((((....................)))))', 0.2, -6.417993594099236e-05, -7.5498, 0.2717, 1.0, 0.1333]
	 ->['UCCCCAACGAGGGACCAAAAAAAAAGGGGA', '(((((....................)))))', 0.2, -3.527783951568301e-05, -6.5187, 0.3082, 0.8, 0.1333]
	 >>> Resetting the solution to avoid local optima.
	 ->['GGGGGAAAAACCAAGGAAAAAAAAACCCCC', '(((((....................)))))', 0.2, -2.1693530809066878e-05, -7.2184, 0.2892, 1.0, 0.1333]
	 ->['GGGGGGCCCGCCGAGGAUAUAGAGACUCCC', '(((((....................)))))', 0.2, -1.3652140632505528e-05, -6.8038, 0.4583, 0.8, 0.1333]
	 >>> Resetting the solution to avoid local optima.
	 ->['GGGGGAAAAACCAAGGAAAAAAAAACCCCC', '(((((....................)))))', 0.2, -2.1693530809066878e-05, -7.2184, 0.2892, 1.0, 0.1333]
	 ->['AGGGGCUACACCAGGGAAAUAGAUACCCCU', '(((((....................)))))', 0.2, -3.787483513668806e-06, -6.594, 0.4231, 0.8, 0.1333]
	 >>> Resetting the solution to avoid local optima.
	 ->['GGGGGAAAAACCAAGGAAAAAAAAACCCCC', '(((((....................)))))', 0.2, -2.1693530809066878e-05, -7.2184, 0.2892, 1.0, 0.1333]
	 >>> Resetting the solution to avoid local optima.
	 ->['GGGGGAAAAACCAAGGAAAAAAAAACCCCC', '(((((....................)))))', 0.2, -2.1693530809066878e-05, -7.2184, 0.2892, 1.0, 0.1333]
	 ->['GGGGGAAAAACCAAGGAAAAAAAAACCCCC', '(((((....................)))))', 0.2, -2.1693530809066878e-05, -7.2184, 0.2892, 1.0, 0.1333]
	 >>> Resetting the solution to avoid local optima.
	 ->['CCCCCAAAAAGGAACCAAAAAAAAAGGGGG', '(((((....................)))))', 0.2, -6.417993594099236e-05, -7.5498, 0.2717, 1.0, 0.1333]
	 ->['CACCCAACUAGGCCCCGACAUAAAAGGGUG', '(((((....................)))))', 0.2, -2.0158287111115108e-05, -5.8636, 0.3301, 0.8, 0.1333]
	 >>> Resetting the solution to avoid local optima.
	 ->['CCCCCAAAAAGGAACCAAAAAAAAAGGGGG', '(((((....................)))))', 0.2, -6.417993594099236e-05, -7.5498, 0.2717, 1.0, 0.1333]
	 >>> Resetting the solution to avoid local optima.
	 ->['CCCCCAAAAAGGAACCAAAAAAAAAGGGGG', '(((((....................)))))', 0.2, -6.417993594099236e-05, -7.5498, 0.2717, 1.0, 0.1333]
	 ->['ACACCAAAAAGGAACCAAAAAACGAGGUGU', '(((((....................)))))', 0.2, -1.369988063343871e-05, -3.9016, 0.2795, 0.6, 0.1333]
	 >>> Resetting the solution to avoid local optima.
	 ->['GGGGGAAAAACCAAGGAAAAAAAAACCCCC', '(((((....................)))))', 0.2, -2.1693530809066878e-05, -7.2184, 0.2892, 1.0, 0.1333]
	 ->['GUGGGAAAAUCCAAGGAAAAAAAAACCCGC', '(((((....................)))))', 0.2, -3.230547653154327e-05, -4.6729, 0.2944, 0.8, 0.1333]
	 >>> Resetting the solution to avoid local optima.
	 ->['CCCCCAAAAAGGAACCAAAAAAAAAGGGGG', '(((((....................)))))', 0.2, -6.417993594099236e-05, -7.5498, 0.2717, 1.0, 0.1333]
	 ->['CCUCCAAUAAGGAACCUAAGAAAGAGGAGG', '(((((....................)))))', 0.2, -1.1609291628500427e-05, -5.6037, 0.2945, 0.8, 0.1333]
	 >>> Resetting the solution to avoid local optima.
	 ->['GGGGGAAAAACCAAGGAAAAAAAAACCCCC', '(((((....................)))))', 0.2, -2.1693530809066878e-05, -7.2184, 0.2892, 1.0, 0.1333]
	 >>> Resetting the solution to avoid local optima.
	 ->['GGGGGAAAAACCAAGGAAAAAAAAACCCCC', '(((((....................)))))', 0.2, -2.1693530809066878e-05, -7.2184, 0.2892, 1.0, 0.1333]
	 ->['GAAGGACGACCCGUGGAGCAGACAACCUUU', '(((((....................)))))', 0.2, -6.4448229450035315e-06, -2.6664, 0.4044, 0.4, 0.1333]
	 >>> Resetting the solution to avoid local optima.
	 ->['GGGGGAAAAACCAAGGAAAAAAAAACCCCC', '(((((....................)))))', 0.2, -2.1693530809066878e-05, -7.2184, 0.2892, 1.0, 0.1333]
	 >>> Resetting the solution to avoid local optima.
	 ->['CCCCCAAAAAGGAACCAAAAAAAAAGGGGG', '(((((....................)))))', 0.2, -6.417993594099236e-05, -7.5498, 0.2717, 1.0, 0.1333]
	 >>> Resetting the solution to avoid local optima.
	 ->['CCCCCAAAAAGGAACCAAAAAAAAAGGGGG', '(((((....................)))))', 0.2, -6.417993594099236e-05, -7.5498, 0.2717, 1.0, 0.1333]
	 ->['UCUCUAUGAAAGAACUACCAAAGUCGGAGA', '(((((....................)))))', 0.2, -9.312939587372697e-08, -3.0778, 0.4082, 0.4, 0.1333]
	 >>> Resetting the solution to avoid local optima.
	 ->['CCCCCAAAAAGGAACCAAAAAAAAAGGGGG', '(((((....................)))))', 0.2, -6.417993594099236e-05, -7.5498, 0.2717, 1.0, 0.1333]
	 ->['CUGCCAUGAAGGAACCAAUGAGAUAGGUGG', '(((((....................)))))', 0.2, -3.6748785155108636e-06, -2.9126, 0.3655, 0.6, 0.1333]
	 >>> Resetting the solution to avoid local optima.
	 ->['CCCCCAAAAAGGAACCAAAAAAAAAGGGGG', '(((((....................)))))', 0.2, -6.417993594099236e-05, -7.5498, 0.2717, 1.0, 0.1333]
	 ->['CUCCCACAAAGGAACCAAAAAGAAAGGGAG', '(((((....................)))))', 0.2, -6.0616805382307087e-05, -5.4851, 0.2733, 0.8, 0.1333]
	 >>> Resetting the solution to avoid local optima.
	 ->['CCCCCAAAAAGGAACCAAAAAAAAAGGGGG', '(((((....................)))))', 0.2, -6.417993594099236e-05, -7.5498, 0.2717, 1.0, 0.1333]




RNA sequences found with GC-content <= 0.48:

RNA sequences found with GC-content > 0.48:
@@ GGCCCAAAAAGGAAGGAAAAAAAAACCGCC 1.0
@@ GGCCCAAAAAGGAAGCAAAAAAAAAGCGCC 1.0
@@ CCCCCAAAAAGGAAGCAAUUAAAAAGCGGG 1.0
@@ CCCCCAAAAAGGAAGCAUUUAAAAAGCGGG 1.0
@@ CCCCCAAAAAGGAAGCAUUUGAAAAGCGGG 1.0
@@ CCCCCAAAAAGGAAGCAUUUUAAAAGCGGG 1.0
@@ CCCCCAAGAAGGAAGCAUUUUAAAAGCGGG 1.0
@@ CCCCCAAGAAGGAAGCAUUUUAGAAGCGGG 1.0
@@ CCCCCAAGAAGGAAGCAUUUUAGACGCGGG 1.0
@@ CCCCCAAGAAGGAAGCAUUUUAUACGCGGG 1.0
@@ CCCCCAAGAAGGAUGCAUUUUAUACGCGGG 1.0
@@ CCCCCAAGAAGGAUGGAUUUUAUACCCGGG 1.0


Elapsed time:                   86400.01268720627 secs.
Number of function evaluations: 74430759
----------------------------------------------------------------------


---------------------------------------
 FINISHED SUCCESSFULLY 
---------------------------------------
