
-----------------------------------------------------------------------
   _____ _____  ______ ______ _____             _____  _   _           
  / ____|  __ \|  ____|  ____|  __ \           |  __ \| \ | |   /\     
 | |  __| |__) | |__  | |__  | |  | |  ______  | |__) |  \| |  /  \    
 | | |_ |  _  /|  __| |  __| | |  | | |______| |  _  /| . ` | / /\ \   
 | |__| | | \ \| |____| |____| |__| |          | | \ \| |\  |/ ____ \  
  \_____|_|  \_\______|______|_____/           |_|  \_\_| \_/_/    \_\ 
       
                                       -- A. Rubio-Largo et al. 2023
-----------------------------------------------------------------------

------------------------------------------------------------------------------------------------------------------
CONFIGURATION: 

 * TARGET:           ((....)).((....))
 * STOPPING:         86400 secs.
 * SEED:             9
 * NO. OF SOLUTIONS: 1
 * max. GC-cont.:    0.48
 * MODEL:            TURNER2004
 * MUTATION PROB:    0.01
 * STAGNATION LIMIT: 50
------------------------------------------------------------------------------------------------------------------


 (1) Let's minimize the base-pair distance between predicted and target structures
    -> Min(Base-pair distance), min(Hamming distance), max(probability over ensemble), min(partition function), min(ensemble defect), min(%GC-content)


	 ->['GGAAAACCAGGAAAACC', '((....)).........', 0.1176, -0.10810565308153613, -0.8711, 0.2233, 1.0, 0.2353]
	 >>> Resetting the solution to avoid local optima.
	 ->['CCAAAAGGACCAAAAGG', '((....)).........', 0.1176, -0.22692884214082137, -0.9141, 0.2019, 1.0, 0.2353]
	 ->['GCGCAAGCACCAAAAGG', '((....)).........', 0.1176, -0.35435353020593113, -2.1394, 0.122, 1.0, 0.2353]


    -> Found sequence! Elapsed time:                   0.0703737735748291 secs.


 (2) We found a sequence that folds exactly like the target structure. Let's minimize the GC-content
    -> ORDER: Min(Base-pair distance), min(Hamming distance), min(GC-content), min(partition function), min(ensemble defect), max(probability over ensemble))


	 >>> Resetting the solution to avoid local optima.
	 ->['CCAAAAGGACCAAAAGG', '((....)).........', 0.1176, -0.22692884214082137, -0.9141, 0.2019, 1.0, 0.2353]
	 ->['CCACGUGGACCAAAUGG', '((....)).........', 0.1176, -0.14374172799884402, -1.1955, 0.3679, 1.0, 0.2353]
	 >>> Resetting the solution to avoid local optima.
	 ->['CCAAAAGGACCAAAAGG', '((....)).........', 0.1176, -0.22692884214082137, -0.9141, 0.2019, 1.0, 0.2353]
	 ->['CCAAAAGGACCAUAGGG', '((....)).........', 0.1176, -0.14562276932960153, -1.0875, 0.2558, 1.0, 0.2353]
	 >>> Resetting the solution to avoid local optima.
	 ->['GGAAAACCAGGAAAACC', '((....)).........', 0.1176, -0.10810565308153613, -0.8711, 0.2233, 1.0, 0.2353]
	 ->['GGACAACCAGCAAAAGC', '((....)).........', 0.1176, -0.20558431497387125, -0.975, 0.1985, 1.0, 0.2353]
	 >>> Resetting the solution to avoid local optima.
	 ->['GGAAAACCAGGAAAACC', '((....)).........', 0.1176, -0.10810565308153613, -0.8711, 0.2233, 1.0, 0.2353]
	 ->['GCAAAAGCAGCAGUAGC', '((....)).........', 0.1176, -0.1870111465850783, -1.5333, 0.2296, 1.0, 0.2353]
	 >>> Resetting the solution to avoid local optima.
	 ->['GGAAAACCAGGAAAACC', '((....)).........', 0.1176, -0.10810565308153613, -0.8711, 0.2233, 1.0, 0.2353]
	 >>> Resetting the solution to avoid local optima.
	 ->['GGAAAACCAGGAAAACC', '((....)).........', 0.1176, -0.10810565308153613, -0.8711, 0.2233, 1.0, 0.2353]
	 >>> Resetting the solution to avoid local optima.
	 ->['GGAAAACCAGGAAAACC', '((....)).........', 0.1176, -0.10810565308153613, -0.8711, 0.2233, 1.0, 0.2353]
	 ->['GGGUAACCAGCUAAGGC', '((....)).........', 0.1176, -0.43064055523269246, -2.4192, 0.1326, 1.0, 0.2353]
	 >>> Resetting the solution to avoid local optima.
	 ->['GGAAAACCAGGAAAACC', '((....)).........', 0.1176, -0.10810565308153613, -0.8711, 0.2233, 1.0, 0.2353]
	 ->['GCAUGCGCAGCAAUGGC', '((....)).........', 0.1176, -0.057719851400174625, -2.1578, 0.5592, 1.0, 0.2353]
	 >>> Resetting the solution to avoid local optima.
	 ->['CCAAAAGGACCAAAAGG', '((....)).........', 0.1176, -0.22692884214082137, -0.9141, 0.2019, 1.0, 0.2353]
	 ->['CCAAAAGGACCACAAGG', '((....)).........', 0.1176, -0.22290965884699215, -0.9251, 0.2066, 1.0, 0.2353]
	 >>> Resetting the solution to avoid local optima.
	 ->['CCAAAAGGACCAAAAGG', '((....)).........', 0.1176, -0.22692884214082137, -0.9141, 0.2019, 1.0, 0.2353]
	 ->['CCAAGGGGACCGUUCGG', '((....)).........', 0.1176, -0.11650721678000654, -1.225, 0.3851, 1.0, 0.2353]
	 >>> Resetting the solution to avoid local optima.
	 ->['CCAAAAGGACCAAAAGG', '((....)).........', 0.1176, -0.22692884214082137, -0.9141, 0.2019, 1.0, 0.2353]
	 ->['GCUACGGCGCCUAGUGG', '((....)).........', 0.1176, -0.28457201923479053, -3.0746, 0.3331, 1.0, 0.2353]
	 >>> Resetting the solution to avoid local optima.
	 ->['CCAAAAGGACCAAAAGG', '((....)).........', 0.1176, -0.22692884214082137, -0.9141, 0.2019, 1.0, 0.2353]
	 ->['GCGUAGGCACCAGCGGG', '((....)).........', 0.1176, -0.1744233283204867, -2.5763, 0.2948, 1.0, 0.2353]
	 >>> Resetting the solution to avoid local optima.
	 ->['CCAAAAGGACCAAAAGG', '((....)).........', 0.1176, -0.22692884214082137, -0.9141, 0.2019, 1.0, 0.2353]
	 ->['CCAAACGGGCCCGCAGG', '((....)).........', 0.1176, -0.06946321238884336, -1.0437, 0.2991, 1.0, 0.2353]
	 >>> Resetting the solution to avoid local optima.
	 ->['CCAAAAGGACCAAAAGG', '((....)).........', 0.1176, -0.22692884214082137, -0.9141, 0.2019, 1.0, 0.2353]
	 ->['GCAAGCGCAGCUGUUGU', '((....)).........', 0.1176, -0.02545356445132996, -2.0625, 0.576, 1.0, 0.2353]
	 >>> Resetting the solution to avoid local optima.
	 ->['CCAAAAGGACCAAAAGG', '((....)).........', 0.1176, -0.22692884214082137, -0.9141, 0.2019, 1.0, 0.2353]
	 ->['CCGCAAGGACCAAUGGG', '((....)).........', 0.1176, -0.18954310810266922, -1.725, 0.2351, 1.0, 0.2353]
	 >>> Resetting the solution to avoid local optima.
	 ->['GGAAAACCAGGAAAACC', '((....)).........', 0.1176, -0.10810565308153613, -0.8711, 0.2233, 1.0, 0.2353]
	 >>> Resetting the solution to avoid local optima.
	 ->['GGAAAACCAGGAAAACC', '((....)).........', 0.1176, -0.10810565308153613, -0.8711, 0.2233, 1.0, 0.2353]
	 ->['GGGGCACCAGCAGGAGC', '((....)).........', 0.1176, -0.17414263510158023, -2.4773, 0.3258, 1.0, 0.2353]
	 >>> Resetting the solution to avoid local optima.
	 ->['CCAAAAGGACCAAAAGG', '((....)).........', 0.1176, -0.22692884214082137, -0.9141, 0.2019, 1.0, 0.2353]
	 ->['CCAACAGGACCAAUAGG', '((....)).........', 0.1176, -0.22630642036673276, -0.9158, 0.2027, 1.0, 0.2353]
	 >>> Resetting the solution to avoid local optima.
	 ->['CCAAAAGGACCAAAAGG', '((....)).........', 0.1176, -0.22692884214082137, -0.9141, 0.2019, 1.0, 0.2353]
	 ->['CCAGAAGGACCAAAAGG', '((....)).........', 0.1176, -0.2256818425019332, -0.9175, 0.2034, 1.0, 0.2353]
	 >>> Resetting the solution to avoid local optima.
	 ->['GGAAAACCAGGAAAACC', '((....)).........', 0.1176, -0.10810565308153613, -0.8711, 0.2233, 1.0, 0.2353]
	 ->['GCGGAGGCGGCUGUUGC', '((....)).........', 0.1176, -0.19541140160628845, -2.8062, 0.4028, 1.0, 0.2353]
	 >>> Resetting the solution to avoid local optima.
	 ->['CCAAAAGGACCAAAAGG', '((....)).........', 0.1176, -0.22692884214082137, -0.9141, 0.2019, 1.0, 0.2353]
	 ->['CCAAAAGGACCAAAAGG', '((....)).........', 0.1176, -0.22692884214082137, -0.9141, 0.2019, 1.0, 0.2353]
	 >>> Resetting the solution to avoid local optima.
	 ->['GGAAAACCAGGAAAACC', '((....)).........', 0.1176, -0.10810565308153613, -0.8711, 0.2233, 1.0, 0.2353]
	 ->['GGAUCUCCAGGAUGACC', '((....)).........', 0.1176, -0.058836315049435074, -1.646, 0.4646, 1.0, 0.2353]
	 >>> Resetting the solution to avoid local optima.
	 ->['CCAAAAGGACCAAAAGG', '((....)).........', 0.1176, -0.22692884214082137, -0.9141, 0.2019, 1.0, 0.2353]
	 ->['CCAUCAGGACCACCGGG', '((....)).........', 0.1176, -0.08532545317648865, -1.4169, 0.3904, 1.0, 0.2353]
	 >>> Resetting the solution to avoid local optima.
	 ->['CCAAAAGGACCAAAAGG', '((....)).........', 0.1176, -0.22692884214082137, -0.9141, 0.2019, 1.0, 0.2353]
	 ->['CCACAGGGACCAGGGGG', '((....)).........', 0.1176, -0.06422179449967931, -1.4921, 0.4303, 1.0, 0.2353]
	 >>> Resetting the solution to avoid local optima.
	 ->['CCAAAAGGACCAAAAGG', '((....)).........', 0.1176, -0.22692884214082137, -0.9141, 0.2019, 1.0, 0.2353]
	 >>> Resetting the solution to avoid local optima.
	 ->['CCAAAAGGACCAAAAGG', '((....)).........', 0.1176, -0.22692884214082137, -0.9141, 0.2019, 1.0, 0.2353]
	 ->['CCAGAAGGACCAAGGGG', '((....)).........', 0.1176, -0.1306955332185513, -1.1541, 0.2795, 1.0, 0.2353]
	 >>> Resetting the solution to avoid local optima.
	 ->['CCAAAAGGACCAAAAGG', '((....)).........', 0.1176, -0.22692884214082137, -0.9141, 0.2019, 1.0, 0.2353]
	 ->['CCACAAGGACCAAAAGG', '((....)).........', 0.1176, -0.22664216322903102, -0.9149, 0.2022, 1.0, 0.2353]
	 >>> Resetting the solution to avoid local optima.
	 ->['GGAAAACCAGGAAAACC', '((....)).........', 0.1176, -0.10810565308153613, -0.8711, 0.2233, 1.0, 0.2353]
	 ->['GGAAGGCCACCUCGAGG', '((....)).........', 0.1176, -0.07209433076972944, -1.5208, 0.4346, 1.0, 0.2353]
	 >>> Resetting the solution to avoid local optima.
	 ->['GGAAAACCAGGAAAACC', '((....)).........', 0.1176, -0.10810565308153613, -0.8711, 0.2233, 1.0, 0.2353]
	 >>> Resetting the solution to avoid local optima.
	 ->['CCAAAAGGACCAAAAGG', '((....)).........', 0.1176, -0.22692884214082137, -0.9141, 0.2019, 1.0, 0.2353]
	 ->['CCAAAAGGACCGAACGG', '((....)).........', 0.1176, -0.2230659203421314, -0.9247, 0.2055, 1.0, 0.2353]
	 >>> Resetting the solution to avoid local optima.
	 ->['CCAAAAGGACCAAAAGG', '((....)).........', 0.1176, -0.22692884214082137, -0.9141, 0.2019, 1.0, 0.2353]
	 ->['GCGCUAGCACCAAUAGG', '((....)).........', 0.1176, -0.34264023685351674, -2.1601, 0.1412, 1.0, 0.2353]
	 >>> Resetting the solution to avoid local optima.
	 ->['GGAAAACCAGGAAAACC', '((....)).........', 0.1176, -0.10810565308153613, -0.8711, 0.2233, 1.0, 0.2353]
	 >>> Resetting the solution to avoid local optima.
	 ->['GGAAAACCAGGAAAACC', '((....)).........', 0.1176, -0.10810565308153613, -0.8711, 0.2233, 1.0, 0.2353]
	 ->['GGAGACCCAGCAUAGGC', '((....)).........', 0.1176, -0.1732369344777212, -1.3805, 0.2376, 1.0, 0.2353]
	 >>> Resetting the solution to avoid local optima.
	 ->['CCAAAAGGACCAAAAGG', '((....)).........', 0.1176, -0.22692884214082137, -0.9141, 0.2019, 1.0, 0.2353]
	 ->['CCAAAAGGACCAAUAGG', '((....)).........', 0.1176, -0.22650095373212079, -0.9152, 0.2025, 1.0, 0.2353]
	 >>> Resetting the solution to avoid local optima.
	 ->['GGAAAACCAGGAAAACC', '((....)).........', 0.1176, -0.10810565308153613, -0.8711, 0.2233, 1.0, 0.2353]
	 ->['GGGAGACCAGGAACACC', '((....)).........', 0.1176, -0.14810549948136645, -2.0771, 0.1668, 1.0, 0.2353]
	 >>> Resetting the solution to avoid local optima.
	 ->['CCAAAAGGACCAAAAGG', '((....)).........', 0.1176, -0.22692884214082137, -0.9141, 0.2019, 1.0, 0.2353]
	 >>> Resetting the solution to avoid local optima.
	 ->['GGAAAACCAGGAAAACC', '((....)).........', 0.1176, -0.10810565308153613, -0.8711, 0.2233, 1.0, 0.2353]
	 ->['GGAGUUCCAGCCUCAGC', '((....)).........', 0.1176, -0.0617731680705365, -1.616, 0.4346, 1.0, 0.2353]
	 >>> Resetting the solution to avoid local optima.
	 ->['GGAAAACCAGGAAAACC', '((....)).........', 0.1176, -0.10810565308153613, -0.8711, 0.2233, 1.0, 0.2353]
	 ->['GGGUUACCAGCCACGGC', '((....)).........', 0.1176, -0.14039613392884337, -3.01, 0.4611, 1.0, 0.2353]
	 >>> Resetting the solution to avoid local optima.
	 ->['CCAAAAGGACCAAAAGG', '((....)).........', 0.1176, -0.22692884214082137, -0.9141, 0.2019, 1.0, 0.2353]
	 ->['CCGAGGGGGCCGAACGG', '((....)).........', 0.1176, -0.11274271545392223, -2.1452, 0.3758, 1.0, 0.2353]
	 >>> Resetting the solution to avoid local optima.
	 ->['CCAAAAGGACCAAAAGG', '((....)).........', 0.1176, -0.22692884214082137, -0.9141, 0.2019, 1.0, 0.2353]
	 ->['CCACGCGGACCACAGGG', '((....)).........', 0.1176, -0.12216345534180736, -1.1957, 0.3047, 1.0, 0.2353]
	 >>> Resetting the solution to avoid local optima.
	 ->['GGAAAACCAGGAAAACC', '((....)).........', 0.1176, -0.10810565308153613, -0.8711, 0.2233, 1.0, 0.2353]
	 >>> Resetting the solution to avoid local optima.
	 ->['CCAAAAGGACCAAAAGG', '((....)).........', 0.1176, -0.22692884214082137, -0.9141, 0.2019, 1.0, 0.2353]
	 ->['GCGACGGCGGCAACGGC', '((....)).........', 0.1176, -0.01038937556687174, -2.6147, 0.4291, 1.0, 0.2353]
	 >>> Resetting the solution to avoid local optima.
	 ->['GGAAAACCAGGAAAACC', '((....)).........', 0.1176, -0.10810565308153613, -0.8711, 0.2233, 1.0, 0.2353]
	 ->['GGACUUCCAGGGGCCCC', '((....)).........', 0.1176, -0.05582422957656985, -2.0784, 0.5749, 1.0, 0.2353]
	 >>> Resetting the solution to avoid local optima.
	 ->['CCAAAAGGACCAAAAGG', '((....)).........', 0.1176, -0.22692884214082137, -0.9141, 0.2019, 1.0, 0.2353]
	 ->['CCGAAUGGACCAAUAGG', '((....)).........', 0.1176, -0.20566869613252461, -0.9747, 0.2308, 1.0, 0.2353]
	 >>> Resetting the solution to avoid local optima.
	 ->['GGAAAACCAGGAAAACC', '((....)).........', 0.1176, -0.10810565308153613, -0.8711, 0.2233, 1.0, 0.2353]
	 ->['GGAAGCCCAGCUCGAGC', '((....)).........', 0.1176, -0.06713108183924528, -1.5647, 0.422, 1.0, 0.2353]
	 >>> Resetting the solution to avoid local optima.
	 ->['GGAAAACCAGGAAAACC', '((....)).........', 0.1176, -0.10810565308153613, -0.8711, 0.2233, 1.0, 0.2353]
	 >>> Resetting the solution to avoid local optima.
	 ->['GGAAAACCAGGAAAACC', '((....)).........', 0.1176, -0.10810565308153613, -0.8711, 0.2233, 1.0, 0.2353]
	 ->['GGAGAACCAGGAAAACC', '((....)).........', 0.1176, -0.10801991322667606, -0.8716, 0.2235, 1.0, 0.2353]
	 >>> Resetting the solution to avoid local optima.
	 ->['CCAAAAGGACCAAAAGG', '((....)).........', 0.1176, -0.22692884214082137, -0.9141, 0.2019, 1.0, 0.2353]
	 ->['GCUACGGCGCCAGGGGG', '((....)).........', 0.1176, -0.1809233958669099, -2.6537, 0.1706, 1.0, 0.2353]
	 >>> Resetting the solution to avoid local optima.
	 ->['CCAAAAGGACCAAAAGG', '((....)).........', 0.1176, -0.22692884214082137, -0.9141, 0.2019, 1.0, 0.2353]
	 ->['CCAGAAGGACCAAAAGG', '((....)).........', 0.1176, -0.2256818425019332, -0.9175, 0.2034, 1.0, 0.2353]
	 >>> Resetting the solution to avoid local optima.
	 ->['GGAAAACCAGGAAAACC', '((....)).........', 0.1176, -0.10810565308153613, -0.8711, 0.2233, 1.0, 0.2353]
	 ->['GGGAACCCAGGUAGACC', '((....)).........', 0.1176, -0.09255824562397846, -1.3668, 0.2905, 1.0, 0.2353]
	 >>> Resetting the solution to avoid local optima.
	 ->['GGAAAACCAGGAAAACC', '((....)).........', 0.1176, -0.10810565308153613, -0.8711, 0.2233, 1.0, 0.2353]
	 ->['GCACAAGCAGGCAAGCC', '((....)).........', 0.1176, -0.05888947935684823, -1.7455, 0.353, 1.0, 0.2353]
	 >>> Resetting the solution to avoid local optima.
	 ->['CCAAAAGGACCAAAAGG', '((....)).........', 0.1176, -0.22692884214082137, -0.9141, 0.2019, 1.0, 0.2353]
	 >>> Resetting the solution to avoid local optima.
	 ->['GGAAAACCAGGAAAACC', '((....)).........', 0.1176, -0.10810565308153613, -0.8711, 0.2233, 1.0, 0.2353]
	 ->['GGGACACCAGGCGCACC', '((....)).........', 0.1176, -0.13797501574929333, -2.1207, 0.1953, 1.0, 0.2353]
	 >>> Resetting the solution to avoid local optima.
	 ->['GGAAAACCAGGAAAACC', '((....)).........', 0.1176, -0.10810565308153613, -0.8711, 0.2233, 1.0, 0.2353]
	 >>> Resetting the solution to avoid local optima.
	 ->['GGAAAACCAGGAAAACC', '((....)).........', 0.1176, -0.10810565308153613, -0.8711, 0.2233, 1.0, 0.2353]
	 ->['GGAAAACCAGGAAAACC', '((....)).........', 0.1176, -0.10810565308153613, -0.8711, 0.2233, 1.0, 0.2353]
	 >>> Resetting the solution to avoid local optima.
	 ->['CCAAAAGGACCAAAAGG', '((....)).........', 0.1176, -0.22692884214082137, -0.9141, 0.2019, 1.0, 0.2353]
	 ->['GGGGCACCACCACUGGG', '((....)).........', 0.1176, -0.10433989834151897, -2.8929, 0.3557, 1.0, 0.2353]
	 >>> Resetting the solution to avoid local optima.
	 ->['CCAAAAGGACCAAAAGG', '((....)).........', 0.1176, -0.22692884214082137, -0.9141, 0.2019, 1.0, 0.2353]
	 ->['CCGCGAGGACCGACCGG', '((....)).........', 0.1176, -0.12303980366833835, -2.0913, 0.4498, 1.0, 0.2353]
	 >>> Resetting the solution to avoid local optima.
	 ->['CCAAAAGGACCAAAAGG', '((....)).........', 0.1176, -0.22692884214082137, -0.9141, 0.2019, 1.0, 0.2353]
	 ->['GCAGCCGCACCGUACGG', '((....)).........', 0.1176, -0.19572087224051024, -1.7053, 0.3109, 1.0, 0.2353]
	 >>> Resetting the solution to avoid local optima.
	 ->['CCAAAAGGACCAAAAGG', '((....)).........', 0.1176, -0.22692884214082137, -0.9141, 0.2019, 1.0, 0.2353]
	 ->['GCAACCGCGCCGUCCGG', '((....)).........', 0.1176, -0.10481780901835018, -1.7901, 0.3962, 1.0, 0.2353]
	 >>> Resetting the solution to avoid local optima.
	 ->['GGAAAACCAGGAAAACC', '((....)).........', 0.1176, -0.10810565308153613, -0.8711, 0.2233, 1.0, 0.2353]
	 >>> Resetting the solution to avoid local optima.
	 ->['CCAAAAGGACCAAAAGG', '((....)).........', 0.1176, -0.22692884214082137, -0.9141, 0.2019, 1.0, 0.2353]
	 >>> Resetting the solution to avoid local optima.
	 ->['CCAAAAGGACCAAAAGG', '((....)).........', 0.1176, -0.22692884214082137, -0.9141, 0.2019, 1.0, 0.2353]
	 >>> Resetting the solution to avoid local optima.
	 ->['GGAAAACCAGGAAAACC', '((....)).........', 0.1176, -0.10810565308153613, -0.8711, 0.2233, 1.0, 0.2353]
	 >>> Resetting the solution to avoid local optima.
	 ->['GGAAAACCAGGAAAACC', '((....)).........', 0.1176, -0.10810565308153613, -0.8711, 0.2233, 1.0, 0.2353]
	 ->['GGGUAACCAGGUUAACC', '((....)).........', 0.1176, -0.09032165144059222, -2.3819, 0.3956, 1.0, 0.2353]
	 >>> Resetting the solution to avoid local optima.
	 ->['CCAAAAGGACCAAAAGG', '((....)).........', 0.1176, -0.22692884214082137, -0.9141, 0.2019, 1.0, 0.2353]
	 >>> Resetting the solution to avoid local optima.
	 ->['CCAAAAGGACCAAAAGG', '((....)).........', 0.1176, -0.22692884214082137, -0.9141, 0.2019, 1.0, 0.2353]
	 >>> Resetting the solution to avoid local optima.
	 ->['CCAAAAGGACCAAAAGG', '((....)).........', 0.1176, -0.22692884214082137, -0.9141, 0.2019, 1.0, 0.2353]
	 ->['CCGAAAGGACCAAGUGG', '((....)).........', 0.1176, -0.3081557544321799, -1.5255, 0.1528, 1.0, 0.2353]
	 >>> Resetting the solution to avoid local optima.
	 ->['GGAAAACCAGGAAAACC', '((....)).........', 0.1176, -0.10810565308153613, -0.8711, 0.2233, 1.0, 0.2353]
	 ->['GGAAAACCAGGAAAGCC', '((....)).........', 0.1176, -0.1414135500305147, -0.9056, 0.2152, 1.0, 0.2353]
	 >>> Resetting the solution to avoid local optima.
	 ->['GGAAAACCAGGAAAACC', '((....)).........', 0.1176, -0.10810565308153613, -0.8711, 0.2233, 1.0, 0.2353]
	 ->['GGAAAACCAGGCAAACC', '((....)).........', 0.1176, -0.10772261313072973, -0.8733, 0.2243, 1.0, 0.2353]
	 >>> Resetting the solution to avoid local optima.
	 ->['CCAAAAGGACCAAAAGG', '((....)).........', 0.1176, -0.22692884214082137, -0.9141, 0.2019, 1.0, 0.2353]
	 ->['CCAAUAGGGCCAUUAGG', '((....)).........', 0.1176, -0.15812066581793124, -1.0367, 0.243, 1.0, 0.2353]
	 >>> Resetting the solution to avoid local optima.
	 ->['GGAAAACCAGGAAAACC', '((....)).........', 0.1176, -0.10810565308153613, -0.8711, 0.2233, 1.0, 0.2353]
	 ->['GGACACCCAGGAAAACC', '((....)).........', 0.1176, -0.1236600552450154, -1.1882, 0.2031, 1.0, 0.2353]




RNA sequences found with GC-content <= 0.48:

RNA sequences found with GC-content > 0.48:
@@ GCGCAAGCACCGAAAGG 1.0
@@ GCGCAGGCACCGAAAGG 1.0
@@ GCGCAGGCACCGUAAGG 1.0
@@ GCGCAGGCACCGUAGGG 1.0
@@ GCGCAGGCACCGUUGGG 1.0
@@ GCGCAGGCACCGUGGGG 1.0
@@ GCGCAGGCGCCGUGGGG 1.0
@@ CCACGUGGACCUAAUGG 1.0
@@ CCACGUGGACCUAAGGG 1.0
@@ CCACGUGGACCUUAGGG 1.0
@@ CCACUUGGACCUUAGGG 1.0
@@ CCACUUGGACCGUAGGG 1.0
@@ CCUCUUGGACCGUAGGG 1.0
@@ CCUCUUGGGCCGUAGGG 1.0
@@ CCAAAAGGACCCUAGGG 1.0
@@ CCAAAAGGACCUUAGGG 1.0
@@ CCGAAAGGACCUUAGGG 1.0
@@ CCGAAAGGACCGUAGGG 1.0
@@ CCGAAGGGACCGUAGGG 1.0
@@ GCGAAGGCACCGUAGGG 1.0
@@ GCGAAGGCACCGUCGGG 1.0
@@ GCGAAGGCACCCUCGGG 1.0
@@ GGACAACCAGCGAAAGC 1.0
@@ GGACAUCCAGCGAAAGC 1.0
@@ GGUCAUCCAGCGAAAGC 1.0
@@ GGUAAUCCAGCGAAAGC 1.0
@@ GGUAAUCCAGCGAUAGC 1.0
@@ GCUAAUGCAGCGAUAGC 1.0
@@ GCUAAUGCAGCGCUAGC 1.0
@@ GCUACUGCAGCGCUAGC 1.0
@@ GCAAAAGCAGCGGUAGC 1.0
@@ GCAAAUGCAGCGGUAGC 1.0
@@ GCACAUGCAGCGGUAGC 1.0
@@ GCACAUGCACCGGUAGG 1.0
@@ GCGCAUGCACCGGUAGG 1.0
@@ GCGCAGGCACCGGUAGG 1.0
@@ GCGCUGGCACCGGUAGG 1.0
@@ GGGUAACCAGCUUAGGC 1.0
@@ GGGUAACCAGCGUAGGC 1.0
@@ GGGUAACCAGCGUGGGC 1.0
@@ GGGUUACCAGCGUGGGC 1.0
@@ GGGUUACCACCGUGGGG 1.0
@@ GGGUUACCACCGCGGGG 1.0
@@ GGGUGACCACCGCGGGG 1.0
@@ GGGUGACCACCGCUGGG 1.0
@@ GCAUGCGCAGCGAUGGC 1.0
@@ GCAUGCGCAGCGGUGGC 1.0
@@ CCAAAAGGACCGCAAGG 1.0
@@ CCAUAAGGACCGCAAGG 1.0
@@ CCAUAAGGACCGCAGGG 1.0
@@ CCAUAAGGACCGCUGGG 1.0
@@ CCAUAAGGGCCGCUGGG 1.0
@@ CCGUAAGGGCCGCUGGG 1.0
@@ CCGUAAGGGGCGCUGGC 1.0
@@ CCGUAAGGGGCGCCGGC 1.0
@@ CCGUAAGGGGCUCCGGC 1.0
@@ CCGCAAGGGGCUCCGGC 1.0
@@ CCAAGGGGACCGUUAGG 1.0
@@ GCAAGGGCACCGUUAGG 1.0
@@ GCAAGUGCACCGUUAGG 1.0
@@ GCAAGUGCACCGAUAGG 1.0
@@ GCAAUUGCACCGAUAGG 1.0
@@ GCAAUUGCACCGCUAGG 1.0
@@ GCACUUGCACCGCUAGG 1.0
@@ GCACUUGCACCGCCAGG 1.0
@@ GCGCUUGCACCGCCAGG 1.0
@@ GCGCUUGCACCGCCGGG 1.0
@@ GCUCUUGCACCGCCGGG 1.0
@@ GCUCUUGCACCGCUGGG 1.0
@@ GCUCGUGCACCGCUGGG 1.0
@@ GCUCAUGCACCGCUGGG 1.0
@@ GCUCAUGCACCGCAGGG 1.0
@@ GCUACGGCACCUAGUGG 1.0
@@ GCUACGGCACCUUGUGG 1.0
@@ GCGUAGGCACCGGCGGG 1.0
@@ GCGUAGGCAGCGGCGGC 1.0
@@ GCGUAGGCGGCGGCGGC 1.0
@@ CCAAACGGGCCGGCAGG 1.0
@@ CCACACGGGCCGGCAGG 1.0
@@ CCACACGGGCCGGGAGG 1.0
@@ CCACACGGGCCGGGGGG 1.0
@@ GCAAGCGCACCUGUUGG 1.0
@@ GCAAGCGCACCUCUUGG 1.0
@@ GCAGGCGCACCUCUUGG 1.0
@@ CCGCAAGGACCGAUGGG 1.0
@@ CCGCAGGGACCGAUGGG 1.0
@@ CCGCAGGGGCCGAUGGG 1.0
@@ CCGCAGGGGCCGAGGGG 1.0
@@ GCGCAGGCGCCGAGGGG 1.0
@@ GCGCAGGCGCCGACGGG 1.0
@@ GCGCAGGCGCCGUCGGG 1.0
@@ GGGGCACCAGCGGGAGC 1.0
@@ GGGGCACCAGCGGGGGC 1.0
@@ GGGGCACCACCGGGGGG 1.0
@@ GGGGCACCACCGUGGGG 1.0
@@ GGGGGACCACCGUGGGG 1.0
@@ CCAACAGGACCGAUAGG 1.0
@@ CCAACAGGACCGUUAGG 1.0
@@ CCAACUGGACCGUUAGG 1.0
@@ CCUACUGGACCGUUAGG 1.0
@@ GCUACUGCACCGUUAGG 1.0
@@ GCUACUGCAGCGUUAGC 1.0
@@ CCAGAAGGACCGAAAGG 1.0
@@ GCAGAAGCACCGAAAGG 1.0
@@ GCAGAAGCACCGUAAGG 1.0
@@ GCAGGAGCACCGUAAGG 1.0
@@ GCAGGCGCACCGUAAGG 1.0
@@ GCUGGCGCACCGUAAGG 1.0
@@ GCUGGUGCACCGUAAGG 1.0
@@ GCUGGUGCACCGUGAGG 1.0
@@ GCUGGUGCACCGAGAGG 1.0
@@ GCUGUUGCACCGAGAGG 1.0
@@ GCUGUUGCACCGCGAGG 1.0
@@ GCUGUUGCACCGCAAGG 1.0
@@ GCUGCUGCACCGCAAGG 1.0
@@ GCUCCUGCACCGCAAGG 1.0
@@ GCUCCGGCACCGCAAGG 1.0
@@ GCUCCGGCACCGCAGGG 1.0
@@ GCGGAGGCAGCUGUUGC 1.0
@@ CCAAAAGGACCGAAAGG 1.0
@@ CCAAUAGGACCGAAAGG 1.0
@@ CCAAUAGGACCGCAAGG 1.0
@@ CCACUAGGACCGCAAGG 1.0
@@ CCAGUAGGACCGCAAGG 1.0
@@ CCAGUAGGACCGGAAGG 1.0
@@ CCAGUAGGACCGGGAGG 1.0
@@ CCAGUGGGACCGGGAGG 1.0
@@ CCAGUCGGACCGGGAGG 1.0
@@ GCAGUCGCACCGGGAGG 1.0
@@ GCAGUCGCACCGGGGGG 1.0
@@ GCAGGCGCACCGGGGGG 1.0
@@ GCAGGCGCACCGUGGGG 1.0
@@ GCAUGCGCACCGUGGGG 1.0
@@ GGAUCUCCAGGGUGACC 1.0
@@ GGUUCUCCAGGGUGACC 1.0
@@ GGUUGUCCAGGGUGACC 1.0
@@ GGUUGUCCAGGGAGACC 1.0
@@ CCAUCAGGACCUCCGGG 1.0
@@ CCAUCAGGACCUGCGGG 1.0
@@ CCACAGGGACCGGGGGG 1.0
@@ CCACACGGACCGGGGGG 1.0
@@ CCAGAAGGACCGAGGGG 1.0
@@ CCAGAUGGACCGAGGGG 1.0
@@ CCAGAUGGGCCGAGGGG 1.0
@@ CCAGACGGGCCGAGGGG 1.0
@@ CCAGACGGGCCGCGGGG 1.0
@@ CCACAAGGACCGAAAGG 1.0
@@ CCACAGGGACCGAAAGG 1.0
@@ GCACAGGCACCGAAAGG 1.0
@@ GCAGAGGCACCGAAAGG 1.0
@@ GCAGAUGCACCGAAAGG 1.0
@@ GCUGAUGCACCGAAAGG 1.0
@@ GCUGUUGCACCGAAAGG 1.0
@@ GCUGUUGCACCGAAGGG 1.0
@@ GCUGUUGCACCGAGGGG 1.0
@@ GCUGUUGCACCGCGGGG 1.0
@@ GGAAGGCCACCGCGAGG 1.0
@@ GCAAGGGCACCGCGAGG 1.0
@@ GCAAGGGCACCGCGGGG 1.0
@@ GGAAGGCCACCGCGGGG 1.0
@@ GGGAGGCCACCGCGGGG 1.0
@@ GGGAUGCCACCGCGGGG 1.0
@@ GGGAUGCCACCGCUGGG 1.0
@@ GGGAUGCCACCGGUGGG 1.0
@@ GGGAUACCACCGGUGGG 1.0
@@ GGGUUACCACCGGUGGG 1.0
@@ CCAAAAGGACCGAAGGG 1.0
@@ CCACAAGGACCGAAGGG 1.0
@@ CCACAAGGACCGACGGG 1.0
@@ CCACAAGGGCCGACGGG 1.0
@@ CCACAAGGGCCGAUGGG 1.0
@@ CCACACGGGCCGAUGGG 1.0
@@ CCGCACGGGCCGAUGGG 1.0
@@ CCGCUGGGGCCGAUGGG 1.0
@@ GCGCUGGCGCCGAUGGG 1.0
@@ GCGCUGGCGCCGAGGGG 1.0
@@ GCGCGGGCGCCGAGGGG 1.0
@@ GCGCUAGCACCGAUAGG 1.0
@@ GCGCUAGCACCGGUAGG 1.0
@@ GGAGACCCAGCUUAGGC 1.0
@@ GGAGACCCAGCGUAGGC 1.0
@@ GGAGACCCAGCGUUGGC 1.0
@@ GGGGACCCAGCGUUGGC 1.0
@@ GGGGACCCAGCGCUGGC 1.0
@@ GGGGAACCAGCGCUGGC 1.0
@@ GGGGAACCAGCGGUGGC 1.0
@@ GGGUAACCAGCGGUGGC 1.0
@@ GGGCAACCAGCGGUGGC 1.0
@@ CCAAAAGGACCGAUAGG 1.0
@@ CCGAAAGGACCGAUAGG 1.0
@@ CCGAUAGGACCGAUAGG 1.0
@@ CCGAUGGGACCGAUAGG 1.0
@@ CCGACGGGACCGAUAGG 1.0
@@ CCGCCGGGACCGAUAGG 1.0
@@ CCGCCGGGACCGAGAGG 1.0
@@ CCGCUGGGACCGAGAGG 1.0
@@ CCGCUGGGGCCGAGAGG 1.0
@@ GGGAGACCAGGGACACC 1.0
@@ GGGCGACCAGGGACACC 1.0
@@ GGGCUACCAGGGACACC 1.0
@@ GGGGUACCAGGGACACC 1.0
@@ GGGGUACCAGGGUCACC 1.0
@@ GGGAUACCAGGGUCACC 1.0
@@ GGAGUUCCAGCGUCAGC 1.0
@@ GGAGUUCCAGCGACAGC 1.0
@@ GGAGUUCCAGCGACGGC 1.0
@@ GGAGUUCCAGCUACGGC 1.0
@@ GGAGUCCCAGCUACGGC 1.0
@@ GGGGUCCCAGCUACGGC 1.0
@@ GGGGUACCAGCUACGGC 1.0
@@ GGGCUACCAGCUACGGC 1.0
@@ GGGUUACCAGCCAAGGC 1.0
@@ CCGAGGGGGCCGAAAGG 1.0
@@ CCGAGGGGGGCGAAAGC 1.0
@@ CCGAGGGGGGCGCAAGC 1.0
@@ CCGGGGGGGGCGCAAGC 1.0
@@ CCGGGGGGGGCGCUAGC 1.0
@@ CCACGCGGACCUCAGGG 1.0
@@ CCACGCGGACCCCAGGG 1.0
@@ CCGCGCGGACCCCAGGG 1.0
@@ GCGCGCGCACCCCAGGG 1.0
@@ GCGCGCGCACCCAAGGG 1.0
@@ GCGCGCGCACCGAAGGG 1.0
@@ GCGCUCGCACCGAAGGG 1.0
@@ GCUCUCGCACCGAAGGG 1.0
@@ GCGACGGCGGCGACGGC 1.0
@@ GCUACGGCGGCGACGGC 1.0
@@ GCUACGGCGGCUACGGC 1.0
@@ GCUACGGCGGCUGCGGC 1.0
@@ GCUCCGGCGGCUGCGGC 1.0
@@ GCUCCGGCAGCUGCGGC 1.0
@@ GGACUUCCAGGGGCACC 1.0
@@ GGACUUCCAGGGACACC 1.0
@@ CCGAAUGGACCGAUAGG 1.0
@@ CCGAAUGGACCGCUAGG 1.0
@@ CCGUAUGGACCGCUAGG 1.0
@@ CCGCAUGGACCGCUAGG 1.0
@@ CCGCAAGGACCGCUAGG 1.0
@@ CCGCAAGGGCCGCUAGG 1.0
@@ CCGCAGGGGCCGCUAGG 1.0
@@ CCGCAGGGGCCGCCAGG 1.0
@@ CCGCAGGGGCCGGCAGG 1.0
@@ GGAAGCCCAGCUCGUGC 1.0
@@ GGAAGCCCAGCUCUUGC 1.0
@@ GGAGAACCAGGGAAACC 1.0
@@ GGAGAACCAGGGUAACC 1.0
@@ GGUGAACCAGGGUAACC 1.0
@@ GGUGAUCCAGGGUAACC 1.0
@@ GCUGAUGCAGGGUAACC 1.0
@@ GCUGGUGCAGGGUAACC 1.0
@@ GCUGGUGCAGGGUGACC 1.0
@@ GCUACGGCGCCGGGGGG 1.0
@@ GCUACGGCACCGGGGGG 1.0
@@ GCUACGGCACCGGCGGG 1.0
@@ GCUACGGCACCGUCGGG 1.0
@@ GCUACGGCACCCUCGGG 1.0
@@ GCUGCGGCACCCUCGGG 1.0
@@ GCUCCGGCACCCUCGGG 1.0
@@ CCAGAAGGACCGCAAGG 1.0
@@ CCAGAGGGACCGCAAGG 1.0
@@ CCAGAGGGACCGCGAGG 1.0
@@ CCAGAGGGACCGGGAGG 1.0
@@ CCAGAGGGACCGGGGGG 1.0
@@ CCAGUGGGACCGGGGGG 1.0
@@ GGGAACCCAGGGAGACC 1.0
@@ GGGAACCCAGGGAUACC 1.0
@@ GGGAAUCCAGGGAUACC 1.0
@@ GGGAAUCCAGGGUUACC 1.0
@@ GGGGAUCCAGGGUUACC 1.0
@@ GGGGAGCCAGGGUUACC 1.0
@@ GGGGCGCCAGGGUUACC 1.0
@@ GGGGCACCAGGGUUACC 1.0
@@ GGGGCACCAGCGUUAGC 1.0
@@ GGGGCACCAGCGUUGGC 1.0
@@ GGGGCACCAGCGAUGGC 1.0
@@ GGGGCACCACCGAUGGG 1.0
@@ GGGGGACCACCGAUGGG 1.0
@@ GGGGGACCACCGACGGG 1.0
@@ GGGGGACCACCUACGGG 1.0
@@ GCACAAGCAGGGAAGCC 1.0
@@ GCACAAGCAGGGAAACC 1.0
@@ GCACAUGCAGGGAAACC 1.0
@@ GCACAUGCAGCGAAAGC 1.0
@@ GCACAUGCAGCGGAAGC 1.0
@@ GCACAUGCAGCGUAAGC 1.0
@@ GCACACGCAGCGUAAGC 1.0
@@ GCACACGCGGCGUAAGC 1.0
@@ GCACCCGCGGCGUAAGC 1.0
@@ GCACCUGCGGCGUAAGC 1.0
@@ GCUCCUGCGGCGUAAGC 1.0
@@ GCUCCUGCAGCGUAAGC 1.0
@@ GCUCCUGCAGCGUCAGC 1.0
@@ GCUCAUGCAGCGUCAGC 1.0
@@ GCUUAUGCAGCGUCAGC 1.0
@@ GCUAAUGCAGCGUCAGC 1.0
@@ GCUAAUGCAGCGUAAGC 1.0
@@ GCUAAUGCAGCGUGAGC 1.0
@@ GCUACUGCAGCGUGAGC 1.0
@@ GGGACACCAGGGGCACC 1.0
@@ GGGGCACCAGGGGCACC 1.0
@@ GGGGCACCAGGGGUACC 1.0
@@ GGGGGACCAGGGGUACC 1.0
@@ GGAAAACCAGGGAAACC 1.0
@@ GGAAAACCAGGGCAACC 1.0
@@ GGAAGACCAGGGCAACC 1.0
@@ GGAAGACCAGGGCCACC 1.0
@@ GGAAGUCCAGGGCCACC 1.0
@@ GGAAGUCCAGGGGCACC 1.0
@@ GGAAGUCCAGGGGAACC 1.0
@@ GGAUGUCCAGGGGAACC 1.0
@@ GGACGUCCAGGGGAACC 1.0
@@ GGACGUCCAGGGCAACC 1.0
@@ GGACCUCCAGGGCAACC 1.0
@@ GGACCUCCAGGGCGACC 1.0
@@ GGGGCACCACCGCUGGG 1.0
@@ CCGCGAGGACCGACAGG 1.0
@@ CCGCGAGGGCCGACAGG 1.0
@@ CCGCGAGGGCCGAGAGG 1.0
@@ GCAGCCGCACCGUAAGG 1.0
@@ GCAGCCGCACCGUUAGG 1.0
@@ GCAGCCGCAGCGUUAGC 1.0
@@ GCAGGCGCAGCGUUAGC 1.0
@@ GCAACCGCGCCGUCAGG 1.0
@@ GCAACCGCGCCGUGAGG 1.0
@@ GCAGCCGCGCCGUGAGG 1.0
@@ GCAGCGGCGCCGUGAGG 1.0
@@ GCUGCGGCGCCGUGAGG 1.0
@@ GCUGCGGCGCCGUUAGG 1.0
@@ GCUGCGGCGCCGUAAGG 1.0
@@ GCUGCGGCACCGUAAGG 1.0
@@ GGGUAACCAGGGUAACC 1.0
@@ GGGUAACCAGGGUCACC 1.0
@@ GGGUCACCAGGGUCACC 1.0
@@ CCGAAAGGACCUAGUGG 1.0
@@ GCGAAAGCACCUAGUGG 1.0
@@ GCGACAGCACCUAGUGG 1.0
@@ GCGCCAGCACCUAGUGG 1.0
@@ GCGCCGGCACCUAGUGG 1.0
@@ GCGCCGGCACCUCGUGG 1.0
@@ GCGCAGGCACCUCGUGG 1.0
@@ GCGAAGGCACCUCGUGG 1.0
@@ GCGGAGGCACCUCGUGG 1.0
@@ GGAAAACCAGGGAAGCC 1.0
@@ GGAAAACCAGGGAUGCC 1.0
@@ GGAAACCCAGGGAUGCC 1.0
@@ GGAAAUCCAGGGAUGCC 1.0
@@ GGAAAUCCAGGGAUACC 1.0
@@ GGAAUUCCAGGGAUACC 1.0
@@ GGGAUUCCAGGGAUACC 1.0
@@ GGGAUACCAGGGAUACC 1.0
@@ GGGACACCAGGGAUACC 1.0
@@ GGGACACCAGGGGUACC 1.0
@@ GGGAGACCAGGGGUACC 1.0
@@ GGAACACCAGGGAAACC 1.0
@@ GGAACUCCAGGGAAACC 1.0
@@ GGAACUCCAGGGACACC 1.0
@@ GGUACUCCAGGGACACC 1.0
@@ GGUAUUCCAGGGACACC 1.0
@@ GGUAUUCCAGGGAAACC 1.0
@@ GGUAUUCCAGGGAGACC 1.0
@@ GCUAUUGCAGGGAGACC 1.0
@@ GCUAUUGCAGGGUGACC 1.0
@@ GCUAGUGCAGGGUGACC 1.0
@@ GCUAGUGCAGGGGGACC 1.0
@@ GCUUGUGCAGGGGGACC 1.0
@@ GCUUCUGCAGGGGGACC 1.0
@@ CCAAUAGGGCCGUUAGG 1.0
@@ CCAAUAGGGGCGUUAGC 1.0
@@ CCGAUAGGGGCGUUAGC 1.0
@@ CCGAUAGGGGCGUGAGC 1.0
@@ CCGAUGGGGGCGUGAGC 1.0
@@ CCGGUGGGGGCGUGAGC 1.0
@@ CCGGGGGGGGCGUGAGC 1.0
@@ GCGGGGGCGGCGUGAGC 1.0
@@ GCGGGGGCGGCGUCAGC 1.0
@@ GGACACCCAGGGAAACC 1.0
@@ GGACACCCAGGGAGACC 1.0
@@ GGACGCCCAGGGAGACC 1.0
@@ GGGCGCCCAGGGAGACC 1.0
@@ GGGCGGCCAGGGAGACC 1.0
@@ GGGCGGCCAGCGAGAGC 1.0
@@ GGGCGGCCAGCGUGAGC 1.0
@@ GGGCGACCAGCGUGAGC 1.0
@@ GGGCGACCAGCGUGGGC 1.0
@@ GGGCGACCACCGUGGGG 1.0
@@ GGGUGACCACCGUGGGG 1.0


Elapsed time:                   86400.01464509964 secs.
Number of function evaluations: 107520816
----------------------------------------------------------------------


---------------------------------------
 FINISHED SUCCESSFULLY 
---------------------------------------
