
-----------------------------------------------------------------------
   _____ _____  ______ ______ _____             _____  _   _           
  / ____|  __ \|  ____|  ____|  __ \           |  __ \| \ | |   /\     
 | |  __| |__) | |__  | |__  | |  | |  ______  | |__) |  \| |  /  \    
 | | |_ |  _  /|  __| |  __| | |  | | |______| |  _  /| . ` | / /\ \   
 | |__| | | \ \| |____| |____| |__| |          | | \ \| |\  |/ ____ \  
  \_____|_|  \_\______|______|_____/           |_|  \_\_| \_/_/    \_\ 
       
                                       -- A. Rubio-Largo et al. 2023
-----------------------------------------------------------------------

------------------------------------------------------------------------------------------------------------------
CONFIGURATION: 

 * TARGET:           ((((((.((((....))))))).)))..........
 * STOPPING:         86400 secs.
 * SEED:             6
 * NO. OF SOLUTIONS: 1
 * max. GC-cont.:    0.48
 * MODEL:            TURNER2004
 * MUTATION PROB:    0.01
 * STAGNATION LIMIT: 50
------------------------------------------------------------------------------------------------------------------


 (1) Let's minimize the base-pair distance between predicted and target structures
    -> Min(Base-pair distance), min(Hamming distance), max(probability over ensemble), min(partition function), min(ensemble defect), min(%GC-content)


	 ->['CCCCCCACCCCAAAAGGGGGGGAGGGAAAAAAAAAA', '((((((.((((....))))))).)))..........', 0.0, -0.9427788788203149, -19.1363, 0.0145, 1.0, 0.0]


    -> Found sequence! Elapsed time:                   0.013152360916137695 secs.


 (2) We found a sequence that folds exactly like the target structure. Let's minimize the GC-content
    -> ORDER: Min(Base-pair distance), min(Hamming distance), min(GC-content), min(partition function), min(ensemble defect), max(probability over ensemble))


	 >>> Resetting the solution to avoid local optima.
	 ->['GGGGGGAGGGGAAAACCCCCCCACCCAAAAAAAAAA', '((((((.((((....))))))).)))..........', 0.0, -0.8989554808725972, -19.3657, 0.0262, 1.0, 0.0]
	 ->['GGGGGGAGGGGAAAACCCCCCCACCCAAAAAAAAAA', '((((((.((((....))))))).)))..........', 0.0, -0.8989554808725972, -19.3657, 0.0262, 1.0, 0.0]
	 ->['GGGGGGAGGUGAAAACGCCCCCACCCAAAAAAAAAA', '((((((.((((....))))))).)))..........', 0.0, -0.9405778283765253, -16.6378, 0.0065, 0.9, 0.0]
	 ->['GGGGGGAGGUGAAAACGCCCUCACCCAAAAAAAAAA', '((((((.((((....))))))).)))..........', 0.0, -0.8117474122589262, -13.7285, 0.0573, 0.8, 0.0]
	 ->['GGGGGGAUGUGAAAUCGCGCUCACCCAACAAAAAGC', '((((((.((((....))))))).)))..........', 0.0, -0.8528885790233112, -11.3981, 0.0346, 0.7, 0.0]
	 ->['GGGGGGAUGUGAAAUCGCGCUCACCUAACAAAAAGC', '((((((.((((....))))))).)))..........', 0.0, -0.5723451286612101, -8.9439, 0.1111, 0.6, 0.0]
	 ->['GGGGGGAUGUUAAAUAGCGCUCACCUAACAAAACGC', '((((((.((((....))))))).)))..........', 0.0, -0.41693503577590396, -7.1392, 0.1011, 0.5, 0.0]


    -> Finished!! Elaapsed time:                   0.052401065826416016 secs.




RNA sequences found with GC-content <= 0.48:
## GGAGGGAUGUUAAAUAGCGCUCAUCUAACAAAACGC 0.4

RNA sequences found with GC-content > 0.48:
@@ CCCCCCACCCCAAAAGGGGGGGAGGGAAAAAAAAAA 1.0
@@ GCCCCCACCCCAAAAGGGGGGGAGGCAAAAAAAAAA 1.0
@@ GGGGGGAGGGGAAAACCCCCCCACCCAAAAAAAAAA 1.0
@@ GGGGGGAGGUGAAAACGCCCCCACCCAAAAAAAAAA 0.9
@@ GGGGGGAGGUGAAAACGCCCUCACCCAAAAAAAAAA 0.8
@@ GGGGGGAUGUGAAAACGCGCUCACCCAAAAAAAAAA 0.7
@@ GGGGGGAUGUGAAAACGCGCUCACCCAACAAAAAAA 0.7
@@ GGGGGGAUGUGAAAACGCGCUCACCCAACAAAAAGA 0.7
@@ GGGGGGAUGUGAAAUCGCGCUCACCCAACAAAAAGA 0.7
@@ GGGGGGAUGUGAAAUCGCGCUCACCCAACAAAAAGC 0.7
@@ GGGGGGAUGUGAAAUCGCGCUCACCUAACAAAAAGC 0.6
@@ GGGGGGAUGUUAAAUAGCGCUCACCUAACAAAAAGC 0.5
@@ GGGGGGAUGUUAAAUAGCGCUCACCUAACAAAACGC 0.5


Elapsed time:                   0.05295562744140625 secs.
Number of function evaluations: 33
----------------------------------------------------------------------


---------------------------------------
 FINISHED SUCCESSFULLY 
---------------------------------------
