
-----------------------------------------------------------------------
   _____ _____  ______ ______ _____             _____  _   _           
  / ____|  __ \|  ____|  ____|  __ \           |  __ \| \ | |   /\     
 | |  __| |__) | |__  | |__  | |  | |  ______  | |__) |  \| |  /  \    
 | | |_ |  _  /|  __| |  __| | |  | | |______| |  _  /| . ` | / /\ \   
 | |__| | | \ \| |____| |____| |__| |          | | \ \| |\  |/ ____ \  
  \_____|_|  \_\______|______|_____/           |_|  \_\_| \_/_/    \_\ 
       
                                       -- A. Rubio-Largo et al. 2023
-----------------------------------------------------------------------

------------------------------------------------------------------------------------------------------------------
CONFIGURATION: 

 * TARGET:           ((((((.((((....))))))).)))..........
 * STOPPING:         86400 secs.
 * SEED:             4
 * NO. OF SOLUTIONS: 1
 * max. GC-cont.:    0.48
 * MODEL:            TURNER2004
 * MUTATION PROB:    0.01
 * STAGNATION LIMIT: 50
------------------------------------------------------------------------------------------------------------------


 (1) Let's minimize the base-pair distance between predicted and target structures
    -> Min(Base-pair distance), min(Hamming distance), max(probability over ensemble), min(partition function), min(ensemble defect), min(%GC-content)


	 ->['CCCCCCACCCCAAAAGGGGGGGAGGGAAAAAAAAAA', '((((((.((((....))))))).)))..........', 0.0, -0.9427788788203149, -19.1363, 0.0145, 1.0, 0.0]


    -> Found sequence! Elapsed time:                   0.013424873352050781 secs.


 (2) We found a sequence that folds exactly like the target structure. Let's minimize the GC-content
    -> ORDER: Min(Base-pair distance), min(Hamming distance), min(GC-content), min(partition function), min(ensemble defect), max(probability over ensemble))


	 >>> Resetting the solution to avoid local optima.
	 ->['GGGGGGAGGGGAAAACCCCCCCACCCAAAAAAAAAA', '((((((.((((....))))))).)))..........', 0.0, -0.8989554808725972, -19.3657, 0.0262, 1.0, 0.0]
	 ->['GGGGGGAGGGGAAAACCCCCCCACCCAAAAAAAAAA', '((((((.((((....))))))).)))..........', 0.0, -0.8989554808725972, -19.3657, 0.0262, 1.0, 0.0]
	 ->['GGGGGGAGGGAACAAUCCCCCCGCCCAAAAUGAAAA', '((((((.((((....))))))).)))..........', 0.0, -0.47116017570299856, -18.0638, 0.111, 0.9, 0.0]
	 ->['UGGGGGAGGGAACCUUCCCCCCGCCAAAAAUGAGAA', '((((((.((((....))))))).)))..........', 0.0, -0.3029998801074028, -15.9359, 0.2635, 0.8, 0.0]
	 ->['UGGGGGAGGUAACCUUGCCCCCGCCAAGAAUGGGAC', '((((((.((((....))))))).)))..........', 0.0, -0.11007882616125564, -14.3599, 0.5597, 0.7, 0.0]
	 ->['UGGUGGAGGUAACCUUGCCCCAGCCAAGAAUGGGCC', '((((((.((((....))))))).)))..........', 0.0, -0.31182045753719845, -11.4182, 0.1385, 0.6, 0.0]
	 ->['UGGUGGUGAUAACCUUGUCCCAUCCAAGAAUGGGCA', '((((((.((((....))))))).)))..........', 0.0, -0.15611725696279372, -9.8446, 0.5218, 0.5, 0.0]


    -> Finished!! Elaapsed time:                   0.12622380256652832 secs.




RNA sequences found with GC-content <= 0.48:
## UGGUGAUGAUAACCUUGUCUCAUCCAAGAAUGGGCA 0.4

RNA sequences found with GC-content > 0.48:
@@ CCCCCCACCCCAAAAGGGGGGGAGGGAAAAAAAAAA 1.0
@@ GGGGGGAGGGGAAAACCCCCCCACCCAAAAAAAAAA 1.0
@@ GGGGGGAGGGAAAAAUCCCCCCACCCAAAAAAAAAA 0.9
@@ GGGGGGAGGGAAAAAUCCCCCCGCCCAAAAAAAAAA 0.9
@@ GGGGGGAGGGAAAAAUCCCCCCGCCCAAAAAGAAAA 0.9
@@ GGGGGGAGGGAAAAAUCCCCCCGCCCAAAAUGAAAA 0.9
@@ GGGGGGAGGGAACAAUCCCCCCGCCCAAAAUGAAAA 0.9
@@ UGGGGGAGGGAACAAUCCCCCCGCCAAAAAUGAAAA 0.8
@@ UGGGGGAGGGAACCAUCCCCCCGCCAAAAAUGAAAA 0.8
@@ UGGGGGAGGGAACCAUCCCCCCGCCAAAAAUGAGAA 0.8
@@ UGGGGGAGGGAACCUUCCCCCCGCCAAAAAUGAGAA 0.8
@@ UGGGGGAGGUAACCUUGCCCCCGCCAAAAAUGAGAA 0.7
@@ UGGGGGAGGUAACCUUGCCCCCGCCAAGAAUGAGAA 0.7
@@ UGGGGGAGGUAACCUUGCCCCCGCCAAGAAUGGGAA 0.7
@@ UGGGGGAGGUAACCUUGCCCCCGCCAAGAAUGGGAC 0.7
@@ UGGAGGAGGUAACCUUGCCCCUGCCAAGAAUGGGAC 0.6
@@ UGGAGGAGGUAACCUUGCCCCUGCCAAGAAUGGGCC 0.6
@@ UGGUGGAGGUAACCUUGCCCCAGCCAAGAAUGGGCC 0.6
@@ UGGUGGAGAUAACCUUGUCCCAGCCAAGAAUGGGCC 0.5
@@ UGGUGGUGAUAACCUUGUCCCAGCCAAGAAUGGGCC 0.5
@@ UGGUGGUGAUAACCUUGUCCCAGCCAAGAAUGGGCA 0.5
@@ UGGUGGUGAUAACCUUGUCCCAUCCAAGAAUGGGCA 0.5


Elapsed time:                   0.12674474716186523 secs.
Number of function evaluations: 83
----------------------------------------------------------------------


---------------------------------------
 FINISHED SUCCESSFULLY 
---------------------------------------
