
-----------------------------------------------------------------------
   _____ _____  ______ ______ _____             _____  _   _           
  / ____|  __ \|  ____|  ____|  __ \           |  __ \| \ | |   /\     
 | |  __| |__) | |__  | |__  | |  | |  ______  | |__) |  \| |  /  \    
 | | |_ |  _  /|  __| |  __| | |  | | |______| |  _  /| . ` | / /\ \   
 | |__| | | \ \| |____| |____| |__| |          | | \ \| |\  |/ ____ \  
  \_____|_|  \_\______|______|_____/           |_|  \_\_| \_/_/    \_\ 
       
                                       -- A. Rubio-Largo et al. 2023
-----------------------------------------------------------------------

------------------------------------------------------------------------------------------------------------------
CONFIGURATION: 

 * TARGET:           .(((((((((((...)))))....)))))).
 * STOPPING:         86400 secs.
 * SEED:             7
 * NO. OF SOLUTIONS: 1
 * max. GC-cont.:    0.48
 * MODEL:            TURNER2004
 * MUTATION PROB:    0.01
 * STAGNATION LIMIT: 50
------------------------------------------------------------------------------------------------------------------


 (1) Let's minimize the base-pair distance between predicted and target structures
    -> Min(Base-pair distance), min(Hamming distance), max(probability over ensemble), min(partition function), min(ensemble defect), min(%GC-content)


	 ->['AGGGGGGGGGGGAAACCCCCAAAACCCCCCA', '.(((((((((((...)))))....)))))).', 0.0, -0.7048278419861843, -22.4156, 0.1284, 1.0, 0.0]


    -> Found sequence! Elapsed time:                   0.012411355972290039 secs.


 (2) We found a sequence that folds exactly like the target structure. Let's minimize the GC-content
    -> ORDER: Min(Base-pair distance), min(Hamming distance), min(GC-content), min(partition function), min(ensemble defect), max(probability over ensemble))


	 >>> Resetting the solution to avoid local optima.
	 ->['AGGGGGGGGGGGAAACCCCCAAAACCCCCCA', '.(((((((((((...)))))....)))))).', 0.0, -0.7048278419861843, -22.4156, 0.1284, 1.0, 0.0]
	 ->['AGGGGGGGGGGGAAACCCCCAAAACCCCCCA', '.(((((((((((...)))))....)))))).', 0.0, -0.7048278419861843, -22.4156, 0.1284, 1.0, 0.0]
	 ->['AGGGAGGGGGGGAAACCCCCAAAACCUCCCA', '.(((((((((((...)))))....)))))).', 0.0, -0.7784181203871908, -20.2544, 0.0691, 0.9091, 0.0]
	 ->['CUGGAGGGGGGGAAACCCCCAAAACCUCCAA', '.(((((((((((...)))))....)))))).', 0.0, -0.6674722457929295, -18.1492, 0.0783, 0.8182, 0.0]
	 ->['CUGGAGGGGGUGAAACGCCCUAAACCUCCAA', '.(((((((((((...)))))....)))))).', 0.0, -0.7220343968320623, -15.4007, 0.0226, 0.7273, 0.0]
	 ->['CUGGAGGGUGUGAAACGCACUAAACCUCCAA', '.(((((((((((...)))))....)))))).', 0.0, -0.5933316660937139, -13.2217, 0.0778, 0.6364, 0.0]
	 ->['CUGUAGGGUGAGGAGCUCACUAAACCUACAA', '.(((((((((((...)))))....)))))).', 0.0, -0.7317283670100118, -11.4925, 0.0329, 0.5455, 0.0]


    -> Finished!! Elaapsed time:                   0.06626343727111816 secs.




RNA sequences found with GC-content <= 0.48:
## CUGUAGGGUGAGGAGCUCACUAAACUUACAA 0.45454545454545453

RNA sequences found with GC-content > 0.48:
@@ AGGGGGGGGGGGAAACCCCCAAAACCCCCCA 1.0
@@ AGGGAGGGGGGGAAACCCCCAAAACCUCCCA 0.9090909090909091
@@ AUGGAGGGGGGGAAACCCCCAAAACCUCCAA 0.8181818181818182
@@ CUGGAGGGGGGGAAACCCCCAAAACCUCCAA 0.8181818181818182
@@ CUGGAGGGGGUGAAACGCCCAAAACCUCCAA 0.7272727272727273
@@ CUGGAGGGGGUGAAACGCCCUAAACCUCCAA 0.7272727272727273
@@ CUGGAGGGUGUGAAACGCACUAAACCUCCAA 0.6363636363636364
@@ CUGUAGGGUGUGAAACGCACUAAACCUGCAA 0.5454545454545454
@@ CUGUAGGGUGUGGAACGCACUAAACCUGCAA 0.5454545454545454
@@ CUGUAGGGUGUGGAACGCACUAAACCUACAA 0.5454545454545454
@@ CUGUAGGGUGAGGAACUCACUAAACCUACAA 0.5454545454545454
@@ CUGUAGGGUGAGGAGCUCACUAAACCUACAA 0.5454545454545454


Elapsed time:                   0.06659412384033203 secs.
Number of function evaluations: 48
----------------------------------------------------------------------


---------------------------------------
 FINISHED SUCCESSFULLY 
---------------------------------------
