
-----------------------------------------------------------------------
   _____ _____  ______ ______ _____             _____  _   _           
  / ____|  __ \|  ____|  ____|  __ \           |  __ \| \ | |   /\     
 | |  __| |__) | |__  | |__  | |  | |  ______  | |__) |  \| |  /  \    
 | | |_ |  _  /|  __| |  __| | |  | | |______| |  _  /| . ` | / /\ \   
 | |__| | | \ \| |____| |____| |__| |          | | \ \| |\  |/ ____ \  
  \_____|_|  \_\______|______|_____/           |_|  \_\_| \_/_/    \_\ 
       
                                       -- A. Rubio-Largo et al. 2023
-----------------------------------------------------------------------

------------------------------------------------------------------------------------------------------------------
CONFIGURATION: 

 * TARGET:           ..((((((((.....))))((((.....))))))))..
 * STOPPING:         86400 secs.
 * SEED:             9
 * NO. OF SOLUTIONS: 1
 * max. GC-cont.:    0.48
 * MODEL:            TURNER2004
 * MUTATION PROB:    0.01
 * STAGNATION LIMIT: 50
------------------------------------------------------------------------------------------------------------------


 (1) Let's minimize the base-pair distance between predicted and target structures
    -> Min(Base-pair distance), min(Hamming distance), max(probability over ensemble), min(partition function), min(ensemble defect), min(%GC-content)


	 ->['AAGGGGGGGGAAAAACCCCGGGGAAAAACCCCCCCCAA', '..((((((((.....((....)).....))))))))..', 0.3684, -0.07575312596905262, -21.1903, 0.3881, 1.0, 0.2105]
	 ->['AAGGGGGGGGAAAAACCCCGGGGAAAAACCCCCCCCAA', '..((((((((.....((....)).....))))))))..', 0.3684, -0.07575312596905262, -21.1903, 0.3881, 1.0, 0.2105]


    -> Found sequence! Elapsed time:                   0.013531684875488281 secs.


 (2) We found a sequence that folds exactly like the target structure. Let's minimize the GC-content
    -> ORDER: Min(Base-pair distance), min(Hamming distance), min(GC-content), min(partition function), min(ensemble defect), max(probability over ensemble))


	 >>> Resetting the solution to avoid local optima.
	 ->['AAGGGGGGGGAAAAACCCCGGGGAAAAACCCCCCCCAA', '..((((((((.....((....)).....))))))))..', 0.3684, -0.07575312596905262, -21.1903, 0.3881, 1.0, 0.2105]
	 ->['CAUGAGGGGGAUAUACCCCGGGGAAAAACCCCCUCAAA', '..((((((((.....((....)).....))))))))..', 0.3684, -0.0409706147949391, -17.0691, 0.4438, 0.8, 0.2105]
	 ->['CAUGAGGGGGAUAUACCCCGUGGAAAAACCGCCUCAAA', '..((((((((.....))))((((.....))))))))..', 0.0, -0.3535562869289199, -13.0408, 0.2305, 0.75, 0.0]
	 ->['CAACAGGGGCAUGCAGCCCGUGUAAUCGGCACCUGUGG', '..((((((((.....))))((((.....))))))))..', 0.0, -0.242657688182308, -12.9728, 0.2839, 0.6667, 0.0]
	 >>> Resetting the solution to avoid local optima.
	 ->['AACCCCCCCCAAAAAGGGGCCCCAAAAAGGGGGGGGAA', '..((((((((.....((....)).....))))))))..', 0.3684, -0.029583572478067414, -21.0698, 0.4122, 1.0, 0.2105]
	 ->['AACCCCGCCCAAAAAGGGCCCCCAAAAAGGGGGGGGAA', '..((((((((.....))))((((.....))))))))..', 0.0, -0.9121722818444765, -20.1567, 0.0212, 1.0, 0.0]
	 ->['CACCCCGCACAAAAAGUGCCCCCAAAAAGGGGGGGGAA', '..((((((((.....))))((((.....))))))))..', 0.0, -0.9100481533856023, -17.8581, 0.0213, 0.9167, 0.0]
	 ->['CACCCCGCACAAAAAGUGCCCUCAAAAAGGGGGGGGAA', '..((((((((.....))))((((.....))))))))..', 0.0, -0.7664999907748644, -14.9639, 0.0783, 0.8333, 0.0]
	 ->['CACCACGCACAAAAAGUGCCCUCAAAAAGGGGGUGGAC', '..((((((((.....))))((((.....))))))))..', 0.0, -0.8506359921681084, -12.5997, 0.044, 0.75, 0.0]
	 ->['CACCAUGCACAAAAAGUGCCCACAAUAAGUGGAUGGAC', '..((((((((.....))))((((.....))))))))..', 0.0, -0.8351442619611517, -11.011, 0.0245, 0.6667, 0.0]
	 ->['CACCAUGCACAAAAAGUGCCUACAAUAAGUGGAUGGAC', '..((((((((.....))))((((.....))))))))..', 0.0, -0.5086041024385175, -9.0167, 0.1828, 0.5833, 0.0]
	 ->['GGGCAUGCACAUGGAGUGCCUACAAUAAGUGGAUGUAC', '..((((((((.....))))((((.....))))))))..', 0.0, -0.11176242996856249, -8.6506, 0.5038, 0.5, 0.0]


    -> Finished!! Elaapsed time:                   0.42708873748779297 secs.




RNA sequences found with GC-content <= 0.48:
## GGGCAUGAACAUGGAGUUCCUACAAUAAGUGGAUGUAC 0.41666666666666663

RNA sequences found with GC-content > 0.48:
@@ AAGGGGGGGGAAAAACCCCCGGGAAAAACCCGCCCCAA 1.0
@@ AAGGGCGGGGAAAAACCCCCGGGAAAAACCCGGCCCAA 1.0
@@ AAGGGCGGGGAAAAACCCCCGGCAAAAAGCCGGCCCAA 1.0
@@ AAGGGCGGGCAAAAAGCCCCGGCAAAAAGCCGGCCCAA 1.0
@@ AAGGCCGGGCAAAAAGCCCCGGCAAAAAGCCGGGCCAA 1.0
@@ CAUGAGGGGGAUAUACCCCGUGGAAAAACCGCCUCAAA 0.75
@@ CAUGAGGGGGAUAUACCCCGUGGAAAAAUCGCCUCAAA 0.6666666666666666
@@ CAUGAGGGGGAUGUACCCCGUGGAAAAAUCGCCUCAAA 0.6666666666666666
@@ CAUGAGGGGGAUGUACCCCGUGGAAAAAUCGCCUCAGA 0.6666666666666666
@@ CAAGAGGGGGAUGUACCCCGUGGAAAAAUCGCCUCUGA 0.6666666666666666
@@ CAAGAGGGGGAUGCACCCCGUGGAAAAAUCGCCUCUGA 0.6666666666666666
@@ CAAGAGGGGGAUGCACCCCGUGAAAAAAUCGCCUCUGA 0.6666666666666666
@@ CAAGAGGGGGAUGCACCCCGUGAAAUAAUCGCCUCUGA 0.6666666666666666
@@ CAAGAGGGGGAUGCACCCCGUGAAAUAAUCGCCUCUGG 0.6666666666666666
@@ CAAGAGGGGGAUGCACCCCGUGAAAUAAUCACCUCUGG 0.6666666666666666
@@ CAAGAGGGGGAUGCACCCCGUGAAAUAGUCACCUCUGG 0.6666666666666666
@@ CAAGAGGGGGAUGCACCCCGUGAAAUCGUCACCUCUGG 0.6666666666666666
@@ CAAGAGGGGCAUGCAGCCCGUGAAAUCGUCACCUCUGG 0.6666666666666667
@@ CAAGAGGGGCAUGCAGCCCGUGUAAUCGGCACCUCUGG 0.6666666666666667
@@ CAACAGGGGCAUGCAGCCCGUGUAAUCGGCACCUGUGG 0.6666666666666666
@@ CAACAGGGGCAUGCAGCCCGUAUAAUCGGUACCUGUGG 0.5833333333333334
@@ CAACAGGGGCAUGCCGCCCGUAUAAUCGGUACCUGUGG 0.5833333333333334
@@ CAACAGGGGCAUGCCGCCCGUAUAUUCGGUACCUGUGG 0.5833333333333334
@@ CAACAGGGGCAUGCCGCCCGUAUAUCCGGUACCUGUGG 0.5833333333333334
@@ AACCCCGCCCAAAAAGGGCCCCCAAAAAGGGGGGGGAA 1.0
@@ AACCCCGCACAAAAAGUGCCCCCAAAAAGGGGGGGGAA 0.9166666666666667
@@ CACCCCGCACAAAAAGUGCCCCCAAAAAGGGGGGGGAA 0.9166666666666667
@@ CACCCCGCACAAAAAGUGCCCUCAAAAAGGGGGGGGAA 0.8333333333333334
@@ CACCACGCACAAAAAGUGCCCUCAAAAAGGGGGUGGAA 0.75
@@ CACCACGCACAAAAAGUGCCCUCAAAAAGGGGGUGGAC 0.75
@@ CACCAUGCACAAAAAGUGCCCUCAAAAAGGGGAUGGAC 0.6666666666666667
@@ CACCAUGCACAAAAAGUGCCCUCAAUAAGGGGAUGGAC 0.6666666666666667
@@ CACCAUGCACAAAAAGUGCCCACAAUAAGUGGAUGGAC 0.6666666666666667
@@ CACCAUGCACAAAAAGUGCCUACAAUAAGUGGAUGGAC 0.5833333333333334
@@ CAGCAUGCACAAAAAGUGCCUACAAUAAGUGGAUGUAC 0.5
@@ GAGCAUGCACAAAAAGUGCCUACAAUAAGUGGAUGUAC 0.5
@@ GAGCAUGCACAAUAAGUGCCUACAAUAAGUGGAUGUAC 0.5
@@ GAGCAUGCACAAGAAGUGCCUACAAUAAGUGGAUGUAC 0.5
@@ GAGCAUGCACAAGGAGUGCCUACAAUAAGUGGAUGUAC 0.5
@@ GAGCAUGCACAUGGAGUGCCUACAAUAAGUGGAUGUAC 0.5
@@ GGGCAUGCACAUGGAGUGCCUACAAUAAGUGGAUGUAC 0.5


Elapsed time:                   0.42821502685546875 secs.
Number of function evaluations: 269
----------------------------------------------------------------------


---------------------------------------
 FINISHED SUCCESSFULLY 
---------------------------------------
