
-----------------------------------------------------------------------
   _____ _____  ______ ______ _____             _____  _   _           
  / ____|  __ \|  ____|  ____|  __ \           |  __ \| \ | |   /\     
 | |  __| |__) | |__  | |__  | |  | |  ______  | |__) |  \| |  /  \    
 | | |_ |  _  /|  __| |  __| | |  | | |______| |  _  /| . ` | / /\ \   
 | |__| | | \ \| |____| |____| |__| |          | | \ \| |\  |/ ____ \  
  \_____|_|  \_\______|______|_____/           |_|  \_\_| \_/_/    \_\ 
       
                                       -- A. Rubio-Largo et al. 2023
-----------------------------------------------------------------------

------------------------------------------------------------------------------------------------------------------
CONFIGURATION: 

 * TARGET:           .(((((((((((...)))))....)))))).
 * STOPPING:         86400 secs.
 * SEED:             4
 * NO. OF SOLUTIONS: 1
 * max. GC-cont.:    0.48
 * MODEL:            TURNER2004
 * MUTATION PROB:    0.01
 * STAGNATION LIMIT: 50
------------------------------------------------------------------------------------------------------------------


 (1) Let's minimize the base-pair distance between predicted and target structures
    -> Min(Base-pair distance), min(Hamming distance), max(probability over ensemble), min(partition function), min(ensemble defect), min(%GC-content)


	 ->['ACCCCCCCCCCCAAAGGGGGAAAAGGGGGGA', '.(((((((((((...)))))....)))))).', 0.0, -0.8371495711292307, -21.9096, 0.0828, 1.0, 0.0]


    -> Found sequence! Elapsed time:                   0.012558460235595703 secs.


 (2) We found a sequence that folds exactly like the target structure. Let's minimize the GC-content
    -> ORDER: Min(Base-pair distance), min(Hamming distance), min(GC-content), min(partition function), min(ensemble defect), max(probability over ensemble))


	 >>> Resetting the solution to avoid local optima.
	 ->['ACCCCCCCCCCCAAAGGGGGAAAAGGGGGGA', '.(((((((((((...)))))....)))))).', 0.0, -0.8371495711292307, -21.9096, 0.0828, 1.0, 0.0]
	 ->['ACCCCCCCCCCCAAAGGGGGAAAAGGGGGGA', '.(((((((((((...)))))....)))))).', 0.0, -0.8371495711292307, -21.9096, 0.0828, 1.0, 0.0]
	 ->['AACCCCCCCCCCAAAGGGGGAAAAGGGGGUA', '.(((((((((((...)))))....)))))).', 0.0, -0.8706130390441961, -20.1854, 0.0231, 0.9091, 0.0]
	 ->['AACUCCCCCCCCAAAGGGGGAAAAGGGAGUA', '.(((((((((((...)))))....)))))).', 0.0, -0.874906148918731, -18.0824, 0.0196, 0.8182, 0.0]
	 ->['AACUGCCCCCCCAAAGGGGGAAAAGGUAGUA', '.(((((((((((...)))))....)))))).', 0.0, -0.873449576724582, -15.8834, 0.02, 0.7273, 0.0]
	 ->['AACUGCCGCCCCAAAGGGGUUAAUGGUAGUA', '.(((((((((((...)))))....)))))).', 0.0, -0.768090474911559, -14.6626, 0.0221, 0.6364, 0.0]
	 ->['AACUGCCGCCACCAAGUGGUUAAUGGUAGUA', '.(((((((((((...)))))....)))))).', 0.0, -0.720030669724435, -12.4024, 0.0425, 0.5455, 0.0]


    -> Finished!! Elaapsed time:                   0.05778193473815918 secs.




RNA sequences found with GC-content <= 0.48:
## AACUGCAGCCACCAAGUGGUUAAUUGUAGUA 0.45454545454545453

RNA sequences found with GC-content > 0.48:
@@ ACCCCCCCCCCCAAAGGGGGAAAAGGGGGGA 1.0
@@ AGCCCCCCCCCCAAAGGGGGAAAAGGGGGCA 1.0
@@ AGCCCCCGCCCCAAAGGGGCAAAAGGGGGCA 1.0
@@ AACCCCCCCCCCAAAGGGGGAAAAGGGGGUA 0.9090909090909091
@@ AACUCCCCCCCCAAAGGGGGAAAAGGGAGUA 0.8181818181818182
@@ AACUGCCCCCCCAAAGGGGGAAAAGGUAGUA 0.7272727272727273
@@ AACUGCCGCCCCAAAGGGGUAAAAGGUAGUA 0.6363636363636364
@@ AACUGCCGCCCCAAAGGGGUUAAAGGUAGUA 0.6363636363636364
@@ AACUGCCGCCCCAAAGGGGUUAAUGGUAGUA 0.6363636363636364
@@ AACUGCCGCCACAAAGUGGUUAAUGGUAGUA 0.5454545454545454
@@ AACUGCCGCCACCAAGUGGUUAAUGGUAGUA 0.5454545454545454


Elapsed time:                   0.058092355728149414 secs.
Number of function evaluations: 41
----------------------------------------------------------------------


---------------------------------------
 FINISHED SUCCESSFULLY 
---------------------------------------
