
-----------------------------------------------------------------------
   _____ _____  ______ ______ _____             _____  _   _           
  / ____|  __ \|  ____|  ____|  __ \           |  __ \| \ | |   /\     
 | |  __| |__) | |__  | |__  | |  | |  ______  | |__) |  \| |  /  \    
 | | |_ |  _  /|  __| |  __| | |  | | |______| |  _  /| . ` | / /\ \   
 | |__| | | \ \| |____| |____| |__| |          | | \ \| |\  |/ ____ \  
  \_____|_|  \_\______|______|_____/           |_|  \_\_| \_/_/    \_\ 
       
                                       -- A. Rubio-Largo et al. 2023
-----------------------------------------------------------------------

------------------------------------------------------------------------------------------------------------------
CONFIGURATION: 

 * TARGET:           ((((((.((((....))))))).)))..........
 * STOPPING:         86400 secs.
 * SEED:             5
 * NO. OF SOLUTIONS: 1
 * max. GC-cont.:    0.48
 * MODEL:            TURNER2004
 * MUTATION PROB:    0.01
 * STAGNATION LIMIT: 50
------------------------------------------------------------------------------------------------------------------


 (1) Let's minimize the base-pair distance between predicted and target structures
    -> Min(Base-pair distance), min(Hamming distance), max(probability over ensemble), min(partition function), min(ensemble defect), min(%GC-content)


	 ->['GGGGGGAGGGGAAAACCCCCCCACCCAAAAAAAAAA', '((((((.((((....))))))).)))..........', 0.0, -0.8989554808725972, -19.3657, 0.0262, 1.0, 0.0]


    -> Found sequence! Elapsed time:                   0.012910127639770508 secs.


 (2) We found a sequence that folds exactly like the target structure. Let's minimize the GC-content
    -> ORDER: Min(Base-pair distance), min(Hamming distance), min(GC-content), min(partition function), min(ensemble defect), max(probability over ensemble))


	 >>> Resetting the solution to avoid local optima.
	 ->['CCCCCCACCCCAAAAGGGGGGGAGGGAAAAAAAAAA', '((((((.((((....))))))).)))..........', 0.0, -0.9427788788203149, -19.1363, 0.0145, 1.0, 0.0]
	 ->['CCGCCCACCCCAAAAGGGGGGGAUGGAAAAAAAAAA', '((((((.((((....))))))).)))..........', 0.0, -0.9448844803134434, -16.4349, 0.0066, 0.9, 0.0]
	 ->['UCUCCCACCCCAAACGGGGGGGAAGAAAAAAGAAAA', '((((((.((((....))))))).)))..........', 0.0, -0.34965057697904656, -15.9476, 0.0777, 0.8, 0.0]
	 ->['UCUGCCACCCCAAACGGGGGGUAAGAAAAGAGAAUA', '((((((.((((....))))))).)))..........', 0.0, -0.3307654049852773, -13.7819, 0.0794, 0.7, 0.0]
	 ->['UCUGCCACCACAAACGUGGGGUAAGAAAAGAGAAUA', '((((((.((((....))))))).)))..........', 0.0, -0.3313528179495202, -11.4808, 0.0783, 0.6, 0.0]
	 ->['UCUGCCACCAUAACCGUGGGGUAAGAAAUGAGAAUG', '((((((.((((....))))))).)))..........', 0.0, -0.2897898583376731, -9.5634, 0.0874, 0.5, 0.0]


    -> Finished!! Elaapsed time:                   0.07773900032043457 secs.




RNA sequences found with GC-content <= 0.48:
## UCUGGCACCAUAACCGUGGGUUAAGAAAUGAGAAUG 0.4

RNA sequences found with GC-content > 0.48:
@@ GGGGGGAGGGGAAAACCCCCCCACCCAAAAAAAAAA 1.0
@@ CCGCCCACCCCAAAAGGGGGGGAUGGAAAAAAAAAA 0.9
@@ UCGCCCACCCCAAAAGGGGGGGAUGGAAAAAAAAAA 0.8
@@ UCGCCCACCCCAAAAGGGGGGGAUGAAAAAAAAAAA 0.8
@@ UCGCCCACCCCAAACGGGGGGGAUGAAAAAAAAAAA 0.8
@@ UCUCCCACCCCAAACGGGGGGGAAGAAAAAAAAAAA 0.8
@@ UCUCCCACCCCAAACGGGGGGGAAGAAAAAAGAAAA 0.8
@@ UCUGCCACCCCAAACGGGGGGUAAGAAAAAAGAAAA 0.7
@@ UCUGCCACCCCAAACGGGGGGUAAGAAAAAAGAAGA 0.7
@@ UCUGCCACCCCAAACGGGGGGUAAGAAAAAAGAAUA 0.7
@@ UCUGCCACCCCAAACGGGGGGUAAGAAAAGAGAAUA 0.7
@@ UCUGCCACCACAAACGUGGGGUAAGAAAAGAGAAUA 0.6
@@ UCUGCCACCAUAAACGUGGGGUAAGAAAAGAGAAUA 0.5
@@ UCUGCCACCAUAAACGUGGGGUAAGAAAAGAGAAUG 0.5
@@ UCUGCCACCAUAACCGUGGGGUAAGAAAAGAGAAUG 0.5
@@ UCUGCCACCAUAACCGUGGGGUAAGAAAUGAGAAUG 0.5


Elapsed time:                   0.07814216613769531 secs.
Number of function evaluations: 52
----------------------------------------------------------------------


---------------------------------------
 FINISHED SUCCESSFULLY 
---------------------------------------
