
-----------------------------------------------------------------------
   _____ _____  ______ ______ _____             _____  _   _           
  / ____|  __ \|  ____|  ____|  __ \           |  __ \| \ | |   /\     
 | |  __| |__) | |__  | |__  | |  | |  ______  | |__) |  \| |  /  \    
 | | |_ |  _  /|  __| |  __| | |  | | |______| |  _  /| . ` | / /\ \   
 | |__| | | \ \| |____| |____| |__| |          | | \ \| |\  |/ ____ \  
  \_____|_|  \_\______|______|_____/           |_|  \_\_| \_/_/    \_\ 
       
                                       -- A. Rubio-Largo et al. 2023
-----------------------------------------------------------------------

------------------------------------------------------------------------------------------------------------------
CONFIGURATION: 

 * TARGET:           ((....)).((....))
 * STOPPING:         86400 secs.
 * SEED:             7
 * NO. OF SOLUTIONS: 1
 * max. GC-cont.:    0.48
 * MODEL:            TURNER2004
 * MUTATION PROB:    0.01
 * STAGNATION LIMIT: 50
------------------------------------------------------------------------------------------------------------------


 (1) Let's minimize the base-pair distance between predicted and target structures
    -> Min(Base-pair distance), min(Hamming distance), max(probability over ensemble), min(partition function), min(ensemble defect), min(%GC-content)


	 ->['GGAAAACCAGGAAAACC', '((....)).........', 0.1176, -0.10810565308153613, -0.8711, 0.2233, 1.0, 0.2353]
	 >>> Resetting the solution to avoid local optima.
	 ->['CCAAAAGGACCAAAAGG', '((....)).........', 0.1176, -0.22692884214082137, -0.9141, 0.2019, 1.0, 0.2353]
	 ->['CCAAAAGGACCAAAAGG', '((....)).........', 0.1176, -0.22692884214082137, -0.9141, 0.2019, 1.0, 0.2353]


    -> Found sequence! Elapsed time:                   0.03671598434448242 secs.


 (2) We found a sequence that folds exactly like the target structure. Let's minimize the GC-content
    -> ORDER: Min(Base-pair distance), min(Hamming distance), min(GC-content), min(partition function), min(ensemble defect), max(probability over ensemble))


	 >>> Resetting the solution to avoid local optima.
	 ->['CCAAAAGGACCAAAAGG', '((....)).........', 0.1176, -0.22692884214082137, -0.9141, 0.2019, 1.0, 0.2353]
	 >>> Resetting the solution to avoid local optima.
	 ->['CCAAAAGGACCAAAAGG', '((....)).........', 0.1176, -0.22692884214082137, -0.9141, 0.2019, 1.0, 0.2353]
	 ->['CCAAGGGGACCAACAGG', '((....)).........', 0.1176, -0.15980641251416283, -1.0302, 0.2756, 1.0, 0.2353]
	 >>> Resetting the solution to avoid local optima.
	 ->['CCAAAAGGACCAAAAGG', '((....)).........', 0.1176, -0.22692884214082137, -0.9141, 0.2019, 1.0, 0.2353]
	 ->['CCAAGUGGACCAAUAGG', '((....)).........', 0.1176, -0.21789116707870873, -0.9391, 0.2172, 1.0, 0.2353]
	 >>> Resetting the solution to avoid local optima.
	 ->['GGAAAACCAGGAAAACC', '((....)).........', 0.1176, -0.10810565308153613, -0.8711, 0.2233, 1.0, 0.2353]
	 >>> Resetting the solution to avoid local optima.
	 ->['CCAAAAGGACCAAAAGG', '((....)).........', 0.1176, -0.22692884214082137, -0.9141, 0.2019, 1.0, 0.2353]
	 ->['CCUGCUGGGCCUGUUGG', '((....)).........', 0.1176, -0.27620576336424296, -1.893, 0.2708, 1.0, 0.2353]
	 >>> Resetting the solution to avoid local optima.
	 ->['CCAAAAGGACCAAAAGG', '((....)).........', 0.1176, -0.22692884214082137, -0.9141, 0.2019, 1.0, 0.2353]
	 ->['CCAAAGGGACCAAAAGG', '((....)).........', 0.1176, -0.18960719077712565, -0.9248, 0.232, 1.0, 0.2353]
	 >>> Resetting the solution to avoid local optima.
	 ->['CCAAAAGGACCAAAAGG', '((....)).........', 0.1176, -0.22692884214082137, -0.9141, 0.2019, 1.0, 0.2353]
	 ->['GCACUGGCGCCGUUCGG', '((....)).........', 0.1176, -0.1282249568318467, -1.5659, 0.3505, 1.0, 0.2353]
	 >>> Resetting the solution to avoid local optima.
	 ->['GGAAAACCAGGAAAACC', '((....)).........', 0.1176, -0.10810565308153613, -0.8711, 0.2233, 1.0, 0.2353]
	 ->['GGGAAACCAGGAAAACC', '((....)).........', 0.1176, -0.14908271525175254, -2.073, 0.1648, 1.0, 0.2353]
	 >>> Resetting the solution to avoid local optima.
	 ->['CCAAAAGGACCAAAAGG', '((....)).........', 0.1176, -0.22692884214082137, -0.9141, 0.2019, 1.0, 0.2353]
	 ->['GCGUGGGCACGUUUGCG', '((....)).........', 0.1176, -0.019123012329458934, -2.7387, 0.49, 1.0, 0.2353]
	 >>> Resetting the solution to avoid local optima.
	 ->['GGAAAACCAGGAAAACC', '((....)).........', 0.1176, -0.10810565308153613, -0.8711, 0.2233, 1.0, 0.2353]
	 >>> Resetting the solution to avoid local optima.
	 ->['CCAAAAGGACCAAAAGG', '((....)).........', 0.1176, -0.22692884214082137, -0.9141, 0.2019, 1.0, 0.2353]
	 ->['CCAAAAGGACCAGAAGG', '((....)).........', 0.1176, -0.22671521073609321, -0.9147, 0.2022, 1.0, 0.2353]
	 >>> Resetting the solution to avoid local optima.
	 ->['GGAAAACCAGGAAAACC', '((....)).........', 0.1176, -0.10810565308153613, -0.8711, 0.2233, 1.0, 0.2353]
	 >>> Resetting the solution to avoid local optima.
	 ->['CCAAAAGGACCAAAAGG', '((....)).........', 0.1176, -0.22692884214082137, -0.9141, 0.2019, 1.0, 0.2353]
	 ->['CCAGAGGGACCAAAAGG', '((....)).........', 0.1176, -0.18854849556288406, -0.9283, 0.2333, 1.0, 0.2353]
	 >>> Resetting the solution to avoid local optima.
	 ->['GGAAAACCAGGAAAACC', '((....)).........', 0.1176, -0.10810565308153613, -0.8711, 0.2233, 1.0, 0.2353]
	 >>> Resetting the solution to avoid local optima.
	 ->['GGAAAACCAGGAAAACC', '((....)).........', 0.1176, -0.10810565308153613, -0.8711, 0.2233, 1.0, 0.2353]
	 >>> Resetting the solution to avoid local optima.
	 ->['GGAAAACCAGGAAAACC', '((....)).........', 0.1176, -0.10810565308153613, -0.8711, 0.2233, 1.0, 0.2353]
	 >>> Resetting the solution to avoid local optima.
	 ->['GGAAAACCAGGAAAACC', '((....)).........', 0.1176, -0.10810565308153613, -0.8711, 0.2233, 1.0, 0.2353]
	 ->['GCAGGAGCAGGUCGGCC', '((....)).........', 0.1176, -0.05967422819150263, -1.7373, 0.4341, 1.0, 0.2353]
	 >>> Resetting the solution to avoid local optima.
	 ->['CCAAAAGGACCAAAAGG', '((....)).........', 0.1176, -0.22692884214082137, -0.9141, 0.2019, 1.0, 0.2353]
	 ->['CCAGAAGGACCGAACGG', '((....)).........', 0.1176, -0.2214544718201148, -0.9291, 0.2076, 1.0, 0.2353]
	 >>> Resetting the solution to avoid local optima.
	 ->['CCAAAAGGACCAAAAGG', '((....)).........', 0.1176, -0.22692884214082137, -0.9141, 0.2019, 1.0, 0.2353]
	 ->['GCUCCGGCACCACAGGG', '((....)).........', 0.1176, -0.22747738402136763, -2.9126, 0.2042, 1.0, 0.2353]
	 >>> Resetting the solution to avoid local optima.
	 ->['GGAAAACCAGGAAAACC', '((....)).........', 0.1176, -0.10810565308153613, -0.8711, 0.2233, 1.0, 0.2353]
	 ->['GGGUUACCAGGUAAACC', '((....)).........', 0.1176, -0.06486547945570617, -2.5859, 0.4857, 1.0, 0.2353]
	 >>> Resetting the solution to avoid local optima.
	 ->['CCAAAAGGACCAAAAGG', '((....)).........', 0.1176, -0.22692884214082137, -0.9141, 0.2019, 1.0, 0.2353]
	 >>> Resetting the solution to avoid local optima.
	 ->['GGAAAACCAGGAAAACC', '((....)).........', 0.1176, -0.10810565308153613, -0.8711, 0.2233, 1.0, 0.2353]
	 >>> Resetting the solution to avoid local optima.
	 ->['CCAAAAGGACCAAAAGG', '((....)).........', 0.1176, -0.22692884214082137, -0.9141, 0.2019, 1.0, 0.2353]
	 ->['GCAGUCGCACCGGAUGG', '((....)).........', 0.1176, -0.15361402817638847, -1.8546, 0.4447, 1.0, 0.2353]
	 >>> Resetting the solution to avoid local optima.
	 ->['CCAAAAGGACCAAAAGG', '((....)).........', 0.1176, -0.22692884214082137, -0.9141, 0.2019, 1.0, 0.2353]
	 ->['GCUGAUGCACCAACAGG', '((....)).........', 0.1176, -0.24782830246304757, -2.1598, 0.3012, 1.0, 0.2353]
	 >>> Resetting the solution to avoid local optima.
	 ->['CCAAAAGGACCAAAAGG', '((....)).........', 0.1176, -0.22692884214082137, -0.9141, 0.2019, 1.0, 0.2353]
	 ->['CCAAAAGGACCAAUAGG', '((....)).........', 0.1176, -0.22650095373212079, -0.9152, 0.2025, 1.0, 0.2353]
	 >>> Resetting the solution to avoid local optima.
	 ->['CCAAAAGGACCAAAAGG', '((....)).........', 0.1176, -0.22692884214082137, -0.9141, 0.2019, 1.0, 0.2353]
	 ->['CCUUAUGGACCACAGGG', '((....)).........', 0.1176, -0.09065655985219669, -1.9796, 0.4671, 1.0, 0.2353]
	 >>> Resetting the solution to avoid local optima.
	 ->['CCAAAAGGACCAAAAGG', '((....)).........', 0.1176, -0.22692884214082137, -0.9141, 0.2019, 1.0, 0.2353]
	 ->['CCGCAGGGGCCGAACGG', '((....)).........', 0.1176, -0.14479156004717017, -1.991, 0.301, 1.0, 0.2353]
	 >>> Resetting the solution to avoid local optima.
	 ->['CCAAAAGGACCAAAAGG', '((....)).........', 0.1176, -0.22692884214082137, -0.9141, 0.2019, 1.0, 0.2353]
	 ->['CCAUUAGGACCAUAGGG', '((....)).........', 0.1176, -0.1312662881300617, -1.1515, 0.3023, 1.0, 0.2353]
	 >>> Resetting the solution to avoid local optima.
	 ->['GGAAAACCAGGAAAACC', '((....)).........', 0.1176, -0.10810565308153613, -0.8711, 0.2233, 1.0, 0.2353]
	 ->['GCGCACGCAGGAGAGCC', '((....)).........', 0.1176, -0.07223746545239008, -1.8196, 0.4128, 1.0, 0.2353]
	 >>> Resetting the solution to avoid local optima.
	 ->['CCAAAAGGACCAAAAGG', '((....)).........', 0.1176, -0.22692884214082137, -0.9141, 0.2019, 1.0, 0.2353]
	 >>> Resetting the solution to avoid local optima.
	 ->['CCAAAAGGACCAAAAGG', '((....)).........', 0.1176, -0.22692884214082137, -0.9141, 0.2019, 1.0, 0.2353]
	 ->['CCGUGAGGGCCGUUCGG', '((....)).........', 0.1176, -0.11110292852290675, -2.0542, 0.3906, 1.0, 0.2353]
	 >>> Resetting the solution to avoid local optima.
	 ->['GGAAAACCAGGAAAACC', '((....)).........', 0.1176, -0.10810565308153613, -0.8711, 0.2233, 1.0, 0.2353]
	 >>> Resetting the solution to avoid local optima.
	 ->['GGAAAACCAGGAAAACC', '((....)).........', 0.1176, -0.10810565308153613, -0.8711, 0.2233, 1.0, 0.2353]
	 >>> Resetting the solution to avoid local optima.
	 ->['GGAAAACCAGGAAAACC', '((....)).........', 0.1176, -0.10810565308153613, -0.8711, 0.2233, 1.0, 0.2353]
	 ->['GGGUGACCAGGCGAACC', '((....)).........', 0.1176, -0.13111565494609556, -2.1522, 0.2167, 1.0, 0.2353]
	 >>> Resetting the solution to avoid local optima.
	 ->['CCAAAAGGACCAAAAGG', '((....)).........', 0.1176, -0.22692884214082137, -0.9141, 0.2019, 1.0, 0.2353]
	 ->['GCAGGAGCGCCGGGUGG', '((....)).........', 0.1176, -0.10583329562442996, -1.7842, 0.3768, 1.0, 0.2353]
	 >>> Resetting the solution to avoid local optima.
	 ->['CCAAAAGGACCAAAAGG', '((....)).........', 0.1176, -0.22692884214082137, -0.9141, 0.2019, 1.0, 0.2353]
	 ->['GCACGGGCGCCAAAGGG', '((....)).........', 0.1176, -0.1229216492270679, -1.4919, 0.2567, 1.0, 0.2353]
	 >>> Resetting the solution to avoid local optima.
	 ->['CCAAAAGGACCAAAAGG', '((....)).........', 0.1176, -0.22692884214082137, -0.9141, 0.2019, 1.0, 0.2353]
	 ->['CCAACAGGGCCAACAGG', '((....)).........', 0.1176, -0.15578112652332712, -1.0459, 0.2385, 1.0, 0.2353]
	 >>> Resetting the solution to avoid local optima.
	 ->['GGAAAACCAGGAAAACC', '((....)).........', 0.1176, -0.10810565308153613, -0.8711, 0.2233, 1.0, 0.2353]
	 ->['GCAGAUGCAGCAUGGGC', '((....)).........', 0.1176, -0.13811374577100857, -1.6201, 0.3025, 1.0, 0.2353]
	 >>> Resetting the solution to avoid local optima.
	 ->['CCAAAAGGACCAAAAGG', '((....)).........', 0.1176, -0.22692884214082137, -0.9141, 0.2019, 1.0, 0.2353]
	 >>> Resetting the solution to avoid local optima.
	 ->['CCAAAAGGACCAAAAGG', '((....)).........', 0.1176, -0.22692884214082137, -0.9141, 0.2019, 1.0, 0.2353]
	 ->['GCAUCAGCGCCUCAUGG', '((....)).........', 0.1176, -0.3301212208758434, -1.6831, 0.2051, 1.0, 0.2353]
	 >>> Resetting the solution to avoid local optima.
	 ->['GGAAAACCAGGAAAACC', '((....)).........', 0.1176, -0.10810565308153613, -0.8711, 0.2233, 1.0, 0.2353]
	 ->['GCAGGUGCAGCAGUAGC', '((....)).........', 0.1176, -0.12060542287793365, -1.8037, 0.3912, 1.0, 0.2353]
	 >>> Resetting the solution to avoid local optima.
	 ->['GGAAAACCAGGAAAACC', '((....)).........', 0.1176, -0.10810565308153613, -0.8711, 0.2233, 1.0, 0.2353]
	 ->['GGUAAACCAGGAAAACC', '((....)).........', 0.1176, -0.09856556697466863, -0.928, 0.2505, 1.0, 0.2353]
	 >>> Resetting the solution to avoid local optima.
	 ->['CCAAAAGGACCAAAAGG', '((....)).........', 0.1176, -0.22692884214082137, -0.9141, 0.2019, 1.0, 0.2353]
	 >>> Resetting the solution to avoid local optima.
	 ->['GGAAAACCAGGAAAACC', '((....)).........', 0.1176, -0.10810565308153613, -0.8711, 0.2233, 1.0, 0.2353]
	 ->['GGUGAACCAGGACAACC', '((....)).........', 0.1176, -0.05879666366705746, -1.2464, 0.3799, 1.0, 0.2353]
	 >>> Resetting the solution to avoid local optima.
	 ->['CCAAAAGGACCAAAAGG', '((....)).........', 0.1176, -0.22692884214082137, -0.9141, 0.2019, 1.0, 0.2353]
	 ->['GCAACAGCGCCACUAGG', '((....)).........', 0.1176, -0.18541186720202257, -1.4386, 0.2194, 1.0, 0.2353]
	 >>> Resetting the solution to avoid local optima.
	 ->['CCAAAAGGACCAAAAGG', '((....)).........', 0.1176, -0.22692884214082137, -0.9141, 0.2019, 1.0, 0.2353]
	 ->['CCAUACGGACCAAAGGG', '((....)).........', 0.1176, -0.14300239066732107, -1.0987, 0.2606, 1.0, 0.2353]
	 >>> Resetting the solution to avoid local optima.
	 ->['CCAAAAGGACCAAAAGG', '((....)).........', 0.1176, -0.22692884214082137, -0.9141, 0.2019, 1.0, 0.2353]
	 ->['CCACGUGGGCCCCAAGG', '((....)).........', 0.1176, -0.033879962161678934, -1.4862, 0.4872, 1.0, 0.2353]
	 >>> Resetting the solution to avoid local optima.
	 ->['GGAAAACCAGGAAAACC', '((....)).........', 0.1176, -0.10810565308153613, -0.8711, 0.2233, 1.0, 0.2353]
	 >>> Resetting the solution to avoid local optima.
	 ->['GGAAAACCAGGAAAACC', '((....)).........', 0.1176, -0.10810565308153613, -0.8711, 0.2233, 1.0, 0.2353]
	 ->['GGAAAACCAGGUAUACC', '((....)).........', 0.1176, -0.10686131902935561, -0.8782, 0.227, 1.0, 0.2353]
	 >>> Resetting the solution to avoid local optima.
	 ->['GGAAAACCAGGAAAACC', '((....)).........', 0.1176, -0.10810565308153613, -0.8711, 0.2233, 1.0, 0.2353]
	 ->['GGUCGUCCAGCACUGGC', '((....)).........', 0.1176, -0.10069709604268334, -1.8148, 0.4189, 1.0, 0.2353]
	 >>> Resetting the solution to avoid local optima.
	 ->['GGAAAACCAGGAAAACC', '((....)).........', 0.1176, -0.10810565308153613, -0.8711, 0.2233, 1.0, 0.2353]
	 >>> Resetting the solution to avoid local optima.
	 ->['CCAAAAGGACCAAAAGG', '((....)).........', 0.1176, -0.22692884214082137, -0.9141, 0.2019, 1.0, 0.2353]
	 ->['CCAUUAGGGCCAAUAGG', '((....)).........', 0.1176, -0.15864002916965866, -1.0347, 0.2418, 1.0, 0.2353]
	 >>> Resetting the solution to avoid local optima.
	 ->['CCAAAAGGACCAAAAGG', '((....)).........', 0.1176, -0.22692884214082137, -0.9141, 0.2019, 1.0, 0.2353]
	 >>> Resetting the solution to avoid local optima.
	 ->['GGAAAACCAGGAAAACC', '((....)).........', 0.1176, -0.10810565308153613, -0.8711, 0.2233, 1.0, 0.2353]
	 ->['GCGGGGGCAGGUUCACC', '((....)).........', 0.1176, -0.13060716180158768, -2.1546, 0.2297, 1.0, 0.2353]
	 >>> Resetting the solution to avoid local optima.
	 ->['GGAAAACCAGGAAAACC', '((....)).........', 0.1176, -0.10810565308153613, -0.8711, 0.2233, 1.0, 0.2353]
	 ->['GGAUACCCAGCCACUGC', '((....)).........', 0.1176, -0.05697897665806714, -1.4658, 0.323, 1.0, 0.2353]
	 >>> Resetting the solution to avoid local optima.
	 ->['GGAAAACCAGGAAAACC', '((....)).........', 0.1176, -0.10810565308153613, -0.8711, 0.2233, 1.0, 0.2353]
	 ->['GGACAACCAGGAAAACC', '((....)).........', 0.1176, -0.10745045408948281, -0.8748, 0.2248, 1.0, 0.2353]
	 >>> Resetting the solution to avoid local optima.
	 ->['GGAAAACCAGGAAAACC', '((....)).........', 0.1176, -0.10810565308153613, -0.8711, 0.2233, 1.0, 0.2353]
	 >>> Resetting the solution to avoid local optima.
	 ->['GGAAAACCAGGAAAACC', '((....)).........', 0.1176, -0.10810565308153613, -0.8711, 0.2233, 1.0, 0.2353]
	 ->['GGAAAACCAGGAAAACC', '((....)).........', 0.1176, -0.10810565308153613, -0.8711, 0.2233, 1.0, 0.2353]
	 >>> Resetting the solution to avoid local optima.
	 ->['GGAAAACCAGGAAAACC', '((....)).........', 0.1176, -0.10810565308153613, -0.8711, 0.2233, 1.0, 0.2353]
	 >>> Resetting the solution to avoid local optima.
	 ->['CCAAAAGGACCAAAAGG', '((....)).........', 0.1176, -0.22692884214082137, -0.9141, 0.2019, 1.0, 0.2353]
	 >>> Resetting the solution to avoid local optima.
	 ->['GGAAAACCAGGAAAACC', '((....)).........', 0.1176, -0.10810565308153613, -0.8711, 0.2233, 1.0, 0.2353]
	 ->['GGAAAACCAGGCCAACC', '((....)).........', 0.1176, -0.08938448478948784, -0.9883, 0.2763, 1.0, 0.2353]
	 >>> Resetting the solution to avoid local optima.
	 ->['CCAAAAGGACCAAAAGG', '((....)).........', 0.1176, -0.22692884214082137, -0.9141, 0.2019, 1.0, 0.2353]
	 ->['CCGCUGGGGCCUGUUGG', '((....)).........', 0.1176, -0.3062917318276199, -2.1292, 0.2333, 1.0, 0.2353]
	 >>> Resetting the solution to avoid local optima.
	 ->['CCAAAAGGACCAAAAGG', '((....)).........', 0.1176, -0.22692884214082137, -0.9141, 0.2019, 1.0, 0.2353]
	 >>> Resetting the solution to avoid local optima.
	 ->['CCAAAAGGACCAAAAGG', '((....)).........', 0.1176, -0.22692884214082137, -0.9141, 0.2019, 1.0, 0.2353]
	 ->['CCAUGAGGACCAAAAGG', '((....)).........', 0.1176, -0.219076739213204, -0.9358, 0.2144, 1.0, 0.2353]
	 >>> Resetting the solution to avoid local optima.
	 ->['GGAAAACCAGGAAAACC', '((....)).........', 0.1176, -0.10810565308153613, -0.8711, 0.2233, 1.0, 0.2353]
	 ->['GGACGACCAGGGGGCCC', '((....)).........', 0.1176, -0.05644675601557771, -1.6716, 0.4466, 1.0, 0.2353]
	 >>> Resetting the solution to avoid local optima.
	 ->['GGAAAACCAGGAAAACC', '((....)).........', 0.1176, -0.10810565308153613, -0.8711, 0.2233, 1.0, 0.2353]
	 ->['GGAACUCCAGGGCGCCC', '((....)).........', 0.1176, -0.11097880673804904, -1.6549, 0.3658, 1.0, 0.2353]
	 >>> Resetting the solution to avoid local optima.
	 ->['CCAAAAGGACCAAAAGG', '((....)).........', 0.1176, -0.22692884214082137, -0.9141, 0.2019, 1.0, 0.2353]
	 ->['CCACCAGGACCAGAGGG', '((....)).........', 0.1176, -0.10432181490679517, -1.2931, 0.3432, 1.0, 0.2353]
	 >>> Resetting the solution to avoid local optima.
	 ->['CCAAAAGGACCAAAAGG', '((....)).........', 0.1176, -0.22692884214082137, -0.9141, 0.2019, 1.0, 0.2353]
	 >>> Resetting the solution to avoid local optima.
	 ->['GGAAAACCAGGAAAACC', '((....)).........', 0.1176, -0.10810565308153613, -0.8711, 0.2233, 1.0, 0.2353]
	 >>> Resetting the solution to avoid local optima.
	 ->['GGAAAACCAGGAAAACC', '((....)).........', 0.1176, -0.10810565308153613, -0.8711, 0.2233, 1.0, 0.2353]
	 ->['GGAAAACCAGGAAAACC', '((....)).........', 0.1176, -0.10810565308153613, -0.8711, 0.2233, 1.0, 0.2353]
	 >>> Resetting the solution to avoid local optima.
	 ->['GGAAAACCAGGAAAACC', '((....)).........', 0.1176, -0.10810565308153613, -0.8711, 0.2233, 1.0, 0.2353]
	 ->['GGUAGACCAGGAAAACC', '((....)).........', 0.1176, -0.09853989918534176, -0.9282, 0.2506, 1.0, 0.2353]




RNA sequences found with GC-content <= 0.48:

RNA sequences found with GC-content > 0.48:
@@ CCAAAAGGACCGAAAGG 1.0
@@ CCAAAAGGACCGAGAGG 1.0
@@ CCAAAAGGACCGAUAGG 1.0
@@ CCAAAAGGACCGCUAGG 1.0
@@ CCAAAAGGACCGCCAGG 1.0
@@ CCAAACGGACCGCCAGG 1.0
@@ GCAAACGCACCGCCAGG 1.0
@@ GCACACGCACCGCCAGG 1.0
@@ GCACUCGCACCGCCAGG 1.0
@@ GCGCUCGCACCGCCAGG 1.0
@@ GCGCUCGCACCGCCGGG 1.0
@@ GCGCUCGCACCUCCGGG 1.0
@@ GCGCUCGCACCUACGGG 1.0
@@ CCAAGGGGACCGACAGG 1.0
@@ CCAAGGGGACCGGCAGG 1.0
@@ CCAAGGGGACCGGUAGG 1.0
@@ CCAUGGGGACCGGUAGG 1.0
@@ GCAUGGGCACCGGUAGG 1.0
@@ GCAUGCGCACCGGUAGG 1.0
@@ GCAUGCGCACCGGUGGG 1.0
@@ GCAUGCGCAGCGGUGGC 1.0
@@ CCAAGUGGACCGAUAGG 1.0
@@ CCAAGUGGGCCGAUAGG 1.0
@@ GCAAGUGCGCCGAUAGG 1.0
@@ GCAUGUGCGCCGAUAGG 1.0
@@ GCAUCUGCGCCGAUAGG 1.0
@@ GCAUCUGCGCCGCUAGG 1.0
@@ GCUUCUGCGCCGCUAGG 1.0
@@ GCUUGUGCGCCGCUAGG 1.0
@@ GCUUGUGCACCGCUAGG 1.0
@@ GCUUGUGCACCGCUGGG 1.0
@@ GCUCGUGCACCGCUGGG 1.0
@@ GCUCAUGCACCGCUGGG 1.0
@@ GCUCAUGCACCGCAGGG 1.0
@@ CCUGCUGGACCUGUUGG 1.0
@@ GCUGCUGCACCUGUUGG 1.0
@@ GCUGCGGCACCUGUUGG 1.0
@@ GCUACGGCACCUGUUGG 1.0
@@ GCUACGGCACCUGGUGG 1.0
@@ GCUACGGCACCUUGUGG 1.0
@@ CCAAAGGGACCGAAAGG 1.0
@@ CCAAAGGGACCGAGAGG 1.0
@@ CCAAAGGGACCGAGGGG 1.0
@@ CCAAUGGGACCGAGGGG 1.0
@@ CCAAUUGGACCGAGGGG 1.0
@@ CCAAUUGGGCCGAGGGG 1.0
@@ CCGAUUGGGCCGAGGGG 1.0
@@ CCGAUAGGGCCGAGGGG 1.0
@@ CCGAGAGGGCCGAGGGG 1.0
@@ CCGAGAGGGGCGAGGGC 1.0
@@ CCGGGAGGGGCGAGGGC 1.0
@@ CCGGGGGGGGCGAGGGC 1.0
@@ GCGGGGGCGGCGAGGGC 1.0
@@ GCGGGGGCGGCGACGGC 1.0
@@ GCGGGGGCGGCUACGGC 1.0
@@ GCGGAGGCGGCUACGGC 1.0
@@ GCACUGGCGCCGUUGGG 1.0
@@ GCGCUGGCGCCGUUGGG 1.0
@@ GCGCAGGCGCCGUUGGG 1.0
@@ GCGCAGGCGCCGGUGGG 1.0
@@ GGGAAACCAGGGAAACC 1.0
@@ GGGAUACCAGGGAAACC 1.0
@@ GGGUUACCAGGGAAACC 1.0
@@ GGGUUACCAGGGAGACC 1.0
@@ GCGUGGGCACCUUUGGG 1.0
@@ GCGUGGGCACCGUUGGG 1.0
@@ GCGUGGGCACCGUGGGG 1.0
@@ GCGUGGGCACCGGGGGG 1.0
@@ GCGUGGGCGCCGGGGGG 1.0
@@ CCAAAAGGACCGGAAGG 1.0
@@ CCAAAAGGGCCGGAAGG 1.0
@@ CCACAAGGGCCGGAAGG 1.0
@@ CCACAAGGGCCGGGAGG 1.0
@@ CCACACGGGCCGGGAGG 1.0
@@ CCACACGGGCCGGUAGG 1.0
@@ CCACGCGGGCCGGUAGG 1.0
@@ GCACGCGCGCCGGUAGG 1.0
@@ GCACGAGCGCCGGUAGG 1.0
@@ GCACGAGCGCCGCUAGG 1.0
@@ GCACGAGCACCGCUAGG 1.0
@@ CCAGAGGGACCGAAAGG 1.0
@@ CCAGAGGGACCGAGAGG 1.0
@@ CCAGAGGGACCGAUAGG 1.0
@@ CCAGAGGGACCGACAGG 1.0
@@ CCAGAGGGACCGGCAGG 1.0
@@ CCAGAGGGACCGGCGGG 1.0
@@ CCAGAGGGACCGGAGGG 1.0
@@ CCACAGGGACCGGAGGG 1.0
@@ CCACAGGGACCGGGGGG 1.0
@@ CCACACGGACCGGGGGG 1.0
@@ CCACACGGGCCGGGGGG 1.0
@@ GCAGGAGCAGGGCGGCC 1.0
@@ GCAGGAGCAGCGCGGGC 1.0
@@ GCAGGGGCAGCGCGGGC 1.0
@@ GCAGGGGCAGCGCAGGC 1.0
@@ CCAGAAGGACCGAAGGG 1.0
@@ CCAGAGGGACCGAAGGG 1.0
@@ CCAGAGGGACCGUAGGG 1.0
@@ CCAGAUGGACCGUAGGG 1.0
@@ GCAGAUGCACCGUAGGG 1.0
@@ GCUGAUGCACCGUAGGG 1.0
@@ GCUGAUGCACCGUUGGG 1.0
@@ GCUCCGGCACCCCAGGG 1.0
@@ GCUCCGGCACCGCAGGG 1.0
@@ GGGUUACCAGGGACACC 1.0
@@ GCAGUCGCACCUGAUGG 1.0
@@ GCAGUCGCACCUGGUGG 1.0
@@ GCGGUCGCACCUGGUGG 1.0
@@ GCGGUGGCACCUGGUGG 1.0
@@ GCGGUGGCACCUCGUGG 1.0
@@ GCGGAGGCACCUCGUGG 1.0
@@ GCUGAUGCACCGACAGG 1.0
@@ GCUGAUGCACCGACGGG 1.0
@@ GCUGCUGCACCGACGGG 1.0
@@ GCUGCUGCACCGCCGGG 1.0
@@ GCUGCUGCGCCGCCGGG 1.0
@@ GCUGCUGCGCCUCCGGG 1.0
@@ GCUCCUGCGCCUCCGGG 1.0
@@ GCUCCUGCACCUCCGGG 1.0
@@ GCUCCUGCACCUACGGG 1.0
@@ CCAUAAGGACCGAUAGG 1.0
@@ CCAUACGGACCGAUAGG 1.0
@@ CCAUGCGGACCGAUAGG 1.0
@@ CCAUGCGGGCCGAUAGG 1.0
@@ CCAUGUGGGCCGAUAGG 1.0
@@ CCGUGUGGGCCGAUAGG 1.0
@@ CCGUGAGGGCCGAUAGG 1.0
@@ CCGUGAGGGCCGAGAGG 1.0
@@ CCGUGGGGGCCGAGAGG 1.0
@@ CCGUGGGGGCCGACAGG 1.0
@@ CCUUAUGGACCGCAGGG 1.0
@@ CCUUAUGGGCCGCAGGG 1.0
@@ CCUUAGGGGCCGCAGGG 1.0
@@ GCUUAGGCGCCGCAGGG 1.0
@@ GCUUAGGCGCCGUAGGG 1.0
@@ GCGUAGGCGCCGUAGGG 1.0
@@ GCGCAGGCGCCGUAGGG 1.0
@@ GCGCCGGCGCCGUAGGG 1.0
@@ GCGCUGGCGCCGUAGGG 1.0
@@ GCGCUGGCGCCGUGGGG 1.0
@@ GCGCAGGCGCCGUGGGG 1.0
@@ CCGCAGGGGCCGAAAGG 1.0
@@ CCGCCGGGGCCGAAAGG 1.0
@@ CCGCCGGGGCCGAGAGG 1.0
@@ CCGCUGGGGCCGAGAGG 1.0
@@ CCAUUAGGACCGUAGGG 1.0
@@ CCAUUAGGACCGGAGGG 1.0
@@ CCAGUAGGACCGGAGGG 1.0
@@ CCAGUAGGACCGGCGGG 1.0
@@ CCAGUAGGACCGGGGGG 1.0
@@ CCAGCAGGACCGGGGGG 1.0
@@ GCAGCAGCACCGGGGGG 1.0
@@ GCAACAGCACCGGGGGG 1.0
@@ GCGACAGCACCGGGGGG 1.0
@@ GCGACAGCACCGGAGGG 1.0
@@ GCGACAGCACCGUAGGG 1.0
@@ GCGACGGCACCGUAGGG 1.0
@@ GCGAGGGCACCGUAGGG 1.0
@@ GCGAGGGCACCGUUGGG 1.0
@@ GCGAGGGCAGCGUUGGC 1.0
@@ GCGCACGCAGGGGAGCC 1.0
@@ GCGCAAGCAGGGGAGCC 1.0
@@ GCGCAAGCAGGGGAACC 1.0
@@ GCGCAAGCAGGGUAACC 1.0
@@ GCGCAAGCAGGGUGACC 1.0
@@ GGGCAACCAGGGUGACC 1.0
@@ GGGCGACCAGGGUGACC 1.0
@@ GGGCUACCAGGGUGACC 1.0
@@ GGGCUACCAGGGCGACC 1.0
@@ CCGUGAGGGCCGUUGGG 1.0
@@ CCGUGAGGGCCGGUGGG 1.0
@@ GGGUGACCAGGGGAACC 1.0
@@ GCAGGAGCGCCGGGGGG 1.0
@@ GCAGGAGCGCCGUGGGG 1.0
@@ GCAGGAGCACCGUGGGG 1.0
@@ GCAGGCGCACCGUGGGG 1.0
@@ GCAUGCGCACCGUGGGG 1.0
@@ GCACGGGCGCCCAAGGG 1.0
@@ GCACUGGCGCCCAAGGG 1.0
@@ GCACUGGCACCCAAGGG 1.0
@@ GCAUUGGCACCCAAGGG 1.0
@@ CCAACAGGGCCGACAGG 1.0
@@ GCAACAGCGCCGACAGG 1.0
@@ GCAACAGCGCCGCCAGG 1.0
@@ GCAACUGCGCCGCCAGG 1.0
@@ GCAUCUGCGCCGCCAGG 1.0
@@ GCAUCUGCACCGCCAGG 1.0
@@ GCAUCUGCACCGACAGG 1.0
@@ GCUUCUGCACCGACAGG 1.0
@@ GCUUCUGCACCGACGGG 1.0
@@ GCUUCGGCACCGACGGG 1.0
@@ GCUACGGCACCGACGGG 1.0
@@ GCUACGGCACCGGCGGG 1.0
@@ GCUACGGCACCGUCGGG 1.0
@@ GCUACGGCACCCUCGGG 1.0
@@ GCUGCGGCACCCUCGGG 1.0
@@ GCUCCGGCACCCUCGGG 1.0
@@ GCAGAUGCAGCGUGGGC 1.0
@@ GGAGAUCCAGCGUGGGC 1.0
@@ GGAGUUCCAGCGUGGGC 1.0
@@ GGUGUUCCAGCGUGGGC 1.0
@@ CCAACAGGACCGGAAGG 1.0
@@ CCAACAGGACCGGUAGG 1.0
@@ CCAACAGGGCCGGUAGG 1.0
@@ CCAACAGGGGCGGUAGC 1.0
@@ CCAUCAGGGGCGGUAGC 1.0
@@ CCAUCAGGGGCGGAAGC 1.0
@@ CCAUCAGGGGCGGGAGC 1.0
@@ CCAUCUGGGGCGGGAGC 1.0
@@ CCAUCUGGGGGGGGACC 1.0
@@ GCAUCAGCCCCUCAUGG 1.0
@@ GCGUCAGCCCCUCAUGG 1.0
@@ GCGGCAGCCCCUCAUGG 1.0
@@ GCGGCAGCCCCUCCUGG 1.0
@@ GCGGCAGCCCCUCGUGG 1.0
@@ GCGGCAGCACCUCGUGG 1.0
@@ GCGGUAGCACCUCGUGG 1.0
@@ GCGAUGGCACCUCGUGG 1.0
@@ GCGAAGGCACCUCGUGG 1.0
@@ GCAGGUGCAGCGGUAGC 1.0
@@ GCACGUGCAGCGGUAGC 1.0
@@ GCUCGUGCAGCGGUAGC 1.0
@@ GCUCGUGCAGCGAUAGC 1.0
@@ GCUCGUGCAGCGAUGGC 1.0
@@ GGUAAACCAGGGAAACC 1.0
@@ GGUACACCAGGGAAACC 1.0
@@ GGUACACCAGGGACACC 1.0
@@ GGGACACCAGGGACACC 1.0
@@ GGGCCACCAGGGACACC 1.0
@@ GGGCCACCAGGGACGCC 1.0
@@ GGUGAACCAGGGCAACC 1.0
@@ GGUGGACCAGGGCAACC 1.0
@@ GGGGGACCAGGGCAACC 1.0
@@ GGGGGACCAGGGUAACC 1.0
@@ GGGGUACCAGGGUAACC 1.0
@@ GGGGUACCAGGGUUACC 1.0
@@ GCAACAGCGCCGCUAGG 1.0
@@ GCAUCAGCGCCGCUAGG 1.0
@@ GCAUCAGCGGCGCUAGC 1.0
@@ GCAUCAGCGGCGCGAGC 1.0
@@ GCAUCUGCGGCGCGAGC 1.0
@@ GCUUCUGCGGCGCGAGC 1.0
@@ GCUUCUGCAGCGCGAGC 1.0
@@ GCUUUUGCAGCGCGAGC 1.0
@@ GCUUUGGCAGCGCGAGC 1.0
@@ CCAUACGGACCCAAGGG 1.0
@@ CCGUACGGACCCAAGGG 1.0
@@ CCGUAAGGACCCAAGGG 1.0
@@ CCGUAGGGACCCAAGGG 1.0
@@ CCGGAGGGACCCAAGGG 1.0
@@ GCGGAGGCACCCAAGGG 1.0
@@ GCGGAGGCACCGAAGGG 1.0
@@ GCGGAGGCACCGAGGGG 1.0
@@ GCGGAGGCACCGAUGGG 1.0
@@ GCGGAGGCACCGACGGG 1.0
@@ GCGGCGGCACCGACGGG 1.0
@@ GCUGCGGCACCGACGGG 1.0
@@ GCUGCGGCACCUACGGG 1.0
@@ GCUGCGGCACCUCCGGG 1.0
@@ CCACGUGGGCCGCAAGG 1.0
@@ CCAAGUGGGCCGCAAGG 1.0
@@ GCAAGUGCGCCGCAAGG 1.0
@@ GCAUGUGCGCCGCAAGG 1.0
@@ GCAUGUGCACCGCAAGG 1.0
@@ GCAUGUGCACCGCAGGG 1.0
@@ GCAUUUGCACCGCAGGG 1.0
@@ GCAUUUGCAGCGCAGGC 1.0
@@ GCUUUUGCAGCGCAGGC 1.0
@@ GCUUUUGCAGCGCAAGC 1.0
@@ GGAAAACCAGGGAUACC 1.0
@@ GGAAAACCAGGGUUACC 1.0
@@ GGAAAUCCAGGGUUACC 1.0
@@ GGGAAUCCAGGGUUACC 1.0
@@ GGGAAACCAGGGUUACC 1.0
@@ GGGACACCAGGGUUACC 1.0
@@ GGGUCACCAGGGUUACC 1.0
@@ GGGUUACCAGGGUUACC 1.0
@@ GGUCGUCCAGCGCUGGC 1.0
@@ GGUAGUCCAGCGCUGGC 1.0
@@ CCAUUAGGGCCGAUAGG 1.0
@@ CCACUAGGGCCGAUAGG 1.0
@@ CCGCUAGGGCCGAUAGG 1.0
@@ CCGCUGGGGCCGAUAGG 1.0
@@ CCGCUGGGGCCGUUAGG 1.0
@@ CCGCUGGGGCCGUUGGG 1.0
@@ GCGCUGGCGCCGAGGGG 1.0
@@ GCGCGGGCGCCGAGGGG 1.0
@@ GCGGGGGCAGGGUCACC 1.0
@@ GCGGGGGCAGGGGCACC 1.0
@@ GCGUGGGCAGGGGCACC 1.0
@@ GGAUACCCAGCUACUGC 1.0
@@ GGACACCCAGCUACUGC 1.0
@@ GGACACCCAGCUACGGC 1.0
@@ GGACCCCCAGCUACGGC 1.0
@@ GGACCCCCAGCUGCGGC 1.0
@@ GGGCCCCCAGCUGCGGC 1.0
@@ GGGCCACCAGCUGCGGC 1.0
@@ GGGCGACCAGCUGCGGC 1.0
@@ GGACAACCAGGGAAACC 1.0
@@ GGACGACCAGGGAAACC 1.0
@@ GGACGGCCAGGGAAACC 1.0
@@ GGACUGCCAGGGAAACC 1.0
@@ GGACUUCCAGGGAAACC 1.0
@@ GGAGUUCCAGGGAAACC 1.0
@@ GGGGUUCCAGGGAAACC 1.0
@@ GGGGUGCCAGGGAAACC 1.0
@@ GGGGUGCCAGGGUAACC 1.0
@@ GCGGUGGCAGGGUAACC 1.0
@@ GCGGUGGCAGCGUAAGC 1.0
@@ GCGGUGGCGGCGUAAGC 1.0
@@ GCGGUGGCGGCGUAGGC 1.0
@@ GCGGUGGCGGCGUGGGC 1.0
@@ GCGGGGGCGGCGUGGGC 1.0
@@ GCGGGGGCGGCGUUGGC 1.0
@@ GCGGAGGCGGCGUUGGC 1.0
@@ GGAAAACCAGGGAAACC 1.0
@@ GGAACACCAGGGAAACC 1.0
@@ GGAUCACCAGGGAAACC 1.0
@@ GGACCACCAGGGAAACC 1.0
@@ GGACCACCAGGGAGACC 1.0
@@ GGGCCACCAGGGAGACC 1.0
@@ GGGCCACCAGGGGGACC 1.0
@@ GGAAAACCAGGGCAACC 1.0
@@ GGUAAACCAGGGCAACC 1.0
@@ GGUAUACCAGGGCAACC 1.0
@@ GGUAUUCCAGGGCAACC 1.0
@@ GCUAUUGCAGGGCAACC 1.0
@@ GCUAUUGCAGCGCAAGC 1.0
@@ CCGCUGGGACCUGUUGG 1.0
@@ CCGGUGGGACCUGUUGG 1.0
@@ CCGGUGGGACCUGAUGG 1.0
@@ GCGGUGGCACCUGAUGG 1.0
@@ GCGUUGGCACCUGAUGG 1.0
@@ GCGUUGGCACCUGCUGG 1.0
@@ GCGUUGGCACCUGCGGG 1.0
@@ GCGUCGGCACCUGCGGG 1.0
@@ GCCUCGGCACCUGCGGG 1.0
@@ CCAUGAGGACCGAAAGG 1.0
@@ CCAUGAGGGCCGAAAGG 1.0
@@ CCAUGAGGGCCGACAGG 1.0
@@ CCAUGAGGGGCGACAGC 1.0
@@ GCAUGAGCGGCGACAGC 1.0
@@ GCAUGGGCGGCGACAGC 1.0
@@ GCAUGCGCGGCGACAGC 1.0
@@ GCAUGCGCAGCGACAGC 1.0
@@ GCAUUCGCAGCGACAGC 1.0
@@ GCAUUCGCAGCGAUAGC 1.0
@@ GGACGACCAGGGGGACC 1.0
@@ GGACUACCAGGGGGACC 1.0
@@ GGGCUACCAGGGGGACC 1.0
@@ GGAACUCCAGGGCGACC 1.0
@@ GGAACUCCAGGGAGACC 1.0
@@ GGAGCUCCAGGGAGACC 1.0
@@ GGAGCUCCAGGGUGACC 1.0
@@ CCACCAGGACCCGAGGG 1.0
@@ CCGCCAGGACCCGAGGG 1.0
@@ CCGCCAGGACCCUAGGG 1.0
@@ CCGCCAGGACCCUCGGG 1.0
@@ GCGCCAGCACCCUCGGG 1.0
@@ GCGCCGGCACCCUCGGG 1.0
@@ CCGAAAGGACCGAAAGG 1.0
@@ CCGAGAGGACCGAAAGG 1.0
@@ CCGUGAGGACCGAAAGG 1.0
@@ CCGUGAGGACCGAGAGG 1.0
@@ CCGUGGGGACCGAGAGG 1.0
@@ GCGUGGGCACCGAGAGG 1.0
@@ GCGUGGGCACCGAGGGG 1.0
@@ GCGCGGGCACCGAGGGG 1.0
@@ GGAUAACCAGGGAAACC 1.0
@@ GGAUAACCAGGGUAACC 1.0
@@ GGAUCACCAGGGUAACC 1.0
@@ GGAUCUCCAGGGUAACC 1.0
@@ GGAUAUCCAGGGUAACC 1.0
@@ GGAUAUCCAGGGGAACC 1.0
@@ GGAGAUCCAGGGGAACC 1.0
@@ GGUAGACCAGGGAAACC 1.0
@@ GGUAGACCAGGGAGACC 1.0
@@ GGGAGACCAGGGAGACC 1.0
@@ GGGAGACCAGGGGGACC 1.0
@@ GGGAUACCAGGGGGACC 1.0


Elapsed time:                   86400.01465845108 secs.
Number of function evaluations: 107143477
----------------------------------------------------------------------


---------------------------------------
 FINISHED SUCCESSFULLY 
---------------------------------------
