
-----------------------------------------------------------------------
   _____ _____  ______ ______ _____             _____  _   _           
  / ____|  __ \|  ____|  ____|  __ \           |  __ \| \ | |   /\     
 | |  __| |__) | |__  | |__  | |  | |  ______  | |__) |  \| |  /  \    
 | | |_ |  _  /|  __| |  __| | |  | | |______| |  _  /| . ` | / /\ \   
 | |__| | | \ \| |____| |____| |__| |          | | \ \| |\  |/ ____ \  
  \_____|_|  \_\______|______|_____/           |_|  \_\_| \_/_/    \_\ 
       
                                       -- A. Rubio-Largo et al. 2023
-----------------------------------------------------------------------

------------------------------------------------------------------------------------------------------------------
CONFIGURATION: 

 * TARGET:           .((.((.((..((.(...).)).))..))....)).
 * STOPPING:         86400 secs.
 * SEED:             1
 * NO. OF SOLUTIONS: 1
 * max. GC-cont.:    0.48
 * MODEL:            TURNER2004
 * MUTATION PROB:    0.01
 * STAGNATION LIMIT: 50
------------------------------------------------------------------------------------------------------------------


 (1) Let's minimize the base-pair distance between predicted and target structures
    -> Min(Base-pair distance), min(Hamming distance), max(probability over ensemble), min(partition function), min(ensemble defect), min(%GC-content)


	 ->['ACCACCACCAACCACAAAGAGGAGGAAGGAAAAGGA', '.((.((.((...........)).))..)).......', 0.4167, -0.0006013949554065783, -3.7708, 0.3925, 1.0, 0.1667]
	 ->['ACCACCACCAACCACAAAGAGGAGGAAGGAAAAGGA', '.((.((.((...........)).))..)).......', 0.4167, -0.0006013949554065783, -3.7708, 0.3925, 1.0, 0.1667]
	 >>> Resetting the solution to avoid local optima.
	 ->['AGGAGGAGGAAGGAGAAACACCACCAACCAAAACCA', '.((....((..((.(......).))..))....)).', 0.3333, -0.0007543586925342024, -4.0311, 0.4203, 1.0, 0.1111]
	 ->['AGGAGGAGGAAGGAGAAACACCACCAACCAAAACCA', '.((....((..((.(......).))..))....)).', 0.3333, -0.0007543586925342024, -4.0311, 0.4203, 1.0, 0.1111]
	 ->['AGGAGGAGGAAUGAGAAACACAACCAACCAAAACCA', '....((..(..((.......))..)..)).......', 0.1667, -0.0012835254331124996, -2.0036, 0.4044, 0.8, 0.2222]
	 ->['AGGAGGAGGAAUGCGCAACACAUCCAACCAAAACCA', '....((.(((.((.......)))))..)).......', 0.1111, -0.0002722234926364402, -4.2593, 0.3292, 0.7143, 0.2222]
	 ->['AGGGCCAGGCAUGCGCAACACAUCCGAGGAAAUCCA', '.(((((.((.(((.......)))))..))...))).', 0.0833, -0.0002723290338458242, -5.6591, 0.186, 0.7, 0.1667]
	 >>> Resetting the solution to avoid local optima.
	 ->['ACCACCACCAACCACAAAGAGGAGGAAGGAAAAGGA', '.((.((.((...........)).))..)).......', 0.4167, -0.0006013949554065783, -3.7708, 0.3925, 1.0, 0.1667]
	 ->['ACCACCACCAACCACAAAGAGGAGGAAGGAAAAGGA', '.((.((.((...........)).))..)).......', 0.4167, -0.0006013949554065783, -3.7708, 0.3925, 1.0, 0.1667]
	 ->['ACCACCACCAACCACGAAGAGGAGGAAGGAAAAGGA', '.((....((..((.(......).))..))....)).', 0.3333, -0.000282452056266703, -4.2366, 0.4048, 1.0, 0.1111]
	 ->['ACCACUACCAACCACGAAGAGGAGGAAAGAAAAGGA', '.((........((.(......).))........)).', 0.2778, -0.0004379733092401153, -2.2662, 0.404, 1.0, 0.2222]
	 ->['ACAACUACCAACCACGAAGAGGAGGAAAGAAAAUGA', '.......((..((.......)).))...........', 0.1389, -3.3427902634636594e-05, -1.9519, 0.4037, 1.0, 0.2778]
	 ->['ACGACUACCAAGCACGAAGAGCAGGCUAGAAAACGA', '....(((((..((.......)).)).))).......', 0.1111, -2.2431285189651428e-05, -3.4977, 0.3828, 0.7143, 0.2222]
	 ->['GCGACUACCAGGCACAAAGAGCAGGCGAGAAAACGG', '....((.((..((.......)).))..)).......', 0.0833, -0.002213995994306346, -3.2675, 0.2917, 0.8333, 0.1667]
	 >>> Resetting the solution to avoid local optima.
	 ->['AGGAGGAGGAAGGAGAAACACCACCAACCAAAACCA', '.((....((..((.(......).))..))....)).', 0.3333, -0.0007543586925342024, -4.0311, 0.4203, 1.0, 0.1111]
	 ->['ACGAGGAGGAAGGAGAAACACCACCAACCAAAACGA', '....((..(..((.......))..)..)).......', 0.1667, -0.00031703461190241345, -3.2654, 0.3805, 1.0, 0.2222]
	 ->['ACGAACAGGAAGGACUAAGACCGCCAAGUAAAACGA', '.......((..((.......)).))...........', 0.1389, -0.0005822786850907281, -2.1907, 0.334, 1.0, 0.2778]
	 ->['ACGCACUGGAAGGACUAAGACCGCCAAGUAAAACGG', '....(((((..((.......)).)).))).......', 0.1111, -5.729302513355975e-05, -4.1198, 0.2805, 0.7143, 0.2222]
	 >>> Resetting the solution to avoid local optima.
	 ->['ACCACCACCAACCACAAAGAGGAGGAAGGAAAAGGA', '.((.((.((...........)).))..)).......', 0.4167, -0.0006013949554065783, -3.7708, 0.3925, 1.0, 0.1667]
	 ->['CCCAGCACCAAGCACAAAGAGUAGGCAGCAAAAGGA', '....((..(..((.......))..)..)).......', 0.1667, -0.0018170205640495594, -2.4893, 0.3259, 0.8, 0.2222]
	 ->['CCCAGCACCAUUAAGAAACAUAAGGCGGCAAAAGGA', '....((.((.(((.......)))))..)).......', 0.1111, -0.0004414747541628241, -3.0613, 0.269, 0.5714, 0.2222]
	 ->['CGCAGCAGCAUUAAGAAACAUAAGCCGGCCAAUGCA', '.(((((.((.(((.......)))))..))...))).', 0.0833, -5.766388394136358e-05, -4.5158, 0.2554, 0.6, 0.1667]
	 >>> Resetting the solution to avoid local optima.
	 ->['ACCACCACCAACCACAAAGAGGAGGAAGGAAAAGGA', '.((.((.((...........)).))..)).......', 0.4167, -0.0006013949554065783, -3.7708, 0.3925, 1.0, 0.1667]
	 ->['ACCACCACCCACUACAAAGAAGAGGAAGGAAAAGGA', '....((..((.((.......)).))..)).......', 0.1944, -0.00023355658433342886, -3.0537, 0.3219, 0.8333, 0.2222]
	 ->['ACCACCACCCACUACAAAGAAGGGGAAGGAAAAGGA', '....((.(((.((.......)))))..)).......', 0.1111, -1.8965845949781066e-05, -5.8012, 0.3949, 0.8571, 0.2222]
	 ->['GCCAGCGCCUAGUACAAUGAACGGGAAGCCAAUGGG', '.(((((.(((.((.......)))))..))...))).', 0.0833, -0.00042317380085346145, -5.1874, 0.2209, 0.7, 0.1667]
	 >>> Resetting the solution to avoid local optima.
	 ->['AGGAGGAGGAAGGAGAAACACCACCAACCAAAACCA', '.((....((..((.(......).))..))....)).', 0.3333, -0.0007543586925342024, -4.0311, 0.4203, 1.0, 0.1111]
	 ->['AGGAGGAGGAAGGAGAAACACCACCAACCAAAACCA', '.((....((..((.(......).))..))....)).', 0.3333, -0.0007543586925342024, -4.0311, 0.4203, 1.0, 0.1111]
	 ->['AGGAGGAUGAAGGAGAAACACCACGAACCAAAACCA', '....((.....((.......)).....)).......', 0.1389, -0.0004832353970010424, -1.9056, 0.3796, 1.0, 0.2778]
	 ->['AGCAGGAUGAAGGAGAAACACCACAAACCUAAAGCA', '.(((((.....((.......)).....)))...)).', 0.1111, -0.00019518146177267929, -3.2644, 0.256, 0.8571, 0.2222]
	 >>> Resetting the solution to avoid local optima.
	 ->['ACCACCACCAACCACAAAGAGGAGGAAGGAAAAGGA', '.((.((.((...........)).))..)).......', 0.4167, -0.0006013949554065783, -3.7708, 0.3925, 1.0, 0.1667]
	 ->['ACCACCACCAACCACAAAGAGGAGGCAGGAAAAGGA', '.((.((.((...........)).))..)).......', 0.4167, -0.0006656804636920912, -3.9082, 0.3987, 1.0, 0.1667]
	 ->['ACCACCACGAUGUACAAAGAACACGCAGGAAAAGGA', '....((.((.(((.......)))))..)).......', 0.1111, -0.0002545947927544242, -2.4006, 0.2537, 0.7143, 0.2222]
	 >>> Resetting the solution to avoid local optima.
	 ->['ACCACCACCAACCACAAAGAGGAGGAAGGAAAAGGA', '.((.((.((...........)).))..)).......', 0.4167, -0.0006013949554065783, -3.7708, 0.3925, 1.0, 0.1667]
	 ->['ACCACCACCAACCACAAAGAGGAGGAAGGAAAAGGA', '.((.((.((...........)).))..)).......', 0.4167, -0.0006013949554065783, -3.7708, 0.3925, 1.0, 0.1667]
	 ->['ACCAGCACCAACCACAAAGAGGAGGAAGCAAAAGGA', '....((..(..((.......))..)..)).......', 0.1667, -0.0016319416238072524, -3.2555, 0.2493, 1.0, 0.2222]
	 ->['ACCAGCAACAACCACAAAGAGGAGUAAGCAAAAGGA', '....((.....((.......)).....)).......', 0.1389, -0.0012122565311275947, -1.8388, 0.2896, 1.0, 0.2778]
	 ->['ACCUGCGACAACCACAAAGAGGAGUAAGCUAAAGGA', '.(((((.....((.......)).....))...))).', 0.1111, -0.00020554588464847425, -4.0325, 0.2408, 0.8571, 0.2222]
	 ->['ACCGGAGGCAACCACAAAGCGGCGCUAUCUAAAGGG', '.((((((((..((.......)).))).)))...)).', 0.0833, -0.0008042242596893936, -5.3917, 0.2302, 0.7, 0.1667]
	 ->['ACCAGAGGCAACCACAAAGCGGCGCAAUCUAAAGGG', '.(((((.((..((.......)).))..)))...)).', 0.0556, -0.004041513216441953, -4.3966, 0.1758, 0.7778, 0.1111]
	 >>> Resetting the solution to avoid local optima.
	 ->['ACCACCACCAACCACAAAGAGGAGGAAGGAAAAGGA', '.((.((.((...........)).))..)).......', 0.4167, -0.0006013949554065783, -3.7708, 0.3925, 1.0, 0.1667]
	 ->['ACCGCCACCAACCACAAAGAGGAGGAAGGAAAUGGA', '.(((...((..((.(......).))..))...))).', 0.3611, -0.00010015498772091904, -4.8756, 0.4375, 0.875, 0.1667]
	 ->['ACCGCCACCAACCACAAAGAGGGGGAAGGAAAUGGA', '.(((((..(..((.......))..)..))...))).', 0.1389, -0.00014740682688748903, -6.0374, 0.4112, 0.875, 0.1667]
	 ->['ACCGCAAGCAACCAGAAACAGGGGCUAUGAAAUGGA', '.((((((((..((.......)).))).))...))).', 0.0833, -4.3267680358510514e-05, -5.1929, 0.2501, 0.7, 0.1667]
	 >>> Resetting the solution to avoid local optima.
	 ->['AGGAGGAGGAAGGAGAAACACCACCAACCAAAACCA', '.((....((..((.(......).))..))....)).', 0.3333, -0.0007543586925342024, -4.0311, 0.4203, 1.0, 0.1111]
	 ->['AGGAGGAGGAAGGAGAAACACCACCAACCAAAACCA', '.((....((..((.(......).))..))....)).', 0.3333, -0.0007543586925342024, -4.0311, 0.4203, 1.0, 0.1111]
	 ->['AGGAGCAGGAAGGAGAAACACCACCAAGCAAAACCA', '....((..(..((.......))..)..)).......', 0.1667, -0.006421113579164364, -3.0113, 0.2391, 1.0, 0.2222]
	 ->['AGGAGCAGGAAGGAGAAACACCACCAGGCAAAACCA', '....((.((..((.......)).))..)).......', 0.0833, -0.008837587762105975, -4.0144, 0.2183, 1.0, 0.1667]
	 >>> Resetting the solution to avoid local optima.
	 ->['ACCACCACCAACCACAAAGAGGAGGAAGGAAAAGGA', '.((.((.((...........)).))..)).......', 0.4167, -0.0006013949554065783, -3.7708, 0.3925, 1.0, 0.1667]
	 ->['ACCACCACCAACCACAAAGAGGAGGAAGGAAGAGGA', '.((.(..((..((.(......).))..))..).)).', 0.3611, -0.00040233306845962897, -4.0185, 0.4004, 1.0, 0.1111]
	 ->['GCCACGAUCAAGCACAAAGAGUAGGAACGAAAAGGA', '....((.((..((.......))..)).)).......', 0.1944, -4.362119931530154e-06, -2.507, 0.3038, 0.6667, 0.2222]
	 ->['ACCACCGUCGCGGACAAAGACCAGGAAGGAAAAGGU', '(((.((.((..((.......))..)).))....)))', 0.1667, -0.00017144460235536443, -4.8443, 0.2944, 0.7778, 0.1667]
	 >>> Resetting the solution to avoid local optima.
	 ->['ACCACCACCAACCACAAAGAGGAGGAAGGAAAAGGA', '.((.((.((...........)).))..)).......', 0.4167, -0.0006013949554065783, -3.7708, 0.3925, 1.0, 0.1667]
	 ->['ACCACCACCAACCACAAAGAGGAGGAAGGAAAAGGC', '.((.((.((...........)).))..)).......', 0.4167, -0.0006031912735435307, -3.769, 0.3922, 1.0, 0.1667]
	 ->['AUCACCACCAACCACAAAGAGGAGGAAGGAAAAGAC', '....((..(..((.......))..)..)).......', 0.1667, -7.601502052691443e-05, -3.1455, 0.3749, 1.0, 0.2222]
	 ->['AGCACCAGUUACCACAAAGCGGAACGAGGAAAAGCG', '....((.(((.((.......)))))..)).......', 0.1111, -0.002049803383337278, -4.515, 0.1744, 0.7143, 0.2222]
	 ->['GGCACCAGUUAUCACAAAGCGAGACGAGGAAAAGCG', '.((.((.(((.((.......)))))..))....)).', 0.0556, -0.024594729398414974, -2.6836, 0.21, 0.6667, 0.1111]
	 >>> Resetting the solution to avoid local optima.
	 ->['ACCACCACCAACCACAAAGAGGAGGAAGGAAAAGGA', '.((.((.((...........)).))..)).......', 0.4167, -0.0006013949554065783, -3.7708, 0.3925, 1.0, 0.1667]
	 ->['ACCACCACCAACCACAAAGCGGAGGAAGGAAAAGGC', '.((.((.((...........)).))..)).......', 0.4167, -0.004412004329781872, -3.8426, 0.3814, 1.0, 0.1667]
	 ->['ACCACCACCAACCACUAAGCGGAGGAAGGAAAAGGC', '.((....((..((.((....)).))..))....)).', 0.3611, -0.0029713137701349265, -4.0862, 0.4039, 0.875, 0.1111]
	 ->['ACCAACACCAACCACAAAGCGGAGGAAGUUAAAGGA', '.(((((..(..((.......))..)..)))...)).', 0.1389, -0.0014588709990102384, -2.7246, 0.2849, 0.75, 0.1667]
	 ->['ACCAGCAGCAAUCACAAAGCGAGGCUAGUUCAAGGA', '.((((((((..((.......)).))).)))...)).', 0.0833, -0.00016336250692176646, -4.374, 0.2554, 0.6, 0.1667]
	 >>> Resetting the solution to avoid local optima.
	 ->['AGGAGGAGGAAGGAGAAACACCACCAACCAAAACCA', '.((....((..((.(......).))..))....)).', 0.3333, -0.0007543586925342024, -4.0311, 0.4203, 1.0, 0.1111]
	 ->['AGGACCAGGAAGGACAAAGACCACCCGGGAAAACCA', '....((.((..((.......))..)).)).......', 0.1944, -0.0008544758392792875, -5.4543, 0.3127, 1.0, 0.2222]
	 ->['AGGACCAGACAGUACAAAGAACAUCCGGGAAAUCCA', '.(((((.((..((.......)).)).))....))).', 0.1667, -0.0003052762549803681, -3.1887, 0.3035, 0.6667, 0.1667]
	 >>> Resetting the solution to avoid local optima.
	 ->['AGGAGGAGGAAGGAGAAACACCACCAACCAAAACCA', '.((....((..((.(......).))..))....)).', 0.3333, -0.0007543586925342024, -4.0311, 0.4203, 1.0, 0.1111]
	 ->['AGGAGGAGGAAGGAGAAACACCACCAACCAAAACCA', '.((....((..((.(......).))..))....)).', 0.3333, -0.0007543586925342024, -4.0311, 0.4203, 1.0, 0.1111]
	 ->['AGGAGCAAGAAGGAGAAACACCACUAAGCAAAACCA', '....((.....((.......)).....)).......', 0.1389, -0.002500521430873685, -1.6925, 0.3041, 1.0, 0.2778]
	 ->['AGGACCGGCGUUGAGAACCACAAGCAAGGAAAACCA', '....((.((.(((.......)))))..)).......', 0.1111, -0.003163735227119246, -4.0475, 0.2321, 0.7143, 0.2222]
	 >>> Resetting the solution to avoid local optima.
	 ->['AGGAGGAGGAAGGAGAAACACCACCAACCAAAACCA', '.((....((..((.(......).))..))....)).', 0.3333, -0.0007543586925342024, -4.0311, 0.4203, 1.0, 0.1111]
	 ->['AGGAGGAAGAAGGAGAAACACCGCUGACCCAAACCA', '.((.(..((..((.......)).))..)))......', 0.2222, -0.0005061545107425739, -4.4771, 0.3404, 0.8571, 0.1667]
	 ->['ACGAGGAAGAAGGAGAAACACCGCUGACCAAAACGC', '....((.((..((.......)).))..)).......', 0.0833, -0.0011308157915160555, -2.6816, 0.2715, 0.8333, 0.1667]
	 >>> Resetting the solution to avoid local optima.
	 ->['AGGAGGAGGAAGGAGAAACACCACCAACCAAAACCA', '.((....((..((.(......).))..))....)).', 0.3333, -0.0007543586925342024, -4.0311, 0.4203, 1.0, 0.1111]
	 ->['AGGAGGAGGAAGGAGAAACACCACCAACCAAAACCA', '.((....((..((.(......).))..))....)).', 0.3333, -0.0007543586925342024, -4.0311, 0.4203, 1.0, 0.1111]
	 ->['AGGAGCAGCAGGGAGAAACGCCAGCAAGCAAAACCA', '....((.((.((........)).))..)).......', 0.1944, -0.006247993347903278, -5.5281, 0.2773, 1.0, 0.2222]
	 ->['AGGAGCAGCAGGGAGAAACGCCAGCAAGCUAAACCA', '.(((((.((.((........)).))..)))...)).', 0.1667, -0.0004298866262341014, -7.1777, 0.2736, 0.8889, 0.1667]
	 ->['AGGAGCGGCAGGAACAAAGAUCAGCAAGUUAAACCA', '.(((((.((..((.......)).))..)))...)).', 0.0556, -0.006188368128525016, -2.934, 0.2111, 0.6667, 0.1111]
	 >>> Resetting the solution to avoid local optima.
	 ->['ACCACCACCAACCACAAAGAGGAGGAAGGAAAAGGA', '.((.((.((...........)).))..)).......', 0.4167, -0.0006013949554065783, -3.7708, 0.3925, 1.0, 0.1667]
	 ->['ACCACGACCAACCGCAAAGAGGAGGAACGAAAAGGA', '....((..(..((.......))..)..)).......', 0.1667, -0.0035177383308368686, -2.9822, 0.2811, 1.0, 0.2222]
	 ->['ACCACGACCAAGCGCAAAGAGCAGGAACGAAAAGGA', '....((.((..((.......)).))..)).......', 0.0833, -0.005775583122155189, -2.9766, 0.255, 1.0, 0.1667]
	 >>> Resetting the solution to avoid local optima.
	 ->['AGGAGGAGGAAGGAGAAACACCACCAACCAAAACCA', '.((....((..((.(......).))..))....)).', 0.3333, -0.0007543586925342024, -4.0311, 0.4203, 1.0, 0.1111]
	 ->['AGGAGGAGGAAGGAGAAACACCACCAACCAAAACCA', '.((....((..((.(......).))..))....)).', 0.3333, -0.0007543586925342024, -4.0311, 0.4203, 1.0, 0.1111]
	 ->['AUGAGGAGGAAGGAGAAACACCACCAACCAAAACAA', '....((..(..((.......))..)..)).......', 0.1667, -5.208621580905742e-05, -3.2785, 0.3827, 1.0, 0.2222]
	 ->['ACGAGGGGGCAGUAGAUACAACACCAUCCAAGACGA', '....(((((..((.......)).)).))).......', 0.1111, -0.00026570804027847367, -3.5742, 0.3713, 0.7143, 0.2222]
	 ->['AGCAGGGGGCCGAACAAAGAUCACCAUCCAAGUGCA', '.((((((((..((.......)).)).)))...))).', 0.0833, -0.0004946558146403726, -5.3912, 0.234, 0.7, 0.1667]
	 >>> Resetting the solution to avoid local optima.
	 ->['AGGAGGAGGAAGGAGAAACACCACCAACCAAAACCA', '.((....((..((.(......).))..))....)).', 0.3333, -0.0007543586925342024, -4.0311, 0.4203, 1.0, 0.1111]
	 ->['AGGAGGAGGAAGGCGUAACACCACCAACCAAAACCA', '.((....((..((.(......).))..))....)).', 0.3333, -0.0033540540977131965, -4.4115, 0.4092, 1.0, 0.1111]
	 ->['AGGAGGAGGAAGGCGUAACGCCACCAACCAAAACCA', '....((..(..((((...))))..)..)).......', 0.1667, -1.7168997870146547e-06, -8.1817, 0.2434, 1.0, 0.2222]
	 ->['AGGAGGAGGAACACGUAACGUGACCAACCAAAUCCA', '.(((((..(..((((...))))..)..))...))).', 0.1389, -3.0505699598914486e-07, -7.5465, 0.2209, 0.8, 0.1667]
	 ->['AGGGGCAGUGACAUGUAACGUGAGCGAGCAAAUCCA', '.(((((.((..((((...)))).))..))...))).', 0.0556, -6.942575454407976e-05, -6.0014, 0.1472, 0.6364, 0.1111]
	 >>> Resetting the solution to avoid local optima.
	 ->['ACCACCACCAACCACAAAGAGGAGGAAGGAAAAGGA', '.((.((.((...........)).))..)).......', 0.4167, -0.0006013949554065783, -3.7708, 0.3925, 1.0, 0.1667]
	 ->['ACCACCACCAACCACAAAGAGGAGGAAGGAAAAGGA', '.((.((.((...........)).))..)).......', 0.4167, -0.0006013949554065783, -3.7708, 0.3925, 1.0, 0.1667]
	 ->['ACCACCACCAAUCAGAAACAGAAGGACGGAAAAGGA', '....((..(..((.......))..)..)).......', 0.1667, -0.002098937587777346, -1.8004, 0.3107, 0.8, 0.2222]
	 ->['ACCACCAGCAAUCAGAAACAGAAGCUCGGAAAAGGA', '....(((((..((.......)).))).)).......', 0.1111, -0.00010150288530489397, -3.7673, 0.2464, 0.7143, 0.2222]
	 ->['AGCGCCAGCCAUCAGAAACAGAAGCUAGGAAAUGCA', '.((((((((..((.......)).))).))...))).', 0.0833, -3.102206967486622e-05, -4.9979, 0.2086, 0.7, 0.1667]
	 >>> Resetting the solution to avoid local optima.
	 ->['AGGAGGAGGAAGGAGAAACACCACCAACCAAAACCA', '.((....((..((.(......).))..))....)).', 0.3333, -0.0007543586925342024, -4.0311, 0.4203, 1.0, 0.1111]
	 ->['AGGAGGAGGAAGGAGAAACACCACCAACCAAAACCA', '.((....((..((.(......).))..))....)).', 0.3333, -0.0007543586925342024, -4.0311, 0.4203, 1.0, 0.1111]
	 ->['AGCAGGAGGGAGUAGAAGCAACACCAACCAAAAGCA', '....((..((.((.......)).))..)).......', 0.1944, -0.0007808197021440922, -4.4099, 0.2791, 0.8333, 0.2222]
	 ->['AGCAUGAGGGAGUAGACGCAACACCAACAAAAAGCA', '.((.((..((.((.......)).))..))....)).', 0.1389, -0.0006606264838433917, -2.6129, 0.3288, 0.75, 0.1111]
	 >>> Resetting the solution to avoid local optima.
	 ->['ACCACCACCAACCACAAAGAGGAGGAAGGAAAAGGA', '.((.((.((...........)).))..)).......', 0.4167, -0.0006013949554065783, -3.7708, 0.3925, 1.0, 0.1667]
	 ->['ACCACCACCAACCACAAAGAGGAGGAAGGAAAAGGA', '.((.((.((...........)).))..)).......', 0.4167, -0.0006013949554065783, -3.7708, 0.3925, 1.0, 0.1667]
	 ->['ACCACCACCAACCUCAAAGAGGAGGAAGGAAAAGGA', '.((....((..((((......))))..))....)).', 0.3611, -9.778297295021274e-07, -8.1286, 0.457, 0.875, 0.1667]
	 ->['ACCACGACCAACCUCAAAGAGGAGGAACGAAAAGGA', '.((........((((......))))........)).', 0.3056, -9.67942435902608e-06, -6.0157, 0.3744, 0.8333, 0.2778]
	 ->['ACCACGACCAACCGCAAAGAGGAGGAACGAAAAGGA', '....((..(..((.......))..)..)).......', 0.1667, -0.0035177383308368686, -2.9822, 0.2811, 1.0, 0.2222]
	 ->['ACCACGUCCAAACGCAAAGAGUAGGAACGAAAAGGA', '....(((((..((.......)).)).))).......', 0.1111, -3.931459940037316e-05, -4.1519, 0.237, 0.7143, 0.2222]
	 ->['ACCUCGUCCAGACGCAAAGAGUAGGAUCGAAUAGGG', '.((((((((..((.......)).))).)))...)).', 0.0833, -1.0516962876167144e-05, -7.3646, 0.2084, 0.7, 0.1667]
	 ->['ACCUCGUCCAGACGCAAAGAGUAGGUUCGAAUAGGG', '.(((((.((..((.......)).))..)))...)).', 0.0556, -0.00021819319523346816, -5.4957, 0.285, 0.7778, 0.1111]
	 >>> Resetting the solution to avoid local optima.
	 ->['ACCACCACCAACCACAAAGAGGAGGAAGGAAAAGGA', '.((.((.((...........)).))..)).......', 0.4167, -0.0006013949554065783, -3.7708, 0.3925, 1.0, 0.1667]
	 ->['ACCGGCACCACCCGCAAUGAGGAGGAAGCAAAAGGA', '....((..(..((.......))..)..)).......', 0.1667, -0.0006511110390862428, -5.0218, 0.2793, 1.0, 0.2222]
	 ->['ACCGGCACCACCCGCAAUGAGGGGGAAGCAAAAGGG', '....((.((.(((.......)))))..)).......', 0.1111, -2.3405331068004276e-05, -8.7715, 0.2716, 1.0, 0.2222]
	 ->['ACCUGCACCGUGCGCAUAGAGCUGGAAGCCAAAGGA', '.(((((.(((.((.......)))))..))...))).', 0.0833, -0.00017546890380315262, -6.73, 0.1943, 0.8, 0.1667]
	 >>> Resetting the solution to avoid local optima.
	 ->['ACCACCACCAACCACAAAGAGGAGGAAGGAAAAGGA', '.((.((.((...........)).))..)).......', 0.4167, -0.0006013949554065783, -3.7708, 0.3925, 1.0, 0.1667]
	 ->['ACCACCGCCAACCGCAAAGAGGAGGAAGGAAAAGGA', '.((....((..((.(......).))..))....)).', 0.3333, -0.001337623645813389, -5.0781, 0.3745, 1.0, 0.1111]
	 ->['ACCACCGCCGAGCGCCAUGAGCAGGAAGGAAAAGGA', '....((.((..((.......)).))..)).......', 0.0833, -0.00974990043241571, -5.3539, 0.2384, 1.0, 0.1667]
	 ->['ACCUCCGUCGAGCGCCAAGAGCAGAAAGGUUAAGGG', '.(((((.((..((.......)).))..))...))).', 0.0556, -0.0010509604537437456, -6.1268, 0.1872, 0.7778, 0.1111]
	 >>> Resetting the solution to avoid local optima.
	 ->['AGGAGGAGGAAGGAGAAACACCACCAACCAAAACCA', '.((....((..((.(......).))..))....)).', 0.3333, -0.0007543586925342024, -4.0311, 0.4203, 1.0, 0.1111]
	 ->['AGGAGGAGGAAGGAGAAACACCACCAACCAAAACCA', '.((....((..((.(......).))..))....)).', 0.3333, -0.0007543586925342024, -4.0311, 0.4203, 1.0, 0.1111]
	 ->['AGGAGGAGGAAGGAGCAACACCAUCGACCAAAACCA', '....((..((.((.......)).))..)).......', 0.1944, -2.93500245997049e-05, -5.0321, 0.3348, 0.8333, 0.2222]
	 ->['AGGAGGAGGAAGGAGCAACACCAUCGACCAAAUCCA', '.(((((..((.((.......)).))..))...))).', 0.1667, -1.8151919271096118e-06, -6.7473, 0.2818, 0.7778, 0.1667]
	 >>> Resetting the solution to avoid local optima.
	 ->['ACCACCACCAACCACAAAGAGGAGGAAGGAAAAGGA', '.((.((.((...........)).))..)).......', 0.4167, -0.0006013949554065783, -3.7708, 0.3925, 1.0, 0.1667]
	 ->['ACCACCACCAACCACAAAGAGGAGGAAGGUAAAGGA', '.((...(((..((.(......).))..)))...)).', 0.3611, -3.857962589980954e-05, -5.4635, 0.4119, 0.875, 0.1667]
	 ->['ACAAGCGCCAACCACAAAGCGGAGGAAGCUAAAUGA', '...(((..(..((.......))..)..)))......', 0.1944, -0.00012770239590409273, -5.0258, 0.29, 0.8333, 0.2778]
	 ->['ACAAGCGCCGACCACAAAGCGGAGGAAGCUAAAUGA', '...(((.((..((.......)).))..)))......', 0.1111, -0.00022810734085028562, -5.9683, 0.2634, 0.8571, 0.2222]
	 ->['UGGAGCGGUGACCACAAAGCGGAGCAAGCGAAACCG', '....((.((..((.......)).))..)).......', 0.0833, -0.03670252938343216, -4.9369, 0.2982, 0.8333, 0.1667]
	 >>> Resetting the solution to avoid local optima.
	 ->['ACCACCACCAACCACAAAGAGGAGGAAGGAAAAGGA', '.((.((.((...........)).))..)).......', 0.4167, -0.0006013949554065783, -3.7708, 0.3925, 1.0, 0.1667]
	 ->['GCCACCACCAACCACAAAGAGGAGGAAGGAAAAGGA', '.((.((.((...........)).))..)).......', 0.4167, -0.0006688132147370667, -3.9053, 0.3929, 1.0, 0.1667]
	 ->['GCCACCAGCGACCACAAAGAGGAGCAAGGAAAAGGA', '....((.((..((.......)).))..)).......', 0.0833, -0.006331738278586744, -4.1199, 0.235, 1.0, 0.1667]
	 >>> Resetting the solution to avoid local optima.
	 ->['ACCACCACCAACCACAAAGAGGAGGAAGGAAAAGGA', '.((.((.((...........)).))..)).......', 0.4167, -0.0006013949554065783, -3.7708, 0.3925, 1.0, 0.1667]
	 ->['ACCACCACCCACCACAAAGAGGAGGAAGGAAAAGGA', '....((..((.((.......)).))..)).......', 0.1944, -0.00010048396105780303, -5.0735, 0.3177, 1.0, 0.2222]
	 ->['ACCACCAGCCACCACAAAGAGGAGCAAGGAAAAGGA', '....((.((..((.......)).))..)).......', 0.0833, -0.0029812546662447547, -3.2842, 0.285, 1.0, 0.1667]
	 >>> Resetting the solution to avoid local optima.
	 ->['ACCACCACCAACCACAAAGAGGAGGAAGGAAAAGGA', '.((.((.((...........)).))..)).......', 0.4167, -0.0006013949554065783, -3.7708, 0.3925, 1.0, 0.1667]
	 ->['ACCACCACCAACCACAAAGAGGAGGAAGGAGAAGGA', '.((..(.((..((.(......).))..)).)..)).', 0.3611, -0.00032994439103110527, -4.1408, 0.4002, 1.0, 0.1111]
	 ->['CCCAGGACCAACCACAAAGAGGAGGAACCAGAAGGA', '....((..(..((.......))..)..)).......', 0.1667, -0.001811035764483231, -3.6914, 0.2734, 1.0, 0.2222]
	 ->['GCCAGGACCAACCACAAAGCGGAGGAACUAAAAGGA', '.((((..((..((.......)).))..))....)).', 0.1389, -0.0005075167992929108, -3.6754, 0.2833, 0.875, 0.1111]
	 ->['GCCAGGACCAAUCACAAAGCGAAGGAUCUAAAAGGA', '....(((((..((.......)).)).))).......', 0.1111, -0.000265764375298474, -2.6741, 0.2608, 0.5714, 0.2222]
	 >>> Resetting the solution to avoid local optima.
	 ->['AGGAGGAGGAAGGAGAAACACCACCAACCAAAACCA', '.((....((..((.(......).))..))....)).', 0.3333, -0.0007543586925342024, -4.0311, 0.4203, 1.0, 0.1111]
	 ->['AGGAGGAGGAAGGAGAAACACCACCAACCAAAACCA', '.((....((..((.(......).))..))....)).', 0.3333, -0.0007543586925342024, -4.0311, 0.4203, 1.0, 0.1111]
	 ->['AGGAGCAGGAAGGAGAAACACCACCAAGCAAAACCA', '....((..(..((.......))..)..)).......', 0.1667, -0.006421113579164364, -3.0113, 0.2391, 1.0, 0.2222]
	 ->['AGGAGCAGUAAGGAGAAACACCAACAAGCAAAACCA', '....((.....((.......)).....)).......', 0.1389, -0.0038958838804135287, -1.7192, 0.2928, 1.0, 0.2778]
	 ->['AGCGGCGGUAAGGAGAAACACCAACAAGCAAAUGCA', '.(((((.....((.......)).....))...))).', 0.1111, -0.0006947604201078275, -4.0819, 0.3663, 0.8571, 0.2222]
	 >>> Resetting the solution to avoid local optima.
	 ->['ACCACCACCAACCACAAAGAGGAGGAAGGAAAAGGA', '.((.((.((...........)).))..)).......', 0.4167, -0.0006013949554065783, -3.7708, 0.3925, 1.0, 0.1667]
	 ->['ACCACCACCAACCACAAAGAGGAGGAAGGAAAAGGA', '.((.((.((...........)).))..)).......', 0.4167, -0.0006013949554065783, -3.7708, 0.3925, 1.0, 0.1667]
	 ->['ACCACCACCAACCACUAAGAGGAGGAAGGAAAAGGC', '.((....((..((.((....)).))..))....)).', 0.3611, -0.0002982809945098774, -4.203, 0.4245, 0.875, 0.1111]
	 ->['ACCAUCACCAACCACUAAGAGGAGGGAGAAAAAGGC', '....((.((..((.......))..)).)).......', 0.1944, -0.00020678782893978975, -4.5288, 0.3159, 0.8333, 0.2222]
	 ->['AGCAUCAUGAACCACAAAGCGGACAUAGAAAAAGCC', '....(((((..((.......)).))).)).......', 0.1111, -0.0006863094911930845, -1.8894, 0.2964, 0.5714, 0.2222]
	 ->['AGCAGCAGGAACCACAAAGCGGACUUAGCCAAAGCU', '(((.(((((..((.......)).))).))....)))', 0.0833, -0.0007563712047295507, -3.5295, 0.311, 0.7, 0.1667]
	 >>> Resetting the solution to avoid local optima.
	 ->['AGGAGGAGGAAGGAGAAACACCACCAACCAAAACCA', '.((....((..((.(......).))..))....)).', 0.3333, -0.0007543586925342024, -4.0311, 0.4203, 1.0, 0.1111]
	 ->['AGGAGGAGGAAGGAGAAACACCACCAACCAAAACCA', '.((....((..((.(......).))..))....)).', 0.3333, -0.0007543586925342024, -4.0311, 0.4203, 1.0, 0.1111]
	 ->['AGGACGAGGAAGGAGAAACACCACCAACGAAAACCA', '....((..(..((.......))..)..)).......', 0.1667, -0.0032178585195378547, -2.2371, 0.3151, 1.0, 0.2222]
	 ->['AGGUCGAGGAAGGAGAAACACCACCAACGAAAACCA', '.(((((..(..((.......))..)..)))...)).', 0.1389, -0.00011638527027682118, -4.283, 0.2598, 0.875, 0.1667]
	 ->['AGAUCCAGCAAGAAGUAACAUCGGUUAGGCAAAUCA', '.((((((((..((.......)).))).))...))).', 0.0833, -0.00011652920365278395, -2.4822, 0.3385, 0.5, 0.1667]
	 >>> Resetting the solution to avoid local optima.
	 ->['AGGAGGAGGAAGGAGAAACACCACCAACCAAAACCA', '.((....((..((.(......).))..))....)).', 0.3333, -0.0007543586925342024, -4.0311, 0.4203, 1.0, 0.1111]
	 ->['AGGAGGAGGAAGGAGAAACACCACCGACCAAAACCA', '.((....((..((.(......).))..))....)).', 0.3333, -0.0008905082583679695, -5.2289, 0.4221, 1.0, 0.1111]
	 ->['AGGAGGAGGAAGGAGAAACACCACCGACCCAAACCA', '.((.(..((..((.......)).))..)))......', 0.2222, -0.00026580398479319133, -5.974, 0.3799, 1.0, 0.1667]
	 ->['AUGAGCAGGAAGGACAAAGACCGCCGAGCCAAACAA', '.((.((.((..((.......)).))..)))).....', 0.1389, -0.00018436522382199498, -4.8995, 0.2596, 0.875, 0.1667]
	 ->['ACCAGCAGGAAUGACAAAGACAGCCGAGCCUUAGGA', '....((.((..((.......)).))..)).......', 0.0833, -0.007778307438575748, -3.1931, 0.3644, 0.8333, 0.1667]
	 ->['AGCAUCAGGAAUGACAUAGACAGCCGAGAUUUAGCA', '.(((((.((..((.......)).))..)))...)).', 0.0556, -0.0019650140668952543, -2.8411, 0.2103, 0.6667, 0.1111]
	 >>> Resetting the solution to avoid local optima.
	 ->['AGGAGGAGGAAGGAGAAACACCACCAACCAAAACCA', '.((....((..((.(......).))..))....)).', 0.3333, -0.0007543586925342024, -4.0311, 0.4203, 1.0, 0.1111]
	 ->['AGGAGGAGGAAGGAGAAACACCACCAACCAAAACCA', '.((....((..((.(......).))..))....)).', 0.3333, -0.0007543586925342024, -4.0311, 0.4203, 1.0, 0.1111]
	 ->['AGGAGGAGGAGGGAGAAACACCACCAACCAAAACCA', '....((.((.((........)).))..)).......', 0.1944, -0.0003021247708204928, -5.9951, 0.366, 1.0, 0.2222]
	 ->['AGCAGCAGGAGGCACAAAGAGCACCAGGCAAAAGCA', '....((..(..((.......))..)..)).......', 0.1667, -0.004315966287381455, -6.0561, 0.2145, 1.0, 0.2222]
	 ->['AGCAGCAGGAGGCAGAAACAGCACCGGGCAAAAGCA', '....((.((..((.......)).))..)).......', 0.0833, -0.006673378808109426, -5.7875, 0.2095, 1.0, 0.1667]
	 >>> Resetting the solution to avoid local optima.
	 ->['AGGAGGAGGAAGGAGAAACACCACCAACCAAAACCA', '.((....((..((.(......).))..))....)).', 0.3333, -0.0007543586925342024, -4.0311, 0.4203, 1.0, 0.1111]
	 ->['AGGAGGAGGAAGCAGAAACAGCACCAACCAAAACCA', '....((..(..((.......))..)..)).......', 0.1667, -0.0025070748370255506, -3.3909, 0.2551, 1.0, 0.2222]
	 ->['AGCAUGAGGGAGCCGAAACAGCACCGACGAAAAGCA', '.((.((..((.((.......)).))..))....)).', 0.1389, -0.004617973592285318, -3.9144, 0.2826, 0.875, 0.1111]
	 >>> Resetting the solution to avoid local optima.
	 ->['ACCACCACCAACCACAAAGAGGAGGAAGGAAAAGGA', '.((.((.((...........)).))..)).......', 0.4167, -0.0006013949554065783, -3.7708, 0.3925, 1.0, 0.1667]
	 ->['ACCACCACCAACCACAAAGAGGAGGAAGGUAAAGGA', '.((...(((..((.(......).))..)))...)).', 0.3611, -3.857962589980954e-05, -5.4635, 0.4119, 0.875, 0.1667]
	 ->['ACCACCACAAACCGCGAAGAGGAUGAAGGUAAAGGG', '.(((((.....((.......)).....)))...)).', 0.1111, -0.0001141544962235424, -4.5949, 0.2879, 0.8571, 0.2222]
	 ->['ACCAGCACAUACCGCGAAGAGGAUGGAGUUAAAGGG', '.(((((.(((.((.......)))))..)))...)).', 0.0833, -5.0222789922077254e-05, -5.301, 0.2074, 0.6, 0.1667]
	 >>> Resetting the solution to avoid local optima.
	 ->['AGGAGGAGGAAGGAGAAACACCACCAACCAAAACCA', '.((....((..((.(......).))..))....)).', 0.3333, -0.0007543586925342024, -4.0311, 0.4203, 1.0, 0.1111]
	 ->['AGGAGGAGGAAGGCGAAACACCACCAACCAAAACCA', '.((....((..((.(......).))..))....)).', 0.3333, -0.002128513383440122, -4.6918, 0.4085, 1.0, 0.1111]
	 ->['AGGAGGAUGCAGGCGAAACACCACGAACCAAAACCA', '....((.....((.......)).....)).......', 0.1389, -0.0029534234414653974, -2.2899, 0.3859, 1.0, 0.2778]
	 ->['AGGAGGAUGCAGGCGAAACACCACGAACCUAAACCA', '.(((((.....((.......)).....)))...)).', 0.1111, -0.0002938292448018356, -3.7122, 0.3485, 0.8571, 0.2222]
	 >>> Resetting the solution to avoid local optima.
	 ->['AGGAGGAGGAAGGAGAAACACCACCAACCAAAACCA', '.((....((..((.(......).))..))....)).', 0.3333, -0.0007543586925342024, -4.0311, 0.4203, 1.0, 0.1111]
	 ->['AGGAGGAGGAAGGAGAAACACCACCAACCAAAACCA', '.((....((..((.(......).))..))....)).', 0.3333, -0.0007543586925342024, -4.0311, 0.4203, 1.0, 0.1111]
	 ->['AGGAGGAGGAAGCAGAAACAGCACCAACCAAAACCA', '....((..(..((.......))..)..)).......', 0.1667, -0.0025070748370255506, -3.3909, 0.2551, 1.0, 0.2222]
	 ->['CGGAGGAGGAAGCAGAAACCGCGCCAACCUAAACCA', '.(((((..(..((.......))..)..)))...)).', 0.1389, -0.0003401443022516353, -5.822, 0.2873, 0.875, 0.1667]
	 ->['CGGAGGGGCAAGCAGAAACCGCGGCUACCUAAACCA', '.((((((((..((.......)).))).)))...)).', 0.0833, -0.0002426467233553603, -8.1302, 0.2103, 0.8, 0.1667]
	 ->['CGGAGGAGCAAGGAGAAACGCCGGCAACCUAAACCA', '.(((((.((..((.......)).))..)))...)).', 0.0556, -0.003380423930413011, -5.6067, 0.1806, 0.8889, 0.1111]
	 >>> Resetting the solution to avoid local optima.
	 ->['AGGAGGAGGAAGGAGAAACACCACCAACCAAAACCA', '.((....((..((.(......).))..))....)).', 0.3333, -0.0007543586925342024, -4.0311, 0.4203, 1.0, 0.1111]
	 ->['AGGAGGAGGAAGGAGAAACACCACCAACCAAAACCA', '.((....((..((.(......).))..))....)).', 0.3333, -0.0007543586925342024, -4.0311, 0.4203, 1.0, 0.1111]
	 ->['AGGAGGGGCAAGGAGAAACACCAGCAACCAAAACCA', '....((.((..((.......)).))..)).......', 0.0833, -0.00818794555259132, -4.2615, 0.2468, 1.0, 0.1667]
	 >>> Resetting the solution to avoid local optima.
	 ->['ACCACCACCAACCACAAAGAGGAGGAAGGAAAAGGA', '.((.((.((...........)).))..)).......', 0.4167, -0.0006013949554065783, -3.7708, 0.3925, 1.0, 0.1667]
	 ->['ACCACCACCAACCACAAAGAGGAGGAAGGAAAAGGA', '.((.((.((...........)).))..)).......', 0.4167, -0.0006013949554065783, -3.7708, 0.3925, 1.0, 0.1667]
	 ->['ACCACCACCAAUCACAAAGAGAAGGAAGGAAAAGGA', '....((.((..((.....))...))..)).......', 0.1944, -0.0007280697893523889, -2.253, 0.3599, 0.8333, 0.2222]
	 ->['ACCACCACCAAGCACAAAGAGUAGGAAGGAAAAGGA', '....((..(..((.......))..)..)).......', 0.1667, -0.001175230273416353, -2.0579, 0.3701, 0.8, 0.2222]
	 ->['ACCACCUCCAGGCGCCAAGAGCAGGAAGGAAAAGGC', '....(((((..((.......)).)).))).......', 0.1111, -6.892380563308031e-05, -7.8059, 0.2034, 0.8571, 0.2222]
	 ->['ACCACCUCCAGGCGCCGAGAGCAGGAUGGCAAUGGC', '.((((((((..((.......)).))).))...))).', 0.0833, -4.1487243716174565e-05, -8.9188, 0.1983, 0.8, 0.1667]
	 >>> Resetting the solution to avoid local optima.
	 ->['AGGAGGAGGAAGGAGAAACACCACCAACCAAAACCA', '.((....((..((.(......).))..))....)).', 0.3333, -0.0007543586925342024, -4.0311, 0.4203, 1.0, 0.1111]
	 ->['AGGAGGAGGAAGGAGAAGCACCACCAACCAAAACCA', '.((....((..((.(......).))..))....)).', 0.3333, -0.0008310458935846239, -3.9715, 0.4122, 1.0, 0.1111]
	 ->['AGGAGGAGGAACGAGAUACGCGACCGACCCGAACCA', '.((.(..((..((.......)).))..)))......', 0.2222, -0.0014419277140108777, -5.2318, 0.3522, 1.0, 0.1667]
	 >>> Resetting the solution to avoid local optima.
	 ->['ACCACCACCAACCACAAAGAGGAGGAAGGAAAAGGA', '.((.((.((...........)).))..)).......', 0.4167, -0.0006013949554065783, -3.7708, 0.3925, 1.0, 0.1667]
	 ->['ACAACCACCAACCACAAAGAGGAGGAAGGAAAAUGA', '....((..(..((.......))..)..)).......', 0.1667, -8.351479649434432e-05, -3.0876, 0.3739, 1.0, 0.2222]
	 ->['AGAACCACUAACCACAAUGAGGAAGAAGGAAAAUCA', '....((.....((.......)).....)).......', 0.1389, -0.0002221022677026906, -1.4847, 0.3443, 1.0, 0.2778]
	 ->['AGGACCACGAACCGCAAUGAGGACGGAGGAAAACCA', '....((.((..((.......)).))..)).......', 0.0833, -0.011881103949267875, -4.332, 0.2855, 1.0, 0.1667]
	 ->['AGCAUCAGGAACCGCAGUGAGGACCGAGAUUAAGCA', '.(((((.((..((.......)).))..)))...)).', 0.0556, -0.001494305946648886, -4.7098, 0.1761, 0.7778, 0.1111]
	 >>> Resetting the solution to avoid local optima.
	 ->['ACCACCACCAACCACAAAGAGGAGGAAGGAAAAGGA', '.((.((.((...........)).))..)).......', 0.4167, -0.0006013949554065783, -3.7708, 0.3925, 1.0, 0.1667]
	 ->['ACCACCACCAACCACAAAGAGGAGGAAGGAAAAGGC', '.((.((.((...........)).))..)).......', 0.4167, -0.0006031912735435307, -3.769, 0.3922, 1.0, 0.1667]
	 ->['ACCACCACCAACCACGAAGAGGAGGCAGGAAAAGGC', '.((....((..((.(......).))..))....)).', 0.3333, -0.00029951902369918963, -4.4004, 0.4077, 1.0, 0.1111]
	 ->['ACCACGACCAACCACGAAGAGGAGGCAUGAAAAGGC', '..((.(.((..((.......)).))).)).......', 0.2222, -8.022013313906127e-05, -2.6124, 0.398, 0.8571, 0.2222]
	 ->['GCGACAACCAACCACGAAGAGGAGGCAUGAAAACGA', '.......((..((.......)).))...........', 0.1389, -0.00017629739920598173, -2.1271, 0.4287, 1.0, 0.2778]
	 ->['GCGACAUCCGGGCACAAAGAGCAGGUAUGAAAACGG', '....(((((..((.......)).)).))).......', 0.1111, -0.00025918975226774143, -4.2895, 0.2262, 0.7143, 0.2222]
	 ->['CCGACAGGCGGGCACAAAGAGCAGCUAUGAAAACGG', '(((.(((((..((.......)).))).))....)))', 0.0833, -0.0001859465167982051, -4.9942, 0.2758, 0.8, 0.1667]
	 >>> Resetting the solution to avoid local optima.
	 ->['ACCACCACCAACCACAAAGAGGAGGAAGGAAAAGGA', '.((.((.((...........)).))..)).......', 0.4167, -0.0006013949554065783, -3.7708, 0.3925, 1.0, 0.1667]
	 ->['ACCACCACCAACCAGAAACAGGAGGAAGGAAAAGGA', '.((.((.((...........)).))..)).......', 0.4167, -0.0009837044848121344, -3.4675, 0.3765, 1.0, 0.1667]
	 ->['ACCACCACCAACCAGAAACAGGGGGAAGGAAAAGGA', '....((..(..((.......))..)..)).......', 0.1667, -0.001194478475145206, -4.7479, 0.3504, 1.0, 0.2222]
	 ->['ACCACAACCAACGAGAAACACGGGGCAUGUAAAGGA', '.(((((..(..((.......))..)..)))...)).', 0.1389, -0.0003088206527037793, -2.9816, 0.2556, 0.75, 0.1667]
	 ->['AGGACAGCGAACGAGAAACGCGGCGAAUGUAAACCA', '.(((((.((..((.......)).))..)))...)).', 0.0556, -0.0017141790430357938, -3.5252, 0.3017, 0.7778, 0.1111]
	 >>> Resetting the solution to avoid local optima.
	 ->['ACCACCACCAACCACAAAGAGGAGGAAGGAAAAGGA', '.((.((.((...........)).))..)).......', 0.4167, -0.0006013949554065783, -3.7708, 0.3925, 1.0, 0.1667]
	 ->['ACCACCACCAACCACAAAGAGGAGGAAGGAAAAGGA', '.((.((.((...........)).))..)).......', 0.4167, -0.0006013949554065783, -3.7708, 0.3925, 1.0, 0.1667]
	 ->['ACCACCACGAACCACAAAGAGGAUGAAGGAAAAGGG', '....((.....((.......)).....)).......', 0.1389, -0.00044967833236087977, -2.05, 0.3624, 1.0, 0.2778]
	 ->['ACCACCACGAACCAGAAACAGGAUGCAGGAAAAGGU', '(((.((.....((.......)).....))....)))', 0.1111, -0.0002463046788008219, -2.121, 0.3396, 0.8571, 0.2222]
	 ->['AGCACCGACGAGGCGAUACACCAGUUAGGAAAAGCU', '(((.(((((..((.......)).))).))....)))', 0.0833, -0.009015974942238474, -4.3021, 0.2344, 0.7, 0.1667]
	 >>> Resetting the solution to avoid local optima.
	 ->['AGGAGGAGGAAGGAGAAACACCACCAACCAAAACCA', '.((....((..((.(......).))..))....)).', 0.3333, -0.0007543586925342024, -4.0311, 0.4203, 1.0, 0.1111]
	 ->['AGCAGGAGGAAGGAGAAACACCACCAACCAAAAGCA', '.((....((..((.(......).))..))....)).', 0.3333, -0.0014087847051754308, -3.7462, 0.3661, 1.0, 0.1111]
	 ->['AGCAGGACGAAGGAGAAACACCACGAACCAAAAGCA', '....((.((..((.......)).))..)).......', 0.0833, -0.007968096929483305, -1.9783, 0.2511, 1.0, 0.1667]
	 >>> Resetting the solution to avoid local optima.
	 ->['AGGAGGAGGAAGGAGAAACACCACCAACCAAAACCA', '.((....((..((.(......).))..))....)).', 0.3333, -0.0007543586925342024, -4.0311, 0.4203, 1.0, 0.1111]
	 ->['AGGAGGAGGAAGGAGAAGCACCACCAACCAAAACCA', '.((....((..((.(......).))..))....)).', 0.3333, -0.0008310458935846239, -3.9715, 0.4122, 1.0, 0.1111]
	 ->['AGGAGGAGGAAGGAGCAGCACCACCAACCCAAACCA', '.((.(..((..((.......)).))..)))......', 0.2222, -0.0002683740500032928, -4.6681, 0.3759, 1.0, 0.1667]
	 ->['AGGACGAGGAAGGAGCAACACCACCAACGAAAACCA', '....((..(..((.......))..)..)).......', 0.1667, -0.003606040459494526, -2.1669, 0.3052, 1.0, 0.2222]
	 ->['AGGACCAGGAAGGAGCAACACCACCAAGGUAAACCA', '.(((((..(..((.......))..)..)))...)).', 0.1389, -0.00035782018272315856, -4.6908, 0.25, 0.875, 0.1667]
	 ->['AGGACCAGCGACGCGCAACACGAGCAAGGUAAACCA', '.(((((.((..((.......)).))..)))...)).', 0.0556, -0.005076007894502268, -4.8562, 0.193, 0.8889, 0.1111]
	 >>> Resetting the solution to avoid local optima.
	 ->['AGGAGGAGGAAGGAGAAACACCACCAACCAAAACCA', '.((....((..((.(......).))..))....)).', 0.3333, -0.0007543586925342024, -4.0311, 0.4203, 1.0, 0.1111]
	 ->['AGGAGGAGGAAGGAGAAACACCACCAACCAAAACCA', '.((....((..((.(......).))..))....)).', 0.3333, -0.0007543586925342024, -4.0311, 0.4203, 1.0, 0.1111]
	 ->['AGGAGGAGGAACCAGAAACAGGACCAACCAAAACCA', '....((..(..((.......))..)..)).......', 0.1667, -0.0030306669844841444, -3.374, 0.2579, 1.0, 0.2222]
	 ->['AGGAGCACGAACCAGAAACAGGACGACGCAAAACCA', '....((.((..((.......)).))..)).......', 0.0833, -0.005738033419586283, -2.3806, 0.2395, 1.0, 0.1667]
	 >>> Resetting the solution to avoid local optima.
	 ->['ACCACCACCAACCACAAAGAGGAGGAAGGAAAAGGA', '.((.((.((...........)).))..)).......', 0.4167, -0.0006013949554065783, -3.7708, 0.3925, 1.0, 0.1667]
	 ->['ACCACCACUAACCACAAUGAGGAAGCAGGAAAAGGA', '....((.....((.......)).....)).......', 0.1389, -0.0013061374812358387, -1.7928, 0.333, 1.0, 0.2778]
	 ->['GCCACCACUAACCCCAAUGAGGAAGCAGGUCAAGGA', '.(((((.....((.......)).....)))...)).', 0.1111, -0.0001859486686779105, -3.7942, 0.3739, 0.8571, 0.2222]
	 >>> Resetting the solution to avoid local optima.
	 ->['ACCACCACCAACCACAAAGAGGAGGAAGGAAAAGGA', '.((.((.((...........)).))..)).......', 0.4167, -0.0006013949554065783, -3.7708, 0.3925, 1.0, 0.1667]
	 ->['ACCUCCACCAACCACAAAGAGGAGGAAGGAAAAGGA', '.(((((..............)))))...........', 0.3889, -2.429149525110962e-06, -7.1678, 0.54, 0.8, 0.3333]
	 ->['ACCGCCACCAACCACAAAGAGGAGGAAGGAAAAGGA', '.((....((..((.(......).))..))....)).', 0.3333, -0.00018641401660559256, -4.4927, 0.4057, 1.0, 0.1111]
	 ->['ACCGGCACCAACCACAAAGAGGAGGAAGCAAAAGGA', '....((..(..((.......))..)..)).......', 0.1667, -0.0016049909147379602, -3.2658, 0.2637, 1.0, 0.2222]
	 ->['ACCGGCUCCGACCACAAAGAGGAGGAAGCAAAAGGA', '....(((((..((.......)).)).))).......', 0.1111, -1.9732210182958366e-05, -7.4768, 0.2633, 0.8571, 0.2222]
	 ->['GCCGGCGCCGACCAGAAACAGGAGGAAGCAAAAGGA', '....((.((..((.......)).))..)).......', 0.0833, -0.005168711488493881, -4.845, 0.2507, 1.0, 0.1667]
	 >>> Resetting the solution to avoid local optima.
	 ->['ACCACCACCAACCACAAAGAGGAGGAAGGAAAAGGA', '.((.((.((...........)).))..)).......', 0.4167, -0.0006013949554065783, -3.7708, 0.3925, 1.0, 0.1667]
	 ->['ACCACCACCAACCACAAAGAGGAGGAAGGAAAAGGA', '.((.((.((...........)).))..)).......', 0.4167, -0.0006013949554065783, -3.7708, 0.3925, 1.0, 0.1667]
	 ->['ACCAGCACCAACCAGAAACAGGAGGAAGUAAAAGGA', '....((..(..((.......))..)..)).......', 0.1667, -0.001016609783555519, -1.9472, 0.3267, 0.8, 0.2222]
	 ->['CCCAUAGCCAACCAGAAACAGGAGGAAUAAAAAGGA', '.......((..((.......)).))...........', 0.1389, -0.0006576018906786548, -2.0157, 0.3355, 1.0, 0.2778]
	 ->['CCCAUAGGCGACCAGAAACAGGAGCAAUAAAAAGGG', '(((....((..((.......)).))........)))', 0.1111, -0.00021642649394533435, -4.1007, 0.2403, 1.0, 0.2222]
	 ->['CCCACAGGCGGCCAGCAACCGGAGCAUUGAACAGGG', '(((.(((((..((.......)).)).)))....)))', 0.0833, -0.0005788976125382667, -5.4943, 0.203, 0.8, 0.1667]
	 >>> Resetting the solution to avoid local optima.
	 ->['AGGAGGAGGAAGGAGAAACACCACCAACCAAAACCA', '.((....((..((.(......).))..))....)).', 0.3333, -0.0007543586925342024, -4.0311, 0.4203, 1.0, 0.1111]
	 ->['AGCAGGAGGAAGGAGAAACACCACCAACCAAAAGCA', '.((....((..((.(......).))..))....)).', 0.3333, -0.0014087847051754308, -3.7462, 0.3661, 1.0, 0.1111]
	 ->['AGCAGGAAGAAGGCGAAACACCACUAACCAAAAGCA', '....((.....((.......)).....)).......', 0.1389, -0.014039667272553133, -1.9291, 0.297, 1.0, 0.2778]
	 ->['AGCAGGAAGAACGCGAAACACGACUUACCAAAAGCA', '....(((((..((.......)).))).)).......', 0.1111, -0.0015819620524490363, -2.5747, 0.2493, 0.7143, 0.2222]
	 ->['AGUACCGGGAACGCGAAACACGACCUAGGAAAUGCA', '.((((((((..((.......)).))).))...))).', 0.0833, -0.0017107944715589087, -4.0265, 0.2187, 0.7, 0.1667]
	 >>> Resetting the solution to avoid local optima.
	 ->['ACCACCACCAACCACAAAGAGGAGGAAGGAAAAGGA', '.((.((.((...........)).))..)).......', 0.4167, -0.0006013949554065783, -3.7708, 0.3925, 1.0, 0.1667]
	 ->['ACCACCACCAACCACAAAGAGGAGGAAGGAAAAGGA', '.((.((.((...........)).))..)).......', 0.4167, -0.0006013949554065783, -3.7708, 0.3925, 1.0, 0.1667]
	 ->['ACCACCACCAACUACAAAGAGGAGGAAGGAAAAGGA', '....((.((..((......))..))..)).......', 0.1944, -3.10765688337341e-05, -3.6968, 0.4042, 0.8333, 0.2222]
	 ->['ACCACCACCAACUACAAUGAGGAGGCAGGUAAAGGA', '.(((((.((..((......))..))..)))...)).', 0.1667, -2.8740403706148854e-06, -5.3641, 0.3666, 0.7778, 0.1667]
	 ->['ACCACCACCAACGACAAUGACGAGGCAGGUAAAGGA', '.(((((..(..((.......))..)..)))...)).', 0.1389, -0.00023121479217249938, -3.7599, 0.3377, 0.875, 0.1667]
	 ->['ACCACAAUCAACGACAAUGACGAGAUAUGUAAAGGG', '.((((((((..((.......)).))).)))...)).', 0.0833, -3.6051659989860815e-05, -1.9053, 0.293, 0.6, 0.1667]
	 >>> Resetting the solution to avoid local optima.
	 ->['ACCACCACCAACCACAAAGAGGAGGAAGGAAAAGGA', '.((.((.((...........)).))..)).......', 0.4167, -0.0006013949554065783, -3.7708, 0.3925, 1.0, 0.1667]
	 ->['ACCCCCACCAAGCACAAAGAGCAGGAAGGAAAAGGA', '...((..((..((.......)).))..)).......', 0.1944, -0.000668367255613624, -4.0057, 0.2759, 1.0, 0.2222]
	 ->['GCCCGCGGGAAGGACAAAGACCACCAUGCAAAAGGA', '....(((((..((.......)).)).))).......', 0.1111, -0.001660729431748465, -4.9448, 0.2808, 0.8571, 0.2222]
	 >>> Resetting the solution to avoid local optima.
	 ->['ACCACCACCAACCACAAAGAGGAGGAAGGAAAAGGA', '.((.((.((...........)).))..)).......', 0.4167, -0.0006013949554065783, -3.7708, 0.3925, 1.0, 0.1667]
	 ->['ACCACCACCAACCACAAAGAGGAGGAAGGAAAAGGA', '.((.((.((...........)).))..)).......', 0.4167, -0.0006013949554065783, -3.7708, 0.3925, 1.0, 0.1667]
	 ->['AGCACCACCAUCCACAAAGAGGAGGAAGGAAAAGCA', '.((....((.(((.(......).))).))....)).', 0.3611, -2.787483879079965e-05, -6.3638, 0.3974, 0.875, 0.1667]
	 ->['AGCACCACUAUCCACAAAGAGGAGGAAGGAAAAGCA', '....((....(((.......)))....)).......', 0.1667, -1.4593709101084434e-05, -4.8627, 0.394, 0.8, 0.3333]
	 ->['AGCUCCACUAUCCGCAAUGAGGAGGAAGGAAAAGCA', '.(((((....(((.......)))....)))...)).', 0.1389, -7.209069906805955e-07, -7.7165, 0.3546, 0.75, 0.2778]
	 ->['AGCUCCGCUAUCCGCAAUGAGGAGGUAGGAAACGCA', '.((((((((.(((.......)))))).)))...)).', 0.1111, -1.3121984136046422e-06, -8.7473, 0.2815, 0.6364, 0.2222]
	 ->['AGUACCGACGACCGCAAUGAGGAGUUAGGAAAUGCA', '.((((((((..((.......)).))).))...))).', 0.0833, -0.00028067502432479454, -4.9405, 0.2214, 0.6, 0.1667]
	 >>> Resetting the solution to avoid local optima.
	 ->['ACCACCACCAACCACAAAGAGGAGGAAGGAAAAGGA', '.((.((.((...........)).))..)).......', 0.4167, -0.0006013949554065783, -3.7708, 0.3925, 1.0, 0.1667]
	 ->['ACCACCACCAACCACAAAGAGGAGGAAGGAAAAGGA', '.((.((.((...........)).))..)).......', 0.4167, -0.0006013949554065783, -3.7708, 0.3925, 1.0, 0.1667]
	 ->['ACCACCACCAGCCACAAAGAGGAGGACGGAAAAGGA', '.((....((..((.(......).))..))....)).', 0.3333, -0.00039029419951292345, -4.6373, 0.3763, 1.0, 0.1111]
	 ->['AGCACCACCAGCCACAAAGAGGAGGACGGAAAAGUA', '....((..(..((.......))..)..)).......', 0.1667, -0.00010638587858705579, -4.0384, 0.3657, 1.0, 0.2222]
	 ->['AGCACCACGAGCCACAAAGAGGAUGACGGAAAAGUA', '....((.....((.......)).....)).......', 0.1389, -2.129151468930621e-05, -2.2299, 0.387, 1.0, 0.2778]
	 ->['AGCACCACUAACCACACAGAGGGAGACGGAAAUGCA', '.(((((.....((.......)).....))...))).', 0.1111, -0.00019966672321387435, -4.5504, 0.2454, 0.8571, 0.2222]
	 >>> Resetting the solution to avoid local optima.
	 ->['ACCACCACCAACCACAAAGAGGAGGAAGGAAAAGGA', '.((.((.((...........)).))..)).......', 0.4167, -0.0006013949554065783, -3.7708, 0.3925, 1.0, 0.1667]
	 ->['ACCACCACCAACCACAAAGCGGAGGCAGGAAAAGGA', '.((.((.((...........)).))..)).......', 0.4167, -0.004718291214512368, -4.0012, 0.3974, 1.0, 0.1667]
	 ->['ACCACAACCAACCACAAAGCGGAGGCAUGAAAAGGA', '..................((....))..........', 0.3056, -0.002299654768532805, -2.5441, 0.4659, 1.0, 0.5278]
	 ->['UCCACAACCAAUCGCAAAGUGAAGGCAUGAAAAGGA', '.......((..((((...)))).))...........', 0.1389, -3.463839667533046e-05, -3.23, 0.2592, 0.6667, 0.2778]
	 ->['UCCAUCAGCAAGCAGAAACGGCGGUUAGACAAAGGA', '(((.(((((..((.......)).))).))....)))', 0.0833, -0.0006653179650583629, -3.1085, 0.2522, 0.6, 0.1667]
	 ->['ACCAUCAGCAAGCGGAAUCGGCGGUUAGACACAGGG', '.((.(((((..((.......)).))).))....)).', 0.0556, -0.002908453337998623, -4.1994, 0.3192, 0.6667, 0.1111]
	 ->['ACCAGCAGCAAGGGGAAUCGCCGGUUAGCCAAAGGG', '.((.(((((..((.(...).)).))).))....)).', 0.0278, -0.009126109906049657, -5.8946, 0.2201, 0.8, 0.0556]


    -> Found sequence! Elapsed time:                   7822.9332547187805 secs.


 (2) We found a sequence that folds exactly like the target structure. Let's minimize the GC-content
    -> ORDER: Min(Base-pair distance), min(Hamming distance), min(GC-content), min(partition function), min(ensemble defect), max(probability over ensemble))


	 >>> Resetting the solution to avoid local optima.
	 ->['AGGAGGAGGAAGGAGAAACACCACCAACCAAAACCA', '.((....((..((.(......).))..))....)).', 0.3333, -0.0007543586925342024, -4.0311, 0.4203, 1.0, 0.1111]
	 ->['AGGAGGAGGAAGGGGACCCACCGCCAACCGAAGCCA', '.((....((..((.(......).))..))....)).', 0.3333, -4.3865293383315666e-06, -8.4035, 0.4166, 1.0, 0.1111]
	 ->['AGGAUGAGGAAGGGGACCCACCGCCAACGGAAGCCA', '.((.....(..((.(......).))..).....)).', 0.3056, -4.990381407786196e-06, -5.724, 0.4501, 1.0, 0.1667]
	 ->['AGGAUUAGGAAGGGGACCCACCGCCAAAGGAAGCCA', '.((........((.(......).))........)).', 0.2778, -1.2115870669723928e-06, -5.2965, 0.4396, 1.0, 0.2222]
	 ->['GGGAUGAGGAAGGGGAUCCCCCGCCAAUGGAAGCCA', '.......((..((((...)))).))...........', 0.1389, -1.538493913512831e-09, -8.9067, 0.3853, 1.0, 0.2778]
	 >>> Resetting the solution to avoid local optima.
	 ->['AGGAGGAGGAAGGAGAAACACCACCAACCAAAACCA', '.((....((..((.(......).))..))....)).', 0.3333, -0.0007543586925342024, -4.0311, 0.4203, 1.0, 0.1111]
	 ->['AGGAGGAGGAAGGAGAAACACCACCAACCAAAACCA', '.((....((..((.(......).))..))....)).', 0.3333, -0.0007543586925342024, -4.0311, 0.4203, 1.0, 0.1111]
	 ->['AGGAGGAAGCAGGAGAUACACCACUAACCAAAGCCA', '....((.....((.......)).....)).......', 0.1389, -0.0014304645087250777, -2.1368, 0.3988, 1.0, 0.2778]
	 ->['AGGAGGAAGCAGGAGAUACACCACUAACCUAAGCCA', '.(((((.....((.......)).....)))...)).', 0.1111, -0.00016454121934500067, -3.4696, 0.3708, 0.8571, 0.2222]
	 ->['AGGAGGAAGUUGUACAUGGUGCACUGCCCUACGCCA', '.(((((.(((.((((...)))))))..)))...)).', 0.0833, -3.0150321353137083e-08, -8.7729, 0.2963, 0.5833, 0.1667]
	 >>> Resetting the solution to avoid local optima.
	 ->['AGGAGGAGGAAGGAGAAACACCACCAACCAAAACCA', '.((....((..((.(......).))..))....)).', 0.3333, -0.0007543586925342024, -4.0311, 0.4203, 1.0, 0.1111]
	 ->['AGGAGGAGGAAGGAGAAACACCACCGACCAAAACCA', '.((....((..((.(......).))..))....)).', 0.3333, -0.0008905082583679695, -5.2289, 0.4221, 1.0, 0.1111]
	 ->['AGGAGAAGGAAGGAGACACUCCACCGAUCAAAACCA', '..((...((..((((...)))).))..)).......', 0.1944, -1.891643412456653e-05, -6.4028, 0.2708, 0.75, 0.2222]
	 ->['ACCCGAAGGACUGAGUCACUCAACCGAUCAGAAGGA', '....((.((..((((...)))).))..)).......', 0.0833, -5.135019979875657e-06, -5.1064, 0.4781, 0.625, 0.1667]
	 >>> Resetting the solution to avoid local optima.
	 ->['AGGAGGAGGAAGGAGAAACACCACCAACCAAAACCA', '.((....((..((.(......).))..))....)).', 0.3333, -0.0007543586925342024, -4.0311, 0.4203, 1.0, 0.1111]
	 ->['AGGAGGAGGCAGGAGAUACACCACCAACCAAAACCA', '.((....((..((.(......).))..))....)).', 0.3333, -0.0008454261768808792, -4.1609, 0.4218, 1.0, 0.1111]
	 ->['AGGAGGAGGCAGGAUAUAAACCACCAACCAAAACCA', '.((....((..((..........))..))....)).', 0.3056, -0.0005440347157718003, -3.6326, 0.3784, 1.0, 0.1667]
	 ->['AGGAGGAGGCAGUAUAUAAAACACCAACCAAAACCA', '....((..(..((.......))..)..)).......', 0.1667, -0.0005117628722660711, -1.8703, 0.3812, 0.8, 0.2222]
	 ->['CGGAGGAGGCUGUGGAGAUGACGCCAACCAAGACCA', '....((.(((.((.......)))))..)).......', 0.1111, -2.4043717513005028e-05, -6.355, 0.3259, 0.8571, 0.2222]
	 ->['CGGUAGAGGCCGUGGAGAUGACGCCGACUAGGACCA', '.(((((.(((.((.......)))))..))...))).', 0.0833, -5.397807320122777e-07, -8.0948, 0.2967, 0.7, 0.1667]
	 >>> Resetting the solution to avoid local optima.
	 ->['ACCACCACCAACCACAAAGAGGAGGAAGGAAAAGGA', '.((.((.((...........)).))..)).......', 0.4167, -0.0006013949554065783, -3.7708, 0.3925, 1.0, 0.1667]
	 >>> Resetting the solution to avoid local optima.
	 ->['ACCACCACCAACCACAAAGAGGAGGAAGGAAAAGGA', '.((.((.((...........)).))..)).......', 0.4167, -0.0006013949554065783, -3.7708, 0.3925, 1.0, 0.1667]
	 ->['ACCAGCACCAGCCACAUAGAGGAGGACGUCAAAGGA', '....((..(..((.......))..)..)).......', 0.1667, -0.0005489062423040108, -2.9271, 0.3748, 0.8, 0.2222]
	 ->['ACAUGCACCAGCCAUUUCGUGGAGGACGUCCAAUGC', '.(((((..(..((((...))))..)..))...))).', 0.1389, -1.6182595480760722e-07, -5.2373, 0.4768, 0.5, 0.1667]
	 >>> Resetting the solution to avoid local optima.
	 ->['AGGAGGAGGAAGGAGAAACACCACCAACCAAAACCA', '.((....((..((.(......).))..))....)).', 0.3333, -0.0007543586925342024, -4.0311, 0.4203, 1.0, 0.1111]
	 ->['AGGAGGAGGAAGGAGAAACACCACCAACCAUAACCA', '.((....((..((.(......).))..))....)).', 0.3333, -0.0006610398248198927, -4.1125, 0.4191, 1.0, 0.1111]
	 ->['AGGAGGAGGCACGAGACACACGACCAACCAUAACCA', '....((..(..((.......))..)..)).......', 0.1667, -0.003299827034208442, -2.4216, 0.3344, 1.0, 0.2222]
	 ->['UGGAGGGGGAACAUAGUUUAUGUCCAACCAUGUCCA', '((((((.(((.((((...)))))))..))...))))', 0.1111, -8.988208298320942e-09, -9.9188, 0.2704, 0.5385, 0.2222]
	 >>> Resetting the solution to avoid local optima.
	 ->['ACCACCACCAACCACAAAGAGGAGGAAGGAAAAGGA', '.((.((.((...........)).))..)).......', 0.4167, -0.0006013949554065783, -3.7708, 0.3925, 1.0, 0.1667]
	 ->['ACCACCACCAACCACAAAGAGGAGGAAGGUAAAGGA', '.((...(((..((.(......).))..)))...)).', 0.3611, -3.857962589980954e-05, -5.4635, 0.4119, 0.875, 0.1667]
	 ->['GCCACCAGCAACCAUAUUAUGGGGUCAGGUACAGGA', '.(((((.....((((...)))).....)))...)).', 0.1111, -2.3012031856257842e-06, -6.7011, 0.3024, 0.6667, 0.2222]
	 >>> Resetting the solution to avoid local optima.
	 ->['AGGAGGAGGAAGGAGAAACACCACCAACCAAAACCA', '.((....((..((.(......).))..))....)).', 0.3333, -0.0007543586925342024, -4.0311, 0.4203, 1.0, 0.1111]
	 ->['CGGAGGAGGAAGGAGAAACACCACCAACCAUAACCA', '.((....((..((.(......).))..))....)).', 0.3333, -0.0006564460477255828, -4.1168, 0.4196, 1.0, 0.1111]
	 ->['CGGAGGAUGAAGGAGAAACACCACAAACCACAACCA', '....((.....((.......)).....)).......', 0.1389, -0.0008679087950136759, -2.2447, 0.3883, 1.0, 0.2778]
	 ->['CGGAGGAUGCAGGAGAAACACCACAAACCACAACCG', '(((.((.....((.......)).....))....)))', 0.1111, -0.000660182481893495, -2.6133, 0.3405, 1.0, 0.2222]
	 >>> Resetting the solution to avoid local optima.
	 ->['AGGAGGAGGAAGGAGAAACACCACCAACCAAAACCA', '.((....((..((.(......).))..))....)).', 0.3333, -0.0007543586925342024, -4.0311, 0.4203, 1.0, 0.1111]
	 ->['AGGAGGAGGAAGGAGAAACACCACCAACCAAAACCA', '.((....((..((.(......).))..))....)).', 0.3333, -0.0007543586925342024, -4.0311, 0.4203, 1.0, 0.1111]
	 ->['CGGAGUAUGAAGGAGAACCACCGCGUAGCAAAGCCA', '.((..((((..((.......)).))))......)).', 0.1389, -1.7454962234195158e-05, -3.2523, 0.4133, 0.625, 0.2222]
	 >>> Resetting the solution to avoid local optima.
	 ->['ACCACCACCAACCACAAAGAGGAGGAAGGAAAAGGA', '.((.((.((...........)).))..)).......', 0.4167, -0.0006013949554065783, -3.7708, 0.3925, 1.0, 0.1667]
	 ->['ACCACCACCAACCACAAAGAGGAGGAAGGAACAGGA', '.((.((.((...........)).))..)).......', 0.4167, -0.0006009486289361108, -3.7713, 0.3926, 1.0, 0.1667]
	 ->['ACCCCCACUAACCACAAAGAGGAAGAAGGAACAGGA', '...((..((..((.......)).))..)).......', 0.1944, -0.00023822294728673677, -2.6415, 0.3623, 0.8333, 0.2222]
	 ->['ACCCCCACUAGCCACAAAGAGGAAGAAGGAACAGGA', '....((.....((.......)).....)).......', 0.1389, -0.00013923984899491575, -2.9725, 0.34, 1.0, 0.2778]
	 ->['GCCCCCACUAGCCACAAAGAGGGAGAAGGAACGGGA', '.(((((.....((.......)).....))...))).', 0.1111, -3.611177654776222e-06, -6.5234, 0.412, 1.0, 0.2222]
	 >>> Resetting the solution to avoid local optima.
	 ->['ACCACCACCAACCACAAAGAGGAGGAAGGAAAAGGA', '.((.((.((...........)).))..)).......', 0.4167, -0.0006013949554065783, -3.7708, 0.3925, 1.0, 0.1667]
	 ->['ACCACCACCAACCAUCAAGCGGAGGAAGGAAAAGGG', '.((....((..((.((....)).))..))....)).', 0.3611, -9.641594073218344e-05, -5.299, 0.4542, 0.875, 0.1111]
	 ->['ACCACCAGCAAGCAUCGCGCGUAGCAAGGAAUAGGG', '....((.((..((.....))...))..)).......', 0.1944, -0.00012690539258770268, -4.1297, 0.3314, 1.0, 0.2222]
	 ->['ACCACCAGCGAGCAUCGCGCGUAGCAAGGAAUUGGG', '.(((((.((..((.....))...))..))...))).', 0.1667, -9.026639885990858e-06, -6.8588, 0.3592, 0.8889, 0.1667]




RNA sequences found with GC-content <= 0.48:

RNA sequences found with GC-content > 0.48:
@@ ACCAGCAGCAAGGGGAAUCGCCGGUGAGCCAAAGGG 0.8888888888888888
@@ ACCAGCAGCAAGGGGAAACGCCGGUGAGCCAAAGGG 0.8888888888888888
@@ ACCAGCAGCAAGGGGGAACGCCGGUGAGCCAAAGGG 0.8888888888888888
@@ ACCAGCAGCAAGGGGGAACGCCGGUGAGCCAGAGGG 0.8888888888888888


Elapsed time:                   86400.0112631321 secs.
Number of function evaluations: 69542473
----------------------------------------------------------------------


---------------------------------------
 FINISHED SUCCESSFULLY 
---------------------------------------
