
-----------------------------------------------------------------------
   _____ _____  ______ ______ _____             _____  _   _           
  / ____|  __ \|  ____|  ____|  __ \           |  __ \| \ | |   /\     
 | |  __| |__) | |__  | |__  | |  | |  ______  | |__) |  \| |  /  \    
 | | |_ |  _  /|  __| |  __| | |  | | |______| |  _  /| . ` | / /\ \   
 | |__| | | \ \| |____| |____| |__| |          | | \ \| |\  |/ ____ \  
  \_____|_|  \_\______|______|_____/           |_|  \_\_| \_/_/    \_\ 
       
                                       -- A. Rubio-Largo et al. 2023
-----------------------------------------------------------------------

------------------------------------------------------------------------------------------------------------------
CONFIGURATION: 

 * TARGET:           ((....)).((....))
 * STOPPING:         86400 secs.
 * SEED:             6
 * NO. OF SOLUTIONS: 1
 * max. GC-cont.:    0.48
 * MODEL:            TURNER2004
 * MUTATION PROB:    0.01
 * STAGNATION LIMIT: 50
------------------------------------------------------------------------------------------------------------------


 (1) Let's minimize the base-pair distance between predicted and target structures
    -> Min(Base-pair distance), min(Hamming distance), max(probability over ensemble), min(partition function), min(ensemble defect), min(%GC-content)


	 ->['CCAAAAGGACCAAAAGG', '((....)).........', 0.1176, -0.22692884214082137, -0.9141, 0.2019, 1.0, 0.2353]
	 >>> Resetting the solution to avoid local optima.
	 ->['GGAAAACCAGGAAAACC', '((....)).........', 0.1176, -0.10810565308153613, -0.8711, 0.2233, 1.0, 0.2353]
	 >>> Resetting the solution to avoid local optima.
	 ->['CCAAAAGGACCAAAAGG', '((....)).........', 0.1176, -0.22692884214082137, -0.9141, 0.2019, 1.0, 0.2353]
	 ->['CCAAAAGGACCAAAAGG', '((....)).........', 0.1176, -0.22692884214082137, -0.9141, 0.2019, 1.0, 0.2353]


    -> Found sequence! Elapsed time:                   0.07177138328552246 secs.


 (2) We found a sequence that folds exactly like the target structure. Let's minimize the GC-content
    -> ORDER: Min(Base-pair distance), min(Hamming distance), min(GC-content), min(partition function), min(ensemble defect), max(probability over ensemble))


	 >>> Resetting the solution to avoid local optima.
	 ->['GGAAAACCAGGAAAACC', '((....)).........', 0.1176, -0.10810565308153613, -0.8711, 0.2233, 1.0, 0.2353]
	 >>> Resetting the solution to avoid local optima.
	 ->['CCAAAAGGACCAAAAGG', '((....)).........', 0.1176, -0.22692884214082137, -0.9141, 0.2019, 1.0, 0.2353]
	 ->['GCGGGAGCACCAAAUGG', '((....)).........', 0.1176, -0.24082625480107564, -2.3774, 0.2525, 1.0, 0.2353]
	 >>> Resetting the solution to avoid local optima.
	 ->['GGAAAACCAGGAAAACC', '((....)).........', 0.1176, -0.10810565308153613, -0.8711, 0.2233, 1.0, 0.2353]
	 >>> Resetting the solution to avoid local optima.
	 ->['CCAAAAGGACCAAAAGG', '((....)).........', 0.1176, -0.22692884214082137, -0.9141, 0.2019, 1.0, 0.2353]
	 ->['CCAUACGGACCAAAAGG', '((....)).........', 0.1176, -0.2255478030735252, -0.9178, 0.2036, 1.0, 0.2353]
	 >>> Resetting the solution to avoid local optima.
	 ->['CCAAAAGGACCAAAAGG', '((....)).........', 0.1176, -0.22692884214082137, -0.9141, 0.2019, 1.0, 0.2353]
	 ->['GCAACUGCGGCAGAAGC', '((....)).........', 0.1176, -0.09436011005148091, -1.7549, 0.3778, 1.0, 0.2353]
	 >>> Resetting the solution to avoid local optima.
	 ->['CCAAAAGGACCAAAAGG', '((....)).........', 0.1176, -0.22692884214082137, -0.9141, 0.2019, 1.0, 0.2353]
	 ->['CCGAUGGGGGCGUGUGC', '((....)).........', 0.1176, -0.09863101495455756, -2.1276, 0.3258, 1.0, 0.2353]
	 >>> Resetting the solution to avoid local optima.
	 ->['GGAAAACCAGGAAAACC', '((....)).........', 0.1176, -0.10810565308153613, -0.8711, 0.2233, 1.0, 0.2353]
	 ->['GCGUCAGCAGGCUUGCC', '((....)).........', 0.1176, -0.0521346470587381, -2.6206, 0.4431, 1.0, 0.2353]
	 >>> Resetting the solution to avoid local optima.
	 ->['CCAAAAGGACCAAAAGG', '((....)).........', 0.1176, -0.22692884214082137, -0.9141, 0.2019, 1.0, 0.2353]
	 ->['CCAAAAGGACCAACAGG', '((....)).........', 0.1176, -0.22122806076213974, -0.9298, 0.2086, 1.0, 0.2353]
	 >>> Resetting the solution to avoid local optima.
	 ->['CCAAAAGGACCAAAAGG', '((....)).........', 0.1176, -0.22692884214082137, -0.9141, 0.2019, 1.0, 0.2353]
	 ->['GCAAAGGCACCGAUCGG', '((....)).........', 0.1176, -0.29875281745500937, -1.3446, 0.1575, 1.0, 0.2353]
	 >>> Resetting the solution to avoid local optima.
	 ->['GGAAAACCAGGAAAACC', '((....)).........', 0.1176, -0.10810565308153613, -0.8711, 0.2233, 1.0, 0.2353]
	 >>> Resetting the solution to avoid local optima.
	 ->['GGAAAACCAGGAAAACC', '((....)).........', 0.1176, -0.10810565308153613, -0.8711, 0.2233, 1.0, 0.2353]
	 ->['GCAUCGGCAGGGAGAUC', '((....)).........', 0.1176, -0.004178517912764178, -1.3761, 0.4064, 1.0, 0.2353]
	 >>> Resetting the solution to avoid local optima.
	 ->['GGAAAACCAGGAAAACC', '((....)).........', 0.1176, -0.10810565308153613, -0.8711, 0.2233, 1.0, 0.2353]
	 ->['GGGCAACCAGGAUGACC', '((....)).........', 0.1176, -0.14413582321199891, -2.0938, 0.181, 1.0, 0.2353]
	 >>> Resetting the solution to avoid local optima.
	 ->['CCAAAAGGACCAAAAGG', '((....)).........', 0.1176, -0.22692884214082137, -0.9141, 0.2019, 1.0, 0.2353]
	 ->['GCUGCGGCGCCAUCGGG', '((....)).........', 0.1176, -0.17672434401078968, -2.6682, 0.1833, 1.0, 0.2353]
	 >>> Resetting the solution to avoid local optima.
	 ->['GGAAAACCAGGAAAACC', '((....)).........', 0.1176, -0.10810565308153613, -0.8711, 0.2233, 1.0, 0.2353]
	 ->['GGAAACCCAGGUUAACC', '((....)).........', 0.1176, -0.07335174833954175, -1.5101, 0.4042, 1.0, 0.2353]
	 >>> Resetting the solution to avoid local optima.
	 ->['GGAAAACCAGGAAAACC', '((....)).........', 0.1176, -0.10810565308153613, -0.8711, 0.2233, 1.0, 0.2353]
	 >>> Resetting the solution to avoid local optima.
	 ->['GGAAAACCAGGAAAACC', '((....)).........', 0.1176, -0.10810565308153613, -0.8711, 0.2233, 1.0, 0.2353]
	 ->['GGGAAACCAGGUACACC', '((....)).........', 0.1176, -0.14810497739146097, -2.0771, 0.167, 1.0, 0.2353]
	 >>> Resetting the solution to avoid local optima.
	 ->['GGAAAACCAGGAAAACC', '((....)).........', 0.1176, -0.10810565308153613, -0.8711, 0.2233, 1.0, 0.2353]
	 ->['GGCGCACCAGGAAAACC', '((....)).........', 0.1176, -0.10499657278894921, -0.8891, 0.2306, 1.0, 0.2353]
	 >>> Resetting the solution to avoid local optima.
	 ->['GGAAAACCAGGAAAACC', '((....)).........', 0.1176, -0.10810565308153613, -0.8711, 0.2233, 1.0, 0.2353]
	 ->['GGCAAGCCAGGCAAACC', '((....)).........', 0.1176, -0.059247111298224776, -1.2417, 0.3618, 1.0, 0.2353]
	 >>> Resetting the solution to avoid local optima.
	 ->['CCAAAAGGACCAAAAGG', '((....)).........', 0.1176, -0.22692884214082137, -0.9141, 0.2019, 1.0, 0.2353]
	 ->['CCAAAUGGACCAUAGGG', '((....)).........', 0.1176, -0.11052739737910539, -1.2574, 0.3523, 1.0, 0.2353]
	 >>> Resetting the solution to avoid local optima.
	 ->['GGAAAACCAGGAAAACC', '((....)).........', 0.1176, -0.10810565308153613, -0.8711, 0.2233, 1.0, 0.2353]
	 >>> Resetting the solution to avoid local optima.
	 ->['CCAAAAGGACCAAAAGG', '((....)).........', 0.1176, -0.22692884214082137, -0.9141, 0.2019, 1.0, 0.2353]
	 ->['CCGCGGGGGCCUUCUGG', '((....)).........', 0.1176, -0.15435955623669595, -2.5516, 0.4703, 1.0, 0.2353]
	 >>> Resetting the solution to avoid local optima.
	 ->['GGAAAACCAGGAAAACC', '((....)).........', 0.1176, -0.10810565308153613, -0.8711, 0.2233, 1.0, 0.2353]
	 >>> Resetting the solution to avoid local optima.
	 ->['CCAAAAGGACCAAAAGG', '((....)).........', 0.1176, -0.22692884214082137, -0.9141, 0.2019, 1.0, 0.2353]
	 ->['GCAGACGCAGCGGCCGC', '((....)).........', 0.1176, -0.12998770212567942, -1.7575, 0.3316, 1.0, 0.2353]
	 >>> Resetting the solution to avoid local optima.
	 ->['GGAAAACCAGGAAAACC', '((....)).........', 0.1176, -0.10810565308153613, -0.8711, 0.2233, 1.0, 0.2353]
	 >>> Resetting the solution to avoid local optima.
	 ->['CCAAAAGGACCAAAAGG', '((....)).........', 0.1176, -0.22692884214082137, -0.9141, 0.2019, 1.0, 0.2353]
	 ->['CCACACGGACCAAAAGG', '((....)).........', 0.1176, -0.22548176678504475, -0.918, 0.2036, 1.0, 0.2353]
	 >>> Resetting the solution to avoid local optima.
	 ->['CCAAAAGGACCAAAAGG', '((....)).........', 0.1176, -0.22692884214082137, -0.9141, 0.2019, 1.0, 0.2353]
	 ->['CCAAAUGGGCCACAGGG', '((....)).........', 0.1176, -0.08823901466096089, -1.2962, 0.3303, 1.0, 0.2353]
	 >>> Resetting the solution to avoid local optima.
	 ->['CCAAAAGGACCAAAAGG', '((....)).........', 0.1176, -0.22692884214082137, -0.9141, 0.2019, 1.0, 0.2353]
	 ->['CCAAAAGGACCACCAGG', '((....)).........', 0.1176, -0.1618366355424282, -1.1224, 0.2951, 1.0, 0.2353]
	 >>> Resetting the solution to avoid local optima.
	 ->['CCAAAAGGACCAAAAGG', '((....)).........', 0.1176, -0.22692884214082137, -0.9141, 0.2019, 1.0, 0.2353]
	 ->['CCGAGAGGACCAUAGGG', '((....)).........', 0.1176, -0.190500312976749, -1.7219, 0.2209, 1.0, 0.2353]
	 >>> Resetting the solution to avoid local optima.
	 ->['GGAAAACCAGGAAAACC', '((....)).........', 0.1176, -0.10810565308153613, -0.8711, 0.2233, 1.0, 0.2353]
	 >>> Resetting the solution to avoid local optima.
	 ->['GGAAAACCAGGAAAACC', '((....)).........', 0.1176, -0.10810565308153613, -0.8711, 0.2233, 1.0, 0.2353]
	 ->['GGUAUGCCAGGAAAACC', '((....)).........', 0.1176, -0.089533563095605, -0.9873, 0.2856, 1.0, 0.2353]
	 >>> Resetting the solution to avoid local optima.
	 ->['GGAAAACCAGGAAAACC', '((....)).........', 0.1176, -0.10810565308153613, -0.8711, 0.2233, 1.0, 0.2353]
	 ->['GGGUUACCAGGAACGCC', '((....)).........', 0.1176, -0.13008569760893265, -2.357, 0.3566, 1.0, 0.2353]
	 >>> Resetting the solution to avoid local optima.
	 ->['GGAAAACCAGGAAAACC', '((....)).........', 0.1176, -0.10810565308153613, -0.8711, 0.2233, 1.0, 0.2353]
	 ->['GGGCUACCAGCAUAAGC', '((....)).........', 0.1176, -0.2363921705802488, -2.2889, 0.2231, 1.0, 0.2353]
	 >>> Resetting the solution to avoid local optima.
	 ->['CCAAAAGGACCAAAAGG', '((....)).........', 0.1176, -0.22692884214082137, -0.9141, 0.2019, 1.0, 0.2353]
	 ->['GCACAUGCACCACGGGG', '((....)).........', 0.1176, -0.21119811729173416, -1.5584, 0.1886, 1.0, 0.2353]
	 >>> Resetting the solution to avoid local optima.
	 ->['GGAAAACCAGGAAAACC', '((....)).........', 0.1176, -0.10810565308153613, -0.8711, 0.2233, 1.0, 0.2353]
	 ->['GGAAAUCCAGGGACCCC', '((....)).........', 0.1176, -0.17541843783636507, -1.3728, 0.2144, 1.0, 0.2353]
	 >>> Resetting the solution to avoid local optima.
	 ->['GGAAAACCAGGAAAACC', '((....)).........', 0.1176, -0.10810565308153613, -0.8711, 0.2233, 1.0, 0.2353]
	 >>> Resetting the solution to avoid local optima.
	 ->['CCAAAAGGACCAAAAGG', '((....)).........', 0.1176, -0.22692884214082137, -0.9141, 0.2019, 1.0, 0.2353]
	 ->['GCAAAUGCACCAGAAGG', '((....)).........', 0.1176, -0.31050894633157433, -1.4208, 0.1498, 1.0, 0.2353]
	 >>> Resetting the solution to avoid local optima.
	 ->['CCAAAAGGACCAAAAGG', '((....)).........', 0.1176, -0.22692884214082137, -0.9141, 0.2019, 1.0, 0.2353]
	 ->['CCAGUAGGGCCGGAUGG', '((....)).........', 0.1176, -0.08503359838409533, -1.4191, 0.4163, 1.0, 0.2353]
	 >>> Resetting the solution to avoid local optima.
	 ->['CCAAAAGGACCAAAAGG', '((....)).........', 0.1176, -0.22692884214082137, -0.9141, 0.2019, 1.0, 0.2353]
	 ->['CCGCAAGGGGCUCCGGU', '((....)).........', 0.1176, -0.10447672371010837, -2.3921, 0.3787, 1.0, 0.2353]
	 >>> Resetting the solution to avoid local optima.
	 ->['GGAAAACCAGGAAAACC', '((....)).........', 0.1176, -0.10810565308153613, -0.8711, 0.2233, 1.0, 0.2353]
	 >>> Resetting the solution to avoid local optima.
	 ->['CCAAAAGGACCAAAAGG', '((....)).........', 0.1176, -0.22692884214082137, -0.9141, 0.2019, 1.0, 0.2353]
	 ->['GCAACUGCGCCAAUGGG', '((....)).........', 0.1176, -0.1334490966769508, -1.5413, 0.2406, 1.0, 0.2353]
	 >>> Resetting the solution to avoid local optima.
	 ->['CCAAAAGGACCAAAAGG', '((....)).........', 0.1176, -0.22692884214082137, -0.9141, 0.2019, 1.0, 0.2353]
	 ->['CCAAAGGGACCAAAAGG', '((....)).........', 0.1176, -0.18960719077712565, -0.9248, 0.232, 1.0, 0.2353]
	 >>> Resetting the solution to avoid local optima.
	 ->['CCAAAAGGACCAAAAGG', '((....)).........', 0.1176, -0.22692884214082137, -0.9141, 0.2019, 1.0, 0.2353]
	 ->['CCUUGUGGGGCGGCGGU', '((....)).........', 0.1176, -0.058712419334613214, -2.0473, 0.4773, 1.0, 0.2353]
	 >>> Resetting the solution to avoid local optima.
	 ->['GGAAAACCAGGAAAACC', '((....)).........', 0.1176, -0.10810565308153613, -0.8711, 0.2233, 1.0, 0.2353]
	 >>> Resetting the solution to avoid local optima.
	 ->['GGAAAACCAGGAAAACC', '((....)).........', 0.1176, -0.10810565308153613, -0.8711, 0.2233, 1.0, 0.2353]
	 >>> Resetting the solution to avoid local optima.
	 ->['GGAAAACCAGGAAAACC', '((....)).........', 0.1176, -0.10810565308153613, -0.8711, 0.2233, 1.0, 0.2353]
	 ->['GGGGAACCAGGUAUUCC', '((....)).........', 0.1176, -0.2093691742389411, -2.3637, 0.2931, 1.0, 0.2353]
	 >>> Resetting the solution to avoid local optima.
	 ->['GGAAAACCAGGAAAACC', '((....)).........', 0.1176, -0.10810565308153613, -0.8711, 0.2233, 1.0, 0.2353]
	 ->['GCUUGUGCGGCAAAGGC', '((....)).........', 0.1176, -0.0636102508830437, -2.498, 0.4741, 1.0, 0.2353]
	 >>> Resetting the solution to avoid local optima.
	 ->['GGAAAACCAGGAAAACC', '((....)).........', 0.1176, -0.10810565308153613, -0.8711, 0.2233, 1.0, 0.2353]
	 ->['GGCAAACCAGGGGUCCC', '((....)).........', 0.1176, -0.06689791623491008, -1.5669, 0.472, 1.0, 0.2353]
	 >>> Resetting the solution to avoid local optima.
	 ->['CCAAAAGGACCAAAAGG', '((....)).........', 0.1176, -0.22692884214082137, -0.9141, 0.2019, 1.0, 0.2353]
	 ->['CCUUAUGGGCCACAGGG', '((....)).........', 0.1176, -0.06737258400385523, -2.0625, 0.464, 1.0, 0.2353]
	 >>> Resetting the solution to avoid local optima.
	 ->['GGAAAACCAGGAAAACC', '((....)).........', 0.1176, -0.10810565308153613, -0.8711, 0.2233, 1.0, 0.2353]
	 ->['GGACACCCAGGUUAUCC', '((....)).........', 0.1176, -0.13256130157809654, -1.6454, 0.3921, 1.0, 0.2353]
	 >>> Resetting the solution to avoid local optima.
	 ->['GGAAAACCAGGAAAACC', '((....)).........', 0.1176, -0.10810565308153613, -0.8711, 0.2233, 1.0, 0.2353]
	 >>> Resetting the solution to avoid local optima.
	 ->['GGAAAACCAGGAAAACC', '((....)).........', 0.1176, -0.10810565308153613, -0.8711, 0.2233, 1.0, 0.2353]
	 ->['GGGUGACCAGCAGAGGC', '((....)).........', 0.1176, -0.23443145209083704, -2.194, 0.1708, 1.0, 0.2353]
	 >>> Resetting the solution to avoid local optima.
	 ->['CCAAAAGGACCAAAAGG', '((....)).........', 0.1176, -0.22692884214082137, -0.9141, 0.2019, 1.0, 0.2353]
	 >>> Resetting the solution to avoid local optima.
	 ->['CCAAAAGGACCAAAAGG', '((....)).........', 0.1176, -0.22692884214082137, -0.9141, 0.2019, 1.0, 0.2353]
	 ->['CCGAUGGGGCCGAGCGG', '((....)).........', 0.1176, -0.10742113278777998, -2.175, 0.3463, 1.0, 0.2353]
	 >>> Resetting the solution to avoid local optima.
	 ->['CCAAAAGGACCAAAAGG', '((....)).........', 0.1176, -0.22692884214082137, -0.9141, 0.2019, 1.0, 0.2353]
	 >>> Resetting the solution to avoid local optima.
	 ->['GGAAAACCAGGAAAACC', '((....)).........', 0.1176, -0.10810565308153613, -0.8711, 0.2233, 1.0, 0.2353]
	 >>> Resetting the solution to avoid local optima.
	 ->['GGAAAACCAGGAAAACC', '((....)).........', 0.1176, -0.10810565308153613, -0.8711, 0.2233, 1.0, 0.2353]
	 ->['GGUGAACCAGGACAGCC', '((....)).........', 0.1176, -0.07948681519920302, -1.2606, 0.3796, 1.0, 0.2353]
	 >>> Resetting the solution to avoid local optima.
	 ->['CCAAAAGGACCAAAAGG', '((....)).........', 0.1176, -0.22692884214082137, -0.9141, 0.2019, 1.0, 0.2353]
	 ->['CCAAUGGGGCCACAAGG', '((....)).........', 0.1176, -0.1099244297555808, -1.1608, 0.3301, 1.0, 0.2353]
	 >>> Resetting the solution to avoid local optima.
	 ->['CCAAAAGGACCAAAAGG', '((....)).........', 0.1176, -0.22692884214082137, -0.9141, 0.2019, 1.0, 0.2353]
	 ->['CCAAAAGGACCAAAAGG', '((....)).........', 0.1176, -0.22692884214082137, -0.9141, 0.2019, 1.0, 0.2353]
	 >>> Resetting the solution to avoid local optima.
	 ->['GGAAAACCAGGAAAACC', '((....)).........', 0.1176, -0.10810565308153613, -0.8711, 0.2233, 1.0, 0.2353]
	 ->['GGCAAACCAGGAUAACC', '((....)).........', 0.1176, -0.10763565965765284, -0.8738, 0.2246, 1.0, 0.2353]
	 >>> Resetting the solution to avoid local optima.
	 ->['CCAAAAGGACCAAAAGG', '((....)).........', 0.1176, -0.22692884214082137, -0.9141, 0.2019, 1.0, 0.2353]
	 ->['CCGCUGGGACCUUUCGG', '((....)).........', 0.1176, -0.1606657148782453, -1.9269, 0.3792, 1.0, 0.2353]
	 >>> Resetting the solution to avoid local optima.
	 ->['GGAAAACCAGGAAAACC', '((....)).........', 0.1176, -0.10810565308153613, -0.8711, 0.2233, 1.0, 0.2353]
	 >>> Resetting the solution to avoid local optima.
	 ->['CCAAAAGGACCAAAAGG', '((....)).........', 0.1176, -0.22692884214082137, -0.9141, 0.2019, 1.0, 0.2353]
	 ->['CCACGUGGGCCUUAUGG', '((....)).........', 0.1176, -0.2083961104625636, -1.4666, 0.3544, 1.0, 0.2353]
	 >>> Resetting the solution to avoid local optima.
	 ->['CCAAAAGGACCAAAAGG', '((....)).........', 0.1176, -0.22692884214082137, -0.9141, 0.2019, 1.0, 0.2353]
	 ->['CCAAAAGGACCAAAAGG', '((....)).........', 0.1176, -0.22692884214082137, -0.9141, 0.2019, 1.0, 0.2353]
	 >>> Resetting the solution to avoid local optima.
	 ->['CCAAAAGGACCAAAAGG', '((....)).........', 0.1176, -0.22692884214082137, -0.9141, 0.2019, 1.0, 0.2353]
	 ->['GCGACAGCACCGAUCGG', '((....)).........', 0.1176, -0.30048983404986573, -2.241, 0.2086, 1.0, 0.2353]
	 >>> Resetting the solution to avoid local optima.
	 ->['CCAAAAGGACCAAAAGG', '((....)).........', 0.1176, -0.22692884214082137, -0.9141, 0.2019, 1.0, 0.2353]
	 ->['CCAGGUGGGCCGAGCGG', '((....)).........', 0.1176, -0.08372344182505106, -1.4286, 0.3678, 1.0, 0.2353]
	 >>> Resetting the solution to avoid local optima.
	 ->['GGAAAACCAGGAAAACC', '((....)).........', 0.1176, -0.10810565308153613, -0.8711, 0.2233, 1.0, 0.2353]
	 ->['GCGGUGGCGGCAUUAGC', '((....)).........', 0.1176, -0.07766833707368392, -2.7749, 0.4656, 1.0, 0.2353]
	 >>> Resetting the solution to avoid local optima.
	 ->['GGAAAACCAGGAAAACC', '((....)).........', 0.1176, -0.10810565308153613, -0.8711, 0.2233, 1.0, 0.2353]
	 >>> Resetting the solution to avoid local optima.
	 ->['CCAAAAGGACCAAAAGG', '((....)).........', 0.1176, -0.22692884214082137, -0.9141, 0.2019, 1.0, 0.2353]
	 ->['GCUGCGGCACCAGGUGG', '((....)).........', 0.1176, -0.28013138964623874, -2.7843, 0.2431, 1.0, 0.2353]
	 >>> Resetting the solution to avoid local optima.
	 ->['GGAAAACCAGGAAAACC', '((....)).........', 0.1176, -0.10810565308153613, -0.8711, 0.2233, 1.0, 0.2353]
	 ->['GGUCGCCCAGCAAUUGC', '((....)).........', 0.1176, -0.15407165392529246, -1.0527, 0.2796, 1.0, 0.2353]
	 >>> Resetting the solution to avoid local optima.
	 ->['GGAAAACCAGGAAAACC', '((....)).........', 0.1176, -0.10810565308153613, -0.8711, 0.2233, 1.0, 0.2353]




RNA sequences found with GC-content <= 0.48:

RNA sequences found with GC-content > 0.48:
@@ CCAAAAGGACCGAAAGG 1.0
@@ GCAAAAGCACCGAAAGG 1.0
@@ GCAAAAGCACCGCAAGG 1.0
@@ GCAAUAGCACCGCAAGG 1.0
@@ GCACUAGCACCGCAAGG 1.0
@@ GCACUAGCACCGCAGGG 1.0
@@ GCACUAGCACCGUAGGG 1.0
@@ GCGCUAGCACCGUAGGG 1.0
@@ GCGCUAGCACCGUUGGG 1.0
@@ GCGCUAGCACCGGUGGG 1.0
@@ GCGGGAGCACCUAAUGG 1.0
@@ GCGGGAGCACCUAGUGG 1.0
@@ GCGGGAGCACCUACUGG 1.0
@@ GCGGGAGCACCUACGGG 1.0
@@ GCGGGGGCACCUACGGG 1.0
@@ CCAUACGGACCGAAAGG 1.0
@@ CCAUACGGGCCGAAAGG 1.0
@@ CCAUACGGGCCGCAAGG 1.0
@@ GCAUACGCGCCGCAAGG 1.0
@@ GCAUAUGCGCCGCAAGG 1.0
@@ GCAGAUGCGCCGCAAGG 1.0
@@ GCAGAUGCGCCGCAGGG 1.0
@@ GCAGAUGCACCGCAGGG 1.0
@@ GCACAUGCACCGCAGGG 1.0
@@ GCUCAUGCACCGCAGGG 1.0
@@ GCAACUGCGGCGGAAGC 1.0
@@ GCAACUGCGGCGCAAGC 1.0
@@ GCAUCUGCGGCGCAAGC 1.0
@@ GCAUCUGCGGCGCGAGC 1.0
@@ GCUUCUGCGGCGCGAGC 1.0
@@ GCUUCUGCAGCGCGAGC 1.0
@@ GCUUUUGCAGCGCGAGC 1.0
@@ GCUUUGGCAGCGCGAGC 1.0
@@ CCGAUGGGGGCGUGAGC 1.0
@@ CCGAUGGGGGCGCGAGC 1.0
@@ CCGAGGGGGGCGCGAGC 1.0
@@ GCGUCAGCAGGGUUGCC 1.0
@@ GGGUCACCAGGGUUGCC 1.0
@@ GGGUCACCAGGGUUACC 1.0
@@ GGGUUACCAGGGUUACC 1.0
@@ GGGGUACCAGGGUUACC 1.0
@@ CCAAAAGGACCGACAGG 1.0
@@ CCAAGAGGACCGACAGG 1.0
@@ CCAGGAGGACCGACAGG 1.0
@@ CCAGGAGGACCGAGAGG 1.0
@@ CCAGGAGGGCCGAGAGG 1.0
@@ GCAGGAGCGCCGAGAGG 1.0
@@ GCAGGAGCGCCGGGAGG 1.0
@@ GCAGGAGCGCCGGGGGG 1.0
@@ GCAGGAGCGCCGGUGGG 1.0
@@ GCAGGAGCACCGGUGGG 1.0
@@ GCAGGCGCACCGGUGGG 1.0
@@ GCAUGCGCACCGGUGGG 1.0
@@ GCGUGCGCACCGGUGGG 1.0
@@ GCGAGCGCACCGGUGGG 1.0
@@ GCGAGAGCACCGGUGGG 1.0
@@ GCGAGAGCACCGUUGGG 1.0
@@ GCGCGAGCACCGUUGGG 1.0
@@ GCGCGAGCACCGGUGGG 1.0
@@ GCAAAGGCACCGAUAGG 1.0
@@ GCAAAAGCACCGAUAGG 1.0
@@ GCAAAAGCACCGGUAGG 1.0
@@ GCAUAAGCACCGGUAGG 1.0
@@ GCAUUAGCACCGGUAGG 1.0
@@ GCAUUAGCACCGGUGGG 1.0
@@ GCAUGAGCACCGGUGGG 1.0
@@ GCAUGAGCACCGAUGGG 1.0
@@ GCGUGAGCACCGAUGGG 1.0
@@ GCGUGAGCACCGCUGGG 1.0
@@ GGGUGACCACCGCUGGG 1.0
@@ GGAAAACCAGGGAAACC 1.0
@@ GGAAAACCAGGGUAACC 1.0
@@ GGACAACCAGGGUAACC 1.0
@@ GGACAUCCAGGGUAACC 1.0
@@ GGAGAUCCAGGGUAACC 1.0
@@ GGAGAUCCAGGGUGACC 1.0
@@ GGAGCUCCAGGGUGACC 1.0
@@ GCAUCGGCAGGGAGACC 1.0
@@ GCAUCGGCAGGGAUACC 1.0
@@ GCUUCGGCAGGGAUACC 1.0
@@ GCGUCGGCAGGGAUACC 1.0
@@ GCCUCGGCAGGGAUACC 1.0
@@ GCCUCGGCAGGGACACC 1.0
@@ GCCUCGGCAGGGUCACC 1.0
@@ GCCUCGGCAGGGUGACC 1.0
@@ GGGCAACCAGGGUGACC 1.0
@@ GGGCAACCAGGGUCACC 1.0
@@ GGGUAACCAGGGUCACC 1.0
@@ GGGUAACCAGGGGCACC 1.0
@@ GGGUAACCAGGGGGACC 1.0
@@ GCUGCGGCGCCCUCGGG 1.0
@@ GCUGCGGCACCCUCGGG 1.0
@@ GCUCCGGCACCCUCGGG 1.0
@@ GGAAACCCAGGGUAACC 1.0
@@ GGGAAACCAGGGACACC 1.0
@@ GGGAAACCAGGGGCACC 1.0
@@ GGGACACCAGGGGCACC 1.0
@@ GCGACAGCAGGGGCACC 1.0
@@ GCGACAGCAGGGUCACC 1.0
@@ GGCGCACCAGGGAAACC 1.0
@@ GGUGCACCAGGGAAACC 1.0
@@ GGUGCGCCAGGGAAACC 1.0
@@ GGUGCUCCAGGGAAACC 1.0
@@ GGUGUUCCAGGGAAACC 1.0
@@ GGUGUUCCAGGGCAACC 1.0
@@ GGCAAGCCAGGGAAACC 1.0
@@ GCCAAGGCAGGGAAACC 1.0
@@ GCCAAGGCAGGGACACC 1.0
@@ GCCGAGGCAGGGACACC 1.0
@@ GCCUAGGCAGGGACACC 1.0
@@ GCCUCGGCAGGGUAACC 1.0
@@ CCAAAUGGACCCUAGGG 1.0
@@ CCAUAUGGACCCUAGGG 1.0
@@ CCAUAUGGACCCUCGGG 1.0
@@ CCAUUUGGACCCUCGGG 1.0
@@ CCAUCUGGACCCUCGGG 1.0
@@ GCAUCUGCACCCUCGGG 1.0
@@ GCGUCUGCACCCUCGGG 1.0
@@ GCGUCAGCACCCUCGGG 1.0
@@ GCGUGAGCACCCUCGGG 1.0
@@ GCGUGGGCACCCUCGGG 1.0
@@ CCGCGGGGACCUUCUGG 1.0
@@ GCGCGGGCACCUUCUGG 1.0
@@ GCGCCGGCACCUUCUGG 1.0
@@ GCUCCGGCACCUUCUGG 1.0
@@ GCUCCGGCACCUCCUGG 1.0
@@ GCUCCGGCACCUACUGG 1.0
@@ GCAGACGCAGCGGCAGC 1.0
@@ GCAGACGCACCGGCAGG 1.0
@@ GGAACACCAGGGAAACC 1.0
@@ GGAACACCAGGGAGACC 1.0
@@ GGAACGCCAGGGAGACC 1.0
@@ GGUACGCCAGGGAGACC 1.0
@@ GGGACGCCAGGGAGACC 1.0
@@ GGGGCGCCAGGGAGACC 1.0
@@ GGGCCGCCAGGGAGACC 1.0
@@ GCGCCGGCAGGGAGACC 1.0
@@ GCGCCGGCAGGGACACC 1.0
@@ GCUCCGGCAGGGACACC 1.0
@@ CCACACGGACCGAAAGG 1.0
@@ CCAUACGGACCGAAGGG 1.0
@@ CCAUACGGACCGAGGGG 1.0
@@ CCAUACGGGCCGAGGGG 1.0
@@ CCAUGCGGGCCGAGGGG 1.0
@@ CCAUGCGGACCGAGGGG 1.0
@@ GCAUGCGCACCGAGGGG 1.0
@@ GCUUGCGCACCGAGGGG 1.0
@@ GCUUGUGCACCGAGGGG 1.0
@@ GCUUUUGCACCGAGGGG 1.0
@@ CCAAAUGGGCCGCAGGG 1.0
@@ CCAAAUGGGCCGUAGGG 1.0
@@ CCAAAUGGGCCGUGGGG 1.0
@@ GCAAAUGCGCCGUGGGG 1.0
@@ GCAAAUGCGCCGUUGGG 1.0
@@ GCACAUGCGCCGUUGGG 1.0
@@ GCACAUGCGCCGUGGGG 1.0
@@ GCACAUGCACCGUGGGG 1.0
@@ GGACAUCCACCGUGGGG 1.0
@@ GGACGUCCACCGUGGGG 1.0
@@ CCAAAAGGACCGCCAGG 1.0
@@ CCAAACGGACCGCCAGG 1.0
@@ CCAAUCGGACCGCCAGG 1.0
@@ GCAAUCGCACCGCCAGG 1.0
@@ GCAACCGCACCGCCAGG 1.0
@@ GCAACUGCACCGCCAGG 1.0
@@ GCUACUGCACCGCCAGG 1.0
@@ GCUACUGCACCGCCGGG 1.0
@@ GCUGCUGCACCGCCGGG 1.0
@@ GCUGCUGCACCGCCAGG 1.0
@@ GCUGCUGCGCCGCCAGG 1.0
@@ CCGAGAGGACCGUAGGG 1.0
@@ CCGUGAGGACCGUAGGG 1.0
@@ CCGUGAGGGCCGUAGGG 1.0
@@ CCGUGAGGGGCGUAGGC 1.0
@@ CCGUGGGGGGCGUAGGC 1.0
@@ GGUAUGCCAGGGAAACC 1.0
@@ GGUAUGCCAGGGAGACC 1.0
@@ GGGAUGCCAGGGAGACC 1.0
@@ GGGGUGCCAGGGAGACC 1.0
@@ GGGGUACCAGGGAGACC 1.0
@@ GGGGUACCAGGGACACC 1.0
@@ GGGGUACCAGGGUCACC 1.0
@@ GGGGUACCAGGGGCACC 1.0
@@ GGGGCACCAGGGGCACC 1.0
@@ GGGGCACCAGGGGUACC 1.0
@@ GGGGGACCAGGGGUACC 1.0
@@ GGGUUACCAGGGACGCC 1.0
@@ GGGUUACCAGGGACACC 1.0
@@ GGGUUACCAGGGAGACC 1.0
@@ GGGCUACCAGCGUAAGC 1.0
@@ GGGCUACCAGCGGAAGC 1.0
@@ GGGCUACCAGCGGCAGC 1.0
@@ GGGCUACCAGCGGCGGC 1.0
@@ GGGCUACCAGCUGCGGC 1.0
@@ GGGCAACCAGCUGCGGC 1.0
@@ GGGCCACCAGCUGCGGC 1.0
@@ GGGCGACCAGCUGCGGC 1.0
@@ GCACAUGCACCGCGGGG 1.0
@@ GCUCAUGCACCGCGGGG 1.0
@@ GGAAAUCCAGGGACACC 1.0
@@ GGAAAUCCAGGGUCACC 1.0
@@ GGAAAUCCAGGGCCACC 1.0
@@ GGGAAUCCAGGGCCACC 1.0
@@ GGGAAACCAGGGCCACC 1.0
@@ GGGAGACCAGGGCCACC 1.0
@@ GGGACACCAGGGCCACC 1.0
@@ GCAAAUGCACCGGAAGG 1.0
@@ GCAAAUGCACCGGGAGG 1.0
@@ GCAAAUGCACCGGGGGG 1.0
@@ GCAACUGCACCGGGGGG 1.0
@@ GCUACUGCACCGGGGGG 1.0
@@ GCUACGGCACCGGGGGG 1.0
@@ GCUACGGCAGCGGGGGC 1.0
@@ GCUACGGCAGCGCGGGC 1.0
@@ CCAGUAGGGCCGGAAGG 1.0
@@ CCAGUAGGGCCGGAGGG 1.0
@@ GCAGUAGCGCCGGAGGG 1.0
@@ GCACUAGCGCCGGAGGG 1.0
@@ GCACUAGCGCCGCAGGG 1.0
@@ GCACUAGCGCCGCGGGG 1.0
@@ GCAGUAGCGCCGCGGGG 1.0
@@ GCAGUUGCGCCGCGGGG 1.0
@@ GCAGUUGCGCCGCAGGG 1.0
@@ GCAGUUGCACCGCAGGG 1.0
@@ GCAGUGGCACCGCAGGG 1.0
@@ GCAGUGGCACCGCGGGG 1.0
@@ CCGCAAGGGCCUCCGGG 1.0
@@ CCGCAAGGGGCUCCGGC 1.0
@@ GCAACUGCGCCGAUGGG 1.0
@@ GCAACUGCACCGAUGGG 1.0
@@ GCAAUUGCACCGAUGGG 1.0
@@ GCAGUUGCACCGAUGGG 1.0
@@ GCAGUUGCACCGGUGGG 1.0
@@ GCAUUUGCACCGGUGGG 1.0
@@ GGAUUUCCACCGGUGGG 1.0
@@ GGAUAUCCACCGGUGGG 1.0
@@ GGAUAUCCACCGAUGGG 1.0
@@ CCAAAGGGACCGAAAGG 1.0
@@ CCAAAGGGACCGGAAGG 1.0
@@ CCAGAGGGACCGGAAGG 1.0
@@ CCAGAGGGACCGGAGGG 1.0
@@ CCACAGGGACCGGAGGG 1.0
@@ GCACAGGCACCGGAGGG 1.0
@@ GCUCAGGCACCGGAGGG 1.0
@@ GCUCAUGCACCGGAGGG 1.0
@@ CCUUGUGGGGCGGCGGC 1.0
@@ CCUUGUGGGGCUGCGGC 1.0
@@ CCUUGUGGGGCUCCGGC 1.0
@@ GGGGAACCAGCUAUUGC 1.0
@@ GGGGAACCAGCUUUUGC 1.0
@@ GGGGUACCAGCUUUUGC 1.0
@@ GCGGUAGCAGCUUUUGC 1.0
@@ GCGGUAGCAGCUUGUGC 1.0
@@ GCGGUGGCAGCUUGUGC 1.0
@@ GCGGUGGCACCUUGUGG 1.0
@@ GCGCUGGCACCUUGUGG 1.0
@@ GCGCCGGCACCUUGUGG 1.0
@@ GCUUGUGCGGCGAAGGC 1.0
@@ GCUUGUGCGGCGACGGC 1.0
@@ GCUUGUGCAGCGACGGC 1.0
@@ GCUUGUGCAGCUACGGC 1.0
@@ GCUAGUGCAGCUACGGC 1.0
@@ GCUAGUGCACCUACGGG 1.0
@@ GCUAGUGCACCUCCGGG 1.0
@@ GCUUGUGCACCUCCGGG 1.0
@@ GCUCGUGCACCUCCGGG 1.0
@@ GCUCCUGCACCUCCGGG 1.0
@@ GCUCCUGCACCUACGGG 1.0
@@ GGCAAACCAGGGGUACC 1.0
@@ GGGAAACCAGGGGUACC 1.0
@@ GGGACACCAGGGGUACC 1.0
@@ GGGACACCAGGGGGACC 1.0
@@ GGGCCACCAGGGGGACC 1.0
@@ CCUUAUGGGCCGCAGGG 1.0
@@ GCUUAUGCGCCGCAGGG 1.0
@@ GCUUAUGCACCGCAGGG 1.0
@@ GGACACCCAGCUUAUGC 1.0
@@ GGACGCCCAGCUUAUGC 1.0
@@ GGACGCCCAGCUAAUGC 1.0
@@ GGAAGCCCAGCUAAUGC 1.0
@@ GGAGGCCCAGCUAAUGC 1.0
@@ GGAGGCCCAGCUAGUGC 1.0
@@ GGAGGCCCAGCUACUGC 1.0
@@ GGGUGACCAGCGGAGGC 1.0
@@ GGGUGACCAGCGGCGGC 1.0
@@ GGGUGACCAGCGGGGGC 1.0
@@ GGGUUACCAGCGGGGGC 1.0
@@ GGGUUACCAGCGUGGGC 1.0
@@ GGGUUACCAGCGCGGGC 1.0
@@ GGGUUACCGGCGCGGGC 1.0
@@ GGGUUACCGGCGGGGGC 1.0
@@ GGGUUACCGCCGGGGGG 1.0
@@ GGGUCACCGCCGGGGGG 1.0
@@ CCGAUGGGGCCGAGAGG 1.0
@@ CCGACGGGGCCGAGAGG 1.0
@@ CCGACGGGGGCGAGAGC 1.0
@@ CCUACGGGGGCGAGAGC 1.0
@@ CCUACGGGGGCGAUAGC 1.0
@@ CCUACGGGGGCGCUAGC 1.0
@@ CCUACGGGGGCGCCAGC 1.0
@@ CCUACGGGGGGGCCACC 1.0
@@ GGUGAACCAGGGCAGCC 1.0
@@ GGUGAACCAGGGCAACC 1.0
@@ GGUGAACCAGGGCUACC 1.0
@@ GGUGAUCCAGGGCUACC 1.0
@@ GGUGUUCCAGGGCUACC 1.0
@@ GGUGUUCCAGGGCGACC 1.0
@@ CCAAUGGGGCCGCAAGG 1.0
@@ CCAAUGGGGCCGCAGGG 1.0
@@ CCGAUGGGGCCGCAGGG 1.0
@@ CCGAUGGGGCCGCUGGG 1.0
@@ CCGUUGGGGCCGCUGGG 1.0
@@ CCGUUGGGGCCGCAGGG 1.0
@@ CCAAUAGGACCGAAAGG 1.0
@@ CCAAUGGGACCGAAAGG 1.0
@@ CCAAUGGGACCGAGAGG 1.0
@@ GCAAUGGCACCGAGAGG 1.0
@@ GCAAUGGCACCGGGAGG 1.0
@@ GCGAUGGCACCGGGAGG 1.0
@@ GCGAUGGCACCGGUAGG 1.0
@@ GCGACGGCACCGGUAGG 1.0
@@ GCGACGGCAGCGGUAGC 1.0
@@ GCGACGGCAGCGGGAGC 1.0
@@ GCUACGGCAGCGGGAGC 1.0
@@ GGCAAACCAGGGUAACC 1.0
@@ GGCAAACCAGGGCAACC 1.0
@@ GGCAGACCAGGGCAACC 1.0
@@ GGGAGACCAGGGCAACC 1.0
@@ GGGAGACCAGGGCGACC 1.0
@@ GGGAGACCAGGGGGACC 1.0
@@ GGGGCACCAGGGGGACC 1.0
@@ CCGCUGGGACCUUUGGG 1.0
@@ CCGCUGGGACCUUAGGG 1.0
@@ CCGCUGGGACCGUAGGG 1.0
@@ CCGCUGGGGCCGUAGGG 1.0
@@ GCGCUGGCGCCGUAGGG 1.0
@@ GCGCUGGCGCCGUGGGG 1.0
@@ GCGCAGGCGCCGUGGGG 1.0
@@ CCACGUGGACCUUAUGG 1.0
@@ CCACGUGGACCUGAUGG 1.0
@@ CCUCGUGGACCUGAUGG 1.0
@@ GCUCGUGCACCUGAUGG 1.0
@@ GCUCGUGCACCUGGUGG 1.0
@@ GCUCGUGCACCUCGUGG 1.0
@@ GCUCGUGCAGCUCGUGC 1.0
@@ CCAAAAGGACCGGAAGG 1.0
@@ CCUAAGGGACCGGAAGG 1.0
@@ CCUAAGGGACCGGUAGG 1.0
@@ CCUAAGGGACCGGUGGG 1.0
@@ CCUAAUGGACCGGUGGG 1.0
@@ CCUUAUGGACCGGUGGG 1.0
@@ CCUUAUGGACCGGUAGG 1.0
@@ CCUUAUGGACCGGGAGG 1.0
@@ CCUUAGGGACCGGGAGG 1.0
@@ CCUUAGGGACCGCGAGG 1.0
@@ CCUUAGGGGCCGCGAGG 1.0
@@ CCUUAGGGGCCGCGGGG 1.0
@@ CCUUAGGGGCCGCAGGG 1.0
@@ GCUUAGGCGCCGCAGGG 1.0
@@ GCUUAGGCACCGCAGGG 1.0
@@ GCUUAGGCAGCGCAGGC 1.0
@@ GCUUAGGCAGCGCUGGC 1.0
@@ GCUUAGGCAGCGCUAGC 1.0
@@ GCGACAGCACCGAUGGG 1.0
@@ GCGCCAGCACCGAUGGG 1.0
@@ GGGCCACCACCGAUGGG 1.0
@@ GGGUCACCACCGAUGGG 1.0
@@ GGGUCACCACCGACGGG 1.0
@@ GGGUCACCACCUACGGG 1.0
@@ GGGUCACCACCUCCGGG 1.0
@@ GGGUCACCGCCUCCGGG 1.0
@@ GGGUAACCGCCUCCGGG 1.0
@@ GGGUGACCGCCUCCGGG 1.0
@@ CCAGGUGGGCCGAGAGG 1.0
@@ GCAGGUGCGCCGAGAGG 1.0
@@ GCUGGUGCGCCGAGAGG 1.0
@@ GCUGGUGCGCCGACAGG 1.0
@@ GCUGGUGCACCGACAGG 1.0
@@ GCUGGUGCACCGACGGG 1.0
@@ GCUGGUGCACCUACGGG 1.0
@@ GCUGUUGCACCUACGGG 1.0
@@ GCUGUUGCACCUGCGGG 1.0
@@ GCGGUGGCGGCGUUAGC 1.0
@@ GCGGUGGCGGCGUGAGC 1.0
@@ GCGGUGGCGGCGUGGGC 1.0
@@ GCGGUGGCGGCGUCGGC 1.0
@@ GCUGCGGCACCUGGUGG 1.0
@@ GCUGCGGCACCUUGUGG 1.0
@@ GCUACGGCACCUUGUGG 1.0
@@ GGUCGCCCAGCUAUUGC 1.0
@@ GGUCGCCCAGCUAGUGC 1.0
@@ GGUUGCCCAGCUAGUGC 1.0
@@ GGUUGUCCAGCUAGUGC 1.0
@@ GGUUGUCCAGCUACUGC 1.0
@@ GGUUGUCCAGCUACGGC 1.0
@@ GGUUGUCCACCUACGGG 1.0
@@ GCUUGUGCACCUACGGG 1.0
@@ GCUUGUGCACCUGCGGG 1.0


Elapsed time:                   86400.01472187042 secs.
Number of function evaluations: 106190324
----------------------------------------------------------------------


---------------------------------------
 FINISHED SUCCESSFULLY 
---------------------------------------
