
-----------------------------------------------------------------------
   _____ _____  ______ ______ _____             _____  _   _           
  / ____|  __ \|  ____|  ____|  __ \           |  __ \| \ | |   /\     
 | |  __| |__) | |__  | |__  | |  | |  ______  | |__) |  \| |  /  \    
 | | |_ |  _  /|  __| |  __| | |  | | |______| |  _  /| . ` | / /\ \   
 | |__| | | \ \| |____| |____| |__| |          | | \ \| |\  |/ ____ \  
  \_____|_|  \_\______|______|_____/           |_|  \_\_| \_/_/    \_\ 
       
                                       -- A. Rubio-Largo et al. 2023
-----------------------------------------------------------------------

------------------------------------------------------------------------------------------------------------------
CONFIGURATION: 

 * TARGET:           ..((((((((.....)).))))))..
 * STOPPING:         86400 secs.
 * SEED:             7
 * NO. OF SOLUTIONS: 1
 * max. GC-cont.:    0.48
 * MODEL:            TURNER2004
 * MUTATION PROB:    0.01
 * STAGNATION LIMIT: 50
------------------------------------------------------------------------------------------------------------------


 (1) Let's minimize the base-pair distance between predicted and target structures
    -> Min(Base-pair distance), min(Hamming distance), max(probability over ensemble), min(partition function), min(ensemble defect), min(%GC-content)


	 ->['AAGGGGGGGGAAAAACCACCCCCCAA', '..((((((((.....)).))))))..', 0.0, -0.8703109530904019, -16.2856, 0.0553, 1.0, 0.0]


    -> Found sequence! Elapsed time:                   0.012578248977661133 secs.


 (2) We found a sequence that folds exactly like the target structure. Let's minimize the GC-content
    -> ORDER: Min(Base-pair distance), min(Hamming distance), min(GC-content), min(partition function), min(ensemble defect), max(probability over ensemble))


	 >>> Resetting the solution to avoid local optima.
	 ->['AAGGGGGGGGAAAAACCACCCCCCAA', '..((((((((.....)).))))))..', 0.0, -0.8703109530904019, -16.2856, 0.0553, 1.0, 0.0]
	 ->['GAGGGGGGGGAAAAGCCACCCCCCAA', '..((((((((.....)).))))))..', 0.0, -0.890188534449679, -16.4717, 0.0494, 1.0, 0.0]
	 ->['GAGGGGGGGUAAAAGGCACCCCCCAA', '..((((((((.....)).))))))..', 0.0, -0.5710539623513842, -15.2453, 0.2013, 0.875, 0.0]
	 ->['GAGGUGGGGUAGAGGGCACCCACCAA', '..((((((((.....)).))))))..', 0.0, -0.7830074591618614, -12.7508, 0.0327, 0.75, 0.0]
	 ->['GAGGUGUGGUAGAGGGCACACACCAA', '..((((((((.....)).))))))..', 0.0, -0.7556942137967501, -10.4726, 0.0556, 0.625, 0.0]
	 ->['GCGGUUAGGUGGUGGACACUAACCAC', '..((((((((.....)).))))))..', 0.0, -0.2748794759446077, -9.5959, 0.2027, 0.5, 0.0]


    -> Finished!! Elaapsed time:                   0.07648515701293945 secs.




RNA sequences found with GC-content <= 0.48:
## GCGUUUAGGUGGUGGACACUAAGCAC 0.375

RNA sequences found with GC-content > 0.48:
@@ AAGGGGGGGGAAAAACCACCCCCCAA 1.0
@@ AAGGGGGGGCAAAAAGCACCCCCCAA 1.0
@@ AAGGGGGGGGAAAAGCCACCCCCCAA 1.0
@@ GAGGGGGGGGAAAAGCCACCCCCCAA 1.0
@@ GAGGGGGGGUAAAAGGCACCCCCCAA 0.875
@@ GAGGUGGGGUAAAAGGCACCCACCAA 0.75
@@ GAGGUGGGGUAUAAGGCACCCACCAA 0.75
@@ GAGGUGGGGUAGAAGGCACCCACCAA 0.75
@@ GAGGUGGGGUAGAGGGCACCCACCAA 0.75
@@ GAGGUGUGGUAGAGGGCACACACCAA 0.625
@@ GAGGUUUGGUAGAGGGCACAAACCAA 0.5
@@ GAGGUUUGGUGGAGGGCACAAACCAA 0.5
@@ GAGGUUUGGUGGUGGGCACAAACCAA 0.5
@@ GAGGUUAGGUGGUGGGCACUAACCAA 0.5
@@ GAGGUUAGGUGGUGGGCACUAACCAC 0.5
@@ GCGGUUAGGUGGUGGGCACUAACCAC 0.5
@@ GCGGUUAGGUGGUGGACACUAACCAC 0.5


Elapsed time:                   0.07681083679199219 secs.
Number of function evaluations: 67
----------------------------------------------------------------------


---------------------------------------
 FINISHED SUCCESSFULLY 
---------------------------------------
