
-----------------------------------------------------------------------
   _____ _____  ______ ______ _____             _____  _   _           
  / ____|  __ \|  ____|  ____|  __ \           |  __ \| \ | |   /\     
 | |  __| |__) | |__  | |__  | |  | |  ______  | |__) |  \| |  /  \    
 | | |_ |  _  /|  __| |  __| | |  | | |______| |  _  /| . ` | / /\ \   
 | |__| | | \ \| |____| |____| |__| |          | | \ \| |\  |/ ____ \  
  \_____|_|  \_\______|______|_____/           |_|  \_\_| \_/_/    \_\ 
       
                                       -- A. Rubio-Largo et al. 2023
-----------------------------------------------------------------------

------------------------------------------------------------------------------------------------------------------
CONFIGURATION: 

 * TARGET:           .((.((.((..((.(...).)).))..))....)).
 * STOPPING:         86400 secs.
 * SEED:             3
 * NO. OF SOLUTIONS: 1
 * max. GC-cont.:    0.48
 * MODEL:            TURNER2004
 * MUTATION PROB:    0.01
 * STAGNATION LIMIT: 50
------------------------------------------------------------------------------------------------------------------


 (1) Let's minimize the base-pair distance between predicted and target structures
    -> Min(Base-pair distance), min(Hamming distance), max(probability over ensemble), min(partition function), min(ensemble defect), min(%GC-content)


	 ->['ACCACCACCAACCACAAAGAGGAGGAAGGAAAAGGA', '.((.((.((...........)).))..)).......', 0.4167, -0.0006013949554065783, -3.7708, 0.3925, 1.0, 0.1667]
	 ->['ACCACCACCAACCACAAAGAGGAGGAAGGAAAAGGA', '.((.((.((...........)).))..)).......', 0.4167, -0.0006013949554065783, -3.7708, 0.3925, 1.0, 0.1667]
	 ->['ACCACCACCAAGGACAAAGACCAGGAAGGAAAAGGA', '....((..(..((.......))..)..)).......', 0.1667, -0.0053200339671143, -2.7272, 0.2895, 1.0, 0.2222]
	 >>> Resetting the solution to avoid local optima.
	 ->['ACCACCACCAACCACAAAGAGGAGGAAGGAAAAGGA', '.((.((.((...........)).))..)).......', 0.4167, -0.0006013949554065783, -3.7708, 0.3925, 1.0, 0.1667]
	 ->['ACCACCACCAACCACAAAGAGGAGGAAGGAAAAGGA', '.((.((.((...........)).))..)).......', 0.4167, -0.0006013949554065783, -3.7708, 0.3925, 1.0, 0.1667]
	 ->['ACCACCACCAACCACAAAGAGGAGGAAGGAAAAGGG', '.((....((..((.(......).))..))....)).', 0.3333, -0.0007568840899430323, -4.1291, 0.3934, 1.0, 0.1111]
	 ->['ACCACCACCAACCAAAAAUAGGAGGAAGGAAAAGGG', '.((....((..((..........))..))....)).', 0.3056, -0.00039425160305796113, -3.731, 0.3726, 1.0, 0.1667]
	 ->['ACCAGCACCAACCACAAAGAGGAGGAAGCAAAAGGG', '....((..(..((.......))..)..)).......', 0.1667, -0.0028902701975219696, -3.4033, 0.2358, 1.0, 0.2222]
	 ->['ACCAACAGCAACCACAAAGAGGAGCAAGUAAAAGGG', '.......((..((.......)).))...........', 0.1389, -0.002201293157612756, -1.9711, 0.3075, 1.0, 0.2778]
	 >>> Resetting the solution to avoid local optima.
	 ->['AGGAGGAGGAAGGAGAAACACCACCAACCAAAACCA', '.((....((..((.(......).))..))....)).', 0.3333, -0.0007543586925342024, -4.0311, 0.4203, 1.0, 0.1111]
	 ->['AGGAGGAGGAAGGAGAAACACCACCAACCAAAACCA', '.((....((..((.(......).))..))....)).', 0.3333, -0.0007543586925342024, -4.0311, 0.4203, 1.0, 0.1111]
	 ->['AGGACUAGGGAGGCGAAACACCACCAGAGAAAACCA', '....((..((.((.......)).))..)).......', 0.1944, -0.009144509808545018, -4.8934, 0.2509, 0.8333, 0.2222]
	 ->['AGGUCUAGGGAGGCGAAACACCACCAGAGAAAACCA', '.(((((..((.((.......)).))..)))...)).', 0.1667, -0.00019766828487345885, -7.2566, 0.2433, 0.7778, 0.1667]
	 ->['AGGUCUAUGGAGGCGAAACACCACAAGAGAAAACCA', '.(((((.((..(........)..))..)))...)).', 0.1389, -0.0008032957587033603, -4.4924, 0.3348, 0.625, 0.1667]
	 >>> Resetting the solution to avoid local optima.
	 ->['ACCACCACCAACCACAAAGAGGAGGAAGGAAAAGGA', '.((.((.((...........)).))..)).......', 0.4167, -0.0006013949554065783, -3.7708, 0.3925, 1.0, 0.1667]
	 ->['ACCACCACCAACCACAAAGAGGAGGAAGGAAAAGGA', '.((.((.((...........)).))..)).......', 0.4167, -0.0006013949554065783, -3.7708, 0.3925, 1.0, 0.1667]
	 ->['ACCACCAUCAACCACAAAGAGGAGAAAGGAAAAGGA', '....((.....((.......)).....)).......', 0.1389, -0.0013353608491834367, -1.8792, 0.3638, 1.0, 0.2778]
	 ->['ACCACCAUCAACCACAAAGAGGAGAAAGGUCAAGGA', '.(((((.....((.......)).....)))...)).', 0.1111, -0.00012668115970625046, -3.3308, 0.2943, 0.8571, 0.2222]
	 ->['ACCAGCGGUUACAACGAAGAUGAGCAAGCUUAAGGA', '.(((((.(((.((.......)))))..)))...)).', 0.0833, -5.9463258688350475e-05, -3.8969, 0.2537, 0.6, 0.1667]
	 >>> Resetting the solution to avoid local optima.
	 ->['ACCACCACCAACCACAAAGAGGAGGAAGGAAAAGGA', '.((.((.((...........)).))..)).......', 0.4167, -0.0006013949554065783, -3.7708, 0.3925, 1.0, 0.1667]
	 ->['ACCACCACCAACCACAAAGAGGAGGAAGGAAAAGGC', '.((.((.((...........)).))..)).......', 0.4167, -0.0006031912735435307, -3.769, 0.3922, 1.0, 0.1667]
	 ->['ACCAGCGCCGAGCCCAAAGAGCAGGAAGCAAAGGGA', '.((.((.((..((.......)).))..))...))..', 0.1389, -0.003097875599117789, -5.7605, 0.252, 1.0, 0.1111]
	 >>> Resetting the solution to avoid local optima.
	 ->['AGGAGGAGGAAGGAGAAACACCACCAACCAAAACCA', '.((....((..((.(......).))..))....)).', 0.3333, -0.0007543586925342024, -4.0311, 0.4203, 1.0, 0.1111]
	 ->['AGGAGGAGGAAGGAGAAACACCACCAACCAAAACCA', '.((....((..((.(......).))..))....)).', 0.3333, -0.0007543586925342024, -4.0311, 0.4203, 1.0, 0.1111]
	 ->['AGGACGAGGAAGGAGUAACACCACCAACGAAAACCA', '....((..(..((.......))..)..)).......', 0.1667, -0.003267497323211918, -2.2277, 0.3199, 1.0, 0.2222]
	 ->['AGGACGAGGAAGGAGUAACACCACCUACGAAAACCA', '....(((((..((.......)).))).)).......', 0.1111, -0.00013281497395156556, -4.4016, 0.2644, 0.8571, 0.2222]
	 ->['AGCGCGAACCAGGAGAAACGCCAGUUACGAAAUGCA', '.((((((((..((.......)).))).))...))).', 0.0833, -0.00016937499315294315, -3.7518, 0.2641, 0.7, 0.1667]
	 >>> Resetting the solution to avoid local optima.
	 ->['AGGAGGAGGAAGGAGAAACACCACCAACCAAAACCA', '.((....((..((.(......).))..))....)).', 0.3333, -0.0007543586925342024, -4.0311, 0.4203, 1.0, 0.1111]
	 ->['AGGAGGAGGAAGGAGAAACACCACCAACCAAAACCA', '.((....((..((.(......).))..))....)).', 0.3333, -0.0007543586925342024, -4.0311, 0.4203, 1.0, 0.1111]
	 ->['AGGAGGAGGAGGGAGAAACACCACCGACCAAAACCA', '....((.((.((........)).))..)).......', 0.1944, -0.0004722109809119124, -7.0198, 0.3492, 1.0, 0.2222]
	 ->['AGCAGGAGCAGUAACAAAGAUACGCGACCGAAAGCA', '....((.((.(((.......)))))..)).......', 0.1111, -7.583026140166795e-05, -4.147, 0.2564, 0.7143, 0.2222]
	 ->['CGCUCCAGCAGGUACAAAGAAUCGCGAGGUCAAGCA', '.(((((.((.(((.......)))))..))...))).', 0.0833, -1.7888147236544902e-05, -5.2372, 0.2063, 0.7, 0.1667]
	 >>> Resetting the solution to avoid local optima.
	 ->['ACCACCACCAACCACAAAGAGGAGGAAGGAAAAGGA', '.((.((.((...........)).))..)).......', 0.4167, -0.0006013949554065783, -3.7708, 0.3925, 1.0, 0.1667]
	 ->['GGCACCACCAACCACAAAGAGGAGGACGGAAAAGCA', '.((....((..((.(......).))..))....)).', 0.3333, -0.000534605585715582, -4.4433, 0.371, 1.0, 0.1111]
	 ->['GGCACCACCAACCACAAAGGGGAGGACGGAAAAGCA', '....((.((..((......))..))..)).......', 0.1944, -0.00013536911568656467, -5.6899, 0.3006, 1.0, 0.2222]
	 ->['AGCACCACGAACUGCAAUGGGGACGACGGAAAAGCU', '(((.((.((..((......))..))..))....)))', 0.1667, -0.0018773587713887473, -3.6692, 0.3153, 0.7778, 0.1667]
	 >>> Resetting the solution to avoid local optima.
	 ->['ACCACCACCAACCACAAAGAGGAGGAAGGAAAAGGA', '.((.((.((...........)).))..)).......', 0.4167, -0.0006013949554065783, -3.7708, 0.3925, 1.0, 0.1667]
	 ->['ACCACCACCAACCACAAAGAGGGGGAAGGAAAAGGC', '....((..(..((.......))..)..)).......', 0.1667, -0.0007091289293305633, -5.0692, 0.4031, 1.0, 0.2222]
	 ->['ACCACUACCAACCACAAAGAGGGGGAAAGAAAUGGC', '.(((((..(..((.......))..)..))...))).', 0.1389, -0.00014985926001497436, -4.3272, 0.2904, 0.75, 0.1667]
	 ->['AGCACUACCAUCUACAAUGCAGGGGCGAGAAAUGCA', '.(((((.((.(((.......)))))..))...))).', 0.0833, -0.00029689621323977637, -4.0058, 0.3923, 0.6, 0.1667]
	 >>> Resetting the solution to avoid local optima.
	 ->['AGGAGGAGGAAGGAGAAACACCACCAACCAAAACCA', '.((....((..((.(......).))..))....)).', 0.3333, -0.0007543586925342024, -4.0311, 0.4203, 1.0, 0.1111]
	 ->['AGGAGGAGGAAGGAGAAACACCACCAACCAAAACCA', '.((....((..((.(......).))..))....)).', 0.3333, -0.0007543586925342024, -4.0311, 0.4203, 1.0, 0.1111]
	 ->['AGAAGGAGGAAGGAGAAACACCACCAACCAAAAUCA', '....((..(..((.......))..)..)).......', 0.1667, -0.0002094001676554957, -3.221, 0.385, 1.0, 0.2222]
	 ->['AGAAGAAGGAAGGAGAAACACCACCAAUCAAAAUCA', '.......((..((.......)).))...........', 0.1389, -0.00021179813993542145, -1.814, 0.3596, 1.0, 0.2778]
	 ->['AGAACCGGGAAGGAGUAGCGCCGCCAUGGAAAAUCA', '....(((((..((.......)).)).))).......', 0.1111, -0.0020870935446019065, -5.0039, 0.2455, 0.8571, 0.2222]
	 ->['AGAACCGGGAAGGGGUAGCGCCGCCAUGGAAAAUCA', '....(((((..((.(...).)).)).))).......', 0.0833, -0.003141736116508835, -6.8518, 0.2979, 0.875, 0.1667]
	 ->['AGUACCGGGAAGGGGAAGCGCCGCCAAGGAAAAGCA', '....((.((..((.(...).)).))..)).......', 0.0556, -0.012641371213260588, -6.0938, 0.2623, 1.0, 0.1111]
	 >>> Resetting the solution to avoid local optima.
	 ->['AGGAGGAGGAAGGAGAAACACCACCAACCAAAACCA', '.((....((..((.(......).))..))....)).', 0.3333, -0.0007543586925342024, -4.0311, 0.4203, 1.0, 0.1111]
	 ->['AGGAGGAGGAAGGAGAAACACCACCAACCAAAACCA', '.((....((..((.(......).))..))....)).', 0.3333, -0.0007543586925342024, -4.0311, 0.4203, 1.0, 0.1111]
	 ->['AGGAGGAGGCACUAGAAACAAGACCCACCAAAACCA', '....((.((..((.......))..)).)).......', 0.1944, -0.00036112786615611177, -3.3851, 0.3635, 0.8333, 0.2222]
	 ->['AGGACGAGGCACUAGAAACAAGACCCACGAAAUCCA', '.(((((.((..((.......))..)).))...))).', 0.1667, -3.3351031147246484e-05, -3.9533, 0.2555, 0.7778, 0.1667]
	 ->['AGUACCAGGCACUCGUAACUAGGCCGAGGAAAUGCA', '.(((((.(((.((.......)))))..))...))).', 0.0833, -8.205927775172682e-06, -6.6175, 0.2358, 0.7, 0.1667]
	 >>> Resetting the solution to avoid local optima.
	 ->['AGGAGGAGGAAGGAGAAACACCACCAACCAAAACCA', '.((....((..((.(......).))..))....)).', 0.3333, -0.0007543586925342024, -4.0311, 0.4203, 1.0, 0.1111]
	 ->['AGGAGGAGGAAGGAGAAACACCACCAACCAAAACCA', '.((....((..((.(......).))..))....)).', 0.3333, -0.0007543586925342024, -4.0311, 0.4203, 1.0, 0.1111]
	 ->['AGGAGGAAGACGGCGCAACACCACUAACCAAAACCA', '....((.....((.......)).....)).......', 0.1389, -0.015432508200067245, -1.9708, 0.3113, 1.0, 0.2778]
	 ->['AGGAGGAAGACGGCGCAACACCACUAACCUAAACCA', '.(((((.....((.......)).....)))...)).', 0.1111, -0.0016390157531627216, -3.3529, 0.2346, 0.8571, 0.2222]
	 ->['CGGAAGACAAUGGCGAAACACCUUGAACUUAAACCA', '.(((((.(((.((.......)))))..)))...)).', 0.0833, -0.0008212389651941125, -2.6788, 0.2476, 0.6, 0.1667]
	 >>> Resetting the solution to avoid local optima.
	 ->['ACCACCACCAACCACAAAGAGGAGGAAGGAAAAGGA', '.((.((.((...........)).))..)).......', 0.4167, -0.0006013949554065783, -3.7708, 0.3925, 1.0, 0.1667]
	 ->['GCCACCACCAAUCACAAAGAGAAGGGAGGAAAAGGA', '....((.((..((.......))..)).)).......', 0.1944, -0.00035302144646316203, -4.5991, 0.3599, 0.8333, 0.2222]
	 ->['GCCACCACCAAUAACAAAGAUAAGGGAGGAAAAGGA', '....((.((..............))..)).......', 0.1389, -0.0006153739686010347, -2.8566, 0.3703, 1.0, 0.2778]
	 ->['GCCACCAGCAAUAACAAAGAUAGGCGAGGAAAUGGA', '.(((((.((..............))..))...))).', 0.1111, -0.0006580805263597045, -3.7153, 0.3013, 0.8571, 0.2222]
	 >>> Resetting the solution to avoid local optima.
	 ->['ACCACCACCAACCACAAAGAGGAGGAAGGAAAAGGA', '.((.((.((...........)).))..)).......', 0.4167, -0.0006013949554065783, -3.7708, 0.3925, 1.0, 0.1667]
	 ->['ACCACCACCAACCACAAAGAGGAGGAAGGAAAAGGA', '.((.((.((...........)).))..)).......', 0.4167, -0.0006013949554065783, -3.7708, 0.3925, 1.0, 0.1667]
	 ->['ACCACCACCAACCACAAAGAGGAGGAAGGGCAAGGA', '.((....((..((.(......).))..))....)).', 0.3333, -0.00013174901311349417, -4.7066, 0.3886, 1.0, 0.1111]
	 ->['AUCACCACCAACCACAAAGAGGAGGAAGGGCAAGGC', '....((..(..((.......))..)..)).......', 0.1667, -6.3081488253250084e-06, -3.7796, 0.3943, 1.0, 0.2222]
	 ->['AUCACCAUCAAGCACAAAGAGCAGACAGGGCAAGGC', '....((.....((.......)).....)).......', 0.1389, -1.4708430856133866e-05, -2.1579, 0.3355, 1.0, 0.2778]
	 ->['ACCACCAUCAAGGACAAAGACCAGAUAGGGCAAGGA', '....(((((..((.......)).))).)).......', 0.1111, -8.814786300037943e-05, -3.8543, 0.3233, 0.7143, 0.2222]
	 ->['AGCGCCGCCAAGAACAAAGAUCGGGUAGGAAAUGCA', '.((((((((..((.......)).))).))...))).', 0.0833, -0.0012409071302282677, -5.4244, 0.1863, 0.7, 0.1667]
	 >>> Resetting the solution to avoid local optima.
	 ->['AGGAGGAGGAAGGAGAAACACCACCAACCAAAACCA', '.((....((..((.(......).))..))....)).', 0.3333, -0.0007543586925342024, -4.0311, 0.4203, 1.0, 0.1111]
	 ->['AGGAGGAGGAAGGCGAAACACCACCAACCAAAACCA', '.((....((..((.(......).))..))....)).', 0.3333, -0.002128513383440122, -4.6918, 0.4085, 1.0, 0.1111]
	 ->['AGGAGGAGGAAUGCGAAACACAACCAACCAAAACCA', '....((..(..((.......))..)..)).......', 0.1667, -0.009503536815348953, -2.0696, 0.3772, 0.8, 0.2222]
	 ->['AGGAGGACGAAUGCGAAACACAUCGAACCAAAACCA', '....((.(((.((.......)))))..)).......', 0.1111, -0.0003679014495315471, -3.3737, 0.2921, 0.7143, 0.2222]
	 ->['AGGAGCACGACAGCGUAACACUUCGAGGCUAAACCA', '.(((((.(((.((.......)))))..)))...)).', 0.0833, -0.0001105879683044644, -5.4145, 0.214, 0.7, 0.1667]
	 >>> Resetting the solution to avoid local optima.
	 ->['AGGAGGAGGAAGGAGAAACACCACCAACCAAAACCA', '.((....((..((.(......).))..))....)).', 0.3333, -0.0007543586925342024, -4.0311, 0.4203, 1.0, 0.1111]
	 ->['AGGAGGAGGCAGGCGUAACACCACCAACCAAAACCA', '.((....((..((.(......).))..))....)).', 0.3333, -0.003515473685797804, -4.5826, 0.4168, 1.0, 0.1111]
	 ->['AGGAGGAGGCAGGCGUAACGCCACCAACCAAAACCA', '....((..(..((((...))))..)..)).......', 0.1667, -1.6788816070163562e-06, -8.3955, 0.322, 1.0, 0.2222]
	 ->['AGGAGGAUGAGGGCGCCACGCCACGAGCUAAAACCA', '.((((..((..((((...)))).))..))....)).', 0.1389, -9.983485359778342e-08, -7.0349, 0.3036, 0.8, 0.1111]
	 ->['AGGAGGAUGAGGUCGACACGACACAAACCAAAUCCA', '.(((((.....((((...)))).....))...))).', 0.1111, -1.3179749684188195e-07, -7.6638, 0.3172, 0.7778, 0.2222]
	 ->['AGGUUGGGCGAGUCGAAACGGCAGCUACAGGGUCCA', '.((((((((..((((...)))).))).)))...)).', 0.0833, -1.704055128375415e-06, -7.6863, 0.2506, 0.6667, 0.1667]
	 >>> Resetting the solution to avoid local optima.
	 ->['ACCACCACCAACCACAAAGAGGAGGAAGGAAAAGGA', '.((.((.((...........)).))..)).......', 0.4167, -0.0006013949554065783, -3.7708, 0.3925, 1.0, 0.1667]
	 ->['ACCACCACCAACCACAAAGAGGAGGAAGGAAAAGGA', '.((.((.((...........)).))..)).......', 0.4167, -0.0006013949554065783, -3.7708, 0.3925, 1.0, 0.1667]
	 ->['ACCACCACCAACCACUAAGAGGAGGAAGGAAAAGGC', '.((....((..((.((....)).))..))....)).', 0.3611, -0.0002982809945098774, -4.203, 0.4245, 0.875, 0.1111]
	 ->['ACCACCACCAACCACGAAGAGGAGGAAGGAAAAGGC', '.((....((..((.(......).))..))....)).', 0.3333, -0.00028382504742611146, -4.2336, 0.4044, 1.0, 0.1111]
	 ->['ACCACCACCAAUCGCGAAGAGAAGGAAGGAAAAGGC', '....((.((..((.....))...))..)).......', 0.1944, -0.0010995210067713127, -2.9989, 0.354, 0.8333, 0.2222]
	 ->['ACCACCACCAAUCGCGAAGUGAAGGAAGGAAAAGGC', '....((..(..((((...))))..)..)).......', 0.1667, -6.05217651100716e-05, -4.186, 0.2539, 0.7143, 0.2222]
	 ->['ACCACAACCAAUAGCGAAGUUAAGGAAUGAAAGGGC', '.((.((.((..((((...)))).))..))...))..', 0.1389, -6.7702033626098045e-06, -2.0361, 0.3298, 0.6, 0.1111]
	 >>> Resetting the solution to avoid local optima.
	 ->['ACCACCACCAACCACAAAGAGGAGGAAGGAAAAGGA', '.((.((.((...........)).))..)).......', 0.4167, -0.0006013949554065783, -3.7708, 0.3925, 1.0, 0.1667]
	 ->['ACCACCACCAACCACAAAGAGGAGGAAGGAAAAGGA', '.((.((.((...........)).))..)).......', 0.4167, -0.0006013949554065783, -3.7708, 0.3925, 1.0, 0.1667]
	 ->['ACCACCACCAACCCCAAAGAGGAGGAAGGAAAAGGA', '.((....((..((((.....)).))..))....)).', 0.3611, -3.0375568503761888e-05, -6.2109, 0.4421, 1.0, 0.1111]
	 ->['ACCACCACCAACGCCAAAGACGAGGAAGGAAAAGGA', '.((....((....((........))..))....)).', 0.3056, -0.0010022899282705665, -2.956, 0.417, 1.0, 0.2222]
	 ->['ACCACCACCAACGACAAAGACGAGGAAGGAAAAGGA', '....((..(..((.......))..)..)).......', 0.1667, -0.002569245810249892, -2.0758, 0.3492, 1.0, 0.2222]
	 ->['ACCACCACCAACGACAAAGACGAGGAAGGAAAAGGU', '(((.((..(..((.......))..)..))....)))', 0.1389, -0.001344813828474951, -2.4748, 0.3439, 0.875, 0.1667]
	 >>> Resetting the solution to avoid local optima.
	 ->['AGGAGGAGGAAGGAGAAACACCACCAACCAAAACCA', '.((....((..((.(......).))..))....)).', 0.3333, -0.0007543586925342024, -4.0311, 0.4203, 1.0, 0.1111]
	 ->['AGGAGGAAGACGGACAAAGACCACUAACCAAAACCA', '....((.....((.......)).....)).......', 0.1389, -0.003405065446581874, -1.7022, 0.3329, 1.0, 0.2778]
	 ->['AGGAGCAAGACGGACAAAGACCACUAAGCAAAUCCA', '.(((((.....((.......)).....))...))).', 0.1111, -0.00030995542994378456, -3.2793, 0.2303, 0.8571, 0.2222]
	 >>> Resetting the solution to avoid local optima.
	 ->['AGGAGGAGGAAGGAGAAACACCACCAACCAAAACCA', '.((....((..((.(......).))..))....)).', 0.3333, -0.0007543586925342024, -4.0311, 0.4203, 1.0, 0.1111]
	 ->['AGGAGGAGGAAGGAGAAACACCACCAACCAAAACCA', '.((....((..((.(......).))..))....)).', 0.3333, -0.0007543586925342024, -4.0311, 0.4203, 1.0, 0.1111]
	 ->['ACGAGGAGGAAGGAGCAACACCACCAACCAAAACGC', '....((..(..((.......))..)..)).......', 0.1667, -0.0003797780378050252, -3.1541, 0.3653, 1.0, 0.2222]
	 ->['ACCAGUAGCAAGGACCAAGACCAGCAAGCAAAAGGC', '.......((..((.......)).))...........', 0.1389, -0.0018178616037287816, -2.189, 0.3445, 1.0, 0.2778]
	 ->['ACCAGCGGCAAGGACAAAGACCAGCAAGCAAAAGGC', '....((.((..((.......)).))..)).......', 0.0833, -0.009700491608141987, -3.957, 0.2204, 1.0, 0.1667]
	 ->['ACCUUCGGCGAGCCCAAUGAGCAGCAAGAAUACGGG', '.(((((.((..((.......)).))..)))...)).', 0.0556, -0.004891463516293308, -4.979, 0.1736, 0.7778, 0.1111]
	 >>> Resetting the solution to avoid local optima.
	 ->['AGGAGGAGGAAGGAGAAACACCACCAACCAAAACCA', '.((....((..((.(......).))..))....)).', 0.3333, -0.0007543586925342024, -4.0311, 0.4203, 1.0, 0.1111]
	 ->['AGGAGUAGGAAGGAGAAACACCAUCAAACGAAACCA', '....((..((.((.......)).))..)).......', 0.1944, -1.0274681421036681e-05, -2.779, 0.3013, 0.6667, 0.2222]
	 ->['AGGCGUAGGAAGGAGAAACACCAUCAAACGAAACCA', '.(((((..((.((.......)).))..)))...)).', 0.1667, -1.947797239770508e-07, -5.223, 0.2907, 0.7778, 0.1667]
	 ->['AGGCGUAGGCAGGAGAAUCACCAUCAAACGAAACCA', '.(((((..(..((.......))..)..)))...)).', 0.1389, -4.713725568230499e-06, -3.2592, 0.3349, 0.875, 0.1667]
	 ->['AGGCGUAGUCAGGAGAAUCACCAGCAAACGAAACCA', '.(((((.....((.......)).....)))...)).', 0.1111, -5.661463111596583e-05, -2.7272, 0.3241, 0.8571, 0.2222]
	 >>> Resetting the solution to avoid local optima.
	 ->['AGGAGGAGGAAGGAGAAACACCACCAACCAAAACCA', '.((....((..((.(......).))..))....)).', 0.3333, -0.0007543586925342024, -4.0311, 0.4203, 1.0, 0.1111]
	 ->['AGGAGGAGGAAGGAGAAACACCACCAACCAAAACCA', '.((....((..((.(......).))..))....)).', 0.3333, -0.0007543586925342024, -4.0311, 0.4203, 1.0, 0.1111]
	 ->['AGGGGGAGUAAGGAGAAACACCAGCAACCAAAACCA', '...((..((..((.......)).))..)).......', 0.1944, -0.00010584085521520221, -3.9415, 0.3449, 0.8333, 0.2222]
	 ->['AGGGGGAGUAAGGAGAAACACCAGCAGCCAAACCCA', '.(((((.....((.......)).....))...))).', 0.1111, -1.5400047904377522e-05, -5.5295, 0.2817, 1.0, 0.2222]
	 >>> Resetting the solution to avoid local optima.
	 ->['AGGAGGAGGAAGGAGAAACACCACCAACCAAAACCA', '.((....((..((.(......).))..))....)).', 0.3333, -0.0007543586925342024, -4.0311, 0.4203, 1.0, 0.1111]
	 ->['AGGAGGAGGAAGGAGAAACACCACCAACCAAAACCA', '.((....((..((.(......).))..))....)).', 0.3333, -0.0007543586925342024, -4.0311, 0.4203, 1.0, 0.1111]
	 ->['AGGAUGAGGGAGGAGUAACACCACCAACAAAAACCA', '....((..((.((.......)).))..)).......', 0.1944, -0.0003062557352874522, -4.3867, 0.3798, 0.8333, 0.2222]
	 ->['AGGAGGACCGACGAGUAACGCGAGGAGCUAAAACCA', '.((((..((..((.......)).))..))....)).', 0.1389, -0.00044122404546866593, -4.0617, 0.3842, 0.875, 0.1111]
	 ->['AGGAGGCCUGAGGAGUAACGCCAAGAGCUAAAACCA', '....(((((..((.......)).)).))).......', 0.1111, -1.286882849459272e-05, -5.2402, 0.2465, 0.7143, 0.2222]
	 ->['AGCACUCGUGAGAGCAAAGGUCAACAGAGAAAAGCA', '....(((((..((.(...).)).)).))).......', 0.0833, -0.00018353681576353654, -4.2023, 0.2849, 0.625, 0.1667]
	 ->['AGCACUUGUGAGAGCAAAGGUCAACAAAGAAAUGCA', '.((((((((..((.(...).)).)).)))...))).', 0.0556, -7.88711773123751e-05, -4.7228, 0.302, 0.5455, 0.1111]
	 >>> Resetting the solution to avoid local optima.
	 ->['AGGAGGAGGAAGGAGAAACACCACCAACCAAAACCA', '.((....((..((.(......).))..))....)).', 0.3333, -0.0007543586925342024, -4.0311, 0.4203, 1.0, 0.1111]
	 ->['AGGAGGAGGAAGGAGAAACACCACCAACCAAAACCA', '.((....((..((.(......).))..))....)).', 0.3333, -0.0007543586925342024, -4.0311, 0.4203, 1.0, 0.1111]
	 ->['AGGAGGAGGAACGAGAAACACGACCAACCAAAACCA', '....((..(..((.......))..)..)).......', 0.1667, -0.0041574351089142154, -2.2792, 0.3207, 1.0, 0.2222]
	 ->['AGGAGGAGGAACGAGAAACACGACCAACCUAAACCA', '.(((((..(..((.......))..)..)))...)).', 0.1389, -0.00035264009362934975, -3.7998, 0.2927, 0.875, 0.1667]
	 >>> Resetting the solution to avoid local optima.
	 ->['ACCACCACCAACCACAAAGAGGAGGAAGGAAAAGGA', '.((.((.((...........)).))..)).......', 0.4167, -0.0006013949554065783, -3.7708, 0.3925, 1.0, 0.1667]
	 ->['ACCACCACCAACCACAAAGAGGAGGAAGGAAAAGGA', '.((.((.((...........)).))..)).......', 0.4167, -0.0006013949554065783, -3.7708, 0.3925, 1.0, 0.1667]
	 ->['ACCACCACCAACCACAAAGAGGAGGAAGGUAAAGGA', '.((...(((..((.(......).))..)))...)).', 0.3611, -3.857962589980954e-05, -5.4635, 0.4119, 0.875, 0.1667]
	 ->['ACCACCACCAACCACAAAGAGGAGGAAGGGAAAGGA', '.((....((..((.(......).))..))....)).', 0.3333, -0.00012805037728272356, -4.7241, 0.3879, 1.0, 0.1111]
	 ->['ACCAGCACCAACCACAAAGAGGAGGAAGCGAAAGGA', '....((..(..((.......))..)..)).......', 0.1667, -0.001624986054304583, -3.2582, 0.2531, 1.0, 0.2222]
	 ->['ACCAGCACCAUCCACAAAGAGGAGGAAGCGAAAGGA', '....((.((.(((.......)))))..)).......', 0.1111, -4.93001155637955e-05, -5.6124, 0.2405, 0.8571, 0.2222]
	 ->['AGCAGCAGCGUCUACCAUGAAGAGCAGGCUAAAGCA', '.(((((.((.(((.......)))))..)))...)).', 0.0833, -0.00011029871424244376, -6.8161, 0.2379, 0.7, 0.1667]
	 >>> Resetting the solution to avoid local optima.
	 ->['AGGAGGAGGAAGGAGAAACACCACCAACCAAAACCA', '.((....((..((.(......).))..))....)).', 0.3333, -0.0007543586925342024, -4.0311, 0.4203, 1.0, 0.1111]
	 ->['AGGAGGAGGAAGGCGCAACACCACCAACCAAAACCA', '.((....((..((.(......).))..))....)).', 0.3333, -0.004355809119458273, -4.2505, 0.4034, 1.0, 0.1111]
	 ->['AGGAGCAGGCAGGCGCAACACCACCCAGCAAAACCA', '....((.((..((.......))..)).)).......', 0.1944, -0.0016982592212778477, -5.331, 0.2739, 1.0, 0.2222]
	 ->['AGGAGCAGGUAGGCGCAUCACCACCAAGCAAAACCA', '....((.(((.((.......)))))..)).......', 0.1111, -0.0010731761075063277, -5.6139, 0.211, 0.8571, 0.2222]
	 ->['AGGAGCAGGUCGGCGCAUCACCACCAAGCAAAUCCA', '.(((((.(((.((.......)))))..))...))).', 0.0833, -6.339748587791683e-05, -7.3574, 0.1745, 0.8, 0.1667]
	 >>> Resetting the solution to avoid local optima.
	 ->['AGGAGGAGGAAGGAGAAACACCACCAACCAAAACCA', '.((....((..((.(......).))..))....)).', 0.3333, -0.0007543586925342024, -4.0311, 0.4203, 1.0, 0.1111]
	 ->['AGGAGGAGGAAGGAGAAACACCACCAACCAAAACCA', '.((....((..((.(......).))..))....)).', 0.3333, -0.0007543586925342024, -4.0311, 0.4203, 1.0, 0.1111]
	 ->['AGGAGGAGGAACGAGAAACACGACCAACCAAAACCA', '....((..(..((.......))..)..)).......', 0.1667, -0.0041574351089142154, -2.2792, 0.3207, 1.0, 0.2222]
	 ->['AGGACGAGCAACGACAAUGACGGGCGACGAAAACCA', '....((.((..((.......)).))..)).......', 0.0833, -0.029873535895304875, -2.8638, 0.2041, 1.0, 0.1667]
	 >>> Resetting the solution to avoid local optima.
	 ->['AGGAGGAGGAAGGAGAAACACCACCAACCAAAACCA', '.((....((..((.(......).))..))....)).', 0.3333, -0.0007543586925342024, -4.0311, 0.4203, 1.0, 0.1111]
	 ->['AGCAGGAGGAAGGAGAAACACCACCAACCAAAAGCA', '.((....((..((.(......).))..))....)).', 0.3333, -0.0014087847051754308, -3.7462, 0.3661, 1.0, 0.1111]
	 ->['AGCAGGAGGAAGUAUAAAGAGCACCAACCAAAAGCA', '....((..(..((.......))..)..)).......', 0.1667, -0.0008052432275447581, -1.7909, 0.3101, 0.8, 0.2222]
	 ->['AGCUGGAGGAAGUAUAAAGAGCACCAACCAAACGCA', '.(((((..(..((.......))..)..)))...)).', 0.1389, -6.303578457551715e-05, -3.3609, 0.2949, 0.75, 0.1667]
	 >>> Resetting the solution to avoid local optima.
	 ->['ACCACCACCAACCACAAAGAGGAGGAAGGAAAAGGA', '.((.((.((...........)).))..)).......', 0.4167, -0.0006013949554065783, -3.7708, 0.3925, 1.0, 0.1667]
	 ->['ACCACCACCAACCAGAAACAGGAGGAAGGAAAAGGA', '.((.((.((...........)).))..)).......', 0.4167, -0.0009837044848121344, -3.4675, 0.3765, 1.0, 0.1667]
	 ->['ACCACCACCAACCAGAAACAGGAGGAAGGAGAAGGA', '.((..(.((..((..........))..)).)..)).', 0.3333, -0.0006516379025739423, -3.7213, 0.3808, 1.0, 0.1667]
	 ->['ACCAACACCAACCAGAAACCGGAGGAAGUAAAAGGA', '.......((..((.......)).))...........', 0.1389, -0.0011386385691086235, -1.9774, 0.3466, 1.0, 0.2778]
	 ->['GCCACCACGAACCACUAAGCGGACGAUGGAAAAGGA', '....(((((..((.......)).)).))).......', 0.1111, -0.0006203827320008368, -4.7516, 0.238, 0.8571, 0.2222]
	 ->['UCCAUCUAGAAUCACAAUGCGAGCUAUGACCAAGGA', '(((.(((((..((.......)).))).))....)))', 0.0833, -0.0020888356727640552, -1.9034, 0.2438, 0.5, 0.1667]
	 ->['ACCAGCGGGAAUCACAAAGCGAGCCAUGCCAAAGGG', '.((.(((((..((.......)).)).)))....)).', 0.0556, -0.02326441298664629, -4.5179, 0.1929, 0.7778, 0.1111]
	 >>> Resetting the solution to avoid local optima.
	 ->['ACCACCACCAACCACAAAGAGGAGGAAGGAAAAGGA', '.((.((.((...........)).))..)).......', 0.4167, -0.0006013949554065783, -3.7708, 0.3925, 1.0, 0.1667]
	 ->['ACCACCACCAAACACAAAGAGUAGGAAGGAAAGGGA', '.((.((..(..((.......))..)..))...))..', 0.2222, -0.00018940148941515327, -2.8829, 0.39, 0.8571, 0.1667]
	 ->['ACCACCUCCAGACACAAAGAGUAGGUAGGAAAGGGG', '.((.(((((..((.......)).)).)))...))..', 0.1667, -3.468461254152296e-05, -6.5291, 0.4321, 0.7778, 0.1667]
	 ->['ACAUCCUCCAGACCCAAAGAGUAGGUAGGCAACUGG', '....(((((..((.......)).)).))).......', 0.1111, -0.00013084460247274823, -4.4108, 0.4277, 0.7143, 0.2222]
	 >>> Resetting the solution to avoid local optima.
	 ->['ACCACCACCAACCACAAAGAGGAGGAAGGAAAAGGA', '.((.((.((...........)).))..)).......', 0.4167, -0.0006013949554065783, -3.7708, 0.3925, 1.0, 0.1667]
	 ->['ACCACCACCAACCACAAAGAGGAGGAAGGAAAAGGA', '.((.((.((...........)).))..)).......', 0.4167, -0.0006013949554065783, -3.7708, 0.3925, 1.0, 0.1667]
	 ->['ACCACCACCAACCACUAAGAGGAGGAAGGAAAAGGA', '.((....((..((.((....)).))..))....)).', 0.3611, -0.0002968496888221953, -4.2059, 0.425, 0.875, 0.1111]
	 ->['ACCACAACCAACCACUAAGAGGAGGAAUGAAAAGGA', '.((........((.((....)).))........)).', 0.3056, -0.0004830198489067308, -2.2059, 0.3997, 0.8333, 0.2222]
	 ->['ACCACAUCCAGCCGCUAAGAGGAGGAAUGCAAAGGA', '....(((((..((.......)).)).))).......', 0.1111, -5.613882808328398e-05, -4.9324, 0.2761, 0.7143, 0.2222]
	 >>> Resetting the solution to avoid local optima.
	 ->['AGGAGGAGGAAGGAGAAACACCACCAACCAAAACCA', '.((....((..((.(......).))..))....)).', 0.3333, -0.0007543586925342024, -4.0311, 0.4203, 1.0, 0.1111]
	 ->['AGGAGGAGGAAGGAGAAACACCACCAACCAAAACCA', '.((....((..((.(......).))..))....)).', 0.3333, -0.0007543586925342024, -4.0311, 0.4203, 1.0, 0.1111]
	 ->['AGGAGGAGGGAGUAGAAACAACACCAACCAAAACCA', '....((..((.((.......)).))..)).......', 0.1944, -0.0005680752317117861, -4.5059, 0.3259, 0.8333, 0.2222]
	 ->['AGCAGGAGGGAGUAGCAACAACACCGACCAAAUGCA', '.(((((..((.((.......)).))..))...))).', 0.1667, -0.0002712253173975929, -6.3616, 0.288, 0.7778, 0.1667]
	 ->['AGCACCGGCGAGCCGAAACAGCAGCUAGGAAAUGCA', '.((((((((..((.......)).))).))...))).', 0.0833, -0.0008918718522640541, -7.4279, 0.1804, 0.8, 0.1667]
	 ->['AGCACCGGCGACGCGAAACACGAGCAAGGAAAUGCA', '.(((((.((..((.......)).))..))...))).', 0.0556, -0.009232202282806183, -5.7875, 0.1384, 0.8889, 0.1111]
	 >>> Resetting the solution to avoid local optima.
	 ->['AGGAGGAGGAAGGAGAAACACCACCAACCAAAACCA', '.((....((..((.(......).))..))....)).', 0.3333, -0.0007543586925342024, -4.0311, 0.4203, 1.0, 0.1111]
	 ->['AGGAGGAGGAAGGAGAAACACCACCAACCAAAACCA', '.((....((..((.(......).))..))....)).', 0.3333, -0.0007543586925342024, -4.0311, 0.4203, 1.0, 0.1111]
	 ->['AGGAGGAGGAAGCAGAAACAGCACCAACCAAAACCA', '....((..(..((.......))..)..)).......', 0.1667, -0.0025070748370255506, -3.3909, 0.2551, 1.0, 0.2222]
	 ->['AGGAGGAGGAAGCAGAAACAGCACCAACCAAAUCCA', '.(((((..(..((.......))..)..))...))).', 0.1389, -0.00013906413205586946, -5.1733, 0.2322, 0.875, 0.1667]
	 ->['AGCAGGAGUAGGCAGAAACAGCAGCAACCAAAUGCA', '.(((((.....((.......)).....))...))).', 0.1111, -0.00017187002945587908, -4.9427, 0.3584, 0.8571, 0.2222]
	 >>> Resetting the solution to avoid local optima.
	 ->['ACCACCACCAACCACAAAGAGGAGGAAGGAAAAGGA', '.((.((.((...........)).))..)).......', 0.4167, -0.0006013949554065783, -3.7708, 0.3925, 1.0, 0.1667]
	 ->['ACCACGACCAACCACAAAGAGGAGGAACGAAAAGGA', '....((..(..((.......))..)..)).......', 0.1667, -0.0021499371494486763, -2.2856, 0.2998, 1.0, 0.2222]
	 ->['ACCAUGACCAAGCACAAAGAGCGGGAACGAAAAGGG', '.......((..((.......)).))...........', 0.1389, -0.0012949047225169384, -2.8981, 0.3123, 1.0, 0.2778]
	 ->['CCCAUGACCAAGCACAAAGAGCGGGAACGAAAAGGG', '(((....((..((.......)).))........)))', 0.1111, -0.00021790672921254673, -3.8965, 0.2905, 1.0, 0.2222]
	 ->['CGCAGCAGAAAGGAGAAACGCCGUCGAGCCAAAGCG', '(((.((.((..((.......)).))..))....)))', 0.0556, -0.02550270868352952, -4.1613, 0.1538, 0.8889, 0.1111]
	 ->['CGCAGCAGAAAGGGGAAACGCCGUCGAGCCAAAGCG', '(((.((.((..((.(...).)).))..))....)))', 0.0278, -0.04158017450430316, -5.96, 0.1651, 0.9, 0.0556]


    -> Found sequence! Elapsed time:                   97.06199359893799 secs.


 (2) We found a sequence that folds exactly like the target structure. Let's minimize the GC-content
    -> ORDER: Min(Base-pair distance), min(Hamming distance), min(GC-content), min(partition function), min(ensemble defect), max(probability over ensemble))


	 >>> Resetting the solution to avoid local optima.
	 ->['AGGAGGAGGAAGGAGAAACACCACCAACCAAAACCA', '.((....((..((.(......).))..))....)).', 0.3333, -0.0007543586925342024, -4.0311, 0.4203, 1.0, 0.1111]
	 ->['AGGAGGAGGAAGGGGAAACACCGCCGACCAAAACCA', '.((....((..((.(......).))..))....)).', 0.3333, -5.0280163979543905e-05, -8.2003, 0.4204, 1.0, 0.1111]
	 >>> Resetting the solution to avoid local optima.
	 ->['AGGAGGAGGAAGGAGAAACACCACCAACCAAAACCA', '.((....((..((.(......).))..))....)).', 0.3333, -0.0007543586925342024, -4.0311, 0.4203, 1.0, 0.1111]
	 ->['AGGAGGAGGAAGGAGAAACACCACCAACCAAAACCA', '.((....((..((.(......).))..))....)).', 0.3333, -0.0007543586925342024, -4.0311, 0.4203, 1.0, 0.1111]
	 ->['AGGAGGACGAAGGAGAAACACCACGAACCAGUACCA', '....((.((..((.......)).))..)).......', 0.0833, -0.0034057975077072945, -2.4021, 0.3803, 1.0, 0.1667]
	 >>> Resetting the solution to avoid local optima.
	 ->['ACCACCACCAACCACAAAGAGGAGGAAGGAAAAGGA', '.((.((.((...........)).))..)).......', 0.4167, -0.0006013949554065783, -3.7708, 0.3925, 1.0, 0.1667]
	 ->['ACCGCCACCAACCACAAAGAGGAGGAAGGAAAAGGA', '.((....((..((.(......).))..))....)).', 0.3333, -0.00018641401660559256, -4.4927, 0.4057, 1.0, 0.1111]
	 ->['GCCGUCACCCGCUUUAGAGAAGAGGAAGAAACAGGA', '....((..((.((((...)))).))..)).......', 0.1944, -2.1994367747101823e-07, -4.7481, 0.3451, 0.5, 0.2222]
	 ->['GCCGUCACCCGCUUUCGGGAAGGGGAGGAUAGAGGG', '.(((((..((.((((...)))).))..)))...)).', 0.1667, -1.7930418005404147e-09, -10.4123, 0.3611, 0.5455, 0.1667]
	 >>> Resetting the solution to avoid local optima.
	 ->['AGGAGGAGGAAGGAGAAACACCACCAACCAAAACCA', '.((....((..((.(......).))..))....)).', 0.3333, -0.0007543586925342024, -4.0311, 0.4203, 1.0, 0.1111]
	 ->['AGGAGGAGGCAGGAGAUACACCACCAACCAAAACCA', '.((....((..((.(......).))..))....)).', 0.3333, -0.0008454261768808792, -4.1609, 0.4218, 1.0, 0.1111]
	 ->['AGGCGGAAGUAGGUUAUAGACCGCUGACCAUAACCA', '....((.(((.((((...)))))))..)).......', 0.1111, -5.1407008733459315e-06, -7.1058, 0.4043, 0.5556, 0.2222]
	 >>> Resetting the solution to avoid local optima.
	 ->['ACCACCACCAACCACAAAGAGGAGGAAGGAAAAGGA', '.((.((.((...........)).))..)).......', 0.4167, -0.0006013949554065783, -3.7708, 0.3925, 1.0, 0.1667]
	 ->['ACCACCACCAACCACGUAGAGGGGGAAGGAAAAGGA', '.((....((..((.(......).))..))....)).', 0.3333, -0.00040613454983127496, -5.4127, 0.4348, 1.0, 0.1111]
	 ->['ACCACCACCAAGCACGUAGAGCGGGAAGGAAAAGGA', '....((.((..((.......)).))..)).......', 0.0833, -0.003021123770786318, -4.276, 0.3262, 1.0, 0.1667]
	 >>> Resetting the solution to avoid local optima.
	 ->['AGGAGGAGGAAGGAGAAACACCACCAACCAAAACCA', '.((....((..((.(......).))..))....)).', 0.3333, -0.0007543586925342024, -4.0311, 0.4203, 1.0, 0.1111]
	 ->['AGGAGGAGGAAGGAGAAACACCACCAACCGAAACCA', '.((....((..((.(......).))..))....)).', 0.3333, -0.00036126642055910556, -4.4849, 0.4028, 1.0, 0.1111]
	 ->['AGGAGGAGGAAGCACAUAGUGUACCAACCGGAACCA', '....((..(..((((...))))..)..)).......', 0.1667, -2.08592152023704e-05, -5.3425, 0.2454, 0.7143, 0.2222]
	 ->['UGGAGGAGUAAGCACAUAGUGUAGCAACCGGAACCA', '....((.....((((...)))).....)).......', 0.1389, -1.0214817357269707e-05, -4.2826, 0.3356, 0.6667, 0.2778]
	 >>> Resetting the solution to avoid local optima.
	 ->['AGGAGGAGGAAGGAGAAACACCACCAACCAAAACCA', '.((....((..((.(......).))..))....)).', 0.3333, -0.0007543586925342024, -4.0311, 0.4203, 1.0, 0.1111]
	 ->['AGGAGGAGGAAGGAGAAACACCACCAACCAAAACCA', '.((....((..((.(......).))..))....)).', 0.3333, -0.0007543586925342024, -4.0311, 0.4203, 1.0, 0.1111]
	 ->['AGGAGGAGGAAGGAGAAACACCACCCACCAAAACCA', '....((.((..((.......))..)).)).......', 0.1944, -0.00012556246041956872, -5.3362, 0.3768, 1.0, 0.2222]
	 ->['AGGAGACGGAGGUCGAGGCAGCACCCAUCAGAUCCA', '.(((((.((..((.......))..)).))...))).', 0.1667, -8.679273589454607e-07, -7.0021, 0.4764, 0.6667, 0.1667]
	 >>> Resetting the solution to avoid local optima.
	 ->['ACCACCACCAACCACAAAGAGGAGGAAGGAAAAGGA', '.((.((.((...........)).))..)).......', 0.4167, -0.0006013949554065783, -3.7708, 0.3925, 1.0, 0.1667]
	 ->['ACGACCGCCAACCACAAAGAGGAGGAAGGAAAGCGA', '.(..((.((...........)).))..)........', 0.3889, -0.00015294525337031652, -4.5146, 0.4344, 1.0, 0.2222]
	 ->['ACGACCGCCAACCUCAAAGAGGAGGAAGGAAAGCGA', '.((....((..((((......))))..))....)).', 0.3611, -2.9402452302215804e-07, -8.7692, 0.4569, 0.875, 0.1667]
	 ->['ACGACGGCCAACCUCAAAGAGGAGGAAUGAAAGCGA', '.((........((((......))))........)).', 0.3056, -5.494930605116848e-07, -6.2838, 0.481, 0.8333, 0.2778]
	 ->['UUAUCGGGUUCCCUAUUGUAGGCGCAGUGCAGAUAA', '.((((..((..((((...)))).))......)))).', 0.1389, -3.5052778146862157e-09, -5.5991, 0.5041, 0.4, 0.2222]
	 >>> Resetting the solution to avoid local optima.
	 ->['AGGAGGAGGAAGGAGAAACACCACCAACCAAAACCA', '.((....((..((.(......).))..))....)).', 0.3333, -0.0007543586925342024, -4.0311, 0.4203, 1.0, 0.1111]
	 ->['AGGAGGAGGAAGCAGAUACAGCACCAACCACAACCA', '....((..(..((.......))..)..)).......', 0.1667, -0.0015154987053859579, -3.7012, 0.2758, 1.0, 0.2222]
	 >>> Resetting the solution to avoid local optima.
	 ->['AGGAGGAGGAAGGAGAAACACCACCAACCAAAACCA', '.((....((..((.(......).))..))....)).', 0.3333, -0.0007543586925342024, -4.0311, 0.4203, 1.0, 0.1111]
	 ->['AGGAGGAGGAAGGAGAAACACCACCAACCAAAACCA', '.((....((..((.(......).))..))....)).', 0.3333, -0.0007543586925342024, -4.0311, 0.4203, 1.0, 0.1111]
	 ->['AGGAGGAGGAGCAAGAAACAUGACCAACCAAAACCA', '....((..(..((.......))..)..)).......', 0.1667, -0.0016140202027863791, -2.2623, 0.3007, 0.8, 0.2222]
	 ->['CGGAGGAGGAUCUAGGAACAGGACCAGCCACAACCA', '....((.((.(((.......)))))..)).......', 0.1111, -9.566973212994938e-06, -4.8229, 0.3462, 0.7143, 0.2222]
	 ->['CGGAGGGGGAUCUAGGAACAGGACCAACCACAUCCA', '.(((((.((.(((.......)))))..))...))).', 0.0833, -6.73509870258319e-07, -7.4584, 0.3149, 0.7, 0.1667]
	 >>> Resetting the solution to avoid local optima.
	 ->['ACCACCACCAACCACAAAGAGGAGGAAGGAAAAGGA', '.((.((.((...........)).))..)).......', 0.4167, -0.0006013949554065783, -3.7708, 0.3925, 1.0, 0.1667]
	 ->['ACCACCACCAACCACAAAGAGGAGGAAGGAAAAGGA', '.((.((.((...........)).))..)).......', 0.4167, -0.0006013949554065783, -3.7708, 0.3925, 1.0, 0.1667]
	 ->['ACCACCACCAACUACAAAGAGGAGGAAGGAAAAGGA', '....((.((..((......))..))..)).......', 0.1944, -3.10765688337341e-05, -3.6968, 0.4042, 0.8333, 0.2222]
	 >>> Resetting the solution to avoid local optima.
	 ->['ACCACCACCAACCACAAAGAGGAGGAAGGAAAAGGA', '.((.((.((...........)).))..)).......', 0.4167, -0.0006013949554065783, -3.7708, 0.3925, 1.0, 0.1667]
	 ->['ACCGCCACCAACCACGAAGAGGAGGAAGGAAAAGGG', '.((....((..((.(......).))..))....)).', 0.3333, -8.201210753606856e-05, -5.4987, 0.3987, 1.0, 0.1111]
	 ->['ACCGGCACCAACCGCGAAGAGGAGGAAGUAUAAGGG', '.((........((.(......).))........)).', 0.2778, -0.0004043500701560157, -4.0155, 0.3961, 1.0, 0.2222]
	 ->['ACCGGCACUAACCGCGACGAGGAAGAGGUAUAAGGG', '.((...(((..((.......))....)))....)).', 0.2222, -0.0002710441110054969, -3.962, 0.4602, 0.7143, 0.2222]
	 ->['ACCGGCACUGACCGCUACGGGGAAGAGGUAUCAGGU', '....((.((..((......))..))..)).......', 0.1944, -0.00011687090992228308, -7.1804, 0.4939, 0.6667, 0.2222]
	 ->['GCCGUCAUUGACCGCUACGGGGAAAAGGAAACAGGU', '(((.((.((..((......))..))..))....)))', 0.1667, -7.925120699714192e-05, -5.3198, 0.4242, 0.5556, 0.1667]
	 >>> Resetting the solution to avoid local optima.
	 ->['AGGAGGAGGAAGGAGAAACACCACCAACCAAAACCA', '.((....((..((.(......).))..))....)).', 0.3333, -0.0007543586925342024, -4.0311, 0.4203, 1.0, 0.1111]
	 ->['AGGAGGAGGAAGGAGAAACACCACCAACCAUAACCA', '.((....((..((.(......).))..))....)).', 0.3333, -0.0006610398248198927, -4.1125, 0.4191, 1.0, 0.1111]
	 ->['UGGAGGAGGACGGUGAGACACUACCCACCAUAACCA', '....((.((..((((...))))..)).)).......', 0.1944, -6.13591553773425e-07, -7.3158, 0.3642, 0.75, 0.2222]
	 ->['UGGAGGAGGCCGAUGAGACAUUACCCACUAUGACCA', '(((((..((..((((...)))).))..))....)))', 0.1667, -3.6109515081694476e-07, -4.2426, 0.3237, 0.5455, 0.1667]
	 >>> Resetting the solution to avoid local optima.
	 ->['ACCACCACCAACCACAAAGAGGAGGAAGGAAAAGGA', '.((.((.((...........)).))..)).......', 0.4167, -0.0006013949554065783, -3.7708, 0.3925, 1.0, 0.1667]
	 ->['ACCACCACCAACCACAAAGAGGAGGAAGGAAAAGGA', '.((.((.((...........)).))..)).......', 0.4167, -0.0006013949554065783, -3.7708, 0.3925, 1.0, 0.1667]
	 ->['ACAACCACCAACCACAAAGAGGAGGAAGGAAAGUGA', '....((..(..((.......))..)..)).......', 0.1667, -5.72846223707513e-05, -3.3199, 0.4029, 1.0, 0.2222]
	 ->['UCAACUACCAACCACACAGUGGGGGACAGCGAGUGU', '.......((..((((...)))).))...........', 0.1389, -1.6784120213266928e-07, -6.6148, 0.3592, 0.8333, 0.2778]
	 >>> Resetting the solution to avoid local optima.
	 ->['ACCACCACCAACCACAAAGAGGAGGAAGGAAAAGGA', '.((.((.((...........)).))..)).......', 0.4167, -0.0006013949554065783, -3.7708, 0.3925, 1.0, 0.1667]
	 ->['ACCACCACCAACCACAAAGAGGAGGAAGGAAUCGGA', '.((.((.((...........)).))..)).......', 0.4167, -0.0005860111915002198, -3.7868, 0.3926, 1.0, 0.1667]
	 ->['ACCACCACCAAGCACAAAGAGUAGGAAGGAAUCGGA', '....((..(..((.......))..)..)).......', 0.1667, -0.0011297249764062561, -2.0822, 0.3711, 0.8, 0.2222]
	 ->['ACCACCAGCGGGCUCUAUGAGUAGUAAGGAAGCGGA', '....((.((..((((...)))).))..)).......', 0.0833, -1.0743501139518137e-05, -5.1515, 0.4641, 0.625, 0.1667]
	 >>> Resetting the solution to avoid local optima.
	 ->['ACCACCACCAACCACAAAGAGGAGGAAGGAAAAGGA', '.((.((.((...........)).))..)).......', 0.4167, -0.0006013949554065783, -3.7708, 0.3925, 1.0, 0.1667]
	 ->['ACCACCACCAACCACAAAGAGGAGGAAGGAAAAGGA', '.((.((.((...........)).))..)).......', 0.4167, -0.0006013949554065783, -3.7708, 0.3925, 1.0, 0.1667]
	 ->['ACCACCACCAACCACAAAGAGGAGGAAGGUAAAGGA', '.((...(((..((.(......).))..)))...)).', 0.3611, -3.857962589980954e-05, -5.4635, 0.4119, 0.875, 0.1667]
	 ->['ACCACCACCAACCACAAUGGGGAGGAAGGUAAAGGG', '.(((((.((..((......))..))..)))...)).', 0.1667, -4.845805494495625e-06, -7.6422, 0.3546, 0.8889, 0.1667]
	 ->['UCCAACACCACCCCAAAUUGGGAGGAAGUUAAAGGG', '.(((((..(..((((...))))..)..)))...)).', 0.1389, -2.6805558110700754e-08, -7.9453, 0.2833, 0.7, 0.1667]
	 >>> Resetting the solution to avoid local optima.
	 ->['AGGAGGAGGAAGGAGAAACACCACCAACCAAAACCA', '.((....((..((.(......).))..))....)).', 0.3333, -0.0007543586925342024, -4.0311, 0.4203, 1.0, 0.1111]
	 ->['AGGAGGAGGCAGGAGAGACACCACCAACCAAUACCA', '.((....((..((.(......).))..))....)).', 0.3333, -0.0006572528650940343, -4.3161, 0.4307, 1.0, 0.1111]
	 ->['AGGAGGAGGCAGGAUAGAAACCACCAACCAAUACCA', '.((....((..((..........))..))....)).', 0.3056, -0.000417166465990691, -3.7962, 0.396, 1.0, 0.1667]
	 ->['AGGAGCGGGCAGAAUAGCAUUCACCAAGCAAUACCA', '....((.((..((((...)))).))..)).......', 0.0833, -0.00015493624275717457, -4.3067, 0.2693, 0.625, 0.1667]
	 >>> Resetting the solution to avoid local optima.
	 ->['ACCACCACCAACCACAAAGAGGAGGAAGGAAAAGGA', '.((.((.((...........)).))..)).......', 0.4167, -0.0006013949554065783, -3.7708, 0.3925, 1.0, 0.1667]
	 ->['ACCACCACCAACCACAAAGAGGAGGAAGGAAUAGGA', '.((.((.((...........)).))..)).......', 0.4167, -0.0005888243539564336, -3.7838, 0.3919, 1.0, 0.1667]
	 ->['ACCACCACCAACCUCAAAGAGGAGGAAGGAAUAGGA', '.((....((..((((......))))..))....)).', 0.3611, -9.562634028047443e-07, -8.1423, 0.4583, 0.875, 0.1667]
	 ->['ACCACCAGCAACCUCAAAGAGGAGUACGGAUUCGGA', '....((.....((((...)))).....)).......', 0.1389, -1.5397893500275085e-05, -5.1296, 0.2678, 0.8333, 0.2778]
	 ->['ACCAGCAGCAACAUCAGAGAUGGGCACGCAUUCGGC', '....((.((..((((...)))).))..)).......', 0.0833, -5.862864856488022e-05, -5.5056, 0.197, 0.75, 0.1667]
	 >>> Resetting the solution to avoid local optima.
	 ->['ACCACCACCAACCACAAAGAGGAGGAAGGAAAAGGA', '.((.((.((...........)).))..)).......', 0.4167, -0.0006013949554065783, -3.7708, 0.3925, 1.0, 0.1667]
	 ->['ACCACCACCAACCACAAUGAGGAGGAAGGAAAAGGA', '.((.((.((...........)).))..)).......', 0.4167, -0.000547046807694305, -3.8292, 0.4006, 1.0, 0.1667]
	 ->['ACCACCAUCAACCCCAAUGAGGAGAACGGAAAAGGC', '....((.(((.......)))))..............', 0.3889, -0.0008824635297846463, -2.7345, 0.4863, 0.6, 0.3889]
	 ->['CCCACCAUCAACCCGAAUUAGGAGAUCGGAAUAGGC', '....(((((...((......)).))).)).......', 0.2222, -1.3342176518499154e-06, -4.9371, 0.4721, 0.7143, 0.2778]
	 ->['CCCACCAUAAACCCGAAUUAGGAUAUCGGAAUAGGG', '(((.(((((...((......)).))).))....)))', 0.1944, -2.5968345092805803e-07, -5.1458, 0.5153, 0.7, 0.2222]
	 ->['CCCACCAUAAUCCCGAAUUAGGAUAUCGGAAUAGGG', '(((.((...((((.......))))...))....)))', 0.1667, -4.285229444979167e-08, -6.2562, 0.4014, 0.7778, 0.2778]
	 >>> Resetting the solution to avoid local optima.
	 ->['ACCACCACCAACCACAAAGAGGAGGAAGGAAAAGGA', '.((.((.((...........)).))..)).......', 0.4167, -0.0006013949554065783, -3.7708, 0.3925, 1.0, 0.1667]
	 ->['ACCAUGACCAACCACAAAGCGGAGGAAUAUACAGGU', '.......((..((.......)).))...........', 0.1389, -0.00013088169139099817, -2.5107, 0.373, 1.0, 0.2778]
	 ->['ACCAUGACUAACCACGAAGCGGGAGAUUAUACAGGU', '(((((((((..((.......)).)).))))...)))', 0.1111, -6.61218852855399e-06, -3.7506, 0.3868, 0.4545, 0.2222]
	 >>> Resetting the solution to avoid local optima.
	 ->['ACCACCACCAACCACAAAGAGGAGGAAGGAAAAGGA', '.((.((.((...........)).))..)).......', 0.4167, -0.0006013949554065783, -3.7708, 0.3925, 1.0, 0.1667]
	 ->['ACCACCACCCACCCCGAAGAGGAGGAAGGAAAAGGA', '.((....((..((((.....)).))..))....)).', 0.3611, -9.83906428906315e-06, -7.1057, 0.4458, 1.0, 0.1111]
	 ->['ACCACGACCCACCCCGACGAGGAGGAACGACUAGGA', '.((........((((.....)).))........)).', 0.3056, -9.511375516954134e-05, -5.0074, 0.4299, 1.0, 0.2222]
	 ->['UCCCGGACCCAGCUUGAUGAGUCGGCCCCUGACGGA', '....((..((.((((...)))).))..)).......', 0.1944, -1.1157250000685239e-07, -7.5664, 0.4768, 0.625, 0.2222]
	 ->['UCCUGGACCCAGUUUGUUGAAUCGGUGCCUGAUGGA', '(((.((..((.((((...)))).))..))....)))', 0.1667, -1.0114289099587195e-07, -5.8269, 0.3578, 0.5455, 0.1667]
	 >>> Resetting the solution to avoid local optima.
	 ->['ACCACCACCAACCACAAAGAGGAGGAAGGAAAAGGA', '.((.((.((...........)).))..)).......', 0.4167, -0.0006013949554065783, -3.7708, 0.3925, 1.0, 0.1667]
	 ->['ACCACCACCAACUACAAAGAGGAGGAAGGAACAGGA', '....((.((..((......))..))..)).......', 0.1944, -3.104899622610953e-05, -3.6974, 0.4043, 0.8333, 0.2222]
	 >>> Resetting the solution to avoid local optima.
	 ->['ACCACCACCAACCACAAAGAGGAGGAAGGAAAAGGA', '.((.((.((...........)).))..)).......', 0.4167, -0.0006013949554065783, -3.7708, 0.3925, 1.0, 0.1667]
	 ->['ACCACCACCAACCACAAAGAGGAGGAAGGAAAAGGA', '.((.((.((...........)).))..)).......', 0.4167, -0.0006013949554065783, -3.7708, 0.3925, 1.0, 0.1667]
	 ->['ACCACCACCACCCGCGAAGAGGAGGAAGGAAAAGGA', '.((....((..((.(......).))..))....)).', 0.3333, -0.00026243070104469416, -5.4819, 0.3702, 1.0, 0.1111]
	 ->['ACCACCACCACCCGCGAAGAGGAGGAUGGAAAAGGA', '....(((((.(((.....).)).)).))).......', 0.25, -8.592141525270605e-06, -7.7892, 0.401, 0.875, 0.2222]
	 ->['ACCACCACCACCCGUGAAAAGGAGGAUGGAAAAGGA', '....(((((.((........)).)).))).......', 0.2222, -1.050231555762627e-06, -7.2846, 0.3988, 0.8571, 0.2778]
	 ->['ACCACCACCACCCGUGAAAAGGGGGAUGGAAAAGGA', '....(((((.(((.......))))).))).......', 0.1389, -1.6173558040089723e-08, -11.0567, 0.3038, 0.875, 0.2778]
	 >>> Resetting the solution to avoid local optima.
	 ->['ACCACCACCAACCACAAAGAGGAGGAAGGAAAAGGA', '.((.((.((...........)).))..)).......', 0.4167, -0.0006013949554065783, -3.7708, 0.3925, 1.0, 0.1667]
	 ->['ACCACCACCAACCACAAAGAGGAGGAAGGAAAAGGA', '.((.((.((...........)).))..)).......', 0.4167, -0.0006013949554065783, -3.7708, 0.3925, 1.0, 0.1667]
	 ->['ACCCCCACCAACCACAUAGCGGAGGAAGGAAAAGGA', '...((..((..((.......)).))..)).......', 0.1944, -0.0012041809468959141, -4.6429, 0.3981, 1.0, 0.2222]
	 ->['GCCCCCACGAGGCGAGGAUCGUAUGACGGAAGAGGA', '....((.....((((...)))).....)).......', 0.1389, -1.286161245490528e-07, -5.7788, 0.4656, 0.6667, 0.2778]
	 ->['GCCCCAGCUAGGCGAGUUUCGUAGGACUGAUGAGGA', '....(((((..((((...)))).)).))).......', 0.1111, -1.7825149718124754e-09, -7.2159, 0.2812, 0.5556, 0.2222]
	 >>> Resetting the solution to avoid local optima.
	 ->['AGGAGGAGGAAGGAGAAACACCACCAACCAAAACCA', '.((....((..((.(......).))..))....)).', 0.3333, -0.0007543586925342024, -4.0311, 0.4203, 1.0, 0.1111]
	 ->['AGGAGGAGGAAGGAGAAACACCACCAACCAAAACCA', '.((....((..((.(......).))..))....)).', 0.3333, -0.0007543586925342024, -4.0311, 0.4203, 1.0, 0.1111]
	 ->['CGGAGUAGGAAGGCUAGUGGCCACCAAGCAAAUCCA', '.(((((..(..((((...))))..)..))...))).', 0.1389, -4.7160010093541855e-08, -7.8972, 0.2709, 0.7, 0.1667]
	 >>> Resetting the solution to avoid local optima.
	 ->['AGGAGGAGGAAGGAGAAACACCACCAACCAAAACCA', '.((....((..((.(......).))..))....)).', 0.3333, -0.0007543586925342024, -4.0311, 0.4203, 1.0, 0.1111]
	 ->['AGGAGGAGGAAGGAGAAACACCACCAACCAAAACCA', '.((....((..((.(......).))..))....)).', 0.3333, -0.0007543586925342024, -4.0311, 0.4203, 1.0, 0.1111]
	 ->['AGGAGGAUGAAGGAGAAACGCCACGAACCAAGACCA', '....((.....((.......)).....)).......', 0.1389, -0.0015341311885706968, -2.1936, 0.3702, 1.0, 0.2778]
	 >>> Resetting the solution to avoid local optima.
	 ->['ACCACCACCAACCACAAAGAGGAGGAAGGAAAAGGA', '.((.((.((...........)).))..)).......', 0.4167, -0.0006013949554065783, -3.7708, 0.3925, 1.0, 0.1667]
	 ->['ACCACCACCAACCACAAAGAGGAGGAAGGAAAAGGA', '.((.((.((...........)).))..)).......', 0.4167, -0.0006013949554065783, -3.7708, 0.3925, 1.0, 0.1667]
	 ->['ACCACCACCACCCACAAAGAGGAGGAAGGAAAAGGA', '....((..(..((.......))..)..)).......', 0.1667, -0.00022428261086529307, -4.5787, 0.3543, 1.0, 0.2222]
	 ->['ACCACCAGCACCAUACGGUAUGGGCACGGAGUAGGA', '....((.((.(((((...)))))))..)).......', 0.1111, -1.0778776756595483e-07, -8.0877, 0.3224, 0.6667, 0.2222]
	 >>> Resetting the solution to avoid local optima.
	 ->['AGGAGGAGGAAGGAGAAACACCACCAACCAAAACCA', '.((....((..((.(......).))..))....)).', 0.3333, -0.0007543586925342024, -4.0311, 0.4203, 1.0, 0.1111]
	 ->['AGGAGGAGGAAGGAGAAACACCACCAACCAAAACCA', '.((....((..((.(......).))..))....)).', 0.3333, -0.0007543586925342024, -4.0311, 0.4203, 1.0, 0.1111]
	 ->['AGGAGGACCAAGCAGAAUCAGCAGGAACCGUUACCA', '....((.((..((.......)).))..)).......', 0.0833, -0.0029692694495592723, -3.6866, 0.2592, 1.0, 0.1667]
	 >>> Resetting the solution to avoid local optima.
	 ->['ACCACCACCAACCACAAAGAGGAGGAAGGAAAAGGA', '.((.((.((...........)).))..)).......', 0.4167, -0.0006013949554065783, -3.7708, 0.3925, 1.0, 0.1667]
	 ->['ACCACCACCGACCACAAAGAGGAGGAAGGAAAAGGA', '.((....((..((.(......).))..))....)).', 0.3333, -0.0006835491647134134, -4.9919, 0.3971, 1.0, 0.1111]
	 ->['ACCACCGACGACCACAGAGAGGAGUAAGGACCCGGA', '....((.((..((.......)).))..)).......', 0.0833, -0.002501705614281084, -3.6922, 0.3993, 0.8333, 0.1667]
	 >>> Resetting the solution to avoid local optima.
	 ->['ACCACCACCAACCACAAAGAGGAGGAAGGAAAAGGA', '.((.((.((...........)).))..)).......', 0.4167, -0.0006013949554065783, -3.7708, 0.3925, 1.0, 0.1667]
	 ->['ACCACCACCAACCACAAAGAGGAGGACGGAAAAGGA', '.((....((..((.(......).))..))....)).', 0.3333, -0.0003759481398958482, -4.2603, 0.393, 1.0, 0.1111]
	 ->['ACCUGCACCAACCACAUAGAGGAGGACGUAAAAGGU', '((((((..(..((.......))..)..))...))))', 0.1667, -1.2033842389781259e-05, -4.8816, 0.3529, 0.6667, 0.2222]
	 ->['GCCCGCACCACCUAUACUAUAGAGGACGUACCAGGU', '(((.((..(..((((...))))..)..))....)))', 0.1389, -1.1372286849758452e-06, -3.8355, 0.4114, 0.5, 0.1667]
	 >>> Resetting the solution to avoid local optima.
	 ->['ACCACCACCAACCACAAAGAGGAGGAAGGAAAAGGA', '.((.((.((...........)).))..)).......', 0.4167, -0.0006013949554065783, -3.7708, 0.3925, 1.0, 0.1667]
	 ->['ACCACCACCAACCACAGAGAGGAGGAAGGAAAAGGA', '.((.((.((...........)).))..)).......', 0.4167, -0.0005854755688531427, -3.7873, 0.3961, 1.0, 0.1667]
	 ->['ACGACCACCAACCACAGAGAGGAGGAAGGAAAAUGA', '.(..((.((...........)).))..)........', 0.3889, -1.9817106213988505e-05, -3.2741, 0.4115, 1.0, 0.2222]
	 ->['CCGGCCACGAACCACUGAGAGGAUGAAGGAACCUGG', '((((((.....((.......)).....))...))))', 0.1389, -2.1989525808299523e-07, -4.0483, 0.3586, 0.875, 0.2778]
	 >>> Resetting the solution to avoid local optima.
	 ->['ACCACCACCAACCACAAAGAGGAGGAAGGAAAAGGA', '.((.((.((...........)).))..)).......', 0.4167, -0.0006013949554065783, -3.7708, 0.3925, 1.0, 0.1667]
	 ->['ACCACCACCAACCACAAAGAGGAGGAAGGAAAAGGA', '.((.((.((...........)).))..)).......', 0.4167, -0.0006013949554065783, -3.7708, 0.3925, 1.0, 0.1667]
	 ->['ACCACCACCAACCACAAAGAGGAGGAAGGAAAGGGA', '.((.((..(..((.......))..)..))...))..', 0.2222, -0.00011302657057138004, -4.8011, 0.3988, 1.0, 0.1667]
	 ->['ACAGCCACCAACCACAAAGAGGAGGAAGGAUAUUGA', '....((..(..((.......))..)..)).......', 0.1667, -4.9000592007787395e-05, -3.4162, 0.3747, 1.0, 0.2222]
	 ->['CCAGCCACCAUGAACGGCGUUUAGGACGGACAGUGU', '....((.((.(((((...)))))))..)).......', 0.1111, -3.5496550122830516e-08, -5.1723, 0.4982, 0.5556, 0.2222]
	 ->['GGAGUCAUCGUGUACGCGGUAUAGAAGGAAUUCUCG', '.(((((.((.(((((...)))))))..))...))).', 0.0833, -1.0582468985037807e-08, -5.9182, 0.456, 0.4167, 0.1667]
	 >>> Resetting the solution to avoid local optima.
	 ->['ACCACCACCAACCACAAAGAGGAGGAAGGAAAAGGA', '.((.((.((...........)).))..)).......', 0.4167, -0.0006013949554065783, -3.7708, 0.3925, 1.0, 0.1667]
	 ->['ACCACCACCAACCACAAAGAGGAGGAAGGAAAAGGA', '.((.((.((...........)).))..)).......', 0.4167, -0.0006013949554065783, -3.7708, 0.3925, 1.0, 0.1667]
	 ->['CCCAGCACCAACCACACAGAGGAGGAAGUAAAAGGA', '....((..(..((.......))..)..)).......', 0.1667, -0.0009275215065208046, -2.4038, 0.3461, 0.8, 0.2222]
	 ->['CCCAGCACCAACCACACAGAGGAGGAAGUAAAAGGG', '(((.((..(..((.......))..)..))....)))', 0.1389, -0.0001440413129565303, -3.5516, 0.3234, 0.875, 0.1667]
	 >>> Resetting the solution to avoid local optima.
	 ->['AGGAGGAGGAAGGAGAAACACCACCAACCAAAACCA', '.((....((..((.(......).))..))....)).', 0.3333, -0.0007543586925342024, -4.0311, 0.4203, 1.0, 0.1111]
	 ->['AGGAGGAGGAAGGAGAAACACCACCAACCAAGACCA', '.((....((..((.(......).))..))....)).', 0.3333, -0.0007540342151641782, -4.0314, 0.4203, 1.0, 0.1111]
	 ->['UGGGGGGAGCCAGUGAGACACUACUAACCAUGACCA', '...((..((..((((...)))).))..)).......', 0.1944, -6.744621923071776e-07, -6.4575, 0.2857, 0.625, 0.2222]
	 ->['UGGGGGGAGCGAGUGAGCCACUACUAACCAUGCCCA', '((((((.....((((...)))).....))...))))', 0.1389, -2.7630226790965797e-08, -9.5267, 0.4052, 0.7, 0.2778]
	 ->['UGGGGGGAGCGAGUGAGCCACUACUAACCAUGCCCG', '.(((((.....((((...)))).....))...))).', 0.1111, -3.9345069444902293e-08, -9.3088, 0.415, 0.7778, 0.2222]
	 >>> Resetting the solution to avoid local optima.
	 ->['ACCACCACCAACCACAAAGAGGAGGAAGGAAAAGGA', '.((.((.((...........)).))..)).......', 0.4167, -0.0006013949554065783, -3.7708, 0.3925, 1.0, 0.1667]
	 ->['ACCACCGCCAACCACAAUGAGGAGGAAGGAAGAGGA', '.((.((.((...........)).))..)).......', 0.4167, -0.00043326889213165344, -4.7729, 0.4147, 1.0, 0.1667]
	 ->['CCCACCGCCAUCCACAAUGAGGAGGAAGGAAGAGGA', '.((....((.(((.(......).))).))....)).', 0.3611, -1.104313651548841e-05, -7.6345, 0.431, 0.875, 0.1667]
	 ->['CCCGCCGCGAUCCACAAUGAGGAUGAAGGAAGAGGA', '(((.((...((((.......))))...))..).)).', 0.2778, -1.474714613186431e-07, -7.6945, 0.3877, 0.7778, 0.2778]
	 >>> Resetting the solution to avoid local optima.
	 ->['ACCACCACCAACCACAAAGAGGAGGAAGGAAAAGGA', '.((.((.((...........)).))..)).......', 0.4167, -0.0006013949554065783, -3.7708, 0.3925, 1.0, 0.1667]
	 ->['ACCACCACCAACCUCAAAGAGGGGGCAGGAAAAGGA', '....((..(..((((...))))..)..)).......', 0.1667, -1.1348780553829766e-05, -8.2177, 0.331, 0.8571, 0.2222]
	 ->['ACGAGCGCCAACUUCCAAGAAGGGGCAGUAAGACGA', '....(((((..((((...)))).))).)).......', 0.1111, -1.0882671397001867e-07, -7.9818, 0.3018, 0.6667, 0.2222]
	 >>> Resetting the solution to avoid local optima.
	 ->['AGGAGGAGGAAGGAGAAACACCACCAACCAAAACCA', '.((....((..((.(......).))..))....)).', 0.3333, -0.0007543586925342024, -4.0311, 0.4203, 1.0, 0.1111]
	 ->['AGGAGGAGGAAGGAGAAACACCACCAACCAAAACCA', '.((....((..((.(......).))..))....)).', 0.3333, -0.0007543586925342024, -4.0311, 0.4203, 1.0, 0.1111]
	 ->['ACGAGGAGGAAGGAGAAACACCACCAACCAAAACGA', '....((..(..((.......))..)..)).......', 0.1667, -0.00031703461190241345, -3.2654, 0.3805, 1.0, 0.2222]
	 ->['GCGAAGCGGAAGGAGACACACCACCAACUACAACGA', '.......((..((.......)).))...........', 0.1389, -0.0001368883089289222, -2.283, 0.3955, 1.0, 0.2778]
	 ->['GCGAAGCGGACGCACACAGAGCACCGACUACAACGA', '....(((((..((.......)).))).)).......', 0.1111, -2.1458034926565567e-06, -5.1442, 0.2621, 0.8571, 0.2222]




RNA sequences found with GC-content <= 0.48:

RNA sequences found with GC-content > 0.48:
@@ UGCAGCAGAAAGGGGAAACGCCGUCGAGCCAAAGCG 0.8888888888888888
@@ UGCAGCAGAAAGGGGUAACGCCGUCGAGCCAAAGCG 0.8888888888888888
@@ UGCAGCAGAAAGGGGUAACGCCGUCGAGCCAUAGCG 0.8888888888888888
@@ UGCAGCAGAAAGGGGCAACGCCGUCGAGCCAUAGCG 0.8888888888888888
@@ UGCAGCAGAAAGGGGCAACGCCGUCGAGCCAGAGCG 0.8888888888888888
@@ UGCAGCAGAAAGGGGCACCGCCGUCGAGCCAGAGCG 0.8888888888888888


Elapsed time:                   86400.01127934456 secs.
Number of function evaluations: 68178630
----------------------------------------------------------------------


---------------------------------------
 FINISHED SUCCESSFULLY 
---------------------------------------
