
-----------------------------------------------------------------------
   _____ _____  ______ ______ _____             _____  _   _           
  / ____|  __ \|  ____|  ____|  __ \           |  __ \| \ | |   /\     
 | |  __| |__) | |__  | |__  | |  | |  ______  | |__) |  \| |  /  \    
 | | |_ |  _  /|  __| |  __| | |  | | |______| |  _  /| . ` | / /\ \   
 | |__| | | \ \| |____| |____| |__| |          | | \ \| |\  |/ ____ \  
  \_____|_|  \_\______|______|_____/           |_|  \_\_| \_/_/    \_\ 
       
                                       -- A. Rubio-Largo et al. 2023
-----------------------------------------------------------------------

------------------------------------------------------------------------------------------------------------------
CONFIGURATION: 

 * TARGET:           (((((......)))))
 * STOPPING:         86400 secs.
 * SEED:             9
 * NO. OF SOLUTIONS: 1
 * max. GC-cont.:    0.48
 * MODEL:            TURNER2004
 * MUTATION PROB:    0.01
 * STAGNATION LIMIT: 50
------------------------------------------------------------------------------------------------------------------


 (1) Let's minimize the base-pair distance between predicted and target structures
    -> Min(Base-pair distance), min(Hamming distance), max(probability over ensemble), min(partition function), min(ensemble defect), min(%GC-content)


	 ->['GGGGGAAAAAACCCCC', '(((((......)))))', 0.0, -0.9087370838545498, -8.959, 0.0372, 1.0, 0.0]


    -> Found sequence! Elapsed time:                   0.013334512710571289 secs.


 (2) We found a sequence that folds exactly like the target structure. Let's minimize the GC-content
    -> ORDER: Min(Base-pair distance), min(Hamming distance), min(GC-content), min(partition function), min(ensemble defect), max(probability over ensemble))


	 >>> Resetting the solution to avoid local optima.
	 ->['CCCCCAAAAAAGGGGG', '(((((......)))))', 0.0, -0.9384032730048696, -9.3392, 0.0084, 1.0, 0.0]
	 ->['CUCCCAUAAGAGGGAG', '(((((......)))))', 0.0, -0.9195314344157433, -7.2517, 0.0063, 0.8, 0.0]
	 ->['CUCCUAUAAAAAGGAG', '(((((......)))))', 0.0, -0.8655511439265338, -5.089, 0.0138, 0.6, 0.0]


    -> Finished!! Elaapsed time:                   0.03000020980834961 secs.




RNA sequences found with GC-content <= 0.48:
## CUUCUAUAAAAAGGAG 0.4

RNA sequences found with GC-content > 0.48:
@@ GGGGGAAAAAACCCCC 1.0
@@ GGGGCAAAAAAGCCCC 1.0
@@ CUCCCAAAAAAGGGAG 0.8
@@ CUCCCAUAAAAGGGAG 0.8
@@ CUCCCAUAAGAGGGAG 0.8
@@ CUCCUAUAAGAAGGAG 0.6
@@ CUCCUAUAAAAAGGAG 0.6


Elapsed time:                   0.03010272979736328 secs.
Number of function evaluations: 22
----------------------------------------------------------------------


---------------------------------------
 FINISHED SUCCESSFULLY 
---------------------------------------
