
-----------------------------------------------------------------------
   _____ _____  ______ ______ _____             _____  _   _           
  / ____|  __ \|  ____|  ____|  __ \           |  __ \| \ | |   /\     
 | |  __| |__) | |__  | |__  | |  | |  ______  | |__) |  \| |  /  \    
 | | |_ |  _  /|  __| |  __| | |  | | |______| |  _  /| . ` | / /\ \   
 | |__| | | \ \| |____| |____| |__| |          | | \ \| |\  |/ ____ \  
  \_____|_|  \_\______|______|_____/           |_|  \_\_| \_/_/    \_\ 
       
                                       -- A. Rubio-Largo et al. 2023
-----------------------------------------------------------------------

------------------------------------------------------------------------------------------------------------------
CONFIGURATION: 

 * TARGET:           (((((......)))))
 * STOPPING:         86400 secs.
 * SEED:             1
 * NO. OF SOLUTIONS: 1
 * max. GC-cont.:    0.48
 * MODEL:            TURNER2004
 * MUTATION PROB:    0.01
 * STAGNATION LIMIT: 50
------------------------------------------------------------------------------------------------------------------


 (1) Let's minimize the base-pair distance between predicted and target structures
    -> Min(Base-pair distance), min(Hamming distance), max(probability over ensemble), min(partition function), min(ensemble defect), min(%GC-content)


	 ->['CCCCCAAAAAAGGGGG', '(((((......)))))', 0.0, -0.9384032730048696, -9.3392, 0.0084, 1.0, 0.0]


    -> Found sequence! Elapsed time:                   0.01271367073059082 secs.


 (2) We found a sequence that folds exactly like the target structure. Let's minimize the GC-content
    -> ORDER: Min(Base-pair distance), min(Hamming distance), min(GC-content), min(partition function), min(ensemble defect), max(probability over ensemble))


	 >>> Resetting the solution to avoid local optima.
	 ->['CCCCCAAAAAAGGGGG', '(((((......)))))', 0.0, -0.9384032730048696, -9.3392, 0.0084, 1.0, 0.0]
	 ->['CGCCCGAAAAAGGGUG', '(((((......)))))', 0.0, -0.847450020387594, -7.502, 0.0108, 0.8, 0.0]
	 ->['UGCCCGAAAAAGGGUA', '(((((......)))))', 0.0, -0.564759114428255, -6.8521, 0.0306, 0.6, 0.0]


    -> Finished!! Elaapsed time:                   0.028881549835205078 secs.




RNA sequences found with GC-content <= 0.48:
## UGACCGAAAAAGGUUA 0.4
## UGACCGAAACAGGUUA 0.4

RNA sequences found with GC-content > 0.48:
@@ CCCCCAAAAAAGGGGG 1.0
@@ GCCCCAAAAAAGGGGC 1.0
@@ CGCCCAAAAAAGGGUG 0.8
@@ CGCCCGAAAAAGGGUG 0.8
@@ UGCCCGAAAAAGGGUA 0.6


Elapsed time:                   0.02897167205810547 secs.
Number of function evaluations: 22
----------------------------------------------------------------------


---------------------------------------
 FINISHED SUCCESSFULLY 
---------------------------------------
