
-----------------------------------------------------------------------
   _____ _____  ______ ______ _____             _____  _   _           
  / ____|  __ \|  ____|  ____|  __ \           |  __ \| \ | |   /\     
 | |  __| |__) | |__  | |__  | |  | |  ______  | |__) |  \| |  /  \    
 | | |_ |  _  /|  __| |  __| | |  | | |______| |  _  /| . ` | / /\ \   
 | |__| | | \ \| |____| |____| |__| |          | | \ \| |\  |/ ____ \  
  \_____|_|  \_\______|______|_____/           |_|  \_\_| \_/_/    \_\ 
       
                                       -- A. Rubio-Largo et al. 2023
-----------------------------------------------------------------------

------------------------------------------------------------------------------------------------------------------
CONFIGURATION: 

 * TARGET:           ....(((((((((.((....))).)).).)))))....
 * STOPPING:         86400 secs.
 * SEED:             4
 * NO. OF SOLUTIONS: 1
 * max. GC-cont.:    0.48
 * MODEL:            TURNER2004
 * MUTATION PROB:    0.01
 * STAGNATION LIMIT: 50
------------------------------------------------------------------------------------------------------------------


 (1) Let's minimize the base-pair distance between predicted and target structures
    -> Min(Base-pair distance), min(Hamming distance), max(probability over ensemble), min(partition function), min(ensemble defect), min(%GC-content)


	 ->['AAAACCCCCCCCCACCAAAAGGGAGGAGAGGGGGAAAA', '....((((((((..((....))..)).).)))))....', 0.0263, -0.03054735612866207, -16.95, 0.1807, 1.0, 0.0526]
	 >>> Resetting the solution to avoid local optima.
	 ->['AAAACCCCCCCCCACCAAAAGGGAGGAGAGGGGGAAAA', '....((((((((..((....))..)).).)))))....', 0.0263, -0.03054735612866207, -16.95, 0.1807, 1.0, 0.0526]
	 >>> Resetting the solution to avoid local optima.
	 ->['AAAACCCCCCCCCACCAAAAGGGAGGAGAGGGGGAAAA', '....((((((((..((....))..)).).)))))....', 0.0263, -0.03054735612866207, -16.95, 0.1807, 1.0, 0.0526]
	 >>> Resetting the solution to avoid local optima.
	 ->['AAAAGGGGGGGGGAGGAAAACCCACCACACCCCCAAAA', '....((((((((..((....))..)).).)))))....', 0.0263, -0.030932640803725712, -16.9423, 0.1634, 1.0, 0.0526]
	 >>> Resetting the solution to avoid local optima.
	 ->['AAAAGGGGGGGGGAGGAAAACCCACCACACCCCCAAAA', '....((((((((..((....))..)).).)))))....', 0.0263, -0.030932640803725712, -16.9423, 0.1634, 1.0, 0.0526]
	 >>> Resetting the solution to avoid local optima.
	 ->['AAAAGGGGGGGGGAGGAAAACCCACCACACCCCCAAAA', '....((((((((..((....))..)).).)))))....', 0.0263, -0.030932640803725712, -16.9423, 0.1634, 1.0, 0.0526]
	 >>> Resetting the solution to avoid local optima.
	 ->['AAAAGGGGGGGGGAGGAAAACCCACCACACCCCCAAAA', '....((((((((..((....))..)).).)))))....', 0.0263, -0.030932640803725712, -16.9423, 0.1634, 1.0, 0.0526]
	 >>> Resetting the solution to avoid local optima.
	 ->['AAAACCCCCCCCCACCAAAAGGGAGGAGAGGGGGAAAA', '....((((((((..((....))..)).).)))))....', 0.0263, -0.03054735612866207, -16.95, 0.1807, 1.0, 0.0526]
	 >>> Resetting the solution to avoid local optima.
	 ->['AAAAGGGGGGGGGAGGAAAACCCACCACACCCCCAAAA', '....((((((((..((....))..)).).)))))....', 0.0263, -0.030932640803725712, -16.9423, 0.1634, 1.0, 0.0526]
	 >>> Resetting the solution to avoid local optima.
	 ->['AAAACCCCCCCCCACCAAAAGGGAGGAGAGGGGGAAAA', '....((((((((..((....))..)).).)))))....', 0.0263, -0.03054735612866207, -16.95, 0.1807, 1.0, 0.0526]
	 >>> Resetting the solution to avoid local optima.
	 ->['AAAACCCCCCCCCACCAAAAGGGAGGAGAGGGGGAAAA', '....((((((((..((....))..)).).)))))....', 0.0263, -0.03054735612866207, -16.95, 0.1807, 1.0, 0.0526]
	 >>> Resetting the solution to avoid local optima.
	 ->['AAAACCCCCCCCCACCAAAAGGGAGGAGAGGGGGAAAA', '....((((((((..((....))..)).).)))))....', 0.0263, -0.03054735612866207, -16.95, 0.1807, 1.0, 0.0526]
	 >>> Resetting the solution to avoid local optima.
	 ->['AAAAGGGGGGGGGAGGAAAACCCACCACACCCCCAAAA', '....((((((((..((....))..)).).)))))....', 0.0263, -0.030932640803725712, -16.9423, 0.1634, 1.0, 0.0526]
	 ->['AAAAGGCGGCCGGCGAGCAAUCCACGAGACCGCCAAAA', '....((((((((..((....))..)).).)))))....', 0.0263, -0.3001952480575539, -13.1416, 0.0524, 0.9, 0.0526]


    -> Found sequence! Elapsed time:                   6.226214647293091 secs.


 (2) We found a sequence that folds exactly like the target structure. Let's minimize the GC-content
    -> ORDER: Min(Base-pair distance), min(Hamming distance), min(GC-content), min(partition function), min(ensemble defect), max(probability over ensemble))


	 ->['AAAAGGCGGCCGGCGAGCAAUCCAUGAGACCGCCAAAA', '....(((((((((.((....))).)).).)))))....', 0.0, -0.27288131101085056, -11.0004, 0.0934, 0.8182, 0.0]
	 ->['AAAAGGCAGCCGGCGAGCAAUCCAUGAGACUGCCAUAA', '....(((((((((.((....))).)).).)))))....', 0.0, -0.261420172468133, -9.5269, 0.0954, 0.7273, 0.0]
	 ->['AGUAUGCAGCCGGCGAGUAAUCCAUGAGACUGCAAUGA', '....(((((((((.((....))).)).).)))))....', 0.0, -0.17974995707041266, -7.3577, 0.1294, 0.6364, 0.0]
	 ->['UGUGAGUAGCCGGCGAGUAAUCCAUGAGACUGCUAUAU', '....(((((((((.((....))).)).).)))))....', 0.0, -0.08001621220709257, -6.1565, 0.3523, 0.5455, 0.0]


    -> Finished!! Elaapsed time:                   6.346457004547119 secs.




RNA sequences found with GC-content <= 0.48:
## UGUGAGUAUCCGGCGAGUAAUCCAUGAGAAUGCUAUAU 0.45454545454545453

RNA sequences found with GC-content > 0.48:
@@ AAAAGGCGGCCGGCGAGCAAUCCAUGAGACCGCCAAAA 0.8181818181818181
@@ AAAAGGCUGCCGGCGAGCAAUCCAUGAGACAGCCAAAA 0.7272727272727273
@@ AAAAGGCAGCCGGCGAGCAAUCCAUGAGACUGCCAAAA 0.7272727272727273
@@ AAAAGGCAGCCGGCGAGCAAUCCAUGAGACUGCCAUAA 0.7272727272727273
@@ AAAAUGCAGCCGGCGAGCAAUCCAUGAGACUGCAAUAA 0.6363636363636364
@@ AAAAUGCAGCCGGCGAGCAAUCCAUGAGACUGCAAUGA 0.6363636363636364
@@ AAAAUGCAGCCGGCGAGUAAUCCAUGAGACUGCAAUGA 0.6363636363636364
@@ AAUAUGCAGCCGGCGAGUAAUCCAUGAGACUGCAAUGA 0.6363636363636364
@@ AGUAUGCAGCCGGCGAGUAAUCCAUGAGACUGCAAUGA 0.6363636363636364
@@ AGUAUGUAGCCGGCGAGUAAUCCAUGAGACUGCAAUGA 0.5454545454545454
@@ AGUAAGUAGCCGGCGAGUAAUCCAUGAGACUGCUAUGA 0.5454545454545454
@@ AGUGAGUAGCCGGCGAGUAAUCCAUGAGACUGCUAUGA 0.5454545454545454
@@ AGUGAGUAGCCGGCGAGUAAUCCAUGAGACUGCUAUAA 0.5454545454545454
@@ AGUGAGUAGCCGGCGAGUAAUCCAUGAGACUGCUAUAU 0.5454545454545454
@@ UGUGAGUAGCCGGCGAGUAAUCCAUGAGACUGCUAUAU 0.5454545454545454


Elapsed time:                   6.3468098640441895 secs.
Number of function evaluations: 5983
----------------------------------------------------------------------


---------------------------------------
 FINISHED SUCCESSFULLY 
---------------------------------------
