
-----------------------------------------------------------------------
   _____ _____  ______ ______ _____             _____  _   _           
  / ____|  __ \|  ____|  ____|  __ \           |  __ \| \ | |   /\     
 | |  __| |__) | |__  | |__  | |  | |  ______  | |__) |  \| |  /  \    
 | | |_ |  _  /|  __| |  __| | |  | | |______| |  _  /| . ` | / /\ \   
 | |__| | | \ \| |____| |____| |__| |          | | \ \| |\  |/ ____ \  
  \_____|_|  \_\______|______|_____/           |_|  \_\_| \_/_/    \_\ 
       
                                       -- A. Rubio-Largo et al. 2023
-----------------------------------------------------------------------

------------------------------------------------------------------------------------------------------------------
CONFIGURATION: 

 * TARGET:           ((....)).((....)).((....)).((....))
 * STOPPING:         86400 secs.
 * SEED:             1
 * NO. OF SOLUTIONS: 1
 * max. GC-cont.:    0.48
 * MODEL:            TURNER2004
 * MUTATION PROB:    0.01
 * STAGNATION LIMIT: 50
------------------------------------------------------------------------------------------------------------------


 (1) Let's minimize the base-pair distance between predicted and target structures
    -> Min(Base-pair distance), min(Hamming distance), max(probability over ensemble), min(partition function), min(ensemble defect), min(%GC-content)


	 ->['CCAAAAGGACCAAAAGGACCAAAAGGACCAAAAGG', '((....((.((....)).))....)).........', 0.2857, -0.0012081297858343907, -4.7409, 0.2666, 1.0, 0.2286]
	 ->['CCAAAAGGAGCAAAAGCACCAAAAGGACCAAAAGG', '((....((.((....)).))....)).........', 0.2857, -0.005037513733629457, -4.3609, 0.2767, 1.0, 0.2286]
	 >>> Resetting the solution to avoid local optima.
	 ->['CCAAAAGGACCAAAAGGACCAAAAGGACCAAAAGG', '((....((.((....)).))....)).........', 0.2857, -0.0012081297858343907, -4.7409, 0.2666, 1.0, 0.2286]
	 ->['CCAAAAGGGCCAAAAGGAGCAAAAGUACCAAAAGG', '((....)).......((.((....)).))......', 0.1714, -0.0037188023094718316, -3.0479, 0.2669, 0.8333, 0.2286]
	 >>> Resetting the solution to avoid local optima.
	 ->['CCAAAAGGACCAAAAGGACCAAAAGGACCAAAAGG', '((....((.((....)).))....)).........', 0.2857, -0.0012081297858343907, -4.7409, 0.2666, 1.0, 0.2286]
	 ->['CCAAAAGGACCAAAAGGACCAAAAGGACCAAAAGG', '((....((.((....)).))....)).........', 0.2857, -0.0012081297858343907, -4.7409, 0.2666, 1.0, 0.2286]
	 ->['CCAAAAGGACCAAAAGGAGCAAAAGCACCAAAAGG', '((....)).......((.((....)).))......', 0.1714, -0.005591268473760712, -4.2966, 0.2409, 1.0, 0.2286]
	 ->['CCGAAAGGACCAAAAGGAGCAAAAGCAGCAAAAGC', '((....)).((....)).((....)).........', 0.0571, -0.06841988623094755, -3.353, 0.1928, 1.0, 0.1143]


    -> Found sequence! Elapsed time:                   0.16809701919555664 secs.


 (2) We found a sequence that folds exactly like the target structure. Let's minimize the GC-content
    -> ORDER: Min(Base-pair distance), min(Hamming distance), min(GC-content), min(partition function), min(ensemble defect), max(probability over ensemble))


	 >>> Resetting the solution to avoid local optima.
	 ->['GGAAAACCAGGAAAACCAGGAAAACCAGGAAAACC', '((....((.((....)).))....)).........', 0.2857, -0.0010147985661476564, -4.3483, 0.2838, 1.0, 0.2286]
	 ->['GGAGAACCAGGGCAACCAGGACAGCCAGGCCAACC', '((....((.((....)).))....)).........', 0.2857, -0.00033781594521512746, -6.6263, 0.3756, 1.0, 0.2286]
	 >>> Resetting the solution to avoid local optima.
	 ->['CCAAAAGGACCAAAAGGACCAAAAGGACCAAAAGG', '((....((.((....)).))....)).........', 0.2857, -0.0012081297858343907, -4.7409, 0.2666, 1.0, 0.2286]
	 ->['CCACAAGGACUAGCAAGACCGAAAGGACCAAAAGG', '((....((.((....)).))....)).........', 0.2857, -0.0012808353478434835, -3.3048, 0.3058, 0.8333, 0.2286]
	 >>> Resetting the solution to avoid local optima.
	 ->['CCAAAAGGACCAAAAGGACCAAAAGGACCAAAAGG', '((....((.((....)).))....)).........', 0.2857, -0.0012081297858343907, -4.7409, 0.2666, 1.0, 0.2286]
	 ->['CCAAAAGGAACAGAAGUACCAACAGGACCAUAAGG', '((....((.((....)).))....)).........', 0.2857, -0.0012248172431917276, -3.0324, 0.2848, 0.8333, 0.2286]
	 ->['CGAAAGUGAACAGAAGUACCAACAGGACGAUAACG', '...............((.((....)))).......', 0.2286, -7.653854718836173e-06, -1.7604, 0.3555, 0.75, 0.3714]
	 >>> Resetting the solution to avoid local optima.
	 ->['CCAAAAGGACCAAAAGGACCAAAAGGACCAAAAGG', '((....((.((....)).))....)).........', 0.2857, -0.0012081297858343907, -4.7409, 0.2666, 1.0, 0.2286]
	 ->['CCAAAAGGACAAAAAUGACCAAAAGGACCAAAAGG', '((....((.((....)).))....)).........', 0.2857, -0.001127794616617939, -2.3833, 0.2903, 0.8333, 0.2286]
	 ->['CCAAAAGGACAAUAAUGACCAGAAGGCCCAGAAGG', '......((.((....)).))...............', 0.2286, -0.0010857118163561561, -2.2067, 0.2948, 0.75, 0.3429]
	 >>> Resetting the solution to avoid local optima.
	 ->['GGAAAACCAGGAAAACCAGGAAAACCAGGAAAACC', '((....((.((....)).))....)).........', 0.2857, -0.0010147985661476564, -4.3483, 0.2838, 1.0, 0.2286]
	 ->['GGAUAACCAGGAAAACCAGUAAAAACGGGUAAACC', '((....)).((...(((.((....)).)))...))', 0.2571, -5.277401955417005e-05, -4.1704, 0.3077, 0.7778, 0.1714]
	 >>> Resetting the solution to avoid local optima.
	 ->['CCAAAAGGACCAAAAGGACCAAAAGGACCAAAAGG', '((....((.((....)).))....)).........', 0.2857, -0.0012081297858343907, -4.7409, 0.2666, 1.0, 0.2286]
	 ->['CCAAAAGGACCAAAAGGACCAAGGGGACCAAUAGG', '((....((.((....)).))....)).........', 0.2857, -0.0003211132829005162, -5.4575, 0.2946, 1.0, 0.2286]
	 ->['CCGAGAGGACCAACCGGACUGGCGAGACCCAUGGG', '((....)).(((...((.((....)).))..))).', 0.2571, -2.245526892749248e-05, -6.2971, 0.498, 0.7778, 0.2286]
	 ->['CCAAGAGGACCAACCGGACUGGCGAGACCCAAGGG', '((....)).((....((.((....)).))....))', 0.2286, -0.0006550942403536242, -4.7181, 0.4297, 0.875, 0.1143]
	 >>> Resetting the solution to avoid local optima.
	 ->['GGAAAACCAGGAAAACCAGGAAAACCAGGAAAACC', '((....((.((....)).))....)).........', 0.2857, -0.0010147985661476564, -4.3483, 0.2838, 1.0, 0.2286]
	 ->['GGAAUACCAGGAAAACCAAGAAAACUAGGAAAACC', '((....)).((....((.((....)).))....))', 0.2286, -0.0006645744540244418, -2.4092, 0.2762, 0.875, 0.1143]
	 >>> Resetting the solution to avoid local optima.
	 ->['GGAAAACCAGGAAAACCAGGAAAACCAGGAAAACC', '((....((.((....)).))....)).........', 0.2857, -0.0010147985661476564, -4.3483, 0.2838, 1.0, 0.2286]
	 ->['GGAAGAUCAUGAAAACAAGGAAAGCCAGGACUACC', '((....((.((....)).))....)).........', 0.2857, -9.941380117661199e-06, -1.8993, 0.3842, 0.6667, 0.2286]
	 ->['GGAAGAUCAUGAAAUCAAGGGAAACCAGGACUACC', '..............((..((....))..)).....', 0.2286, -1.5540572438047034e-05, -3.2239, 0.4034, 0.75, 0.4]
	 ->['GCAAGAGCAUGAACUCAAGGGAGACCAGGACUACC', '((....))......((..((....))..)).....', 0.1714, -0.0006712010954129052, -4.5031, 0.3836, 0.8333, 0.2857]
	 >>> Resetting the solution to avoid local optima.
	 ->['CCAAAAGGACCAAAAGGACCAAAAGGACCAAAAGG', '((....((.((....)).))....)).........', 0.2857, -0.0012081297858343907, -4.7409, 0.2666, 1.0, 0.2286]
	 ->['CGAAACCGACCACCAGGCUCAGCGGACCCACCAGG', '...............((.((....)).))......', 0.2286, -6.175501501857056e-05, -3.5736, 0.4072, 0.75, 0.3429]
	 >>> Resetting the solution to avoid local optima.
	 ->['GGAAAACCAGGAAAACCAGGAAAACCAGGAAAACC', '((....((.((....)).))....)).........', 0.2857, -0.0010147985661476564, -4.3483, 0.2838, 1.0, 0.2286]
	 ->['GGAAAACCAGGAAAACCAGGAAAACCAGGAAAGCC', '((....((.((....)).))....)).........', 0.2857, -0.0009656388113099465, -4.5789, 0.271, 1.0, 0.2286]
	 ->['GGGUUACCAGGAUUACCAUGAGACCACGGGGUGCC', '((....)).((....((.((....)).))....))', 0.2286, -4.917900737023391e-05, -6.6139, 0.4678, 0.875, 0.1143]
	 >>> Resetting the solution to avoid local optima.
	 ->['GGAAAACCAGGAAAACCAGGAAAACCAGGAAAACC', '((....((.((....)).))....)).........', 0.2857, -0.0010147985661476564, -4.3483, 0.2838, 1.0, 0.2286]
	 ->['GGAAAACCAGGAAGACCAGGAAAACCAGGAAACCC', '((....((.((....)).))....)).........', 0.2857, -0.0012862552484781322, -4.6022, 0.2824, 1.0, 0.2286]
	 ->['GCAAUAGCAGGAAGACCGGGACAGCCAGGAAUCCC', '((....)).(((...((.((....)).))..))).', 0.2571, -6.304370824049216e-05, -6.9609, 0.3716, 0.8889, 0.2286]
	 ->['GCAUUAGCAGCAAGCGCGGGACAGCCAGGAAUCCC', '((....)).((....))((((..........))))', 0.2286, -0.0014317925782887147, -5.5362, 0.4252, 0.875, 0.2286]
	 >>> Resetting the solution to avoid local optima.
	 ->['CCAAAAGGACCAAAAGGACCAAAAGGACCAAAAGG', '((....((.((....)).))....)).........', 0.2857, -0.0012081297858343907, -4.7409, 0.2666, 1.0, 0.2286]
	 ->['CCAAAAGGACCAAGAGGACCAAACGGACCACAAGG', '((....((.((....)).))....)).........', 0.2857, -0.0008752696313774922, -4.9395, 0.2768, 1.0, 0.2286]
	 ->['CCAAAAGGACCAAGAGGACCAAACGGACCACAGGG', '((....)).((..(.((.((....)).)).)..))', 0.2571, -0.00023010113405162608, -5.6629, 0.2873, 1.0, 0.1714]
	 >>> Resetting the solution to avoid local optima.
	 ->['GGAAAACCAGGAAAACCAGGAAAACCAGGAAAACC', '((....((.((....)).))....)).........', 0.2857, -0.0010147985661476564, -4.3483, 0.2838, 1.0, 0.2286]
	 ->['GGGAAACCAGGAAAACCAGUAAGAGCAGGAAAACC', '((....)).((....((.((....)).))....))', 0.2286, -0.0032222825157317177, -3.6362, 0.2243, 0.875, 0.1143]
	 ->['GGGAGACCAGGAAUACUCGCAAGUGCAGGCAAACC', '((....)).......((.((....)))).......', 0.1714, -0.0002593261741668058, -4.5892, 0.3219, 0.8333, 0.2571]
	 ->['GGGGGACCAUGAAGAUACGCAUGUGCAGGCAGACC', '((....))..........((....)).........', 0.1143, -8.71041487750286e-06, -4.1807, 0.4634, 1.0, 0.2286]
	 >>> Resetting the solution to avoid local optima.
	 ->['CCAAAAGGACCAAAAGGACCAAAAGGACCAAAAGG', '((....((.((....)).))....)).........', 0.2857, -0.0012081297858343907, -4.7409, 0.2666, 1.0, 0.2286]
	 ->['CCAAAAGGACCAAGAGGACCAUAAGGACCAAAAGG', '((....((.((....)).))....)).........', 0.2857, -0.0010956723709228064, -4.8011, 0.2738, 1.0, 0.2286]
	 >>> Resetting the solution to avoid local optima.
	 ->['CCAAAAGGACCAAAAGGACCAAAAGGACCAAAAGG', '((....((.((....)).))....)).........', 0.2857, -0.0012081297858343907, -4.7409, 0.2666, 1.0, 0.2286]
	 ->['CCAAAAGGACCAAAAGGACCAAAAGGACCAAAAGG', '((....((.((....)).))....)).........', 0.2857, -0.0012081297858343907, -4.7409, 0.2666, 1.0, 0.2286]
	 ->['CCACCAGGGCCCAUCGGACAAUAUUGACCAAAAGG', '((....)).......((.((....)).))......', 0.1714, -0.0007164743081681154, -2.8629, 0.3133, 0.8333, 0.2286]
	 >>> Resetting the solution to avoid local optima.
	 ->['CCAAAAGGACCAAAAGGACCAAAAGGACCAAAAGG', '((....((.((....)).))....)).........', 0.2857, -0.0012081297858343907, -4.7409, 0.2666, 1.0, 0.2286]
	 ->['CCAAAAGGACCAAAAGGCCCAAAAGGACCAAAAGG', '((....((.((....)).))....)).........', 0.2857, -0.0010085919248270527, -5.2521, 0.2894, 1.0, 0.2286]
	 ->['CUCCUAAGUCCAUGAGGCACAUAAGUACCAAAAGG', '...............((.((....)).))......', 0.2286, -3.5993313537036685e-06, -2.8254, 0.3692, 0.75, 0.3429]
	 >>> Resetting the solution to avoid local optima.
	 ->['GGAAAACCAGGAAAACCAGGAAAACCAGGAAAACC', '((....((.((....)).))....)).........', 0.2857, -0.0010147985661476564, -4.3483, 0.2838, 1.0, 0.2286]
	 ->['GGAAAACCAGGAAAACCAGGAAAACCAGGAUAACC', '((....((.((....)).))....)).........', 0.2857, -0.0009694582048680135, -4.3765, 0.2847, 1.0, 0.2286]
	 ->['GGAACACCAGGAAAACCAUGAGAACGAGGAUAACC', '((....)).((....((.((....)).))....))', 0.2286, -6.542494423171521e-05, -2.438, 0.2779, 0.875, 0.1143]
	 >>> Resetting the solution to avoid local optima.
	 ->['CCAAAAGGACCAAAAGGACCAAAAGGACCAAAAGG', '((....((.((....)).))....)).........', 0.2857, -0.0012081297858343907, -4.7409, 0.2666, 1.0, 0.2286]
	 ->['CCAAAAGGACCAGAAGGACCAAAAGGACCAAAAGG', '((....((.((....)).))....)).........', 0.2857, -0.001207101359793194, -4.7414, 0.2667, 1.0, 0.2286]
	 ->['CGAAAACGACCAGCAGGACCAAAAGGACUAAAAAG', '...............((.((....)).))......', 0.2286, -0.00039018115962193624, -1.9374, 0.308, 0.75, 0.3429]
	 ->['CGCGCACGACCACGAGGACAUACAUGACGAGUACG', '.........((....))..................', 0.1714, -2.8181550595311304e-05, -1.8571, 0.4773, 1.0, 0.3429]
	 >>> Resetting the solution to avoid local optima.
	 ->['CCAAAAGGACCAAAAGGACCAAAAGGACCAAAAGG', '((....((.((....)).))....)).........', 0.2857, -0.0012081297858343907, -4.7409, 0.2666, 1.0, 0.2286]
	 ->['CCAAUAGGACCAAAAGGACCAAAAGGACCAAAAGG', '((....((.((....)).))....)).........', 0.2857, -0.0011003261841383155, -4.7985, 0.2733, 1.0, 0.2286]
	 ->['GCAGUAGCACCAAAAGGACCAAAAGGACCAAAAGG', '((....)).......((.((....)).))......', 0.1714, -0.0034881373246994753, -4.7874, 0.2186, 1.0, 0.2286]
	 >>> Resetting the solution to avoid local optima.
	 ->['GGAAAACCAGGAAAACCAGGAAAACCAGGAAAACC', '((....((.((....)).))....)).........', 0.2857, -0.0010147985661476564, -4.3483, 0.2838, 1.0, 0.2286]
	 ->['GGAAAACCAGGAAAACCAGGAACACCAGGAACACC', '((....((.((....)).))....)).........', 0.2857, -0.0010066547184811592, -4.3533, 0.284, 1.0, 0.2286]
	 ->['GGAAAACCAGGAAAACCAUGAACACGAGGGACACC', '((....)).((....((.((....)).))....))', 0.2286, -0.00020786273787002084, -3.1256, 0.2606, 0.875, 0.1143]
	 >>> Resetting the solution to avoid local optima.
	 ->['CCAAAAGGACCAAAAGGACCAAAAGGACCAAAAGG', '((....((.((....)).))....)).........', 0.2857, -0.0012081297858343907, -4.7409, 0.2666, 1.0, 0.2286]
	 >>> Resetting the solution to avoid local optima.
	 ->['CCAAAAGGACCAAAAGGACCAAAAGGACCAAAAGG', '((....((.((....)).))....)).........', 0.2857, -0.0012081297858343907, -4.7409, 0.2666, 1.0, 0.2286]
	 ->['CCAAUAGGACCAACAGGACCAAAAGGACCAAAAGG', '((....((.((....)).))....)).........', 0.2857, -0.0010898527359524313, -4.8044, 0.274, 1.0, 0.2286]
	 >>> Resetting the solution to avoid local optima.
	 ->['CCAAAAGGACCAAAAGGACCAAAAGGACCAAAAGG', '((....((.((....)).))....)).........', 0.2857, -0.0012081297858343907, -4.7409, 0.2666, 1.0, 0.2286]
	 ->['CCAUACGGAUCGGAAGACCCAAGAGGAUCGAGAGG', '((....((.((....)).))....)).........', 0.2857, -3.3669283163958683e-05, -4.5474, 0.4154, 0.8333, 0.2286]
	 ->['CCAUACGGAUCGGAAGACCAAAGAUGGUCGAGAGG', '((....)).((....(((((....)))))..))..', 0.2571, -3.2610311716990227e-09, -7.7437, 0.3482, 0.6667, 0.2857]
	 >>> Resetting the solution to avoid local optima.
	 ->['CCAAAAGGACCAAAAGGACCAAAAGGACCAAAAGG', '((....((.((....)).))....)).........', 0.2857, -0.0012081297858343907, -4.7409, 0.2666, 1.0, 0.2286]
	 ->['CCACAAGGACCAAUAGGACCAAAAGGACCAAAAGG', '((....((.((....)).))....)).........', 0.2857, -0.0011316192232434083, -4.7812, 0.269, 1.0, 0.2286]
	 ->['CCACAGGGACCAAUAGGAGCAAAAGUACCAACAGG', '((....)).......((.((....)).))......', 0.1714, -0.001798227934382014, -2.9957, 0.2843, 0.8333, 0.2286]
	 ->['CCCCAGGGAGCAUGAGCAGCAGUAGUACCGGCCGG', '((....)).((....))..................', 0.1143, -0.003030194926889641, -3.9741, 0.5023, 1.0, 0.2286]
	 >>> Resetting the solution to avoid local optima.
	 ->['CCAAAAGGACCAAAAGGACCAAAAGGACCAAAAGG', '((....((.((....)).))....)).........', 0.2857, -0.0012081297858343907, -4.7409, 0.2666, 1.0, 0.2286]
	 ->['CCAUAAGGACCAAACGGGCUAAAAGGACCAAAAGG', '((....((.((....)).))....)).........', 0.2857, -0.000489874894823553, -3.7972, 0.3322, 0.8333, 0.2286]
	 ->['CCAUAAGGACCAAACGGGCUAAAAGGAGCAAAAGC', '((....)).((....))(((......)))......', 0.2, -0.0002707553333468085, -3.9626, 0.3376, 0.8571, 0.2286]
	 ->['CCAUAAGGACCAAACGGGCUAAAAGGCGCAAAAGC', '((....)).......(.(((....))).)......', 0.1714, -4.4639344273049526e-05, -4.9736, 0.2909, 0.8333, 0.2857]
	 >>> Resetting the solution to avoid local optima.
	 ->['GGAAAACCAGGAAAACCAGGAAAACCAGGAAAACC', '((....((.((....)).))....)).........', 0.2857, -0.0010147985661476564, -4.3483, 0.2838, 1.0, 0.2286]
	 ->['GGAAUGCCAGGAAAACCAGGGAAACCGGGAGAUCC', '((....)).(((...((.((....)).))...)))', 0.2571, -0.00010005402408043216, -7.4762, 0.3051, 0.8889, 0.1714]
	 ->['GGAAUGCCAGGAGAACCAGUGAAAGCGGGACAGCC', '((....)).((....((.((....)).))....))', 0.2286, -0.0002771478774783562, -4.2483, 0.2834, 0.875, 0.1143]
	 >>> Resetting the solution to avoid local optima.
	 ->['GGAAAACCAGGAAAACCAGGAAAACCAGGAAAACC', '((....((.((....)).))....)).........', 0.2857, -0.0010147985661476564, -4.3483, 0.2838, 1.0, 0.2286]
	 ->['GGAAAACCAGGAAAACCAGGAGAACCAGGAAAACC', '((....((.((....)).))....)).........', 0.2857, -0.0010136182754276594, -4.3491, 0.284, 1.0, 0.2286]
	 ->['GGAAAACCAGGAAAACCAGUAGAAACAGGACAACC', '((....)).((....((.((....)).))....))', 0.2286, -0.0018362713107717588, -2.2828, 0.2636, 0.875, 0.1143]
	 ->['GGUAAACCACGUAAACGAGUAGAAACAGGAUAACC', '((....))...........................', 0.1714, -0.00048457706810490115, -1.8039, 0.4174, 1.0, 0.3429]
	 >>> Resetting the solution to avoid local optima.
	 ->['CCAAAAGGACCAAAAGGACCAAAAGGACCAAAAGG', '((....((.((....)).))....)).........', 0.2857, -0.0012081297858343907, -4.7409, 0.2666, 1.0, 0.2286]
	 ->['CCAAAAGGAGCAAAAGUACCAAAAGGACCACAAGG', '((....((.((....)).))....)).........', 0.2857, -0.002193621360348144, -2.9732, 0.2827, 0.8333, 0.2286]
	 ->['CCAAAAGGAGCAAAAGUACCAAAAGGACUACAAAG', '((....))......(((.((....)))))......', 0.2, -2.7479978784423993e-05, -3.4726, 0.3048, 0.7143, 0.2857]
	 ->['CCAAUAGGAGUAAUGAUACCAUAAGGAGUGCAAAC', '((....))..........((....)).........', 0.1143, -2.4458811120286373e-05, -2.2444, 0.3877, 1.0, 0.2286]
	 >>> Resetting the solution to avoid local optima.
	 ->['GGAAAACCAGGAAAACCAGGAAAACCAGGAAAACC', '((....((.((....)).))....)).........', 0.2857, -0.0010147985661476564, -4.3483, 0.2838, 1.0, 0.2286]
	 ->['GGAUCACCAGUAGUCGCAGGAACACCAGGAAAACC', '((....((.((....)).))....)).........', 0.2857, -0.00043895477595528584, -3.2648, 0.4109, 0.8333, 0.2286]
	 ->['GGAUCACCAGUAGUCGCAGGAACACCAGGGAAACC', '((....)).....((.(.((....)).).))....', 0.2, -0.0005154256124123101, -4.5659, 0.4888, 0.8571, 0.3429]
	 >>> Resetting the solution to avoid local optima.
	 ->['GGAAAACCAGGAAAACCAGGAAAACCAGGAAAACC', '((....((.((....)).))....)).........', 0.2857, -0.0010147985661476564, -4.3483, 0.2838, 1.0, 0.2286]
	 ->['GGGAUACCAGGGGAACCAGGAUAACCAGGAAAACC', '((....((.((....)).))....)).........', 0.2857, -0.001257579429994016, -7.0161, 0.3465, 1.0, 0.2286]
	 ->['GGGAUACCAGGUGCACCCGGAUAGCCAGGAAAGCC', '((....)).(((...((.((....)).))...)))', 0.2571, -1.704396315451942e-05, -8.167, 0.2749, 0.8889, 0.1714]
	 ->['GGGAGACCAGGAGAACCCGAAUUGUCAGGAAAGCC', '((....)).((....((.((....)).))....))', 0.2286, -0.00024172132577818055, -4.6325, 0.3399, 0.875, 0.1143]
	 >>> Resetting the solution to avoid local optima.
	 ->['CCAAAAGGACCAAAAGGACCAAAAGGACCAAAAGG', '((....((.((....)).))....)).........', 0.2857, -0.0012081297858343907, -4.7409, 0.2666, 1.0, 0.2286]
	 ->['CCAAAAGGACCAAAAGGACCAGAAGGACCAAAAGG', '((....((.((....)).))....)).........', 0.2857, -0.0012051038994615657, -4.7424, 0.2668, 1.0, 0.2286]
	 >>> Resetting the solution to avoid local optima.
	 ->['CCAAAAGGACCAAAAGGACCAAAAGGACCAAAAGG', '((....((.((....)).))....)).........', 0.2857, -0.0012081297858343907, -4.7409, 0.2666, 1.0, 0.2286]
	 ->['CACCGAUGACCAAAAGGAGCAAAAGUACCACACGG', '...............((.((....)).))......', 0.2286, -5.845306142290386e-05, -2.6075, 0.3862, 0.75, 0.3429]
	 ->['AACCGAUUACCUGAUGGAGCAAGUGUACGAGAACG', '.........((....))..................', 0.1714, -6.997826913611676e-07, -2.5348, 0.5423, 1.0, 0.3429]
	 >>> Resetting the solution to avoid local optima.
	 ->['CCAAAAGGACCAAAAGGACCAAAAGGACCAAAAGG', '((....((.((....)).))....)).........', 0.2857, -0.0012081297858343907, -4.7409, 0.2666, 1.0, 0.2286]
	 ->['CCGGUAGGGCCAUAUGGGACACACGUGCCAGUCGG', '((....)).((...(((.((....)).)))...))', 0.2571, -4.0664789562516494e-07, -9.1694, 0.6019, 0.7778, 0.1714]
	 ->['CCGGUAGGGCCUCAUGGGACAGUCGUGUCGAUCGA', '((....)).((....))((((....))))......', 0.2286, -2.483605734214495e-06, -7.2541, 0.5398, 0.75, 0.2286]
	 ->['CCGGUAGGGCCUCAUGGGACAGUCGUCUCGAUCGA', '((....)).......(((((....)))))......', 0.2, -2.1782559261502637e-07, -8.1541, 0.4734, 0.7143, 0.2857]
	 ->['CCGGUAGGGCCCCAUGGGACAAUCGUCGCGAUAGU', '((....)).......(.(((....))).)......', 0.1714, -9.816308121257774e-07, -7.0262, 0.5175, 0.8333, 0.2857]
	 >>> Resetting the solution to avoid local optima.
	 ->['CCAAAAGGACCAAAAGGACCAAAAGGACCAAAAGG', '((....((.((....)).))....)).........', 0.2857, -0.0012081297858343907, -4.7409, 0.2666, 1.0, 0.2286]
	 ->['CCAAAAGGACCAAAAGGACCAAAAGGACCAAAAGG', '((....((.((....)).))....)).........', 0.2857, -0.0012081297858343907, -4.7409, 0.2666, 1.0, 0.2286]
	 ->['CCAAGAGGGCCCAGGGGACCGAAAGGACCAGCAGG', '((....)).((....((.((....)).))....))', 0.2286, -0.0002480920192212039, -6.4165, 0.3207, 1.0, 0.1143]
	 >>> Resetting the solution to avoid local optima.
	 ->['GGAAAACCAGGAAAACCAGGAAAACCAGGAAAACC', '((....((.((....)).))....)).........', 0.2857, -0.0010147985661476564, -4.3483, 0.2838, 1.0, 0.2286]
	 ->['GGAAGACCAGGAAAACCAGGGAAACCAGGAAAACC', '((....((.((....)).))....)).........', 0.2857, -0.0015177352356882561, -5.5003, 0.2751, 1.0, 0.2286]
	 ->['GGAAGGCCAGGAAAACCAUGGAAACGAGGAAAACC', '......(((((....)).)))..............', 0.2571, -4.1089989883275655e-05, -4.3247, 0.3277, 0.8, 0.4]
	 ->['GGACGGCCAGGAAAACCAUCGACAGGAGGGGAACC', '((....)).((....((.((....)).))....))', 0.2286, -0.0001214349299275214, -4.9568, 0.3348, 0.875, 0.1143]
	 >>> Resetting the solution to avoid local optima.
	 ->['CCAAAAGGACCAAAAGGACCAAAAGGACCAAAAGG', '((....((.((....)).))....)).........', 0.2857, -0.0012081297858343907, -4.7409, 0.2666, 1.0, 0.2286]
	 ->['CCAAAGGGACCAAACGGACCGAGAGGACCAAUUGG', '((....)).((((..((.((....)).))..))))', 0.2857, -2.7942866787239726e-05, -7.7623, 0.3971, 0.8, 0.2286]
	 ->['CCAGAGGGACCAAACGGAAAGGGAUUACCACGUGG', '((....)).(((...((.((....)).))...)))', 0.2571, -7.446159512656932e-06, -4.4774, 0.4926, 0.6667, 0.1714]
	 ->['CCAGAUGGACCAGACGGCAAGGGAUUACCACGAGG', '((....)).((....))...((.....))......', 0.1714, -2.9211393059301763e-05, -3.535, 0.4146, 1.0, 0.2857]
	 >>> Resetting the solution to avoid local optima.
	 ->['CCAAAAGGACCAAAAGGACCAAAAGGACCAAAAGG', '((....((.((....)).))....)).........', 0.2857, -0.0012081297858343907, -4.7409, 0.2666, 1.0, 0.2286]
	 ->['CCAGAAGGACAAAAAUGACCAAGAGGGCCAAUCGG', '((....((.((....)).))....)).........', 0.2857, -0.0007261737051160481, -2.8546, 0.3275, 0.8333, 0.2286]
	 >>> Resetting the solution to avoid local optima.
	 ->['CCAAAAGGACCAAAAGGACCAAAAGGACCAAAAGG', '((....((.((....)).))....)).........', 0.2857, -0.0012081297858343907, -4.7409, 0.2666, 1.0, 0.2286]
	 ->['CCAAAAGGACCAAAAGGACCAAAAGGACCAAAAGG', '((....((.((....)).))....)).........', 0.2857, -0.0012081297858343907, -4.7409, 0.2666, 1.0, 0.2286]
	 >>> Resetting the solution to avoid local optima.
	 ->['GGAAAACCAGGAAAACCAGGAAAACCAGGAAAACC', '((....((.((....)).))....)).........', 0.2857, -0.0010147985661476564, -4.3483, 0.2838, 1.0, 0.2286]
	 ->['GGAAAACCAAGAAAACUAGGAAAACCAGGAAAUCC', '((....((.((....)).))....)).........', 0.2857, -0.00047453362753556986, -3.0168, 0.3028, 0.8333, 0.2286]
	 ->['GGAAAACCAAGAACACUAGGAAAACCUGGAAAUCC', '((....)).......(((((....)))))......', 0.2, -9.611301415880655e-07, -6.1392, 0.3154, 0.7143, 0.2857]
	 >>> Resetting the solution to avoid local optima.
	 ->['GGAAAACCAGGAAAACCAGGAAAACCAGGAAAACC', '((....((.((....)).))....)).........', 0.2857, -0.0010147985661476564, -4.3483, 0.2838, 1.0, 0.2286]
	 ->['GGAAGCCCAAACCAAUUCGCAACAGUAGGAUGACC', '((....))......((((((....)).))))....', 0.2286, -1.0742252266728214e-06, -2.6707, 0.4155, 0.5, 0.3429]
	 >>> Resetting the solution to avoid local optima.
	 ->['CCAAAAGGACCAAAAGGACCAAAAGGACCAAAAGG', '((....((.((....)).))....)).........', 0.2857, -0.0012081297858343907, -4.7409, 0.2666, 1.0, 0.2286]
	 ->['CAAUAGUGACCCAAAGGAGCAAAAGCACCAACAGG', '...............((.((....)).))......', 0.2286, -0.00010300899479305402, -3.8583, 0.3172, 1.0, 0.3429]
	 ->['GGCUAUCCACACAAAUGAGCAAAAGCACCAUCAGG', '..................((....)).........', 0.1714, -0.0008670128823164054, -2.4453, 0.3809, 1.0, 0.3429]
	 >>> Resetting the solution to avoid local optima.
	 ->['GGAAAACCAGGAAAACCAGGAAAACCAGGAAAACC', '((....((.((....)).))....)).........', 0.2857, -0.0010147985661476564, -4.3483, 0.2838, 1.0, 0.2286]
	 ->['GGAAAACCAGGAAAACCGGGAAAACCAGGAAAACC', '((....((.((....)).))....)).........', 0.2857, -0.00019992605311355775, -5.1496, 0.3225, 1.0, 0.2286]
	 ->['GGAAGACCAUGAUAACGGGGAAAACCAGGAAUACC', '((....))........((......)).........', 0.2286, -1.3410919868728652e-05, -3.6148, 0.3843, 1.0, 0.3143]
	 >>> Resetting the solution to avoid local optima.
	 ->['CCAAAAGGACCAAAAGGACCAAAAGGACCAAAAGG', '((....((.((....)).))....)).........', 0.2857, -0.0012081297858343907, -4.7409, 0.2666, 1.0, 0.2286]
	 ->['CCAAAAGGACCAAAAGGACCAAAAGGACCAAAAGG', '((....((.((....)).))....)).........', 0.2857, -0.0012081297858343907, -4.7409, 0.2666, 1.0, 0.2286]
	 ->['GCAGCAGCAGCGUAGGCACGACGAUGACCAUCAGG', '((....)).((....))..................', 0.1143, -0.0002695476744769407, -4.1654, 0.4139, 1.0, 0.2286]
	 >>> Resetting the solution to avoid local optima.
	 ->['GGAAAACCAGGAAAACCAGGAAAACCAGGAAAACC', '((....((.((....)).))....)).........', 0.2857, -0.0010147985661476564, -4.3483, 0.2838, 1.0, 0.2286]
	 ->['GGAAAACCAGUAAAAACAGGAAAACCAGGCAAACC', '((....((.((....)).))....)).........', 0.2857, -0.000976890120182984, -2.6718, 0.3068, 0.8333, 0.2286]
	 ->['CGCAAUCGAGUUAAGACGGGAAAUCCAGGCAAGCC', '..................((....)).........', 0.1714, -4.1368869509693665e-05, -2.4205, 0.4263, 1.0, 0.3429]
	 >>> Resetting the solution to avoid local optima.
	 ->['CCAAAAGGACCAAAAGGACCAAAAGGACCAAAAGG', '((....((.((....)).))....)).........', 0.2857, -0.0012081297858343907, -4.7409, 0.2666, 1.0, 0.2286]
	 ->['CCAAAAGGAACAAAAGUACCAAAAGGACCAAAAGG', '((....((.((....)).))....)).........', 0.2857, -0.0012519710804709695, -3.0189, 0.2825, 0.8333, 0.2286]
	 >>> Resetting the solution to avoid local optima.
	 ->['CCAAAAGGACCAAAAGGACCAAAAGGACCAAAAGG', '((....((.((....)).))....)).........', 0.2857, -0.0012081297858343907, -4.7409, 0.2666, 1.0, 0.2286]
	 ->['CCGUCAGGACCCGAAGGACCGAGAGGACCAUUAGG', '((....)).((.((.((.((....)).)).)).))', 0.2857, -0.00013785022073112155, -7.1787, 0.3277, 0.8, 0.2286]
	 >>> Resetting the solution to avoid local optima.
	 ->['CCAAAAGGACCAAAAGGACCAAAAGGACCAAAAGG', '((....((.((....)).))....)).........', 0.2857, -0.0012081297858343907, -4.7409, 0.2666, 1.0, 0.2286]
	 ->['CCAAAAGGACCACAAGGACCACUAGGACCAAAAGG', '((....((.((....)).))....)).........', 0.2857, -0.0009457735578066125, -4.8918, 0.3006, 1.0, 0.2286]
	 ->['CCAUAAGGACCACAAGGCUCACUAGAACCAGAGGG', '((....)).((....((.((....)).))....))', 0.2286, -0.00023463889672598135, -4.1509, 0.3048, 0.875, 0.1143]
	 ->['GCACAUGCACCACACGGCUCACAAGACCCAGACGG', '((....)).......((.((....)).))......', 0.1714, -0.0006426745027979484, -3.8299, 0.2629, 0.8333, 0.2286]
	 ->['GCUAAUGCAGCAUGCGCAUCACACGAUACUGACGU', '((....)).((....))..................', 0.1143, -7.643596419988622e-05, -4.3421, 0.504, 1.0, 0.2286]
	 >>> Resetting the solution to avoid local optima.
	 ->['GGAAAACCAGGAAAACCAGGAAAACCAGGAAAACC', '((....((.((....)).))....)).........', 0.2857, -0.0010147985661476564, -4.3483, 0.2838, 1.0, 0.2286]
	 ->['GGAAAACCCGCUCAUGCAGGAAAACCAGGAGAACC', '((....((.((....)).))....)).........', 0.2857, -0.00016388353707290644, -5.6721, 0.3061, 1.0, 0.2286]
	 ->['GGAAAACCCGCUCAUGCAGGAAAACCAGGGGAACC', '((....((.((....)).))....)).((....))', 0.2286, -0.000488541717446714, -6.3989, 0.2795, 1.0, 0.1143]
	 ->['GUGUAGACCGAUCAUUCAGGAUAACCAGGGGGACC', '.......((((....)).)).......((....))', 0.1714, -0.0011700108844986358, -3.2606, 0.4131, 0.8333, 0.2571]
	 >>> Resetting the solution to avoid local optima.
	 ->['GGAAAACCAGGAAAACCAGGAAAACCAGGAAAACC', '((....((.((....)).))....)).........', 0.2857, -0.0010147985661476564, -4.3483, 0.2838, 1.0, 0.2286]
	 ->['GCAAAAGCAGGAAGACCAGGAAAACCAGGAAAGCC', '((....)).((....((.((....)).))....))', 0.2286, -0.0024091034152244296, -4.5155, 0.221, 1.0, 0.1143]
	 >>> Resetting the solution to avoid local optima.
	 ->['GGAAAACCAGGAAAACCAGGAAAACCAGGAAAACC', '((....((.((....)).))....)).........', 0.2857, -0.0010147985661476564, -4.3483, 0.2838, 1.0, 0.2286]
	 ->['GGACAACCAUGAACACAAGGAAAACCAUGAACACA', '((....((.((....)).))....)).........', 0.2857, -1.730622565204826e-05, -2.8576, 0.328, 0.8333, 0.2286]
	 ->['GCACGAGCAUGAACACAAGGAAAGCCAUGGACACA', '((....)).......((.((....)).))......', 0.1714, -0.00024969839397621463, -3.3125, 0.2912, 0.8333, 0.2286]
	 >>> Resetting the solution to avoid local optima.
	 ->['CCAAAAGGACCAAAAGGACCAAAAGGACCAAAAGG', '((....((.((....)).))....)).........', 0.2857, -0.0012081297858343907, -4.7409, 0.2666, 1.0, 0.2286]
	 ->['CCAAAAGGACCAAAAGGACCAAAAGGACCAAUAGG', '((....((.((....)).))....)).........', 0.2857, -0.0011379873037466166, -4.7777, 0.2689, 1.0, 0.2286]
	 ->['CCGUCAGGACCAAGGGGCGUAGAGAUACCUAUAGG', '((....)).((...(((.((....)).)))...))', 0.2571, -3.2594094931791857e-06, -4.8866, 0.4177, 0.6667, 0.1714]
	 ->['CCGGCAGGACCAAGGGGCGUAGAGAUACUUACAAG', '((....)).((....)).((((......))))...', 0.2286, -1.0696275477102775e-06, -3.5733, 0.4565, 0.625, 0.3143]
	 ->['CCGGCAGGACCAAGGGGCGUAGAGAUACUUAUAAG', '((....)).((....)).(((....))).......', 0.2, -2.1771194987425574e-06, -3.1353, 0.4177, 0.7143, 0.2]
	 >>> Resetting the solution to avoid local optima.
	 ->['GGAAAACCAGGAAAACCAGGAAAACCAGGAAAACC', '((....((.((....)).))....)).........', 0.2857, -0.0010147985661476564, -4.3483, 0.2838, 1.0, 0.2286]
	 ->['GGAAAACCAGGAAAACCAGGAAAACCAGGAAGACC', '((....((.((....)).))....)).........', 0.2857, -0.001013886064749998, -4.3489, 0.2839, 1.0, 0.2286]
	 ->['GGAGAACCAGGAACACCAGGAAAACCAGGGAGACC', '((....((.((....)).))....)).((....))', 0.2286, -0.0030209629002719185, -5.076, 0.2599, 1.0, 0.1143]
	 ->['GGACUACCAGGCACACCAGUAAUAACAUGGAGACA', '((....)).......(((((....)).))).....', 0.2, -0.00020876945625844374, -3.4229, 0.4023, 0.7143, 0.2857]
	 >>> Resetting the solution to avoid local optima.
	 ->['GGAAAACCAGGAAAACCAGGAAAACCAGGAAAACC', '((....((.((....)).))....)).........', 0.2857, -0.0010147985661476564, -4.3483, 0.2838, 1.0, 0.2286]
	 ->['GGAAACCCAUGGAAACAAGGAAAACCAGGCAUACC', '((....((.((....)).))....)).........', 0.2857, -0.0004966413998242226, -4.1887, 0.3278, 0.8333, 0.2286]
	 >>> Resetting the solution to avoid local optima.
	 ->['GGAAAACCAGGAAAACCAGGAAAACCAGGAAAACC', '((....((.((....)).))....)).........', 0.2857, -0.0010147985661476564, -4.3483, 0.2838, 1.0, 0.2286]
	 ->['GGAAAACCAGGGAAACCAGGAAAACCAGGAAAACC', '((....((.((....)).))....)).........', 0.2857, -0.0012672709034801746, -5.6114, 0.2944, 1.0, 0.2286]
	 ->['GGAAAGCCAGGGAAACCAGGAAAACCUGGAAAACC', '((....)).((....(((((....)))))....))', 0.2571, -7.959503386959288e-07, -9.6554, 0.3219, 0.8889, 0.1714]
	 ->['GGGAAGCCAUGGACACGAGGGAAACCUGGAAAACC', '((....)).......(.(((....))).)......', 0.1714, -7.916451526656935e-06, -6.9397, 0.3004, 0.8333, 0.2857]
	 >>> Resetting the solution to avoid local optima.
	 ->['GGAAAACCAGGAAAACCAGGAAAACCAGGAAAACC', '((....((.((....)).))....)).........', 0.2857, -0.0010147985661476564, -4.3483, 0.2838, 1.0, 0.2286]
	 ->['GGAAUACCAGGGUAACCAGUAAGAGCCGGAAACCC', '((....)).((((..((.((....)).))..))))', 0.2857, -2.9731823024878755e-06, -7.9432, 0.3573, 0.8, 0.2286]
	 >>> Resetting the solution to avoid local optima.
	 ->['CCAAAAGGACCAAAAGGACCAAAAGGACCAAAAGG', '((....((.((....)).))....)).........', 0.2857, -0.0012081297858343907, -4.7409, 0.2666, 1.0, 0.2286]
	 ->['CCACAAGGACAAAGCUGACCAAAAGGACCAACCGG', '((....((.((....)).))....)).........', 0.2857, -0.0009368602628070695, -2.6976, 0.3254, 0.8333, 0.2286]
	 >>> Resetting the solution to avoid local optima.
	 ->['GGAAAACCAGGAAAACCAGGAAAACCAGGAAAACC', '((....((.((....)).))....)).........', 0.2857, -0.0010147985661476564, -4.3483, 0.2838, 1.0, 0.2286]
	 ->['GGGAAACCAAGAGCACUAGGAAUACCAGGAACACC', '((....((.((....)).))....)).........', 0.2857, -0.0004549128960690013, -4.0428, 0.2927, 0.8333, 0.2286]
	 ->['GCGACGGCAAGAGCACUACCGAUAGGAGGAACACC', '((....)).......((.((....)))).......', 0.1714, -0.00035503366276325404, -4.9956, 0.2852, 0.8333, 0.2571]
	 >>> Resetting the solution to avoid local optima.
	 ->['CCAAAAGGACCAAAAGGACCAAAAGGACCAAAAGG', '((....((.((....)).))....)).........', 0.2857, -0.0012081297858343907, -4.7409, 0.2666, 1.0, 0.2286]
	 ->['CCAAAAGGACCAAAAGGACCAAAAGGACCAAAAGG', '((....((.((....)).))....)).........', 0.2857, -0.0012081297858343907, -4.7409, 0.2666, 1.0, 0.2286]
	 ->['CUAAAAGGAUCAAUCGACCCAAAAGGACCAAAAGG', '......((.((....)).))...............', 0.2286, -8.610036048247103e-05, -2.6688, 0.307, 0.75, 0.3429]
	 ->['CUAACAGGAUCAAGCGACGCGAAAGCACCAUACGG', '..................((....)).........', 0.1714, -0.0005076458589169464, -2.4752, 0.3282, 1.0, 0.3429]
	 ->['CCAGGAGGAUCAAGCGACGCGAUAGCACCAGAGGG', '((....))..........((....)).........', 0.1143, -0.002424566949105606, -3.6115, 0.4425, 1.0, 0.2286]
	 >>> Resetting the solution to avoid local optima.
	 ->['GGAAAACCAGGAAAACCAGGAAAACCAGGAAAACC', '((....((.((....)).))....)).........', 0.2857, -0.0010147985661476564, -4.3483, 0.2838, 1.0, 0.2286]
	 ->['GGAAAACCAGGAAGACCAGGAAUACCAGGAACACC', '((....((.((....)).))....)).........', 0.2857, -0.0008750132049975447, -4.4397, 0.2941, 1.0, 0.2286]
	 ->['GGAAAACCAGGAAGACCACGAAUACGAGGAACACC', '((....)).((....((.((....)).))....))', 0.2286, -0.0014015795593452153, -2.8493, 0.2507, 1.0, 0.1143]
	 ->['GGAAACCCAGGAAGACCACGAAUACGAGGAACAUC', '((....)).......((.((....)).))......', 0.1714, -1.8197704311496215e-05, -2.8267, 0.2522, 1.0, 0.2286]
	 >>> Resetting the solution to avoid local optima.
	 ->['GGAAAACCAGGAAAACCAGGAAAACCAGGAAAACC', '((....((.((....)).))....)).........', 0.2857, -0.0010147985661476564, -4.3483, 0.2838, 1.0, 0.2286]
	 ->['GGAAAACCAGGGAUACCAGGAAAACCAGGAAAACC', '((....((.((....)).))....)).........', 0.2857, -0.0011451032512526766, -5.6739, 0.2951, 1.0, 0.2286]
	 ->['GGAAAACCAGGGAUACCAGCAAAAGCAGGAAAACC', '((....)).((..(.((.((....)).)).)..))', 0.2571, -0.005293037923977001, -5.2304, 0.2557, 0.8889, 0.1714]
	 ->['GGGAAACCAGGGAUACCAGCAAAAGCAGGAAAAUC', '((....)).......((.((....)).))......', 0.1714, -0.0002889915743380027, -5.3225, 0.2023, 1.0, 0.2286]
	 >>> Resetting the solution to avoid local optima.
	 ->['GGAAAACCAGGAAAACCAGGAAAACCAGGAAAACC', '((....((.((....)).))....)).........', 0.2857, -0.0010147985661476564, -4.3483, 0.2838, 1.0, 0.2286]
	 ->['GGAAAACCAUGAACACGAGGAAAACCAGGAAAACC', '((....((.((....)).))....)).........', 0.2857, -3.919126038108608e-05, -2.7538, 0.3075, 0.8333, 0.2286]
	 ->['GAGAAGUCAUGCAUACGAGGAUUACCAGGACCCCU', '..................((....)).........', 0.1714, -2.4449351770753234e-06, -2.3638, 0.4856, 1.0, 0.3429]
	 >>> Resetting the solution to avoid local optima.
	 ->['GGAAAACCAGGAAAACCAGGAAAACCAGGAAAACC', '((....((.((....)).))....)).........', 0.2857, -0.0010147985661476564, -4.3483, 0.2838, 1.0, 0.2286]
	 ->['GGACAGCCAGGACCACCAGGGAACCCAGGAAACCC', '((....((.((....)).))....)).........', 0.2857, -0.00040722268167604433, -5.9111, 0.3821, 1.0, 0.2286]
	 ->['GCACAGGCAGGACCACCCGGGAACCCAGGAAACCC', '((....)).((....((.((....)).))...)).', 0.2286, -0.0005709167917504056, -5.4028, 0.2928, 1.0, 0.1714]
	 >>> Resetting the solution to avoid local optima.
	 ->['CCAAAAGGACCAAAAGGACCAAAAGGACCAAAAGG', '((....((.((....)).))....)).........', 0.2857, -0.0012081297858343907, -4.7409, 0.2666, 1.0, 0.2286]
	 ->['GCGCGGGCACCACAAGGCGAACUAUUACCUGAGGG', '((....)).((...(((.((....)).)))...))', 0.2571, -1.0583739605276288e-06, -6.1798, 0.3589, 0.6667, 0.1714]
	 ->['GCGCGGGCACCACGAGGCAGACCAUUUUCUGAGGG', '((....)).((....))((((......))))....', 0.2286, -2.7835527769057493e-09, -5.8412, 0.481, 0.75, 0.2857]
	 >>> Resetting the solution to avoid local optima.
	 ->['GGAAAACCAGGAAAACCAGGAAAACCAGGAAAACC', '((....((.((....)).))....)).........', 0.2857, -0.0010147985661476564, -4.3483, 0.2838, 1.0, 0.2286]
	 ->['GGAAAACCAGGAAAACCAGAAAAAUCAGGAAAACC', '((....)).((....((.((....)).))....))', 0.2286, -0.0017666131286841523, -2.3067, 0.2649, 0.875, 0.1143]
	 ->['GGGCCACCAGGAAUACCAGAAGAAUCCGGAAGAUC', '((....)).......((.((....)).))......', 0.1714, -4.096385052763542e-06, -3.9457, 0.3573, 0.8333, 0.2286]
	 ->['GGGCCACCAGGGAUACCAAAAGAGUUCGGCAGACC', '((....)).((....))..................', 0.1143, -2.7032005721339745e-05, -4.9828, 0.3924, 1.0, 0.2286]
	 >>> Resetting the solution to avoid local optima.
	 ->['CCAAAAGGACCAAAAGGACCAAAAGGACCAAAAGG', '((....((.((....)).))....)).........', 0.2857, -0.0012081297858343907, -4.7409, 0.2666, 1.0, 0.2286]
	 ->['CCAAAAGGCGCGAUAGCACCAGAAGGGCCAACAGG', '((....((.((....)).))....)).........', 0.2857, -0.00011247856877907843, -7.004, 0.3514, 1.0, 0.2286]
	 ->['ACAGGAGUCGCGAGAGCACCAUCAGGGCCAAGAGG', '...............((.((....)))).......', 0.2286, -0.00023200436893448622, -4.6578, 0.4395, 1.0, 0.3714]
	 >>> Resetting the solution to avoid local optima.
	 ->['GGAAAACCAGGAAAACCAGGAAAACCAGGAAAACC', '((....((.((....)).))....)).........', 0.2857, -0.0010147985661476564, -4.3483, 0.2838, 1.0, 0.2286]
	 ->['GGAAAACCAGGAAAACCAGAAGAAUCAGGAAAACC', '((....)).((....((.((....)).))....))', 0.2286, -0.0017553822155731693, -2.3106, 0.2658, 0.875, 0.1143]
	 >>> Resetting the solution to avoid local optima.
	 ->['CCAAAAGGACCAAAAGGACCAAAAGGACCAAAAGG', '((....((.((....)).))....)).........', 0.2857, -0.0012081297858343907, -4.7409, 0.2666, 1.0, 0.2286]
	 ->['CCAGAAGGCAUAGGAAUACCGGAGGGACCCAUAGG', '((....((.((....)).))....)).........', 0.2857, -9.949275321664026e-06, -3.3988, 0.408, 0.6667, 0.2286]
	 ->['CCAGAUGGCAUAGGGAUACCGGAGGGGCCCAUAGG', '............(((...((....)).))).....', 0.2571, -3.6350331642524195e-08, -7.0576, 0.5394, 1.0, 0.4571]
	 >>> Resetting the solution to avoid local optima.
	 ->['CCAAAAGGACCAAAAGGACCAAAAGGACCAAAAGG', '((....((.((....)).))....)).........', 0.2857, -0.0012081297858343907, -4.7409, 0.2666, 1.0, 0.2286]
	 ->['CCAAAAGGACCAAAAGGACCAAACGGACCAAAAGG', '((....((.((....)).))....)).........', 0.2857, -0.0012043251098862895, -4.7428, 0.267, 1.0, 0.2286]




RNA sequences found with GC-content <= 0.48:

RNA sequences found with GC-content > 0.48:
@@ CCGAAAGGACCAAAAGGAGCAAAAGCAGCGAAAGC 1.0
@@ CCGAAAGGACCGAAAGGAGCAAAAGCAGCGAAAGC 1.0
@@ CCGAGAGGACCGAAAGGAGCAAAAGCAGCGAAAGC 1.0
@@ CCGAGAGGACCGAAAGGAGCAGAAGCAGCGAAAGC 1.0
@@ CCGAGAGGACCGAAAGGAGCAGAAGCAGCGACAGC 1.0
@@ CCGAGAGGACCGAAAGGAGCAGACGCAGCGACAGC 1.0
@@ CCGAGAGGACCGAAGGGAGCAGACGCAGCGACAGC 1.0
@@ CCGAGAGGACCGAAGGGAGCAUACGCAGCGACAGC 1.0
@@ CCGAUAGGACCGAAGGGAGCAUACGCAGCGACAGC 1.0
@@ CCGAUAGGACCGUAGGGAGCAUACGCAGCGACAGC 1.0


Elapsed time:                   86400.01214718819 secs.
Number of function evaluations: 75994970
----------------------------------------------------------------------


---------------------------------------
 FINISHED SUCCESSFULLY 
---------------------------------------
