
-----------------------------------------------------------------------
   _____ _____  ______ ______ _____             _____  _   _           
  / ____|  __ \|  ____|  ____|  __ \           |  __ \| \ | |   /\     
 | |  __| |__) | |__  | |__  | |  | |  ______  | |__) |  \| |  /  \    
 | | |_ |  _  /|  __| |  __| | |  | | |______| |  _  /| . ` | / /\ \   
 | |__| | | \ \| |____| |____| |__| |          | | \ \| |\  |/ ____ \  
  \_____|_|  \_\______|______|_____/           |_|  \_\_| \_/_/    \_\ 
       
                                       -- A. Rubio-Largo et al. 2023
-----------------------------------------------------------------------

------------------------------------------------------------------------------------------------------------------
CONFIGURATION: 

 * TARGET:           ((((((.((((((((....))))).)).).))))))
 * STOPPING:         86400 secs.
 * SEED:             1
 * NO. OF SOLUTIONS: 1
 * max. GC-cont.:    0.48
 * MODEL:            TURNER2004
 * MUTATION PROB:    0.01
 * STAGNATION LIMIT: 50
------------------------------------------------------------------------------------------------------------------


 (1) Let's minimize the base-pair distance between predicted and target structures
    -> Min(Base-pair distance), min(Hamming distance), max(probability over ensemble), min(partition function), min(ensemble defect), min(%GC-content)


	 ->['CCCCCCACCCCCCCCAAAAGGGGGAGGAGAGGGGGG', '((((((.((((((((....))))).)).).))))))', 0.0, -0.5622393803459644, -27.3549, 0.0957, 1.0, 0.0]


    -> Found sequence! Elapsed time:                   0.015253067016601562 secs.


 (2) We found a sequence that folds exactly like the target structure. Let's minimize the GC-content
    -> ORDER: Min(Base-pair distance), min(Hamming distance), min(GC-content), min(partition function), min(ensemble defect), max(probability over ensemble))


	 >>> Resetting the solution to avoid local optima.
	 ->['CCCCCCACCCCCCCCAAAAGGGGGAGGAGAGGGGGG', '((((((.((((((((....))))).)).).))))))', 0.0, -0.5622393803459644, -27.3549, 0.0957, 1.0, 0.0]
	 ->['CCCCCCACCCCCCCCAAAAGGGGGAGGAGAGGGGGG', '((((((.((((((((....))))).)).).))))))', 0.0, -0.5622393803459644, -27.3549, 0.0957, 1.0, 0.0]
	 ->['CCCCCAACCCCCCCCAAAAGGGGGAGGAGAUGGGGG', '((((((.((((((((....))))).)).).))))))', 0.0, -0.7092307369483999, -25.7118, 0.0473, 0.9286, 0.0]
	 ->['CCCCUAACCCCCCCCAAAAGGGGGAGGAGAUAGGGG', '((((((.((((((((....))))).)).).))))))', 0.0, -0.7001440942312587, -23.7197, 0.0476, 0.8571, 0.0]
	 ->['CCCUUAACCCCCCCCAAAAGGGGGAGGAGAUAGGGG', '((((((.((((((((....))))).)).).))))))', 0.0, -0.5740172830077369, -21.1421, 0.1148, 0.7857, 0.0]
	 ->['CCCUUAACCCCCCACAAAAGUGGGAGGAGAUAGGGG', '((((((.((((((((....))))).)).).))))))', 0.0, -0.6052437844102414, -18.8095, 0.0911, 0.7143, 0.0]
	 ->['GACUUAACCCCCCACAUAAGUGGGAGGAGAUAGGUC', '((((((.((((((((....))))).)).).))))))', 0.0, -0.7400893691624255, -16.6855, 0.0309, 0.6429, 0.0]
	 ->['GACUUAACCACCCACAUAAGUGGGAUGAGAUAGGUC', '((((((.((((((((....))))).)).).))))))', 0.0, -0.834162361828999, -14.3118, 0.0116, 0.5714, 0.0]
	 ->['GAGUUAACCACCCACAUAAGUGGGAUGAGAUAGUUC', '((((((.((((((((....))))).)).).))))))', 0.0, -0.35696629586543843, -9.8349, 0.1655, 0.5, 0.0]


    -> Finished!! Elaapsed time:                   0.09516286849975586 secs.




RNA sequences found with GC-content <= 0.48:
## GAGUUAACCACCCAUAUAAAUGGGAUGAGAUAGUUC 0.4285714285714286
## GAUUUAACCACCCAUAUAAAUGGGAUGAGAUAGGUC 0.4285714285714286

RNA sequences found with GC-content > 0.48:
@@ CCCCCCACCCCCCGCAAAAGCGGGAGGAGAGGGGGG 1.0
@@ GCCCCCACCCCCCGCAAAAGCGGGAGGAGAGGGGGC 1.0
@@ GCCCCCACCCCCCCCAAAAGGGGGAGGAGAGGGGGC 1.0
@@ CCCCCCACCCCCCCCAAAAGGGGGAGGAGAGGGGGG 1.0
@@ CCCCCAACCCCCCCCAAAAGGGGGAGGAGAUGGGGG 0.9285714285714286
@@ CCCCUAACCCCCCCCAAAAGGGGGAGGAGAUAGGGG 0.8571428571428571
@@ CCCUUAACCCCCCCCAAAAGGGGGAGGAGAUAGGGG 0.7857142857142857
@@ CCCUUAACCCCCCACAAAAGUGGGAGGAGAUAGGGG 0.7142857142857143
@@ CACUUAACCCCCCACAAAAGUGGGAGGAGAUAGGUG 0.6428571428571429
@@ CACUUAACCCCCCACAUAAGUGGGAGGAGAUAGGUG 0.6428571428571429
@@ GACUUAACCCCCCACAUAAGUGGGAGGAGAUAGGUC 0.6428571428571428
@@ GACUUAACCACCCACAUAAGUGGGAUGAGAUAGGUC 0.5714285714285714
@@ GAGUUAACCACCCACAUAAGUGGGAUGAGAUAGUUC 0.5


Elapsed time:                   0.0957183837890625 secs.
Number of function evaluations: 56
----------------------------------------------------------------------


---------------------------------------
 FINISHED SUCCESSFULLY 
---------------------------------------
