
-----------------------------------------------------------------------
   _____ _____  ______ ______ _____             _____  _   _           
  / ____|  __ \|  ____|  ____|  __ \           |  __ \| \ | |   /\     
 | |  __| |__) | |__  | |__  | |  | |  ______  | |__) |  \| |  /  \    
 | | |_ |  _  /|  __| |  __| | |  | | |______| |  _  /| . ` | / /\ \   
 | |__| | | \ \| |____| |____| |__| |          | | \ \| |\  |/ ____ \  
  \_____|_|  \_\______|______|_____/           |_|  \_\_| \_/_/    \_\ 
       
                                       -- A. Rubio-Largo et al. 2023
-----------------------------------------------------------------------

------------------------------------------------------------------------------------------------------------------
CONFIGURATION: 

 * TARGET:           ..((((((((.....))))((((.....))))))))..
 * STOPPING:         86400 secs.
 * SEED:             8
 * NO. OF SOLUTIONS: 1
 * max. GC-cont.:    0.48
 * MODEL:            TURNER2004
 * MUTATION PROB:    0.01
 * STAGNATION LIMIT: 50
------------------------------------------------------------------------------------------------------------------


 (1) Let's minimize the base-pair distance between predicted and target structures
    -> Min(Base-pair distance), min(Hamming distance), max(probability over ensemble), min(partition function), min(ensemble defect), min(%GC-content)


	 ->['AACCCCCCCCAAAAAGGGGCCCCAAAAAGGGGGGGGAA', '..((((((((.....((....)).....))))))))..', 0.3684, -0.029583572478067414, -21.0698, 0.4122, 1.0, 0.2105]
	 ->['AACCGGCCCCAAAAAGGGGCCCCAAAAAGGGGCCGGAA', '..((((((((.....((....)).....))))))))..', 0.3684, -0.035405314403059704, -20.2591, 0.4051, 1.0, 0.2105]


    -> Found sequence! Elapsed time:                   0.015921354293823242 secs.


 (2) We found a sequence that folds exactly like the target structure. Let's minimize the GC-content
    -> ORDER: Min(Base-pair distance), min(Hamming distance), min(GC-content), min(partition function), min(ensemble defect), max(probability over ensemble))


	 >>> Resetting the solution to avoid local optima.
	 ->['AAGGGGGGGGAAAAACCCCGGGGAAAAACCCCCCCCAA', '..((((((((.....((....)).....))))))))..', 0.3684, -0.07575312596905262, -21.1903, 0.3881, 1.0, 0.2105]
	 ->['AAGGGGGGGGAAUAACCCCGGGGAAAAACCCCCCCCAA', '..((((((((.....((....)).....))))))))..', 0.3684, -0.06963491034094432, -21.2422, 0.3953, 1.0, 0.2105]
	 ->['AAGGGCAGGGGUUAACCCUGGGGAAAAACCCCGCCCAU', '..((((((((.....))))((((.....))))))))..', 0.0, -0.3887691942819864, -19.5823, 0.2903, 0.9167, 0.0]
	 ->['AAGGCCAUGGGUUUACCAUGGGGAAAAACCCCGGCCAU', '..((((((((.....))))((((.....))))))))..', 0.0, -0.6122901620061166, -17.1023, 0.1554, 0.8333, 0.0]
	 ->['AAGGCCAUGGGUUUACCAUGGGGAAAAACCCCGGCUAU', '..((((((((.....))))((((.....))))))))..', 0.0, -0.5635266044103374, -14.9535, 0.1612, 0.75, 0.0]
	 ->['AGGGUCAUGGGUUUACCAUGGGGAAAGACCCCGACUAU', '..((((((((.....))))((((.....))))))))..', 0.0, -0.4811376664291262, -13.0509, 0.2068, 0.6667, 0.0]
	 ->['AGGGUCAUGUGUUUAGCAUGGGGAAAGACCCCGACUAU', '..((((((((.....))))((((.....))))))))..', 0.0, -0.48669843021678966, -10.6438, 0.1339, 0.5833, 0.0]
	 ->['AGGGUCAUGUGUUUAGCAUGGAGAUAGCCUCCGACUAU', '..((((((((.....))))((((.....))))))))..', 0.0, -0.5463376278097696, -8.8726, 0.1009, 0.5, 0.0]


    -> Finished!! Elaapsed time:                   0.10959196090698242 secs.




RNA sequences found with GC-content <= 0.48:
## AGGGUAAUGUGUUUAGCAUGGAGAUAGCCUCCUACUAU 0.4166666666666667

RNA sequences found with GC-content > 0.48:
@@ AACCGGCCCCAAAAAGGGGCCGCAAAAAGCGGCCGGAA 1.0
@@ AAGGGGAGGGAAUAACCCUGGGGAAAAACCCCCCCCAA 0.9166666666666666
@@ AAGGGGAGGGAAUAACCCUGGGGAAAAACCCCCCCCAU 0.9166666666666666
@@ AAGGGCAGGGAAUAACCCUGGGGAAAAACCCCGCCCAU 0.9166666666666667
@@ AAGGGCAGGGAUUAACCCUGGGGAAAAACCCCGCCCAU 0.9166666666666667
@@ AAGGGCAGGGGUUAACCCUGGGGAAAAACCCCGCCCAU 0.9166666666666667
@@ AAGGGCAUGGGUUAACCAUGGGGAAAAACCCCGCCCAU 0.8333333333333334
@@ AAGGCCAUGGGUUAACCAUGGGGAAAAACCCCGGCCAU 0.8333333333333333
@@ AAGGCCAUGGGUUUACCAUGGGGAAAAACCCCGGCCAU 0.8333333333333333
@@ AAGGCCAUGGGUUUACCAUGGGGAAAAACCCCGGCUAU 0.75
@@ AAGGUCAUGGGUUUACCAUGGGGAAAAACCCCGACUAU 0.6666666666666667
@@ AGGGUCAUGGGUUUACCAUGGGGAAAAACCCCGACUAU 0.6666666666666667
@@ AGGGUCAUGGGUUUACCAUGGGGAAAGACCCCGACUAU 0.6666666666666667
@@ AGGGUCAUGUGUUUAGCAUGGGGAAAGACCCCGACUAU 0.5833333333333334
@@ AGGGUCAUGUGUUUAGCAUGGAGAAAGACUCCGACUAU 0.5
@@ AGGGUCAUGUGUUUAGCAUGGAGAUAGACUCCGACUAU 0.5
@@ AGGGUCAUGUGUUUAGCAUGGAGAUAGCCUCCGACUAU 0.5


Elapsed time:                   0.11008548736572266 secs.
Number of function evaluations: 65
----------------------------------------------------------------------


---------------------------------------
 FINISHED SUCCESSFULLY 
---------------------------------------
