
-----------------------------------------------------------------------
   _____ _____  ______ ______ _____             _____  _   _           
  / ____|  __ \|  ____|  ____|  __ \           |  __ \| \ | |   /\     
 | |  __| |__) | |__  | |__  | |  | |  ______  | |__) |  \| |  /  \    
 | | |_ |  _  /|  __| |  __| | |  | | |______| |  _  /| . ` | / /\ \   
 | |__| | | \ \| |____| |____| |__| |          | | \ \| |\  |/ ____ \  
  \_____|_|  \_\______|______|_____/           |_|  \_\_| \_/_/    \_\ 
       
                                       -- A. Rubio-Largo et al. 2023
-----------------------------------------------------------------------

------------------------------------------------------------------------------------------------------------------
CONFIGURATION: 

 * TARGET:           ((((((.((((....))))))).)))..........
 * STOPPING:         86400 secs.
 * SEED:             7
 * NO. OF SOLUTIONS: 1
 * max. GC-cont.:    0.48
 * MODEL:            TURNER2004
 * MUTATION PROB:    0.01
 * STAGNATION LIMIT: 50
------------------------------------------------------------------------------------------------------------------


 (1) Let's minimize the base-pair distance between predicted and target structures
    -> Min(Base-pair distance), min(Hamming distance), max(probability over ensemble), min(partition function), min(ensemble defect), min(%GC-content)


	 ->['GGGGGGAGGGGAAAACCCCCCCACCCAAAAAAAAAA', '((((((.((((....))))))).)))..........', 0.0, -0.8989554808725972, -19.3657, 0.0262, 1.0, 0.0]


    -> Found sequence! Elapsed time:                   0.012696266174316406 secs.


 (2) We found a sequence that folds exactly like the target structure. Let's minimize the GC-content
    -> ORDER: Min(Base-pair distance), min(Hamming distance), min(GC-content), min(partition function), min(ensemble defect), max(probability over ensemble))


	 >>> Resetting the solution to avoid local optima.
	 ->['GGGGGGAGGGGAAAACCCCCCCACCCAAAAAAAAAA', '((((((.((((....))))))).)))..........', 0.0, -0.8989554808725972, -19.3657, 0.0262, 1.0, 0.0]
	 ->['GGGGGGAGGGGAAAACCCCCCCACCCAUAAAAAAAA', '((((((.((((....))))))).)))..........', 0.0, -0.8974728318648053, -19.3667, 0.0263, 1.0, 0.0]
	 ->['UGGGGGUGGGGAGCACCCCCCCACCACUGGUAAGGU', '((((((.((((....))))))).)))..........', 0.0, -0.1349971018290412, -17.6342, 0.4796, 0.9, 0.0]
	 ->['UGGGGUUGGGGGCCACCCCACCACCACUGGUAAGGG', '((((((.((((....))))))).)))..........', 0.0, -0.18989798469363078, -16.5239, 0.1223, 0.8, 0.0]
	 ->['UGGGGUUGGUGGCCACACCACCACCACUGGCAAGGG', '((((((.((((....))))))).)))..........', 0.0, -0.1659135861789372, -14.3071, 0.1938, 0.7, 0.0]
	 ->['UGGGGUUAGUGGCUACACUACCACCACUGACAAGGG', '((((((.((((....))))))).)))..........', 0.0, -0.1809024524016816, -12.2538, 0.1379, 0.6, 0.0]
	 ->['UUGGGUUAGUGGCUACACUACCACGACUGACGAGGG', '((((((.((((....))))))).)))..........', 0.0, -0.13482188254566208, -9.735, 0.1888, 0.5, 0.0]


    -> Finished!! Elaapsed time:                   0.16811037063598633 secs.




RNA sequences found with GC-content <= 0.48:
## UUGGGUUAUUGGCUACAGUACCACGACUGACGAGGG 0.4

RNA sequences found with GC-content > 0.48:
@@ GGGGGGAGGGGAAAACCCCCCCACCCAAAAAAAAAA 1.0
@@ GGGGGGAGGGGAAAACCCCCCCACCCAUAAAAAAAA 1.0
@@ UGGGGGAGGGGAAAACCCCCCCACCAAUAAAAAAAA 0.9
@@ UGGGGGUGGGGAAAACCCCCCCACCAAUAAAAAAAA 0.9
@@ UGGGGGUGGGGAAAACCCCCCCACCAAUAAAAAAAU 0.9
@@ UGGGGGUGGGGAGAACCCCCCCACCAAUAAAAAAAU 0.9
@@ UGGGGGUGGGGAGAACCCCCCCACCAAUAGAAAAAU 0.9
@@ UGGGGGUGGGGAGCACCCCCCCACCAAUAGAAAAAU 0.9
@@ UGGGGGUGGGGAGCACCCCCCCACCAAUAGAAAAGU 0.9
@@ UGGGGGUGGGGAGCACCCCCCCACCAAUAGAAAGGU 0.9
@@ UGGGGGUGGGGAGCACCCCCCCACCAAUGGAAAGGU 0.9
@@ UGGGGGUGGGGAGCACCCCCCCACCACUGGAAAGGU 0.9
@@ UGGGGGUGGGGAGCACCCCCCCACCACUGGUAAGGU 0.9
@@ UGGGGUUGGGGAGCACCCCACCACCACUGGUAAGGU 0.8
@@ UGGGGUUGGGGAGCACCCCACCACCACUGGUAAGGG 0.8
@@ UGGGGUUGGGGACCACCCCACCACCACUGGUAAGGG 0.8
@@ UGGGGUUGGGGGCCACCCCACCACCACUGGUAAGGG 0.8
@@ UGGGGUUGGUGGCCACACCACCACCACUGGUAAGGG 0.7
@@ UGGGGUUGGUGGCCACACCACCACCACUGGCAAGGG 0.7
@@ UGGGGUUAGUGGCCACACUACCACCACUGGCAAGGG 0.6
@@ UGGGGUUAGUGGCCACACUACCACCACUGACAAGGG 0.6
@@ UGGGGUUAGUGGCUACACUACCACCACUGACAAGGG 0.6
@@ UUGGGUUAGUGGCUACACUACCACGACUGACAAGGG 0.5
@@ UUGGGUUAGUGGCUACACUACCACGACUGACGAGGG 0.5


Elapsed time:                   0.1686723232269287 secs.
Number of function evaluations: 112
----------------------------------------------------------------------


---------------------------------------
 FINISHED SUCCESSFULLY 
---------------------------------------
