
-----------------------------------------------------------------------
   _____ _____  ______ ______ _____             _____  _   _           
  / ____|  __ \|  ____|  ____|  __ \           |  __ \| \ | |   /\     
 | |  __| |__) | |__  | |__  | |  | |  ______  | |__) |  \| |  /  \    
 | | |_ |  _  /|  __| |  __| | |  | | |______| |  _  /| . ` | / /\ \   
 | |__| | | \ \| |____| |____| |__| |          | | \ \| |\  |/ ____ \  
  \_____|_|  \_\______|______|_____/           |_|  \_\_| \_/_/    \_\ 
       
                                       -- A. Rubio-Largo et al. 2023
-----------------------------------------------------------------------

------------------------------------------------------------------------------------------------------------------
CONFIGURATION: 

 * TARGET:           ((....)).((....))
 * STOPPING:         86400 secs.
 * SEED:             8
 * NO. OF SOLUTIONS: 1
 * max. GC-cont.:    0.48
 * MODEL:            TURNER2004
 * MUTATION PROB:    0.01
 * STAGNATION LIMIT: 50
------------------------------------------------------------------------------------------------------------------


 (1) Let's minimize the base-pair distance between predicted and target structures
    -> Min(Base-pair distance), min(Hamming distance), max(probability over ensemble), min(partition function), min(ensemble defect), min(%GC-content)


	 ->['CCAAAAGGACCAAAAGG', '((....)).........', 0.1176, -0.22692884214082137, -0.9141, 0.2019, 1.0, 0.2353]
	 >>> Resetting the solution to avoid local optima.
	 ->['CCAAAAGGACCAAAAGG', '((....)).........', 0.1176, -0.22692884214082137, -0.9141, 0.2019, 1.0, 0.2353]
	 ->['CCAAAAGGACCAAAAGG', '((....)).........', 0.1176, -0.22692884214082137, -0.9141, 0.2019, 1.0, 0.2353]


    -> Found sequence! Elapsed time:                   0.02212357521057129 secs.


 (2) We found a sequence that folds exactly like the target structure. Let's minimize the GC-content
    -> ORDER: Min(Base-pair distance), min(Hamming distance), min(GC-content), min(partition function), min(ensemble defect), max(probability over ensemble))


	 >>> Resetting the solution to avoid local optima.
	 ->['CCAAAAGGACCAAAAGG', '((....)).........', 0.1176, -0.22692884214082137, -0.9141, 0.2019, 1.0, 0.2353]
	 ->['CCAAAAGGACCAAAAGG', '((....)).........', 0.1176, -0.22692884214082137, -0.9141, 0.2019, 1.0, 0.2353]
	 >>> Resetting the solution to avoid local optima.
	 ->['GGAAAACCAGGAAAACC', '((....)).........', 0.1176, -0.10810565308153613, -0.8711, 0.2233, 1.0, 0.2353]
	 ->['GCAUUAGCAGGAACGCC', '((....)).........', 0.1176, -0.12925381333638095, -1.461, 0.2594, 1.0, 0.2353]
	 >>> Resetting the solution to avoid local optima.
	 ->['GGAAAACCAGGAAAACC', '((....)).........', 0.1176, -0.10810565308153613, -0.8711, 0.2233, 1.0, 0.2353]
	 ->['GGGCUACCAGCAACAGC', '((....)).........', 0.1176, -0.22858180086045124, -2.3096, 0.2378, 1.0, 0.2353]
	 >>> Resetting the solution to avoid local optima.
	 ->['CCAAAAGGACCAAAAGG', '((....)).........', 0.1176, -0.22692884214082137, -0.9141, 0.2019, 1.0, 0.2353]
	 ->['GGACAUCCGCCUUUGGG', '((....)).........', 0.1176, -0.11081283183662921, -2.0559, 0.3903, 1.0, 0.2353]
	 >>> Resetting the solution to avoid local optima.
	 ->['GGAAAACCAGGAAAACC', '((....)).........', 0.1176, -0.10810565308153613, -0.8711, 0.2233, 1.0, 0.2353]
	 >>> Resetting the solution to avoid local optima.
	 ->['GGAAAACCAGGAAAACC', '((....)).........', 0.1176, -0.10810565308153613, -0.8711, 0.2233, 1.0, 0.2353]
	 ->['GGACACCCAGGUUUUCC', '((....)).........', 0.1176, -0.11177193100922868, -1.7505, 0.4504, 1.0, 0.2353]
	 >>> Resetting the solution to avoid local optima.
	 ->['CCAAAAGGACCAAAAGG', '((....)).........', 0.1176, -0.22692884214082137, -0.9141, 0.2019, 1.0, 0.2353]
	 >>> Resetting the solution to avoid local optima.
	 ->['CCAAAAGGACCAAAAGG', '((....)).........', 0.1176, -0.22692884214082137, -0.9141, 0.2019, 1.0, 0.2353]
	 ->['CCGCGAGGGCCGUCUGG', '((....)).........', 0.1176, -0.06134424118629435, -2.4203, 0.5231, 1.0, 0.2353]
	 >>> Resetting the solution to avoid local optima.
	 ->['GGAAAACCAGGAAAACC', '((....)).........', 0.1176, -0.10810565308153613, -0.8711, 0.2233, 1.0, 0.2353]
	 ->['GGAAAUCCAGGAAUACC', '((....)).........', 0.1176, -0.12691252250274312, -1.1722, 0.1975, 1.0, 0.2353]
	 >>> Resetting the solution to avoid local optima.
	 ->['CCAAAAGGACCAAAAGG', '((....)).........', 0.1176, -0.22692884214082137, -0.9141, 0.2019, 1.0, 0.2353]
	 ->['GCAUGGGCGCCACGAGG', '((....)).........', 0.1176, -0.12601871570331272, -1.5766, 0.3473, 1.0, 0.2353]
	 >>> Resetting the solution to avoid local optima.
	 ->['GGAAAACCAGGAAAACC', '((....)).........', 0.1176, -0.10810565308153613, -0.8711, 0.2233, 1.0, 0.2353]
	 >>> Resetting the solution to avoid local optima.
	 ->['CCAAAAGGACCAAAAGG', '((....)).........', 0.1176, -0.22692884214082137, -0.9141, 0.2019, 1.0, 0.2353]
	 ->['GCUCCGGCGCCUUAGGG', '((....)).........', 0.1176, -0.38705898521503285, -2.985, 0.1408, 1.0, 0.2353]
	 >>> Resetting the solution to avoid local optima.
	 ->['CCAAAAGGACCAAAAGG', '((....)).........', 0.1176, -0.22692884214082137, -0.9141, 0.2019, 1.0, 0.2353]
	 ->['GCACGAGCGGCAGUAGC', '((....)).........', 0.1176, -0.08933699519391639, -1.7886, 0.3713, 1.0, 0.2353]
	 >>> Resetting the solution to avoid local optima.
	 ->['CCAAAAGGACCAAAAGG', '((....)).........', 0.1176, -0.22692884214082137, -0.9141, 0.2019, 1.0, 0.2353]
	 ->['CCAAGAGGACCAAAAGG', '((....)).........', 0.1176, -0.2259393578102272, -0.9168, 0.203, 1.0, 0.2353]
	 >>> Resetting the solution to avoid local optima.
	 ->['GGAAAACCAGGAAAACC', '((....)).........', 0.1176, -0.10810565308153613, -0.8711, 0.2233, 1.0, 0.2353]
	 >>> Resetting the solution to avoid local optima.
	 ->['GGAAAACCAGGAAAACC', '((....)).........', 0.1176, -0.10810565308153613, -0.8711, 0.2233, 1.0, 0.2353]
	 ->['GCACAUGCAGGAGGGCC', '((....)).........', 0.1176, -0.12854577157883418, -1.4644, 0.2698, 1.0, 0.2353]
	 >>> Resetting the solution to avoid local optima.
	 ->['GGAAAACCAGGAAAACC', '((....)).........', 0.1176, -0.10810565308153613, -0.8711, 0.2233, 1.0, 0.2353]
	 >>> Resetting the solution to avoid local optima.
	 ->['GGAAAACCAGGAAAACC', '((....)).........', 0.1176, -0.10810565308153613, -0.8711, 0.2233, 1.0, 0.2353]
	 >>> Resetting the solution to avoid local optima.
	 ->['GGAAAACCAGGAAAACC', '((....)).........', 0.1176, -0.10810565308153613, -0.8711, 0.2233, 1.0, 0.2353]
	 >>> Resetting the solution to avoid local optima.
	 ->['GGAAAACCAGGAAAACC', '((....)).........', 0.1176, -0.10810565308153613, -0.8711, 0.2233, 1.0, 0.2353]
	 >>> Resetting the solution to avoid local optima.
	 ->['GGAAAACCAGGAAAACC', '((....)).........', 0.1176, -0.10810565308153613, -0.8711, 0.2233, 1.0, 0.2353]
	 >>> Resetting the solution to avoid local optima.
	 ->['CCAAAAGGACCAAAAGG', '((....)).........', 0.1176, -0.22692884214082137, -0.9141, 0.2019, 1.0, 0.2353]
	 ->['CCGGGGGGGGCUACUGC', '((....)).........', 0.1176, -0.14075141464896948, -2.5085, 0.3839, 1.0, 0.2353]
	 >>> Resetting the solution to avoid local optima.
	 ->['GGAAAACCAGGAAAACC', '((....)).........', 0.1176, -0.10810565308153613, -0.8711, 0.2233, 1.0, 0.2353]
	 >>> Resetting the solution to avoid local optima.
	 ->['GGAAAACCAGGAAAACC', '((....)).........', 0.1176, -0.10810565308153613, -0.8711, 0.2233, 1.0, 0.2353]
	 >>> Resetting the solution to avoid local optima.
	 ->['GGAAAACCAGGAAAACC', '((....)).........', 0.1176, -0.10810565308153613, -0.8711, 0.2233, 1.0, 0.2353]
	 ->['GGACCUCCAUCUGCGGG', '((....)).........', 0.1176, -0.01693801613744356, -1.9135, 0.4663, 1.0, 0.2353]
	 >>> Resetting the solution to avoid local optima.
	 ->['GGAAAACCAGGAAAACC', '((....)).........', 0.1176, -0.10810565308153613, -0.8711, 0.2233, 1.0, 0.2353]
	 ->['GGGUAACCAGCGUACGC', '((....)).........', 0.1176, -0.2583853746962944, -2.2341, 0.1953, 1.0, 0.2353]
	 >>> Resetting the solution to avoid local optima.
	 ->['GGAAAACCAGGAAAACC', '((....)).........', 0.1176, -0.10810565308153613, -0.8711, 0.2233, 1.0, 0.2353]
	 >>> Resetting the solution to avoid local optima.
	 ->['CCAAAAGGACCAAAAGG', '((....)).........', 0.1176, -0.22692884214082137, -0.9141, 0.2019, 1.0, 0.2353]
	 ->['CCAAAAGGACCAAAAGG', '((....)).........', 0.1176, -0.22692884214082137, -0.9141, 0.2019, 1.0, 0.2353]
	 >>> Resetting the solution to avoid local optima.
	 ->['GGAAAACCAGGAAAACC', '((....)).........', 0.1176, -0.10810565308153613, -0.8711, 0.2233, 1.0, 0.2353]
	 ->['GGAGGUCCAGGAUAGCC', '((....)).........', 0.1176, -0.0848143203976752, -1.6206, 0.4122, 1.0, 0.2353]
	 >>> Resetting the solution to avoid local optima.
	 ->['GGAAAACCAGGAAAACC', '((....)).........', 0.1176, -0.10810565308153613, -0.8711, 0.2233, 1.0, 0.2353]
	 ->['GGAAACCCAGGUAGGCC', '((....)).........', 0.1176, -0.08975338488492439, -1.3858, 0.305, 1.0, 0.2353]
	 >>> Resetting the solution to avoid local optima.
	 ->['GGAAAACCAGGAAAACC', '((....)).........', 0.1176, -0.10810565308153613, -0.8711, 0.2233, 1.0, 0.2353]
	 ->['GGAGACCCAGGACAACC', '((....)).........', 0.1176, -0.12290820344938695, -1.192, 0.2053, 1.0, 0.2353]
	 >>> Resetting the solution to avoid local optima.
	 ->['GGAAAACCAGGAAAACC', '((....)).........', 0.1176, -0.10810565308153613, -0.8711, 0.2233, 1.0, 0.2353]
	 ->['GGUCAACCAGGAAAACC', '((....)).........', 0.1176, -0.09624565974899735, -0.9427, 0.2593, 1.0, 0.2353]
	 >>> Resetting the solution to avoid local optima.
	 ->['GGAAAACCAGGAAAACC', '((....)).........', 0.1176, -0.10810565308153613, -0.8711, 0.2233, 1.0, 0.2353]
	 ->['GGGUUACCAGGAAUACC', '((....)).........', 0.1176, -0.14418539473512657, -2.0936, 0.1809, 1.0, 0.2353]
	 >>> Resetting the solution to avoid local optima.
	 ->['CCAAAAGGACCAAAAGG', '((....)).........', 0.1176, -0.22692884214082137, -0.9141, 0.2019, 1.0, 0.2353]
	 ->['CCUCCGGGACCAAAAGG', '((....)).........', 0.1176, -0.3353150103965382, -2.0734, 0.1382, 1.0, 0.2353]
	 >>> Resetting the solution to avoid local optima.
	 ->['GGAAAACCAGGAAAACC', '((....)).........', 0.1176, -0.10810565308153613, -0.8711, 0.2233, 1.0, 0.2353]
	 ->['GGGGGCCCAGGUACACC', '((....)).........', 0.1176, -0.04117032529680471, -1.8661, 0.4827, 1.0, 0.2353]
	 >>> Resetting the solution to avoid local optima.
	 ->['GGAAAACCAGGAAAACC', '((....)).........', 0.1176, -0.10810565308153613, -0.8711, 0.2233, 1.0, 0.2353]
	 >>> Resetting the solution to avoid local optima.
	 ->['GGAAAACCAGGAAAACC', '((....)).........', 0.1176, -0.10810565308153613, -0.8711, 0.2233, 1.0, 0.2353]
	 >>> Resetting the solution to avoid local optima.
	 ->['GGAAAACCAGGAAAACC', '((....)).........', 0.1176, -0.10810565308153613, -0.8711, 0.2233, 1.0, 0.2353]
	 >>> Resetting the solution to avoid local optima.
	 ->['CCAAAAGGACCAAAAGG', '((....)).........', 0.1176, -0.22692884214082137, -0.9141, 0.2019, 1.0, 0.2353]
	 >>> Resetting the solution to avoid local optima.
	 ->['GGAAAACCAGGAAAACC', '((....)).........', 0.1176, -0.10810565308153613, -0.8711, 0.2233, 1.0, 0.2353]
	 >>> Resetting the solution to avoid local optima.
	 ->['CCAAAAGGACCAAAAGG', '((....)).........', 0.1176, -0.22692884214082137, -0.9141, 0.2019, 1.0, 0.2353]
	 ->['CCAAAAGGACCAUAAGG', '((....)).........', 0.1176, -0.22649902795769547, -0.9152, 0.2025, 1.0, 0.2353]
	 >>> Resetting the solution to avoid local optima.
	 ->['CCAAAAGGACCAAAAGG', '((....)).........', 0.1176, -0.22692884214082137, -0.9141, 0.2019, 1.0, 0.2353]
	 ->['CCAAACGGACCAUCGGG', '((....)).........', 0.1176, -0.09928746290413505, -1.3235, 0.3672, 1.0, 0.2353]
	 >>> Resetting the solution to avoid local optima.
	 ->['GGAAAACCAGGAAAACC', '((....)).........', 0.1176, -0.10810565308153613, -0.8711, 0.2233, 1.0, 0.2353]
	 ->['GGAAAUCCAGGAAAACC', '((....)).........', 0.1176, -0.1274803456150697, -1.1695, 0.196, 1.0, 0.2353]
	 >>> Resetting the solution to avoid local optima.
	 ->['CCAAAAGGACCAAAAGG', '((....)).........', 0.1176, -0.22692884214082137, -0.9141, 0.2019, 1.0, 0.2353]
	 ->['CCAAAAGGACCAGAAGG', '((....)).........', 0.1176, -0.22671521073609321, -0.9147, 0.2022, 1.0, 0.2353]
	 >>> Resetting the solution to avoid local optima.
	 ->['CCAAAAGGACCAAAAGG', '((....)).........', 0.1176, -0.22692884214082137, -0.9141, 0.2019, 1.0, 0.2353]
	 ->['GCUACUGCACCACAGGG', '((....)).........', 0.1176, -0.18835538906887758, -2.2289, 0.2808, 1.0, 0.2353]
	 >>> Resetting the solution to avoid local optima.
	 ->['CCAAAAGGACCAAAAGG', '((....)).........', 0.1176, -0.22692884214082137, -0.9141, 0.2019, 1.0, 0.2353]
	 >>> Resetting the solution to avoid local optima.
	 ->['GGAAAACCAGGAAAACC', '((....)).........', 0.1176, -0.10810565308153613, -0.8711, 0.2233, 1.0, 0.2353]
	 ->['GGGCUGCCAGGAGGACC', '((....)).........', 0.1176, -0.08993688045336941, -2.0845, 0.3377, 1.0, 0.2353]
	 >>> Resetting the solution to avoid local optima.
	 ->['GGAAAACCAGGAAAACC', '((....)).........', 0.1176, -0.10810565308153613, -0.8711, 0.2233, 1.0, 0.2353]
	 >>> Resetting the solution to avoid local optima.
	 ->['GGAAAACCAGGAAAACC', '((....)).........', 0.1176, -0.10810565308153613, -0.8711, 0.2233, 1.0, 0.2353]
	 >>> Resetting the solution to avoid local optima.
	 ->['CCAAAAGGACCAAAAGG', '((....)).........', 0.1176, -0.22692884214082137, -0.9141, 0.2019, 1.0, 0.2353]
	 ->['CCAAAAGGACCAAAAGG', '((....)).........', 0.1176, -0.22692884214082137, -0.9141, 0.2019, 1.0, 0.2353]
	 >>> Resetting the solution to avoid local optima.
	 ->['GGAAAACCAGGAAAACC', '((....)).........', 0.1176, -0.10810565308153613, -0.8711, 0.2233, 1.0, 0.2353]
	 >>> Resetting the solution to avoid local optima.
	 ->['CCAAAAGGACCAAAAGG', '((....)).........', 0.1176, -0.22692884214082137, -0.9141, 0.2019, 1.0, 0.2353]
	 ->['CCAAUUGGGGCAACAGC', '((....)).........', 0.1176, -0.07903887944639233, -1.3641, 0.3547, 1.0, 0.2353]
	 >>> Resetting the solution to avoid local optima.
	 ->['GGAAAACCAGGAAAACC', '((....)).........', 0.1176, -0.10810565308153613, -0.8711, 0.2233, 1.0, 0.2353]
	 ->['GGAAAGCCAGGAAAACC', '((....)).........', 0.1176, -0.11890508530062187, -1.0124, 0.2076, 1.0, 0.2353]
	 >>> Resetting the solution to avoid local optima.
	 ->['CCAAAAGGACCAAAAGG', '((....)).........', 0.1176, -0.22692884214082137, -0.9141, 0.2019, 1.0, 0.2353]
	 ->['CCAACCGGACCAAAAGG', '((....)).........', 0.1176, -0.19835101805756714, -0.997, 0.2429, 1.0, 0.2353]
	 >>> Resetting the solution to avoid local optima.
	 ->['GGAAAACCAGGAAAACC', '((....)).........', 0.1176, -0.10810565308153613, -0.8711, 0.2233, 1.0, 0.2353]
	 >>> Resetting the solution to avoid local optima.
	 ->['GGAAAACCAGGAAAACC', '((....)).........', 0.1176, -0.10810565308153613, -0.8711, 0.2233, 1.0, 0.2353]
	 >>> Resetting the solution to avoid local optima.
	 ->['GGAAAACCAGGAAAACC', '((....)).........', 0.1176, -0.10810565308153613, -0.8711, 0.2233, 1.0, 0.2353]
	 >>> Resetting the solution to avoid local optima.
	 ->['GGAAAACCAGGAAAACC', '((....)).........', 0.1176, -0.10810565308153613, -0.8711, 0.2233, 1.0, 0.2353]
	 ->['GGGAACCCAGGCCAACC', '((....)).........', 0.1176, -0.06183439710494216, -1.6154, 0.3733, 1.0, 0.2353]
	 >>> Resetting the solution to avoid local optima.
	 ->['GGAAAACCAGGAAAACC', '((....)).........', 0.1176, -0.10810565308153613, -0.8711, 0.2233, 1.0, 0.2353]
	 >>> Resetting the solution to avoid local optima.
	 ->['GGAAAACCAGGAAAACC', '((....)).........', 0.1176, -0.10810565308153613, -0.8711, 0.2233, 1.0, 0.2353]
	 >>> Resetting the solution to avoid local optima.
	 ->['GGAAAACCAGGAAAACC', '((....)).........', 0.1176, -0.10810565308153613, -0.8711, 0.2233, 1.0, 0.2353]
	 >>> Resetting the solution to avoid local optima.
	 ->['GGAAAACCAGGAAAACC', '((....)).........', 0.1176, -0.10810565308153613, -0.8711, 0.2233, 1.0, 0.2353]
	 ->['GCAUACGCAGGAAGGCC', '((....)).........', 0.1176, -0.12033162120542, -1.5051, 0.2763, 1.0, 0.2353]
	 >>> Resetting the solution to avoid local optima.
	 ->['GGAAAACCAGGAAAACC', '((....)).........', 0.1176, -0.10810565308153613, -0.8711, 0.2233, 1.0, 0.2353]
	 >>> Resetting the solution to avoid local optima.
	 ->['GGAAAACCAGGAAAACC', '((....)).........', 0.1176, -0.10810565308153613, -0.8711, 0.2233, 1.0, 0.2353]
	 >>> Resetting the solution to avoid local optima.
	 ->['CCAAAAGGACCAAAAGG', '((....)).........', 0.1176, -0.22692884214082137, -0.9141, 0.2019, 1.0, 0.2353]
	 ->['CCAAUAGGACCAUAAGG', '((....)).........', 0.1176, -0.224428945024717, -0.9209, 0.2065, 1.0, 0.2353]
	 >>> Resetting the solution to avoid local optima.
	 ->['GGAAAACCAGGAAAACC', '((....)).........', 0.1176, -0.10810565308153613, -0.8711, 0.2233, 1.0, 0.2353]
	 ->['GGGUAACCAGGACCACC', '((....)).........', 0.1176, -0.09223730031170832, -2.3689, 0.3486, 1.0, 0.2353]
	 >>> Resetting the solution to avoid local optima.
	 ->['GGAAAACCAGGAAAACC', '((....)).........', 0.1176, -0.10810565308153613, -0.8711, 0.2233, 1.0, 0.2353]
	 ->['GGACGUCCAGGCGAACC', '((....)).........', 0.1176, -0.050427523844299466, -1.7411, 0.4956, 1.0, 0.2353]
	 >>> Resetting the solution to avoid local optima.
	 ->['CCAAAAGGACCAAAAGG', '((....)).........', 0.1176, -0.22692884214082137, -0.9141, 0.2019, 1.0, 0.2353]
	 >>> Resetting the solution to avoid local optima.
	 ->['GGAAAACCAGGAAAACC', '((....)).........', 0.1176, -0.10810565308153613, -0.8711, 0.2233, 1.0, 0.2353]
	 ->['GCGUUGGCGGCAUCGGC', '((....)).........', 0.1176, -0.08251513171723895, -2.6376, 0.4307, 1.0, 0.2353]
	 ->['GCCUCGGCGGCCUCGGC', '((....)).((....))', 0.0, -0.36966681195934487, -4.1133, 0.3217, 1.0, 0.0]
	 >>> Resetting the solution to avoid local optima.
	 ->['GGAAAACCAGGAAAACC', '((....)).........', 0.1176, -0.10810565308153613, -0.8711, 0.2233, 1.0, 0.2353]
	 ->['GGAGACCCAGCCGCGGC', '((....)).........', 0.1176, -0.24519730438219234, -1.7664, 0.2696, 1.0, 0.2353]
	 >>> Resetting the solution to avoid local optima.
	 ->['GGAAAACCAGGAAAACC', '((....)).........', 0.1176, -0.10810565308153613, -0.8711, 0.2233, 1.0, 0.2353]
	 ->['GGGAGACCAGGCCAACC', '((....)).........', 0.1176, -0.12239393276421863, -2.1946, 0.2341, 1.0, 0.2353]




RNA sequences found with GC-content <= 0.48:

RNA sequences found with GC-content > 0.48:
@@ CCAAAAGGACCGAAAGG 1.0
@@ CCGAAAGGACCGAAAGG 1.0
@@ CCGAAGGGACCGAAAGG 1.0
@@ CCGACGGGACCGAAAGG 1.0
@@ CCGAGGGGACCGAAAGG 1.0
@@ CCGAGGGGGCCGAAAGG 1.0
@@ CCGAGGGGGCCGACAGG 1.0
@@ CCGAGGGGGCCGAGAGG 1.0
@@ CCGUGGGGGCCGAGAGG 1.0
@@ CCGUGGGGGCCGACAGG 1.0
@@ CCAAAAGGGCCGAAAGG 1.0
@@ CCACAAGGGCCGAAAGG 1.0
@@ CCACAAGGGCCGAAGGG 1.0
@@ CCACAAGGGCCGGAGGG 1.0
@@ CCACAAGGGCCGGGGGG 1.0
@@ CCACACGGGCCGGGGGG 1.0
@@ GCAUUAGCAGGGACGCC 1.0
@@ GCAUUAGCAGGGGCGCC 1.0
@@ GCAUGAGCAGGGGCGCC 1.0
@@ GCAUGAGCAGGGGCACC 1.0
@@ GCAUGAGCAGCGGCAGC 1.0
@@ GCGUGAGCAGCGGCAGC 1.0
@@ GCGUGAGCAGCGGCGGC 1.0
@@ GCGUGAGCGGCGGCGGC 1.0
@@ GGGCUACCAGCGACAGC 1.0
@@ GGGCUACCACCGACAGG 1.0
@@ GGGCUACCACCGAUAGG 1.0
@@ GGGCUACCACCGUUAGG 1.0
@@ GGGAUACCACCGUUAGG 1.0
@@ GGGAUACCACCGUCAGG 1.0
@@ GGGGUACCACCGUCAGG 1.0
@@ GGACAUCCGCCGUUGGG 1.0
@@ GGACCUCCGCCGUUGGG 1.0
@@ GGACACCCAGCUUUUGC 1.0
@@ GGACACCCAGCUUGUGC 1.0
@@ GGACACCCAGCUCGUGC 1.0
@@ GGACGCCCAGCUCGUGC 1.0
@@ CCGCGAGGGCCGUCAGG 1.0
@@ GGAAAUCCAGGGAUACC 1.0
@@ GGAAUUCCAGGGAUACC 1.0
@@ GGGAUUCCAGGGAUACC 1.0
@@ GGGAUACCAGGGAUACC 1.0
@@ GGGAUACCAGGGUUACC 1.0
@@ GGGAAACCAGGGUUACC 1.0
@@ GGGAAACCAGGGGUACC 1.0
@@ GGGACACCAGGGGUACC 1.0
@@ GGGACGCCAGGGGUACC 1.0
@@ GCAUGGGCGCCGCGAGG 1.0
@@ GCAUGGGCGCCGCUAGG 1.0
@@ GCAUGGGCGCCGCUGGG 1.0
@@ GCAUGGGCACCGCUGGG 1.0
@@ GCAUGGGCAGCGCUGGC 1.0
@@ GCAAGGGCAGCGCUGGC 1.0
@@ GCUCCGGCGCCGUAGGG 1.0
@@ GCUCCGGCACCGUAGGG 1.0
@@ GCUCCGGCACCGCAGGG 1.0
@@ GCACGAGCGGCGGUAGC 1.0
@@ GCACUAGCGGCGGUAGC 1.0
@@ CCAAGAGGACCGAAAGG 1.0
@@ CCAAGAGGACCGCAAGG 1.0
@@ CCAAGUGGACCGCAAGG 1.0
@@ CCAAGUGGGCCGCAAGG 1.0
@@ GCAAGUGCGCCGCAAGG 1.0
@@ GCAUGUGCGCCGCAAGG 1.0
@@ GCAUGUGCACCGCAAGG 1.0
@@ GCAUGUGCACCGCAGGG 1.0
@@ GCAUUUGCACCGCAGGG 1.0
@@ GCUUUUGCACCGCAGGG 1.0
@@ GCUUUUGCAGCGCAGGC 1.0
@@ GCUUUUGCAGCGCAAGC 1.0
@@ GCACAUGCAGGGGGGCC 1.0
@@ GCACAAGCAGGGGGGCC 1.0
@@ GCACGAGCAGGGGGGCC 1.0
@@ GCACGUGCAGGGGGGCC 1.0
@@ GCACGUGCAGCGGGGGC 1.0
@@ GCACGUGCGGCGGGGGC 1.0
@@ CCGGGGGGAGCUACUGC 1.0
@@ GGACCUCCAGCUGCGGC 1.0
@@ GGACCUCCACCUGCGGG 1.0
@@ GGUCCUCCACCUGCGGG 1.0
@@ GGGCCUCCACCUGCGGG 1.0
@@ GGGCGUCCACCUGCGGG 1.0
@@ GGGCGACCACCUGCGGG 1.0
@@ GGGUGACCACCUGCGGG 1.0
@@ GGGUGACCACCUACGGG 1.0
@@ GGGUGACCACCUCCGGG 1.0
@@ GGGUGACCGCCUCCGGG 1.0
@@ GGGUAACCAGCGUAAGC 1.0
@@ GGGUGACCAGCGUAAGC 1.0
@@ GGGUUACCAGCGUAAGC 1.0
@@ GGGUUACCACCGUAAGG 1.0
@@ GGGUGACCACCGUAAGG 1.0
@@ GGGUGACCACCGUGAGG 1.0
@@ GGGUGACCACCGUGGGG 1.0
@@ GGGUGACCACCGUUGGG 1.0
@@ GGGUGACCACCGCUGGG 1.0
@@ CCAAAAGGACCGUAAGG 1.0
@@ CCAAAGGGACCGUAAGG 1.0
@@ CCAAAGGGACCGGAAGG 1.0
@@ CCAUAGGGACCGGAAGG 1.0
@@ CCAUUGGGACCGGAAGG 1.0
@@ CCAUUUGGACCGGAAGG 1.0
@@ CCAUUUGGACCGCAAGG 1.0
@@ CCUUUUGGACCGCAAGG 1.0
@@ CCUUUUGGACCGCAGGG 1.0
@@ CCUUUUGGACCGUAGGG 1.0
@@ CCUUUUGGACCGUGGGG 1.0
@@ GCUUUUGCACCGUGGGG 1.0
@@ GCUUCUGCACCGUGGGG 1.0
@@ GCUGCUGCACCGUGGGG 1.0
@@ GCUGCUGCACCGAGGGG 1.0
@@ GCUGCGGCACCGAGGGG 1.0
@@ GCUGCGGCACCGACGGG 1.0
@@ GCUGCGGCACCGUCGGG 1.0
@@ GCUGCGGCACCCUCGGG 1.0
@@ GCUCCGGCACCCUCGGG 1.0
@@ GGAGGUCCAGGGUAGCC 1.0
@@ GGAGAUCCAGGGUAGCC 1.0
@@ GGAGCUCCAGGGUAGCC 1.0
@@ GGAGCUCCAGGGUGGCC 1.0
@@ GGAGCUCCAGGGUGACC 1.0
@@ GGAAACCCAGGGAGGCC 1.0
@@ GGACACCCAGGGAGGCC 1.0
@@ GCACACGCAGGGAGGCC 1.0
@@ GCACACGCAGGGGGGCC 1.0
@@ GGAGACCCAGGGCAACC 1.0
@@ GGAGACCCAGGGCGACC 1.0
@@ GGGGACCCAGGGCGACC 1.0
@@ GGGGAACCAGGGCGACC 1.0
@@ GGGGAACCAGGGCCACC 1.0
@@ GGGUAACCAGGGCCACC 1.0
@@ GGUCAACCAGGGAAACC 1.0
@@ GGCCAACCAGGGAAACC 1.0
@@ GGGCAACCAGGGAAACC 1.0
@@ GGGCAACCAGGGACACC 1.0
@@ GGGCGACCAGGGACACC 1.0
@@ GGGGGACCAGGGACACC 1.0
@@ GGGGGACCAGGGGCACC 1.0
@@ GGGGCACCAGGGGCACC 1.0
@@ GGGGCACCAGGGGUACC 1.0
@@ GGGGGACCAGGGGUACC 1.0
@@ GGGUUACCAGGGAUACC 1.0
@@ GGGUUACCAGGGUUACC 1.0
@@ GGGGUACCAGGGUUACC 1.0
@@ CCUCCGGGACCGAAAGG 1.0
@@ CCUGCGGGACCGAAAGG 1.0
@@ CCUGCGGGACCGAGAGG 1.0
@@ CCUGCGGGGCCGAGAGG 1.0
@@ GCUGCGGCGCCGAGAGG 1.0
@@ GCUGCGGCGCCGGGAGG 1.0
@@ GCUGCGGCACCGGGAGG 1.0
@@ GCUGCGGCACCGUGAGG 1.0
@@ GCUACGGCACCGUGAGG 1.0
@@ GCUACGGCACCGUAAGG 1.0
@@ GCUGCGGCACCGUAAGG 1.0
@@ GGGGGCCCAGGGACACC 1.0
@@ GGGGUACCAGGGGCACC 1.0
@@ CCACAAGGACCGUAAGG 1.0
@@ CCACAAGGACCGUUAGG 1.0
@@ CCACCAGGACCGUUAGG 1.0
@@ CCACCAGGGCCGUUAGG 1.0
@@ CCACCCGGGCCGUUAGG 1.0
@@ CCACACGGGCCGUUAGG 1.0
@@ CCACACGGGCCGGUAGG 1.0
@@ GCACACGCGCCGGUAGG 1.0
@@ GCACGCGCGCCGGUAGG 1.0
@@ GCUCGCGCGCCGGUAGG 1.0
@@ GCUCGCGCACCGGUAGG 1.0
@@ GCUCGUGCACCGGUAGG 1.0
@@ GCUCGUGCACCGCUAGG 1.0
@@ GCUCCUGCACCGCUAGG 1.0
@@ GCUCCUGCACCGCGAGG 1.0
@@ CCAAACGGACCCUCGGG 1.0
@@ CCAAUCGGACCCUCGGG 1.0
@@ CCAUUCGGACCCUCGGG 1.0
@@ GCAUUCGCACCCUCGGG 1.0
@@ GCACUCGCACCCUCGGG 1.0
@@ GGAAAUCCAGGGAAACC 1.0
@@ GGAAAUCCAGGGACACC 1.0
@@ GGAAACCCAGGGAUACC 1.0
@@ GGAGACCCAGGGAUACC 1.0
@@ GGAGGCCCAGGGAUACC 1.0
@@ GGAUGCCCAGGGAUACC 1.0
@@ GGAUGCCCAGGGACACC 1.0
@@ CCAAAAGGACCGGAAGG 1.0
@@ CCAUAAGGACCGGAAGG 1.0
@@ CCAUAAGGACCGGGAGG 1.0
@@ GCAUAAGCACCGGGAGG 1.0
@@ GCAUAAGCACCGCGAGG 1.0
@@ GCAUAAGCACCGCUAGG 1.0
@@ GCAUCAGCACCGCUAGG 1.0
@@ GCAUCAGCAGCGCUAGC 1.0
@@ GCAUCAGCAGCGAUAGC 1.0
@@ GCGUCAGCAGCGAUAGC 1.0
@@ GCGUCAGCAGCGUUAGC 1.0
@@ GCGGCAGCAGCGUUAGC 1.0
@@ GCGGCAGCAGCGUAAGC 1.0
@@ GCGGCAGCAGCGGAAGC 1.0
@@ GCGGCAGCAGCGGAGGC 1.0
@@ GCGGCAGCGGCGGAGGC 1.0
@@ GCUACUGCACCCCAGGG 1.0
@@ GCUUCUGCACCCCAGGG 1.0
@@ GGGCUGCCAGGGGGACC 1.0
@@ GCGCUGGCAGGGGGACC 1.0
@@ CCAAAAGGACCGCAAGG 1.0
@@ CCAUAAGGACCGCAAGG 1.0
@@ CCAUAAGGACCGCAGGG 1.0
@@ CCAUAAGGACCGCCGGG 1.0
@@ CCAUUAGGACCGCCGGG 1.0
@@ CCAUCAGGACCGCCGGG 1.0
@@ CCAUCAGGACCUCCGGG 1.0
@@ GCAUCAGCACCUCCGGG 1.0
@@ GCAUCUGCACCUCCGGG 1.0
@@ GCUUCUGCACCUCCGGG 1.0
@@ GCUCCUGCACCUCCGGG 1.0
@@ GCUCCUGCACCUACGGG 1.0
@@ CCAAUUGGGGCGACAGC 1.0
@@ CCAAUUGGGGGGACACC 1.0
@@ CCACUUGGGGGGACACC 1.0
@@ CCACUUGGGGGGGCACC 1.0
@@ CCACUUGGGGGGGUACC 1.0
@@ GGAAAGCCAGGGAAACC 1.0
@@ GGAUAGCCAGGGAAACC 1.0
@@ GGAUAUCCAGGGAAACC 1.0
@@ GGAUAUCCAGGGUAACC 1.0
@@ GGAUAUCCAGGGGAACC 1.0
@@ GGAGAUCCAGGGGAACC 1.0
@@ CCAACCGGACCGAAAGG 1.0
@@ CCAACCGGGCCGAAAGG 1.0
@@ CCUACCGGGCCGAAAGG 1.0
@@ CCUACCGGGCCGCAAGG 1.0
@@ CCUACUGGGCCGCAAGG 1.0
@@ CCUACGGGGCCGCAAGG 1.0
@@ CCUACGGGGCCGGAAGG 1.0
@@ CCUGCGGGGCCGGAAGG 1.0
@@ GGGAACCCAGGGCAACC 1.0
@@ GGGUACCCAGGGCAACC 1.0
@@ GGGCACCCAGGGCAACC 1.0
@@ GGGCACCCAGGGCGACC 1.0
@@ GGGCAACCAGGGCGACC 1.0
@@ GGGCUACCAGGGCGACC 1.0
@@ GCAUACGCAGGGAGGCC 1.0
@@ GCAUACGCAGGGGGGCC 1.0
@@ GCAUACGCAGCGGGGGC 1.0
@@ GCAUUCGCAGCGGGGGC 1.0
@@ GCAUUCGCGGCGGGGGC 1.0
@@ CCAAUAGGACCGUAAGG 1.0
@@ CCACUAGGACCGUAAGG 1.0
@@ CCACGAGGACCGUAAGG 1.0
@@ CCACGAGGACCGUCAGG 1.0
@@ CCACGAGGGCCGUCAGG 1.0
@@ GGACGUCCAGGGGAACC 1.0
@@ GGACGUCCAGGGGUACC 1.0
@@ GGACGGCCAGGGGUACC 1.0
@@ GGGCGGCCAGGGGUACC 1.0
@@ GGGCGACCAGGGGUACC 1.0
@@ GCGUUGGCGGCCUCGGC 1.0
@@ GCGUCGGCGGCCUCGGC 1.0
@@ GCGUCGGCAGCCUCGGC 1.0
@@ GCCUCGGCAGCCUCGGC 1.0
@@ GCCUCGGCGGCCUCGGC 1.0
@@ UCCUCGGAGGCCUCGGC 0.75
@@ UCCUCGGAAGCCUCGGC 0.75
@@ GGAGACCCAGCCGAGGC 1.0
@@ GGAGACCCAGCGGAGGC 1.0
@@ GCAGACGCAGCGGAGGC 1.0
@@ GCACACGCAGCGGAGGC 1.0
@@ GCACACGCAGCGCAGGC 1.0
@@ GCACAUGCAGCGCAGGC 1.0
@@ GCUCAUGCAGCGCAGGC 1.0
@@ GCUCAUGCACCGCAGGG 1.0
@@ GGGAGACCAGGGCAACC 1.0
@@ GGGAGACCAGGGUAACC 1.0
@@ GGGUGACCAGGGUAACC 1.0
@@ GGGGGACCAGGGUAACC 1.0
@@ GGGGUACCAGGGUAACC 1.0


Elapsed time:                   86400.0136384964 secs.
Number of function evaluations: 107430844
----------------------------------------------------------------------


---------------------------------------
 FINISHED SUCCESSFULLY 
---------------------------------------
