
-----------------------------------------------------------------------
   _____ _____  ______ ______ _____             _____  _   _           
  / ____|  __ \|  ____|  ____|  __ \           |  __ \| \ | |   /\     
 | |  __| |__) | |__  | |__  | |  | |  ______  | |__) |  \| |  /  \    
 | | |_ |  _  /|  __| |  __| | |  | | |______| |  _  /| . ` | / /\ \   
 | |__| | | \ \| |____| |____| |__| |          | | \ \| |\  |/ ____ \  
  \_____|_|  \_\______|______|_____/           |_|  \_\_| \_/_/    \_\ 
       
                                       -- A. Rubio-Largo et al. 2023
-----------------------------------------------------------------------

------------------------------------------------------------------------------------------------------------------
CONFIGURATION: 

 * TARGET:           .((.((.((..((.(...).)).))..))....)).
 * STOPPING:         86400 secs.
 * SEED:             9
 * NO. OF SOLUTIONS: 1
 * max. GC-cont.:    0.48
 * MODEL:            TURNER2004
 * MUTATION PROB:    0.01
 * STAGNATION LIMIT: 50
------------------------------------------------------------------------------------------------------------------


 (1) Let's minimize the base-pair distance between predicted and target structures
    -> Min(Base-pair distance), min(Hamming distance), max(probability over ensemble), min(partition function), min(ensemble defect), min(%GC-content)


	 ->['AGGAGGAGGAAGGAGAAACACCACCAACCAAAACCA', '.((....((..((.(......).))..))....)).', 0.3333, -0.0007543586925342024, -4.0311, 0.4203, 1.0, 0.1111]
	 ->['AGGAGGAGGAAGGAGAAACACCACCAACCAAAACCA', '.((....((..((.(......).))..))....)).', 0.3333, -0.0007543586925342024, -4.0311, 0.4203, 1.0, 0.1111]
	 ->['AGGAGCAGGAAGGAGAAACACCACCAAGCAAAACCA', '....((..(..((.......))..)..)).......', 0.1667, -0.006421113579164364, -3.0113, 0.2391, 1.0, 0.2222]
	 >>> Resetting the solution to avoid local optima.
	 ->['ACCACCACCAACCACAAAGAGGAGGAAGGAAAAGGA', '.((.((.((...........)).))..)).......', 0.4167, -0.0006013949554065783, -3.7708, 0.3925, 1.0, 0.1667]
	 ->['AGCACCACGAACCACAAAGAGGAUGAAGGAAAAGCA', '....((.....((.......)).....)).......', 0.1389, -0.0006483191647833365, -1.8245, 0.3105, 1.0, 0.2778]
	 ->['AGCACCACGGACCACAAAGAGGAUGAAGGAAAUGCA', '.(((((.....((.......)).....))...))).', 0.1111, -0.0002691298328283931, -3.4664, 0.2239, 0.8571, 0.2222]
	 >>> Resetting the solution to avoid local optima.
	 ->['ACCACCACCAACCACAAAGAGGAGGAAGGAAAAGGA', '.((.((.((...........)).))..)).......', 0.4167, -0.0006013949554065783, -3.7708, 0.3925, 1.0, 0.1667]
	 ->['ACCACCACCAACCACAAAGAGGAGGAAGGAAAAGGA', '.((.((.((...........)).))..)).......', 0.4167, -0.0006013949554065783, -3.7708, 0.3925, 1.0, 0.1667]
	 ->['AUCACCACCAACCACAAAGAGGAGGAAGGCAAAGAA', '....((..(..((.......))..)..)).......', 0.1667, -0.000113845525953003, -3.0966, 0.3688, 1.0, 0.2222]
	 ->['AACACCGGUAUACGCAAAGAGUAACAAGGCAAAGUA', '....((.((.(((.......)))))..)).......', 0.1111, -2.8423596828476233e-05, -2.9518, 0.2847, 0.5714, 0.2222]
	 >>> Resetting the solution to avoid local optima.
	 ->['ACCACCACCAACCACAAAGAGGAGGAAGGAAAAGGA', '.((.((.((...........)).))..)).......', 0.4167, -0.0006013949554065783, -3.7708, 0.3925, 1.0, 0.1667]
	 ->['ACCACCACCAACCACAAAGAGGAGGAAGGAAAAGGA', '.((.((.((...........)).))..)).......', 0.4167, -0.0006013949554065783, -3.7708, 0.3925, 1.0, 0.1667]
	 ->['ACCACCACCUACCACAAAGCGGAGGAAGGAAAAGGA', '....((.(((.((.......)))))..)).......', 0.1111, -0.0002076724349008729, -5.9261, 0.3525, 0.8571, 0.2222]
	 ->['ACCGGCACCUAUCACACAGCGAAGGAAGCAAUUGGG', '.(((((.(((.((.......)))))..))...))).', 0.0833, -0.0003585435978574903, -4.5896, 0.2085, 0.7, 0.1667]
	 >>> Resetting the solution to avoid local optima.
	 ->['AGGAGGAGGAAGGAGAAACACCACCAACCAAAACCA', '.((....((..((.(......).))..))....)).', 0.3333, -0.0007543586925342024, -4.0311, 0.4203, 1.0, 0.1111]
	 ->['AGGAGGAGGAAGGAGAAACACCACCAACCAAAACCA', '.((....((..((.(......).))..))....)).', 0.3333, -0.0007543586925342024, -4.0311, 0.4203, 1.0, 0.1111]
	 ->['AGAAGGAGGAAGGAGAAACACCACCAACCAAAAUCA', '....((..(..((.......))..)..)).......', 0.1667, -0.0002094001676554957, -3.221, 0.385, 1.0, 0.2222]
	 ->['AGGAUGCGGAAGGAGAAACACCACCAACAAAAACCA', '.......((..((.......)).))...........', 0.1389, -0.00080278709754416, -2.2928, 0.3945, 1.0, 0.2778]
	 ->['AGGAUCCGGAACGAGAAACACGACCGAGAAAAACCA', '....(((((..((.......)).))).)).......', 0.1111, -3.016798893800596e-05, -3.9151, 0.2196, 0.8571, 0.2222]
	 ->['AGGACACGGAACGCGAAACACGGCCGAUGAAAUCCA', '.((((((((..((.......)).))).))...))).', 0.0833, -1.3331682255452759e-05, -6.6184, 0.1688, 0.8, 0.1667]
	 >>> Resetting the solution to avoid local optima.
	 ->['ACCACCACCAACCACAAAGAGGAGGAAGGAAAAGGA', '.((.((.((...........)).))..)).......', 0.4167, -0.0006013949554065783, -3.7708, 0.3925, 1.0, 0.1667]
	 ->['ACCACCACCAACCACAAAGAGGAGGAAGGAAAAGGA', '.((.((.((...........)).))..)).......', 0.4167, -0.0006013949554065783, -3.7708, 0.3925, 1.0, 0.1667]
	 ->['ACCACCACCAACCACAAAGAGGAGGGAGGAAAAGGA', '....((.((..((.......))..)).)).......', 0.1944, -0.0002102235104316956, -6.1186, 0.3211, 1.0, 0.2222]
	 ->['ACCACCACCAACCGCAAAGGGGAGGGAGGCAAAGGU', '(((.((.((..((......))..))..))....)))', 0.1667, -0.000532033558728717, -8.6463, 0.3061, 0.8889, 0.1667]
	 ->['ACCACCACCAACGGCAAAGGCGAGGGAGGCAACGGU', '(((.((.((..((.(...).))..)).))....)))', 0.1389, -0.001753242803344915, -7.1113, 0.2606, 0.9, 0.1111]
	 >>> Resetting the solution to avoid local optima.
	 ->['ACCACCACCAACCACAAAGAGGAGGAAGGAAAAGGA', '.((.((.((...........)).))..)).......', 0.4167, -0.0006013949554065783, -3.7708, 0.3925, 1.0, 0.1667]
	 ->['ACCACCACCGACCACAAAGAGGAGGAAGGAAAAGGA', '.((....((..((.(......).))..))....)).', 0.3333, -0.0006835491647134134, -4.9919, 0.3971, 1.0, 0.1111]
	 ->['ACCACGACCGACCACAAAGAGGAGGAAUGAAAAGGA', '.......((..((.......)).))...........', 0.1389, -0.0004818761936690231, -2.8073, 0.3419, 1.0, 0.2778]
	 >>> Resetting the solution to avoid local optima.
	 ->['AGGAGGAGGAAGGAGAAACACCACCAACCAAAACCA', '.((....((..((.(......).))..))....)).', 0.3333, -0.0007543586925342024, -4.0311, 0.4203, 1.0, 0.1111]
	 ->['AGGAGGAGGAAGGAGAAACACCACCAACCAAAACCA', '.((....((..((.(......).))..))....)).', 0.3333, -0.0007543586925342024, -4.0311, 0.4203, 1.0, 0.1111]
	 ->['AGGGGGACGAACGACUAAGACGACGAACCAAAACCA', '...((..((..((.......)).))..)).......', 0.1944, -0.00022575088631475202, -3.4747, 0.2974, 1.0, 0.2222]
	 ->['AGGGGGACGAACGACUAAGACGACGAUCCAAAACCA', '....(((((..((.......)).)).))).......', 0.1111, -8.092941092716687e-05, -4.1069, 0.2859, 0.8571, 0.2222]
	 >>> Resetting the solution to avoid local optima.
	 ->['ACCACCACCAACCACAAAGAGGAGGAAGGAAAAGGA', '.((.((.((...........)).))..)).......', 0.4167, -0.0006013949554065783, -3.7708, 0.3925, 1.0, 0.1667]
	 ->['ACCACCACCAGCCGCAAAGGGGAGGACGGAAAAGGA', '....((.((..((......))..))..)).......', 0.1944, -0.0020688146447216836, -6.7093, 0.3394, 1.0, 0.2222]
	 ->['ACCACCACCAGCCCCAAAGGGGAGGACGGAAAAGGA', '....((..(..((((...))))..)..)).......', 0.1667, -2.4545432116975935e-07, -9.5805, 0.2561, 1.0, 0.2222]
	 ->['ACCACCACCAGCCCCAAAGGGGAGGACGGAAAUGGA', '.(((((..(..((((...))))..)..))...))).', 0.1389, -2.2007782158280852e-08, -11.0669, 0.2337, 0.9, 0.1667]
	 ->['GCCGCCAGCAUUCCAAUAUGGAAGCAAGGAAAUGGA', '.(((((.((.(((((...)))))))..))...))).', 0.0833, -1.8560811677202698e-08, -8.4719, 0.2386, 0.6667, 0.1667]
	 >>> Resetting the solution to avoid local optima.
	 ->['ACCACCACCAACCACAAAGAGGAGGAAGGAAAAGGA', '.((.((.((...........)).))..)).......', 0.4167, -0.0006013949554065783, -3.7708, 0.3925, 1.0, 0.1667]
	 ->['ACCACCACCAACCACAAAGAGGAGGAAGGAAAAGGA', '.((.((.((...........)).))..)).......', 0.4167, -0.0006013949554065783, -3.7708, 0.3925, 1.0, 0.1667]
	 ->['GCCACCACAAACCACAAAGAGGAUGACGGAAAAGGA', '....((.....((.......)).....)).......', 0.1389, -0.00126422004137003, -2.0129, 0.3485, 1.0, 0.2778]
	 ->['GCCACCAGAAACCACAAAGAGGAUCACGGAAAAGGC', '(((.((.....((.......)).....))....)))', 0.1111, -0.0002199807982819114, -3.1906, 0.2001, 1.0, 0.2222]
	 ->['AGCACCAGACAGGAGAAGCGCCAUCGAGGAAAAGCU', '(((.((.((..((.......)).))..))....)))', 0.0556, -0.011264121456580171, -2.9649, 0.3486, 0.7778, 0.1111]
	 >>> Resetting the solution to avoid local optima.
	 ->['ACCACCACCAACCACAAAGAGGAGGAAGGAAAAGGA', '.((.((.((...........)).))..)).......', 0.4167, -0.0006013949554065783, -3.7708, 0.3925, 1.0, 0.1667]
	 ->['ACCACAACCGACCACAAAGAGGAGGCAUGCAAAGGA', '.......((..((.......)).))...........', 0.1389, -0.0014431458442107448, -2.8313, 0.3204, 1.0, 0.2778]
	 >>> Resetting the solution to avoid local optima.
	 ->['AGGAGGAGGAAGGAGAAACACCACCAACCAAAACCA', '.((....((..((.(......).))..))....)).', 0.3333, -0.0007543586925342024, -4.0311, 0.4203, 1.0, 0.1111]
	 ->['AGGAGGAGGAAGGAGAAACACCACCAACCAAAACCA', '.((....((..((.(......).))..))....)).', 0.3333, -0.0007543586925342024, -4.0311, 0.4203, 1.0, 0.1111]
	 ->['AGCAGGACGAAGGACAAAGACCACGAACCAAAAGCA', '....((.((..((.......)).))..)).......', 0.0833, -0.009446201794374543, -1.9734, 0.2543, 1.0, 0.1667]
	 ->['AGCAUCAGGAACGACUAAGACGACCGAGAUAAAGCA', '.(((((.((..((.......)).))..)))...)).', 0.0556, -0.002090841256269163, -2.7028, 0.1911, 0.7778, 0.1111]
	 >>> Resetting the solution to avoid local optima.
	 ->['ACCACCACCAACCACAAAGAGGAGGAAGGAAAAGGA', '.((.((.((...........)).))..)).......', 0.4167, -0.0006013949554065783, -3.7708, 0.3925, 1.0, 0.1667]
	 ->['ACCACCACCAACCACAAAGAGGAGGAAGGAAAAGGA', '.((.((.((...........)).))..)).......', 0.4167, -0.0006013949554065783, -3.7708, 0.3925, 1.0, 0.1667]
	 ->['ACCACCACCAACCACAAAGGGGAGGAAGGAAAAGGA', '....((.((..((......))..))..)).......', 0.1944, -5.234495547238809e-05, -5.6755, 0.3936, 1.0, 0.2222]
	 ->['ACCACCACCAAGCACAAAGGGCAGGAAGGAAAAGGA', '....((..(..((.......))..)..)).......', 0.1667, -0.003771447008703853, -3.3393, 0.2996, 1.0, 0.2222]
	 ->['ACCACCACCAAGCGCAAAGGGCAGGAAGGAAAAGGA', '....((..(..((.(...).))..)..)).......', 0.1389, -0.04548140976563462, -4.5047, 0.2202, 1.0, 0.1667]
	 ->['ACCACAACCGAGCGCAAAGGGCAGGAAUGAAAAGGG', '.......((..((.(...).)).))...........', 0.1111, -0.056317260115175585, -4.373, 0.2283, 1.0, 0.2222]
	 >>> Resetting the solution to avoid local optima.
	 ->['AGGAGGAGGAAGGAGAAACACCACCAACCAAAACCA', '.((....((..((.(......).))..))....)).', 0.3333, -0.0007543586925342024, -4.0311, 0.4203, 1.0, 0.1111]
	 ->['AGGAGGAGGAAGGCGAAACACCACCAACCAAAACCA', '.((....((..((.(......).))..))....)).', 0.3333, -0.002128513383440122, -4.6918, 0.4085, 1.0, 0.1111]
	 ->['AGGAGGAAGAAGGCGAAACACCACUAACCAAAACCA', '....((.....((.......)).....)).......', 0.1389, -0.010715127928533519, -1.9957, 0.319, 1.0, 0.2778]
	 ->['AGGAGGAAGUAGGCGAAACACCACUAACCAAAACCA', '....((.(((.((.......)))))..)).......', 0.1111, -0.0006559523712620233, -3.9173, 0.256, 0.7143, 0.2222]
	 ->['AGGUGCAGGUAGGCGAAACACCUCCGAGCGAAUCCA', '.(((((.((.(((.......)))))..)))...)).', 0.0833, -0.0005535409988474008, -8.0219, 0.1937, 0.8, 0.1667]
	 >>> Resetting the solution to avoid local optima.
	 ->['ACCACCACCAACCACAAAGAGGAGGAAGGAAAAGGA', '.((.((.((...........)).))..)).......', 0.4167, -0.0006013949554065783, -3.7708, 0.3925, 1.0, 0.1667]
	 ->['ACCACCACCAACCACAAAGAGGAGGAAGGAAAAGGA', '.((.((.((...........)).))..)).......', 0.4167, -0.0006013949554065783, -3.7708, 0.3925, 1.0, 0.1667]
	 ->['ACCAUCACCAACCACAAAGAGGAGGAAGAAAAAGGA', '.((.((..(.........)..))))...........', 0.3889, -0.000530790727887925, -2.2478, 0.4081, 0.8, 0.2778]
	 ->['AGCAUCACCAAGCACAAAGAGCAGGAAGAUAAAGCA', '.(((((..(..((.......))..)..)))...)).', 0.1389, -0.0005080445956833014, -3.0748, 0.2365, 0.75, 0.1667]
	 ->['AGCAUCACUAGGCACAAAGAGCAAGAAGAUAAAGCA', '.(((((.....((.......)).....)))...)).', 0.1111, -0.00031252109903800464, -2.5742, 0.2775, 0.7143, 0.2222]
	 ->['AGCAUCAGCAGGCACAAAGAGCAGUUAGAUAAAGCA', '.((((((((..((.......)).))).)))...)).', 0.0833, -6.809375446775879e-05, -4.2134, 0.2032, 0.6, 0.1667]
	 >>> Resetting the solution to avoid local optima.
	 ->['AGGAGGAGGAAGGAGAAACACCACCAACCAAAACCA', '.((....((..((.(......).))..))....)).', 0.3333, -0.0007543586925342024, -4.0311, 0.4203, 1.0, 0.1111]
	 ->['AGGAGGAGGAAGGAGAAACACCACCAACCAAAACCA', '.((....((..((.(......).))..))....)).', 0.3333, -0.0007543586925342024, -4.0311, 0.4203, 1.0, 0.1111]
	 ->['AUGAGGAGGAAGGAGAAACACCACCAACCAAAACAA', '....((..(..((.......))..)..)).......', 0.1667, -5.208621580905742e-05, -3.2785, 0.3827, 1.0, 0.2222]
	 ->['UUGAAGAGGCCGGAGUAACACCACCAUCUAAAACAG', '....(((((..((.......)).)).))).......', 0.1111, -7.32436806011677e-06, -3.7876, 0.2679, 0.7143, 0.2222]
	 ->['UCCACGGGGCCGGAGUAACACCACCAUCGAAAUGGG', '.((((((((..((.......)).)).)))...))).', 0.0833, -0.00018197379816660588, -6.2075, 0.2961, 0.8, 0.1667]
	 >>> Resetting the solution to avoid local optima.
	 ->['AGGAGGAGGAAGGAGAAACACCACCAACCAAAACCA', '.((....((..((.(......).))..))....)).', 0.3333, -0.0007543586925342024, -4.0311, 0.4203, 1.0, 0.1111]
	 ->['AGGAGGAGGAAGGAGAAACACCACCAACCAAAACCA', '.((....((..((.(......).))..))....)).', 0.3333, -0.0007543586925342024, -4.0311, 0.4203, 1.0, 0.1111]
	 ->['AGGAGCGGGGAGUACAUAGAACACCAAGCAAAACCA', '....((..((.((.......)).))..)).......', 0.1944, -0.0022024807997947414, -5.1708, 0.2672, 0.8333, 0.2222]
	 ->['AGGAGCGGGAAGUACAUAGAACACCAAGCAAAACCA', '....((.((..............))..)).......', 0.1389, -0.008841186912891787, -2.6142, 0.2723, 1.0, 0.2778]
	 ->['AGGACCGGGAUGUACAUAGAACACCAAGGAAAACCA', '....((.((.(((.......)))))..)).......', 0.1111, -0.0004861423550007805, -4.5019, 0.2018, 0.7143, 0.2222]
	 >>> Resetting the solution to avoid local optima.
	 ->['AGGAGGAGGAAGGAGAAACACCACCAACCAAAACCA', '.((....((..((.(......).))..))....)).', 0.3333, -0.0007543586925342024, -4.0311, 0.4203, 1.0, 0.1111]
	 ->['AGGAGGAGGAAGGAGAAACACCACCAACCAAAACCA', '.((....((..((.(......).))..))....)).', 0.3333, -0.0007543586925342024, -4.0311, 0.4203, 1.0, 0.1111]
	 ->['AGGAGGAUGAAGGAGAAACGCCACGGACCAAAACCA', '....((.....((.......)).....)).......', 0.1389, -0.0066846057821194045, -2.3865, 0.3864, 1.0, 0.2778]
	 ->['AGGACGCUAGAGGAGAAACGCCAUAGACGAAAACCA', '....(((((..((.......)).))).)).......', 0.1111, -3.79572866113566e-05, -4.0736, 0.2117, 0.7143, 0.2222]
	 ->['AGCUCACGCGAGGAGAAACGCCAGCGAUGGAAUGCA', '.((((((((..((.......)).))).)))...)).', 0.0833, -1.6088572955109514e-05, -7.3026, 0.2573, 0.8, 0.1667]
	 >>> Resetting the solution to avoid local optima.
	 ->['ACCACCACCAACCACAAAGAGGAGGAAGGAAAAGGA', '.((.((.((...........)).))..)).......', 0.4167, -0.0006013949554065783, -3.7708, 0.3925, 1.0, 0.1667]
	 ->['ACCACCACCAACCACUAAGAGGAGGAAGGAAAAGGA', '.((....((..((.((....)).))..))....)).', 0.3611, -0.0002968496888221953, -4.2059, 0.425, 0.875, 0.1111]
	 ->['ACCACCACCAAGCACUAAGAGCAGGAAGGAAAAGGA', '....((..(..((.......))..)..)).......', 0.1667, -0.003792441300921886, -2.9358, 0.2437, 1.0, 0.2222]
	 ->['ACCACCACCAUGCACUAAGAGCAGGAAGGAAAAGGA', '....((.((.(((.......)))))..)).......', 0.1111, -9.944254427959946e-05, -5.18, 0.2503, 0.8571, 0.2222]
	 ->['ACCACCACCAUGCACUAAGAGCCGGAAGGAAAAGGA', '....((.((..((.......)).))..)).......', 0.0833, -0.004131482335211564, -2.8831, 0.3038, 1.0, 0.1667]
	 >>> Resetting the solution to avoid local optima.
	 ->['ACCACCACCAACCACAAAGAGGAGGAAGGAAAAGGA', '.((.((.((...........)).))..)).......', 0.4167, -0.0006013949554065783, -3.7708, 0.3925, 1.0, 0.1667]
	 ->['ACCACCACCAACCACAAAGAGGAGGAAGGAAAAGGA', '.((.((.((...........)).))..)).......', 0.4167, -0.0006013949554065783, -3.7708, 0.3925, 1.0, 0.1667]
	 ->['ACCACCACCAACCACUAAGAGGAGGAAGGAAAAGGA', '.((....((..((.((....)).))..))....)).', 0.3611, -0.0002968496888221953, -4.2059, 0.425, 0.875, 0.1111]
	 ->['GCCACCACCAACCACGAAGAGGAGGAAGGAAAAGGA', '.((....((..((.(......).))..))....)).', 0.3333, -0.0003081445902071593, -4.3829, 0.402, 1.0, 0.1111]
	 ->['GCCACCACCAAGCACGAAGAGCAGGGAGGAAAAGGA', '....((.((..((.......))..)).)).......', 0.1944, -0.0006613159274585961, -5.9123, 0.2647, 1.0, 0.2222]
	 ->['GCCACCACCAAGCACGAAGAGCAGGUAGGAAAAGGA', '....(((((..((.......)).))).)).......', 0.1111, -0.00015446624022301294, -5.3085, 0.2199, 0.8571, 0.2222]
	 ->['AGCACCGCGAGGCCCAAAGAGCACGUAGGAAAAGCU', '(((.(((((..((.......)).))).))....)))', 0.0833, -0.0026071195022181145, -5.4668, 0.1866, 0.8, 0.1667]
	 >>> Resetting the solution to avoid local optima.
	 ->['ACCACCACCAACCACAAAGAGGAGGAAGGAAAAGGA', '.((.((.((...........)).))..)).......', 0.4167, -0.0006013949554065783, -3.7708, 0.3925, 1.0, 0.1667]
	 ->['ACCACCACCAGCCACAAAGAGGAGGAAGGAAAAGGA', '.((....((..((.(......).))..))....)).', 0.3333, -0.0003951033311091879, -4.4297, 0.3856, 1.0, 0.1111]
	 ->['ACCACCACCAGGCAGAAACAGUAGGGAGGAAAAGGA', '....((.((..((.......))..)).)).......', 0.1944, -0.0032370512245025367, -4.2334, 0.2842, 0.8333, 0.2222]
	 ->['ACCACCACCAGGCAGAAACAGUAGGGAGGAAAUGGA', '.(((((.((..((.......))..)).))...))).', 0.1667, -0.00034948030282932113, -5.6053, 0.2223, 0.7778, 0.1667]
	 >>> Resetting the solution to avoid local optima.
	 ->['AGGAGGAGGAAGGAGAAACACCACCAACCAAAACCA', '.((....((..((.(......).))..))....)).', 0.3333, -0.0007543586925342024, -4.0311, 0.4203, 1.0, 0.1111]
	 ->['AGGAGGAGGCAGGAGAAACACCACCAACCAAAACCA', '.((....((..((.(......).))..))....)).', 0.3333, -0.0008588039959593911, -4.1512, 0.4199, 1.0, 0.1111]
	 ->['AGGAGGAGACAGGAGAAACACCGUCGACCAAAACCA', '....((.(((.((.......)))))..)).......', 0.1111, -0.00015361408708340824, -6.012, 0.2668, 0.8571, 0.2222]
	 ->['AGGUAGAGAUAGGAGUAGCGCCGUCGACUGAAACCA', '.(((((.(((.((.......)))))..))...))).', 0.0833, -0.0003506364699206088, -4.6033, 0.2318, 0.6, 0.1667]
	 ->['AGCUACAGCAAGGAGAAACGCCGGCGAGUCAAAGCA', '.(((((.((..((.......)).))..))...))).', 0.0556, -0.003332003560384793, -5.3156, 0.1685, 0.7778, 0.1111]
	 >>> Resetting the solution to avoid local optima.
	 ->['AGGAGGAGGAAGGAGAAACACCACCAACCAAAACCA', '.((....((..((.(......).))..))....)).', 0.3333, -0.0007543586925342024, -4.0311, 0.4203, 1.0, 0.1111]
	 ->['AGGAGGAGGAAGGAGAAACACCACCAACCAAAACCA', '.((....((..((.(......).))..))....)).', 0.3333, -0.0007543586925342024, -4.0311, 0.4203, 1.0, 0.1111]
	 ->['AAGAGGAGGAAGGAGAAACACCACCAACCAAAACUA', '....((..(..((.......))..)..)).......', 0.1667, -7.990800346548858e-05, -3.2148, 0.3889, 1.0, 0.2222]
	 ->['AAGACAAGGAACGAGUAACGCGGCCGAUGAAAACUA', '.......((..((.......)).))...........', 0.1389, -0.001391154011365676, -2.3539, 0.2929, 1.0, 0.2778]
	 ->['GAGACGAGGAACGAGUAACGCGGCCGACGGAAACUG', '....((.((..((.......)).))..)).......', 0.0833, -0.0012943032544053264, -3.5984, 0.3011, 1.0, 0.1667]
	 ->['GCGACGAGGAACGGGUAGCGCGGCCGACGAAAACGG', '....((.((..((.(...).)).))..)).......', 0.0556, -0.01220849762134807, -5.3153, 0.4299, 1.0, 0.1111]
	 >>> Resetting the solution to avoid local optima.
	 ->['AGGAGGAGGAAGGAGAAACACCACCAACCAAAACCA', '.((....((..((.(......).))..))....)).', 0.3333, -0.0007543586925342024, -4.0311, 0.4203, 1.0, 0.1111]
	 ->['AGGAGGAGGAAGGAGAAACACCACCAACCAAAACCA', '.((....((..((.(......).))..))....)).', 0.3333, -0.0007543586925342024, -4.0311, 0.4203, 1.0, 0.1111]
	 ->['AUGAGGAGGAAGGAGAAACACCACCAACCAAAACGA', '....((..(..((.......))..)..)).......', 0.1667, -7.5473834565831475e-06, -3.2691, 0.3837, 1.0, 0.2222]
	 ->['AAGAGUAGCAAGGAGAAACACCAGCAAGCAAAACUG', '.......((..((.......)).))...........', 0.1389, -0.00011349911023497853, -2.0985, 0.3794, 1.0, 0.2778]
	 ->['ACGAGUACCAAGGAGAAACACCAGGAGGCCAAACGG', '....((.((..((.......)).))..)).......', 0.0833, -0.002794347815935197, -2.4241, 0.313, 0.8333, 0.1667]
	 >>> Resetting the solution to avoid local optima.
	 ->['AGGAGGAGGAAGGAGAAACACCACCAACCAAAACCA', '.((....((..((.(......).))..))....)).', 0.3333, -0.0007543586925342024, -4.0311, 0.4203, 1.0, 0.1111]
	 ->['AGGAGGAGGAAGGAGAAACACCACCAACCAAAACCA', '.((....((..((.(......).))..))....)).', 0.3333, -0.0007543586925342024, -4.0311, 0.4203, 1.0, 0.1111]
	 ->['AGGAGUAGCGAGCAGAAACAGCAGCAAACAAAACCA', '.......((..((.......)).))...........', 0.1389, -0.0032668737828711715, -3.1278, 0.2671, 1.0, 0.2778]
	 ->['AGGAGGAGCGAGGCGAAACACCAGCAACCGAAACCA', '....((.((..((.......)).))..)).......', 0.0833, -0.04895884670013309, -4.2593, 0.2532, 1.0, 0.1667]
	 >>> Resetting the solution to avoid local optima.
	 ->['AGGAGGAGGAAGGAGAAACACCACCAACCAAAACCA', '.((....((..((.(......).))..))....)).', 0.3333, -0.0007543586925342024, -4.0311, 0.4203, 1.0, 0.1111]
	 ->['AGGAGGAGGAAGGAGAAGCACCACCAACCAAAACCA', '.((....((..((.(......).))..))....)).', 0.3333, -0.0008310458935846239, -3.9715, 0.4122, 1.0, 0.1111]
	 ->['AGGAGAAGGAAGGAGAAGCACCACCAAUCAAAACCA', '..((...((..((.......)).))..)).......', 0.1944, -0.0013982518447296164, -2.2508, 0.3626, 0.8333, 0.2222]
	 ->['AGCAGAAGGACGGAGAAGCACCACCAAUCAAAAGCA', '.......((..((.......)).))...........', 0.1389, -0.0025638848054066687, -2.1771, 0.3403, 1.0, 0.2778]
	 ->['AGCAGAAGGACGGAGAAGCACCACCUAUCAAAAGCA', '....(((((..((.......)).))).)).......', 0.1111, -0.00035580558475906983, -3.3943, 0.2637, 0.7143, 0.2222]
	 ->['AGCGCCGGGAACGCGAAACACGACCUAGGAAAUGCA', '.((((((((..((.......)).))).))...))).', 0.0833, -0.00417795547665816, -5.0762, 0.2115, 0.8, 0.1667]
	 >>> Resetting the solution to avoid local optima.
	 ->['ACCACCACCAACCACAAAGAGGAGGAAGGAAAAGGA', '.((.((.((...........)).))..)).......', 0.4167, -0.0006013949554065783, -3.7708, 0.3925, 1.0, 0.1667]
	 ->['ACCACCACCGACCACAAAGAGGAGGAAGGAAAAGGA', '.((....((..((.(......).))..))....)).', 0.3333, -0.0006835491647134134, -4.9919, 0.3971, 1.0, 0.1111]
	 ->['ACCACCGGCGACGCGAAACACGAGCAAGGAAAGGGG', '.((.((.((..((.......)).))..))...))..', 0.1389, -0.021069052205356927, -5.279, 0.2616, 1.0, 0.1111]
	 ->['GGAACCGGCGACGCGAAACACGAGCAAGGAAAAUCG', '....((.((..((.......)).))..)).......', 0.0833, -0.020549836875787566, -3.6943, 0.2007, 1.0, 0.1667]
	 ->['GGAACCGGCGACGCGAAACUCGAGCAAGGAAAAUCG', '....((.((..((.(...).)).))..)).......', 0.0556, -0.012109520989464056, -3.6203, 0.3158, 1.0, 0.1111]
	 >>> Resetting the solution to avoid local optima.
	 ->['ACCACCACCAACCACAAAGAGGAGGAAGGAAAAGGA', '.((.((.((...........)).))..)).......', 0.4167, -0.0006013949554065783, -3.7708, 0.3925, 1.0, 0.1667]
	 ->['ACCACCACCAACCACAAAGAGGAGGAAGGAAAGGGA', '.((.((..(..((.......))..)..))...))..', 0.2222, -0.00011302657057138004, -4.8011, 0.3988, 1.0, 0.1667]
	 ->['ACCACCACCUACCACAAAGAGGAGGCAGGAAAGGGA', '.((.((.(((.((.......)))))..))...))..', 0.1667, -5.371269037291532e-06, -7.0787, 0.3962, 0.8889, 0.1667]
	 ->['ACCACCAAUUACCGCAAAGAGGAGUCAGGCCAAGGA', '....((.(((.((.......)))))..)).......', 0.1111, -0.00015393741213200676, -2.7107, 0.3185, 0.5714, 0.2222]
	 ->['ACCACCAGUUACCCCAAUGAGGAGCGAGGCCAAGGU', '(((.((.(((.((.......)))))..))....)))', 0.0833, -0.00043541144088237403, -4.6698, 0.2719, 0.7, 0.1667]
	 >>> Resetting the solution to avoid local optima.
	 ->['AGGAGGAGGAAGGAGAAACACCACCAACCAAAACCA', '.((....((..((.(......).))..))....)).', 0.3333, -0.0007543586925342024, -4.0311, 0.4203, 1.0, 0.1111]
	 ->['AGGAGGAGGAAGGAGAAACACCACCAACCAAAACCA', '.((....((..((.(......).))..))....)).', 0.3333, -0.0007543586925342024, -4.0311, 0.4203, 1.0, 0.1111]
	 ->['AGGAGGAGGAACGAGAAACACGACCAACCAAAACCA', '....((..(..((.......))..)..)).......', 0.1667, -0.0041574351089142154, -2.2792, 0.3207, 1.0, 0.2222]
	 ->['AGGACGAGGAUAGAGAAGCGCUACCGACGGAAACCA', '....((.((.(((.......)))))..)).......', 0.1111, -0.0006315330571599639, -3.8407, 0.2114, 0.7143, 0.2222]
	 ->['AGGUCCAGUAUUGAGAAACGCAAGCGAGGUAAACCA', '.(((((.((.(((.......)))))..))...))).', 0.0833, -0.00027250542608766773, -3.8587, 0.2167, 0.6, 0.1667]
	 ->['AGGACCAGUAUUGAGAAACGCACGCGAGGUAAACCA', '.(((((.((..((.......)).))..)))...)).', 0.0556, -0.0014365908825436826, -2.8341, 0.2609, 0.6667, 0.1111]
	 ->['AGCAGCAGCAACGGGAAUCGCGGGCGAGUUAAAGCA', '.(((((.((..((.(...).)).))..)))...)).', 0.0278, -0.03229950775518059, -5.4156, 0.1916, 0.8, 0.0556]


    -> Found sequence! Elapsed time:                   44.442763805389404 secs.


 (2) We found a sequence that folds exactly like the target structure. Let's minimize the GC-content
    -> ORDER: Min(Base-pair distance), min(Hamming distance), min(GC-content), min(partition function), min(ensemble defect), max(probability over ensemble))


	 >>> Resetting the solution to avoid local optima.
	 ->['ACCACCACCAACCACAAAGAGGAGGAAGGAAAAGGA', '.((.((.((...........)).))..)).......', 0.4167, -0.0006013949554065783, -3.7708, 0.3925, 1.0, 0.1667]
	 ->['ACCACCACCAACCACAUAGAGGAGGAAGGUAAAGGA', '.((...(((..((.(......).))..)))...)).', 0.3611, -3.838592833676e-05, -5.4666, 0.4125, 0.875, 0.1667]
	 ->['AUCACCACCAACCACAUAGAGGAGGAAGGUAAAGAA', '...(((..(..((.......))..)..)))......', 0.1944, -1.1807616875659187e-05, -4.4932, 0.3901, 0.8333, 0.2778]
	 ->['AUCACCAGGAACCACAUAGAGGACCAAGGUAAAGAA', '...(((.((..((.......)).))..)))......', 0.1111, -3.872903139397085e-05, -4.1612, 0.2816, 0.8571, 0.2222]
	 >>> Resetting the solution to avoid local optima.
	 ->['ACCACCACCAACCACAAAGAGGAGGAAGGAAAAGGA', '.((.((.((...........)).))..)).......', 0.4167, -0.0006013949554065783, -3.7708, 0.3925, 1.0, 0.1667]
	 ->['ACCACCACCAACCACAAAGAGGAGGAAGGAAAAGGA', '.((.((.((...........)).))..)).......', 0.4167, -0.0006013949554065783, -3.7708, 0.3925, 1.0, 0.1667]
	 ->['AGCACCACCCACCACAGAGAGGCGGAAGGAAAAGCA', '....((..((.((.......)).))..)).......', 0.1944, -2.497540660383889e-05, -6.4315, 0.2639, 1.0, 0.2222]
	 ->['AGCACCAUCCACCACAGAGAGGCGAAAGGAAAAGCA', '....((...(.((.......)).)...)).......', 0.1667, -0.0004902074682522527, -3.1968, 0.4048, 1.0, 0.2778]
	 ->['AGGUCCGUCCACCACAGAGAGGCGAUAGGAACUCCA', '.(((((...(.((.......)).)...)))...)).', 0.1389, -1.0892249312914573e-05, -6.543, 0.3784, 0.875, 0.2222]
	 >>> Resetting the solution to avoid local optima.
	 ->['AGGAGGAGGAAGGAGAAACACCACCAACCAAAACCA', '.((....((..((.(......).))..))....)).', 0.3333, -0.0007543586925342024, -4.0311, 0.4203, 1.0, 0.1111]
	 ->['CGGAGGAGGAAGGAGACACACCACCAACCAUAACCA', '.((....((..((.(......).))..))....)).', 0.3333, -0.0005653625525886489, -4.2089, 0.4345, 1.0, 0.1111]
	 ->['CUGAGGAGGAAGUAGACACAGCACCAACCAUAUCGA', '....((..(..((.......))..)..)).......', 0.1667, -4.71712424261453e-06, -2.1587, 0.3928, 0.8, 0.2222]
	 ->['UUGCGGGGGAUGUUAUCAUAGCACCAGCCAUAUCGA', '....((.((.(((((...)))))))..)).......', 0.1111, -3.2109967436727594e-08, -6.6341, 0.3211, 0.5556, 0.2222]
	 >>> Resetting the solution to avoid local optima.
	 ->['ACCACCACCAACCACAAAGAGGAGGAAGGAAAAGGA', '.((.((.((...........)).))..)).......', 0.4167, -0.0006013949554065783, -3.7708, 0.3925, 1.0, 0.1667]
	 ->['GCCACUAUCGACCGCAACGAGGAGAAAAGACUAGGU', '.......((..((.......)).))...........', 0.1389, -6.765394321307824e-05, -2.7174, 0.3986, 0.75, 0.2778]
	 ->['GCCGCUAUCGACCAUCUUAUGGAGAGAAGACUCGGU', '((((((.((..((((...)))).))..))...))))', 0.0833, -2.65245253755717e-07, -6.8327, 0.3488, 0.5833, 0.1667]
	 >>> Resetting the solution to avoid local optima.
	 ->['AGGAGGAGGAAGGAGAAACACCACCAACCAAAACCA', '.((....((..((.(......).))..))....)).', 0.3333, -0.0007543586925342024, -4.0311, 0.4203, 1.0, 0.1111]
	 ->['AGGAGGAGGAAGGAGAAACACCACCGACCAAAACCA', '.((....((..((.(......).))..))....)).', 0.3333, -0.0008905082583679695, -5.2289, 0.4221, 1.0, 0.1111]
	 ->['AGGAGGAGCAAGGAGAAACACCAGCGACCAAAACCA', '....((.((..((.......)).))..)).......', 0.0833, -0.009859289312469164, -4.047, 0.2294, 1.0, 0.1667]
	 >>> Resetting the solution to avoid local optima.
	 ->['AGGAGGAGGAAGGAGAAACACCACCAACCAAAACCA', '.((....((..((.(......).))..))....)).', 0.3333, -0.0007543586925342024, -4.0311, 0.4203, 1.0, 0.1111]
	 ->['AGGAGGAGGAAGGAGAAACACCGCCAACCAAAACCA', '.((....((..((.(......).))..))....)).', 0.3333, -0.0007105475788215899, -4.868, 0.4361, 1.0, 0.1111]
	 >>> Resetting the solution to avoid local optima.
	 ->['AGGAGGAGGAAGGAGAAACACCACCAACCAAAACCA', '.((....((..((.(......).))..))....)).', 0.3333, -0.0007543586925342024, -4.0311, 0.4203, 1.0, 0.1111]
	 ->['AGGAGGAGUAAGGAGAAACGCCAGCAACCCGAGCCA', '.((.(..((..((.......)).))..)))......', 0.2222, -0.0006715843695535972, -3.8028, 0.3983, 0.8571, 0.1667]
	 ->['AGGAGGAGUAAGGAGCAACGCCAGCAACCCCGGCCA', '.((.((.....((.......)).....)))).....', 0.1944, -9.876734097177928e-05, -4.9842, 0.4097, 1.0, 0.2778]
	 ->['AGGAGGAGUAAGGUUCCAGGCCGGCUACCCCCGCCA', '.((.(((((..((((...)))).))).)).))....', 0.1667, -5.9172084920170135e-09, -10.4764, 0.5067, 0.6364, 0.2222]
	 >>> Resetting the solution to avoid local optima.
	 ->['ACCACCACCAACCACAAAGAGGAGGAAGGAAAAGGA', '.((.((.((...........)).))..)).......', 0.4167, -0.0006013949554065783, -3.7708, 0.3925, 1.0, 0.1667]
	 ->['ACCGCCACCAACCACAUAGAGGAGGAAGGAAAGGGA', '.((.((..(..((.......))..)..))...))..', 0.2222, -7.256949870779735e-05, -5.0741, 0.4291, 1.0, 0.1667]
	 ->['ACCGCCAGCAACCGCGUAGAGGAGCCAGGAAAGGGA', '.((.((.((..((.......)).))..))...))..', 0.1389, -0.0005896303225551825, -5.083, 0.3984, 1.0, 0.1111]
	 >>> Resetting the solution to avoid local optima.
	 ->['AGGAGGAGGAAGGAGAAACACCACCAACCAAAACCA', '.((....((..((.(......).))..))....)).', 0.3333, -0.0007543586925342024, -4.0311, 0.4203, 1.0, 0.1111]
	 ->['AGGAGGAGGAAGGAGAAACACCACCAACCAUAACCA', '.((....((..((.(......).))..))....)).', 0.3333, -0.0006610398248198927, -4.1125, 0.4191, 1.0, 0.1111]
	 ->['AGGAGUAACGCGGUGGUGCACCAGUAGGCAUAUCCU', '((((((.((..((((...)))).))..))...))))', 0.0833, -2.566831543583879e-07, -8.2529, 0.4419, 0.5833, 0.1667]
	 >>> Resetting the solution to avoid local optima.
	 ->['ACCACCACCAACCACAAAGAGGAGGAAGGAAAAGGA', '.((.((.((...........)).))..)).......', 0.4167, -0.0006013949554065783, -3.7708, 0.3925, 1.0, 0.1667]
	 ->['ACCACCACCAACCACAAAGAGGAGGAAGGAAAAGGA', '.((.((.((...........)).))..)).......', 0.4167, -0.0006013949554065783, -3.7708, 0.3925, 1.0, 0.1667]
	 ->['GCCACCACCACCCACAAAGAGGAGGAAGGAAUAGGA', '....((..(..((.......))..)..)).......', 0.1667, -0.00025240826225753185, -4.7059, 0.3525, 1.0, 0.2222]
	 ->['GCCACCCCCACGCACAUAGAGCAGGAAGGAAUAGGA', '....((.((..((.......)).))..)).......', 0.0833, -0.00226504399610218, -3.6535, 0.3194, 1.0, 0.1667]
	 >>> Resetting the solution to avoid local optima.
	 ->['AGGAGGAGGAAGGAGAAACACCACCAACCAAAACCA', '.((....((..((.(......).))..))....)).', 0.3333, -0.0007543586925342024, -4.0311, 0.4203, 1.0, 0.1111]
	 ->['AGGAGGAGGAAGCGGGAACAGCACCAACCAAAACCA', '....((..(..((.......))..)..)).......', 0.1667, -0.000884579634406711, -4.433, 0.2948, 1.0, 0.2222]
	 >>> Resetting the solution to avoid local optima.
	 ->['ACCACCACCAACCACAAAGAGGAGGAAGGAAAAGGA', '.((.((.((...........)).))..)).......', 0.4167, -0.0006013949554065783, -3.7708, 0.3925, 1.0, 0.1667]
	 ->['ACCACCACAAACCACAAAGAGGAUGAAGGAAAAGGA', '....((.....((.......)).....)).......', 0.1389, -0.0009028078015943973, -1.8204, 0.336, 1.0, 0.2778]
	 ->['ACCACCACAGACCACGCAGAGGAUGAAGGAGAAGGA', '....((.((..((.......)).))..)).......', 0.0833, -0.0021407489201172433, -2.3883, 0.3122, 0.8333, 0.1667]
	 >>> Resetting the solution to avoid local optima.
	 ->['AGGAGGAGGAAGGAGAAACACCACCAACCAAAACCA', '.((....((..((.(......).))..))....)).', 0.3333, -0.0007543586925342024, -4.0311, 0.4203, 1.0, 0.1111]
	 ->['AUGAGGAGGAAGGAGAAACACCACCAACCAAAACAA', '....((..(..((.......))..)..)).......', 0.1667, -5.208621580905742e-05, -3.2785, 0.3827, 1.0, 0.2222]
	 ->['AUGAGGAUGAAGGAGGCCCGCCGCAAACCACAAUAU', '....((.....((.......)).....)).......', 0.1389, -1.5844052784161542e-06, -3.5311, 0.3906, 1.0, 0.2778]
	 ->['AUGAGGAUGACGUAGGCACUGCGCAGACCACACUAU', '....((.((.(((((...)))))))..)).......', 0.1111, -7.960912465199279e-11, -8.0319, 0.2977, 0.6667, 0.2222]
	 ->['CUCAGGAUGAGGUAUCUAGUGCGCAGGCCCCGUGAG', '((((((.((..((((...)))).))..))...))))', 0.0833, -1.2365802144005096e-07, -6.303, 0.4677, 0.5, 0.1667]
	 >>> Resetting the solution to avoid local optima.
	 ->['AGGAGGAGGAAGGAGAAACACCACCAACCAAAACCA', '.((....((..((.(......).))..))....)).', 0.3333, -0.0007543586925342024, -4.0311, 0.4203, 1.0, 0.1111]
	 ->['AGGAGGAGGAAGGCGAAACACCACCAACCAAAACCA', '.((....((..((.(......).))..))....)).', 0.3333, -0.002128513383440122, -4.6918, 0.4085, 1.0, 0.1111]
	 ->['UGGAGGAUGACGGUGACUCACCACAGACCGAAACCG', '....((.((..((((...)))).))..)).......', 0.0833, -2.2785669458291777e-05, -6.1881, 0.3885, 0.75, 0.1667]
	 >>> Resetting the solution to avoid local optima.
	 ->['ACCACCACCAACCACAAAGAGGAGGAAGGAAAAGGA', '.((.((.((...........)).))..)).......', 0.4167, -0.0006013949554065783, -3.7708, 0.3925, 1.0, 0.1667]
	 ->['ACCACCACCAACCACAAAGAGGAGGAAGGUAAAGGA', '.((...(((..((.(......).))..)))...)).', 0.3611, -3.857962589980954e-05, -5.4635, 0.4119, 0.875, 0.1667]
	 ->['ACCACCACCAAUCACAAAGAGAAGGAAGGUAAAGGA', '.(((((.((..((.....))...))..)))...)).', 0.1667, -5.09345490537735e-05, -3.8923, 0.3472, 0.7778, 0.1667]
	 ->['ACCACCACCACUCAGAAGCAGAAGGAAGGUAUAGGA', '.(((((..(..((.......))..)..)))...)).', 0.1389, -9.185632730947635e-05, -3.5289, 0.3442, 0.75, 0.1667]
	 >>> Resetting the solution to avoid local optima.
	 ->['ACCACCACCAACCACAAAGAGGAGGAAGGAAAAGGA', '.((.((.((...........)).))..)).......', 0.4167, -0.0006013949554065783, -3.7708, 0.3925, 1.0, 0.1667]
	 ->['ACCUCCACCACCCACAGAGAGGAGGAAGGAAAAGGA', '.(((((..............)))))...........', 0.3889, -1.7741591715180993e-06, -7.5614, 0.5159, 0.8, 0.3333]
	 ->['ACCUCCACCGCCUGCCUUGUAGAGGAGGGAACAGGG', '.(((((..(..((((...))))..)..)))...)).', 0.1389, -2.8936820023347646e-07, -10.2791, 0.5107, 0.7, 0.1667]
	 >>> Resetting the solution to avoid local optima.
	 ->['ACCACCACCAACCACAAAGAGGAGGAAGGAAAAGGA', '.((.((.((...........)).))..)).......', 0.4167, -0.0006013949554065783, -3.7708, 0.3925, 1.0, 0.1667]
	 ->['ACCACCACCAACCUCAAAGAGGAGGAAGGAAACGGA', '.((....((..((((......))))..))....)).', 0.3611, -9.766238131549083e-07, -8.1294, 0.457, 0.875, 0.1667]
	 ->['ACCACCACCAAUGUCAAAGACAAGGAAGGAAACGGA', '....((..(..((((...))))..)..)).......', 0.1667, -2.068967429564859e-05, -4.5476, 0.2312, 0.7143, 0.2222]
	 ->['ACCGCCACCAAUGUCAAAGACAAGGAAGGAAACGGA', '.(((((..(..((((...))))..)..))...))).', 0.1389, -6.087933850616068e-07, -6.7207, 0.1967, 0.8, 0.1667]
	 >>> Resetting the solution to avoid local optima.
	 ->['ACCACCACCAACCACAAAGAGGAGGAAGGAAAAGGA', '.((.((.((...........)).))..)).......', 0.4167, -0.0006013949554065783, -3.7708, 0.3925, 1.0, 0.1667]
	 ->['ACCACCGCCAACCACAAAGAGGAGGAAGGAAAAGGA', '.((.((.((...........)).))..)).......', 0.4167, -0.0006591490184886857, -4.5143, 0.4041, 1.0, 0.1667]
	 ->['AGCGCCGCCAACCACAAAGAGGAGGAAGGAAAAGUA', '....((.((...........)).))...........', 0.3611, -0.00012976436498402273, -4.1159, 0.3749, 1.0, 0.2778]
	 ->['AGCGCCGACAACCGCAUUGAGGAGUAAGGAAAAGUU', '....((.....((.......)).....)).......', 0.1389, -0.00010888710514927114, -3.624, 0.4488, 1.0, 0.2778]
	 ->['GUCAGCGAUUACCUCACUGAGGAGUAAGUACAUGAU', '((((((.(((.((((...)))))))..))...))))', 0.1111, -4.332723777700908e-09, -6.2685, 0.428, 0.3846, 0.2222]
	 >>> Resetting the solution to avoid local optima.
	 ->['AGGAGGAGGAAGGAGAAACACCACCAACCAAAACCA', '.((....((..((.(......).))..))....)).', 0.3333, -0.0007543586925342024, -4.0311, 0.4203, 1.0, 0.1111]
	 ->['AGGAGGAGGAAGGAGAGUCACCACCAACCAAAACCA', '.((....((..((.(......).))..))....)).', 0.3333, -0.0005849397815436166, -4.1879, 0.4515, 1.0, 0.1111]
	 ->['AGAAGGAGGAAGGAGAGUCACCACCAACCAAAAUCA', '....((..(..((.......))..)..)).......', 0.1667, -0.00018986542990710037, -3.2814, 0.3987, 1.0, 0.2222]
	 >>> Resetting the solution to avoid local optima.
	 ->['AGGAGGAGGAAGGAGAAACACCACCAACCAAAACCA', '.((....((..((.(......).))..))....)).', 0.3333, -0.0007543586925342024, -4.0311, 0.4203, 1.0, 0.1111]
	 ->['AGGAGGAGGAAGGAGAAACACCACCAACCAAAACCA', '.((....((..((.(......).))..))....)).', 0.3333, -0.0007543586925342024, -4.0311, 0.4203, 1.0, 0.1111]
	 ->['AGGCGGAGGAAGGAGAAACACCAUCAACCAAAACCA', '....((..((.((.......)).))..)).......', 0.1944, -3.0269192915962786e-06, -5.1322, 0.3897, 0.8333, 0.2222]
	 ->['AGGCAGAGGAAGGAGAAACACCAUCAACUAAAGCCA', '.(((((..((.((.......)).))..))...))).', 0.1667, -1.7640853569037153e-08, -6.4032, 0.2688, 0.7778, 0.1667]
	 ->['GAGCAGAGGCAGGAGAAACACCAUCAACUACAGCUA', '.(((((..(..((.......))..)..))...))).', 0.1389, -6.62434329775255e-08, -3.4877, 0.4632, 0.75, 0.1667]
	 ->['UUCCAGAGACAGGGGUAACACCGUCACCUACAGGAA', '.(((((.(((.((.......)))))..))...))).', 0.0833, -2.4863806487141765e-08, -6.8917, 0.37, 0.7, 0.1667]
	 >>> Resetting the solution to avoid local optima.
	 ->['ACCACCACCAACCACAAAGAGGAGGAAGGAAAAGGA', '.((.((.((...........)).))..)).......', 0.4167, -0.0006013949554065783, -3.7708, 0.3925, 1.0, 0.1667]
	 ->['ACCACCACCAACCACAAAGAGGAGGAAGGAAAAGGA', '.((.((.((...........)).))..)).......', 0.4167, -0.0006013949554065783, -3.7708, 0.3925, 1.0, 0.1667]
	 ->['ACCAUCACCAACCACAAAGAGGAGGAAGAAAAGGGA', '.((.((..(..((.......))..)..))...))..', 0.2222, -0.00017946393013705764, -2.9161, 0.3487, 0.8571, 0.1667]
	 ->['ACUAUCACCAACCACAAAGAGGAGGAAGAAAAGGGA', '.......((..((.......)).))...........', 0.1389, -2.8609945240060716e-05, -2.1478, 0.3857, 1.0, 0.2778]
	 >>> Resetting the solution to avoid local optima.
	 ->['AGGAGGAGGAAGGAGAAACACCACCAACCAAAACCA', '.((....((..((.(......).))..))....)).', 0.3333, -0.0007543586925342024, -4.0311, 0.4203, 1.0, 0.1111]
	 ->['AGGAGGAGGAAGGAGAAACACCACCAACCAAAACCA', '.((....((..((.(......).))..))....)).', 0.3333, -0.0007543586925342024, -4.0311, 0.4203, 1.0, 0.1111]
	 ->['AGGAGCAGGAAGGAGAAACACCACCAAGCAAAACCA', '....((..(..((.......))..)..)).......', 0.1667, -0.006421113579164364, -3.0113, 0.2391, 1.0, 0.2222]
	 ->['AGGAGCAGUCAGGAGAAACACCAGCAAGCAAGACCA', '....((.....((.......)).....)).......', 0.1389, -0.0035051107819701836, -2.0844, 0.3302, 1.0, 0.2778]
	 ->['AGGAGCAGUCAGGUGAUUCACCAGCAAGCGAGUCCA', '.(((((.....((((...)))).....))...))).', 0.1111, -6.954432602750835e-07, -7.7386, 0.3194, 0.7778, 0.2222]
	 >>> Resetting the solution to avoid local optima.
	 ->['AGGAGGAGGAAGGAGAAACACCACCAACCAAAACCA', '.((....((..((.(......).))..))....)).', 0.3333, -0.0007543586925342024, -4.0311, 0.4203, 1.0, 0.1111]
	 ->['AUGAGGAGGAAGGAGAAACACCACCAACCAAAACGC', '....((..(..((.......))..)..)).......', 0.1667, -1.2277910246455255e-05, -3.2692, 0.3835, 1.0, 0.2222]
	 ->['AUGAGGAGAAAGGAGAAACACCAUCAACCAAAACGG', '....((.....((.......)).....)).......', 0.1389, -9.838987083193958e-06, -2.0057, 0.4214, 1.0, 0.2778]
	 ->['AUGAGGAGACAGGUGAGACACCAUCUACCACGACGG', '....(((((..((((...)))).))).)).......', 0.1111, -4.063720154845101e-09, -7.408, 0.2479, 0.6667, 0.2222]
	 >>> Resetting the solution to avoid local optima.
	 ->['AGGAGGAGGAAGGAGAAACACCACCAACCAAAACCA', '.((....((..((.(......).))..))....)).', 0.3333, -0.0007543586925342024, -4.0311, 0.4203, 1.0, 0.1111]
	 ->['CGGAGGAGGAAGGAGAAACACCACCAACCAAAACCA', '.((....((..((.(......).))..))....)).', 0.3333, -0.0007466162705137793, -4.0375, 0.421, 1.0, 0.1111]
	 ->['CUGAGGAGGAAGGAGAAACUCCACCAACCAAAACAA', '....((..(..((((...))))..)..)).......', 0.1667, -4.0162946071527266e-07, -6.877, 0.3363, 0.8571, 0.2222]
	 ->['UUCUUGAGGAGAUAGUCGCUGUGCCAUCGCAAAGAA', '.((((((((..((((...)))).)).))...)))).', 0.1389, -7.974673244240927e-09, -5.1925, 0.4689, 0.4167, 0.2222]
	 >>> Resetting the solution to avoid local optima.
	 ->['ACCACCACCAACCACAAAGAGGAGGAAGGAAAAGGA', '.((.((.((...........)).))..)).......', 0.4167, -0.0006013949554065783, -3.7708, 0.3925, 1.0, 0.1667]
	 ->['UCCAGCACCCAACACCCCGUGUCGGACGCAGCAGGG', '....((..((.((((...)))).))..)).......', 0.1944, -2.2006194957346082e-07, -8.1478, 0.3141, 0.75, 0.2222]
	 >>> Resetting the solution to avoid local optima.
	 ->['AGGAGGAGGAAGGAGAAACACCACCAACCAAAACCA', '.((....((..((.(......).))..))....)).', 0.3333, -0.0007543586925342024, -4.0311, 0.4203, 1.0, 0.1111]
	 ->['AGGAGAAGGAAGGCGAAACACCACCAAUCGGAACCA', '.((....((..((.(......).))..))....)).', 0.3333, -0.0025898647769460785, -3.1709, 0.4103, 0.8571, 0.1111]
	 ->['AGGCCAAGGAAUGACAAAGUCAGCCCAUGGGUGCCU', '((((((.((..((((...))))..)).))...))))', 0.1944, -1.999759600821728e-10, -10.9642, 0.3241, 0.6667, 0.2222]
	 ->['AGGCUAGGAAGUUAAGACUUGAGUCCAUAGGUGCCU', '(((((((((..((((...)))).))).))...))))', 0.1111, -1.7683707741386107e-10, -6.34, 0.3815, 0.3846, 0.2222]
	 >>> Resetting the solution to avoid local optima.
	 ->['ACCACCACCAACCACAAAGAGGAGGAAGGAAAAGGA', '.((.((.((...........)).))..)).......', 0.4167, -0.0006013949554065783, -3.7708, 0.3925, 1.0, 0.1667]
	 ->['ACCACAGCCAACCACAACGAGGAGGAAUGACAAGGA', '....((..(..((.......))..)..)).......', 0.1667, -0.00019085781571540547, -2.4782, 0.3093, 0.8, 0.2222]
	 ->['ACCAGAGCCGACCACAACGAGGAGGAAUUACAAGGA', '.......((..((.......)).))...........', 0.1389, -6.119584786713867e-05, -2.9792, 0.3211, 1.0, 0.2778]
	 ->['ACCAGAGCCGACCACAACGAGGAGGACUUACAAGGA', '....(((((..((.......)).)).))).......', 0.1111, -3.2155140264961976e-07, -5.1141, 0.2556, 0.7143, 0.2222]
	 >>> Resetting the solution to avoid local optima.
	 ->['AGGAGGAGGAAGGAGAAACACCACCAACCAAAACCA', '.((....((..((.(......).))..))....)).', 0.3333, -0.0007543586925342024, -4.0311, 0.4203, 1.0, 0.1111]
	 ->['AGGAGUAGGGAGGAGAAACACCACCAAACAAAACCA', '....((..((.((.......)).))..)).......', 0.1944, -0.0007313983199455213, -4.1502, 0.3041, 0.8333, 0.2222]
	 ->['AGGUGAAGGGAGGAGAAUCUCCGCCAGUCAAAACCA', '.(((((..((.((((...)))).))..))...))).', 0.1667, -6.1230689036304975e-09, -11.5554, 0.2724, 0.7273, 0.1667]
	 >>> Resetting the solution to avoid local optima.
	 ->['ACCACCACCAACCACAAAGAGGAGGAAGGAAAAGGA', '.((.((.((...........)).))..)).......', 0.4167, -0.0006013949554065783, -3.7708, 0.3925, 1.0, 0.1667]
	 ->['ACCACCACCAACCACCAAGAGGAGGAAGGAAAAGGA', '.((....((..((.((....)).))..))....)).', 0.3611, -1.8650294895331888e-05, -5.9115, 0.4418, 1.0, 0.1111]
	 ->['ACCGGAAGCAACCACCAAGAGGAGCGAUCAAAAGGA', '....((.((..((.......)).))..)).......', 0.0833, -0.001677504451765357, -2.9386, 0.3327, 0.8333, 0.1667]
	 >>> Resetting the solution to avoid local optima.
	 ->['AGGAGGAGGAAGGAGAAACACCACCAACCAAAACCA', '.((....((..((.(......).))..))....)).', 0.3333, -0.0007543586925342024, -4.0311, 0.4203, 1.0, 0.1111]
	 ->['CGGAGGAUUAGGGAGAGACUCCAAGAACCAAGGCCA', '....((.((..((((...))))..)).)).......', 0.1944, -1.0431122707834977e-07, -7.3079, 0.379, 0.625, 0.2222]
	 ->['CGGCGGAUUAGGGAGAGACUUCAAGAACCAAGGUCA', '.(((((.((..((((...))))..)).))...))).', 0.1667, -1.4520985822503834e-09, -4.9423, 0.3055, 0.5455, 0.1667]
	 >>> Resetting the solution to avoid local optima.
	 ->['ACCACCACCAACCACAAAGAGGAGGAAGGAAAAGGA', '.((.((.((...........)).))..)).......', 0.4167, -0.0006013949554065783, -3.7708, 0.3925, 1.0, 0.1667]
	 ->['ACCACCAACAACUACAUAGAGGAGUACGGAUUAGGA', '....((.((..((......))..))..)).......', 0.1944, -2.617985695546811e-05, -2.2025, 0.4215, 0.6667, 0.2222]
	 ->['ACCACCAACAACUACAUAGAGGAGUACGGUUUAGGA', '.(((((.((..((......))..))..)))...)).', 0.1667, -2.7885740198283383e-06, -3.5827, 0.3675, 0.6667, 0.1667]
	 ->['ACCACCAACAACUACAAAGUGGAGUACGGUUUAGGG', '.(((((.....((((...)))).....)))...)).', 0.1111, -1.7157973071182606e-06, -4.782, 0.3286, 0.6667, 0.2222]
	 ->['ACCAUCAAGUACUGCGGGGUAGAUUAGGAUAUCGGG', '.(((((.(((.((((...)))))))..)))...)).', 0.0833, -4.0951210519161106e-08, -4.4842, 0.3605, 0.4167, 0.1667]
	 >>> Resetting the solution to avoid local optima.
	 ->['AGGAGGAGGAAGGAGAAACACCACCAACCAAAACCA', '.((....((..((.(......).))..))....)).', 0.3333, -0.0007543586925342024, -4.0311, 0.4203, 1.0, 0.1111]
	 ->['AGGAGGAGGACGGAGAAACACCACCAGCCAAGACCA', '.((....((..((.(......).))..))....)).', 0.3333, -0.0005336813820356247, -4.8444, 0.4017, 1.0, 0.1111]
	 ->['AGGAGGAGGACGCAGAGACAGCACCAGCCAAGACCA', '....((..(..((.......))..)..)).......', 0.1667, -0.0012743345005330712, -4.408, 0.2661, 1.0, 0.2222]
	 ->['AGGAGGAGUACGCAGAUACAGCAGCAGCCAAGACCA', '....((.....((.......)).....)).......', 0.1389, -0.0012722954766728378, -2.909, 0.3366, 1.0, 0.2778]
	 ->['AGGAGGAGUACGCAGAUACAGCAGCAGCCUAGACCA', '.(((((.....((.......)).....)))...)).', 0.1111, -0.0001161804148551013, -4.3841, 0.3071, 0.8571, 0.2222]
	 >>> Resetting the solution to avoid local optima.
	 ->['ACCACCACCAACCACAAAGAGGAGGAAGGAAAAGGA', '.((.((.((...........)).))..)).......', 0.4167, -0.0006013949554065783, -3.7708, 0.3925, 1.0, 0.1667]
	 ->['ACCGCCACCAACCACGAAGAGGAGGAAGGAAGAGGA', '.((.(..((..((.(......).))..))..).)).', 0.3611, -3.899193459673086e-05, -5.457, 0.4088, 1.0, 0.1111]
	 ->['ACCGCCACCAACCACGAAGAGGAGGAAGGAACAGGA', '.((....((..((.(......).))..))....)).', 0.3333, -7.523889460867443e-05, -5.0519, 0.4003, 1.0, 0.1111]
	 ->['ACCGCCACUAGCCACGAAGAGGAAGAAGGAACAGGA', '....((.....((.......)).....)).......', 0.1389, -0.00022236634009464843, -2.684, 0.3319, 1.0, 0.2778]
	 ->['ACCGCCACUAGCCACGUAGAGGAAGAAGGUACAGGA', '.(((((.....((.......)).....)))...)).', 0.1111, -1.3142334298245164e-05, -4.4272, 0.3668, 0.8571, 0.2222]
	 >>> Resetting the solution to avoid local optima.
	 ->['AGGAGGAGGAAGGAGAAACACCACCAACCAAAACCA', '.((....((..((.(......).))..))....)).', 0.3333, -0.0007543586925342024, -4.0311, 0.4203, 1.0, 0.1111]
	 ->['AGGAGGAGGAAGGAGAAACACCGCCAACCAAAACCA', '.((....((..((.(......).))..))....)).', 0.3333, -0.0007105475788215899, -4.868, 0.4361, 1.0, 0.1111]
	 ->['AGGAGGAUGAAGGAGAAACACCGCGAACCAAAACCA', '....((.....((.......)).....)).......', 0.1389, -0.0006554280657944185, -2.5178, 0.2991, 1.0, 0.2778]
	 ->['AGGAGUAUGAAGGAGAAUCACCGCGACGCUGAACCA', '.(((((.....((.......)).....)))...)).', 0.1111, -2.9872783740511015e-05, -2.9212, 0.3842, 0.7143, 0.2222]
	 >>> Resetting the solution to avoid local optima.
	 ->['AGGAGGAGGAAGGAGAAACACCACCAACCAAAACCA', '.((....((..((.(......).))..))....)).', 0.3333, -0.0007543586925342024, -4.0311, 0.4203, 1.0, 0.1111]
	 ->['AGGAGGAGGAAGGAGAAACACCACCGACCAAAACCA', '.((....((..((.(......).))..))....)).', 0.3333, -0.0008905082583679695, -5.2289, 0.4221, 1.0, 0.1111]
	 ->['UGGUGCAGGAGGGUGAAGCACUACCGAGCAAGGCCA', '((((((.((..((((...)))).))..))...))))', 0.0833, -1.0129080317450278e-06, -9.4069, 0.2429, 0.6667, 0.1667]
	 >>> Resetting the solution to avoid local optima.
	 ->['ACCACCACCAACCACAAAGAGGAGGAAGGAAAAGGA', '.((.((.((...........)).))..)).......', 0.4167, -0.0006013949554065783, -3.7708, 0.3925, 1.0, 0.1667]
	 ->['ACCACCACCAACCACAAAGAGGAGGAAGGGAAAGGA', '.((....((..((.(......).))..))....)).', 0.3333, -0.00012805037728272356, -4.7241, 0.3879, 1.0, 0.1111]
	 ->['ACCACCACCAACGUCAAAGACGAGGAAGGGAAAGGU', '(((.((.((..((((...)))).))...))...)))', 0.1667, -1.1490165641417553e-06, -7.1292, 0.2996, 0.8182, 0.1667]
	 ->['ACCACCUCCAACGUCAAAGACGGGGAAGGGAAAGGU', '....(((((..((((...)))).)).))).......', 0.1111, -4.755383960043671e-08, -10.692, 0.2497, 0.7778, 0.2222]
	 ->['ACCAACUCAAAGUUCUGAGAGCGUGAAGUCAUAGGU', '(((.(((((..((((...)))).)).)))....)))', 0.0833, -3.449589445952654e-07, -5.0708, 0.2873, 0.5, 0.1667]
	 >>> Resetting the solution to avoid local optima.
	 ->['ACCACCACCAACCACAAAGAGGAGGAAGGAAAAGGA', '.((.((.((...........)).))..)).......', 0.4167, -0.0006013949554065783, -3.7708, 0.3925, 1.0, 0.1667]
	 ->['ACCACCACCAACCACAAAGAGGAGGAAGGAAAAGGA', '.((.((.((...........)).))..)).......', 0.4167, -0.0006013949554065783, -3.7708, 0.3925, 1.0, 0.1667]
	 ->['ACCGCCACCGACCACAAUGAGGAGGAAGGAAAAGGA', '.((....((..((.(......).))..))....)).', 0.3333, -0.0001822222153747257, -5.8067, 0.3965, 1.0, 0.1111]
	 ->['ACCGGCACUGACCACAAUGAGGAGGAUGUAAUAGGA', '....(((((..((.......)).)).))).......', 0.1111, -5.77542530277166e-05, -4.0149, 0.2751, 0.5714, 0.2222]
	 >>> Resetting the solution to avoid local optima.
	 ->['ACCACCACCAACCACAAAGAGGAGGAAGGAAAAGGA', '.((.((.((...........)).))..)).......', 0.4167, -0.0006013949554065783, -3.7708, 0.3925, 1.0, 0.1667]
	 ->['ACCACCACCAACCACAUAGAGGAGGAAGGAAAAGGA', '.((.((.((...........)).))..)).......', 0.4167, -0.0005974676306645573, -3.7748, 0.3932, 1.0, 0.1667]
	 ->['ACCACCACAAACCACAUAGAGGAUGAAGGAAAAGGA', '....((.....((.......)).....)).......', 0.1389, -0.0007516245716460544, -1.9334, 0.3772, 1.0, 0.2778]
	 ->['CGCACCAGAGACCACAUUGAGGAUCAAGGAAACGCA', '....((.((..((.......)).))..)).......', 0.0833, -0.003516223810580626, -3.0824, 0.3024, 0.8333, 0.1667]
	 ->['CCCACCAGAGAGCGCAUUGUGCAUCAAGGCAAUGGA', '.(((((.((..((((...)))).))..))...))).', 0.0556, -6.529697723152881e-06, -7.3583, 0.2831, 0.7273, 0.1111]
	 >>> Resetting the solution to avoid local optima.
	 ->['AGGAGGAGGAAGGAGAAACACCACCAACCAAAACCA', '.((....((..((.(......).))..))....)).', 0.3333, -0.0007543586925342024, -4.0311, 0.4203, 1.0, 0.1111]
	 ->['AGGAGGAGGAAGGAGAAACACCACCAACCAAAACCA', '.((....((..((.(......).))..))....)).', 0.3333, -0.0007543586925342024, -4.0311, 0.4203, 1.0, 0.1111]
	 ->['AGGAGGACGAAGGAGAAGCACCACGAACCGAAACCA', '....((.((..((.......)).))..)).......', 0.0833, -0.004877055096794463, -2.1808, 0.3194, 1.0, 0.1667]
	 >>> Resetting the solution to avoid local optima.
	 ->['ACCACCACCAACCACAAAGAGGAGGAAGGAAAAGGA', '.((.((.((...........)).))..)).......', 0.4167, -0.0006013949554065783, -3.7708, 0.3925, 1.0, 0.1667]
	 ->['ACCACCACCAACCACAAAGAGGAGGAAGGAAACGGA', '.((.((.((...........)).))..)).......', 0.4167, -0.0005958511645698762, -3.7765, 0.3932, 1.0, 0.1667]
	 ->['ACCACUAUCGACCACAAAGAGGAGGAAAGACACGGA', '....((.((..((.......))..)).)).......', 0.1944, -1.5379149534904048e-05, -3.1304, 0.3201, 0.6667, 0.2222]
	 ->['ACUACUAUCGACCGCUAAGAGGAGAGAAGAGACAGA', '.((.((.((..((.......)).))..)))).....', 0.1389, -7.077800364742881e-05, -3.2895, 0.3491, 0.625, 0.1667]
	 >>> Resetting the solution to avoid local optima.
	 ->['AGGAGGAGGAAGGAGAAACACCACCAACCAAAACCA', '.((....((..((.(......).))..))....)).', 0.3333, -0.0007543586925342024, -4.0311, 0.4203, 1.0, 0.1111]
	 ->['AGGAGGAGGAAGGAGAAACACCACCAACCAAAACCA', '.((....((..((.(......).))..))....)).', 0.3333, -0.0007543586925342024, -4.0311, 0.4203, 1.0, 0.1111]
	 ->['AGGAGGAGGAAGGAGAAACACCACCAACCCAAACCA', '.((.(..((..((.......)).))..)))......', 0.2222, -0.0002300378555462915, -4.7631, 0.3856, 1.0, 0.1667]
	 ->['AGGAGCAGGAAGGAGAAACACCACCAAGCCAAACCA', '.((....((..((.......)).))...))......', 0.1944, -0.003957774016549093, -3.3095, 0.3072, 1.0, 0.2222]
	 ->['AGUAGCAGGAAGGAGAAACACCACCAAGCCAACACA', '....((..(..((.......))..)..)).......', 0.1667, -0.0005178505380728605, -2.763, 0.3167, 1.0, 0.2222]
	 ->['AGUAGCAGGAUGGAGACACACCACCAAGCCAACACA', '....((.((.(((.......)))))..)).......', 0.1111, -1.6965556792790115e-05, -5.0699, 0.2942, 0.8571, 0.2222]
	 ->['AGUAGCAGGAUGGAGACCCUCCACCAGGCCGAUACA', '.(((((.((.(((((...)))))))..))...))).', 0.0833, -4.3933539384727325e-08, -10.3408, 0.2188, 0.6667, 0.1667]
	 >>> Resetting the solution to avoid local optima.
	 ->['AGGAGGAGGAAGGAGAAACACCACCAACCAAAACCA', '.((....((..((.(......).))..))....)).', 0.3333, -0.0007543586925342024, -4.0311, 0.4203, 1.0, 0.1111]
	 ->['AGGAGGAGGAGGGAGAAACACCACCAACCAAAGCCA', '.((....((..((.(......).))..))....)).', 0.3333, -0.00022801642344151923, -6.1685, 0.3709, 1.0, 0.1111]
	 ->['AGGAGGAAGAGGGAGAAACACCACUAACCAAAGCCA', '....((.((.((........)).))..)).......', 0.1944, -0.0003376274923241935, -4.2266, 0.3635, 0.8333, 0.2222]
	 ->['CGGUGCAAGCGGGAGUACCACCACUAGGCAAAACCA', '.(((((.((.((........)).))..))...))).', 0.1667, -3.029649402756597e-06, -8.3316, 0.3528, 0.7778, 0.1667]




RNA sequences found with GC-content <= 0.48:

RNA sequences found with GC-content > 0.48:
@@ AGCAGCAGCAACGGGAAUCGCGGGCGAGUCAAAGCA 0.8888888888888888
@@ AGCAGCAGCAACGGGAAUCGCGGGCGAGUCAUAGCA 0.8888888888888888
@@ AGCAGCAGCAACGGGAAACGCGGGCGAGUCAUAGCA 0.8888888888888888
@@ AGCAGCAGCAACGGGAAACGCGGGCGAGUCACAGCA 0.8888888888888888
@@ AGCAGCAGCAAGGGGAAACGCCGGCGAGUCACAGCA 0.8888888888888888
@@ AGCAGCAGCAAGGGGAUACGCCGGCGAGUCACAGCA 0.8888888888888888
@@ AGCAGCAGCAAGGGGAGACGCCGGCGAGUCACAGCA 0.8888888888888888
@@ AGCAGCAGCAAGGGGGGACGCCGGCGAGUCACAGCA 0.8888888888888888


Elapsed time:                   86400.01037979126 secs.
Number of function evaluations: 68745045
----------------------------------------------------------------------


---------------------------------------
 FINISHED SUCCESSFULLY 
---------------------------------------
