
-----------------------------------------------------------------------
   _____ _____  ______ ______ _____             _____  _   _           
  / ____|  __ \|  ____|  ____|  __ \           |  __ \| \ | |   /\     
 | |  __| |__) | |__  | |__  | |  | |  ______  | |__) |  \| |  /  \    
 | | |_ |  _  /|  __| |  __| | |  | | |______| |  _  /| . ` | / /\ \   
 | |__| | | \ \| |____| |____| |__| |          | | \ \| |\  |/ ____ \  
  \_____|_|  \_\______|______|_____/           |_|  \_\_| \_/_/    \_\ 
       
                                       -- A. Rubio-Largo et al. 2023
-----------------------------------------------------------------------

------------------------------------------------------------------------------------------------------------------
CONFIGURATION: 

 * TARGET:           .(((((((((((...)))))....)))))).
 * STOPPING:         86400 secs.
 * SEED:             10
 * NO. OF SOLUTIONS: 1
 * max. GC-cont.:    0.48
 * MODEL:            TURNER2004
 * MUTATION PROB:    0.01
 * STAGNATION LIMIT: 50
------------------------------------------------------------------------------------------------------------------


 (1) Let's minimize the base-pair distance between predicted and target structures
    -> Min(Base-pair distance), min(Hamming distance), max(probability over ensemble), min(partition function), min(ensemble defect), min(%GC-content)


	 ->['ACCCCCCCCCCCAAAGGGGGAAAAGGGGGGA', '.(((((((((((...)))))....)))))).', 0.0, -0.8371495711292307, -21.9096, 0.0828, 1.0, 0.0]


    -> Found sequence! Elapsed time:                   0.013700485229492188 secs.


 (2) We found a sequence that folds exactly like the target structure. Let's minimize the GC-content
    -> ORDER: Min(Base-pair distance), min(Hamming distance), min(GC-content), min(partition function), min(ensemble defect), max(probability over ensemble))


	 >>> Resetting the solution to avoid local optima.
	 ->['AGGGGGGGGGGGAAACCCCCAAAACCCCCCA', '.(((((((((((...)))))....)))))).', 0.0, -0.7048278419861843, -22.4156, 0.1284, 1.0, 0.0]
	 ->['AGGGGGGAGGGGAAACCCCUAAUACCCCCCA', '.(((((((((((...)))))....)))))).', 0.0, -0.905483686554479, -20.5612, 0.0163, 0.9091, 0.0]
	 ->['AGGGGGGAGUGGAAACCGCUAACACCCCCCA', '.(((((((((((...)))))....)))))).', 0.0, -0.9180824755764121, -17.8527, 0.0158, 0.8182, 0.0]
	 ->['AGGGGGGAGUGGAAACCGCUAACACCCCCUA', '.(((((((((((...)))))....)))))).', 0.0, -0.31668424238402587, -16.3087, 0.2985, 0.7273, 0.0]
	 ->['AGGGUGGAGUGGAGACCGCUAACACCACCUA', '.(((((((((((...)))))....)))))).', 0.0, -0.8314852751430214, -13.4137, 0.0305, 0.6364, 0.0]
	 ->['AGGGUGGAGAGGGGACCUCUAACACUACCUA', '.(((((((((((...)))))....)))))).', 0.0, -0.785495034393799, -11.7488, 0.0543, 0.5455, 0.0]


    -> Finished!! Elaapsed time:                   0.0762336254119873 secs.




RNA sequences found with GC-content <= 0.48:
## AGGGUGGAGAUGGGACAUCUAACACUACCUA 0.45454545454545453

RNA sequences found with GC-content > 0.48:
@@ ACCCCCCCCGCCAAAGGCGGAAAAGGGGGGA 1.0
@@ ACCCCCCGCGCCAAAGGCGCAAAAGGGGGGA 1.0
@@ AGCCCCCGCGCCAAAGGCGCAAAAGGGGGCA 1.0
@@ AGCCCCCGCCCCAAAGGGGCAAAAGGGGGCA 1.0
@@ AGGGGGGAGGGGAAACCCCUAAAACCCCCCA 0.9090909090909091
@@ AGGGGGGAGGGGAAACCCCUAAUACCCCCCA 0.9090909090909091
@@ AGGGGGGAGUGGAAACCGCUAAUACCCCCCA 0.8181818181818182
@@ AGGGGGGAGUGGAAACCGCUAACACCCCCCA 0.8181818181818182
@@ AGGGGGGAGUGGAAACCGCUAACACCCCCUA 0.7272727272727273
@@ AGGGUGGAGUGGAAACCGCUAACACCACCUA 0.6363636363636364
@@ AGGGUGGAGUGGAGACCGCUAACACCACCUA 0.6363636363636364
@@ AGGGUGGAGUGGAGACCGCUAACACUACCUA 0.5454545454545454
@@ AGGGUGGAGUGGAGACCACUAACACUACCUA 0.5454545454545454
@@ AGGGUGGAGUGGGGACCACUAACACUACCUA 0.5454545454545454
@@ AGGGUGGAGAGGGGACCUCUAACACUACCUA 0.5454545454545454


Elapsed time:                   0.07664632797241211 secs.
Number of function evaluations: 56
----------------------------------------------------------------------


---------------------------------------
 FINISHED SUCCESSFULLY 
---------------------------------------
