
-----------------------------------------------------------------------
   _____ _____  ______ ______ _____             _____  _   _           
  / ____|  __ \|  ____|  ____|  __ \           |  __ \| \ | |   /\     
 | |  __| |__) | |__  | |__  | |  | |  ______  | |__) |  \| |  /  \    
 | | |_ |  _  /|  __| |  __| | |  | | |______| |  _  /| . ` | / /\ \   
 | |__| | | \ \| |____| |____| |__| |          | | \ \| |\  |/ ____ \  
  \_____|_|  \_\______|______|_____/           |_|  \_\_| \_/_/    \_\ 
       
                                       -- A. Rubio-Largo et al. 2023
-----------------------------------------------------------------------

------------------------------------------------------------------------------------------------------------------
CONFIGURATION: 

 * TARGET:           .((.((.((..((.(...).)).))..))....)).
 * STOPPING:         86400 secs.
 * SEED:             2
 * NO. OF SOLUTIONS: 1
 * max. GC-cont.:    0.48
 * MODEL:            TURNER2004
 * MUTATION PROB:    0.01
 * STAGNATION LIMIT: 50
------------------------------------------------------------------------------------------------------------------


 (1) Let's minimize the base-pair distance between predicted and target structures
    -> Min(Base-pair distance), min(Hamming distance), max(probability over ensemble), min(partition function), min(ensemble defect), min(%GC-content)


	 ->['ACCACCACCAACCACAAAGAGGAGGAAGGAAAAGGA', '.((.((.((...........)).))..)).......', 0.4167, -0.0006013949554065783, -3.7708, 0.3925, 1.0, 0.1667]
	 ->['ACCACCACCAACCACAAAGAGGAGGAAGGAAAAGGA', '.((.((.((...........)).))..)).......', 0.4167, -0.0006013949554065783, -3.7708, 0.3925, 1.0, 0.1667]
	 ->['ACCACCACCAAGGAGAAACACCAGGAAGGAAAAGGA', '....((..(..((.......))..)..)).......', 0.1667, -0.004324100409450747, -2.755, 0.2981, 1.0, 0.2222]
	 >>> Resetting the solution to avoid local optima.
	 ->['ACCACCACCAACCACAAAGAGGAGGAAGGAAAAGGA', '.((.((.((...........)).))..)).......', 0.4167, -0.0006013949554065783, -3.7708, 0.3925, 1.0, 0.1667]
	 ->['ACCACCACCAACCCCAAAGAGGAGGAAGGAAAAGGA', '.((....((..((((.....)).))..))....)).', 0.3611, -3.0375568503761888e-05, -6.2109, 0.4421, 1.0, 0.1111]
	 ->['ACCACCACCAACCCGAAAUAGGAGGAAGGAAAAGGA', '.((....((..(((......)).)...))....)).', 0.3333, -4.661694535498704e-05, -4.5469, 0.4132, 1.0, 0.1667]
	 ->['ACCCCCACCAACCCGAAAUAGGAGGAAGGAAAAGGA', '...((..((...((......)).))..)).......', 0.3056, -1.1130254746901591e-05, -5.4297, 0.4364, 1.0, 0.2778]
	 ->['AGCCCCACCAACGAGAAAUAUGAGGAAGGAAAAGCA', '...((..((..............))..)).......', 0.25, -5.9469020475640426e-05, -2.2968, 0.3882, 1.0, 0.3333]
	 ->['AGCUAGGCCGACGAGAAACAUGAGGAACUGUACGCA', '.(((((.((..............))..)))...)).', 0.1111, -0.0015686224018864128, -2.8799, 0.326, 0.7143, 0.2222]
	 >>> Resetting the solution to avoid local optima.
	 ->['AGGAGGAGGAAGGAGAAACACCACCAACCAAAACCA', '.((....((..((.(......).))..))....)).', 0.3333, -0.0007543586925342024, -4.0311, 0.4203, 1.0, 0.1111]
	 ->['AGGAGGAGGAAGGAGAAACACCACCAACCAAAACCA', '.((....((..((.(......).))..))....)).', 0.3333, -0.0007543586925342024, -4.0311, 0.4203, 1.0, 0.1111]
	 ->['AGGAGGAAGAAGGAGCAACACCACUAACCAAAACCA', '....((.....((.......)).....)).......', 0.1389, -0.0016759705444916201, -1.8391, 0.3612, 1.0, 0.2778]
	 >>> Resetting the solution to avoid local optima.
	 ->['ACCACCACCAACCACAAAGAGGAGGAAGGAAAAGGA', '.((.((.((...........)).))..)).......', 0.4167, -0.0006013949554065783, -3.7708, 0.3925, 1.0, 0.1667]
	 ->['ACCACCACCAACCACAAAGAGGAGGAAGGAAAAGGA', '.((.((.((...........)).))..)).......', 0.4167, -0.0006013949554065783, -3.7708, 0.3925, 1.0, 0.1667]
	 ->['ACCACCGCCAACCACAAAGAGGAGGAAGGAAAAGGU', '(((....((..((.(......).))..))....)))', 0.3611, -0.00029423337251111866, -5.0114, 0.3987, 0.875, 0.1667]
	 ->['ACCAGCGCCAACCACAAAGAGGAGGAAGCAAAAGGU', '....((..(..((.......))..)..)).......', 0.1667, -0.0014196133259860603, -4.1414, 0.2418, 1.0, 0.2222]
	 ->['ACCAGCGACAACCACAAAGAGGAGUAAGCAAAAGGU', '....((.....((.......)).....)).......', 0.1389, -0.0010728984603835692, -3.014, 0.2395, 1.0, 0.2778]
	 ->['ACCAGCGGCGACGACAAAGACGAGCAAGCAAAAGGG', '....((.((..((.......)).))..)).......', 0.0833, -0.021463934595837054, -4.1675, 0.2084, 1.0, 0.1667]
	 >>> Resetting the solution to avoid local optima.
	 ->['AGGAGGAGGAAGGAGAAACACCACCAACCAAAACCA', '.((....((..((.(......).))..))....)).', 0.3333, -0.0007543586925342024, -4.0311, 0.4203, 1.0, 0.1111]
	 ->['AGGAGGAGGAAGGAGAAACACCACCAACCAAAACCA', '.((....((..((.(......).))..))....)).', 0.3333, -0.0007543586925342024, -4.0311, 0.4203, 1.0, 0.1111]
	 ->['AGGAGGAGCAAGGAGAAACGCCGGCAACCAAAACCA', '....((.((..((.......)).))..)).......', 0.0833, -0.03439421944255019, -4.1769, 0.2157, 1.0, 0.1667]
	 ->['AGGAGCAGCAAGGAGAAACGCCGGCGAGCAAAUCCA', '.(((((.((..((.......)).))..))...))).', 0.0556, -0.003248068601807231, -7.1313, 0.1471, 0.8889, 0.1111]
	 >>> Resetting the solution to avoid local optima.
	 ->['ACCACCACCAACCACAAAGAGGAGGAAGGAAAAGGA', '.((.((.((...........)).))..)).......', 0.4167, -0.0006013949554065783, -3.7708, 0.3925, 1.0, 0.1667]
	 ->['ACCACCACCAACCACAAAGAGGAGGAAGGAAAAGGA', '.((.((.((...........)).))..)).......', 0.4167, -0.0006013949554065783, -3.7708, 0.3925, 1.0, 0.1667]
	 ->['ACCACGACCAACCACAAAGAGGAGGAAUGAAAAGGA', '.......((..((.......)).))...........', 0.1389, -0.0002537742085246773, -1.9026, 0.3881, 1.0, 0.2778]
	 ->['ACCACGACCAACCACAAAGAGGAGGAUUGCAAAGGA', '....(((((..((.......)).)).))).......', 0.1111, -4.4305720814803486e-05, -2.9782, 0.3439, 0.7143, 0.2222]
	 >>> Resetting the solution to avoid local optima.
	 ->['ACCACCACCAACCACAAAGAGGAGGAAGGAAAAGGA', '.((.((.((...........)).))..)).......', 0.4167, -0.0006013949554065783, -3.7708, 0.3925, 1.0, 0.1667]
	 ->['ACCACCACCAACCACAAAGAGGAGGAAGGAAAAGGA', '.((.((.((...........)).))..)).......', 0.4167, -0.0006013949554065783, -3.7708, 0.3925, 1.0, 0.1667]
	 ->['ACCCCCACCAACCGCAAAGAGGAGGAAGGAAAAGGC', '...((..((..((.......)).))..)).......', 0.1944, -0.0004167132150568704, -4.9969, 0.3602, 1.0, 0.2222]
	 ->['ACCAGCGCCAACCGCAAAGAGGAGGAAGUUAAAGGC', '.(((((..(..((.......))..)..)))...)).', 0.1389, -0.0007975344155739673, -3.8968, 0.302, 0.75, 0.1667]
	 ->['GCCAGCGCCGACCGCAAUGAGGAGGAUGUUAAAGGA', '.((((((((..((.......)).)).))))...)).', 0.0833, -6.26835452930534e-05, -6.3644, 0.2251, 0.7, 0.1667]
	 >>> Resetting the solution to avoid local optima.
	 ->['ACCACCACCAACCACAAAGAGGAGGAAGGAAAAGGA', '.((.((.((...........)).))..)).......', 0.4167, -0.0006013949554065783, -3.7708, 0.3925, 1.0, 0.1667]
	 ->['ACCACCACCAACCACGAAGAGGAGGAAGGAAAAGGA', '.((....((..((.(......).))..))....)).', 0.3333, -0.000282452056266703, -4.2366, 0.4048, 1.0, 0.1111]
	 ->['ACCACCAACAACCACAAAGAGGAGUAAGGAAAAGGA', '....((.....((.......)).....)).......', 0.1389, -0.0012851234882463474, -1.7028, 0.3411, 1.0, 0.2778]
	 ->['ACCACCAACAACCACAAAGAGGAGUAAGGAAAAGGU', '(((.((.....((.......)).....))....)))', 0.1111, -0.0006683601405754768, -2.1057, 0.351, 0.8571, 0.2222]
	 >>> Resetting the solution to avoid local optima.
	 ->['ACCACCACCAACCACAAAGAGGAGGAAGGAAAAGGA', '.((.((.((...........)).))..)).......', 0.4167, -0.0006013949554065783, -3.7708, 0.3925, 1.0, 0.1667]
	 ->['ACCACCACCAACCUCAAAGAGGAGGAAGGAAAAGGA', '.((....((..((((......))))..))....)).', 0.3611, -9.778297295021274e-07, -8.1286, 0.457, 0.875, 0.1667]
	 ->['ACCAGCACCAACCUCAAAGAGGAGGAAGCAAAAGGA', '....((..(..((((...))))..)..)).......', 0.1667, -9.559690260236028e-06, -6.8234, 0.2819, 0.8571, 0.2222]
	 ->['ACCAGCACCAAUAUCAAAGAUGAGGAAGCCAAAGGA', '....((.((..((((...)))).))..)).......', 0.0833, -6.991023270989337e-05, -2.5971, 0.246, 0.625, 0.1667]
	 >>> Resetting the solution to avoid local optima.
	 ->['AGGAGGAGGAAGGAGAAACACCACCAACCAAAACCA', '.((....((..((.(......).))..))....)).', 0.3333, -0.0007543586925342024, -4.0311, 0.4203, 1.0, 0.1111]
	 ->['AGGAGGAGGAAGGAGAAACACCACCAACCAAAACCA', '.((....((..((.(......).))..))....)).', 0.3333, -0.0007543586925342024, -4.0311, 0.4203, 1.0, 0.1111]
	 ->['AGGAGUAGGCCGGACAAAGACCACCUAGCAAAACCA', '.((..((((..((.......)).))))......)).', 0.1389, -0.00010991786435119425, -4.8182, 0.3043, 0.75, 0.2222]
	 ->['CGCUGCAGGAGGAACAAAGAUCACCUGGCUUAAGCA', '.((((((((..((.......)).))).))...))).', 0.0833, -8.66893023921011e-05, -7.1646, 0.2867, 0.7, 0.1667]
	 >>> Resetting the solution to avoid local optima.
	 ->['AGGAGGAGGAAGGAGAAACACCACCAACCAAAACCA', '.((....((..((.(......).))..))....)).', 0.3333, -0.0007543586925342024, -4.0311, 0.4203, 1.0, 0.1111]
	 ->['AGGAGGAGGAAGGAGAAACACCACCAACCAAAACCA', '.((....((..((.(......).))..))....)).', 0.3333, -0.0007543586925342024, -4.0311, 0.4203, 1.0, 0.1111]
	 ->['AUGAGGAGGAAUGAGAAACGCAACCAGCCAAAACAA', '....((..(..((.......))..)..)).......', 0.1667, -0.00021619593189287794, -2.1013, 0.3477, 0.8, 0.2222]
	 ->['AUCAUCCGGAAUGAGAAACGCAACCAGGAAAAAGAA', '....(((((..((.......)).)).))).......', 0.1111, -3.19868539965796e-06, -3.1982, 0.2983, 0.7143, 0.2222]
	 ->['AUCAUCCGCAAUGGGUAACGCAAGCAGGAACAAGAA', '....(((((..((.(...).)).)).))).......', 0.0833, -7.850098952209522e-06, -4.8448, 0.2881, 0.75, 0.1667]
	 >>> Resetting the solution to avoid local optima.
	 ->['AGGAGGAGGAAGGAGAAACACCACCAACCAAAACCA', '.((....((..((.(......).))..))....)).', 0.3333, -0.0007543586925342024, -4.0311, 0.4203, 1.0, 0.1111]
	 ->['AGCAGGAGGAAGGAGAAACACCACCAACCAAAAGCA', '.((....((..((.(......).))..))....)).', 0.3333, -0.0014087847051754308, -3.7462, 0.3661, 1.0, 0.1111]
	 ->['AGCAGGAGAAAGGAGAAACGCCAUCAACCCAAAGCA', '.((.((.((..((.......)).))...))...)).', 0.1389, -0.0038410457882236326, -2.728, 0.2979, 0.875, 0.1111]
	 ->['AGCAGGAGAAAGGAGAAACGCCAUCAACCUAAAGCA', '.(((((.....((.......)).....)))...)).', 0.1111, -0.0011771170345282141, -3.4569, 0.2311, 0.8571, 0.2222]
	 ->['AGCAGGAGAAAGGAGAAACGCCAUCUACCUAAAGCA', '.((((((((..((.......)).))).)))...)).', 0.0833, -3.045518793871318e-05, -5.9093, 0.2189, 0.7, 0.1667]
	 ->['AGCAAGACAAAGGAGAAACGCCGUGGACUUAAAGCA', '.(((((.((..((.......)).))..)))...)).', 0.0556, -0.004373629801283796, -2.948, 0.217, 0.6667, 0.1111]
	 >>> Resetting the solution to avoid local optima.
	 ->['AGGAGGAGGAAGGAGAAACACCACCAACCAAAACCA', '.((....((..((.(......).))..))....)).', 0.3333, -0.0007543586925342024, -4.0311, 0.4203, 1.0, 0.1111]
	 ->['AGGAGGAGGAAGGAGAAACACCACCAACCAAAACCA', '.((....((..((.(......).))..))....)).', 0.3333, -0.0007543586925342024, -4.0311, 0.4203, 1.0, 0.1111]
	 ->['AGGAGGAGGAAGGAGAAACACCACCAACCCAAACCA', '.((.(..((..((.......)).))..)))......', 0.2222, -0.0002300378555462915, -4.7631, 0.3856, 1.0, 0.1667]
	 ->['AGGAGGAGGAAGGAGAAACACCAUCAACCCAAACCA', '....((..((.((.......)).))..)).......', 0.1944, -4.158510221404769e-06, -4.9364, 0.3309, 0.8333, 0.2222]
	 ->['AGCAGCAGGAACGCGAAACACGGUCAGGCCAAAGCU', '(((.((..((.((.......)).))..))....)))', 0.1667, -0.00013377531318042586, -5.3972, 0.2973, 0.7778, 0.1667]
	 >>> Resetting the solution to avoid local optima.
	 ->['ACCACCACCAACCACAAAGAGGAGGAAGGAAAAGGA', '.((.((.((...........)).))..)).......', 0.4167, -0.0006013949554065783, -3.7708, 0.3925, 1.0, 0.1667]
	 ->['ACCACCACCAACCACAAAGAGGAGGAAGGAAAAGGA', '.((.((.((...........)).))..)).......', 0.4167, -0.0006013949554065783, -3.7708, 0.3925, 1.0, 0.1667]
	 ->['ACCACCACCAGCCCUAAAAAGGAGGAAGGAAAAGGA', '.((....((..((((.....)).))..))....)).', 0.3611, -3.091729344835414e-05, -5.2, 0.4326, 0.875, 0.1111]
	 ->['GCCACUACCAGCCCUAAAAAGGAGGAAAGAAAAGGA', '.......((...(((....))).))...........', 0.2778, -4.5845742671959425e-05, -3.4572, 0.454, 0.8, 0.3333]
	 ->['GCCACUACCAGCCCGAAACAGGAGGAAAGAAAAGGA', '.......((...((......)).))...........', 0.25, -0.0004612365945262045, -3.2343, 0.4267, 1.0, 0.3333]
	 ->['GCCACUACCAGGCCGUAACAGCCGGAAAGAAAAGGA', '.......((.(((.......)))))...........', 0.1667, -1.2544338439163602e-05, -5.3559, 0.3257, 1.0, 0.3333]
	 ->['ACCACCAGCAGGCCGUAACAGUCGCGAGGAAAAGGG', '....((.((.(((.......)))))..)).......', 0.1111, -0.0004227604367739163, -5.088, 0.2103, 0.8571, 0.2222]
	 ->['ACCACCAGCAGGCCGAAACAGUAGCGAGGAAAAGGG', '....((.((..((.......)).))..)).......', 0.0833, -0.038508055988695646, -3.4073, 0.2612, 0.8333, 0.1667]
	 >>> Resetting the solution to avoid local optima.
	 ->['AGGAGGAGGAAGGAGAAACACCACCAACCAAAACCA', '.((....((..((.(......).))..))....)).', 0.3333, -0.0007543586925342024, -4.0311, 0.4203, 1.0, 0.1111]
	 ->['AGGAGGAGGAAGGAGAAACACCACCAACCAAAACCA', '.((....((..((.(......).))..))....)).', 0.3333, -0.0007543586925342024, -4.0311, 0.4203, 1.0, 0.1111]
	 ->['AAGAGGAGGAAGGAGAAACACCACCAACCAAAACUA', '....((..(..((.......))..)..)).......', 0.1667, -7.990800346548858e-05, -3.2148, 0.3889, 1.0, 0.2222]
	 ->['GAGAGCAAGACGGAGAAACACCACUAAGCAAAACUG', '....((.....((.......)).....)).......', 0.1389, -0.00020435149834859882, -1.4361, 0.3268, 1.0, 0.2778]
	 ->['GACAGCGUCAUGGAGCAACACCUGAAAGCCAAAGUG', '....((.(((.((.......)))))..)).......', 0.1111, -9.349742765703769e-05, -4.218, 0.3149, 0.7143, 0.2222]
	 ->['GCCAGCGCCAUGGAGAAACGCCGGGAAGCCAAUGGA', '.(((((.((.(((.......)))))..))...))).', 0.0833, -0.0008368829570705886, -7.0671, 0.2672, 0.8, 0.1667]
	 ->['GCCAGCACCAUGGGGAAACGCCGGGAAGCGAAUGGA', '.(((((.((.(((.(...).)))))..))...))).', 0.0556, -0.0017738471637870493, -7.9041, 0.2008, 0.8182, 0.1111]
	 >>> Resetting the solution to avoid local optima.
	 ->['AGGAGGAGGAAGGAGAAACACCACCAACCAAAACCA', '.((....((..((.(......).))..))....)).', 0.3333, -0.0007543586925342024, -4.0311, 0.4203, 1.0, 0.1111]
	 ->['AGGAGGAGGAAGGAGAAACACCACCAACCAAAACCA', '.((....((..((.(......).))..))....)).', 0.3333, -0.0007543586925342024, -4.0311, 0.4203, 1.0, 0.1111]
	 ->['AGGAGGAUGAAGGAGAAACACCACAAACCAAAACCA', '....((.....((.......)).....)).......', 0.1389, -0.0014123158529837333, -1.9446, 0.3612, 1.0, 0.2778]
	 ->['AGCAGGAUGAAGGAGAAACGCCACAGACCAAAAGCA', '....((.((..((.......)).))..)).......', 0.0833, -0.02770466368646459, -2.3102, 0.2381, 0.8333, 0.1667]
	 >>> Resetting the solution to avoid local optima.
	 ->['AGGAGGAGGAAGGAGAAACACCACCAACCAAAACCA', '.((....((..((.(......).))..))....)).', 0.3333, -0.0007543586925342024, -4.0311, 0.4203, 1.0, 0.1111]
	 ->['AGGAGGAGGAAGGAGAAACACCACCAACCAAAACCA', '.((....((..((.(......).))..))....)).', 0.3333, -0.0007543586925342024, -4.0311, 0.4203, 1.0, 0.1111]
	 ->['AGGAGCACGAGGGAGUAACACCACGAGGCGAAACCA', '....((.((.((........)).))..)).......', 0.1944, -0.0009160891616696811, -5.9114, 0.2756, 1.0, 0.2222]
	 ->['AGGAGCACGAGGGAGUAACACCACGAGGCGAAUCCA', '.(((((.((.((........)).))..))...))).', 0.1667, -4.77575160973602e-05, -7.732, 0.2536, 0.8889, 0.1667]
	 >>> Resetting the solution to avoid local optima.
	 ->['ACCACCACCAACCACAAAGAGGAGGAAGGAAAAGGA', '.((.((.((...........)).))..)).......', 0.4167, -0.0006013949554065783, -3.7708, 0.3925, 1.0, 0.1667]
	 ->['ACCACCACCAACCACAAAGAGGAGGAAGGAAAAGGA', '.((.((.((...........)).))..)).......', 0.4167, -0.0006013949554065783, -3.7708, 0.3925, 1.0, 0.1667]
	 ->['ACCACCACCAACCACAAAGAGGAGGAAGGAAAAGGU', '(((....((..((.(......).))..))....)))', 0.3611, -0.0002618129978223387, -4.2833, 0.3947, 0.875, 0.1667]
	 ->['ACCACCACCAACCACAAAGAGGAGGAAGGAAAAGGG', '.((....((..((.(......).))..))....)).', 0.3333, -0.0007568840899430323, -4.1291, 0.3934, 1.0, 0.1111]
	 ->['ACCACCACCAACCACAAAGAGGAGGGAGGAAAAGGG', '....((.((..((.......))..)).)).......', 0.1944, -0.0003145922556323937, -6.3702, 0.3112, 1.0, 0.2222]
	 ->['ACCAGCACCAACAACGCAGAUGAGGGAGCAAAUGGG', '.(((((.((..((.......))..)).))...))).', 0.1667, -7.712237171152751e-05, -5.8366, 0.2533, 0.7778, 0.1667]
	 ->['ACCAGCCCGAACAACGCAGAUGACGGAGCCAAUGGG', '.((((((((..............))).))...))).', 0.1389, -5.209151173471497e-07, -6.7167, 0.2299, 0.875, 0.2778]
	 ->['ACCACCCGGAACAACGCAGCUGACCGAGGCAAUGGG', '.((((((((..((.......)).))).))...))).', 0.0833, -1.8271630588446736e-06, -6.7433, 0.253, 0.8, 0.1667]
	 >>> Resetting the solution to avoid local optima.
	 ->['AGGAGGAGGAAGGAGAAACACCACCAACCAAAACCA', '.((....((..((.(......).))..))....)).', 0.3333, -0.0007543586925342024, -4.0311, 0.4203, 1.0, 0.1111]
	 ->['CUGAGGAGGAAGGACCAAGACCACCAACCAAUACAA', '....((..(..((.......))..)..)).......', 0.1667, -0.0001084259030854213, -3.1267, 0.3478, 1.0, 0.2222]
	 ->['CUGAGGAGGAAGGACCAAGACCACUAACCAAUACAA', '....((.....((.......)).....)).......', 0.1389, -7.656133295539408e-05, -2.1411, 0.415, 1.0, 0.2778]
	 ->['CCGACGAGCAUGGACAAAGACCGGUGACGAAAACGA', '....((.((.(((.......)))))..)).......', 0.1111, -0.001422120110602968, -3.8404, 0.3582, 0.7143, 0.2222]
	 ->['CCGACGAGCAAGGACAAAGACCGGUGACGAAAACGA', '....((.((..((.......)).))..)).......', 0.0833, -0.006560972340776697, -2.898, 0.3033, 0.8333, 0.1667]
	 >>> Resetting the solution to avoid local optima.
	 ->['AGGAGGAGGAAGGAGAAACACCACCAACCAAAACCA', '.((....((..((.(......).))..))....)).', 0.3333, -0.0007543586925342024, -4.0311, 0.4203, 1.0, 0.1111]
	 ->['AGGAGGAGGAAGGAGAAACACCACCGACCAAAACCA', '.((....((..((.(......).))..))....)).', 0.3333, -0.0008905082583679695, -5.2289, 0.4221, 1.0, 0.1111]
	 ->['AGCAGGAUGACGGAGAAACACCACAGACCAAGAGCA', '....((.((..((.......)).))..)).......', 0.0833, -0.010694033254946021, -2.0969, 0.2521, 0.8333, 0.1667]
	 >>> Resetting the solution to avoid local optima.
	 ->['ACCACCACCAACCACAAAGAGGAGGAAGGAAAAGGA', '.((.((.((...........)).))..)).......', 0.4167, -0.0006013949554065783, -3.7708, 0.3925, 1.0, 0.1667]
	 ->['ACCACCACCAACCACAAAGAGGAGGAAGGAGAAGGA', '.((..(.((..((.(......).))..)).)..)).', 0.3611, -0.00032994439103110527, -4.1408, 0.4002, 1.0, 0.1111]
	 ->['ACCACCACCAACCACAAAGGGGAGGAAGGAGAAGGG', '....((.((..((......))..))..)).......', 0.1944, -7.883631756484867e-05, -5.9231, 0.3686, 1.0, 0.2222]
	 ->['CCCACCAGCAACCACAAAGGGGAGCAAGGACCAGGG', '(((.((.((..((......))..))..))....)))', 0.1667, -1.7184335765086653e-05, -7.062, 0.2482, 1.0, 0.1667]
	 >>> Resetting the solution to avoid local optima.
	 ->['AGGAGGAGGAAGGAGAAACACCACCAACCAAAACCA', '.((....((..((.(......).))..))....)).', 0.3333, -0.0007543586925342024, -4.0311, 0.4203, 1.0, 0.1111]
	 ->['AUGAGCAGGAAGGCGAAACACCACCAAGCAAAACAA', '....((..(..((.......))..)..)).......', 0.1667, -0.0008860749420851102, -3.1319, 0.2734, 1.0, 0.2222]
	 ->['AUGAGCAGGAAGUCGAUACAACACCGAGCAAAACAA', '....((.((..............))..)).......', 0.1389, -0.00034497218966641065, -2.2133, 0.3245, 1.0, 0.2778]
	 ->['AGGAGCAGGAAGUCGAUACGACGCCGAGCGAAACCA', '....((.((..((((...)))).))..)).......', 0.0833, -1.2401968478789277e-05, -7.463, 0.1677, 0.875, 0.1667]
	 ->['CGCAGCAGGAAGACGAGUCGUCGCCGAGUUAAAGCA', '.(((((.((..((((...)))).))..)))...)).', 0.0556, -3.680057907385728e-06, -6.9118, 0.1723, 0.7273, 0.1111]
	 ->['CGCCGCAGGAAGACGACACGUCGCCGAGUUAAAGCA', '.((.((.((..((((...)))).))..))....)).', 0.0278, -1.808762491918756e-05, -5.9304, 0.2021, 0.8, 0.0556]


    -> Found sequence! Elapsed time:                   17.448874473571777 secs.


 (2) We found a sequence that folds exactly like the target structure. Let's minimize the GC-content
    -> ORDER: Min(Base-pair distance), min(Hamming distance), min(GC-content), min(partition function), min(ensemble defect), max(probability over ensemble))


	 >>> Resetting the solution to avoid local optima.
	 ->['AGGAGGAGGAAGGAGAAACACCACCAACCAAAACCA', '.((....((..((.(......).))..))....)).', 0.3333, -0.0007543586925342024, -4.0311, 0.4203, 1.0, 0.1111]
	 ->['AGGAGGAGGAAGGAGAAACACCACCAACCAAAACCA', '.((....((..((.(......).))..))....)).', 0.3333, -0.0007543586925342024, -4.0311, 0.4203, 1.0, 0.1111]
	 ->['AGGAGGAGGAGGGAGAAUCACCACCGACCAAAACCA', '....((.((.((........)).))..)).......', 0.1944, -0.0004130579287063353, -7.1023, 0.3525, 1.0, 0.2222]
	 ->['AGGAGGAGGAGGCUGGUUCAGCACCGACCAAGACCA', '....((..(..((((...))))..)..)).......', 0.1667, -4.859515721450532e-05, -8.9213, 0.2314, 0.8571, 0.2222]
	 ->['AGGCUACCUCGGUUGGAUCAACAAGGAUAGGGUCCU', '(((((((((..((((...)))).))).)))...)))', 0.1111, -1.7567574819693556e-10, -7.744, 0.3707, 0.5385, 0.2222]
	 >>> Resetting the solution to avoid local optima.
	 ->['ACCACCACCAACCACAAAGAGGAGGAAGGAAAAGGA', '.((.((.((...........)).))..)).......', 0.4167, -0.0006013949554065783, -3.7708, 0.3925, 1.0, 0.1667]
	 ->['ACCACCACCAACCACAAAGAGGAGGAAGGAAAAGGA', '.((.((.((...........)).))..)).......', 0.4167, -0.0006013949554065783, -3.7708, 0.3925, 1.0, 0.1667]
	 ->['ACCACCACCAACCACAUAGAGGAGGAAGGCGAGGGA', '.((..(.((..((.(......).))..)).)..)).', 0.3611, -3.714440151203829e-06, -6.906, 0.4178, 1.0, 0.1111]
	 ->['ACCACCACCAAGCUCACAGAGCAGGCAGGCGAGGGA', '.((..(.((..((((...)))).....)).)..)).', 0.2222, -1.5988846350514432e-06, -8.3255, 0.2942, 0.8889, 0.1667]
	 ->['ACCACCACCAAGUUCACAGAGCUGGCAGGCGAGGGA', '.((.((.(((.((((...)))))))..))...))..', 0.1667, -1.1764167122885107e-07, -8.3338, 0.2764, 0.7273, 0.1667]
	 ->['ACCACCAGCAAGAUCACUGAUCUGCGAGGCGAAGGC', '..(.((.(((.((((...)))))))..)).).....', 0.1389, -2.2500642662306881e-07, -9.1341, 0.2448, 0.7, 0.2222]
	 ->['ACCACCAGAAAGAUUACUAAUCUUCGAGGCGCCGGC', '....((.(((.((((...)))))))..)).......', 0.1111, -1.2149290691986965e-06, -5.1948, 0.3055, 0.4444, 0.2222]
	 ->['ACCACCAGAAAGAUUAGUAGUCGUCGAGGCGCCGGA', '....((.((..((((...)))).))..)).......', 0.0833, -8.37621338126473e-05, -3.6857, 0.3198, 0.5, 0.1667]
	 >>> Resetting the solution to avoid local optima.
	 ->['AGGAGGAGGAAGGAGAAACACCACCAACCAAAACCA', '.((....((..((.(......).))..))....)).', 0.3333, -0.0007543586925342024, -4.0311, 0.4203, 1.0, 0.1111]
	 ->['CGAAGGAGGCAGGAGAAACACCACCAACCAAGGUCA', '.((....((..((.(......).))..))....)).', 0.3333, -0.00013323647584111874, -3.6997, 0.4349, 0.8571, 0.1111]
	 ->['CGAGGGGGGCAGUAGACCUAACACCAACCAAGCUCA', '...((..((..((.......)).))..)).......', 0.1944, -1.2334058326341133e-06, -5.3855, 0.435, 0.8333, 0.2222]
	 >>> Resetting the solution to avoid local optima.
	 ->['AGGAGGAGGAAGGAGAAACACCACCAACCAAAACCA', '.((....((..((.(......).))..))....)).', 0.3333, -0.0007543586925342024, -4.0311, 0.4203, 1.0, 0.1111]
	 ->['AGGAGGAGGAAGGAGAGACACCACCAACCAAAACCA', '.((....((..((.(......).))..))....)).', 0.3333, -0.0007313111918210157, -4.0503, 0.421, 1.0, 0.1111]
	 ->['ACGAGGAGGAAGGAGAGACACCACCAACCAAGACGA', '....((..(..((.......))..)..)).......', 0.1667, -0.00027238470748825984, -3.3589, 0.3726, 1.0, 0.2222]
	 ->['ACGAGGGCAGCGGUGGGUCACUAUGAACCAGGUCGU', '((((((.((..((((...)))).))..))...))))', 0.0833, -1.9901342032247227e-07, -7.1098, 0.4923, 0.5833, 0.1667]
	 >>> Resetting the solution to avoid local optima.
	 ->['AGGAGGAGGAAGGAGAAACACCACCAACCAAAACCA', '.((....((..((.(......).))..))....)).', 0.3333, -0.0007543586925342024, -4.0311, 0.4203, 1.0, 0.1111]
	 ->['UAGAGGAGGAAGGAGAAACACCACCAACCAAAACUA', '....((..(..((.......))..)..)).......', 0.1667, -5.497497266463437e-05, -3.2453, 0.3889, 1.0, 0.2222]
	 >>> Resetting the solution to avoid local optima.
	 ->['AGGAGGAGGAAGGAGAAACACCACCAACCAAAACCA', '.((....((..((.(......).))..))....)).', 0.3333, -0.0007543586925342024, -4.0311, 0.4203, 1.0, 0.1111]
	 ->['AGGAGGAGGAAGGAGAAACACCACCAACCAGAACCA', '.((....((..((.(......).))..))....)).', 0.3333, -0.0007533289788783884, -4.032, 0.4204, 1.0, 0.1111]
	 ->['AAGAGGGGGAAGGAGAAACACCACCAACCGGUACUA', '....((..(..((.......))..)..)).......', 0.1667, -7.268162044851138e-05, -4.6732, 0.4163, 1.0, 0.2222]
	 >>> Resetting the solution to avoid local optima.
	 ->['ACCACCACCAACCACAAAGAGGAGGAAGGAAAAGGA', '.((.((.((...........)).))..)).......', 0.4167, -0.0006013949554065783, -3.7708, 0.3925, 1.0, 0.1667]
	 ->['ACCACCACCAACCACACAGAGGAGGAAGGAAAAGGA', '.((.((.((...........)).))..)).......', 0.4167, -0.0005815619665128306, -3.7915, 0.3946, 1.0, 0.1667]
	 ->['ACCACCACCAACCACUCAGAGGAGGAAGGAAAAGGA', '.((....((..((.((....)).))..))....)).', 0.3611, -0.0001816386374227041, -4.5087, 0.4753, 0.875, 0.1111]
	 ->['ACCGCUACCCACCACUCUGAGGAGGAAAGAAUAGGA', '....((..((.((.......)).))..)).......', 0.1944, -3.802758635450402e-05, -3.9724, 0.4504, 0.8333, 0.2222]
	 ->['ACCACAGCCCGCCUUCCGGAGGAGGAAUGACCUGGC', '.(((((..((.((((...)))).))..))...))).', 0.1667, -1.6733510670466784e-08, -9.0357, 0.4081, 0.6364, 0.1667]
	 >>> Resetting the solution to avoid local optima.
	 ->['ACCACCACCAACCACAAAGAGGAGGAAGGAAAAGGA', '.((.((.((...........)).))..)).......', 0.4167, -0.0006013949554065783, -3.7708, 0.3925, 1.0, 0.1667]
	 ->['ACCAGCAUCAACCACAAAGAGGAGAAAGCAAAAGGA', '....((.....((.......)).....)).......', 0.1389, -0.0015438687421254187, -1.8897, 0.2722, 1.0, 0.2778]
	 ->['AGCAGCAUCAGCCAUAACGUGGGGAACGUAAGUGCA', '.(((((.....((((...)))).....))...))).', 0.1111, -7.283034895921332e-07, -6.1102, 0.4742, 0.5556, 0.2222]
	 >>> Resetting the solution to avoid local optima.
	 ->['ACCACCACCAACCACAAAGAGGAGGAAGGAAAAGGA', '.((.((.((...........)).))..)).......', 0.4167, -0.0006013949554065783, -3.7708, 0.3925, 1.0, 0.1667]
	 ->['ACCACCACGAACCGCAAAGAGGAUGAAGGAAAAGGA', '....((.....((.......)).....)).......', 0.1389, -0.0005170082942309786, -2.464, 0.3268, 1.0, 0.2778]
	 ->['ACCUCCACGAGACGCUACGAGUAUGAAGGAAAAGGC', '.(((((.....((.......)).....)))...)).', 0.1111, -2.5889990090313706e-05, -3.6094, 0.3619, 0.7143, 0.2222]
	 >>> Resetting the solution to avoid local optima.
	 ->['AGGAGGAGGAAGGAGAAACACCACCAACCAAAACCA', '.((....((..((.(......).))..))....)).', 0.3333, -0.0007543586925342024, -4.0311, 0.4203, 1.0, 0.1111]
	 ->['AGGAGGAGGAAGGAGAAACACCACCAACCAAGACCA', '.((....((..((.(......).))..))....)).', 0.3333, -0.0007540342151641782, -4.0314, 0.4203, 1.0, 0.1111]
	 ->['AGGAGGAGUGAGUAGACACAACAGCGACCCAUACCA', '.((.(..((..((.......)).))..)))......', 0.2222, -0.00029386529402140773, -4.3122, 0.4864, 0.7143, 0.1667]
	 >>> Resetting the solution to avoid local optima.
	 ->['AGGAGGAGGAAGGAGAAACACCACCAACCAAAACCA', '.((....((..((.(......).))..))....)).', 0.3333, -0.0007543586925342024, -4.0311, 0.4203, 1.0, 0.1111]
	 ->['AGGAGGAGGAAGGAGAAACACCACCAACCGAAACCA', '.((....((..((.(......).))..))....)).', 0.3333, -0.00036126642055910556, -4.4849, 0.4028, 1.0, 0.1111]
	 ->['AGGAGGAGGAAGGAUCAAGACCACCAACCGAAACCA', '.((....((..((..........))..))....)).', 0.3056, -8.258252047021672e-05, -3.8945, 0.3926, 1.0, 0.1667]
	 ->['AGGACGAGGAAGGAUCAAGACCACCAACGGAAACCA', '....((..(..((.......))..)..)).......', 0.1667, -0.0001849552420115371, -2.4975, 0.3492, 1.0, 0.2222]
	 ->['CGGACGAGGAAGGAUCAAGUCCGCCUACGGAGACCA', '....(((((..((((...)))).))).)).......', 0.1111, -2.1187003781171274e-07, -8.3712, 0.4082, 0.6667, 0.2222]
	 ->['CGCCCUAUGAGGUAUCGGGUACGCAUGAGGACAGCA', '.((((((((..((((...)))).))).)))...)).', 0.0833, -1.760067783913168e-08, -7.3046, 0.3956, 0.5, 0.1667]
	 >>> Resetting the solution to avoid local optima.
	 ->['ACCACCACCAACCACAAAGAGGAGGAAGGAAAAGGA', '.((.((.((...........)).))..)).......', 0.4167, -0.0006013949554065783, -3.7708, 0.3925, 1.0, 0.1667]
	 ->['ACCACCACCGACCACAAAGAGGAGGAAGGAAAAGGA', '.((....((..((.(......).))..))....)).', 0.3333, -0.0006835491647134134, -4.9919, 0.3971, 1.0, 0.1111]
	 ->['ACCACCAUCGCCCACAAAGAGGAGAAAGGAAAAGGA', '....((.((.((........)).))..)).......', 0.1944, -0.000677524602844112, -3.6973, 0.3247, 0.8333, 0.2222]
	 ->['ACCACCAUCGGCCACUAAGAGGAGAGAGGAAAAGGG', '....((.((..((.......)).))..)).......', 0.0833, -0.005909441958894008, -3.9625, 0.3348, 0.8333, 0.1667]
	 >>> Resetting the solution to avoid local optima.
	 ->['ACCACCACCAACCACAAAGAGGAGGAAGGAAAAGGA', '.((.((.((...........)).))..)).......', 0.4167, -0.0006013949554065783, -3.7708, 0.3925, 1.0, 0.1667]
	 ->['ACCACCACCAACCACAAAGAGGAGGAAGGAAAAGGA', '.((.((.((...........)).))..)).......', 0.4167, -0.0006013949554065783, -3.7708, 0.3925, 1.0, 0.1667]
	 ->['ACCACCACCAACGACACAGACGAGGAAGGAAAAGGA', '....((..(..((.......))..)..)).......', 0.1667, -0.0025087598661212027, -2.0905, 0.3529, 1.0, 0.2222]
	 ->['ACCACCACCAACGACACAGACGAGGAGGGAAAUGGA', '.(((((..(..((.......))..)..))...))).', 0.1389, -0.00016199904570156058, -5.1792, 0.294, 0.875, 0.1667]
	 >>> Resetting the solution to avoid local optima.
	 ->['ACCACCACCAACCACAAAGAGGAGGAAGGAAAAGGA', '.((.((.((...........)).))..)).......', 0.4167, -0.0006013949554065783, -3.7708, 0.3925, 1.0, 0.1667]
	 ->['ACCACCACCAACCACAAAGAGGAGGAAGGAACAGGA', '.((.((.((...........)).))..)).......', 0.4167, -0.0006009486289361108, -3.7713, 0.3926, 1.0, 0.1667]
	 ->['ACCACCACCAACCACAAAGGGGAGGAAGGAACAGGA', '....((.((..((......))..))..)).......', 0.1944, -5.2276412834759934e-05, -5.6763, 0.3938, 1.0, 0.2222]
	 ->['ACCACCACCAAUCCAAAAUGGAAGGAAGGAGCAGGA', '....((..(..((((...))))..)..)).......', 0.1667, -9.546972690441426e-07, -5.5434, 0.2842, 0.7143, 0.2222]
	 ->['ACCACCACCAAUCCAAAAUGGAAGGAAGGAGCUGGA', '.(((((..(..((((...))))..)..))...))).', 0.1389, -8.659072631345588e-08, -7.0227, 0.2938, 0.7, 0.1667]
	 >>> Resetting the solution to avoid local optima.
	 ->['ACCACCACCAACCACAAAGAGGAGGAAGGAAAAGGA', '.((.((.((...........)).))..)).......', 0.4167, -0.0006013949554065783, -3.7708, 0.3925, 1.0, 0.1667]
	 ->['ACCACCACCAACCCCCAAGAGGAGGAAGGAAUAGGA', '.((....((..((.((....)).))..))....)).', 0.3611, -1.3525442310174083e-05, -6.7095, 0.4473, 1.0, 0.1111]
	 ->['ACCACCACCAACCCGCAAUAGGAGGAAGGAAUAGGA', '.((....((..((..(....)..))..))....)).', 0.3333, -3.226107519293116e-05, -4.7738, 0.4242, 1.0, 0.1667]
	 ->['ACGACCACCAACCCGCAAUAGGAGGAAGGAAUAUGA', '....((.((...((......)).))..)).......', 0.1944, -1.559276693338922e-06, -4.041, 0.4444, 1.0, 0.2222]
	 ->['ACGACCACCAACCGGCAAUAGGAGGAAGGAAUAUGA', '....((..(..((.......))..)..)).......', 0.1667, -2.393064686940141e-06, -3.777, 0.3861, 1.0, 0.2222]
	 >>> Resetting the solution to avoid local optima.
	 ->['AGGAGGAGGAAGGAGAAACACCACCAACCAAAACCA', '.((....((..((.(......).))..))....)).', 0.3333, -0.0007543586925342024, -4.0311, 0.4203, 1.0, 0.1111]
	 ->['AGGAGGAGGCAGGAGAAACACCACCAACCAAAACCA', '.((....((..((.(......).))..))....)).', 0.3333, -0.0008588039959593911, -4.1512, 0.4199, 1.0, 0.1111]
	 ->['AGGAGGAAGCGGGAGUAACACCACUGACCAAAACCA', '....((.((.((........)).))..)).......', 0.1944, -7.7264465060405e-05, -6.2355, 0.3225, 0.8333, 0.2222]
	 ->['CGGAGAAAGCGGGAGUCGCACCACUGGUCAUGUCCA', '.(((((.((.((........)).))..))...))).', 0.1667, -6.473020508240262e-07, -7.5828, 0.5244, 0.6667, 0.1667]
	 >>> Resetting the solution to avoid local optima.
	 ->['AGGAGGAGGAAGGAGAAACACCACCAACCAAAACCA', '.((....((..((.(......).))..))....)).', 0.3333, -0.0007543586925342024, -4.0311, 0.4203, 1.0, 0.1111]
	 ->['AGGAGGAGGAAGGAGAAACACCACCAACCGAAACCA', '.((....((..((.(......).))..))....)).', 0.3333, -0.00036126642055910556, -4.4849, 0.4028, 1.0, 0.1111]
	 ->['AGGAGGAGGCAGGAGAAACCCCACCCACCGGAACCA', '....((.((..((.......))..)).)).......', 0.1944, -8.333938391387576e-05, -6.3888, 0.4295, 1.0, 0.2222]
	 ->['AGGAUGAGGAAGGAGAAACUCCACCCACAUGAACCA', '.(((((.((..((((...))))..)).)))...)).', 0.1667, -6.719402479390726e-08, -8.479, 0.2934, 0.7273, 0.1667]
	 >>> Resetting the solution to avoid local optima.
	 ->['ACCACCACCAACCACAAAGAGGAGGAAGGAAAAGGA', '.((.((.((...........)).))..)).......', 0.4167, -0.0006013949554065783, -3.7708, 0.3925, 1.0, 0.1667]
	 ->['ACCACCACCAACCACAAAGAGGAGGAAGGAAAAGGA', '.((.((.((...........)).))..)).......', 0.4167, -0.0006013949554065783, -3.7708, 0.3925, 1.0, 0.1667]
	 ->['ACCACCACGAACCACAAAGAGGGCGAAGGAAUAGGG', '....((.((..((.......)).))..)).......', 0.0833, -0.005117551888773282, -3.4511, 0.2552, 1.0, 0.1667]
	 >>> Resetting the solution to avoid local optima.
	 ->['ACCACCACCAACCACAAAGAGGAGGAAGGAAAAGGA', '.((.((.((...........)).))..)).......', 0.4167, -0.0006013949554065783, -3.7708, 0.3925, 1.0, 0.1667]
	 ->['ACCACCACCAACCACAAUGAGGAGGAAGGAAAAGGA', '.((.((.((...........)).))..)).......', 0.4167, -0.000547046807694305, -3.8292, 0.4006, 1.0, 0.1667]
	 ->['ACCACCACCAGCCACAAUGAGGAGGAAGGAACAGGA', '.((....((..((.(......).))..))....)).', 0.3333, -0.00037313754972394334, -4.465, 0.3927, 1.0, 0.1111]
	 ->['ACCACCACCAGCCAAAAUUAGGAGGAAGGAACAGGA', '.((....((..((..........))..))....)).', 0.3056, -0.00020912495192232727, -4.0218, 0.3626, 1.0, 0.1667]
	 ->['ACCAGCAUCAGCGUAAAUUAUGGGAAAGCAACAGGA', '....((.....((((...)))).....)).......', 0.1389, -1.652446751075767e-05, -2.6861, 0.3727, 0.5, 0.2778]
	 ->['ACCAGCAUCAGCGUAACUUAUGGGAAGGCGACAGGA', '....((.((..((((...)))).))..)).......', 0.0833, -1.1575455387967507e-05, -4.0055, 0.507, 0.5, 0.1667]
	 >>> Resetting the solution to avoid local optima.
	 ->['AGGAGGAGGAAGGAGAAACACCACCAACCAAAACCA', '.((....((..((.(......).))..))....)).', 0.3333, -0.0007543586925342024, -4.0311, 0.4203, 1.0, 0.1111]
	 ->['AGGAGGAGGAAGGAGAAACACCACCAACCAAAACCA', '.((....((..((.(......).))..))....)).', 0.3333, -0.0007543586925342024, -4.0311, 0.4203, 1.0, 0.1111]
	 ->['AGGAUGAAGGCGCAGGAAUAGCACUAGCAAAAACCA', '....((..((.((.......)).))..)).......', 0.1944, -7.810554778682842e-07, -4.3671, 0.3736, 0.6667, 0.2222]
	 >>> Resetting the solution to avoid local optima.
	 ->['AGGAGGAGGAAGGAGAAACACCACCAACCAAAACCA', '.((....((..((.(......).))..))....)).', 0.3333, -0.0007543586925342024, -4.0311, 0.4203, 1.0, 0.1111]
	 ->['AGGAGGAGGAAGGAGAAACACCACCAACCAAAACCA', '.((....((..((.(......).))..))....)).', 0.3333, -0.0007543586925342024, -4.0311, 0.4203, 1.0, 0.1111]
	 ->['AGGAGGCUGAAGGAGAAACACCACAAACCACAACCA', '....((.....((.......)).....)).......', 0.1389, -0.000796322171066636, -2.2978, 0.3982, 1.0, 0.2778]
	 ->['AGGAGGCUGAAGGAGAAACACCACAGACCACAACCA', '....(((((..((.......)).))).)).......', 0.1111, -5.379645045462804e-06, -5.3778, 0.2573, 0.8571, 0.2222]
	 ->['AGGAGACUUAGAGGGGCACACUGGAGAUCAGAUCCA', '.((((((((..((.......)).))).))...))).', 0.0833, -4.516421204702786e-08, -5.0238, 0.3785, 0.5, 0.1667]
	 >>> Resetting the solution to avoid local optima.
	 ->['AGGAGGAGGAAGGAGAAACACCACCAACCAAAACCA', '.((....((..((.(......).))..))....)).', 0.3333, -0.0007543586925342024, -4.0311, 0.4203, 1.0, 0.1111]
	 ->['AGGAGGAGGAAGGAGACACACCACCAACCAAUACCA', '.((....((..((.(......).))..))....)).', 0.3333, -0.0005682846995261057, -4.2057, 0.434, 1.0, 0.1111]
	 ->['AGGCGGAGGCAUCAGAGGCAGAACCAACCCAUACCA', '.((.(..((..((.......)).))..)))......', 0.2222, -0.0001410026109564036, -3.6648, 0.4381, 0.8571, 0.1667]
	 ->['AGGCGGAGGGAUCAGAGGCAGAACCAACCCAUACCA', '....((..((.((.......)).))..)).......', 0.1944, -4.076802591594835e-05, -5.5295, 0.362, 0.8333, 0.2222]
	 >>> Resetting the solution to avoid local optima.
	 ->['AGGAGGAGGAAGGAGAAACACCACCAACCAAAACCA', '.((....((..((.(......).))..))....)).', 0.3333, -0.0007543586925342024, -4.0311, 0.4203, 1.0, 0.1111]
	 ->['CGGAGGAGGACGGAGACACACCACCAACCAUAACCA', '.((....((..((.(......).))..))....)).', 0.3333, -0.00040932718012093875, -4.6079, 0.4225, 1.0, 0.1111]
	 ->['CGGAGGAGGGCGGAGACACUCCACCAACCAUGACCA', '....((..((.((((...)))).))..)).......', 0.1944, -1.0111490636844467e-07, -11.3271, 0.2951, 0.875, 0.2222]
	 ->['CGGAGGACGGCGGAGACACUCCACGAACCAUGACCA', '....((...(.((((...)))).)...)).......', 0.1667, -1.602576070357175e-05, -7.505, 0.2817, 0.8571, 0.2778]
	 ->['UGCAGGAAGCCUGAGCCACUCAUCUGACCAUGUGCA', '((((((.((..((((...)))).))..))...))))', 0.0833, -7.697687875590266e-07, -6.4761, 0.3405, 0.5833, 0.1667]
	 >>> Resetting the solution to avoid local optima.
	 ->['ACCACCACCAACCACAAAGAGGAGGAAGGAAAAGGA', '.((.((.((...........)).))..)).......', 0.4167, -0.0006013949554065783, -3.7708, 0.3925, 1.0, 0.1667]
	 ->['ACCUCCACCAACCACCAAGAGGAGGAAGGAAUAGGA', '.(((...((..((.((....)).))..))...))).', 0.3889, -8.968007159233909e-07, -7.7819, 0.4977, 0.8889, 0.1667]
	 ->['ACCUCCACGAACCACCAAGAGGACGAAGGAAUAGGA', '.((((.............))))..............', 0.3611, -7.417468272817697e-05, -4.3606, 0.3364, 0.75, 0.3889]
	 ->['ACCUCCACGAACCACCAAGUGGUCGAAGGAAAAGGA', '.(((((.(((.((((...)))))))..)))...)).', 0.0833, -6.939286472059543e-09, -10.4782, 0.2417, 0.75, 0.1667]
	 >>> Resetting the solution to avoid local optima.
	 ->['AGGAGGAGGAAGGAGAAACACCACCAACCAAAACCA', '.((....((..((.(......).))..))....)).', 0.3333, -0.0007543586925342024, -4.0311, 0.4203, 1.0, 0.1111]
	 ->['AGGAGGAGGAAGGAGAAACACCACCAACCGGAACCA', '.((....((..((.(......).))..))....)).', 0.3333, -0.0003579508851750055, -4.4906, 0.4037, 1.0, 0.1111]
	 ->['AGGAGGAGUGAGGGGAAUCCCCAGCAACCGUAACCA', '....((.((..((((...)))).))..)).......', 0.0833, -3.875604235343489e-07, -8.899, 0.3752, 0.875, 0.1667]
	 >>> Resetting the solution to avoid local optima.
	 ->['ACCACCACCAACCACAAAGAGGAGGAAGGAAAAGGA', '.((.((.((...........)).))..)).......', 0.4167, -0.0006013949554065783, -3.7708, 0.3925, 1.0, 0.1667]
	 ->['ACCACCACCAACCACAAAGAGGAGGAAGGCAAAGGA', '.((.((.((...........)).))..)).......', 0.4167, -0.0006003062275963677, -3.7719, 0.3928, 1.0, 0.1667]
	 ->['CCCUCCACCAGCCGCUACGAGGAGGAAGGCAAAGGA', '.(((...((..((.((....)).))..))...))).', 0.3889, -8.583953229092855e-06, -8.1898, 0.5123, 0.7778, 0.1667]
	 ->['CCCCCCACCAGCCGCUACGAGGAGGAAGGCAAAGGA', '.((....((..((.((....)).))..))....)).', 0.3611, -9.613857538550786e-05, -6.7008, 0.4912, 0.875, 0.1111]
	 ->['CCCCCCACCAGCCGCAACGAGGAGGAAGGCAAAGGA', '.((....((..((.(......).))..))....)).', 0.3333, -2.1423885444688705e-05, -6.2261, 0.4792, 1.0, 0.1111]
	 ->['CCCCCCACCAGCCGGAACUAGGAGGAAGGCAAAGGA', '.((....((..((..........))..))....)).', 0.3056, -1.4923342744506582e-05, -6.0489, 0.4979, 1.0, 0.1667]
	 >>> Resetting the solution to avoid local optima.
	 ->['AGGAGGAGGAAGGAGAAACACCACCAACCAAAACCA', '.((....((..((.(......).))..))....)).', 0.3333, -0.0007543586925342024, -4.0311, 0.4203, 1.0, 0.1111]
	 ->['AGGAGGAGGAAGGAGAUACACCACCAGCCAAGACCA', '.((....((..((.(......).))..))....)).', 0.3333, -0.0005192384936294171, -4.6613, 0.4094, 1.0, 0.1111]
	 ->['CGGAGAAGGAAGGAGAUACACCACCAGUCAAGACCA', '....((..(..((.......))..)..)).......', 0.1667, -0.0011144770845221566, -2.3906, 0.3669, 0.8, 0.2222]
	 ->['CGGGGCAGGAAGGAGAUAUACCACCAGGCAAGACCA', '....((.((..((.......)).))..)).......', 0.0833, -0.0006379486073354463, -4.4344, 0.2935, 1.0, 0.1667]
	 >>> Resetting the solution to avoid local optima.
	 ->['ACCACCACCAACCACAAAGAGGAGGAAGGAAAAGGA', '.((.((.((...........)).))..)).......', 0.4167, -0.0006013949554065783, -3.7708, 0.3925, 1.0, 0.1667]
	 ->['ACCACCACCAACCACAAUGAGGAGGAAGGAAAAGGA', '.((.((.((...........)).))..)).......', 0.4167, -0.000547046807694305, -3.8292, 0.4006, 1.0, 0.1667]
	 ->['ACCACAAUCGCUCUCUAUGAGAUGGAAUGCCGAGGA', '....((.((..((((...))))..)).)).......', 0.1944, -3.170276930397354e-09, -6.0611, 0.5622, 0.5, 0.2222]
	 ->['GCCAGAGUCGUUGUUUUCAACACGGAGUCCCGAGGU', '(((.((.((..((((...))))..)).))....)))', 0.1667, -6.126914259036447e-10, -6.9741, 0.3957, 0.4545, 0.1667]
	 >>> Resetting the solution to avoid local optima.
	 ->['AGGAGGAGGAAGGAGAAACACCACCAACCAAAACCA', '.((....((..((.(......).))..))....)).', 0.3333, -0.0007543586925342024, -4.0311, 0.4203, 1.0, 0.1111]
	 ->['AGGAGGAGGCAGGAGAAACACCACCAACCAAAACCA', '.((....((..((.(......).))..))....)).', 0.3333, -0.0008588039959593911, -4.1512, 0.4199, 1.0, 0.1111]
	 ->['AGGAGGAGGCGGGAGCAACACCACCAACCAAAACCA', '....((.((.((........)).))..)).......', 0.1944, -5.640054681146399e-05, -7.0295, 0.3562, 1.0, 0.2222]
	 ->['AGGAGGAGUCGGGAGCCACACCAAUAACCAUUUCCA', '.(((((.((.((........)).))..))...))).', 0.1667, -6.919007812093165e-06, -5.6227, 0.4103, 0.6667, 0.1667]
	 ->['CGGAGCAGUCGGCGGCCGCAGCAAUAAGCAUUUCCA', '.(((((.....((.......)).....))...))).', 0.1111, -3.6793606760234615e-06, -6.1119, 0.486, 0.8571, 0.2222]
	 >>> Resetting the solution to avoid local optima.
	 ->['ACCACCACCAACCACAAAGAGGAGGAAGGAAAAGGA', '.((.((.((...........)).))..)).......', 0.4167, -0.0006013949554065783, -3.7708, 0.3925, 1.0, 0.1667]
	 ->['ACCACCACCAACCACAAAGAGGAGGAAGGAAAAGGA', '.((.((.((...........)).))..)).......', 0.4167, -0.0006013949554065783, -3.7708, 0.3925, 1.0, 0.1667]
	 >>> Resetting the solution to avoid local optima.
	 ->['ACCACCACCAACCACAAAGAGGAGGAAGGAAAAGGA', '.((.((.((...........)).))..)).......', 0.4167, -0.0006013949554065783, -3.7708, 0.3925, 1.0, 0.1667]
	 ->['ACCACCACCAACCACAGAGAGGCGGAAGGAAAAGGA', '.((.((.((...........)).))..)).......', 0.4167, -0.00019132095753717168, -4.6767, 0.4369, 1.0, 0.1667]
	 ->['ACCACGACCAACCACAGAGAGGCGGAACGAAAAGGG', '....((.((...........))))............', 0.3611, -0.001737163273636872, -3.117, 0.3617, 1.0, 0.3333]
	 ->['ACCACAACCAACCACAGAGAGGCGGAAUGAAAAGGG', '.((........((.(......).))........)).', 0.2778, -0.0006943491537784367, -2.6822, 0.3845, 1.0, 0.2222]
	 ->['ACCACAACCAACCACAGAGAGGCGGAAUGAAAGGGG', '.((.((..(..((.......))..)..))...))..', 0.2222, -0.0002113183237523325, -3.4154, 0.3685, 0.8571, 0.1667]
	 ->['ACCACUAACAACCACAGAGAGGCGUAAGGAAAGGGG', '....((.((..((.......)).)).))........', 0.1944, -7.280056149258488e-05, -2.2722, 0.4187, 0.6667, 0.2222]
	 >>> Resetting the solution to avoid local optima.
	 ->['AGGAGGAGGAAGGAGAAACACCACCAACCAAAACCA', '.((....((..((.(......).))..))....)).', 0.3333, -0.0007543586925342024, -4.0311, 0.4203, 1.0, 0.1111]
	 ->['AGGAGGAGGAAGGAGAAACACCACCAGCCAAAACCA', '.((....((..((.(......).))..))....)).', 0.3333, -0.0005254356228579064, -4.654, 0.4078, 1.0, 0.1111]
	 ->['AGGAGGACGAAGGAGAAACUCCACGAGCCAAAACCA', '....((.....((((...)))).....)).......', 0.1389, -9.974874243961607e-06, -6.3972, 0.3058, 0.8333, 0.2778]
	 ->['AGGUGGACGAAUUAGAUACUGAACGAGCUAGAGCCA', '.(((((.....((((...)))).....))...))).', 0.1111, -5.255300716173591e-07, -3.1113, 0.3476, 0.4444, 0.2222]
	 >>> Resetting the solution to avoid local optima.
	 ->['AGGAGGAGGAAGGAGAAACACCACCAACCAAAACCA', '.((....((..((.(......).))..))....)).', 0.3333, -0.0007543586925342024, -4.0311, 0.4203, 1.0, 0.1111]
	 ->['AGGAGGAGGAAGGAGAAACACCACCAACCGAAACCA', '.((....((..((.(......).))..))....)).', 0.3333, -0.00036126642055910556, -4.4849, 0.4028, 1.0, 0.1111]
	 ->['AGGCGGAGGAAGGAGAGACACCACCAACCCAAACCU', '.((.(..((..((.......)).))..)))......', 0.2222, -7.259482657699128e-05, -4.9739, 0.405, 1.0, 0.1667]
	 ->['UGGCUGAGUAGGGUGAGUCACCGGCGAUGCGCUCCU', '..((...((..((((...)))).))...))......', 0.1944, -2.6752830086480062e-09, -8.6657, 0.6695, 0.75, 0.2778]
	 ->['AGUUUGAGUAGGGUCAUAGACCGGCGAUAUGCUGUC', '(((.((.((..((((...)))).))..)).)))...', 0.1667, -9.250486481958868e-12, -7.1585, 0.479, 0.4545, 0.2222]
	 >>> Resetting the solution to avoid local optima.
	 ->['ACCACCACCAACCACAAAGAGGAGGAAGGAAAAGGA', '.((.((.((...........)).))..)).......', 0.4167, -0.0006013949554065783, -3.7708, 0.3925, 1.0, 0.1667]
	 >>> Resetting the solution to avoid local optima.
	 ->['ACCACCACCAACCACAAAGAGGAGGAAGGAAAAGGA', '.((.((.((...........)).))..)).......', 0.4167, -0.0006013949554065783, -3.7708, 0.3925, 1.0, 0.1667]
	 ->['ACCACCACCAACCACAAAGAGGAGGAAGGAAAAGGA', '.((.((.((...........)).))..)).......', 0.4167, -0.0006013949554065783, -3.7708, 0.3925, 1.0, 0.1667]
	 ->['ACCGCCACCAACCACAAAGAGGAGGAAGGAAGAGGA', '.((.(..((..((.(......).))..))..).)).', 0.3611, -0.00010801706954520199, -4.829, 0.4089, 1.0, 0.1111]
	 ->['ACCGCCACCAACGACAAAGACGAGGAAGGAAGAGGA', '.((.(..((..(..(......)..)..))..).)).', 0.3333, -0.0007615221974704371, -2.8253, 0.3805, 1.0, 0.1667]
	 ->['AGCGCCACCACCGGUAGAGCUGAGGAGGGAAGAGCA', '....((..(..((((...))))..)..)).......', 0.1667, -1.5115934497964682e-07, -7.5793, 0.3084, 0.7143, 0.2222]
	 ->['CGCGUCACCACCGGUCGUGCUGAGGAGGAUUGAGCA', '.(((((..(..((((...))))..)..)))...)).', 0.1389, -6.612536978576041e-09, -7.908, 0.4185, 0.6, 0.1667]
	 ->['CGGUUCGCCACUUGUCGGGCAAGGGAGGAAUGACCA', '.(((((.((.(((((...)))))))..))...))).', 0.0833, -2.2884087643378364e-10, -10.0811, 0.3034, 0.5833, 0.1667]
	 >>> Resetting the solution to avoid local optima.
	 ->['ACCACCACCAACCACAAAGAGGAGGAAGGAAAAGGA', '.((.((.((...........)).))..)).......', 0.4167, -0.0006013949554065783, -3.7708, 0.3925, 1.0, 0.1667]
	 ->['ACCACCACCAACCACAAAGAGGAGGAAGGAAAAGGA', '.((.((.((...........)).))..)).......', 0.4167, -0.0006013949554065783, -3.7708, 0.3925, 1.0, 0.1667]
	 ->['ACCACCAACAACCACAAAGAGGAGUAAGGAUAAGGA', '....((.....((.......)).....)).......', 0.1389, -0.001222654451214874, -1.7335, 0.3407, 1.0, 0.2778]
	 ->['ACCACAGAUAGGUAAAGCUUACGGUAAUGCGAUGGG', '.(((((.....((((...)))).....))...))).', 0.1111, -1.5580474887607233e-07, -4.1606, 0.5186, 0.4444, 0.2222]
	 >>> Resetting the solution to avoid local optima.
	 ->['AGGAGGAGGAAGGAGAAACACCACCAACCAAAACCA', '.((....((..((.(......).))..))....)).', 0.3333, -0.0007543586925342024, -4.0311, 0.4203, 1.0, 0.1111]
	 ->['AGGAGGAGGAAGGAGACACACCACCAACCAUAGCCA', '.((....((..((.(......).))..))....)).', 0.3333, -0.0002642571909948198, -4.6776, 0.4167, 1.0, 0.1111]
	 ->['AAGAGGAGGAAGGAGACAUACCACCAACCAUUGCUA', '....((..(..((.......))..)..)).......', 0.1667, -5.466982454061043e-06, -3.6678, 0.4261, 1.0, 0.2222]
	 ->['AAGAGGAGAAAGGAGCCAUACCAUCAACCAUUGCUG', '....((.....((.......)).....)).......', 0.1389, -1.1179668105108281e-05, -1.9269, 0.4104, 1.0, 0.2778]
	 ->['AAGUGGAGAAAGGAGUCAUACCAUCUACCGUUGCUG', '....(((((..((.......)).))).)).......', 0.1111, -1.2955319602513858e-07, -4.8743, 0.3644, 0.7143, 0.2222]
	 >>> Resetting the solution to avoid local optima.
	 ->['ACCACCACCAACCACAAAGAGGAGGAAGGAAAAGGA', '.((.((.((...........)).))..)).......', 0.4167, -0.0006013949554065783, -3.7708, 0.3925, 1.0, 0.1667]
	 ->['ACCAUGGCCACCCACGACGAGGAGGAACAAACCGGA', '....((..(..((.......))..)..)).......', 0.1667, -0.00017608367692509026, -4.2278, 0.366, 0.8, 0.2222]
	 ->['UCCAUGGCCACCCUAGACUAGGAGGAACAGUCCGGA', '(((.((..(..((((...))))..)..))....)))', 0.1389, -1.432577884957493e-06, -6.7932, 0.4112, 0.6, 0.1667]
	 >>> Resetting the solution to avoid local optima.
	 ->['ACCACCACCAACCACAAAGAGGAGGAAGGAAAAGGA', '.((.((.((...........)).))..)).......', 0.4167, -0.0006013949554065783, -3.7708, 0.3925, 1.0, 0.1667]
	 ->['ACCACCACCAACCACAAAGAGGAGGAAGGAAAAGGA', '.((.((.((...........)).))..)).......', 0.4167, -0.0006013949554065783, -3.7708, 0.3925, 1.0, 0.1667]
	 ->['ACCACCACCAACCACAAAGAGGGGGAAGGAAAAGGA', '....((..(..((.......))..)..)).......', 0.1667, -0.0007086556267442872, -5.0696, 0.4031, 1.0, 0.2222]
	 ->['GCCACCACCAACCACAAAGAGGGGGAGGGAAAUGGA', '.(((((..(..((.......))..)..))...))).', 0.1389, -5.079279663066428e-05, -8.294, 0.3328, 0.875, 0.1667]
	 >>> Resetting the solution to avoid local optima.
	 ->['AGGAGGAGGAAGGAGAAACACCACCAACCAAAACCA', '.((....((..((.(......).))..))....)).', 0.3333, -0.0007543586925342024, -4.0311, 0.4203, 1.0, 0.1111]
	 ->['AGGAGGAGGAAGGAGAAACACCACCAACCAAAACCA', '.((....((..((.(......).))..))....)).', 0.3333, -0.0007543586925342024, -4.0311, 0.4203, 1.0, 0.1111]
	 ->['AGGAGCAGGAAGGAGAAACACCACCAAGCGAAACCA', '....((..(..((.......))..)..)).......', 0.1667, -0.006378339433188444, -3.0154, 0.2466, 1.0, 0.2222]
	 ->['AGGAGCGGGAAGGAUAUAAUCCACCAAGCGAAACCA', '....((.((..((((...)))).))..)).......', 0.0833, -5.068423159104489e-05, -6.3953, 0.2122, 0.75, 0.1667]
	 >>> Resetting the solution to avoid local optima.
	 ->['ACCACCACCAACCACAAAGAGGAGGAAGGAAAAGGA', '.((.((.((...........)).))..)).......', 0.4167, -0.0006013949554065783, -3.7708, 0.3925, 1.0, 0.1667]
	 ->['ACCACCACCAACCACACAGAGGGGGAAGGAAAGGGA', '.((.((..(..((.......))..)..))...))..', 0.2222, -0.00015145422901202235, -6.0207, 0.3702, 1.0, 0.1667]
	 ->['ACGACCACCAACCACACAGAGGGGGAAGGAAAGCGA', '....((..(..((.......))..)..)).......', 0.1667, -0.00023112463095445934, -4.8602, 0.3954, 1.0, 0.2222]
	 ->['AGGACCACCAAGCAGACUUAGCGGGAAGGAGAGCUA', '....((.((..((.......)).))..)).......', 0.0833, -7.807026552938942e-06, -4.3482, 0.4636, 1.0, 0.1667]
	 >>> Resetting the solution to avoid local optima.
	 ->['ACCACCACCAACCACAAAGAGGAGGAAGGAAAAGGA', '.((.((.((...........)).))..)).......', 0.4167, -0.0006013949554065783, -3.7708, 0.3925, 1.0, 0.1667]
	 ->['GCCACCACCAACCACAUAGAGGAGGAAGGAACAGGA', '.((.((.((...........)).))..)).......', 0.4167, -0.0006572390960550804, -3.9161, 0.394, 1.0, 0.1667]
	 ->['GCCACCACCAACCGCAUAGUGGAGGAAGGAACGGGA', '.((.((..(..((((...))))..)..))...))..', 0.2222, -7.367304153278547e-06, -7.084, 0.3432, 0.8889, 0.1667]
	 ->['GCCACCACCAACCGCACCGUGGAGGAAGGAACGGGC', '(((.((..(..((((...))))..)..))....)))', 0.1389, -1.2590328402660546e-06, -7.9728, 0.3306, 0.9, 0.1667]
	 ->['GCCACCACCAUACGCACCGUGUAGGAAGGAUCGGGC', '(((.((.((.(((((...)))))))..))....)))', 0.0833, -6.058871257711053e-08, -8.2427, 0.2857, 0.75, 0.1667]
	 >>> Resetting the solution to avoid local optima.
	 ->['ACCACCACCAACCACAAAGAGGAGGAAGGAAAAGGA', '.((.((.((...........)).))..)).......', 0.4167, -0.0006013949554065783, -3.7708, 0.3925, 1.0, 0.1667]
	 ->['ACCACCACCAACCACAAAGAGGAGGAAGGAAAAGGA', '.((.((.((...........)).))..)).......', 0.4167, -0.0006013949554065783, -3.7708, 0.3925, 1.0, 0.1667]
	 ->['ACCACCACCAACCACAAAGAGGAGGAAGGUAAAGGA', '.((...(((..((.(......).))..)))...)).', 0.3611, -3.857962589980954e-05, -5.4635, 0.4119, 0.875, 0.1667]
	 ->['ACCGCGAGCUGCUACUAAGUAGAGUGAUGUAGAGGG', '.(((((.(((.((((...)))))))..)))...)).', 0.0833, -2.8138079892684455e-08, -7.7154, 0.2668, 0.5, 0.1667]
	 >>> Resetting the solution to avoid local optima.
	 ->['ACCACCACCAACCACAAAGAGGAGGAAGGAAAAGGA', '.((.((.((...........)).))..)).......', 0.4167, -0.0006013949554065783, -3.7708, 0.3925, 1.0, 0.1667]
	 ->['ACCACCACCAACCACAAAGAGGAGGAAGGAAAAGGA', '.((.((.((...........)).))..)).......', 0.4167, -0.0006013949554065783, -3.7708, 0.3925, 1.0, 0.1667]
	 ->['ACCACCAUCAACCACAAAGAGGAGAAAGGAACAGGA', '....((.....((.......)).....)).......', 0.1389, -0.0013343725070092147, -1.8796, 0.3638, 1.0, 0.2778]
	 ->['ACCACCAUCAACCACAAAGAGGAGAAAGGAACUGGA', '.(((((.....((.......)).....))...))).', 0.1111, -0.00019358276106330198, -3.0694, 0.2694, 0.8571, 0.2222]
	 >>> Resetting the solution to avoid local optima.
	 ->['ACCACCACCAACCACAAAGAGGAGGAAGGAAAAGGA', '.((.((.((...........)).))..)).......', 0.4167, -0.0006013949554065783, -3.7708, 0.3925, 1.0, 0.1667]
	 ->['ACCACCACCAACCACAAAGAGGAGGAAGGAAAAGGA', '.((.((.((...........)).))..)).......', 0.4167, -0.0006013949554065783, -3.7708, 0.3925, 1.0, 0.1667]
	 ->['ACCACCACCAACCACAAAGAGGAGGAAGGGAAAGGA', '.((....((..((.(......).))..))....)).', 0.3333, -0.00012805037728272356, -4.7241, 0.3879, 1.0, 0.1111]
	 ->['ACAACCACCAAACACAAAGAGUAGGAAGGGAAAUGA', '....((..(..((.......))..)..)).......', 0.1667, -3.86242752350456e-05, -1.9628, 0.3873, 0.8, 0.2222]
	 ->['UCAACCACCGAUAAGGCAUCUAAGGAAGGGAACUGG', '....((.((..............))..)).......', 0.1389, -1.733299472945721e-06, -2.9758, 0.5089, 1.0, 0.2778]
	 ->['UCAACCACCGAUAGGGCAUCUAAGGCAGGGAUCUGG', '....((.((..(((.....))).))..)).......', 0.1111, -1.1806135022029732e-07, -4.8316, 0.4791, 0.7143, 0.2222]
	 >>> Resetting the solution to avoid local optima.
	 ->['AGGAGGAGGAAGGAGAAACACCACCAACCAAAACCA', '.((....((..((.(......).))..))....)).', 0.3333, -0.0007543586925342024, -4.0311, 0.4203, 1.0, 0.1111]
	 ->['AGGAGGAGGCAGGCGACACACCACCAACCAUAACCA', '.((....((..((.(......).))..))....)).', 0.3333, -0.0017023766003405373, -5.0295, 0.4181, 1.0, 0.1111]
	 ->['AGGAGGAGGCAGGCUACAAACCACCAACCAUAACCA', '.((....((..((..........))..))....)).', 0.3056, -0.00037445034242790593, -3.8628, 0.4131, 1.0, 0.1667]
	 ->['CGGAGGGGCCAGGCUACGAGCUAGCGACCAUGACCA', '....((.((..((((...)))).))..)).......', 0.0833, -8.733189845434208e-07, -7.1983, 0.3515, 0.75, 0.1667]
	 >>> Resetting the solution to avoid local optima.
	 ->['ACCACCACCAACCACAAAGAGGAGGAAGGAAAAGGA', '.((.((.((...........)).))..)).......', 0.4167, -0.0006013949554065783, -3.7708, 0.3925, 1.0, 0.1667]
	 ->['ACCACCACCAACCACAAAGAGGAGGAAGGAGAAGGA', '.((..(.((..((.(......).))..)).)..)).', 0.3611, -0.00032994439103110527, -4.1408, 0.4002, 1.0, 0.1111]
	 ->['ACCACCACCAACCAUAAAAAGGAGGAAGGAGAAGGA', '.((..(.((..((..........))..)).)..)).', 0.3333, -0.00014438781157016323, -3.8501, 0.3897, 1.0, 0.1667]
	 ->['ACCACCACCAAGCAUAUAAAGUAGGAAGGGGCAGGA', '.((.((..(..((.......))..)..)))).....', 0.2222, -7.69188483532556e-06, -4.3574, 0.3888, 0.8571, 0.2222]
	 >>> Resetting the solution to avoid local optima.
	 ->['AGGAGGAGGAAGGAGAAACACCACCAACCAAAACCA', '.((....((..((.(......).))..))....)).', 0.3333, -0.0007543586925342024, -4.0311, 0.4203, 1.0, 0.1111]
	 ->['AGGAGGAGGAAGGAGAGACACCACCAGCCAAAACCA', '.((....((..((.(......).))..))....)).', 0.3333, -0.0005015782833379582, -4.6827, 0.4094, 1.0, 0.1111]
	 ->['AGGAGGAGCGAGGAGAGACACCAGCAGCCAAUACCA', '....((.((..((.......)).))..)).......', 0.0833, -0.008839556448991027, -4.4143, 0.2445, 1.0, 0.1667]
	 >>> Resetting the solution to avoid local optima.
	 ->['ACCACCACCAACCACAAAGAGGAGGAAGGAAAAGGA', '.((.((.((...........)).))..)).......', 0.4167, -0.0006013949554065783, -3.7708, 0.3925, 1.0, 0.1667]
	 ->['ACCACUACCAGCCGCAUAGAGGAGGAAAGCAUCGGA', '.......((..((.......)).))...........', 0.1389, -0.0009621196927327263, -3.1812, 0.3628, 1.0, 0.2778]
	 ->['GCCACUACCAGCCGCAUAGAGGAGGAUAGCUUCGGA', '....(((((..((.......)).)).))).......', 0.1111, -7.558105872655279e-05, -4.9491, 0.3842, 0.7143, 0.2222]




RNA sequences found with GC-content <= 0.48:

RNA sequences found with GC-content > 0.48:
@@ CGCCGCAGGAAGAGGACACGUCGCCGAGUUAAAGCA 0.7777777777777778
@@ AGCCGCAGGAAGAGGACACGUCGCCGAGUUAAAGCA 0.7777777777777778
@@ AGCCGCAGGAAGAGGACACGUCGCCGAGUUAUAGCA 0.7777777777777778


Elapsed time:                   86400.0108742714 secs.
Number of function evaluations: 68831016
----------------------------------------------------------------------


---------------------------------------
 FINISHED SUCCESSFULLY 
---------------------------------------
