
-----------------------------------------------------------------------
   _____ _____  ______ ______ _____             _____  _   _           
  / ____|  __ \|  ____|  ____|  __ \           |  __ \| \ | |   /\     
 | |  __| |__) | |__  | |__  | |  | |  ______  | |__) |  \| |  /  \    
 | | |_ |  _  /|  __| |  __| | |  | | |______| |  _  /| . ` | / /\ \   
 | |__| | | \ \| |____| |____| |__| |          | | \ \| |\  |/ ____ \  
  \_____|_|  \_\______|______|_____/           |_|  \_\_| \_/_/    \_\ 
       
                                       -- A. Rubio-Largo et al. 2023
-----------------------------------------------------------------------

------------------------------------------------------------------------------------------------------------------
CONFIGURATION: 

 * TARGET:           ....(((((((((.((....))).)).).)))))....
 * STOPPING:         86400 secs.
 * SEED:             3
 * NO. OF SOLUTIONS: 1
 * max. GC-cont.:    0.48
 * MODEL:            TURNER2004
 * MUTATION PROB:    0.01
 * STAGNATION LIMIT: 50
------------------------------------------------------------------------------------------------------------------


 (1) Let's minimize the base-pair distance between predicted and target structures
    -> Min(Base-pair distance), min(Hamming distance), max(probability over ensemble), min(partition function), min(ensemble defect), min(%GC-content)


	 ->['AAAACCCCCCCCCACCAAAAGGGAGGAGAGGGGGAAAA', '....((((((((..((....))..)).).)))))....', 0.0263, -0.03054735612866207, -16.95, 0.1807, 1.0, 0.0526]
	 >>> Resetting the solution to avoid local optima.
	 ->['AAAACCCCCCCCCACCAAAAGGGAGGAGAGGGGGAAAA', '....((((((((..((....))..)).).)))))....', 0.0263, -0.03054735612866207, -16.95, 0.1807, 1.0, 0.0526]
	 >>> Resetting the solution to avoid local optima.
	 ->['AAAAGGGGGGGGGAGGAAAACCCACCACACCCCCAAAA', '....((((((((..((....))..)).).)))))....', 0.0263, -0.030932640803725712, -16.9423, 0.1634, 1.0, 0.0526]
	 >>> Resetting the solution to avoid local optima.
	 ->['AAAAGGGGGGGGGAGGAAAACCCACCACACCCCCAAAA', '....((((((((..((....))..)).).)))))....', 0.0263, -0.030932640803725712, -16.9423, 0.1634, 1.0, 0.0526]
	 >>> Resetting the solution to avoid local optima.
	 ->['AAAACCCCCCCCCACCAAAAGGGAGGAGAGGGGGAAAA', '....((((((((..((....))..)).).)))))....', 0.0263, -0.03054735612866207, -16.95, 0.1807, 1.0, 0.0526]
	 ->['AAACGGGUGCACCACGGAAACGGCGUCGACACCCAAAA', '....((((((((..((....))..)).).)))))....', 0.0263, -0.235284598079065, -11.6918, 0.1017, 0.8, 0.0526]


    -> Found sequence! Elapsed time:                   0.9920272827148438 secs.


 (2) We found a sequence that folds exactly like the target structure. Let's minimize the GC-content
    -> ORDER: Min(Base-pair distance), min(Hamming distance), min(GC-content), min(partition function), min(ensemble defect), max(probability over ensemble))


	 ->['AUUCGGCUGCACCAUGGUGACGGCGUCGACAGCCAAGA', '....(((((((((.((....))).)).).)))))....', 0.0, -0.09260878849342717, -10.0665, 0.308, 0.7273, 0.0]
	 >>> Resetting the solution to avoid local optima.
	 ->['AAAACCCCCCCCCACCAAAAGGGAGGAGAGGGGGAAAA', '....((((((((..((....))..)).).)))))....', 0.0263, -0.03054735612866207, -16.95, 0.1807, 1.0, 0.0526]
	 >>> Resetting the solution to avoid local optima.
	 ->['AAAACCCCCCCCCACCAAAAGGGAGGAGAGGGGGAAAA', '....((((((((..((....))..)).).)))))....', 0.0263, -0.03054735612866207, -16.95, 0.1807, 1.0, 0.0526]
	 >>> Resetting the solution to avoid local optima.
	 ->['AAAAGGGGGGGGGAGGAAAACCCACCACACCCCCAAAA', '....((((((((..((....))..)).).)))))....', 0.0263, -0.030932640803725712, -16.9423, 0.1634, 1.0, 0.0526]
	 >>> Resetting the solution to avoid local optima.
	 ->['AAAACCCCCCCCCACCAAAAGGGAGGAGAGGGGGAAAA', '....((((((((..((....))..)).).)))))....', 0.0263, -0.03054735612866207, -16.95, 0.1807, 1.0, 0.0526]
	 >>> Resetting the solution to avoid local optima.
	 ->['AAAAGGGGGGGGGAGGAAAACCCACCACACCCCCAAAA', '....((((((((..((....))..)).).)))))....', 0.0263, -0.030932640803725712, -16.9423, 0.1634, 1.0, 0.0526]
	 >>> Resetting the solution to avoid local optima.
	 ->['AAAAGGGGGGGGGAGGAAAACCCACCACACCCCCAAAA', '....((((((((..((....))..)).).)))))....', 0.0263, -0.030932640803725712, -16.9423, 0.1634, 1.0, 0.0526]
	 >>> Resetting the solution to avoid local optima.
	 ->['AAAAGGGGGGGGGAGGAAAACCCACCACACCCCCAAAA', '....((((((((..((....))..)).).)))))....', 0.0263, -0.030932640803725712, -16.9423, 0.1634, 1.0, 0.0526]
	 >>> Resetting the solution to avoid local optima.
	 ->['AAAACCCCCCCCCACCAAAAGGGAGGAGAGGGGGAAAA', '....((((((((..((....))..)).).)))))....', 0.0263, -0.03054735612866207, -16.95, 0.1807, 1.0, 0.0526]
	 >>> Resetting the solution to avoid local optima.
	 ->['AAAACCCCCCCCCACCAAAAGGGAGGAGAGGGGGAAAA', '....((((((((..((....))..)).).)))))....', 0.0263, -0.03054735612866207, -16.95, 0.1807, 1.0, 0.0526]
	 >>> Resetting the solution to avoid local optima.
	 ->['AAAAGGGGGGGGGAGGAAAACCCACCACACCCCCAAAA', '....((((((((..((....))..)).).)))))....', 0.0263, -0.030932640803725712, -16.9423, 0.1634, 1.0, 0.0526]
	 >>> Resetting the solution to avoid local optima.
	 ->['AAAAGGGGGGGGGAGGAAAACCCACCACACCCCCAAAA', '....((((((((..((....))..)).).)))))....', 0.0263, -0.030932640803725712, -16.9423, 0.1634, 1.0, 0.0526]
	 >>> Resetting the solution to avoid local optima.
	 ->['AAAACCCCCCCCCACCAAAAGGGAGGAGAGGGGGAAAA', '....((((((((..((....))..)).).)))))....', 0.0263, -0.03054735612866207, -16.95, 0.1807, 1.0, 0.0526]
	 >>> Resetting the solution to avoid local optima.
	 ->['AAAAGGGGGGGGGAGGAAAACCCACCACACCCCCAAAA', '....((((((((..((....))..)).).)))))....', 0.0263, -0.030932640803725712, -16.9423, 0.1634, 1.0, 0.0526]
	 >>> Resetting the solution to avoid local optima.
	 ->['AAAAGGGGGGGGGAGGAAAACCCACCACACCCCCAAAA', '....((((((((..((....))..)).).)))))....', 0.0263, -0.030932640803725712, -16.9423, 0.1634, 1.0, 0.0526]
	 >>> Resetting the solution to avoid local optima.
	 ->['AAAACCCCCCCCCACCAAAAGGGAGGAGAGGGGGAAAA', '....((((((((..((....))..)).).)))))....', 0.0263, -0.03054735612866207, -16.95, 0.1807, 1.0, 0.0526]
	 >>> Resetting the solution to avoid local optima.
	 ->['AAAAGGGGGGGGGAGGAAAACCCACCACACCCCCAAAA', '....((((((((..((....))..)).).)))))....', 0.0263, -0.030932640803725712, -16.9423, 0.1634, 1.0, 0.0526]
	 >>> Resetting the solution to avoid local optima.
	 ->['AAAAGGGGGGGGGAGGAAAACCCACCACACCCCCAAAA', '....((((((((..((....))..)).).)))))....', 0.0263, -0.030932640803725712, -16.9423, 0.1634, 1.0, 0.0526]
	 >>> Resetting the solution to avoid local optima.
	 ->['AAAACCCCCCCCCACCAAAAGGGAGGAGAGGGGGAAAA', '....((((((((..((....))..)).).)))))....', 0.0263, -0.03054735612866207, -16.95, 0.1807, 1.0, 0.0526]
	 >>> Resetting the solution to avoid local optima.
	 ->['AAAACCCCCCCCCACCAAAAGGGAGGAGAGGGGGAAAA', '....((((((((..((....))..)).).)))))....', 0.0263, -0.03054735612866207, -16.95, 0.1807, 1.0, 0.0526]
	 >>> Resetting the solution to avoid local optima.
	 ->['AAAAGGGGGGGGGAGGAAAACCCACCACACCCCCAAAA', '....((((((((..((....))..)).).)))))....', 0.0263, -0.030932640803725712, -16.9423, 0.1634, 1.0, 0.0526]
	 >>> Resetting the solution to avoid local optima.
	 ->['AAAAGGGGGGGGGAGGAAAACCCACCACACCCCCAAAA', '....((((((((..((....))..)).).)))))....', 0.0263, -0.030932640803725712, -16.9423, 0.1634, 1.0, 0.0526]
	 >>> Resetting the solution to avoid local optima.
	 ->['AAAACCCCCCCCCACCAAAAGGGAGGAGAGGGGGAAAA', '....((((((((..((....))..)).).)))))....', 0.0263, -0.03054735612866207, -16.95, 0.1807, 1.0, 0.0526]
	 >>> Resetting the solution to avoid local optima.
	 ->['AAAAGGGGGGGGGAGGAAAACCCACCACACCCCCAAAA', '....((((((((..((....))..)).).)))))....', 0.0263, -0.030932640803725712, -16.9423, 0.1634, 1.0, 0.0526]
	 >>> Resetting the solution to avoid local optima.
	 ->['AAAAGGGGGGGGGAGGAAAACCCACCACACCCCCAAAA', '....((((((((..((....))..)).).)))))....', 0.0263, -0.030932640803725712, -16.9423, 0.1634, 1.0, 0.0526]
	 >>> Resetting the solution to avoid local optima.
	 ->['AAAAGGGGGGGGGAGGAAAACCCACCACACCCCCAAAA', '....((((((((..((....))..)).).)))))....', 0.0263, -0.030932640803725712, -16.9423, 0.1634, 1.0, 0.0526]
	 >>> Resetting the solution to avoid local optima.
	 ->['AAAACCCCCCCCCACCAAAAGGGAGGAGAGGGGGAAAA', '....((((((((..((....))..)).).)))))....', 0.0263, -0.03054735612866207, -16.95, 0.1807, 1.0, 0.0526]
	 >>> Resetting the solution to avoid local optima.
	 ->['AAAACCCCCCCCCACCAAAAGGGAGGAGAGGGGGAAAA', '....((((((((..((....))..)).).)))))....', 0.0263, -0.03054735612866207, -16.95, 0.1807, 1.0, 0.0526]
	 >>> Resetting the solution to avoid local optima.
	 ->['AAAAGGGGGGGGGAGGAAAACCCACCACACCCCCAAAA', '....((((((((..((....))..)).).)))))....', 0.0263, -0.030932640803725712, -16.9423, 0.1634, 1.0, 0.0526]
	 >>> Resetting the solution to avoid local optima.
	 ->['AAAACCCCCCCCCACCAAAAGGGAGGAGAGGGGGAAAA', '....((((((((..((....))..)).).)))))....', 0.0263, -0.03054735612866207, -16.95, 0.1807, 1.0, 0.0526]
	 >>> Resetting the solution to avoid local optima.
	 ->['AAAAGGGGGGGGGAGGAAAACCCACCACACCCCCAAAA', '....((((((((..((....))..)).).)))))....', 0.0263, -0.030932640803725712, -16.9423, 0.1634, 1.0, 0.0526]
	 >>> Resetting the solution to avoid local optima.
	 ->['AAAACCCCCCCCCACCAAAAGGGAGGAGAGGGGGAAAA', '....((((((((..((....))..)).).)))))....', 0.0263, -0.03054735612866207, -16.95, 0.1807, 1.0, 0.0526]
	 >>> Resetting the solution to avoid local optima.
	 ->['AAAAGGGGGGGGGAGGAAAACCCACCACACCCCCAAAA', '....((((((((..((....))..)).).)))))....', 0.0263, -0.030932640803725712, -16.9423, 0.1634, 1.0, 0.0526]
	 >>> Resetting the solution to avoid local optima.
	 ->['AAAACCCCCCCCCACCAAAAGGGAGGAGAGGGGGAAAA', '....((((((((..((....))..)).).)))))....', 0.0263, -0.03054735612866207, -16.95, 0.1807, 1.0, 0.0526]
	 >>> Resetting the solution to avoid local optima.
	 ->['AAAAGGGGGGGGGAGGAAAACCCACCACACCCCCAAAA', '....((((((((..((....))..)).).)))))....', 0.0263, -0.030932640803725712, -16.9423, 0.1634, 1.0, 0.0526]
	 >>> Resetting the solution to avoid local optima.
	 ->['AAAAGGGGGGGGGAGGAAAACCCACCACACCCCCAAAA', '....((((((((..((....))..)).).)))))....', 0.0263, -0.030932640803725712, -16.9423, 0.1634, 1.0, 0.0526]
	 >>> Resetting the solution to avoid local optima.
	 ->['AAAACCCCCCCCCACCAAAAGGGAGGAGAGGGGGAAAA', '....((((((((..((....))..)).).)))))....', 0.0263, -0.03054735612866207, -16.95, 0.1807, 1.0, 0.0526]
	 >>> Resetting the solution to avoid local optima.
	 ->['AAAACCCCCCCCCACCAAAAGGGAGGAGAGGGGGAAAA', '....((((((((..((....))..)).).)))))....', 0.0263, -0.03054735612866207, -16.95, 0.1807, 1.0, 0.0526]
	 >>> Resetting the solution to avoid local optima.
	 ->['AAAAGGGGGGGGGAGGAAAACCCACCACACCCCCAAAA', '....((((((((..((....))..)).).)))))....', 0.0263, -0.030932640803725712, -16.9423, 0.1634, 1.0, 0.0526]
	 >>> Resetting the solution to avoid local optima.
	 ->['AAAAGGGGGGGGGAGGAAAACCCACCACACCCCCAAAA', '....((((((((..((....))..)).).)))))....', 0.0263, -0.030932640803725712, -16.9423, 0.1634, 1.0, 0.0526]
	 >>> Resetting the solution to avoid local optima.
	 ->['AAAACCCCCCCCCACCAAAAGGGAGGAGAGGGGGAAAA', '....((((((((..((....))..)).).)))))....', 0.0263, -0.03054735612866207, -16.95, 0.1807, 1.0, 0.0526]
	 >>> Resetting the solution to avoid local optima.
	 ->['AAAACCCCCCCCCACCAAAAGGGAGGAGAGGGGGAAAA', '....((((((((..((....))..)).).)))))....', 0.0263, -0.03054735612866207, -16.95, 0.1807, 1.0, 0.0526]
	 >>> Resetting the solution to avoid local optima.
	 ->['AAAAGGGGGGGGGAGGAAAACCCACCACACCCCCAAAA', '....((((((((..((....))..)).).)))))....', 0.0263, -0.030932640803725712, -16.9423, 0.1634, 1.0, 0.0526]
	 >>> Resetting the solution to avoid local optima.
	 ->['AAAACCCCCCCCCACCAAAAGGGAGGAGAGGGGGAAAA', '....((((((((..((....))..)).).)))))....', 0.0263, -0.03054735612866207, -16.95, 0.1807, 1.0, 0.0526]
	 >>> Resetting the solution to avoid local optima.
	 ->['AAAAGGGGGGGGGAGGAAAACCCACCACACCCCCAAAA', '....((((((((..((....))..)).).)))))....', 0.0263, -0.030932640803725712, -16.9423, 0.1634, 1.0, 0.0526]
	 >>> Resetting the solution to avoid local optima.
	 ->['AAAAGGGGGGGGGAGGAAAACCCACCACACCCCCAAAA', '....((((((((..((....))..)).).)))))....', 0.0263, -0.030932640803725712, -16.9423, 0.1634, 1.0, 0.0526]
	 >>> Resetting the solution to avoid local optima.
	 ->['AAAAGGGGGGGGGAGGAAAACCCACCACACCCCCAAAA', '....((((((((..((....))..)).).)))))....', 0.0263, -0.030932640803725712, -16.9423, 0.1634, 1.0, 0.0526]
	 >>> Resetting the solution to avoid local optima.
	 ->['AAAACCCCCCCCCACCAAAAGGGAGGAGAGGGGGAAAA', '....((((((((..((....))..)).).)))))....', 0.0263, -0.03054735612866207, -16.95, 0.1807, 1.0, 0.0526]
	 >>> Resetting the solution to avoid local optima.
	 ->['AAAAGGGGGGGGGAGGAAAACCCACCACACCCCCAAAA', '....((((((((..((....))..)).).)))))....', 0.0263, -0.030932640803725712, -16.9423, 0.1634, 1.0, 0.0526]
	 >>> Resetting the solution to avoid local optima.
	 ->['AAAAGGGGGGGGGAGGAAAACCCACCACACCCCCAAAA', '....((((((((..((....))..)).).)))))....', 0.0263, -0.030932640803725712, -16.9423, 0.1634, 1.0, 0.0526]
	 >>> Resetting the solution to avoid local optima.
	 ->['AAAAGGGGGGGGGAGGAAAACCCACCACACCCCCAAAA', '....((((((((..((....))..)).).)))))....', 0.0263, -0.030932640803725712, -16.9423, 0.1634, 1.0, 0.0526]
	 >>> Resetting the solution to avoid local optima.
	 ->['AAAACCCCCCCCCACCAAAAGGGAGGAGAGGGGGAAAA', '....((((((((..((....))..)).).)))))....', 0.0263, -0.03054735612866207, -16.95, 0.1807, 1.0, 0.0526]
	 >>> Resetting the solution to avoid local optima.
	 ->['AAAAGGGGGGGGGAGGAAAACCCACCACACCCCCAAAA', '....((((((((..((....))..)).).)))))....', 0.0263, -0.030932640803725712, -16.9423, 0.1634, 1.0, 0.0526]
	 >>> Resetting the solution to avoid local optima.
	 ->['AAAAGGGGGGGGGAGGAAAACCCACCACACCCCCAAAA', '....((((((((..((....))..)).).)))))....', 0.0263, -0.030932640803725712, -16.9423, 0.1634, 1.0, 0.0526]
	 >>> Resetting the solution to avoid local optima.
	 ->['AAAACCCCCCCCCACCAAAAGGGAGGAGAGGGGGAAAA', '....((((((((..((....))..)).).)))))....', 0.0263, -0.03054735612866207, -16.95, 0.1807, 1.0, 0.0526]
	 >>> Resetting the solution to avoid local optima.
	 ->['AAAAGGGGGGGGGAGGAAAACCCACCACACCCCCAAAA', '....((((((((..((....))..)).).)))))....', 0.0263, -0.030932640803725712, -16.9423, 0.1634, 1.0, 0.0526]
	 >>> Resetting the solution to avoid local optima.
	 ->['AAAACCCCCCCCCACCAAAAGGGAGGAGAGGGGGAAAA', '....((((((((..((....))..)).).)))))....', 0.0263, -0.03054735612866207, -16.95, 0.1807, 1.0, 0.0526]
	 >>> Resetting the solution to avoid local optima.
	 ->['AAAACCCCCCCCCACCAAAAGGGAGGAGAGGGGGAAAA', '....((((((((..((....))..)).).)))))....', 0.0263, -0.03054735612866207, -16.95, 0.1807, 1.0, 0.0526]
	 >>> Resetting the solution to avoid local optima.
	 ->['AAAAGGGGGGGGGAGGAAAACCCACCACACCCCCAAAA', '....((((((((..((....))..)).).)))))....', 0.0263, -0.030932640803725712, -16.9423, 0.1634, 1.0, 0.0526]
	 >>> Resetting the solution to avoid local optima.
	 ->['AAAACCCCCCCCCACCAAAAGGGAGGAGAGGGGGAAAA', '....((((((((..((....))..)).).)))))....', 0.0263, -0.03054735612866207, -16.95, 0.1807, 1.0, 0.0526]
	 >>> Resetting the solution to avoid local optima.
	 ->['AAAACCCCCCCCCACCAAAAGGGAGGAGAGGGGGAAAA', '....((((((((..((....))..)).).)))))....', 0.0263, -0.03054735612866207, -16.95, 0.1807, 1.0, 0.0526]
	 >>> Resetting the solution to avoid local optima.
	 ->['AAAAGGGGGGGGGAGGAAAACCCACCACACCCCCAAAA', '....((((((((..((....))..)).).)))))....', 0.0263, -0.030932640803725712, -16.9423, 0.1634, 1.0, 0.0526]
	 >>> Resetting the solution to avoid local optima.
	 ->['AAAACCCCCCCCCACCAAAAGGGAGGAGAGGGGGAAAA', '....((((((((..((....))..)).).)))))....', 0.0263, -0.03054735612866207, -16.95, 0.1807, 1.0, 0.0526]
	 >>> Resetting the solution to avoid local optima.
	 ->['AAAAGGGGGGGGGAGGAAAACCCACCACACCCCCAAAA', '....((((((((..((....))..)).).)))))....', 0.0263, -0.030932640803725712, -16.9423, 0.1634, 1.0, 0.0526]
	 >>> Resetting the solution to avoid local optima.
	 ->['AAAACCCCCCCCCACCAAAAGGGAGGAGAGGGGGAAAA', '....((((((((..((....))..)).).)))))....', 0.0263, -0.03054735612866207, -16.95, 0.1807, 1.0, 0.0526]
	 >>> Resetting the solution to avoid local optima.
	 ->['AAAACCCCCCCCCACCAAAAGGGAGGAGAGGGGGAAAA', '....((((((((..((....))..)).).)))))....', 0.0263, -0.03054735612866207, -16.95, 0.1807, 1.0, 0.0526]




RNA sequences found with GC-content <= 0.48:

RNA sequences found with GC-content > 0.48:
@@ AAACGGGUGCACCAUGGAAACGGCGUCGACACCCAAAA 0.7272727272727273
@@ AUACGGGUGCACCAUGGAAACGGCGUCGACACCCAAAA 0.7272727272727273
@@ AUACGGGUGCACCAUGGUAACGGCGUCGACACCCAAAA 0.7272727272727273
@@ AUACGGGUGCACCAUGGUAACGGCGUCGACACCCAAGA 0.7272727272727273
@@ AUUCGGGUGCACCAUGGUAACGGCGUCGACACCCAAGA 0.7272727272727273
@@ AUUCGGCUGCACCAUGGUAACGGCGUCGACAGCCAAGA 0.7272727272727273
@@ AUUCGGCUGCACCAUGGUGACGGCGUCGACAGCCAAGA 0.7272727272727273
@@ AUUCGGGUGCACCAUGGUGACGGCGUCGACAUCCAAGA 0.6363636363636364
@@ AUUCGGGUGCACCAUGGUGACGGCGUCGACAUCCAAUA 0.6363636363636364
@@ AUUCGGUUGCACCAUGGUGACGGCGUCGACAACCAAUA 0.6363636363636364
@@ AUUCGGAUGCACCAUGGUGACGGCGUCGACAUCCAAUA 0.6363636363636364
@@ AUGCGGAUGCACCAUGGUGACGGCGUCGACAUCCAAUA 0.6363636363636364
@@ AUGCGGAUGCACCAUGGUGACGGCGUCGACAUCCAAGA 0.6363636363636364
@@ AUGCGGAUGCACCAUGGUGACGGCGUCGACAUCCAAGU 0.6363636363636364
@@ AUGCGGAUGCACCAUGGUGACGGCGUCGACAUCCAAGC 0.6363636363636364
@@ ACGCGGAUGCACCAUGGUGACGGCGUCGACAUCCAAGC 0.6363636363636364
@@ ACGCGGAUCCACCAUGGUGACGGCGUCGAGAUCCAAGC 0.6363636363636364
@@ ACGCGGAUCCACCAUGGUCACGGCGUCGAGAUCCAAGC 0.6363636363636364
@@ ACGCGGAUCCACCAUGGUCACGGCGUCGAGAUCCAGGC 0.6363636363636364


Elapsed time:                   86400.01305770874 secs.
Number of function evaluations: 61243511
----------------------------------------------------------------------


---------------------------------------
 FINISHED SUCCESSFULLY 
---------------------------------------
