
-----------------------------------------------------------------------
   _____ _____  ______ ______ _____             _____  _   _           
  / ____|  __ \|  ____|  ____|  __ \           |  __ \| \ | |   /\     
 | |  __| |__) | |__  | |__  | |  | |  ______  | |__) |  \| |  /  \    
 | | |_ |  _  /|  __| |  __| | |  | | |______| |  _  /| . ` | / /\ \   
 | |__| | | \ \| |____| |____| |__| |          | | \ \| |\  |/ ____ \  
  \_____|_|  \_\______|______|_____/           |_|  \_\_| \_/_/    \_\ 
       
                                       -- A. Rubio-Largo et al. 2023
-----------------------------------------------------------------------

------------------------------------------------------------------------------------------------------------------
CONFIGURATION: 

 * TARGET:           ((....)).((....)).((....)).((....))
 * STOPPING:         86400 secs.
 * SEED:             10
 * NO. OF SOLUTIONS: 1
 * max. GC-cont.:    0.48
 * MODEL:            TURNER2004
 * MUTATION PROB:    0.01
 * STAGNATION LIMIT: 50
------------------------------------------------------------------------------------------------------------------


 (1) Let's minimize the base-pair distance between predicted and target structures
    -> Min(Base-pair distance), min(Hamming distance), max(probability over ensemble), min(partition function), min(ensemble defect), min(%GC-content)


	 ->['CCAAAAGGACCAAAAGGACCAAAAGGACCAAAAGG', '((....((.((....)).))....)).........', 0.2857, -0.0012081297858343907, -4.7409, 0.2666, 1.0, 0.2286]
	 ->['CCAAAAGGACCAAAAGGACCAAAAGGACCAAAAGG', '((....((.((....)).))....)).........', 0.2857, -0.0012081297858343907, -4.7409, 0.2666, 1.0, 0.2286]
	 ->['CGAAAACGACCAAAAGGACCAAAAGGACCAAAAGG', '...............((.((....)).))......', 0.2286, -0.0006748254324087767, -3.7998, 0.2942, 1.0, 0.3429]
	 ->['CGAAAACGACCAAAAGGACCAAAAGGAGCAAAAGC', '...............(..((....))..)......', 0.2, -0.011515284868221938, -1.8513, 0.2655, 1.0, 0.3429]
	 ->['CGAAAACGACGAAAACGACCAAAAGGACCAAAAGG', '..................((....)).........', 0.1714, -0.004285095932365325, -1.3606, 0.2981, 1.0, 0.3429]
	 ->['GGAAAACCACGAAAACGACCAAAAGGACCAAAAGG', '((....))..........((....)).........', 0.1143, -0.019007487831802578, -1.9424, 0.2466, 1.0, 0.2286]
	 >>> Resetting the solution to avoid local optima.
	 ->['GGAAAACCAGGAAAACCAGGAAAACCAGGAAAACC', '((....((.((....)).))....)).........', 0.2857, -0.0010147985661476564, -4.3483, 0.2838, 1.0, 0.2286]
	 ->['GGAAAACCAGGAAAACCAGGAAAACCAGGAAAACC', '((....((.((....)).))....)).........', 0.2857, -0.0010147985661476564, -4.3483, 0.2838, 1.0, 0.2286]
	 ->['GCAAAAGCAGGAAAACCACGAAAACGAGGAAAACC', '((....)).((....((.((....)).))....))', 0.2286, -0.0018308201551016483, -3.1847, 0.2281, 1.0, 0.1143]
	 ->['GCAAAAGCAGGAAAACUAGGAAAGCCAGGAAAACC', '((....)).......((.((....)))).......', 0.1714, -0.0008033520484652874, -2.9923, 0.2512, 0.8333, 0.2571]
	 ->['GCAAAAGCAGUAAAAGUAGGAAAGCCAGGAAAACC', '((....))..........((....)).........', 0.1143, -5.544296629892562e-06, -2.0592, 0.2519, 1.0, 0.2286]
	 >>> Resetting the solution to avoid local optima.
	 ->['CCAAAAGGACCAAAAGGACCAAAAGGACCAAAAGG', '((....((.((....)).))....)).........', 0.2857, -0.0012081297858343907, -4.7409, 0.2666, 1.0, 0.2286]
	 ->['CCAAAAGGACCAAAAGGACCAAAAGGACCAAAAGG', '((....((.((....)).))....)).........', 0.2857, -0.0012081297858343907, -4.7409, 0.2666, 1.0, 0.2286]
	 ->['GCAAAAGUACCAAAAGGACCAAAAGGACCAAAAGG', '...............((.((....)).))......', 0.2286, -0.0003793780514857057, -3.7547, 0.3029, 1.0, 0.3429]
	 ->['GCAAAAGUACGAAAAUGACCAAAAGGACCAAAAGG', '..................((....)).........', 0.1714, -7.498089850336992e-05, -1.154, 0.3201, 1.0, 0.3429]
	 >>> Resetting the solution to avoid local optima.
	 ->['CCAAAAGGACCAAAAGGACCAAAAGGACCAAAAGG', '((....((.((....)).))....)).........', 0.2857, -0.0012081297858343907, -4.7409, 0.2666, 1.0, 0.2286]
	 ->['CCAAAAGGACCAAAAGGACGAAAACGACCAAAAGG', '((....)).......((.((....)).))......', 0.1714, -0.0021570253633264756, -3.0836, 0.2504, 1.0, 0.2286]
	 ->['CCAAAAGGACCAAAAGGACGAAAACGACGAAAACG', '((....)).((....))..................', 0.1143, -0.002771717696743332, -1.6291, 0.2809, 1.0, 0.2286]
	 >>> Resetting the solution to avoid local optima.
	 ->['CCAAAAGGACCAAAAGGACCAAAAGGACCAAAAGG', '((....((.((....)).))....)).........', 0.2857, -0.0012081297858343907, -4.7409, 0.2666, 1.0, 0.2286]
	 ->['CCAAAAGGACCAAAAGGACGGAAACGGCCAAAAGG', '((....)).......((.((....)).))......', 0.1714, -0.0019089949203984526, -4.7589, 0.2552, 1.0, 0.2286]
	 >>> Resetting the solution to avoid local optima.
	 ->['GGAAAACCAGGAAAACCAGGAAAACCAGGAAAACC', '((....((.((....)).))....)).........', 0.2857, -0.0010147985661476564, -4.3483, 0.2838, 1.0, 0.2286]
	 ->['GGAAAACCAGGCAAACCAGGGAAACCAGGAAAACC', '((....((.((....)).))....)).........', 0.2857, -0.0015255824229255545, -5.4971, 0.2742, 1.0, 0.2286]
	 ->['GGAAAACCAGGCAAACCAGAGAAAUCAGGAAAACC', '((....)).((....((.((....)).))....))', 0.2286, -0.0028281786212532678, -2.9166, 0.2443, 0.875, 0.1143]
	 >>> Resetting the solution to avoid local optima.
	 ->['GGAAAACCAGGAAAACCAGGAAAACCAGGAAAACC', '((....((.((....)).))....)).........', 0.2857, -0.0010147985661476564, -4.3483, 0.2838, 1.0, 0.2286]
	 ->['GGAAACCCAGGAAAACCAGGAAAACCAGGAAAACC', '((....((.((....)).))....)).........', 0.2857, -0.0014847906083321222, -4.5138, 0.2764, 1.0, 0.2286]
	 ->['GGAAACCCAGGAAAACCAGUAAAAGCAGGAAAGCC', '((....)).((....((.((....)).))....))', 0.2286, -0.001496574334622724, -3.3089, 0.2517, 0.875, 0.1143]
	 ->['GGAAACCCAGGAAAACCAGUAAAAGCAGGAAAGCU', '((....)).((....))......(((......)))', 0.2, -9.264413908630457e-05, -3.4236, 0.3097, 0.8571, 0.2286]
	 ->['GGAAACCCAGGAAACCCAGUAAAAACAGGAAAGCU', '((....)).......((.((....)).))......', 0.1714, -0.000317114541159838, -2.7652, 0.2587, 0.8333, 0.2286]
	 ->['GGAAACCCAGGAAACCCAGUGAAAACAGCAAAUGC', '((....)).((....))..................', 0.1143, -0.04287570487681389, -2.6411, 0.2268, 1.0, 0.2286]
	 >>> Resetting the solution to avoid local optima.
	 ->['GGAAAACCAGGAAAACCAGGAAAACCAGGAAAACC', '((....((.((....)).))....)).........', 0.2857, -0.0010147985661476564, -4.3483, 0.2838, 1.0, 0.2286]
	 ->['GGAAAACCAGGAAAACCAGGCAAACCAGGAAAACC', '((....((.((....)).))....)).........', 0.2857, -0.0010148178842206742, -4.3483, 0.2838, 1.0, 0.2286]
	 ->['GGAAAACCAGGAAAACCAGGCAAACCAGGGAAACC', '((....((.((....)).))....)).((....))', 0.2286, -0.003291943532156601, -5.0231, 0.2549, 1.0, 0.1143]
	 ->['GCAAAAGCAGGAAAACCAGGAAAACCAUGGAAACA', '((....)).......(((((....)).))).....', 0.2, -0.0007768638573172529, -4.813, 0.2794, 0.8571, 0.2857]
	 ->['GCAAAAGCAUGAAAUCAAGGGAAACCAUGGAAACA', '((....)).......((.((....)).))......', 0.1714, -0.0005933022439605416, -4.3791, 0.2627, 0.8333, 0.2286]
	 ->['GCGUAAGCAUCAAAUGAAGGGAAACCAUAGAAAUA', '((....))..........((....)).........', 0.1143, -0.00034044116525359307, -3.7215, 0.2121, 1.0, 0.2286]
	 ->['CCGUAAGGAGCAAAAGCAGGGAAACCAUCGAAAGA', '((....)).((....)).((....)).........', 0.0571, -0.07694792419042784, -4.0806, 0.1346, 1.0, 0.1143]


    -> Found sequence! Elapsed time:                   1.342660665512085 secs.


 (2) We found a sequence that folds exactly like the target structure. Let's minimize the GC-content
    -> ORDER: Min(Base-pair distance), min(Hamming distance), min(GC-content), min(partition function), min(ensemble defect), max(probability over ensemble))


	 >>> Resetting the solution to avoid local optima.
	 ->['CCAAAAGGACCAAAAGGACCAAAAGGACCAAAAGG', '((....((.((....)).))....)).........', 0.2857, -0.0012081297858343907, -4.7409, 0.2666, 1.0, 0.2286]
	 >>> Resetting the solution to avoid local optima.
	 ->['GGAAAACCAGGAAAACCAGGAAAACCAGGAAAACC', '((....((.((....)).))....)).........', 0.2857, -0.0010147985661476564, -4.3483, 0.2838, 1.0, 0.2286]
	 ->['GGAAAACCAGGAAAACCAGGAAAACCAGGAGUACC', '((....((.((....)).))....)).........', 0.2857, -0.0009312139779571941, -4.4013, 0.2859, 1.0, 0.2286]
	 ->['GCAAAAGCAGGAAAACCAGGAAAACCAGGGGUACC', '((....)).((.(..((.((....)).))..).))', 0.2571, -0.0030074807082996783, -5.5788, 0.2673, 0.8889, 0.1714]
	 >>> Resetting the solution to avoid local optima.
	 ->['GGAAAACCAGGAAAACCAGGAAAACCAGGAAAACC', '((....((.((....)).))....)).........', 0.2857, -0.0010147985661476564, -4.3483, 0.2838, 1.0, 0.2286]
	 ->['GGAAAACCAGGAAAACCAGGAAAACCAGGAAAACC', '((....((.((....)).))....)).........', 0.2857, -0.0010147985661476564, -4.3483, 0.2838, 1.0, 0.2286]
	 ->['GGGAAACCAGGAAAACCCGAAACAUCAGGAAAACC', '((....)).((....((.((....)).))....))', 0.2286, -0.00041980756749468255, -4.0923, 0.2913, 0.875, 0.1143]
	 ->['GGGAUACCAUGAAUGCGCGAACCCUCGGGGGACCC', '((....)).......(.(((....))).)......', 0.1714, -1.5982097316046123e-07, -6.7449, 0.484, 0.8333, 0.2857]
	 >>> Resetting the solution to avoid local optima.
	 ->['CCAAAAGGACCAAAAGGACCAAAAGGACCAAAAGG', '((....((.((....)).))....)).........', 0.2857, -0.0012081297858343907, -4.7409, 0.2666, 1.0, 0.2286]
	 ->['CCAAUAGGACCACGAGGCCCAAAAGGACCAAACGG', '((....((.((....)).))....)).........', 0.2857, -0.0007007960103779926, -5.4765, 0.3133, 1.0, 0.2286]
	 ->['CCACGAGGACCACGAGGGGCAGCCGUACCGACAGG', '((....)).((....((.((....)).))....))', 0.2286, -0.0006923280253661649, -5.084, 0.423, 0.875, 0.1143]
	 >>> Resetting the solution to avoid local optima.
	 ->['GGAAAACCAGGAAAACCAGGAAAACCAGGAAAACC', '((....((.((....)).))....)).........', 0.2857, -0.0010147985661476564, -4.3483, 0.2838, 1.0, 0.2286]
	 ->['GGAAAACCGGGUUAACCAGGAAAACCAGGGAUACC', '((....)).(((...((.((....)).))...)))', 0.2571, -0.00013503473795345179, -6.8914, 0.3804, 0.8889, 0.1714]
	 ->['GGAAAACCGCAGAAAUGAGGAAAACCAGGGAUACC', '((....((.((....)).))....)).((....))', 0.2286, -0.0007627828862933711, -4.6243, 0.2677, 0.875, 0.1143]
	 >>> Resetting the solution to avoid local optima.
	 ->['GGAAAACCAGGAAAACCAGGAAAACCAGGAAAACC', '((....((.((....)).))....)).........', 0.2857, -0.0010147985661476564, -4.3483, 0.2838, 1.0, 0.2286]
	 ->['GGAAAACCAGGAAAACCAGGAAAACCAGGAAAACC', '((....((.((....)).))....)).........', 0.2857, -0.0010147985661476564, -4.3483, 0.2838, 1.0, 0.2286]
	 >>> Resetting the solution to avoid local optima.
	 ->['GGAAAACCAGGAAAACCAGGAAAACCAGGAAAACC', '((....((.((....)).))....)).........', 0.2857, -0.0010147985661476564, -4.3483, 0.2838, 1.0, 0.2286]
	 ->['GGAAAACCAGGAAAACCAGGAAAACCAGGAAAACC', '((....((.((....)).))....)).........', 0.2857, -0.0010147985661476564, -4.3483, 0.2838, 1.0, 0.2286]
	 ->['GGAAAACCAGUAGAAGCCGGGAAAUCAGGAAAGCC', '......((.((....)).))...............', 0.2286, -3.119266414822386e-05, -2.8945, 0.3318, 0.75, 0.3429]
	 ->['GGAAAACCAAUAGAAGUCGGGAAAUCAGGAACGCC', '((....))...........................', 0.1714, -8.474307858244027e-06, -1.7977, 0.3721, 1.0, 0.3429]
	 >>> Resetting the solution to avoid local optima.
	 ->['GGAAAACCAGGAAAACCAGGAAAACCAGGAAAACC', '((....((.((....)).))....)).........', 0.2857, -0.0010147985661476564, -4.3483, 0.2838, 1.0, 0.2286]
	 ->['GGAAAGCCAGGAAAACCAGGAACGCCAGGCAAACC', '((....((.((....)).))....)).........', 0.2857, -0.00011470715962933113, -6.092, 0.3746, 1.0, 0.2286]
	 ->['GGAAGGCCAGGAAAACCAUGAACGCACGGGAAACC', '((....)).((....((.((....)).))....))', 0.2286, -0.0009203312947684368, -3.7086, 0.2847, 0.875, 0.1143]
	 ->['UGGAGGCGAGGAAUACCAUGAACGCACGGGAAACC', '.....(((.((....)).....)))..((....))', 0.2, -2.1131711732015007e-05, -3.6345, 0.3784, 1.0, 0.2857]
	 >>> Resetting the solution to avoid local optima.
	 ->['CCAAAAGGACCAAAAGGACCAAAAGGACCAAAAGG', '((....((.((....)).))....)).........', 0.2857, -0.0012081297858343907, -4.7409, 0.2666, 1.0, 0.2286]
	 ->['CCAAGAGGACCAGAAGGAGCGAAAGCACCAACUGG', '((....)).((((..((.((....)).))..))))', 0.2857, -2.5869550768764966e-06, -9.829, 0.3583, 0.9, 0.2286]
	 ->['CCAAGAGGAGCAGAAGCAGCGAAAGCACCAACUGG', '((....))..(((..(..((....))..)..))).', 0.2286, -0.02516769697423971, -4.6694, 0.3337, 0.875, 0.2857]
	 >>> Resetting the solution to avoid local optima.
	 ->['GGAAAACCAGGAAAACCAGGAAAACCAGGAAAACC', '((....((.((....)).))....)).........', 0.2857, -0.0010147985661476564, -4.3483, 0.2838, 1.0, 0.2286]
	 ->['GGAAAACCAGGAUAACCAGGAAAACCAGGAAAACC', '((....((.((....)).))....)).........', 0.2857, -0.0009782779906644368, -4.3709, 0.2847, 1.0, 0.2286]
	 ->['GGAAAACCAGGAUAACCAGCAAAAGCAGGAAAGCC', '((....)).((....((.((....)).))....))', 0.2286, -0.0019081725533631184, -4.6592, 0.239, 1.0, 0.1143]
	 >>> Resetting the solution to avoid local optima.
	 ->['CCAAAAGGACCAAAAGGACCAAAAGGACCAAAAGG', '((....((.((....)).))....)).........', 0.2857, -0.0012081297858343907, -4.7409, 0.2666, 1.0, 0.2286]
	 ->['CCAGAAGGACCAAGAGGACCAAGCGGACCACAAGG', '((....((.((....)).))....)).........', 0.2857, -0.0008553536731796933, -4.9537, 0.2783, 1.0, 0.2286]
	 ->['CCAGAAGGACCAAGAGGAACAAGCGUACCACAAGG', '((....)).((..(.((.((....)).)).)..))', 0.2571, -0.0008477843442782795, -3.2592, 0.2782, 0.8889, 0.1714]
	 >>> Resetting the solution to avoid local optima.
	 ->['CCAAAAGGACCAAAAGGACCAAAAGGACCAAAAGG', '((....((.((....)).))....)).........', 0.2857, -0.0012081297858343907, -4.7409, 0.2666, 1.0, 0.2286]
	 ->['CCAAAAGGACCAAAAGGACCAAAAGGACCAAAAGG', '((....((.((....)).))....)).........', 0.2857, -0.0012081297858343907, -4.7409, 0.2666, 1.0, 0.2286]
	 ->['CAAAAAUGACCAAGAGGACCACUAGGACCAAAAGG', '...............((.((....)).))......', 0.2286, -0.00012928206109970625, -3.7182, 0.3139, 1.0, 0.3429]
	 ->['CAGACAUGACACAGAUGCCCAUUAGGACCAAAAGG', '..................((....)).........', 0.1714, -0.0002932741363536404, -1.9134, 0.3722, 1.0, 0.3429]
	 >>> Resetting the solution to avoid local optima.
	 ->['CCAAAAGGACCAAAAGGACCAAAAGGACCAAAAGG', '((....((.((....)).))....)).........', 0.2857, -0.0012081297858343907, -4.7409, 0.2666, 1.0, 0.2286]
	 >>> Resetting the solution to avoid local optima.
	 ->['GGAAAACCAGGAAAACCAGGAAAACCAGGAAAACC', '((....((.((....)).))....)).........', 0.2857, -0.0010147985661476564, -4.3483, 0.2838, 1.0, 0.2286]
	 ->['GGAAAACCAGGAAAACCAGGGAAACCAGGAAAACC', '((....((.((....)).))....)).........', 0.2857, -0.0015180394473864312, -5.5001, 0.2751, 1.0, 0.2286]
	 ->['GGAAAACCAGGAAAACCAGAGGAAUCAGGAAAACC', '((....)).((....((.((....)).))....))', 0.2286, -0.0024596287221812035, -3.0027, 0.2669, 0.875, 0.1143]
	 ->['GCACAAGCAGGAAGACUAGGGGGCCCAGGAAGACC', '((....)).......((.((....)))).......', 0.1714, -0.0006047374549659171, -3.3674, 0.29, 0.8333, 0.2571]
	 >>> Resetting the solution to avoid local optima.
	 ->['CCAAAAGGACCAAAAGGACCAAAAGGACCAAAAGG', '((....((.((....)).))....)).........', 0.2857, -0.0012081297858343907, -4.7409, 0.2666, 1.0, 0.2286]
	 ->['CGUAAACGACCAGCAGGACCAGGCGGGCCAAAAGG', '...............((.((....)).))......', 0.2286, -0.00017613416799166744, -4.8276, 0.423, 1.0, 0.3429]
	 ->['UGUACACGACCAGCAGGACCAGGCGGGACAGACGU', '...............(..((....))..)......', 0.2, -8.764756468596056e-07, -4.896, 0.556, 1.0, 0.3429]
	 >>> Resetting the solution to avoid local optima.
	 ->['GGAAAACCAGGAAAACCAGGAAAACCAGGAAAACC', '((....((.((....)).))....)).........', 0.2857, -0.0010147985661476564, -4.3483, 0.2838, 1.0, 0.2286]
	 ->['GGGCAACCAGGUGAACCCGGAAAACCAGGAACACC', '((....)).((((..((.((....)).))..))))', 0.2857, -5.375427538544759e-07, -9.8974, 0.3246, 0.9, 0.2286]
	 ->['GGGCAACCAGGCGAGCCCGGAAGACCAGGAACACC', '((....)).((.(..((.((....)).))..).))', 0.2571, -1.2880259866398921e-05, -7.9397, 0.372, 1.0, 0.1714]
	 ->['GGGCAACCAGACGAGUCCGGAAGACCAGGAACACC', '((....)).......(((((....)).))).....', 0.2, -1.1368928015319018e-05, -6.1166, 0.332, 0.8571, 0.2857]
	 >>> Resetting the solution to avoid local optima.
	 ->['GGAAAACCAGGAAAACCAGGAAAACCAGGAAAACC', '((....((.((....)).))....)).........', 0.2857, -0.0010147985661476564, -4.3483, 0.2838, 1.0, 0.2286]
	 ->['GGAAAACCAGGAAAACCAGGAAAACCAGGAAAACC', '((....((.((....)).))....)).........', 0.2857, -0.0010147985661476564, -4.3483, 0.2838, 1.0, 0.2286]
	 >>> Resetting the solution to avoid local optima.
	 ->['GGAAAACCAGGAAAACCAGGAAAACCAGGAAAACC', '((....((.((....)).))....)).........', 0.2857, -0.0010147985661476564, -4.3483, 0.2838, 1.0, 0.2286]
	 ->['GGAAAACCAGCAAAAGCAGGAAAACCAGGAACCCC', '((....((.((....)).))....)).........', 0.2857, -0.0022151218262253204, -4.7672, 0.2935, 1.0, 0.2286]
	 >>> Resetting the solution to avoid local optima.
	 ->['CCAAAAGGACCAAAAGGACCAAAAGGACCAAAAGG', '((....((.((....)).))....)).........', 0.2857, -0.0012081297858343907, -4.7409, 0.2666, 1.0, 0.2286]
	 ->['CCAAAAGGACCUAAAGGAGCAAAAGUACCAAAAGG', '((....)).(((...((.((....)).))...)))', 0.2571, -0.00016700105147802837, -4.0605, 0.301, 0.7778, 0.1714]
	 ->['CCAGAAGGGCCGCAAGGAGCACGAGUACCACUAGG', '((....)).((....((.((....)).))....))', 0.2286, -0.0029236599249727493, -3.9962, 0.3666, 0.875, 0.1143]
	 ->['CCAGAAGGGCCGCAAGGAACACGAGUAGCACUAGC', '......(..((....))..)...............', 0.2, -0.0005302983692485261, -4.5483, 0.4739, 1.0, 0.3429]
	 >>> Resetting the solution to avoid local optima.
	 ->['GGAAAACCAGGAAAACCAGGAAAACCAGGAAAACC', '((....((.((....)).))....)).........', 0.2857, -0.0010147985661476564, -4.3483, 0.2838, 1.0, 0.2286]
	 ->['GGAAAACCAGGAGGACCAGGGGAGCCAGGACAACC', '((....((.((....)).))....)).........', 0.2857, -0.0001989124414726596, -6.4527, 0.3062, 1.0, 0.2286]
	 >>> Resetting the solution to avoid local optima.
	 ->['GGAAAACCAGGAAAACCAGGAAAACCAGGAAAACC', '((....((.((....)).))....)).........', 0.2857, -0.0010147985661476564, -4.3483, 0.2838, 1.0, 0.2286]
	 ->['GGAAAACCAGGAAAACCAGGAAAACCAGGAAAACC', '((....((.((....)).))....)).........', 0.2857, -0.0010147985661476564, -4.3483, 0.2838, 1.0, 0.2286]
	 ->['GGAAAACCAGGAAAACCAGAAAAAUCAGGAAAACC', '((....)).((....((.((....)).))....))', 0.2286, -0.0017666131286841523, -2.3067, 0.2649, 0.875, 0.1143]
	 >>> Resetting the solution to avoid local optima.
	 ->['GGAAAACCAGGAAAACCAGGAAAACCAGGAAAACC', '((....((.((....)).))....)).........', 0.2857, -0.0010147985661476564, -4.3483, 0.2838, 1.0, 0.2286]
	 ->['GGAAAACCAGGAAAACCCGCAAAUGCAGGAAAACC', '((....)).((....((.((....)).))....))', 0.2286, -0.000655384432947683, -4.6178, 0.244, 1.0, 0.1143]
	 ->['GGAAAUCCAAGAGAACUCGCUAAUGCAGGAACACC', '((....)).......((.((....)))).......', 0.1714, -0.0005318394804500213, -3.7465, 0.2645, 0.8333, 0.2571]
	 >>> Resetting the solution to avoid local optima.
	 ->['GGAAAACCAGGAAAACCAGGAAAACCAGGAAAACC', '((....((.((....)).))....)).........', 0.2857, -0.0010147985661476564, -4.3483, 0.2838, 1.0, 0.2286]
	 ->['GGAAAACCAGGAAAACCAGGACAACCAGGAAAACC', '((....((.((....)).))....)).........', 0.2857, -0.0010132970962686081, -4.3493, 0.2839, 1.0, 0.2286]
	 ->['GCAUCAGCGGGAGCAUCAUGGCAACACGGCAGUCC', '((....)).(((...((.((....)).))...)))', 0.2571, -2.5049017270502295e-07, -5.068, 0.4801, 0.6667, 0.1714]
	 >>> Resetting the solution to avoid local optima.
	 ->['GGAAAACCAGGAAAACCAGGAAAACCAGGAAAACC', '((....((.((....)).))....)).........', 0.2857, -0.0010147985661476564, -4.3483, 0.2838, 1.0, 0.2286]
	 ->['GGAAAACCAGGAACACCAGGAAAACCAGGAAAACC', '((....((.((....)).))....)).........', 0.2857, -0.001011579671386912, -4.3503, 0.2842, 1.0, 0.2286]
	 ->['GGAAAACCAGGAACACCAUGAAAACAAGGAAAACC', '((....)).((....((.((....)).))....))', 0.2286, -0.00048655299000327187, -2.4014, 0.2652, 0.875, 0.1143]
	 ->['GCAGAAGCAGGAGCCCCAUGAGCGCAAGGAUUACC', '((....)).......((.((....)).))......', 0.1714, -0.00040263152940565823, -3.6181, 0.3293, 0.8333, 0.2286]
	 >>> Resetting the solution to avoid local optima.
	 ->['CCAAAAGGACCAAAAGGACCAAAAGGACCAAAAGG', '((....((.((....)).))....)).........', 0.2857, -0.0012081297858343907, -4.7409, 0.2666, 1.0, 0.2286]
	 ->['CCAAAAGGACCAAAAGGACGAAAACGACCAAAAGG', '((....)).......((.((....)).))......', 0.1714, -0.0021570253633264756, -3.0836, 0.2504, 1.0, 0.2286]
	 >>> Resetting the solution to avoid local optima.
	 ->['GGAAAACCAGGAAAACCAGGAAAACCAGGAAAACC', '((....((.((....)).))....)).........', 0.2857, -0.0010147985661476564, -4.3483, 0.2838, 1.0, 0.2286]
	 ->['GGAACACCAUGAGAACGAGGAAGCCCAGGCAUGCC', '((....((.((....)).))....)).........', 0.2857, -1.7933319439141228e-05, -3.6357, 0.4073, 0.8333, 0.2286]
	 ->['GGGACACCAUAUGGAUGAGGACCGCCAGGCAUGCC', '((....))....(.(((.((....))...))).).', 0.2286, -4.662315678097794e-07, -5.6851, 0.5303, 0.75, 0.3429]
	 >>> Resetting the solution to avoid local optima.
	 ->['GGAAAACCAGGAAAACCAGGAAAACCAGGAAAACC', '((....((.((....)).))....)).........', 0.2857, -0.0010147985661476564, -4.3483, 0.2838, 1.0, 0.2286]
	 ->['GGAAAACCAGGAAAACCAGGAAGACCAGGAAAACC', '((....((.((....)).))....)).........', 0.2857, -0.001014368528564336, -4.3486, 0.2839, 1.0, 0.2286]
	 ->['GGAAAACCAGGAAAACCAGGAAGACCAGGUAAACC', '((....)).((...(((.((....)).)))...))', 0.2571, -0.00017783686048476998, -5.4217, 0.2997, 0.8889, 0.1714]
	 ->['GGGCGACCAGGUAAACUAGCUGCGGUAGGUACAUC', '((....))......(((.((....)).))).....', 0.2, -1.7643543440424538e-07, -5.984, 0.4947, 0.5714, 0.2857]
	 >>> Resetting the solution to avoid local optima.
	 ->['GGAAAACCAGGAAAACCAGGAAAACCAGGAAAACC', '((....((.((....)).))....)).........', 0.2857, -0.0010147985661476564, -4.3483, 0.2838, 1.0, 0.2286]
	 ->['GGAAAACCAGGAAAACCAGGAAAACCAGGAAAACC', '((....((.((....)).))....)).........', 0.2857, -0.0010147985661476564, -4.3483, 0.2838, 1.0, 0.2286]
	 ->['GGGUCACCAGGUGCGCCGUCGCGGGAGGGAUAAUC', '((....)).(((...((.((....)).))...)))', 0.2571, -8.987637782684178e-09, -8.7188, 0.5131, 0.6667, 0.1714]
	 >>> Resetting the solution to avoid local optima.
	 ->['GGAAAACCAGGAAAACCAGGAAAACCAGGAAAACC', '((....((.((....)).))....)).........', 0.2857, -0.0010147985661476564, -4.3483, 0.2838, 1.0, 0.2286]
	 ->['GGAGUACCAGGAUAACCAGGAAAACCAGGAGAACC', '((....((.((....)).))....)).........', 0.2857, -0.0006928114621006859, -4.5836, 0.3031, 1.0, 0.2286]
	 >>> Resetting the solution to avoid local optima.
	 ->['GGAAAACCAGGAAAACCAGGAAAACCAGGAAAACC', '((....((.((....)).))....)).........', 0.2857, -0.0010147985661476564, -4.3483, 0.2838, 1.0, 0.2286]
	 ->['GGAAAACCAGGAAAACCCGGAGAACCAGGAAAACC', '((....((.((....)).))....)).........', 0.2857, -0.00018037239310012633, -4.913, 0.3152, 1.0, 0.2286]
	 ->['GCAAAAGCAGGAAAACCCGGUCAGCCAGGUAGACC', '((....)).((...(((.((....)).)))...))', 0.2571, -3.900336510034354e-05, -6.3568, 0.3431, 0.8889, 0.1714]
	 ->['GCAAGCGCAGUAGAAGCCGGGUCGCCAGUUACAGC', '((....))......(((.((....)).))).....', 0.2, -9.238848520411073e-06, -5.2444, 0.3718, 0.7143, 0.2857]
	 ->['GCAAGCGCAGUAGAAGCCGGGUCGCCAGUCACAGC', '((....)).......((.((....)).))......', 0.1714, -3.8444320193400467e-05, -4.3657, 0.3784, 0.8333, 0.2286]
	 >>> Resetting the solution to avoid local optima.
	 ->['CCAAAAGGACCAAAAGGACCAAAAGGACCAAAAGG', '((....((.((....)).))....)).........', 0.2857, -0.0012081297858343907, -4.7409, 0.2666, 1.0, 0.2286]
	 ->['CCAAAAGGACCAGGAGGAUCAAAAGAACCAAAAGG', '((....)).......((.((....)).))......', 0.1714, -0.0009805414978137324, -3.1695, 0.2639, 0.8333, 0.2286]
	 ->['GCAAAAGCACCAGGAGGAAAACGUUUACCCAUAGG', '((....)).((....))..................', 0.1143, -3.828888074180103e-05, -3.0682, 0.3873, 1.0, 0.2286]
	 >>> Resetting the solution to avoid local optima.
	 ->['CCAAAAGGACCAAAAGGACCAAAAGGACCAAAAGG', '((....((.((....)).))....)).........', 0.2857, -0.0012081297858343907, -4.7409, 0.2666, 1.0, 0.2286]
	 ->['CCAAAAGGACCAAGAGGACCAAAAGGACCAACAGG', '((....((.((....)).))....)).........', 0.2857, -0.0011835815321926736, -4.7535, 0.2678, 1.0, 0.2286]
	 ->['GUAAGAGCACCAAUAGGAUCAUUAGAACCAACAGG', '...............((.((....)).))......', 0.2286, -0.0002839755739475429, -2.7333, 0.3116, 0.75, 0.3429]
	 ->['GUCAUCGCCCCGAUAGGAUAGUUCUAACCAUUAGG', '.........((....))..................', 0.1714, -2.342937922437271e-06, -3.49, 0.5667, 1.0, 0.3429]
	 >>> Resetting the solution to avoid local optima.
	 ->['GGAAAACCAGGAAAACCAGGAAAACCAGGAAAACC', '((....((.((....)).))....)).........', 0.2857, -0.0010147985661476564, -4.3483, 0.2838, 1.0, 0.2286]
	 ->['GGAAAACCAGCAAAAGCAGGAAAACCAGGAAAACC', '((....((.((....)).))....)).........', 0.2857, -0.001482878287490574, -4.6146, 0.2973, 1.0, 0.2286]
	 ->['GUACACACAGCAGUUGCAGCGAUGGCACGUUAACG', '.........((....)).((....)).........', 0.1143, -0.0004359396536787564, -4.2691, 0.5086, 1.0, 0.2286]
	 >>> Resetting the solution to avoid local optima.
	 ->['GGAAAACCAGGAAAACCAGGAAAACCAGGAAAACC', '((....((.((....)).))....)).........', 0.2857, -0.0010147985661476564, -4.3483, 0.2838, 1.0, 0.2286]
	 ->['GGAUAACCAAGAAGGCUAGGGAUACCAGGAACACC', '((....((.((....)).))....)).........', 0.2857, -0.00034731486604554066, -4.4092, 0.3468, 0.8333, 0.2286]
	 >>> Resetting the solution to avoid local optima.
	 ->['GGAAAACCAGGAAAACCAGGAAAACCAGGAAAACC', '((....((.((....)).))....)).........', 0.2857, -0.0010147985661476564, -4.3483, 0.2838, 1.0, 0.2286]
	 ->['GGAAAGCCAGAAAAAUCAGGAAAACCAGCAAAAGC', '((....((.((....)).))....)).........', 0.2857, -0.0008116231582589339, -3.486, 0.3042, 0.8333, 0.2286]
	 ->['GGAAAGCUCGAAUGAUCAGGAAUACCAGCGAAAGC', '((....((.((....)).))....)).((....))', 0.2286, -3.445865762918665e-05, -2.9332, 0.3827, 0.75, 0.1143]
	 ->['GGAAAGCUCGAAUGAUCAGUAAUAACAGCGAAAGC', '.....(((.((....))))).......((....))', 0.2, -9.591000015531542e-06, -2.0214, 0.4455, 0.5714, 0.2857]
	 ->['GGAAACCUCGAAUGAUCAGUUAUAAUAGCGAAAGC', '...........................((....))', 0.1714, -8.251237140296647e-07, -1.6333, 0.4736, 1.0, 0.3429]
	 >>> Resetting the solution to avoid local optima.
	 ->['CCAAAAGGACCAAAAGGACCAAAAGGACCAAAAGG', '((....((.((....)).))....)).........', 0.2857, -0.0012081297858343907, -4.7409, 0.2666, 1.0, 0.2286]
	 ->['CUGAAGAGACCCAAAGGACCACGAGGGCCAAAAGG', '...............((.((....)).))......', 0.2286, -8.234340868682603e-05, -4.8963, 0.4131, 1.0, 0.3429]
	 ->['UCGAAGGGAUCCAGGGAAGCACGAGUGGCAAGCGU', '...............(..((....))..)......', 0.2, -4.4516466758811264e-07, -2.4136, 0.499, 0.6667, 0.3429]
	 >>> Resetting the solution to avoid local optima.
	 ->['GGAAAACCAGGAAAACCAGGAAAACCAGGAAAACC', '((....((.((....)).))....)).........', 0.2857, -0.0010147985661476564, -4.3483, 0.2838, 1.0, 0.2286]
	 ->['GGAUUACCAGGAAAUCCGUCAGGAGAGGGAAUGCC', '((....)).((...(((.((....)).)))...))', 0.2571, -2.7966149667084494e-07, -8.0001, 0.3231, 0.7778, 0.1714]
	 ->['GCUUUUGCAGGAUUGUCGUCGGGGGAGGGAAUGCC', '((....)).((....((.((....)).))....))', 0.2286, -2.5023040518982667e-07, -7.0686, 0.3944, 0.75, 0.1143]
	 ->['GCUUUUGCAGGAUUGUCGUCGGGGGAGGAAGUGUC', '((....)).......((.((....)).))......', 0.1714, -5.846282089146345e-08, -6.0647, 0.4072, 0.6667, 0.2286]
	 >>> Resetting the solution to avoid local optima.
	 ->['CCAAAAGGACCAAAAGGACCAAAAGGACCAAAAGG', '((....((.((....)).))....)).........', 0.2857, -0.0012081297858343907, -4.7409, 0.2666, 1.0, 0.2286]
	 ->['CCAAAAGGACCAAAAGGACCAAAAGGACCAGAAGG', '((....((.((....)).))....)).........', 0.2857, -0.001207337208813349, -4.7413, 0.2666, 1.0, 0.2286]
	 ->['CCAAAAGGACCAAAAGGACGAAAACGACCAGACGG', '((....)).......((.((....)).))......', 0.1714, -0.002067856137566207, -3.1096, 0.2538, 1.0, 0.2286]
	 >>> Resetting the solution to avoid local optima.
	 ->['CCAAAAGGACCAAAAGGACCAAAAGGACCAAAAGG', '((....((.((....)).))....)).........', 0.2857, -0.0012081297858343907, -4.7409, 0.2666, 1.0, 0.2286]
	 ->['CCAAAAGGACCAAAAGGACCAAAAGGACCAAAAGG', '((....((.((....)).))....)).........', 0.2857, -0.0012081297858343907, -4.7409, 0.2666, 1.0, 0.2286]
	 >>> Resetting the solution to avoid local optima.
	 ->['GGAAAACCAGGAAAACCAGGAAAACCAGGAAAACC', '((....((.((....)).))....)).........', 0.2857, -0.0010147985661476564, -4.3483, 0.2838, 1.0, 0.2286]
	 ->['GGAAACCCCGGAAACCCAGGUUAGCCAGGAAGACC', '((....((.((....)).))....)).........', 0.2857, -2.8311620791210023e-05, -6.4543, 0.4125, 1.0, 0.2286]
	 ->['GUAAUCGCCGGAAAGCCAGGUUAGCCAGGAAGACC', '......(((((....)).)))..............', 0.2571, -1.3627569129768654e-05, -4.7049, 0.4819, 0.8, 0.4]
	 ->['GUAAUCACCGCGAGCGCGGGUUAUCCAGGAAGACC', '.......((((....))))................', 0.2286, -2.3603673867207664e-07, -7.6046, 0.4814, 1.0, 0.4]
	 >>> Resetting the solution to avoid local optima.
	 ->['GGAAAACCAGGAAAACCAGGAAAACCAGGAAAACC', '((....((.((....)).))....)).........', 0.2857, -0.0010147985661476564, -4.3483, 0.2838, 1.0, 0.2286]
	 ->['GGAUAGCCAAUAAAAGUAGGAUCACCAGGAGAACC', '((....((.((....)).))....)).........', 0.2857, -5.998720487604984e-05, -2.7915, 0.3634, 0.6667, 0.2286]
	 ->['GGAUAGCCAAUAAAAGUAGGAUGACCCGGAGAACC', '((....))..........((.....))........', 0.2286, -3.526767999902255e-05, -2.7189, 0.384, 1.0, 0.2857]
	 >>> Resetting the solution to avoid local optima.
	 ->['CCAAAAGGACCAAAAGGACCAAAAGGACCAAAAGG', '((....((.((....)).))....)).........', 0.2857, -0.0012081297858343907, -4.7409, 0.2666, 1.0, 0.2286]
	 ->['CCAAAAGGACCAAAAGGACCAAGAGGACCAGCAGG', '((....((.((....)).))....)).........', 0.2857, -0.0011950073745315584, -4.7476, 0.2674, 1.0, 0.2286]
	 ->['GCAACAGCACCAAUCGGACUAAGAAGACCAGCAGG', '((....)).......((.((....)).))......', 0.1714, -0.0018595282851533639, -2.9751, 0.2488, 0.8333, 0.2286]
	 >>> Resetting the solution to avoid local optima.
	 ->['CCAAAAGGACCAAAAGGACCAAAAGGACCAAAAGG', '((....((.((....)).))....)).........', 0.2857, -0.0012081297858343907, -4.7409, 0.2666, 1.0, 0.2286]
	 ->['CCAAAAGGACCUAAAGGACCAAAAGGACCAAAAGG', '((....)).(((...((.((....)).))...)))', 0.2571, -0.00011998645610467746, -5.6642, 0.3015, 0.8889, 0.1714]
	 ->['CCACAAGGACCCACCGGCGAGCGAUUACCACGAGG', '((....)).......((.((....)).))......', 0.1714, -0.00011488776035180619, -2.691, 0.3732, 0.6667, 0.2286]
	 >>> Resetting the solution to avoid local optima.
	 ->['CCAAAAGGACCAAAAGGACCAAAAGGACCAAAAGG', '((....((.((....)).))....)).........', 0.2857, -0.0012081297858343907, -4.7409, 0.2666, 1.0, 0.2286]
	 ->['CCAAAAGGACCAAAAGGACCAAAAGGACCAAAAGG', '((....((.((....)).))....)).........', 0.2857, -0.0012081297858343907, -4.7409, 0.2666, 1.0, 0.2286]
	 ->['CCAAUAGGACCAUGCGGAUCGAGAGAACCAAAGGG', '((....)).((....((.((....)).))....))', 0.2286, -0.00018348267809830199, -4.9024, 0.2845, 0.875, 0.1143]
	 ->['CCAUUAGGACCAUGCGGAUCGAGAGAACCAAAAGG', '((....)).......((.((....)).))......', 0.1714, -0.0008205989573110132, -4.0793, 0.2774, 0.8333, 0.2286]
	 ->['CCAUUAGGAGCAUGCGCAUUGAGAGAGCCAAAAGG', '((....)).((....))..................', 0.1143, -0.00010204638294182917, -3.064, 0.4648, 1.0, 0.2286]
	 >>> Resetting the solution to avoid local optima.
	 ->['CCAAAAGGACCAAAAGGACCAAAAGGACCAAAAGG', '((....((.((....)).))....)).........', 0.2857, -0.0012081297858343907, -4.7409, 0.2666, 1.0, 0.2286]
	 ->['CCAAACGGACCAAAAGGACCAAAAGGACCAAAAGG', '((....((.((....)).))....)).........', 0.2857, -0.0012069502867353738, -4.7415, 0.2666, 1.0, 0.2286]
	 ->['CAAAACUGACCAAAAGGACCAAAAGGACCAAAAGG', '...............((.((....)).))......', 0.2286, -0.00017913578220046214, -3.7172, 0.3086, 1.0, 0.3429]
	 >>> Resetting the solution to avoid local optima.
	 ->['GGAAAACCAGGAAAACCAGGAAAACCAGGAAAACC', '((....((.((....)).))....)).........', 0.2857, -0.0010147985661476564, -4.3483, 0.2838, 1.0, 0.2286]
	 ->['GGAAAACCAGGAAAACCAGGAAAACCAGGAAAACC', '((....((.((....)).))....)).........', 0.2857, -0.0010147985661476564, -4.3483, 0.2838, 1.0, 0.2286]
	 ->['GGAAACCCAGGAAAACCAGUAAAAGCAGGAAAACC', '((....)).((....((.((....)).))....))', 0.2286, -0.002653862316989925, -2.7559, 0.243, 0.875, 0.1143]
	 ->['GGAAUUCCAGGAGACCCAGUAGCGGCACGAGUACG', '((....)).((....))..................', 0.1143, -0.0010307665906682988, -3.2387, 0.3966, 1.0, 0.2286]
	 >>> Resetting the solution to avoid local optima.
	 ->['GGAAAACCAGGAAAACCAGGAAAACCAGGAAAACC', '((....((.((....)).))....)).........', 0.2857, -0.0010147985661476564, -4.3483, 0.2838, 1.0, 0.2286]
	 ->['GGAAAACCAGGAAAGCCAGGAAAACCAGGAAAACC', '((....((.((....)).))....)).........', 0.2857, -0.0008185949558557608, -4.6808, 0.274, 1.0, 0.2286]
	 ->['GGAAAACCAGGAAAGCCAAGAAAGCUAGGAAAACC', '((....)).((....((.((....)).))....))', 0.2286, -0.0004038113250722693, -3.1163, 0.2806, 0.875, 0.1143]
	 ->['GGAAAGCCAGGAAAGCCAAGAAAGCUAGGAAAAUC', '((....)).......((.((....)).))......', 0.1714, -6.5075534231460965e-06, -2.7604, 0.3162, 0.8333, 0.2286]
	 ->['GGAAAGCCAGGAACGCCAUGAAAGUAAGGGAAAUC', '((....)).((....))..................', 0.1143, -2.655755097170579e-06, -2.2128, 0.3319, 1.0, 0.2286]
	 >>> Resetting the solution to avoid local optima.
	 ->['CCAAAAGGACCAAAAGGACCAAAAGGACCAAAAGG', '((....((.((....)).))....)).........', 0.2857, -0.0012081297858343907, -4.7409, 0.2666, 1.0, 0.2286]
	 ->['CCAAAAGGACCAAGAGGACCAAAAGGACCAAAAGG', '((....((.((....)).))....)).........', 0.2857, -0.0012057747435500327, -4.7421, 0.2668, 1.0, 0.2286]
	 ->['GCAUAAGCACCAAGAGGCCCAUUAGGACCAAAUGG', '((....)).(((...((.((....)).))...)))', 0.2571, -0.0003223166343624623, -6.6552, 0.3162, 0.8889, 0.1714]
	 ->['GCAGAAGCACCAAGAGGCCCAUUAGGACCAAAGGG', '((....)).((....((.((....)).))....))', 0.2286, -0.0006212814171756589, -6.1507, 0.2773, 1.0, 0.1143]
	 ->['GCAGAAGCACCAAGAGGCCCAUUAGGAUCAAAGGG', '((....)).((....))(((............)))', 0.2, -0.00018181405833474893, -4.4081, 0.3288, 1.0, 0.1714]
	 ->['GCAGAAGCACCAAGCGGCCGAUUAUGAUCAAAGGG', '((....)).((....))((.............)).', 0.1714, -5.867885167349864e-06, -2.9242, 0.3886, 1.0, 0.2286]
	 >>> Resetting the solution to avoid local optima.
	 ->['GGAAAACCAGGAAAACCAGGAAAACCAGGAAAACC', '((....((.((....)).))....)).........', 0.2857, -0.0010147985661476564, -4.3483, 0.2838, 1.0, 0.2286]
	 ->['GGAAAACCAGGAAAACCAGGAAAACCAGGAAAACC', '((....((.((....)).))....)).........', 0.2857, -0.0010147985661476564, -4.3483, 0.2838, 1.0, 0.2286]
	 ->['GGAAAACCGGCAAAGGCGGGAUGAUCAGGAACCCC', '......((.((....)).))...............', 0.2286, -1.3529661389239687e-06, -6.1285, 0.3812, 1.0, 0.3429]
	 >>> Resetting the solution to avoid local optima.
	 ->['CCAAAAGGACCAAAAGGACCAAAAGGACCAAAAGG', '((....((.((....)).))....)).........', 0.2857, -0.0012081297858343907, -4.7409, 0.2666, 1.0, 0.2286]
	 ->['CCAAAAGGACCAAAAGGACCAAAAGGACCACAAGG', '((....((.((....)).))....)).........', 0.2857, -0.0011997733210019686, -4.7451, 0.2671, 1.0, 0.2286]
	 ->['CCAUAAGGACCAAAAGGACUAAAAAGACCUCAAGG', '((....)).((...(((.((....)).)))...))', 0.2571, -8.767536368123781e-05, -3.6576, 0.3119, 0.7778, 0.1714]
	 ->['CCAUAAGGACCAAAAGGACUAAUAAGAGCUCAAGU', '......((.((....)).))...............', 0.2286, -0.00010289804575301058, -2.0589, 0.3487, 0.75, 0.3429]
	 ->['CCUGGUGGACCGAGAGGAGUGAGAAUGACUACAGU', '((....)).((....))(((.......))).....', 0.2, -6.843286785092429e-06, -4.1294, 0.4613, 0.7143, 0.2286]
	 >>> Resetting the solution to avoid local optima.
	 ->['GGAAAACCAGGAAAACCAGGAAAACCAGGAAAACC', '((....((.((....)).))....)).........', 0.2857, -0.0010147985661476564, -4.3483, 0.2838, 1.0, 0.2286]
	 ->['GGAAAACCAGGAAAACCAGGAACACCAGGAAUACC', '((....((.((....)).))....)).........', 0.2857, -0.0009744896202153525, -4.3733, 0.2847, 1.0, 0.2286]
	 ->['GGAUACCCAGGAUAACCAGGAACACCUGGAAUACC', '((....)).((....(((((....)))))....))', 0.2571, -2.687682003928552e-07, -9.1246, 0.3122, 0.8889, 0.1714]
	 ->['GGAUACCCAGGAUAACCAGUAAUAACUGGAAUACU', '((....)).......(((((....)))))......', 0.2, -4.1938188017893566e-08, -7.0695, 0.3091, 0.7143, 0.2857]
	 >>> Resetting the solution to avoid local optima.
	 ->['CCAAAAGGACCAAAAGGACCAAAAGGACCAAAAGG', '((....((.((....)).))....)).........', 0.2857, -0.0012081297858343907, -4.7409, 0.2666, 1.0, 0.2286]
	 ->['CCAAAAGGACCAAAAGGACCAAAAGGACCAAAAGG', '((....((.((....)).))....)).........', 0.2857, -0.0012081297858343907, -4.7409, 0.2666, 1.0, 0.2286]
	 ->['GCAAAAGCACCAAAAGGACCAAAAGGACCAAAAGG', '((....)).......((.((....)).))......', 0.1714, -0.003497285713731656, -4.7858, 0.2182, 1.0, 0.2286]
	 >>> Resetting the solution to avoid local optima.
	 ->['GGAAAACCAGGAAAACCAGGAAAACCAGGAAAACC', '((....((.((....)).))....)).........', 0.2857, -0.0010147985661476564, -4.3483, 0.2838, 1.0, 0.2286]
	 ->['GGAGAACCAUCACAUGAAGGGGAACCAGCAAAAGC', '((....((.((....)).))....)).........', 0.2857, -0.000886295730513904, -4.6318, 0.2977, 0.8333, 0.2286]
	 ->['GGAGAACCAUUACAUGAAGGGGAACCAGCAAAAGC', '((....))......((..((....))..)).....', 0.1714, -0.0001033180667392906, -3.6564, 0.3081, 0.8333, 0.2857]
	 >>> Resetting the solution to avoid local optima.
	 ->['CCAAAAGGACCAAAAGGACCAAAAGGACCAAAAGG', '((....((.((....)).))....)).........', 0.2857, -0.0012081297858343907, -4.7409, 0.2666, 1.0, 0.2286]
	 ->['CCAACAGGACCAAAAGGACCAUUAGGACCAAAAGG', '((....((.((....)).))....)).........', 0.2857, -0.0010135064930156862, -4.8491, 0.2836, 1.0, 0.2286]
	 ->['GCGGUAGCACCUACAGGUUCGGGAGAUCCAGACGG', '((....)).......((.((....)).))......', 0.1714, -4.8160695602679745e-05, -6.4268, 0.4623, 0.8333, 0.2286]
	 >>> Resetting the solution to avoid local optima.
	 ->['GGAAAACCAGGAAAACCAGGAAAACCAGGAAAACC', '((....((.((....)).))....)).........', 0.2857, -0.0010147985661476564, -4.3483, 0.2838, 1.0, 0.2286]
	 ->['GGAAACCCAGGAAAACCAGGAAAACCAGGAAAACC', '((....((.((....)).))....)).........', 0.2857, -0.0014847906083321222, -4.5138, 0.2764, 1.0, 0.2286]
	 ->['GGAUACCCAGGAUGACCGUUGUUGAAGGGAAGGCC', '((....)).((....((.((....)).))....))', 0.2286, -2.411584740646777e-06, -5.1722, 0.3623, 0.75, 0.1143]
	 >>> Resetting the solution to avoid local optima.
	 ->['GGAAAACCAGGAAAACCAGGAAAACCAGGAAAACC', '((....((.((....)).))....)).........', 0.2857, -0.0010147985661476564, -4.3483, 0.2838, 1.0, 0.2286]
	 ->['GGAAAACCAGGAAAACCAGGACAACCAGGAAAACC', '((....((.((....)).))....)).........', 0.2857, -0.0010132970962686081, -4.3493, 0.2839, 1.0, 0.2286]
	 >>> Resetting the solution to avoid local optima.
	 ->['CCAAAAGGACCAAAAGGACCAAAAGGACCAAAAGG', '((....((.((....)).))....)).........', 0.2857, -0.0012081297858343907, -4.7409, 0.2666, 1.0, 0.2286]
	 ->['CCAAAAGGACCAAAAGGACCAAAAGGACCAAAAGG', '((....((.((....)).))....)).........', 0.2857, -0.0012081297858343907, -4.7409, 0.2666, 1.0, 0.2286]
	 >>> Resetting the solution to avoid local optima.
	 ->['CCAAAAGGACCAAAAGGACCAAAAGGACCAAAAGG', '((....((.((....)).))....)).........', 0.2857, -0.0012081297858343907, -4.7409, 0.2666, 1.0, 0.2286]
	 ->['CCAAAAGGACCAAAAGGACCAAAAGGACCAAAAGG', '((....((.((....)).))....)).........', 0.2857, -0.0012081297858343907, -4.7409, 0.2666, 1.0, 0.2286]
	 ->['CCAAAAGGACCAAAGGGACCAAAAGGACCAAAAGG', '((....)).((....((.((....)).))....))', 0.2286, -0.0005281631863036009, -5.1508, 0.2756, 1.0, 0.1143]
	 >>> Resetting the solution to avoid local optima.
	 ->['GGAAAACCAGGAAAACCAGGAAAACCAGGAAAACC', '((....((.((....)).))....)).........', 0.2857, -0.0010147985661476564, -4.3483, 0.2838, 1.0, 0.2286]
	 ->['GGAACACCGGUACAGACAGGACGCCCAGGAAAACC', '((....((.((....)).))....)).........', 0.2857, -0.00035147234786064754, -3.6018, 0.3527, 0.8333, 0.2286]
	 ->['GGAAUACCCGUAGAGACAGGACGGCCAGGGAGACC', '((....((.((....)).))....)).((....))', 0.2286, -8.49788613367449e-05, -4.8768, 0.4229, 0.875, 0.1143]
	 >>> Resetting the solution to avoid local optima.
	 ->['CCAAAAGGACCAAAAGGACCAAAAGGACCAAAAGG', '((....((.((....)).))....)).........', 0.2857, -0.0012081297858343907, -4.7409, 0.2666, 1.0, 0.2286]
	 ->['CCAAAAGGACCCAAAGGAGCAAAAGCACCAAAAGG', '((....)).......((.((....)).))......', 0.1714, -0.002124539191970909, -4.393, 0.2483, 1.0, 0.2286]
	 ->['CCAAAAGGACCCAAAGGAGCAAAAGCAGCAAGAGC', '((....)).......(..((....))..)......', 0.1429, -0.02508439785630784, -2.6715, 0.2491, 1.0, 0.2286]
	 ->['CCGACAGGACCCACAGGAGCAUAGGCAGGUAGACC', '((....))..........((....)).........', 0.1143, -0.013630959924477326, -3.2474, 0.3179, 1.0, 0.2286]
	 ->['CCGACAGGACCGACAGGGGCAUAGGCAGGUAGACC', '((....)).((....)).((....)).........', 0.0571, -0.01576057804920181, -4.8579, 0.3337, 1.0, 0.1143]
	 >>> Resetting the solution to avoid local optima.
	 ->['CCAAAAGGACCAAAAGGACCAAAAGGACCAAAAGG', '((....((.((....)).))....)).........', 0.2857, -0.0012081297858343907, -4.7409, 0.2666, 1.0, 0.2286]
	 ->['CCAAAAGGACCAAAAGGACCAAAAGGACCAGAAGG', '((....((.((....)).))....)).........', 0.2857, -0.001207337208813349, -4.7413, 0.2666, 1.0, 0.2286]
	 >>> Resetting the solution to avoid local optima.
	 ->['GGAAAACCAGGAAAACCAGGAAAACCAGGAAAACC', '((....((.((....)).))....)).........', 0.2857, -0.0010147985661476564, -4.3483, 0.2838, 1.0, 0.2286]
	 ->['GGAAAACCAGGAAAACCAGGAGAACCAGGAAAACC', '((....((.((....)).))....)).........', 0.2857, -0.0010136182754276594, -4.3491, 0.284, 1.0, 0.2286]
	 ->['GGGAAACCAGGAAGACCGGGGGAACUAGGCAAACC', '((....)).((....((.((....)).))....))', 0.2286, -0.0005273659444921131, -5.3518, 0.2732, 0.875, 0.1143]
	 >>> Resetting the solution to avoid local optima.
	 ->['CCAAAAGGACCAAAAGGACCAAAAGGACCAAAAGG', '((....((.((....)).))....)).........', 0.2857, -0.0012081297858343907, -4.7409, 0.2666, 1.0, 0.2286]
	 ->['CCAAACGGCCCAAACGGACCAAACGGACCAAGAGG', '((....((.((....)).))....)).........', 0.2857, -0.0004582736197351168, -5.0383, 0.3258, 1.0, 0.2286]
	 ->['CCAAACGGCCCAAACGGAUCAUACGAACCAAGAGG', '...............((.((....)).))......', 0.2286, -0.000898153650885498, -2.9236, 0.3029, 0.75, 0.3429]
	 ->['CCAAAGGGACCAAACGGAUCAGACGAACCAAGAGG', '((....)).......((.((....)).))......', 0.1714, -0.0007532228496888808, -3.2321, 0.2836, 0.8333, 0.2286]




RNA sequences found with GC-content <= 0.48:

RNA sequences found with GC-content > 0.48:
@@ CCGUAAGGAGCAAAAGCAGGGAAACCACCGAAAGG 1.0
@@ CCGUAAGGAGCAAAAGCAGGGACACCACCGAAAGG 1.0
@@ CCGUAAGGAGCAAAGGCAGGGACACCACCGAAAGG 1.0
@@ CCGUAAGGAGCAAAGGCAGGGAUACCACCGAAAGG 1.0
@@ CCGUAAGGAGCACAGGCAGGGAUACCACCGAAAGG 1.0
@@ CCGUAAGGAGCACAGGCAGGGGUACCACCGAAAGG 1.0
@@ CCGUAAGGAGCACAGGCAGGGGUACCACCGAGAGG 1.0
@@ CCGUUAGGAGCACAGGCAGGGGUACCACCGAGAGG 1.0
@@ CCGUUAGGAGCGCAGGCAGGGGUACCACCGAGAGG 1.0
@@ CCGUUAGGAGCGCAGGCAGGGGUACCACCGACAGG 1.0
@@ CCGUGAGGAGCGCAGGCAGGGGUACCACCGACAGG 1.0
@@ CCGUGAGGAGCGCAGGCAGGGGUACCACCGAGAGG 1.0
@@ CCGACAGGACCGACAGGGGCAUAGGCAGGGAGACC 1.0
@@ CCGACAGGACCGACAGGGGCGUAGGCAGGGAGACC 1.0
@@ CCGACAGGACCGACAGGGGCGUAGGCAGGGUGACC 1.0
@@ CCGACAGGACCGACAGGGGCGUAGGCAGGGGGACC 1.0
@@ CCGACAGGACCGGCAGGGGCGUAGGCAGGGGGACC 1.0


Elapsed time:                   86400.01055312157 secs.
Number of function evaluations: 78324199
----------------------------------------------------------------------


---------------------------------------
 FINISHED SUCCESSFULLY 
---------------------------------------
