
-----------------------------------------------------------------------
   _____ _____  ______ ______ _____             _____  _   _           
  / ____|  __ \|  ____|  ____|  __ \           |  __ \| \ | |   /\     
 | |  __| |__) | |__  | |__  | |  | |  ______  | |__) |  \| |  /  \    
 | | |_ |  _  /|  __| |  __| | |  | | |______| |  _  /| . ` | / /\ \   
 | |__| | | \ \| |____| |____| |__| |          | | \ \| |\  |/ ____ \  
  \_____|_|  \_\______|______|_____/           |_|  \_\_| \_/_/    \_\ 
       
                                       -- A. Rubio-Largo et al. 2023
-----------------------------------------------------------------------

------------------------------------------------------------------------------------------------------------------
CONFIGURATION: 

 * TARGET:           .(((((((((((...)))))....)))))).
 * STOPPING:         86400 secs.
 * SEED:             9
 * NO. OF SOLUTIONS: 1
 * max. GC-cont.:    0.48
 * MODEL:            TURNER2004
 * MUTATION PROB:    0.01
 * STAGNATION LIMIT: 50
------------------------------------------------------------------------------------------------------------------


 (1) Let's minimize the base-pair distance between predicted and target structures
    -> Min(Base-pair distance), min(Hamming distance), max(probability over ensemble), min(partition function), min(ensemble defect), min(%GC-content)


	 ->['AGGGGGGGGGGGAAACCCCCAAAACCCCCCA', '.(((((((((((...)))))....)))))).', 0.0, -0.7048278419861843, -22.4156, 0.1284, 1.0, 0.0]


    -> Found sequence! Elapsed time:                   0.012521743774414062 secs.


 (2) We found a sequence that folds exactly like the target structure. Let's minimize the GC-content
    -> ORDER: Min(Base-pair distance), min(Hamming distance), min(GC-content), min(partition function), min(ensemble defect), max(probability over ensemble))


	 >>> Resetting the solution to avoid local optima.
	 ->['AGGGGGGGGGGGAAACCCCCAAAACCCCCCA', '.(((((((((((...)))))....)))))).', 0.0, -0.7048278419861843, -22.4156, 0.1284, 1.0, 0.0]
	 ->['AGGGGGGGGGGGAAACCCCCAAAACCCCCCA', '.(((((((((((...)))))....)))))).', 0.0, -0.7048278419861843, -22.4156, 0.1284, 1.0, 0.0]
	 ->['AGUGGGGGGGGGAAACCCCCAAAACCCCACA', '.(((((((((((...)))))....)))))).', 0.0, -0.7766746644998297, -20.0558, 0.0695, 0.9091, 0.0]
	 ->['AGUGGGGGUGGGAAACCCGCAAAACCCCACA', '.(((((((((((...)))))....)))))).', 0.0, -0.9527823912756817, -17.2298, 0.0048, 0.8182, 0.0]
	 ->['AGUGGGUGUGGGAAACCCGCAAAAGCCCACA', '.(((((((((((...)))))....)))))).', 0.0, -0.6227380995105124, -16.1919, 0.0372, 0.7273, 0.0]
	 ->['AGUGGGUGUGUGAGACACGCAAAAGCCCACA', '.(((((((((((...)))))....)))))).', 0.0, -0.5340513801525324, -13.9866, 0.0823, 0.6364, 0.0]
	 ->['AGUGUGUGUGUGAGACACGCAACAGCACACA', '.(((((((((((...)))))....)))))).', 0.0, -0.32477204812628213, -11.9931, 0.2396, 0.5455, 0.0]


    -> Finished!! Elaapsed time:                   0.060265541076660156 secs.




RNA sequences found with GC-content <= 0.48:
## AGUGUGUGUGUUAGAGACGCAACAGCACACA 0.45454545454545453

RNA sequences found with GC-content > 0.48:
@@ AGGGGGGGGGGGAAACCCCCAAAACCCCCCA 1.0
@@ AGUGGGGGGGGGAAACCCCCAAAACCCCACA 0.9090909090909091
@@ AGUGGGGGUGGGAAACCCGCAAAACCCCACA 0.8181818181818182
@@ AGUGGGUGUGGGAAACCCGCAAAAGCCCACA 0.7272727272727273
@@ AGUGGGUGUGUGAAACACGCAAAAGCCCACA 0.6363636363636364
@@ AGUGGGUGUGUGAGACACGCAAAAGCCCACA 0.6363636363636364
@@ AGUGUGUGUGUGAGACACGCAAAAGCGCACA 0.5454545454545454
@@ AGUGUGUGUGUGAGACACGCAACAGCGCACA 0.5454545454545454
@@ AGUGUGUGUGUGAGACACGCAACAGCACACA 0.5454545454545454


Elapsed time:                   0.060533761978149414 secs.
Number of function evaluations: 43
----------------------------------------------------------------------


---------------------------------------
 FINISHED SUCCESSFULLY 
---------------------------------------
