
-----------------------------------------------------------------------
   _____ _____  ______ ______ _____             _____  _   _           
  / ____|  __ \|  ____|  ____|  __ \           |  __ \| \ | |   /\     
 | |  __| |__) | |__  | |__  | |  | |  ______  | |__) |  \| |  /  \    
 | | |_ |  _  /|  __| |  __| | |  | | |______| |  _  /| . ` | / /\ \   
 | |__| | | \ \| |____| |____| |__| |          | | \ \| |\  |/ ____ \  
  \_____|_|  \_\______|______|_____/           |_|  \_\_| \_/_/    \_\ 
       
                                       -- A. Rubio-Largo et al. 2023
-----------------------------------------------------------------------

------------------------------------------------------------------------------------------------------------------
CONFIGURATION: 

 * TARGET:           (((((.....))..((.........)))))
 * STOPPING:         86400 secs.
 * SEED:             3
 * NO. OF SOLUTIONS: 1
 * max. GC-cont.:    0.48
 * MODEL:            TURNER2004
 * MUTATION PROB:    0.01
 * STAGNATION LIMIT: 50
------------------------------------------------------------------------------------------------------------------


 (1) Let's minimize the base-pair distance between predicted and target structures
    -> Min(Base-pair distance), min(Hamming distance), max(probability over ensemble), min(partition function), min(ensemble defect), min(%GC-content)


	 ->['CCCCCAAAAAGGAACCAAAAAAAAAGGGGG', '(((((....................)))))', 0.2, -6.417993594099236e-05, -7.5498, 0.2717, 1.0, 0.1333]
	 ->['CCCCCAAAAAGGAACCAAAAAAAAAGGGGG', '(((((....................)))))', 0.2, -6.417993594099236e-05, -7.5498, 0.2717, 1.0, 0.1333]


    -> Found sequence! Elapsed time:                   0.01343083381652832 secs.


 (2) We found a sequence that folds exactly like the target structure. Let's minimize the GC-content
    -> ORDER: Min(Base-pair distance), min(Hamming distance), min(GC-content), min(partition function), min(ensemble defect), max(probability over ensemble))


	 >>> Resetting the solution to avoid local optima.
	 ->['GGGGGAAAAACCAAGGAAAAAAAAACCCCC', '(((((....................)))))', 0.2, -2.1693530809066878e-05, -7.2184, 0.2892, 1.0, 0.1333]
	 ->['UGGGGGAAAACCAGGGAGAAAGAAGCCCCA', '(((((....................)))))', 0.2, -1.99037313318715e-05, -7.1714, 0.3366, 0.8, 0.1333]
	 >>> Resetting the solution to avoid local optima.
	 ->['GGGGGAAAAACCAAGGAAAAAAAAACCCCC', '(((((....................)))))', 0.2, -2.1693530809066878e-05, -7.2184, 0.2892, 1.0, 0.1333]
	 >>> Resetting the solution to avoid local optima.
	 ->['GGGGGAAAAACCAAGGAAAAAAAAACCCCC', '(((((....................)))))', 0.2, -2.1693530809066878e-05, -7.2184, 0.2892, 1.0, 0.1333]
	 >>> Resetting the solution to avoid local optima.
	 ->['GGGGGAAAAACCAAGGAAAAAAAAACCCCC', '(((((....................)))))', 0.2, -2.1693530809066878e-05, -7.2184, 0.2892, 1.0, 0.1333]
	 >>> Resetting the solution to avoid local optima.
	 ->['GGGGGAAAAACCAAGGAAAAAAAAACCCCC', '(((((....................)))))', 0.2, -2.1693530809066878e-05, -7.2184, 0.2892, 1.0, 0.1333]
	 >>> Resetting the solution to avoid local optima.
	 ->['CCCCCAAAAAGGAACCAAAAAAAAAGGGGG', '(((((....................)))))', 0.2, -6.417993594099236e-05, -7.5498, 0.2717, 1.0, 0.1333]
	 ->['CCCCCAAAUAGGAACCGAGAAAAUAGGGGG', '(((((....................)))))', 0.2, -0.00020863863451551408, -7.6233, 0.2825, 1.0, 0.1333]
	 ->['CCCGCAAACAGCAUCCGAGACAGUAGGGGG', '(((.(....................).)))', 0.1667, -0.06927841789032577, -4.6453, 0.3788, 1.0, 0.2]
	 ->['CCCGCAAACAGCAUUCGAGACAGUAGAGGG', '(((........................)))', 0.1333, -0.048940062754631704, -2.7595, 0.3201, 1.0, 0.2667]
	 >>> Resetting the solution to avoid local optima.
	 ->['GGGGGAAAAACCAAGGAAAAAAAAACCCCC', '(((((....................)))))', 0.2, -2.1693530809066878e-05, -7.2184, 0.2892, 1.0, 0.1333]
	 ->['GGGGGAAUAACCAUGGAAAAAAAAACCCCC', '(((((....................)))))', 0.2, -1.5065384677060085e-05, -7.2431, 0.2922, 1.0, 0.1333]
	 >>> Resetting the solution to avoid local optima.
	 ->['GGGGGAAAAACCAAGGAAAAAAAAACCCCC', '(((((....................)))))', 0.2, -2.1693530809066878e-05, -7.2184, 0.2892, 1.0, 0.1333]
	 >>> Resetting the solution to avoid local optima.
	 ->['CCCCCAAAAAGGAACCAAAAAAAAAGGGGG', '(((((....................)))))', 0.2, -6.417993594099236e-05, -7.5498, 0.2717, 1.0, 0.1333]
	 ->['CCCUCAACCAGGAACCUAAAAACAAGGGGG', '(((((....................)))))', 0.2, -2.2647476653808354e-05, -4.8918, 0.3448, 0.8, 0.1333]
	 ->['CCCGCGAGAAGUAACCUUAAUAAAAGGGGG', '(((.(....................).)))', 0.1667, -0.0006786606225198685, -4.9963, 0.3658, 1.0, 0.2]
	 >>> Resetting the solution to avoid local optima.
	 ->['GGGGGAAAAACCAAGGAAAAAAAAACCCCC', '(((((....................)))))', 0.2, -2.1693530809066878e-05, -7.2184, 0.2892, 1.0, 0.1333]
	 ->['GAGGGGAUAGCUACGGUAAUAAUUACCCUU', '(((((....................)))))', 0.2, -1.2666493178993095e-07, -5.8882, 0.4512, 0.6, 0.1333]
	 >>> Resetting the solution to avoid local optima.
	 ->['CCCCCAAAAAGGAACCAAAAAAAAAGGGGG', '(((((....................)))))', 0.2, -6.417993594099236e-05, -7.5498, 0.2717, 1.0, 0.1333]
	 >>> Resetting the solution to avoid local optima.
	 ->['GGGGGAAAAACCAAGGAAAAAAAAACCCCC', '(((((....................)))))', 0.2, -2.1693530809066878e-05, -7.2184, 0.2892, 1.0, 0.1333]
	 ->['GGGGGACCAACCAAGGAUUUAAACACCCUC', '(((((....................)))))', 0.2, -5.267968887937286e-06, -5.0907, 0.398, 0.8, 0.1333]
	 >>> Resetting the solution to avoid local optima.
	 ->['CCCCCAAAAAGGAACCAAAAAAAAAGGGGG', '(((((....................)))))', 0.2, -6.417993594099236e-05, -7.5498, 0.2717, 1.0, 0.1333]
	 ->['UCACCAUUACGGAGCCGGGGACCAAGGUGA', '(((((....................)))))', 0.2, -6.4869529186365076e-06, -5.3624, 0.3856, 0.6, 0.1333]
	 >>> Resetting the solution to avoid local optima.
	 ->['GGGGGAAAAACCAAGGAAAAAAAAACCCCC', '(((((....................)))))', 0.2, -2.1693530809066878e-05, -7.2184, 0.2892, 1.0, 0.1333]
	 ->['GGAGGGAUGACCGGGGAUGUACUGACCUCU', '(((((....................)))))', 0.2, -3.186252478968127e-06, -6.2006, 0.3747, 0.6, 0.1333]
	 >>> Resetting the solution to avoid local optima.
	 ->['CCCCCAAAAAGGAACCAAAAAAAAAGGGGG', '(((((....................)))))', 0.2, -6.417993594099236e-05, -7.5498, 0.2717, 1.0, 0.1333]
	 ->['GCUCCAGGAAGGGACCGCAUUACACGGAGU', '(((((....................)))))', 0.2, -1.9577101922453313e-06, -5.9008, 0.4126, 0.6, 0.1333]
	 >>> Resetting the solution to avoid local optima.
	 ->['GGGGGAAAAACCAAGGAAAAAAAAACCCCC', '(((((....................)))))', 0.2, -2.1693530809066878e-05, -7.2184, 0.2892, 1.0, 0.1333]
	 ->['GGAGGAACUACCAAGGAAAACAAAACCUCC', '(((((....................)))))', 0.2, -3.552206198226487e-05, -5.1144, 0.2779, 0.8, 0.1333]
	 >>> Resetting the solution to avoid local optima.
	 ->['GGGGGAAAAACCAAGGAAAAAAAAACCCCC', '(((((....................)))))', 0.2, -2.1693530809066878e-05, -7.2184, 0.2892, 1.0, 0.1333]
	 ->['GGGGGAAAAACCAAGGAUCAAAAUACCCCC', '(((((....................)))))', 0.2, -1.9592647169846635e-05, -7.2811, 0.2941, 1.0, 0.1333]
	 >>> Resetting the solution to avoid local optima.
	 ->['CCCCCAAAAAGGAACCAAAAAAAAAGGGGG', '(((((....................)))))', 0.2, -6.417993594099236e-05, -7.5498, 0.2717, 1.0, 0.1333]
	 >>> Resetting the solution to avoid local optima.
	 ->['GGGGGAAAAACCAAGGAAAAAAAAACCCCC', '(((((....................)))))', 0.2, -2.1693530809066878e-05, -7.2184, 0.2892, 1.0, 0.1333]
	 >>> Resetting the solution to avoid local optima.
	 ->['GGGGGAAAAACCAAGGAAAAAAAAACCCCC', '(((((....................)))))', 0.2, -2.1693530809066878e-05, -7.2184, 0.2892, 1.0, 0.1333]
	 ->['GGGGGAAGACCUUAGGAUAUAAAGACCCCC', '(((((....................)))))', 0.2, -3.774294806612358e-07, -7.7153, 0.3578, 1.0, 0.1333]
	 >>> Resetting the solution to avoid local optima.
	 ->['GGGGGAAAAACCAAGGAAAAAAAAACCCCC', '(((((....................)))))', 0.2, -2.1693530809066878e-05, -7.2184, 0.2892, 1.0, 0.1333]
	 ->['GGGGGAGGAGCCAUGGAAAACAAAACCCCC', '(((((....................)))))', 0.2, -1.579785967506179e-05, -7.4138, 0.315, 1.0, 0.1333]
	 >>> Resetting the solution to avoid local optima.
	 ->['CCCCCAAAAAGGAACCAAAAAAAAAGGGGG', '(((((....................)))))', 0.2, -6.417993594099236e-05, -7.5498, 0.2717, 1.0, 0.1333]
	 ->['UGACCAGUAAGGAACCUAAUGAGAGGGUCA', '(((((....................)))))', 0.2, -1.494755002119877e-06, -4.967, 0.3605, 0.6, 0.1333]
	 >>> Resetting the solution to avoid local optima.
	 ->['CCCCCAAAAAGGAACCAAAAAAAAAGGGGG', '(((((....................)))))', 0.2, -6.417993594099236e-05, -7.5498, 0.2717, 1.0, 0.1333]
	 ->['CCACCAAAUAGGACCCAGGAAAUAAGGUGG', '(((((....................)))))', 0.2, -1.1692795304648299e-05, -5.4993, 0.3188, 0.8, 0.1333]
	 >>> Resetting the solution to avoid local optima.
	 ->['CCCCCAAAAAGGAACCAAAAAAAAAGGGGG', '(((((....................)))))', 0.2, -6.417993594099236e-05, -7.5498, 0.2717, 1.0, 0.1333]
	 >>> Resetting the solution to avoid local optima.
	 ->['CCCCCAAAAAGGAACCAAAAAAAAAGGGGG', '(((((....................)))))', 0.2, -6.417993594099236e-05, -7.5498, 0.2717, 1.0, 0.1333]
	 ->['GUAUCAGUAAGGAUUCCAUUUGAGAGAUGC', '(((((....................)))))', 0.2, -7.769851486760706e-09, -2.9086, 0.4505, 0.4, 0.1333]
	 >>> Resetting the solution to avoid local optima.
	 ->['GGGGGAAAAACCAAGGAAAAAAAAACCCCC', '(((((....................)))))', 0.2, -2.1693530809066878e-05, -7.2184, 0.2892, 1.0, 0.1333]
	 ->['UGAGGGGACCCCAGGGCAUCGUACACCUCA', '(((((....................)))))', 0.2, -3.8438019060480784e-07, -6.6041, 0.4343, 0.6, 0.1333]
	 >>> Resetting the solution to avoid local optima.
	 ->['CCCCCAAAAAGGAACCAAAAAAAAAGGGGG', '(((((....................)))))', 0.2, -6.417993594099236e-05, -7.5498, 0.2717, 1.0, 0.1333]
	 ->['UCUCCAUUGAGGAACCAGCAGGCACGGAGA', '(((((....................)))))', 0.2, -3.9306552459620775e-06, -5.3712, 0.3874, 0.6, 0.1333]
	 >>> Resetting the solution to avoid local optima.
	 ->['CCCCCAAAAAGGAACCAAAAAAAAAGGGGG', '(((((....................)))))', 0.2, -6.417993594099236e-05, -7.5498, 0.2717, 1.0, 0.1333]
	 >>> Resetting the solution to avoid local optima.
	 ->['GGGGGAAAAACCAAGGAAAAAAAAACCCCC', '(((((....................)))))', 0.2, -2.1693530809066878e-05, -7.2184, 0.2892, 1.0, 0.1333]
	 ->['GGGGGGAAAAUCAAGGAAAAAUAUACCCCC', '(((((....................)))))', 0.2, -9.902056982869085e-08, -8.64, 0.2983, 1.0, 0.1333]
	 >>> Resetting the solution to avoid local optima.
	 ->['GGGGGAAAAACCAAGGAAAAAAAAACCCCC', '(((((....................)))))', 0.2, -2.1693530809066878e-05, -7.2184, 0.2892, 1.0, 0.1333]
	 ->['GGGGGAAAAACCAAGGAAAAAAGAACCCCC', '(((((....................)))))', 0.2, -2.1562163394536902e-05, -7.2221, 0.2893, 1.0, 0.1333]
	 >>> Resetting the solution to avoid local optima.
	 ->['CCCCCAAAAAGGAACCAAAAAAAAAGGGGG', '(((((....................)))))', 0.2, -6.417993594099236e-05, -7.5498, 0.2717, 1.0, 0.1333]
	 >>> Resetting the solution to avoid local optima.
	 ->['CCCCCAAAAAGGAACCAAAAAAAAAGGGGG', '(((((....................)))))', 0.2, -6.417993594099236e-05, -7.5498, 0.2717, 1.0, 0.1333]
	 ->['CGCCCAUAAAGGUAUCACAUAGCAAGGGUG', '(((((....................)))))', 0.2, -3.3148992251247745e-08, -5.7144, 0.3797, 0.8, 0.1333]
	 >>> Resetting the solution to avoid local optima.
	 ->['CCCCCAAAAAGGAACCAAAAAAAAAGGGGG', '(((((....................)))))', 0.2, -6.417993594099236e-05, -7.5498, 0.2717, 1.0, 0.1333]
	 ->['CUCCCAUACAGGAACCGUAAAUAGAGGGAG', '(((((....................)))))', 0.2, -0.0001304004200076554, -5.8129, 0.3328, 0.8, 0.1333]
	 >>> Resetting the solution to avoid local optima.
	 ->['CCCCCAAAAAGGAACCAAAAAAAAAGGGGG', '(((((....................)))))', 0.2, -6.417993594099236e-05, -7.5498, 0.2717, 1.0, 0.1333]
	 ->['GCCCCAAGAAGGAACCGUAAAAUAAGGGGC', '(((((....................)))))', 0.2, -0.00022649047872262806, -7.6727, 0.272, 1.0, 0.1333]
	 >>> Resetting the solution to avoid local optima.
	 ->['CCCCCAAAAAGGAACCAAAAAAAAAGGGGG', '(((((....................)))))', 0.2, -6.417993594099236e-05, -7.5498, 0.2717, 1.0, 0.1333]
	 ->['GUUCUAAGUCAGACCCACCAGCAGAGGAAC', '(((((....................)))))', 0.2, -5.846930676367933e-06, -2.2264, 0.4286, 0.4, 0.1333]
	 >>> Resetting the solution to avoid local optima.
	 ->['GGGGGAAAAACCAAGGAAAAAAAAACCCCC', '(((((....................)))))', 0.2, -2.1693530809066878e-05, -7.2184, 0.2892, 1.0, 0.1333]
	 ->['GGGGGAAAAACCAAGGAAAAAAAAACCCCC', '(((((....................)))))', 0.2, -2.1693530809066878e-05, -7.2184, 0.2892, 1.0, 0.1333]
	 >>> Resetting the solution to avoid local optima.
	 ->['CCCCCAAAAAGGAACCAAAAAAAAAGGGGG', '(((((....................)))))', 0.2, -6.417993594099236e-05, -7.5498, 0.2717, 1.0, 0.1333]
	 ->['ACCCCAAAAAGGAACCAAAAAACAAGGGGU', '(((((....................)))))', 0.2, -4.853821182812206e-05, -6.122, 0.2773, 0.8, 0.1333]
	 ->['ACCCCGAAUAGGAAACUAAAAACAUGUGGU', '...((.....))..................', 0.1667, -0.005418448840080992, -2.3159, 0.3965, 1.0, 0.3333]
	 >>> Resetting the solution to avoid local optima.
	 ->['CCCCCAAAAAGGAACCAAAAAAAAAGGGGG', '(((((....................)))))', 0.2, -6.417993594099236e-05, -7.5498, 0.2717, 1.0, 0.1333]
	 ->['CCGCUAUACGAGUGCCGAAGAUGAAGGUGG', '(((((....................)))))', 0.2, -8.957473441815905e-06, -3.6635, 0.3601, 0.6, 0.1333]
	 >>> Resetting the solution to avoid local optima.
	 ->['GGGGGAAAAACCAAGGAAAAAAAAACCCCC', '(((((....................)))))', 0.2, -2.1693530809066878e-05, -7.2184, 0.2892, 1.0, 0.1333]
	 >>> Resetting the solution to avoid local optima.
	 ->['CCCCCAAAAAGGAACCAAAAAAAAAGGGGG', '(((((....................)))))', 0.2, -6.417993594099236e-05, -7.5498, 0.2717, 1.0, 0.1333]
	 ->['GAUCCGUAUAGGCCCCUCAGAGGUAGGAUU', '(((((....................)))))', 0.2, -4.2529402752664815e-07, -4.3417, 0.4488, 0.4, 0.1333]
	 >>> Resetting the solution to avoid local optima.
	 ->['CCCCCAAAAAGGAACCAAAAAAAAAGGGGG', '(((((....................)))))', 0.2, -6.417993594099236e-05, -7.5498, 0.2717, 1.0, 0.1333]
	 >>> Resetting the solution to avoid local optima.
	 ->['CCCCCAAAAAGGAACCAAAAAAAAAGGGGG', '(((((....................)))))', 0.2, -6.417993594099236e-05, -7.5498, 0.2717, 1.0, 0.1333]
	 ->['CCCUCAGAAAGAAACCACAUUACAAGGGGG', '(((((....................)))))', 0.2, -0.00019855355422276796, -4.9538, 0.3725, 0.8, 0.1333]
	 ->['UCCGCAGAAGGCAACCACAUUAGCAGGGGA', '(((.(....................).)))', 0.1667, -0.011193056413724036, -3.5688, 0.4856, 0.75, 0.2]
	 >>> Resetting the solution to avoid local optima.
	 ->['GGGGGAAAAACCAAGGAAAAAAAAACCCCC', '(((((....................)))))', 0.2, -2.1693530809066878e-05, -7.2184, 0.2892, 1.0, 0.1333]
	 ->['GAGGGAAAAACCAAGGAAAGAAGAACCCUC', '(((((....................)))))', 0.2, -1.8527001296109725e-05, -5.2156, 0.2796, 0.8, 0.1333]
	 >>> Resetting the solution to avoid local optima.
	 ->['GGGGGAAAAACCAAGGAAAAAAAAACCCCC', '(((((....................)))))', 0.2, -2.1693530809066878e-05, -7.2184, 0.2892, 1.0, 0.1333]
	 >>> Resetting the solution to avoid local optima.
	 ->['CCCCCAAAAAGGAACCAAAAAAAAAGGGGG', '(((((....................)))))', 0.2, -6.417993594099236e-05, -7.5498, 0.2717, 1.0, 0.1333]
	 ->['UCUUCGUAGAGAACUCAAUUACAAAGAGGA', '(((((....................)))))', 0.2, -1.0344396168725563e-06, -3.5939, 0.5302, 0.4, 0.1333]
	 >>> Resetting the solution to avoid local optima.
	 ->['CCCCCAAAAAGGAACCAAAAAAAAAGGGGG', '(((((....................)))))', 0.2, -6.417993594099236e-05, -7.5498, 0.2717, 1.0, 0.1333]
	 ->['CACCCAAAAAGGAACCAAAAACGAAGGGUG', '(((((....................)))))', 0.2, -5.040652157966662e-05, -5.3987, 0.2769, 0.8, 0.1333]
	 >>> Resetting the solution to avoid local optima.
	 ->['CCCCCAAAAAGGAACCAAAAAAAAAGGGGG', '(((((....................)))))', 0.2, -6.417993594099236e-05, -7.5498, 0.2717, 1.0, 0.1333]
	 >>> Resetting the solution to avoid local optima.
	 ->['GGGGGAAAAACCAAGGAAAAAAAAACCCCC', '(((((....................)))))', 0.2, -2.1693530809066878e-05, -7.2184, 0.2892, 1.0, 0.1333]
	 ->['GUAGGAUGACCCAAGGAUGCUUAGCCCUAU', '(((((....................)))))', 0.2, -4.413417368467115e-06, -3.6998, 0.4442, 0.4, 0.1333]
	 >>> Resetting the solution to avoid local optima.
	 ->['GGGGGAAAAACCAAGGAAAAAAAAACCCCC', '(((((....................)))))', 0.2, -2.1693530809066878e-05, -7.2184, 0.2892, 1.0, 0.1333]
	 ->['GGGGGGAGUACCACGGGAGAAAACACCCCC', '(((((....................)))))', 0.2, -5.108969374021412e-05, -9.5904, 0.4358, 1.0, 0.1333]
	 >>> Resetting the solution to avoid local optima.
	 ->['CCCCCAAAAAGGAACCAAAAAAAAAGGGGG', '(((((....................)))))', 0.2, -6.417993594099236e-05, -7.5498, 0.2717, 1.0, 0.1333]
	 >>> Resetting the solution to avoid local optima.
	 ->['CCCCCAAAAAGGAACCAAAAAAAAAGGGGG', '(((((....................)))))', 0.2, -6.417993594099236e-05, -7.5498, 0.2717, 1.0, 0.1333]
	 ->['GUCCCAAAACGGUACUAUAAGCAGAGGGGC', '(((((....................)))))', 0.2, -4.102944359461339e-07, -5.3639, 0.3192, 0.8, 0.1333]
	 >>> Resetting the solution to avoid local optima.
	 ->['CCCCCAAAAAGGAACCAAAAAAAAAGGGGG', '(((((....................)))))', 0.2, -6.417993594099236e-05, -7.5498, 0.2717, 1.0, 0.1333]
	 ->['GCUCUGAGAAAGGACCAUAAUACCGGGAGC', '(((((....................)))))', 0.2, -2.1210348847653572e-05, -4.5322, 0.3202, 0.6, 0.1333]
	 >>> Resetting the solution to avoid local optima.
	 ->['CCCCCAAAAAGGAACCAAAAAAAAAGGGGG', '(((((....................)))))', 0.2, -6.417993594099236e-05, -7.5498, 0.2717, 1.0, 0.1333]
	 ->['CUGCCACGUAGGGACCACAGUGAAAGGUAG', '(((((....................)))))', 0.2, -2.311884343175999e-06, -4.5983, 0.425, 0.6, 0.1333]
	 >>> Resetting the solution to avoid local optima.
	 ->['GGGGGAAAAACCAAGGAAAAAAAAACCCCC', '(((((....................)))))', 0.2, -2.1693530809066878e-05, -7.2184, 0.2892, 1.0, 0.1333]
	 ->['GGGGGGAUAUCCGAAGAGUAACGUACUCCC', '(((((....................)))))', 0.2, -6.0091519227185345e-06, -6.6095, 0.5247, 0.8, 0.1333]
	 >>> Resetting the solution to avoid local optima.
	 ->['CCCCCAAAAAGGAACCAAAAAAAAAGGGGG', '(((((....................)))))', 0.2, -6.417993594099236e-05, -7.5498, 0.2717, 1.0, 0.1333]
	 >>> Resetting the solution to avoid local optima.
	 ->['GGGGGAAAAACCAAGGAAAAAAAAACCCCC', '(((((....................)))))', 0.2, -2.1693530809066878e-05, -7.2184, 0.2892, 1.0, 0.1333]
	 ->['GGGGGAAAGACCCAGGUAACUAGAACCCCC', '(((((....................)))))', 0.2, -2.7605676574404815e-06, -8.089, 0.3834, 1.0, 0.1333]
	 >>> Resetting the solution to avoid local optima.
	 ->['CCCCCAAAAAGGAACCAAAAAAAAAGGGGG', '(((((....................)))))', 0.2, -6.417993594099236e-05, -7.5498, 0.2717, 1.0, 0.1333]
	 >>> Resetting the solution to avoid local optima.
	 ->['CCCCCAAAAAGGAACCAAAAAAAAAGGGGG', '(((((....................)))))', 0.2, -6.417993594099236e-05, -7.5498, 0.2717, 1.0, 0.1333]
	 ->['CUCCUAUGAGAGUACCAUAAAAAGAGGGAG', '(((((....................)))))', 0.2, -7.355153551782468e-06, -4.085, 0.4001, 0.6, 0.1333]
	 >>> Resetting the solution to avoid local optima.
	 ->['GGGGGAAAAACCAAGGAAAAAAAAACCCCC', '(((((....................)))))', 0.2, -2.1693530809066878e-05, -7.2184, 0.2892, 1.0, 0.1333]
	 >>> Resetting the solution to avoid local optima.
	 ->['CCCCCAAAAAGGAACCAAAAAAAAAGGGGG', '(((((....................)))))', 0.2, -6.417993594099236e-05, -7.5498, 0.2717, 1.0, 0.1333]
	 ->['ACUCCAUAAGGGAUCCAUUUACAUAGGAGU', '(((((....................)))))', 0.2, -4.710897862711567e-06, -5.3596, 0.4403, 0.6, 0.1333]
	 >>> Resetting the solution to avoid local optima.
	 ->['GGGGGAAAAACCAAGGAAAAAAAAACCCCC', '(((((....................)))))', 0.2, -2.1693530809066878e-05, -7.2184, 0.2892, 1.0, 0.1333]
	 ->['GGGGGAAAAACCAAGGAAAAAAAAACCCCC', '(((((....................)))))', 0.2, -2.1693530809066878e-05, -7.2184, 0.2892, 1.0, 0.1333]
	 ->['GGAGGAACAACCAAGCAGUAAGAUGGCUCC', '((((......................))))', 0.1667, -0.0008406996160251844, -3.5643, 0.353, 0.75, 0.2]
	 >>> Resetting the solution to avoid local optima.
	 ->['CCCCCAAAAAGGAACCAAAAAAAAAGGGGG', '(((((....................)))))', 0.2, -6.417993594099236e-05, -7.5498, 0.2717, 1.0, 0.1333]
	 ->['GACCCAAACGGGAACCAAAAAACUAGGGUC', '(((((....................)))))', 0.2, -3.205798275676007e-05, -5.8777, 0.3222, 0.8, 0.1333]
	 ->['GAUCGAAUCGCGACCCAGAACUGUAGGAUC', '((((......................))))', 0.1667, -7.405673320980277e-05, -2.3616, 0.3874, 0.5, 0.2]
	 >>> Resetting the solution to avoid local optima.
	 ->['CCCCCAAAAAGGAACCAAAAAAAAAGGGGG', '(((((....................)))))', 0.2, -6.417993594099236e-05, -7.5498, 0.2717, 1.0, 0.1333]
	 ->['GACCCAGAAAGGAACCAGAAGAACAGGGUU', '(((((....................)))))', 0.2, -3.779606610671888e-05, -4.2762, 0.2981, 0.6, 0.1333]
	 >>> Resetting the solution to avoid local optima.
	 ->['CCCCCAAAAAGGAACCAAAAAAAAAGGGGG', '(((((....................)))))', 0.2, -6.417993594099236e-05, -7.5498, 0.2717, 1.0, 0.1333]
	 ->['GUGCCGAACCGGAGCCAGCACAUCAGGUAC', '(((((....................)))))', 0.2, -7.648081423193559e-07, -5.28, 0.418, 0.6, 0.1333]
	 ->['UUGCCGCACCGGAGCCAGCACACGAGGUAA', '...(((...))).(((.........)))..', 0.1667, -2.11781358388091e-07, -4.2714, 0.4002, 0.8333, 0.2667]
	 >>> Resetting the solution to avoid local optima.
	 ->['CCCCCAAAAAGGAACCAAAAAAAAAGGGGG', '(((((....................)))))', 0.2, -6.417993594099236e-05, -7.5498, 0.2717, 1.0, 0.1333]
	 >>> Resetting the solution to avoid local optima.
	 ->['GGGGGAAAAACCAAGGAAAAAAAAACCCCC', '(((((....................)))))', 0.2, -2.1693530809066878e-05, -7.2184, 0.2892, 1.0, 0.1333]
	 ->['GGUGGGAAAUCCAGGGAAAUGAACACCGCC', '(((((....................)))))', 0.2, -1.5051659542640085e-05, -6.5436, 0.3661, 0.8, 0.1333]
	 >>> Resetting the solution to avoid local optima.
	 ->['GGGGGAAAAACCAAGGAAAAAAAAACCCCC', '(((((....................)))))', 0.2, -2.1693530809066878e-05, -7.2184, 0.2892, 1.0, 0.1333]
	 ->['GGGGGAAACACCAAGGAAAAGUCAACCCCC', '(((((....................)))))', 0.2, -8.338340353527146e-06, -7.8077, 0.3595, 1.0, 0.1333]
	 >>> Resetting the solution to avoid local optima.
	 ->['GGGGGAAAAACCAAGGAAAAAAAAACCCCC', '(((((....................)))))', 0.2, -2.1693530809066878e-05, -7.2184, 0.2892, 1.0, 0.1333]
	 ->['GAGGGGCUAACCAAGGAUACGAAGACCUUC', '(((((....................)))))', 0.2, -8.753112728524944e-06, -4.5777, 0.3587, 0.6, 0.1333]
	 >>> Resetting the solution to avoid local optima.
	 ->['GGGGGAAAAACCAAGGAAAAAAAAACCCCC', '(((((....................)))))', 0.2, -2.1693530809066878e-05, -7.2184, 0.2892, 1.0, 0.1333]
	 ->['UGUGGGUUGUCCUGGGUGAAAAUAACUACA', '(((((....................)))))', 0.2, -3.460849571242677e-07, -4.3687, 0.5563, 0.4, 0.1333]
	 >>> Resetting the solution to avoid local optima.
	 ->['CCCCCAAAAAGGAACCAAAAAAAAAGGGGG', '(((((....................)))))', 0.2, -6.417993594099236e-05, -7.5498, 0.2717, 1.0, 0.1333]
	 ->['GCACCAUACAGGCUCUAAGGACGGAGGUGU', '(((((....................)))))', 0.2, -1.8805259578640372e-08, -5.6638, 0.4508, 0.6, 0.1333]




RNA sequences found with GC-content <= 0.48:

RNA sequences found with GC-content > 0.48:
@@ CCCCCAAAAAGGAAGCAAAAAAAAAGCGGG 1.0
@@ CCCCCAAAAAGGAAGCAUAAAAAAAGCGGG 1.0
@@ CCCCCAAAAAGGAAGCAUAAUAAAAGCGGG 1.0
@@ CCCCCAAAAAGGAAGCAUAAUGAAAGCGGG 1.0
@@ CCCCCAAAAAGGAAGCAUGAUGAAAGCGGG 1.0
@@ CCCCCAAAAAGGAAGCGUGAUGAAAGCGGG 1.0
@@ CCCCCAAAAAGGAAGCGUGAUGAUAGCGGG 1.0
@@ CCCCCAAAAAGGAUGCGUGAUGAUAGCGGG 1.0
@@ CCCCCAAUAAGGAUGCGUGAUGAUAGCGGG 1.0
@@ CCCCCAAUAAGGAUGCGUGACGAUAGCGGG 1.0
@@ CCCCCAAUAAGGAUGCGUCACGAUAGCGGG 1.0
@@ CCCCCAAUGAGGAUGCGUCACGAUAGCGGG 1.0


Elapsed time:                   86400.0122616291 secs.
Number of function evaluations: 73624751
----------------------------------------------------------------------


---------------------------------------
 FINISHED SUCCESSFULLY 
---------------------------------------
