
-----------------------------------------------------------------------
   _____ _____  ______ ______ _____             _____  _   _           
  / ____|  __ \|  ____|  ____|  __ \           |  __ \| \ | |   /\     
 | |  __| |__) | |__  | |__  | |  | |  ______  | |__) |  \| |  /  \    
 | | |_ |  _  /|  __| |  __| | |  | | |______| |  _  /| . ` | / /\ \   
 | |__| | | \ \| |____| |____| |__| |          | | \ \| |\  |/ ____ \  
  \_____|_|  \_\______|______|_____/           |_|  \_\_| \_/_/    \_\ 
       
                                       -- A. Rubio-Largo et al. 2023
-----------------------------------------------------------------------

------------------------------------------------------------------------------------------------------------------
CONFIGURATION: 

 * TARGET:           (((((......)))))
 * STOPPING:         86400 secs.
 * SEED:             2
 * NO. OF SOLUTIONS: 1
 * max. GC-cont.:    0.48
 * MODEL:            TURNER2004
 * MUTATION PROB:    0.01
 * STAGNATION LIMIT: 50
------------------------------------------------------------------------------------------------------------------


 (1) Let's minimize the base-pair distance between predicted and target structures
    -> Min(Base-pair distance), min(Hamming distance), max(probability over ensemble), min(partition function), min(ensemble defect), min(%GC-content)


	 ->['CCCCCAAAAAAGGGGG', '(((((......)))))', 0.0, -0.9384032730048696, -9.3392, 0.0084, 1.0, 0.0]


    -> Found sequence! Elapsed time:                   0.012600898742675781 secs.


 (2) We found a sequence that folds exactly like the target structure. Let's minimize the GC-content
    -> ORDER: Min(Base-pair distance), min(Hamming distance), min(GC-content), min(partition function), min(ensemble defect), max(probability over ensemble))


	 >>> Resetting the solution to avoid local optima.
	 ->['GGGGGAAAAAACCCCC', '(((((......)))))', 0.0, -0.9087370838545498, -8.959, 0.0372, 1.0, 0.0]
	 ->['GGGGGAGGACACCCCC', '(((((......)))))', 0.0, -0.8906109227001666, -8.9714, 0.0488, 1.0, 0.0]
	 ->['GGGUGCGGACACGCCC', '(((((......)))))', 0.0, -0.694657850405911, -6.4245, 0.1854, 0.8, 0.0]
	 ->['GGGUUCGGACAGGCCC', '(((((......)))))', 0.0, -0.5436695325469245, -4.7756, 0.0876, 0.6, 0.0]


    -> Finished!! Elaapsed time:                   0.03891897201538086 secs.




RNA sequences found with GC-content <= 0.48:
## UGGUUCGGACAGGCCA 0.4

RNA sequences found with GC-content > 0.48:
@@ CCCCCAAAAAAGGGGG 1.0
@@ GCCCCAAAAAAGGGGC 1.0
@@ GGGGGAAAAAACCCCC 1.0
@@ GGGGGAAAACACCCCC 1.0
@@ GGGGGAGAACACCCCC 1.0
@@ GGGGGAGGACACCCCC 1.0
@@ GGGUGAGGACACGCCC 0.8
@@ GGGUGCGGACACGCCC 0.8
@@ GGGUUCGGACAGGCCC 0.6


Elapsed time:                   0.03904080390930176 secs.
Number of function evaluations: 35
----------------------------------------------------------------------


---------------------------------------
 FINISHED SUCCESSFULLY 
---------------------------------------
