
-----------------------------------------------------------------------
   _____ _____  ______ ______ _____             _____  _   _           
  / ____|  __ \|  ____|  ____|  __ \           |  __ \| \ | |   /\     
 | |  __| |__) | |__  | |__  | |  | |  ______  | |__) |  \| |  /  \    
 | | |_ |  _  /|  __| |  __| | |  | | |______| |  _  /| . ` | / /\ \   
 | |__| | | \ \| |____| |____| |__| |          | | \ \| |\  |/ ____ \  
  \_____|_|  \_\______|______|_____/           |_|  \_\_| \_/_/    \_\ 
       
                                       -- A. Rubio-Largo et al. 2023
-----------------------------------------------------------------------

------------------------------------------------------------------------------------------------------------------
CONFIGURATION: 

 * TARGET:           (((((.....))..((.........)))))
 * STOPPING:         86400 secs.
 * SEED:             1
 * NO. OF SOLUTIONS: 1
 * max. GC-cont.:    0.48
 * MODEL:            TURNER2004
 * MUTATION PROB:    0.01
 * STAGNATION LIMIT: 50
------------------------------------------------------------------------------------------------------------------


 (1) Let's minimize the base-pair distance between predicted and target structures
    -> Min(Base-pair distance), min(Hamming distance), max(probability over ensemble), min(partition function), min(ensemble defect), min(%GC-content)


	 ->['CCCCCAAAAAGGAACCAAAAAAAAAGGGGG', '(((((....................)))))', 0.2, -6.417993594099236e-05, -7.5498, 0.2717, 1.0, 0.1333]
	 ->['GGCCCAAAAAGGAACCAAAAAAAAAGGGCC', '(((((....................)))))', 0.2, -6.743086553665513e-05, -7.6194, 0.2675, 1.0, 0.1333]


    -> Found sequence! Elapsed time:                   0.017792940139770508 secs.


 (2) We found a sequence that folds exactly like the target structure. Let's minimize the GC-content
    -> ORDER: Min(Base-pair distance), min(Hamming distance), min(GC-content), min(partition function), min(ensemble defect), max(probability over ensemble))


	 >>> Resetting the solution to avoid local optima.
	 ->['GGGGGAAAAACCAAGGAAAAAAAAACCCCC', '(((((....................)))))', 0.2, -2.1693530809066878e-05, -7.2184, 0.2892, 1.0, 0.1333]
	 ->['UUAGGGGACUCCAAGGCCAUUGACACCUGA', '(((((....................)))))', 0.2, -7.086966051388281e-07, -4.027, 0.4505, 0.4, 0.1333]
	 >>> Resetting the solution to avoid local optima.
	 ->['CCCCCAAAAAGGAACCAAAAAAAAAGGGGG', '(((((....................)))))', 0.2, -6.417993594099236e-05, -7.5498, 0.2717, 1.0, 0.1333]
	 >>> Resetting the solution to avoid local optima.
	 ->['CCCCCAAAAAGGAACCAAAAAAAAAGGGGG', '(((((....................)))))', 0.2, -6.417993594099236e-05, -7.5498, 0.2717, 1.0, 0.1333]
	 ->['UCCCCAAAUAGGUACCACAAAAACAGGGGA', '(((((....................)))))', 0.2, -1.1462146598090194e-05, -6.7115, 0.3124, 0.8, 0.1333]
	 ->['UCCCCAUAUAGGUAGCACAUAAAGAGCGGA', '...((.....))..................', 0.1667, -0.03366871451372628, -1.7901, 0.3398, 1.0, 0.3333]
	 ->['UCCCCACCUAGGUAGCACAUGACGCGCGGA', '...((.....))..((.(.....).))...', 0.1333, -0.007155442854396605, -2.7446, 0.4069, 1.0, 0.2667]
	 >>> Resetting the solution to avoid local optima.
	 ->['CCCCCAAAAAGGAACCAAAAAAAAAGGGGG', '(((((....................)))))', 0.2, -6.417993594099236e-05, -7.5498, 0.2717, 1.0, 0.1333]
	 >>> Resetting the solution to avoid local optima.
	 ->['CCCCCAAAAAGGAACCAAAAAAAAAGGGGG', '(((((....................)))))', 0.2, -6.417993594099236e-05, -7.5498, 0.2717, 1.0, 0.1333]
	 >>> Resetting the solution to avoid local optima.
	 ->['CCCCCAAAAAGGAACCAAAAAAAAAGGGGG', '(((((....................)))))', 0.2, -6.417993594099236e-05, -7.5498, 0.2717, 1.0, 0.1333]
	 ->['CUGCCUCUAUGGAGCCGUUACGACUGGUAG', '(((((....................)))))', 0.2, -2.2903145285255603e-06, -5.104, 0.4057, 0.6, 0.1333]
	 >>> Resetting the solution to avoid local optima.
	 ->['GGGGGAAAAACCAAGGAAAAAAAAACCCCC', '(((((....................)))))', 0.2, -2.1693530809066878e-05, -7.2184, 0.2892, 1.0, 0.1333]
	 ->['GGAGGAAUAACCAAGGAAAGAUAAACCUCC', '(((((....................)))))', 0.2, -1.849411103972854e-05, -5.5167, 0.3323, 0.8, 0.1333]
	 >>> Resetting the solution to avoid local optima.
	 ->['CCCCCAAAAAGGAACCAAAAAAAAAGGGGG', '(((((....................)))))', 0.2, -6.417993594099236e-05, -7.5498, 0.2717, 1.0, 0.1333]
	 >>> Resetting the solution to avoid local optima.
	 ->['CCCCCAAAAAGGAACCAAAAAAAAAGGGGG', '(((((....................)))))', 0.2, -6.417993594099236e-05, -7.5498, 0.2717, 1.0, 0.1333]
	 >>> Resetting the solution to avoid local optima.
	 ->['CCCCCAAAAAGGAACCAAAAAAAAAGGGGG', '(((((....................)))))', 0.2, -6.417993594099236e-05, -7.5498, 0.2717, 1.0, 0.1333]
	 ->['GUAUCAUAAAGGAAUCCACAUCUAAGAUAC', '(((((....................)))))', 0.2, -9.80416853453176e-09, -2.5652, 0.3906, 0.4, 0.1333]
	 ->['GUACCAUUCCGGAAUCCAGAUCUAAGAUAC', '...((.....))..................', 0.1667, -1.4235024031447427e-05, -1.178, 0.456, 1.0, 0.3333]
	 >>> Resetting the solution to avoid local optima.
	 ->['CCCCCAAAAAGGAACCAAAAAAAAAGGGGG', '(((((....................)))))', 0.2, -6.417993594099236e-05, -7.5498, 0.2717, 1.0, 0.1333]
	 ->['UGCCUACAGAAGCUUCUUGACGGACGGGUA', '(((((....................)))))', 0.2, -9.58906986307241e-09, -3.3789, 0.4725, 0.4, 0.1333]
	 >>> Resetting the solution to avoid local optima.
	 ->['CCCCCAAAAAGGAACCAAAAAAAAAGGGGG', '(((((....................)))))', 0.2, -6.417993594099236e-05, -7.5498, 0.2717, 1.0, 0.1333]
	 >>> Resetting the solution to avoid local optima.
	 ->['CCCCCAAAAAGGAACCAAAAAAAAAGGGGG', '(((((....................)))))', 0.2, -6.417993594099236e-05, -7.5498, 0.2717, 1.0, 0.1333]
	 >>> Resetting the solution to avoid local optima.
	 ->['CCCCCAAAAAGGAACCAAAAAAAAAGGGGG', '(((((....................)))))', 0.2, -6.417993594099236e-05, -7.5498, 0.2717, 1.0, 0.1333]
	 >>> Resetting the solution to avoid local optima.
	 ->['CCCCCAAAAAGGAACCAAAAAAAAAGGGGG', '(((((....................)))))', 0.2, -6.417993594099236e-05, -7.5498, 0.2717, 1.0, 0.1333]
	 >>> Resetting the solution to avoid local optima.
	 ->['CCCCCAAAAAGGAACCAAAAAAAAAGGGGG', '(((((....................)))))', 0.2, -6.417993594099236e-05, -7.5498, 0.2717, 1.0, 0.1333]
	 ->['UCACCAGUAGGGGACCAUAUAGAGGGGUGA', '(((((....................)))))', 0.2, -4.333507732972396e-06, -5.111, 0.3804, 0.6, 0.1333]
	 >>> Resetting the solution to avoid local optima.
	 ->['CCCCCAAAAAGGAACCAAAAAAAAAGGGGG', '(((((....................)))))', 0.2, -6.417993594099236e-05, -7.5498, 0.2717, 1.0, 0.1333]
	 ->['UACCUAAAAGAGAACCACAAUAGAAGGGUA', '(((((....................)))))', 0.2, -2.4238599354097142e-05, -2.35, 0.3514, 0.4, 0.1333]
	 >>> Resetting the solution to avoid local optima.
	 ->['CCCCCAAAAAGGAACCAAAAAAAAAGGGGG', '(((((....................)))))', 0.2, -6.417993594099236e-05, -7.5498, 0.2717, 1.0, 0.1333]
	 ->['CCCUCGACGCGGAGCCUAGAAUAAAGGGGG', '(((((....................)))))', 0.2, -2.4391956373802463e-06, -6.0652, 0.4015, 0.8, 0.1333]
	 ->['CCCGCGGUGCGCAUUCUGGAACGAAGAGGG', '((((((...)))..(((.......))))))', 0.0667, -0.00020615945586239758, -4.8306, 0.3458, 0.7778, 0.1333]
	 >>> Resetting the solution to avoid local optima.
	 ->['GGGGGAAAAACCAAGGAAAAAAAAACCCCC', '(((((....................)))))', 0.2, -2.1693530809066878e-05, -7.2184, 0.2892, 1.0, 0.1333]
	 >>> Resetting the solution to avoid local optima.
	 ->['GGGGGAAAAACCAAGGAAAAAAAAACCCCC', '(((((....................)))))', 0.2, -2.1693530809066878e-05, -7.2184, 0.2892, 1.0, 0.1333]
	 ->['GGGGGAGGUACCAAGGGAAAAGAGACCCCC', '(((((....................)))))', 0.2, -9.147560074081689e-05, -7.7314, 0.3529, 1.0, 0.1333]
	 ->['UGGGGAGGUACCAAGCGCAUAGAGAGCCCA', '((((......................))))', 0.1667, -0.001377737909257763, -4.2599, 0.3791, 0.75, 0.2]
	 >>> Resetting the solution to avoid local optima.
	 ->['CCCCCAAAAAGGAACCAAAAAAAAAGGGGG', '(((((....................)))))', 0.2, -6.417993594099236e-05, -7.5498, 0.2717, 1.0, 0.1333]
	 ->['CCCUCAUAAUGGACCCAAAUGAGUAGGGGG', '(((((....................)))))', 0.2, -6.05377642447147e-06, -6.105, 0.5385, 0.8, 0.1333]
	 ->['CCCGCAUAAUGCACCCAGAUGAGUAGGGGG', '...(((...))).(((.........)))..', 0.1667, -0.0033330871279457904, -5.7154, 0.4108, 0.8333, 0.2667]
	 >>> Resetting the solution to avoid local optima.
	 ->['GGGGGAAAAACCAAGGAAAAAAAAACCCCC', '(((((....................)))))', 0.2, -2.1693530809066878e-05, -7.2184, 0.2892, 1.0, 0.1333]
	 ->['GGGGGAAAAACCAAGGUAAACAAAACCCCC', '(((((....................)))))', 0.2, -1.6719589381418704e-05, -7.3789, 0.3052, 1.0, 0.1333]
	 >>> Resetting the solution to avoid local optima.
	 ->['GGGGGAAAAACCAAGGAAAAAAAAACCCCC', '(((((....................)))))', 0.2, -2.1693530809066878e-05, -7.2184, 0.2892, 1.0, 0.1333]
	 ->['GGGGGGACAACCAAGGAACAAAACACCCCC', '(((((....................)))))', 0.2, -2.0909750693798345e-05, -8.641, 0.2938, 1.0, 0.1333]
	 >>> Resetting the solution to avoid local optima.
	 ->['GGGGGAAAAACCAAGGAAAAAAAAACCCCC', '(((((....................)))))', 0.2, -2.1693530809066878e-05, -7.2184, 0.2892, 1.0, 0.1333]
	 >>> Resetting the solution to avoid local optima.
	 ->['GGGGGAAAAACCAAGGAAAAAAAAACCCCC', '(((((....................)))))', 0.2, -2.1693530809066878e-05, -7.2184, 0.2892, 1.0, 0.1333]
	 ->['GGGGGAAUAACCAAGGAAAAAAAAACCCCC', '(((((....................)))))', 0.2, -2.098121599892766e-05, -7.2389, 0.2909, 1.0, 0.1333]
	 >>> Resetting the solution to avoid local optima.
	 ->['CCCCCAAAAAGGAACCAAAAAAAAAGGGGG', '(((((....................)))))', 0.2, -6.417993594099236e-05, -7.5498, 0.2717, 1.0, 0.1333]
	 ->['UCCUCAUGCAGGAUCCAACAAAUCAGGGGA', '(((((....................)))))', 0.2, -7.89346602174765e-06, -4.5414, 0.4246, 0.6, 0.1333]
	 >>> Resetting the solution to avoid local optima.
	 ->['CCCCCAAAAAGGAACCAAAAAAAAAGGGGG', '(((((....................)))))', 0.2, -6.417993594099236e-05, -7.5498, 0.2717, 1.0, 0.1333]
	 >>> Resetting the solution to avoid local optima.
	 ->['CCCCCAAAAAGGAACCAAAAAAAAAGGGGG', '(((((....................)))))', 0.2, -6.417993594099236e-05, -7.5498, 0.2717, 1.0, 0.1333]
	 ->['UGCCUAAGAAAGAACCAGAAAAAUAGGGUA', '(((((....................)))))', 0.2, -1.893802198639385e-05, -2.5021, 0.3651, 0.4, 0.1333]
	 >>> Resetting the solution to avoid local optima.
	 ->['GGGGGAAAAACCAAGGAAAAAAAAACCCCC', '(((((....................)))))', 0.2, -2.1693530809066878e-05, -7.2184, 0.2892, 1.0, 0.1333]
	 ->['GGGGGAAAAACCAAGGAAAAAAAAACCCCC', '(((((....................)))))', 0.2, -2.1693530809066878e-05, -7.2184, 0.2892, 1.0, 0.1333]
	 >>> Resetting the solution to avoid local optima.
	 ->['GGGGGAAAAACCAAGGAAAAAAAAACCCCC', '(((((....................)))))', 0.2, -2.1693530809066878e-05, -7.2184, 0.2892, 1.0, 0.1333]
	 ->['GGGGGAAGAACCAAGGAAAAAAAAACCUCC', '(((((....................)))))', 0.2, -2.42176156643638e-05, -4.3505, 0.3078, 0.8, 0.1333]
	 >>> Resetting the solution to avoid local optima.
	 ->['GGGGGAAAAACCAAGGAAAAAAAAACCCCC', '(((((....................)))))', 0.2, -2.1693530809066878e-05, -7.2184, 0.2892, 1.0, 0.1333]
	 ->['GGUGGGAUAACCGCGGCCCAGUACACCACC', '(((((....................)))))', 0.2, -9.576172470168643e-06, -7.4223, 0.4086, 0.8, 0.1333]
	 >>> Resetting the solution to avoid local optima.
	 ->['GGGGGAAAAACCAAGGAAAAAAAAACCCCC', '(((((....................)))))', 0.2, -2.1693530809066878e-05, -7.2184, 0.2892, 1.0, 0.1333]
	 ->['GGUGGAGCUACCGAGGGAUACGAUACCACC', '(((((....................)))))', 0.2, -6.659082771249717e-05, -6.2271, 0.4412, 0.8, 0.1333]
	 ->['UUUAGGACUACUAAGGGACCCCGUACCAGG', '.((((.....))))((.........))...', 0.1667, -1.9737152284622368e-07, -3.9149, 0.4166, 0.5, 0.2]
	 >>> Resetting the solution to avoid local optima.
	 ->['GGGGGAAAAACCAAGGAAAAAAAAACCCCC', '(((((....................)))))', 0.2, -2.1693530809066878e-05, -7.2184, 0.2892, 1.0, 0.1333]
	 ->['GGGGGAAAAACCAAGGAAUAAAAAACCCCC', '(((((....................)))))', 0.2, -2.13791047754619e-05, -7.2274, 0.29, 1.0, 0.1333]
	 >>> Resetting the solution to avoid local optima.
	 ->['CCCCCAAAAAGGAACCAAAAAAAAAGGGGG', '(((((....................)))))', 0.2, -6.417993594099236e-05, -7.5498, 0.2717, 1.0, 0.1333]
	 >>> Resetting the solution to avoid local optima.
	 ->['CCCCCAAAAAGGAACCAAAAAAAAAGGGGG', '(((((....................)))))', 0.2, -6.417993594099236e-05, -7.5498, 0.2717, 1.0, 0.1333]
	 ->['GUCCCGAGUAGGUGCCGGUUGAUGGGGGAU', '(((((....................)))))', 0.2, -6.3533178832464235e-06, -6.6752, 0.4855, 0.6, 0.1333]
	 >>> Resetting the solution to avoid local optima.
	 ->['CCCCCAAAAAGGAACCAAAAAAAAAGGGGG', '(((((....................)))))', 0.2, -6.417993594099236e-05, -7.5498, 0.2717, 1.0, 0.1333]
	 ->['GAGCCGAUCAGGAAUCAAAGACAAAGGUUU', '(((((....................)))))', 0.2, -4.1882271077122735e-08, -3.2703, 0.3525, 0.4, 0.1333]
	 >>> Resetting the solution to avoid local optima.
	 ->['CCCCCAAAAAGGAACCAAAAAAAAAGGGGG', '(((((....................)))))', 0.2, -6.417993594099236e-05, -7.5498, 0.2717, 1.0, 0.1333]
	 ->['CGCCCACAAAGGAUCCGAGAAAAAAGGGUG', '(((((....................)))))', 0.2, -0.00014939517818202307, -5.0291, 0.2776, 0.8, 0.1333]
	 >>> Resetting the solution to avoid local optima.
	 ->['GGGGGAAAAACCAAGGAAAAAAAAACCCCC', '(((((....................)))))', 0.2, -2.1693530809066878e-05, -7.2184, 0.2892, 1.0, 0.1333]
	 ->['GGGGGAAACGCCAAGGAGAACUAAGCCCCC', '(((((....................)))))', 0.2, -9.031692795155598e-06, -8.1584, 0.3568, 1.0, 0.1333]
	 >>> Resetting the solution to avoid local optima.
	 ->['CCCCCAAAAAGGAACCAAAAAAAAAGGGGG', '(((((....................)))))', 0.2, -6.417993594099236e-05, -7.5498, 0.2717, 1.0, 0.1333]
	 >>> Resetting the solution to avoid local optima.
	 ->['GGGGGAAAAACCAAGGAAAAAAAAACCCCC', '(((((....................)))))', 0.2, -2.1693530809066878e-05, -7.2184, 0.2892, 1.0, 0.1333]
	 ->['GGGGGACAUACCUAGGGAACAAAAGCCCCC', '(((((....................)))))', 0.2, -1.280210425516e-05, -8.2434, 0.3397, 1.0, 0.1333]
	 >>> Resetting the solution to avoid local optima.
	 ->['CCCCCAAAAAGGAACCAAAAAAAAAGGGGG', '(((((....................)))))', 0.2, -6.417993594099236e-05, -7.5498, 0.2717, 1.0, 0.1333]
	 ->['CUACCACAGAGGCACCCACACAUAAGGUAG', '(((((....................)))))', 0.2, -3.097657176495499e-06, -3.9179, 0.3109, 0.6, 0.1333]
	 >>> Resetting the solution to avoid local optima.
	 ->['GGGGGAAAAACCAAGGAAAAAAAAACCCCC', '(((((....................)))))', 0.2, -2.1693530809066878e-05, -7.2184, 0.2892, 1.0, 0.1333]
	 ->['GGGGGGAAAUCCAAGGAGACAUAAACCCCC', '(((((....................)))))', 0.2, -1.7176740381139273e-06, -9.1814, 0.3389, 1.0, 0.1333]
	 >>> Resetting the solution to avoid local optima.
	 ->['CCCCCAAAAAGGAACCAAAAAAAAAGGGGG', '(((((....................)))))', 0.2, -6.417993594099236e-05, -7.5498, 0.2717, 1.0, 0.1333]
	 >>> Resetting the solution to avoid local optima.
	 ->['CCCCCAAAAAGGAACCAAAAAAAAAGGGGG', '(((((....................)))))', 0.2, -6.417993594099236e-05, -7.5498, 0.2717, 1.0, 0.1333]
	 ->['CACCCGGGCAGGAUCCGAAGACAGAGGGUG', '(((((....................)))))', 0.2, -8.027766131886964e-05, -6.6119, 0.3314, 0.8, 0.1333]
	 >>> Resetting the solution to avoid local optima.
	 ->['GGGGGAAAAACCAAGGAAAAAAAAACCCCC', '(((((....................)))))', 0.2, -2.1693530809066878e-05, -7.2184, 0.2892, 1.0, 0.1333]
	 ->['GAUGGAGUAGCCACGGACCCGAAUCCCAUC', '(((((....................)))))', 0.2, -1.1863863789116828e-05, -4.4903, 0.3981, 0.6, 0.1333]
	 >>> Resetting the solution to avoid local optima.
	 ->['CCCCCAAAAAGGAACCAAAAAAAAAGGGGG', '(((((....................)))))', 0.2, -6.417993594099236e-05, -7.5498, 0.2717, 1.0, 0.1333]
	 ->['CGCCCAAAAAGGAACCGAGAAAUAAGGGUG', '(((((....................)))))', 0.2, -0.0001968272087582247, -4.9592, 0.279, 0.8, 0.1333]
	 ->['CGCCCAGAAAGGAAUCUAGAAAUAAGAGCG', '...((.....))..................', 0.1667, -0.002677248685878439, -1.7504, 0.3323, 1.0, 0.3333]
	 >>> Resetting the solution to avoid local optima.
	 ->['GGGGGAAAAACCAAGGAAAAAAAAACCCCC', '(((((....................)))))', 0.2, -2.1693530809066878e-05, -7.2184, 0.2892, 1.0, 0.1333]
	 >>> Resetting the solution to avoid local optima.
	 ->['CCCCCAAAAAGGAACCAAAAAAAAAGGGGG', '(((((....................)))))', 0.2, -6.417993594099236e-05, -7.5498, 0.2717, 1.0, 0.1333]
	 ->['UCUUCGGGUAGGUAUCAUUAAUUGGGAAGA', '(((((....................)))))', 0.2, -6.347910322826826e-08, -3.714, 0.456, 0.4, 0.1333]
	 >>> Resetting the solution to avoid local optima.
	 ->['GGGGGAAAAACCAAGGAAAAAAAAACCCCC', '(((((....................)))))', 0.2, -2.1693530809066878e-05, -7.2184, 0.2892, 1.0, 0.1333]
	 ->['GGGGGAAAAGCCAAGGAAAAAAAAACCCUC', '(((((....................)))))', 0.2, -1.6432382033687933e-05, -4.5895, 0.3436, 0.8, 0.1333]
	 >>> Resetting the solution to avoid local optima.
	 ->['CCCCCAAAAAGGAACCAAAAAAAAAGGGGG', '(((((....................)))))', 0.2, -6.417993594099236e-05, -7.5498, 0.2717, 1.0, 0.1333]
	 ->['CUACCAUGAGGGUGCCACGAAAUGAGGUAG', '(((((....................)))))', 0.2, -1.409387934674864e-06, -4.8033, 0.3838, 0.6, 0.1333]
	 >>> Resetting the solution to avoid local optima.
	 ->['CCCCCAAAAAGGAACCAAAAAAAAAGGGGG', '(((((....................)))))', 0.2, -6.417993594099236e-05, -7.5498, 0.2717, 1.0, 0.1333]
	 ->['UGAUCAGCAAGAGGUCCUUAACAUCGAUCA', '(((((....................)))))', 0.2, -7.109397900317681e-08, -3.3442, 0.4171, 0.4, 0.1333]
	 ->['UGAGCAGCCAGCGGUCUUGAUCAAUGAUCA', '...((.....))((((.........)))).', 0.1667, -2.4238510454450006e-06, -4.4691, 0.5806, 0.6667, 0.2]
	 >>> Resetting the solution to avoid local optima.
	 ->['GGGGGAAAAACCAAGGAAAAAAAAACCCCC', '(((((....................)))))', 0.2, -2.1693530809066878e-05, -7.2184, 0.2892, 1.0, 0.1333]
	 ->['AGGGGAGAAUCCAAGGAAAAAUAAACCCCU', '(((((....................)))))', 0.2, -2.1381635989126405e-05, -5.9273, 0.3134, 0.8, 0.1333]
	 >>> Resetting the solution to avoid local optima.
	 ->['GGGGGAAAAACCAAGGAAAAAAAAACCCCC', '(((((....................)))))', 0.2, -2.1693530809066878e-05, -7.2184, 0.2892, 1.0, 0.1333]
	 ->['UAUGGAGAUUCCCCGGAGACCUGUACCAUA', '(((((....................)))))', 0.2, -1.7212161097518921e-06, -3.1801, 0.4687, 0.4, 0.1333]
	 >>> Resetting the solution to avoid local optima.
	 ->['GGGGGAAAAACCAAGGAAAAAAAAACCCCC', '(((((....................)))))', 0.2, -2.1693530809066878e-05, -7.2184, 0.2892, 1.0, 0.1333]
	 >>> Resetting the solution to avoid local optima.
	 ->['CCCCCAAAAAGGAACCAAAAAAAAAGGGGG', '(((((....................)))))', 0.2, -6.417993594099236e-05, -7.5498, 0.2717, 1.0, 0.1333]
	 ->['GACCCGAUUAGGAUCCCACAAUAAAGGGUC', '(((((....................)))))', 0.2, -5.153676045654324e-06, -7.3042, 0.3759, 0.8, 0.1333]
	 >>> Resetting the solution to avoid local optima.
	 ->['CCCCCAAAAAGGAACCAAAAAAAAAGGGGG', '(((((....................)))))', 0.2, -6.417993594099236e-05, -7.5498, 0.2717, 1.0, 0.1333]
	 >>> Resetting the solution to avoid local optima.
	 ->['CCCCCAAAAAGGAACCAAAAAAAAAGGGGG', '(((((....................)))))', 0.2, -6.417993594099236e-05, -7.5498, 0.2717, 1.0, 0.1333]
	 ->['CUGCCAAAAAGGAUCUAACGCAUUCGGUAG', '(((((....................)))))', 0.2, -2.445441576334181e-08, -4.5019, 0.3876, 0.6, 0.1333]
	 >>> Resetting the solution to avoid local optima.
	 ->['CCCCCAAAAAGGAACCAAAAAAAAAGGGGG', '(((((....................)))))', 0.2, -6.417993594099236e-05, -7.5498, 0.2717, 1.0, 0.1333]
	 ->['CCUCCACCAGGGAGCCAAUACAACAGGGGG', '(((((....................)))))', 0.2, -4.1525202701554394e-05, -5.5182, 0.3476, 0.8, 0.1333]
	 >>> Resetting the solution to avoid local optima.
	 ->['CCCCCAAAAAGGAACCAAAAAAAAAGGGGG', '(((((....................)))))', 0.2, -6.417993594099236e-05, -7.5498, 0.2717, 1.0, 0.1333]
	 >>> Resetting the solution to avoid local optima.
	 ->['GGGGGAAAAACCAAGGAAAAAAAAACCCCC', '(((((....................)))))', 0.2, -2.1693530809066878e-05, -7.2184, 0.2892, 1.0, 0.1333]
	 ->['GGGGGGCGCACCGAGGUAAAGAACAUUCCC', '(((((....................)))))', 0.2, -2.0215360747371322e-05, -4.2619, 0.4298, 0.6, 0.1333]
	 >>> Resetting the solution to avoid local optima.
	 ->['GGGGGAAAAACCAAGGAAAAAAAAACCCCC', '(((((....................)))))', 0.2, -2.1693530809066878e-05, -7.2184, 0.2892, 1.0, 0.1333]
	 ->['GGGGGGAUAACCGAGGAGAAAAAUACCCCC', '(((((....................)))))', 0.2, -2.106143925094101e-05, -8.8366, 0.3251, 1.0, 0.1333]
	 >>> Resetting the solution to avoid local optima.
	 ->['GGGGGAAAAACCAAGGAAAAAAAAACCCCC', '(((((....................)))))', 0.2, -2.1693530809066878e-05, -7.2184, 0.2892, 1.0, 0.1333]
	 ->['GUGGGGUACACCAAGGCUGCGACGACCCAU', '(((((....................)))))', 0.2, -2.8506063403568694e-06, -6.2692, 0.4699, 0.6, 0.1333]
	 >>> Resetting the solution to avoid local optima.
	 ->['CCCCCAAAAAGGAACCAAAAAAAAAGGGGG', '(((((....................)))))', 0.2, -6.417993594099236e-05, -7.5498, 0.2717, 1.0, 0.1333]
	 ->['UGCCCAUGAAGGAGCCAAUAAUUGCGGGUA', '(((((....................)))))', 0.2, -7.157788468683866e-06, -5.1017, 0.3958, 0.6, 0.1333]
	 >>> Resetting the solution to avoid local optima.
	 ->['CCCCCAAAAAGGAACCAAAAAAAAAGGGGG', '(((((....................)))))', 0.2, -6.417993594099236e-05, -7.5498, 0.2717, 1.0, 0.1333]
	 ->['CCCCCAAAAAGGAACCAAAAAAAUAGGGGG', '(((((....................)))))', 0.2, -6.141195907000993e-05, -7.577, 0.2747, 1.0, 0.1333]
	 ->['CCCGCAAAAAGCAACCGGAAAAAUAGGGGG', '(((.(....................).)))', 0.1667, -0.15482364823152955, -4.2497, 0.3144, 1.0, 0.2]
	 ->['GCCGCAAAAAGCAACCGAAAACAUCGGGGC', '(((((.....))..((((.....)))))))', 0.0667, -0.0006609367746070113, -6.9126, 0.1791, 0.8889, 0.1333]
	 >>> Resetting the solution to avoid local optima.
	 ->['CCCCCAAAAAGGAACCAAAAAAAAAGGGGG', '(((((....................)))))', 0.2, -6.417993594099236e-05, -7.5498, 0.2717, 1.0, 0.1333]
	 ->['CCCUCAAAAAGGAACCAAAACAUAAGGGGG', '(((((....................)))))', 0.2, -5.751266109128055e-05, -4.8175, 0.3102, 0.8, 0.1333]
	 ->['CCCGCAAGAGGCAACCACAACAGAAGGGGG', '(((.(....................).)))', 0.1667, -0.03404161093058437, -4.2833, 0.3847, 1.0, 0.2]
	 ->['CCCGCAAGAGGCAAUCACAACAGUAGAGGG', '(((........................)))', 0.1333, -0.00886120475789016, -2.7128, 0.3287, 1.0, 0.2667]
	 >>> Resetting the solution to avoid local optima.
	 ->['GGGGGAAAAACCAAGGAAAAAAAAACCCCC', '(((((....................)))))', 0.2, -2.1693530809066878e-05, -7.2184, 0.2892, 1.0, 0.1333]
	 ->['GGGGGAAAAACCUAGGAAAAGAAAACCCCC', '(((((....................)))))', 0.2, -7.369010689842876e-06, -7.4838, 0.3166, 1.0, 0.1333]
	 >>> Resetting the solution to avoid local optima.
	 ->['CCCCCAAAAAGGAACCAAAAAAAAAGGGGG', '(((((....................)))))', 0.2, -6.417993594099236e-05, -7.5498, 0.2717, 1.0, 0.1333]
	 >>> Resetting the solution to avoid local optima.
	 ->['GGGGGAAAAACCAAGGAAAAAAAAACCCCC', '(((((....................)))))', 0.2, -2.1693530809066878e-05, -7.2184, 0.2892, 1.0, 0.1333]
	 ->['GGGGGAAAAACCAGGGAAAAAAAUACCCCC', '(((((....................)))))', 0.2, -1.918303716309763e-05, -7.2942, 0.2998, 1.0, 0.1333]
	 >>> Resetting the solution to avoid local optima.
	 ->['CCCCCAAAAAGGAACCAAAAAAAAAGGGGG', '(((((....................)))))', 0.2, -6.417993594099236e-05, -7.5498, 0.2717, 1.0, 0.1333]
	 ->['CCCCCAAAUAGGAACCAAAACAGAAGGGGG', '(((((....................)))))', 0.2, -4.583074787361788e-05, -7.7574, 0.2901, 1.0, 0.1333]
	 >>> Resetting the solution to avoid local optima.
	 ->['GGGGGAAAAACCAAGGAAAAAAAAACCCCC', '(((((....................)))))', 0.2, -2.1693530809066878e-05, -7.2184, 0.2892, 1.0, 0.1333]
	 ->['GGGGGAAAAACCAAGGAAAAAAAAACCCCC', '(((((....................)))))', 0.2, -2.1693530809066878e-05, -7.2184, 0.2892, 1.0, 0.1333]




RNA sequences found with GC-content <= 0.48:

RNA sequences found with GC-content > 0.48:
@@ GGCCCAAAAAGGAAGCAAAAAAAAAGCGCC 1.0
@@ CCCCCAAAAAGGAAGCAAAAAAAAAGCGGG 1.0
@@ CCCCCAAAAAGGAAGCAAAAAAAACGCGGG 1.0
@@ CCCCCAAAAAGGAAGCAAAAACAACGCGGG 1.0
@@ CCCCCAAAAAGGAAGCAACAACAACGCGGG 1.0
@@ CCCCCAAACAGGAAGCAACAACAACGCGGG 1.0
@@ CCCCCAGACAGGAAGCAACAACAACGCGGG 1.0
@@ CCCCCAGACAGGAAGCAACAACGACGCGGG 1.0
@@ CCCCCAGAGAGGAAGCAACAACGACGCGGG 1.0
@@ CCCCCAGAGAGGAAGCUACAACGACGCGGG 1.0
@@ CCCCCAGAGAGGAAGCUACGACGACGCGGG 1.0
@@ CCCCCAGAGAGGAUGCUACGACGACGCGGG 1.0
@@ CCCCCAAAUAGGAAGCAAAACAGAAGCGGG 1.0
@@ CCCCCAAAUAGGAUGCAAAACAGAAGCGGG 1.0
@@ CCCCCAAAUAGGAUGCAGAACAGAAGCGGG 1.0
@@ CCCCCAAAUAGGAUGCAGGACAGAAGCGGG 1.0
@@ CCCCCAAAUAGGAUGCACGACAGAAGCGGG 1.0
@@ CCCCCAUAUAGGAUGCACGACAGAAGCGGG 1.0
@@ CCCCCAUAGAGGAUGCACGACAGAAGCGGG 1.0
@@ CCCCCAUAGAGGAUGCACGACGGAAGCGGG 1.0
@@ CCCCCAUAGAGGAUGCACGACGGACGCGGG 1.0
@@ CCCCCAGAGAGGAUGCACGACGGACGCGGG 1.0


Elapsed time:                   86400.0133202076 secs.
Number of function evaluations: 74092258
----------------------------------------------------------------------


---------------------------------------
 FINISHED SUCCESSFULLY 
---------------------------------------
