
-----------------------------------------------------------------------
   _____ _____  ______ ______ _____             _____  _   _           
  / ____|  __ \|  ____|  ____|  __ \           |  __ \| \ | |   /\     
 | |  __| |__) | |__  | |__  | |  | |  ______  | |__) |  \| |  /  \    
 | | |_ |  _  /|  __| |  __| | |  | | |______| |  _  /| . ` | / /\ \   
 | |__| | | \ \| |____| |____| |__| |          | | \ \| |\  |/ ____ \  
  \_____|_|  \_\______|______|_____/           |_|  \_\_| \_/_/    \_\ 
       
                                       -- A. Rubio-Largo et al. 2023
-----------------------------------------------------------------------

------------------------------------------------------------------------------------------------------------------
CONFIGURATION: 

 * TARGET:           (((((.....))..((.........)))))
 * STOPPING:         86400 secs.
 * SEED:             10
 * NO. OF SOLUTIONS: 1
 * max. GC-cont.:    0.48
 * MODEL:            TURNER2004
 * MUTATION PROB:    0.01
 * STAGNATION LIMIT: 50
------------------------------------------------------------------------------------------------------------------


 (1) Let's minimize the base-pair distance between predicted and target structures
    -> Min(Base-pair distance), min(Hamming distance), max(probability over ensemble), min(partition function), min(ensemble defect), min(%GC-content)


	 ->['CCCCCAAAAAGGAACCAAAAAAAAAGGGGG', '(((((....................)))))', 0.2, -6.417993594099236e-05, -7.5498, 0.2717, 1.0, 0.1333]
	 ->['CCCCCAAAAAGGAACCAAAAAAAAAGGGGG', '(((((....................)))))', 0.2, -6.417993594099236e-05, -7.5498, 0.2717, 1.0, 0.1333]


    -> Found sequence! Elapsed time:                   0.01552581787109375 secs.


 (2) We found a sequence that folds exactly like the target structure. Let's minimize the GC-content
    -> ORDER: Min(Base-pair distance), min(Hamming distance), min(GC-content), min(partition function), min(ensemble defect), max(probability over ensemble))


	 >>> Resetting the solution to avoid local optima.
	 ->['GGGGGAAAAACCAAGGAAAAAAAAACCCCC', '(((((....................)))))', 0.2, -2.1693530809066878e-05, -7.2184, 0.2892, 1.0, 0.1333]
	 ->['UGUGGAUCGACCAAGGAGAGACUAGCCAUA', '(((((....................)))))', 0.2, -3.907682573282083e-06, -3.1748, 0.4003, 0.4, 0.1333]
	 >>> Resetting the solution to avoid local optima.
	 ->['GGGGGAAAAACCAAGGAAAAAAAAACCCCC', '(((((....................)))))', 0.2, -2.1693530809066878e-05, -7.2184, 0.2892, 1.0, 0.1333]
	 ->['UGGGGGAGAGCCAAAGUGAUUAUGACUCCA', '(((((....................)))))', 0.2, -9.957457974676257e-06, -5.0983, 0.438, 0.6, 0.1333]
	 >>> Resetting the solution to avoid local optima.
	 ->['CCCCCAAAAAGGAACCAAAAAAAAAGGGGG', '(((((....................)))))', 0.2, -6.417993594099236e-05, -7.5498, 0.2717, 1.0, 0.1333]
	 ->['CCCCCAAAAAGGAACCAAAAAAAAAGGGGG', '(((((....................)))))', 0.2, -6.417993594099236e-05, -7.5498, 0.2717, 1.0, 0.1333]
	 >>> Resetting the solution to avoid local optima.
	 ->['GGGGGAAAAACCAAGGAAAAAAAAACCCCC', '(((((....................)))))', 0.2, -2.1693530809066878e-05, -7.2184, 0.2892, 1.0, 0.1333]
	 ->['GGGGGGAGAGCCAAGGAAAGAAGAACUCCC', '(((((....................)))))', 0.2, -2.3583169050805666e-05, -6.2669, 0.4236, 0.8, 0.1333]
	 >>> Resetting the solution to avoid local optima.
	 ->['CCCCCAAAAAGGAACCAAAAAAAAAGGGGG', '(((((....................)))))', 0.2, -6.417993594099236e-05, -7.5498, 0.2717, 1.0, 0.1333]
	 ->['GAGCCAAACAGGUACCAAAAAAGGAGGUUC', '(((((....................)))))', 0.2, -3.931172610348786e-06, -3.8711, 0.3084, 0.6, 0.1333]
	 >>> Resetting the solution to avoid local optima.
	 ->['GGGGGAAAAACCAAGGAAAAAAAAACCCCC', '(((((....................)))))', 0.2, -2.1693530809066878e-05, -7.2184, 0.2892, 1.0, 0.1333]
	 ->['GGGGGAAAAACCAAGGGAUUCAUUACCUCC', '(((((....................)))))', 0.2, -3.7874793079535946e-05, -5.4749, 0.4197, 0.8, 0.1333]
	 >>> Resetting the solution to avoid local optima.
	 ->['CCCCCAAAAAGGAACCAAAAAAAAAGGGGG', '(((((....................)))))', 0.2, -6.417993594099236e-05, -7.5498, 0.2717, 1.0, 0.1333]
	 ->['CACCCGAAAAGGAACCAAGAAAAGAGGGUG', '(((((....................)))))', 0.2, -6.46057858669542e-05, -6.0458, 0.2693, 0.8, 0.1333]
	 >>> Resetting the solution to avoid local optima.
	 ->['GGGGGAAAAACCAAGGAAAAAAAAACCCCC', '(((((....................)))))', 0.2, -2.1693530809066878e-05, -7.2184, 0.2892, 1.0, 0.1333]
	 >>> Resetting the solution to avoid local optima.
	 ->['GGGGGAAAAACCAAGGAAAAAAAAACCCCC', '(((((....................)))))', 0.2, -2.1693530809066878e-05, -7.2184, 0.2892, 1.0, 0.1333]
	 ->['GGUGGAAAAACCAUGGGACAAUAAACCGCC', '(((((....................)))))', 0.2, -0.0004888757079695667, -5.2985, 0.3456, 0.8, 0.1333]
	 ->['GAUCCGUAGAGGAUGGGACGGUGAACCAUC', '.((((.....))))((.........))...', 0.1667, -1.8458151048069243e-05, -6.0179, 0.3575, 0.6667, 0.2]
	 >>> Resetting the solution to avoid local optima.
	 ->['GGGGGAAAAACCAAGGAAAAAAAAACCCCC', '(((((....................)))))', 0.2, -2.1693530809066878e-05, -7.2184, 0.2892, 1.0, 0.1333]
	 >>> Resetting the solution to avoid local optima.
	 ->['GGGGGAAAAACCAAGGAAAAAAAAACCCCC', '(((((....................)))))', 0.2, -2.1693530809066878e-05, -7.2184, 0.2892, 1.0, 0.1333]
	 ->['GGGGGAAAAACCAAGGAAGAAAAAACCCCC', '(((((....................)))))', 0.2, -1.5258249034052949e-05, -7.4352, 0.2946, 1.0, 0.1333]
	 >>> Resetting the solution to avoid local optima.
	 ->['GGGGGAAAAACCAAGGAAAAAAAAACCCCC', '(((((....................)))))', 0.2, -2.1693530809066878e-05, -7.2184, 0.2892, 1.0, 0.1333]
	 ->['UGGGGCUUAUUCCUGGGCAAAGAAACCCCA', '(((((....................)))))', 0.2, -4.56588118430578e-08, -7.4171, 0.464, 0.8, 0.1333]
	 >>> Resetting the solution to avoid local optima.
	 ->['GGGGGAAAAACCAAGGAAAAAAAAACCCCC', '(((((....................)))))', 0.2, -2.1693530809066878e-05, -7.2184, 0.2892, 1.0, 0.1333]
	 ->['GGGGGAGAAGCCAAGGUAAAGAAAACCCCC', '(((((....................)))))', 0.2, -1.8634654508990227e-05, -7.512, 0.3118, 1.0, 0.1333]
	 ->['GGGGGAGAAACCGACGUAACUAGCACGCCC', '(((.(....................).)))', 0.1667, -0.0014768740466146136, -3.9171, 0.3707, 1.0, 0.2]
	 ->['GGGGGAGAUUCCGACCUGACUUCAAGGCCC', '((((((...)))..(((.......))))))', 0.0667, -0.0004553702972325997, -5.8422, 0.3331, 0.7778, 0.1333]
	 >>> Resetting the solution to avoid local optima.
	 ->['CCCCCAAAAAGGAACCAAAAAAAAAGGGGG', '(((((....................)))))', 0.2, -6.417993594099236e-05, -7.5498, 0.2717, 1.0, 0.1333]
	 ->['CCCCCAAAAAGGAACCAAAAAAAAAGGGGG', '(((((....................)))))', 0.2, -6.417993594099236e-05, -7.5498, 0.2717, 1.0, 0.1333]
	 ->['UCCGCAGAUCGCAGCCAAAGUUACAGGGGA', '(((.(....................).)))', 0.1667, -0.019485721333750206, -3.1271, 0.3725, 0.75, 0.2]
	 >>> Resetting the solution to avoid local optima.
	 ->['CCCCCAAAAAGGAACCAAAAAAAAAGGGGG', '(((((....................)))))', 0.2, -6.417993594099236e-05, -7.5498, 0.2717, 1.0, 0.1333]
	 ->['GCUCCGUAAGGGAACCUCAUGAUUAGGAGU', '(((((....................)))))', 0.2, -1.3038286435784832e-06, -6.5513, 0.428, 0.6, 0.1333]
	 ->['GAUCCGUAAGGGAGCCUCAUGAUUAGGAUU', '..(((.....))).(((.......)))...', 0.1667, -9.376915756245278e-07, -4.7544, 0.4213, 0.6667, 0.2667]
	 >>> Resetting the solution to avoid local optima.
	 ->['CCCCCAAAAAGGAACCAAAAAAAAAGGGGG', '(((((....................)))))', 0.2, -6.417993594099236e-05, -7.5498, 0.2717, 1.0, 0.1333]
	 ->['GCUCCAAAACGGAACCGAGAAAUUAGGAGU', '(((((....................)))))', 0.2, -4.376020283104901e-05, -4.7859, 0.3511, 0.6, 0.1333]
	 >>> Resetting the solution to avoid local optima.
	 ->['CCCCCAAAAAGGAACCAAAAAAAAAGGGGG', '(((((....................)))))', 0.2, -6.417993594099236e-05, -7.5498, 0.2717, 1.0, 0.1333]
	 ->['CACCCAGCGCGGAUCCCACAAUACCGGGUG', '(((((....................)))))', 0.2, -3.3727872621540595e-06, -6.5655, 0.4235, 0.8, 0.1333]
	 >>> Resetting the solution to avoid local optima.
	 ->['CCCCCAAAAAGGAACCAAAAAAAAAGGGGG', '(((((....................)))))', 0.2, -6.417993594099236e-05, -7.5498, 0.2717, 1.0, 0.1333]
	 ->['CCACCAAUAAGGCACCCGAGGAAACGGUGG', '(((((....................)))))', 0.2, -2.5858931128169244e-06, -6.1292, 0.33, 0.8, 0.1333]
	 >>> Resetting the solution to avoid local optima.
	 ->['CCCCCAAAAAGGAACCAAAAAAAAAGGGGG', '(((((....................)))))', 0.2, -6.417993594099236e-05, -7.5498, 0.2717, 1.0, 0.1333]
	 ->['GCCUCAUUACGAAGCCAACAAAAUCGGGGU', '(((((....................)))))', 0.2, -0.00010889270668164267, -3.824, 0.3682, 0.6, 0.1333]
	 >>> Resetting the solution to avoid local optima.
	 ->['CCCCCAAAAAGGAACCAAAAAAAAAGGGGG', '(((((....................)))))', 0.2, -6.417993594099236e-05, -7.5498, 0.2717, 1.0, 0.1333]
	 ->['CCCCCAAAAAGGGCCCAGAAAAAAAGGGGG', '(((((....................)))))', 0.2, -3.819700444973531e-05, -7.7697, 0.2964, 1.0, 0.1333]
	 >>> Resetting the solution to avoid local optima.
	 ->['CCCCCAAAAAGGAACCAAAAAAAAAGGGGG', '(((((....................)))))', 0.2, -6.417993594099236e-05, -7.5498, 0.2717, 1.0, 0.1333]
	 >>> Resetting the solution to avoid local optima.
	 ->['CCCCCAAAAAGGAACCAAAAAAAAAGGGGG', '(((((....................)))))', 0.2, -6.417993594099236e-05, -7.5498, 0.2717, 1.0, 0.1333]
	 ->['GCCCUAGAGAAGAUCCGACCGGCCAGGGGU', '(((((....................)))))', 0.2, -1.8546832843655164e-05, -5.5149, 0.4495, 0.6, 0.1333]
	 >>> Resetting the solution to avoid local optima.
	 ->['CCCCCAAAAAGGAACCAAAAAAAAAGGGGG', '(((((....................)))))', 0.2, -6.417993594099236e-05, -7.5498, 0.2717, 1.0, 0.1333]
	 ->['UCACCGCCAAGGAACCGUAAAAAAAGGUGA', '(((((....................)))))', 0.2, -4.3783264678124616e-05, -4.9856, 0.2916, 0.6, 0.1333]
	 ->['UGACCGACCGGGAGCCGUUACAAUAGGUUA', '...((.....))((((.........)))).', 0.1667, -1.71956640413296e-06, -4.8807, 0.356, 0.6667, 0.2]
	 >>> Resetting the solution to avoid local optima.
	 ->['CCCCCAAAAAGGAACCAAAAAAAAAGGGGG', '(((((....................)))))', 0.2, -6.417993594099236e-05, -7.5498, 0.2717, 1.0, 0.1333]
	 ->['CACCCAAAAUGGAACCAAUUAAACGGGGUG', '(((((....................)))))', 0.2, -1.6317992818818358e-05, -5.9939, 0.359, 0.8, 0.1333]
	 >>> Resetting the solution to avoid local optima.
	 ->['CCCCCAAAAAGGAACCAAAAAAAAAGGGGG', '(((((....................)))))', 0.2, -6.417993594099236e-05, -7.5498, 0.2717, 1.0, 0.1333]
	 ->['CCCCCAAAAAGGAACCUAAAACAAAGGGGG', '(((((....................)))))', 0.2, -2.547429682510694e-05, -7.6193, 0.2775, 1.0, 0.1333]
	 ->['CCCGCAAAAAGUAACCUAAAACAAAGGGGG', '(((.(....................).)))', 0.1667, -0.0008965754550029771, -4.0247, 0.3685, 1.0, 0.2]
	 >>> Resetting the solution to avoid local optima.
	 ->['CCCCCAAAAAGGAACCAAAAAAAAAGGGGG', '(((((....................)))))', 0.2, -6.417993594099236e-05, -7.5498, 0.2717, 1.0, 0.1333]
	 ->['GUGCCGAUUAGGAGCCCAUGCAUUAGGUAU', '(((((....................)))))', 0.2, -6.388721823131383e-07, -4.3909, 0.4276, 0.4, 0.1333]
	 >>> Resetting the solution to avoid local optima.
	 ->['GGGGGAAAAACCAAGGAAAAAAAAACCCCC', '(((((....................)))))', 0.2, -2.1693530809066878e-05, -7.2184, 0.2892, 1.0, 0.1333]
	 ->['GGGGGACAAACCAAGGAAAAAAAAACCCCC', '(((((....................)))))', 0.2, -2.1587331697630712e-05, -7.2214, 0.2893, 1.0, 0.1333]
	 ->['GGGGGACCAACCAUCGUCGUAAGAACGCCC', '(((.(....................).)))', 0.1667, -0.00011622687461513757, -4.6838, 0.4636, 1.0, 0.2]
	 >>> Resetting the solution to avoid local optima.
	 ->['GGGGGAAAAACCAAGGAAAAAAAAACCCCC', '(((((....................)))))', 0.2, -2.1693530809066878e-05, -7.2184, 0.2892, 1.0, 0.1333]
	 ->['GGUGGAUAAACCCAGGAAAAUGUAACCACC', '(((((....................)))))', 0.2, -5.7588520171706635e-06, -5.6358, 0.4044, 0.8, 0.1333]
	 >>> Resetting the solution to avoid local optima.
	 ->['GGGGGAAAAACCAAGGAAAAAAAAACCCCC', '(((((....................)))))', 0.2, -2.1693530809066878e-05, -7.2184, 0.2892, 1.0, 0.1333]
	 ->['UGGAGAAAUACUGCGGCGUCGAUACUUCCA', '(((((....................)))))', 0.2, -3.329581598110114e-08, -3.0117, 0.4247, 0.4, 0.1333]
	 >>> Resetting the solution to avoid local optima.
	 ->['CCCCCAAAAAGGAACCAAAAAAAAAGGGGG', '(((((....................)))))', 0.2, -6.417993594099236e-05, -7.5498, 0.2717, 1.0, 0.1333]
	 ->['UUACCGAUGCGGAUCCUACAUGAGAGGUGA', '(((((....................)))))', 0.2, -8.231864703250988e-08, -4.1538, 0.3918, 0.4, 0.1333]
	 >>> Resetting the solution to avoid local optima.
	 ->['GGGGGAAAAACCAAGGAAAAAAAAACCCCC', '(((((....................)))))', 0.2, -2.1693530809066878e-05, -7.2184, 0.2892, 1.0, 0.1333]
	 ->['UGAGGACCAACCCAGGCAACCCCAACCUCA', '(((((....................)))))', 0.2, -3.69791731097763e-06, -4.3088, 0.35, 0.6, 0.1333]
	 >>> Resetting the solution to avoid local optima.
	 ->['CCCCCAAAAAGGAACCAAAAAAAAAGGGGG', '(((((....................)))))', 0.2, -6.417993594099236e-05, -7.5498, 0.2717, 1.0, 0.1333]
	 ->['UCCUCAUAAAGAAACUAUAAAGAAAGGGGA', '(((((....................)))))', 0.2, -6.54879516847039e-06, -3.4565, 0.2926, 0.6, 0.1333]
	 ->['UCCGCGUGGGGCAUCUUUAAAGAAAGGGGA', '(((.(....................).)))', 0.1667, -0.00022775005572532074, -4.3692, 0.491, 0.75, 0.2]
	 ->['UCCGCGUGGGGCAUGAUUACAGAGAUCGGA', '(((((.....))..((((.....)))))))', 0.0667, -0.00026132010338025574, -4.3845, 0.4197, 0.5556, 0.1333]
	 >>> Resetting the solution to avoid local optima.
	 ->['GGGGGAAAAACCAAGGAAAAAAAAACCCCC', '(((((....................)))))', 0.2, -2.1693530809066878e-05, -7.2184, 0.2892, 1.0, 0.1333]
	 >>> Resetting the solution to avoid local optima.
	 ->['CCCCCAAAAAGGAACCAAAAAAAAAGGGGG', '(((((....................)))))', 0.2, -6.417993594099236e-05, -7.5498, 0.2717, 1.0, 0.1333]
	 >>> Resetting the solution to avoid local optima.
	 ->['GGGGGAAAAACCAAGGAAAAAAAAACCCCC', '(((((....................)))))', 0.2, -2.1693530809066878e-05, -7.2184, 0.2892, 1.0, 0.1333]
	 ->['GGGGGAGAAUCCAAGGACCCAAAAGCCCCC', '(((((....................)))))', 0.2, -1.9311125178835757e-05, -7.8901, 0.3236, 1.0, 0.1333]
	 >>> Resetting the solution to avoid local optima.
	 ->['CCCCCAAAAAGGAACCAAAAAAAAAGGGGG', '(((((....................)))))', 0.2, -6.417993594099236e-05, -7.5498, 0.2717, 1.0, 0.1333]
	 >>> Resetting the solution to avoid local optima.
	 ->['CCCCCAAAAAGGAACCAAAAAAAAAGGGGG', '(((((....................)))))', 0.2, -6.417993594099236e-05, -7.5498, 0.2717, 1.0, 0.1333]
	 ->['CCCCCAAAAAGGACCCAAAAAAUAAGGGGG', '(((((....................)))))', 0.2, -5.291487761302631e-05, -7.5688, 0.2738, 1.0, 0.1333]
	 >>> Resetting the solution to avoid local optima.
	 ->['GGGGGAAAAACCAAGGAAAAAAAAACCCCC', '(((((....................)))))', 0.2, -2.1693530809066878e-05, -7.2184, 0.2892, 1.0, 0.1333]
	 ->['GAUAGGAUAACUACGGGAAAAGAUACUGUC', '(((((....................)))))', 0.2, -3.384232178936094e-06, -2.9634, 0.3251, 0.4, 0.1333]
	 >>> Resetting the solution to avoid local optima.
	 ->['CCCCCAAAAAGGAACCAAAAAAAAAGGGGG', '(((((....................)))))', 0.2, -6.417993594099236e-05, -7.5498, 0.2717, 1.0, 0.1333]
	 ->['UGAUCAAAAUGACCUCGUAGUAUUAGAUCA', '(((((....................)))))', 0.2, -3.0388431424056114e-07, -3.6489, 0.4899, 0.4, 0.1333]
	 ->['UGAUCAAAAUGACCGCGUUGUAUGAGCUCA', '..............((.........))...', 0.1667, -9.870515101528505e-05, -2.3846, 0.5584, 1.0, 0.3333]
	 ->['UGACCAAAAUGGCCGCGUUGAAUGAGCUCA', '...(((...)))..((.........))...', 0.1333, -0.0005984519345445524, -3.0738, 0.4272, 0.8, 0.2667]
	 >>> Resetting the solution to avoid local optima.
	 ->['GGGGGAAAAACCAAGGAAAAAAAAACCCCC', '(((((....................)))))', 0.2, -2.1693530809066878e-05, -7.2184, 0.2892, 1.0, 0.1333]
	 ->['GGGGGGAAAACCAAGGUGUUACGCACCCCC', '(((((....................)))))', 0.2, -3.0246867206159112e-06, -9.8326, 0.4024, 1.0, 0.1333]
	 ->['GGGAGGAAGACUGAGGUGUUAUGCACCCCC', '(((((.....))..(((((...))))))))', 0.1, -8.757393498672846e-06, -7.2774, 0.4677, 0.7, 0.2]
	 >>> Resetting the solution to avoid local optima.
	 ->['GGGGGAAAAACCAAGGAAAAAAAAACCCCC', '(((((....................)))))', 0.2, -2.1693530809066878e-05, -7.2184, 0.2892, 1.0, 0.1333]
	 ->['GUAGGAAAUAUCAUGGAACAAGACGCCUAC', '(((((....................)))))', 0.2, -1.0306786972793247e-07, -3.8153, 0.3544, 0.6, 0.1333]
	 ->['GUAGCGAGGAGCAUGGACGAAGACGCCUAU', '...((.....))..((.((....))))...', 0.1667, -1.141023597650427e-05, -4.0143, 0.3881, 1.0, 0.3333]
	 >>> Resetting the solution to avoid local optima.
	 ->['GGGGGAAAAACCAAGGAAAAAAAAACCCCC', '(((((....................)))))', 0.2, -2.1693530809066878e-05, -7.2184, 0.2892, 1.0, 0.1333]
	 ->['GAUGGGUCUUUCGGGGAACAAAAAACUAUC', '(((((....................)))))', 0.2, -2.3236110009270556e-08, -3.2334, 0.4678, 0.4, 0.1333]
	 >>> Resetting the solution to avoid local optima.
	 ->['GGGGGAAAAACCAAGGAAAAAAAAACCCCC', '(((((....................)))))', 0.2, -2.1693530809066878e-05, -7.2184, 0.2892, 1.0, 0.1333]
	 ->['GGGGGAAAAAUCAGGGAACAAAACACCCCC', '(((((....................)))))', 0.2, -1.1438966721992235e-07, -7.3511, 0.3003, 1.0, 0.1333]
	 >>> Resetting the solution to avoid local optima.
	 ->['CCCCCAAAAAGGAACCAAAAAAAAAGGGGG', '(((((....................)))))', 0.2, -6.417993594099236e-05, -7.5498, 0.2717, 1.0, 0.1333]
	 >>> Resetting the solution to avoid local optima.
	 ->['GGGGGAAAAACCAAGGAAAAAAAAACCCCC', '(((((....................)))))', 0.2, -2.1693530809066878e-05, -7.2184, 0.2892, 1.0, 0.1333]
	 ->['GGGGGACAAGCCAAGGUAAAUCGAACCCCC', '(((((....................)))))', 0.2, -1.2354401895028884e-05, -7.7653, 0.3662, 1.0, 0.1333]
	 ->['GGGGGACAAGCCAACGUAAAUCGAACGCCC', '(((.(....................).)))', 0.1667, -0.0019542585858013284, -3.7445, 0.3395, 1.0, 0.2]
	 ->['GGCGAUCAAUUCAACGGAAAAGUCACGGCC', '(((........................)))', 0.1333, -0.059844281066108236, -2.9356, 0.331, 1.0, 0.2667]
	 ->['GGCGAUCAAUUCAACGGAAAACUCACGGCC', '(((((.....))..((((....)).)))))', 0.0667, -0.08311948176008421, -2.7331, 0.2303, 0.7778, 0.1333]
	 >>> Resetting the solution to avoid local optima.
	 ->['CCCCCAAAAAGGAACCAAAAAAAAAGGGGG', '(((((....................)))))', 0.2, -6.417993594099236e-05, -7.5498, 0.2717, 1.0, 0.1333]
	 ->['UCUCCAAAGAGGAACCUAUAGAAGAGGAGA', '(((((....................)))))', 0.2, -6.2960680039523935e-06, -4.5808, 0.3128, 0.6, 0.1333]
	 >>> Resetting the solution to avoid local optima.
	 ->['CCCCCAAAAAGGAACCAAAAAAAAAGGGGG', '(((((....................)))))', 0.2, -6.417993594099236e-05, -7.5498, 0.2717, 1.0, 0.1333]
	 ->['CCCCCAAAAAGGAACCAAAUAAAAAGGGGG', '(((((....................)))))', 0.2, -6.079826963136974e-05, -7.5832, 0.274, 1.0, 0.1333]
	 ->['CUCGCGUAAAGCAACCAAUUAUAGAGGGAG', '(((.(....................).)))', 0.1667, -0.04857610530831771, -2.8641, 0.3779, 0.75, 0.2]
	 >>> Resetting the solution to avoid local optima.
	 ->['GGGGGAAAAACCAAGGAAAAAAAAACCCCC', '(((((....................)))))', 0.2, -2.1693530809066878e-05, -7.2184, 0.2892, 1.0, 0.1333]
	 ->['GUGGGAACGACUAAGGAAAAAAAAGCCCGC', '(((((....................)))))', 0.2, -6.704213441948662e-07, -4.8612, 0.2824, 0.8, 0.1333]
	 >>> Resetting the solution to avoid local optima.
	 ->['GGGGGAAAAACCAAGGAAAAAAAAACCCCC', '(((((....................)))))', 0.2, -2.1693530809066878e-05, -7.2184, 0.2892, 1.0, 0.1333]
	 >>> Resetting the solution to avoid local optima.
	 ->['GGGGGAAAAACCAAGGAAAAAAAAACCCCC', '(((((....................)))))', 0.2, -2.1693530809066878e-05, -7.2184, 0.2892, 1.0, 0.1333]
	 ->['GAUGGAAAUACCAAGGGAUCGAAGACCAUC', '(((((....................)))))', 0.2, -0.00022598245005400573, -3.474, 0.3009, 0.6, 0.1333]
	 ->['CAUCCAUGUUGGAGGGGACCGAGCACCGUG', '..((((...)))).((.........))...', 0.1667, -3.328934068939042e-05, -4.9544, 0.4906, 0.6667, 0.2667]
	 >>> Resetting the solution to avoid local optima.
	 ->['GGGGGAAAAACCAAGGAAAAAAAAACCCCC', '(((((....................)))))', 0.2, -2.1693530809066878e-05, -7.2184, 0.2892, 1.0, 0.1333]
	 ->['GUAGGGCAAACCAAGGAUGAGCGAACCUAC', '(((((....................)))))', 0.2, -1.0704515062380839e-05, -5.0537, 0.353, 0.6, 0.1333]
	 >>> Resetting the solution to avoid local optima.
	 ->['CCCCCAAAAAGGAACCAAAAAAAAAGGGGG', '(((((....................)))))', 0.2, -6.417993594099236e-05, -7.5498, 0.2717, 1.0, 0.1333]
	 ->['UCCUCUAUAAGAGACCACAUGUACUGGGGA', '(((((....................)))))', 0.2, -7.0709945115694745e-06, -5.1093, 0.451, 0.6, 0.1333]
	 >>> Resetting the solution to avoid local optima.
	 ->['GGGGGAAAAACCAAGGAAAAAAAAACCCCC', '(((((....................)))))', 0.2, -2.1693530809066878e-05, -7.2184, 0.2892, 1.0, 0.1333]
	 ->['GGGGGAGGAACCAAGGGACACAGAACCCCC', '(((((....................)))))', 0.2, -6.740378039264142e-05, -7.9196, 0.3485, 1.0, 0.1333]
	 >>> Resetting the solution to avoid local optima.
	 ->['GGGGGAAAAACCAAGGAAAAAAAAACCCCC', '(((((....................)))))', 0.2, -2.1693530809066878e-05, -7.2184, 0.2892, 1.0, 0.1333]
	 ->['GGGGGAAAUACCAAGGAGAAAAUCACCCCC', '(((((....................)))))', 0.2, -1.12886739457902e-05, -7.6209, 0.3572, 1.0, 0.1333]
	 >>> Resetting the solution to avoid local optima.
	 ->['CCCCCAAAAAGGAACCAAAAAAAAAGGGGG', '(((((....................)))))', 0.2, -6.417993594099236e-05, -7.5498, 0.2717, 1.0, 0.1333]
	 >>> Resetting the solution to avoid local optima.
	 ->['GGGGGAAAAACCAAGGAAAAAAAAACCCCC', '(((((....................)))))', 0.2, -2.1693530809066878e-05, -7.2184, 0.2892, 1.0, 0.1333]
	 ->['GGGGGGACAACCAUGGAAAAAAAGACCCCC', '(((((....................)))))', 0.2, -1.3783939520504723e-05, -8.6979, 0.3129, 1.0, 0.1333]
	 ->['GGGGGGACAACCAUCGUGAGACUGACGCCC', '(((.(....................).)))', 0.1667, -0.0002598206323896309, -5.588, 0.4744, 1.0, 0.2]
	 ->['GGGGGGACAACCAUUGUUAGAAUGACACCC', '(((((.....))..(((((...))))))))', 0.1, -0.00032702263054091424, -5.0463, 0.3973, 0.6, 0.2]
	 >>> Resetting the solution to avoid local optima.
	 ->['GGGGGAAAAACCAAGGAAAAAAAAACCCCC', '(((((....................)))))', 0.2, -2.1693530809066878e-05, -7.2184, 0.2892, 1.0, 0.1333]
	 ->['GAGGGAGGACCCCCGGAUUGCGAUGCCCUC', '(((((....................)))))', 0.2, -2.7592211609432896e-06, -6.6893, 0.4013, 0.8, 0.1333]
	 >>> Resetting the solution to avoid local optima.
	 ->['CCCCCAAAAAGGAACCAAAAAAAAAGGGGG', '(((((....................)))))', 0.2, -6.417993594099236e-05, -7.5498, 0.2717, 1.0, 0.1333]
	 >>> Resetting the solution to avoid local optima.
	 ->['GGGGGAAAAACCAAGGAAAAAAAAACCCCC', '(((((....................)))))', 0.2, -2.1693530809066878e-05, -7.2184, 0.2892, 1.0, 0.1333]
	 >>> Resetting the solution to avoid local optima.
	 ->['GGGGGAAAAACCAAGGAAAAAAAAACCCCC', '(((((....................)))))', 0.2, -2.1693530809066878e-05, -7.2184, 0.2892, 1.0, 0.1333]
	 >>> Resetting the solution to avoid local optima.
	 ->['CCCCCAAAAAGGAACCAAAAAAAAAGGGGG', '(((((....................)))))', 0.2, -6.417993594099236e-05, -7.5498, 0.2717, 1.0, 0.1333]
	 >>> Resetting the solution to avoid local optima.
	 ->['GGGGGAAAAACCAAGGAAAAAAAAACCCCC', '(((((....................)))))', 0.2, -2.1693530809066878e-05, -7.2184, 0.2892, 1.0, 0.1333]
	 ->['AGAGGAUCUACCAUAGAAUAAAAUACUUCU', '(((((....................)))))', 0.2, -1.1467109524280076e-05, -1.9113, 0.438, 0.4, 0.1333]
	 >>> Resetting the solution to avoid local optima.
	 ->['GGGGGAAAAACCAAGGAAAAAAAAACCCCC', '(((((....................)))))', 0.2, -2.1693530809066878e-05, -7.2184, 0.2892, 1.0, 0.1333]
	 ->['GGGGGGCGAUCCCGGGAAGCUAACACCCCC', '(((((....................)))))', 0.2, -2.923404264763737e-07, -9.8728, 0.4797, 1.0, 0.1333]
	 >>> Resetting the solution to avoid local optima.
	 ->['CCCCCAAAAAGGAACCAAAAAAAAAGGGGG', '(((((....................)))))', 0.2, -6.417993594099236e-05, -7.5498, 0.2717, 1.0, 0.1333]
	 ->['UCGCCAAAAAGGAACCUACACAUAAGGUGA', '(((((....................)))))', 0.2, -1.8906523853416894e-06, -4.3222, 0.309, 0.6, 0.1333]
	 >>> Resetting the solution to avoid local optima.
	 ->['CCCCCAAAAAGGAACCAAAAAAAAAGGGGG', '(((((....................)))))', 0.2, -6.417993594099236e-05, -7.5498, 0.2717, 1.0, 0.1333]
	 ->['CGUCCACCAAGGUGCCGGAUUAGAAGGAUG', '(((((....................)))))', 0.2, -5.396923262889895e-06, -4.1758, 0.4529, 0.6, 0.1333]
	 >>> Resetting the solution to avoid local optima.
	 ->['CCCCCAAAAAGGAACCAAAAAAAAAGGGGG', '(((((....................)))))', 0.2, -6.417993594099236e-05, -7.5498, 0.2717, 1.0, 0.1333]
	 ->['UAACCAUGCAGGAUCCGACACAAUAGGUUG', '(((((....................)))))', 0.2, -3.1873623659657238e-06, -2.8004, 0.4019, 0.4, 0.1333]
	 >>> Resetting the solution to avoid local optima.
	 ->['GGGGGAAAAACCAAGGAAAAAAAAACCCCC', '(((((....................)))))', 0.2, -2.1693530809066878e-05, -7.2184, 0.2892, 1.0, 0.1333]
	 >>> Resetting the solution to avoid local optima.
	 ->['CCCCCAAAAAGGAACCAAAAAAAAAGGGGG', '(((((....................)))))', 0.2, -6.417993594099236e-05, -7.5498, 0.2717, 1.0, 0.1333]
	 >>> Resetting the solution to avoid local optima.
	 ->['CCCCCAAAAAGGAACCAAAAAAAAAGGGGG', '(((((....................)))))', 0.2, -6.417993594099236e-05, -7.5498, 0.2717, 1.0, 0.1333]
	 >>> Resetting the solution to avoid local optima.
	 ->['GGGGGAAAAACCAAGGAAAAAAAAACCCCC', '(((((....................)))))', 0.2, -2.1693530809066878e-05, -7.2184, 0.2892, 1.0, 0.1333]
	 ->['GCUGGAAAAGCCUAGGAAAAAAGAACCAGC', '(((((....................)))))', 0.2, -4.648188711675479e-05, -4.9487, 0.287, 0.8, 0.1333]




RNA sequences found with GC-content <= 0.48:

RNA sequences found with GC-content > 0.48:
@@ CCCCCAAAAAGGAAGCAAAAAAAAAGCGGG 1.0
@@ CCCCCAAAAAGGAAGCAAAAAGAAAGCGGG 1.0
@@ CCCCCAAAAAGGAAGCAACAAGAAAGCGGG 1.0
@@ CCCCCAAAAAGGAAGCAACAGGAAAGCGGG 1.0
@@ CCCCCAAAAAGGAAGCAACAGGUAAGCGGG 1.0
@@ CCCCCAAAGAGGAAGCAACAGGUAAGCGGG 1.0
@@ CCCCCAUAGAGGAAGCAACAGGUAAGCGGG 1.0
@@ CCCCCAUAGAGGAAGCAACAGGUUAGCGGG 1.0
@@ CCCCCAUAAAGGAAGCAACAGGUUAGCGGG 1.0


Elapsed time:                   86400.01285457611 secs.
Number of function evaluations: 74426785
----------------------------------------------------------------------


---------------------------------------
 FINISHED SUCCESSFULLY 
---------------------------------------
