
-----------------------------------------------------------------------
   _____ _____  ______ ______ _____             _____  _   _           
  / ____|  __ \|  ____|  ____|  __ \           |  __ \| \ | |   /\     
 | |  __| |__) | |__  | |__  | |  | |  ______  | |__) |  \| |  /  \    
 | | |_ |  _  /|  __| |  __| | |  | | |______| |  _  /| . ` | / /\ \   
 | |__| | | \ \| |____| |____| |__| |          | | \ \| |\  |/ ____ \  
  \_____|_|  \_\______|______|_____/           |_|  \_\_| \_/_/    \_\ 
       
                                       -- A. Rubio-Largo et al. 2023
-----------------------------------------------------------------------

------------------------------------------------------------------------------------------------------------------
CONFIGURATION: 

 * TARGET:           .(((((((((((...)))))....)))))).
 * STOPPING:         86400 secs.
 * SEED:             1
 * NO. OF SOLUTIONS: 1
 * max. GC-cont.:    0.48
 * MODEL:            TURNER2004
 * MUTATION PROB:    0.01
 * STAGNATION LIMIT: 50
------------------------------------------------------------------------------------------------------------------


 (1) Let's minimize the base-pair distance between predicted and target structures
    -> Min(Base-pair distance), min(Hamming distance), max(probability over ensemble), min(partition function), min(ensemble defect), min(%GC-content)


	 ->['ACCCCCCCCCCCAAAGGGGGAAAAGGGGGGA', '.(((((((((((...)))))....)))))).', 0.0, -0.8371495711292307, -21.9096, 0.0828, 1.0, 0.0]


    -> Found sequence! Elapsed time:                   0.013063669204711914 secs.


 (2) We found a sequence that folds exactly like the target structure. Let's minimize the GC-content
    -> ORDER: Min(Base-pair distance), min(Hamming distance), min(GC-content), min(partition function), min(ensemble defect), max(probability over ensemble))


	 >>> Resetting the solution to avoid local optima.
	 ->['ACCCCCCCCCCCAAAGGGGGAAAAGGGGGGA', '.(((((((((((...)))))....)))))).', 0.0, -0.8371495711292307, -21.9096, 0.0828, 1.0, 0.0]
	 ->['ACCCCCGCCCCCAAAGGGGGAAAAUGGGGGA', '.(((((((((((...)))))....)))))).', 0.0, -0.8850272045517705, -19.4753, 0.0172, 0.9091, 0.0]
	 ->['AGCGCCGCCCCCAAAGGGGGAGAAUGGUGCA', '.(((((((((((...)))))....)))))).', 0.0, -0.831848792928923, -17.3135, 0.0401, 0.8182, 0.0]
	 ->['AGGGCCGCCCCCAAAGGGGGAGAAUGGUUCA', '.(((((((((((...)))))....)))))).', 0.0, -0.8142049481625517, -14.5267, 0.0421, 0.7273, 0.0]
	 ->['AGGGCCGCCCACAAAGUGGGAGAAUGGUUCA', '.(((((((((((...)))))....)))))).', 0.0, -0.8921615897395572, -12.1703, 0.0084, 0.6364, 0.0]
	 ->['AGGGGCGCCCACAAAGUGGGAGAUUGUUUCA', '.(((((((((((...)))))....)))))).', 0.0, -0.8266718889326821, -9.4173, 0.0338, 0.5455, 0.0]


    -> Finished!! Elaapsed time:                   0.07770919799804688 secs.




RNA sequences found with GC-content <= 0.48:
## AAGGGCGCCCACAAAGUGGGAGAUUGUUUUA 0.45454545454545453
## AAGGGCGCCCACAAGGUGGGAGAUUGUUUUA 0.45454545454545453

RNA sequences found with GC-content > 0.48:
@@ ACCCCCCCCCCCAAAGGGGGAAAAGGGGGGA 1.0
@@ AGCCCCCCCCCCAAAGGGGGAAAAGGGGGCA 1.0
@@ AGCCCCCGCCCCAAAGGGGCAAAAGGGGGCA 1.0
@@ ACCCCCGCCCCCAAAGGGGGAAAAUGGGGGA 0.9090909090909091
@@ ACCGCCGCCCCCAAAGGGGGAAAAUGGUGGA 0.8181818181818182
@@ AGCGCCGCCCCCAAAGGGGGAAAAUGGUGCA 0.8181818181818182
@@ AGCGCCGCCCCCAAAGGGGGAGAAUGGUGCA 0.8181818181818182
@@ AGGGCCGCCCCCAAAGGGGGAGAAUGGUUCA 0.7272727272727273
@@ AGGGCCGCCCACAAAGUGGGAGAAUGGUUCA 0.6363636363636364
@@ AGGGGCGCCCACAAAGUGGGAGAAUGUUUCA 0.5454545454545454
@@ AGGGGCGCCCACAAAGUGGGAGAUUGUUUCA 0.5454545454545454


Elapsed time:                   0.07803487777709961 secs.
Number of function evaluations: 59
----------------------------------------------------------------------


---------------------------------------
 FINISHED SUCCESSFULLY 
---------------------------------------
