
-----------------------------------------------------------------------
   _____ _____  ______ ______ _____             _____  _   _           
  / ____|  __ \|  ____|  ____|  __ \           |  __ \| \ | |   /\     
 | |  __| |__) | |__  | |__  | |  | |  ______  | |__) |  \| |  /  \    
 | | |_ |  _  /|  __| |  __| | |  | | |______| |  _  /| . ` | / /\ \   
 | |__| | | \ \| |____| |____| |__| |          | | \ \| |\  |/ ____ \  
  \_____|_|  \_\______|______|_____/           |_|  \_\_| \_/_/    \_\ 
       
                                       -- A. Rubio-Largo et al. 2023
-----------------------------------------------------------------------

------------------------------------------------------------------------------------------------------------------
CONFIGURATION: 

 * TARGET:           ..((((((((.....))))((((.....))))))))..
 * STOPPING:         86400 secs.
 * SEED:             7
 * NO. OF SOLUTIONS: 1
 * max. GC-cont.:    0.48
 * MODEL:            TURNER2004
 * MUTATION PROB:    0.01
 * STAGNATION LIMIT: 50
------------------------------------------------------------------------------------------------------------------


 (1) Let's minimize the base-pair distance between predicted and target structures
    -> Min(Base-pair distance), min(Hamming distance), max(probability over ensemble), min(partition function), min(ensemble defect), min(%GC-content)


	 ->['AAGGGGGGGGAAAAACCCCGGGGAAAAACCCCCCCCAA', '..((((((((.....((....)).....))))))))..', 0.3684, -0.07575312596905262, -21.1903, 0.3881, 1.0, 0.2105]
	 ->['AAGGGCGGGGAAAAACCCCGGGGAAAAACCCCGCCCAA', '..((((((((.....((....)).....))))))))..', 0.3684, -0.3604314491399147, -20.6289, 0.2574, 1.0, 0.2105]


    -> Found sequence! Elapsed time:                   0.018639802932739258 secs.


 (2) We found a sequence that folds exactly like the target structure. Let's minimize the GC-content
    -> ORDER: Min(Base-pair distance), min(Hamming distance), min(GC-content), min(partition function), min(ensemble defect), max(probability over ensemble))


	 >>> Resetting the solution to avoid local optima.
	 ->['AACCCCCCCCAAAAAGGGGCCCCAAAAAGGGGGGGGAA', '..((((((((.....((....)).....))))))))..', 0.3684, -0.029583572478067414, -21.0698, 0.4122, 1.0, 0.2105]
	 ->['AAGCCCCCCCAUAGAGGGGCCCCAAAACGGGGGGGUAA', '..((((((((.....((....)).....))))))))..', 0.3684, -0.02595588316589475, -19.7504, 0.4172, 0.9, 0.2105]
	 ->['AAGCCCGCCCAUAGAGGGUCCCCAACACGGGGGGGUAA', '..((((((((.....))))((((.....))))))))..', 0.0, -0.7759975714647604, -16.9563, 0.0505, 0.8333, 0.0]
	 ->['AAGCCCUCUCGCAGAGAGACCCCAAAACGGGGGGGUAA', '..((((((((.....))))((((.....))))))))..', 0.0, -0.5485251881762964, -15.3701, 0.1628, 0.75, 0.0]
	 ->['AAGCCCUCUCGCAGAGAGACCCGAACACUGGGGGGUAC', '..((((((((.....))))((((.....))))))))..', 0.0, -0.42123050322795236, -12.6329, 0.1565, 0.6667, 0.0]
	 ->['AAGCCCUCUCGCAGAGAGAUCCGAACACUGGAGGGUAC', '..((((((((.....))))((((.....))))))))..', 0.0, -0.16117086761476818, -11.125, 0.3345, 0.5833, 0.0]
	 >>> Resetting the solution to avoid local optima.
	 ->['AACCCCCCCCAAAAAGGGGCCCCAAAAAGGGGGGGGAA', '..((((((((.....((....)).....))))))))..', 0.3684, -0.029583572478067414, -21.0698, 0.4122, 1.0, 0.2105]
	 ->['UACUCCCCCCAAAAAGGGGCCCCAAAAAGGGGGGGGAA', '..((((((((.....((....)).....))))))))..', 0.3684, -0.02538040471575508, -18.1642, 0.4274, 0.9, 0.2105]
	 ->['UAGUCCCCCGAACUACGGGGCCCAAAAAGGGCGGGCAA', '..((((((((.....))))((((.....))))))))..', 0.0, -0.9368100877073082, -16.6402, 0.0054, 0.9167, 0.0]
	 ->['UAGUCGCCCGAACUACGGGGCCCAAAAAGGGCUGGCAA', '..((((((((.....))))((((.....))))))))..', 0.0, -0.38910935353576537, -13.6817, 0.075, 0.8333, 0.0]
	 ->['UAGUCUCCACAACUCGUGGGCCCAAAAAGGGCGGGCAA', '..((((((((.....))))((((.....))))))))..', 0.0, -0.7165892534691155, -13.6054, 0.0456, 0.75, 0.0]
	 ->['UAGUCUCCACAACUCGUGGGCUCAAAAAGAGCGGGCAA', '..((((((((.....))))((((.....))))))))..', 0.0, -0.7319316588806335, -11.4923, 0.0373, 0.6667, 0.0]
	 ->['UAGUCUCCACAACUCGUGGACGCAAAUAGUGUGGACAA', '..((((((((.....))))((((.....))))))))..', 0.0, -0.2429864327981847, -9.9719, 0.3546, 0.5833, 0.0]
	 ->['UAGUCUUCACAACUCGUGAACGCAAAUAGUGUGGACAA', '..((((((((.....))))((((.....))))))))..', 0.0, -0.24323354359799582, -7.9713, 0.2862, 0.5, 0.0]


    -> Finished!! Elaapsed time:                   0.28527331352233887 secs.




RNA sequences found with GC-content <= 0.48:
## UAGUCUUCAGAACUCUUGAACGCAAAUAGUGUGGACAA 0.41666666666666663

RNA sequences found with GC-content > 0.48:
@@ AAGGGCCGGGAAAAACCCGGGGGAAAAACCCCGCCCAA 1.0
@@ AAGGGCCGGCAAAAAGCCGGGGGAAAAACCCCGCCCAA 1.0
@@ AAGGCCCGGCAAAAAGCCGGGGGAAAAACCCCGGCCAA 1.0
@@ AAGGCCCGGCAAAAAGCCGGGGCAAAAAGCCCGGCCAA 1.0
@@ AAGCCCGCCCAUAGAGGGUCCCCAAAACGGGGGGGUAA 0.8333333333333334
@@ AAGCCCGCCCAUAGAGGGUCCCCAACACGGGGGGGUAA 0.8333333333333334
@@ AAGCCCGCUCAUAGAGAGUCCCCAACACGGGGGGGUAA 0.75
@@ AAGCCCGCUCAUAGAGAGUCCCCAAAACGGGGGGGUAA 0.75
@@ AAGCCCGCUCACAGAGAGUCCCCAAAACGGGGGGGUAA 0.75
@@ AAGCCCUCUCACAGAGAGACCCCAAAACGGGGGGGUAA 0.75
@@ AAGCCCUCUCGCAGAGAGACCCCAAAACGGGGGGGUAA 0.75
@@ AAGCCCUCUCGCAGAGAGACCCGAAAACUGGGGGGUAA 0.6666666666666666
@@ AAGCCCUCUCGCAGAGAGACCCGAAAACUGGGGGGUAC 0.6666666666666666
@@ AAGCCCUCUCGCAGAGAGACCCGAACACUGGGGGGUAC 0.6666666666666666
@@ AAGCCCUCUCGCAGAGAGAUCCGAACACUGGAGGGUAC 0.5833333333333334
@@ AAGCACUCUCGCAGAGAGAUCCGAACACUGGAGUGUAC 0.5
@@ AAGCACUCUCGCAGAGAGAUCCGAAGACUGGAGUGUAC 0.5
@@ AAGCACUCUCGCAGAGAGAUCCAAAGACUGGAGUGUAC 0.5
@@ AAGCACUCUCGCAGAGAGAUCCAAAGACUGGAGUGUAU 0.5
@@ AAGCACUCUCGCAGAGAGAUCCAAAGACUGGAGUGUCU 0.5
@@ AAGCACUCUCGCCGAGAGAUCCAAAGACUGGAGUGUCU 0.5
@@ UACUCCCCCGAAAAACGGGCCCCAAAAAGGGGGGGGAA 0.9166666666666667
@@ UACUCCCCCGAACAACGGGCCCCAAAAAGGGGGGGGAA 0.9166666666666667
@@ UAGUCCCCCGAACAACGGGCCCCAAAAAGGGGGGGCAA 0.9166666666666666
@@ UAGUCCCCCGAACUACGGGCCCCAAAAAGGGGGGGCAA 0.9166666666666666
@@ UAGUCCCCCGAACUACGGGGCCCAAAAAGGGCGGGCAA 0.9166666666666666
@@ UAGUCGCCCGAACUACGGGGCCCAAAAAGGGCUGGCAA 0.8333333333333334
@@ UAGUCGCCAGAACUACUGGGCCCAAAAAGGGCUGGCAA 0.75
@@ UAGUCUCCAGAACUACUGGGCCCAAAAAGGGCGGGCAA 0.75
@@ UAGUCUCCAGAACUCCUGGGCCCAAAAAGGGCGGGCAA 0.75
@@ UAGUCUCCACAACUCGUGGGCCCAAAAAGGGCGGGCAA 0.75
@@ UAGUCUCCACAACUCGUGGGCUCAAAAAGAGCGGGCAA 0.6666666666666666
@@ UAGUCUCCACAACUCGUGGACUCAAAAAGAGUGGGCAA 0.5833333333333334
@@ UAGUCUCCACAACUCGUGGACGCAAAAAGUGUGGGCAA 0.5833333333333334
@@ UAGUCUCCACAACUCGUGGACGCAAAAAGUGUGGACAA 0.5833333333333334
@@ UAGUCUCCACAACUCGUGGACGCAAAUAGUGUGGACAA 0.5833333333333334
@@ UAGUCUUCACAACUCGUGAACGCAAAUAGUGUGGACAA 0.5


Elapsed time:                   0.2863011360168457 secs.
Number of function evaluations: 183
----------------------------------------------------------------------


---------------------------------------
 FINISHED SUCCESSFULLY 
---------------------------------------
