
-----------------------------------------------------------------------
   _____ _____  ______ ______ _____             _____  _   _           
  / ____|  __ \|  ____|  ____|  __ \           |  __ \| \ | |   /\     
 | |  __| |__) | |__  | |__  | |  | |  ______  | |__) |  \| |  /  \    
 | | |_ |  _  /|  __| |  __| | |  | | |______| |  _  /| . ` | / /\ \   
 | |__| | | \ \| |____| |____| |__| |          | | \ \| |\  |/ ____ \  
  \_____|_|  \_\______|______|_____/           |_|  \_\_| \_/_/    \_\ 
       
                                       -- A. Rubio-Largo et al. 2023
-----------------------------------------------------------------------

------------------------------------------------------------------------------------------------------------------
CONFIGURATION: 

 * TARGET:           ....(((((((((.((....))).)).).)))))....
 * STOPPING:         86400 secs.
 * SEED:             5
 * NO. OF SOLUTIONS: 1
 * max. GC-cont.:    0.48
 * MODEL:            TURNER2004
 * MUTATION PROB:    0.01
 * STAGNATION LIMIT: 50
------------------------------------------------------------------------------------------------------------------


 (1) Let's minimize the base-pair distance between predicted and target structures
    -> Min(Base-pair distance), min(Hamming distance), max(probability over ensemble), min(partition function), min(ensemble defect), min(%GC-content)


	 ->['AAAAGGGGGGGGGAGGAAAACCCACCACACCCCCAAAA', '....((((((((..((....))..)).).)))))....', 0.0263, -0.030932640803725712, -16.9423, 0.1634, 1.0, 0.0526]
	 >>> Resetting the solution to avoid local optima.
	 ->['AAAAGGGGGGGGGAGGAAAACCCACCACACCCCCAAAA', '....((((((((..((....))..)).).)))))....', 0.0263, -0.030932640803725712, -16.9423, 0.1634, 1.0, 0.0526]
	 >>> Resetting the solution to avoid local optima.
	 ->['AAAAGGGGGGGGGAGGAAAACCCACCACACCCCCAAAA', '....((((((((..((....))..)).).)))))....', 0.0263, -0.030932640803725712, -16.9423, 0.1634, 1.0, 0.0526]
	 >>> Resetting the solution to avoid local optima.
	 ->['AAAACCCCCCCCCACCAAAAGGGAGGAGAGGGGGAAAA', '....((((((((..((....))..)).).)))))....', 0.0263, -0.03054735612866207, -16.95, 0.1807, 1.0, 0.0526]
	 >>> Resetting the solution to avoid local optima.
	 ->['AAAAGGGGGGGGGAGGAAAACCCACCACACCCCCAAAA', '....((((((((..((....))..)).).)))))....', 0.0263, -0.030932640803725712, -16.9423, 0.1634, 1.0, 0.0526]
	 >>> Resetting the solution to avoid local optima.
	 ->['AAAACCCCCCCCCACCAAAAGGGAGGAGAGGGGGAAAA', '....((((((((..((....))..)).).)))))....', 0.0263, -0.03054735612866207, -16.95, 0.1807, 1.0, 0.0526]
	 >>> Resetting the solution to avoid local optima.
	 ->['AAAACCCCCCCCCACCAAAAGGGAGGAGAGGGGGAAAA', '....((((((((..((....))..)).).)))))....', 0.0263, -0.03054735612866207, -16.95, 0.1807, 1.0, 0.0526]
	 >>> Resetting the solution to avoid local optima.
	 ->['AAAAGGGGGGGGGAGGAAAACCCACCACACCCCCAAAA', '....((((((((..((....))..)).).)))))....', 0.0263, -0.030932640803725712, -16.9423, 0.1634, 1.0, 0.0526]
	 >>> Resetting the solution to avoid local optima.
	 ->['AAAAGGGGGGGGGAGGAAAACCCACCACACCCCCAAAA', '....((((((((..((....))..)).).)))))....', 0.0263, -0.030932640803725712, -16.9423, 0.1634, 1.0, 0.0526]
	 >>> Resetting the solution to avoid local optima.
	 ->['AAAAGGGGGGGGGAGGAAAACCCACCACACCCCCAAAA', '....((((((((..((....))..)).).)))))....', 0.0263, -0.030932640803725712, -16.9423, 0.1634, 1.0, 0.0526]
	 >>> Resetting the solution to avoid local optima.
	 ->['AAAAGGGGGGGGGAGGAAAACCCACCACACCCCCAAAA', '....((((((((..((....))..)).).)))))....', 0.0263, -0.030932640803725712, -16.9423, 0.1634, 1.0, 0.0526]
	 >>> Resetting the solution to avoid local optima.
	 ->['AAAACCCCCCCCCACCAAAAGGGAGGAGAGGGGGAAAA', '....((((((((..((....))..)).).)))))....', 0.0263, -0.03054735612866207, -16.95, 0.1807, 1.0, 0.0526]
	 >>> Resetting the solution to avoid local optima.
	 ->['AAAACCCCCCCCCACCAAAAGGGAGGAGAGGGGGAAAA', '....((((((((..((....))..)).).)))))....', 0.0263, -0.03054735612866207, -16.95, 0.1807, 1.0, 0.0526]
	 >>> Resetting the solution to avoid local optima.
	 ->['AAAACCCCCCCCCACCAAAAGGGAGGAGAGGGGGAAAA', '....((((((((..((....))..)).).)))))....', 0.0263, -0.03054735612866207, -16.95, 0.1807, 1.0, 0.0526]
	 ->['AAAAGCGCCCUCCACGGAAACGGCGACGCGGCGCAAAA', '....((((((((..((....))..)).).)))))....', 0.0263, -0.2732855353206876, -13.2995, 0.0551, 0.9, 0.0526]


    -> Found sequence! Elapsed time:                   8.436522006988525 secs.


 (2) We found a sequence that folds exactly like the target structure. Let's minimize the GC-content
    -> ORDER: Min(Base-pair distance), min(Hamming distance), min(GC-content), min(partition function), min(ensemble defect), max(probability over ensemble))


	 ->['AAAAGCGCCCUCCAUGGAAACGGCGACGCGGCGCACAA', '....(((((((((.((....))).)).).)))))....', 0.0, -0.22095910345029998, -11.2305, 0.118, 0.8182, 0.0]
	 ->['AGAAGCGGCCUCCAUGGAAACGGCGACGCGUCGCACAA', '....(((((((((.((....))).)).).)))))....', 0.0, -0.16091762179204333, -8.7259, 0.2616, 0.7273, 0.0]
	 ->['AGAAGCUGCCUCCAUGGAAACGGCGACGAGUAGCACCA', '....(((((((((.((....))).)).).)))))....', 0.0, -0.12248795608286608, -8.0941, 0.2145, 0.6364, 0.0]
	 ->['GGACGAUGCCUCCAUGGACACGGCGACGAGUAUCUGCA', '....(((((((((.((....))).)).).)))))....', 0.0, -0.04126099363190241, -6.6647, 0.3803, 0.5455, 0.0]


    -> Finished!! Elaapsed time:                   8.873393535614014 secs.




RNA sequences found with GC-content <= 0.48:
## GGACGAUGACUCCAUGGACACGGCGACGAUUAUCUGCA 0.45454545454545453

RNA sequences found with GC-content > 0.48:
@@ AAAAGCGCCCUCCAUGGAAACGGCGACGCGGCGCAAAA 0.8181818181818181
@@ AAAAGCGCCCUCCAUGGAAACGGCGACGCGGCGCACAA 0.8181818181818181
@@ AAAAGCGGCCUCCAUGGAAACGGCGACGCGUCGCACAA 0.7272727272727273
@@ AGAAGCGGCCUCCAUGGAAACGGCGACGCGUCGCACAA 0.7272727272727273
@@ AGAAGCUGCCUCCAUGGAAACGGCGACGCGUAGCACAA 0.6363636363636364
@@ AGAAGCUGCCUCCAUGGAAACGGCGACGAGUAGCACAA 0.6363636363636364
@@ AGAAGCUGCCUCCAUGGAAACGGCGACGAGUAGCACCA 0.6363636363636364
@@ AGAAGAUGCCUCCAUGGAAACGGCGACGAGUAUCACCA 0.5454545454545454
@@ AGAAGAUGCCUCCAUGGAAACGGCGACGAGUAUCACCU 0.5454545454545454
@@ AGACGAUGCCUCCAUGGAAACGGCGACGAGUAUCACCU 0.5454545454545454
@@ AGACGAUGCCUCCAUGGACACGGCGACGAGUAUCACCU 0.5454545454545454
@@ AGACGAUGCCUCCAUGGACACGGCGACGAGUAUCAGCU 0.5454545454545454
@@ GGACGAUGCCUCCAUGGACACGGCGACGAGUAUCAGCU 0.5454545454545454
@@ GGACGAUGCCUCCAUGGACACGGCGACGAGUAUCUGCU 0.5454545454545454
@@ GGACGAUGCCUCCAUGGACACGGCGACGAGUAUCUGCA 0.5454545454545454


Elapsed time:                   8.87374210357666 secs.
Number of function evaluations: 8181
----------------------------------------------------------------------


---------------------------------------
 FINISHED SUCCESSFULLY 
---------------------------------------
