
-----------------------------------------------------------------------
   _____ _____  ______ ______ _____             _____  _   _           
  / ____|  __ \|  ____|  ____|  __ \           |  __ \| \ | |   /\     
 | |  __| |__) | |__  | |__  | |  | |  ______  | |__) |  \| |  /  \    
 | | |_ |  _  /|  __| |  __| | |  | | |______| |  _  /| . ` | / /\ \   
 | |__| | | \ \| |____| |____| |__| |          | | \ \| |\  |/ ____ \  
  \_____|_|  \_\______|______|_____/           |_|  \_\_| \_/_/    \_\ 
       
                                       -- A. Rubio-Largo et al. 2023
-----------------------------------------------------------------------

------------------------------------------------------------------------------------------------------------------
CONFIGURATION: 

 * TARGET:           ..((((((((.....)).))))))..
 * STOPPING:         86400 secs.
 * SEED:             1
 * NO. OF SOLUTIONS: 1
 * max. GC-cont.:    0.48
 * MODEL:            TURNER2004
 * MUTATION PROB:    0.01
 * STAGNATION LIMIT: 50
------------------------------------------------------------------------------------------------------------------


 (1) Let's minimize the base-pair distance between predicted and target structures
    -> Min(Base-pair distance), min(Hamming distance), max(probability over ensemble), min(partition function), min(ensemble defect), min(%GC-content)


	 ->['AACCCCCCCCAAAAAGGAGGGGGGAA', '..((((((((.....)).))))))..', 0.0, -0.9180954027784377, -16.2527, 0.0383, 1.0, 0.0]


    -> Found sequence! Elapsed time:                   0.013362407684326172 secs.


 (2) We found a sequence that folds exactly like the target structure. Let's minimize the GC-content
    -> ORDER: Min(Base-pair distance), min(Hamming distance), min(GC-content), min(partition function), min(ensemble defect), max(probability over ensemble))


	 >>> Resetting the solution to avoid local optima.
	 ->['AACCCCCCCCAAAAAGGAGGGGGGAA', '..((((((((.....)).))))))..', 0.0, -0.9180954027784377, -16.2527, 0.0383, 1.0, 0.0]
	 ->['AACCCCCCCCAAAAAGGAGGGGGGAA', '..((((((((.....)).))))))..', 0.0, -0.9180954027784377, -16.2527, 0.0383, 1.0, 0.0]
	 ->['AAGCCCCACCAAAAAGGAUGGGGCAU', '..((((((((.....)).))))))..', 0.0, -0.9616612623080955, -14.4241, 0.0038, 0.875, 0.0]
	 ->['AAGCCUCACCAAAAAGGAUGGGGCAU', '..((((((((.....)).))))))..', 0.0, -0.9600835759352608, -11.4251, 0.004, 0.75, 0.0]
	 ->['AAGCCUCAACAAAAAGUAUGGGGCAU', '..((((((((.....)).))))))..', 0.0, -0.8216892373717528, -9.121, 0.0244, 0.625, 0.0]
	 ->['GAGGCUCAACAUUAAGUAUGGGUCAU', '..((((((((.....)).))))))..', 0.0, -0.799090736756095, -6.4382, 0.0277, 0.5, 0.0]


    -> Finished!! Elaapsed time:                   0.05061483383178711 secs.




RNA sequences found with GC-content <= 0.48:
## GAGGAUCAACAUUAAGUAUGGUUCAU 0.375
## GAGGAUCAACAUUACGUAUGGUUCAU 0.375

RNA sequences found with GC-content > 0.48:
@@ AACCCCCCCCAAAAAGGAGGGGGGAA 1.0
@@ AAGCCCCCCCAAAAAGGAGGGGGCAA 1.0
@@ AAGGCCCCCCAAAAAGGAGGGGCCAA 1.0
@@ AACCCCCACCAAAAAGGAUGGGGGAA 0.875
@@ AAGCCCCACCAAAAAGGAUGGGGCAA 0.875
@@ AAGCCCCACCAAAAAGGAUGGGGCAU 0.875
@@ AAGCCUCACCAAAAAGGAUGGGGCAU 0.75
@@ AAGCCUCAACAAAAAGUAUGGGGCAU 0.625
@@ AAGGCUCAACAAAAAGUAUGGGUCAU 0.5
@@ AAGGCUCAACAAUAAGUAUGGGUCAU 0.5
@@ GAGGCUCAACAAUAAGUAUGGGUCAU 0.5
@@ GAGGCUCAACAUUAAGUAUGGGUCAU 0.5
@@ GAGGAUCACCAUUACGGAUGGUUCAU 0.5
@@ GAGGAUGACCAUUACGGAUCGUUCAU 0.5


Elapsed time:                   0.05092000961303711 secs.
Number of function evaluations: 40
----------------------------------------------------------------------


---------------------------------------
 FINISHED SUCCESSFULLY 
---------------------------------------
