
-----------------------------------------------------------------------
   _____ _____  ______ ______ _____             _____  _   _           
  / ____|  __ \|  ____|  ____|  __ \           |  __ \| \ | |   /\     
 | |  __| |__) | |__  | |__  | |  | |  ______  | |__) |  \| |  /  \    
 | | |_ |  _  /|  __| |  __| | |  | | |______| |  _  /| . ` | / /\ \   
 | |__| | | \ \| |____| |____| |__| |          | | \ \| |\  |/ ____ \  
  \_____|_|  \_\______|______|_____/           |_|  \_\_| \_/_/    \_\ 
       
                                       -- A. Rubio-Largo et al. 2023
-----------------------------------------------------------------------

------------------------------------------------------------------------------------------------------------------
CONFIGURATION: 

 * TARGET:           .((.((.((..((.(...).)).))..))....)).
 * STOPPING:         86400 secs.
 * SEED:             7
 * NO. OF SOLUTIONS: 1
 * max. GC-cont.:    0.48
 * MODEL:            TURNER2004
 * MUTATION PROB:    0.01
 * STAGNATION LIMIT: 50
------------------------------------------------------------------------------------------------------------------


 (1) Let's minimize the base-pair distance between predicted and target structures
    -> Min(Base-pair distance), min(Hamming distance), max(probability over ensemble), min(partition function), min(ensemble defect), min(%GC-content)


	 ->['AGGAGGAGGAAGGAGAAACACCACCAACCAAAACCA', '.((....((..((.(......).))..))....)).', 0.3333, -0.0007543586925342024, -4.0311, 0.4203, 1.0, 0.1111]
	 ->['AGCAGGAGGAAGGAGAAACACCACCAACCAAAAGCA', '.((....((..((.(......).))..))....)).', 0.3333, -0.0014087847051754308, -3.7462, 0.3661, 1.0, 0.1111]
	 >>> Resetting the solution to avoid local optima.
	 ->['AGGAGGAGGAAGGAGAAACACCACCAACCAAAACCA', '.((....((..((.(......).))..))....)).', 0.3333, -0.0007543586925342024, -4.0311, 0.4203, 1.0, 0.1111]
	 ->['AGGAGGAGGAAGGAGAAACACCACCAACCAAAACCA', '.((....((..((.(......).))..))....)).', 0.3333, -0.0007543586925342024, -4.0311, 0.4203, 1.0, 0.1111]
	 ->['AGGAGGAGGCCGGAGAAACACCACCAACCCAAACCA', '.((.(..((..((.......)).))..)))......', 0.2222, -0.00043812101593796127, -5.166, 0.356, 1.0, 0.1667]
	 ->['AGGAGGAGGGCCGAGAAACACGACCAACCAAAACCA', '....((..((.((.......)).))..)).......', 0.1944, -0.00016986555902838709, -5.45, 0.2735, 1.0, 0.2222]
	 ->['AGGAGGAGGCCCGCGAAACACGACCAACCAAAACCA', '....((..(..((.......))..)..)).......', 0.1667, -0.011438572810676246, -2.9554, 0.3591, 1.0, 0.2222]
	 ->['AGGAGCAGGCUCGCGAAACACGACCAAGCAAAACCA', '....((.((.(((.......)))))..)).......', 0.1111, -0.000556055766189576, -5.1191, 0.2305, 0.8571, 0.2222]
	 >>> Resetting the solution to avoid local optima.
	 ->['ACCACCACCAACCACAAAGAGGAGGAAGGAAAAGGA', '.((.((.((...........)).))..)).......', 0.4167, -0.0006013949554065783, -3.7708, 0.3925, 1.0, 0.1667]
	 ->['ACCACCACCAACCACAAAGAGGAGGAAGGAAAAGGA', '.((.((.((...........)).))..)).......', 0.4167, -0.0006013949554065783, -3.7708, 0.3925, 1.0, 0.1667]
	 ->['ACCAGCACCAACCACAAAGAGGAGGAAGCAAAAGGA', '....((..(..((.......))..)..)).......', 0.1667, -0.0016319416238072524, -3.2555, 0.2493, 1.0, 0.2222]
	 ->['ACCAGCACCAACCACAAAGAGGAGGAAGCAAAUGGA', '.(((((..(..((.......))..)..))...))).', 0.1389, -0.00020095787370066995, -4.5464, 0.2346, 0.875, 0.1667]
	 ->['ACCAGCACCGAGCACAAAGAGCAGGUAGCCAAUGGA', '.((((((((..((.......)).))).))...))).', 0.0833, -1.2777189384422371e-05, -7.9446, 0.1747, 0.8, 0.1667]
	 >>> Resetting the solution to avoid local optima.
	 ->['ACCACCACCAACCACAAAGAGGAGGAAGGAAAAGGA', '.((.((.((...........)).))..)).......', 0.4167, -0.0006013949554065783, -3.7708, 0.3925, 1.0, 0.1667]
	 ->['ACCACCACCAACCACAAAGAGGAGGAAGGAAAAGGA', '.((.((.((...........)).))..)).......', 0.4167, -0.0006013949554065783, -3.7708, 0.3925, 1.0, 0.1667]
	 ->['ACCACCAUCAACCACAAAGAGGAGAAAGGAAAAGGA', '....((.....((.......)).....)).......', 0.1389, -0.0013353608491834367, -1.8792, 0.3638, 1.0, 0.2778]
	 ->['ACCACCAUCAACCACAAAGAGGGGAAAGGAAAUGGA', '.(((((.....((.......)).....))...))).', 0.1111, -0.00014541781490968737, -4.6457, 0.3577, 0.8571, 0.2222]
	 >>> Resetting the solution to avoid local optima.
	 ->['AGGAGGAGGAAGGAGAAACACCACCAACCAAAACCA', '.((....((..((.(......).))..))....)).', 0.3333, -0.0007543586925342024, -4.0311, 0.4203, 1.0, 0.1111]
	 ->['AGGGGGAGGAAGGACAAGGACCACCAACCAAAACCA', '...((..((..((.......)).))..)).......', 0.1944, -0.00011862280178910583, -5.2713, 0.3654, 1.0, 0.2222]
	 ->['AGGGCGAGGAAGGACAAGGACCACCAACGAAAACCA', '....((..(..((.......))..)..)).......', 0.1667, -0.0018013745110925497, -2.6947, 0.367, 1.0, 0.2222]
	 ->['AGGGCGAGGAAGGACAAGGACCACCAACGAAACCCA', '.(((((..(..((.......))..)..))...))).', 0.1389, -2.8984170788290014e-05, -5.2398, 0.2389, 1.0, 0.1667]
	 ->['AGUGCGACCAUGGACAAAGACCGGGAACGAAACGCA', '.(((((.((.(((.......)))))..))...))).', 0.0833, -6.210971495893475e-05, -4.8701, 0.3111, 0.8, 0.1667]
	 >>> Resetting the solution to avoid local optima.
	 ->['AGGAGGAGGAAGGAGAAACACCACCAACCAAAACCA', '.((....((..((.(......).))..))....)).', 0.3333, -0.0007543586925342024, -4.0311, 0.4203, 1.0, 0.1111]
	 ->['AGGAGGAGGAAGGAGAAACACCACCAACCAAAACCA', '.((....((..((.(......).))..))....)).', 0.3333, -0.0007543586925342024, -4.0311, 0.4203, 1.0, 0.1111]
	 ->['AGGACGAGGAAGGAGAAACACCACCAACGAAAACCA', '....((..(..((.......))..)..)).......', 0.1667, -0.0032178585195378547, -2.2371, 0.3151, 1.0, 0.2222]
	 ->['AGGACGAGGACGGCGCAACACCACCAAUGAAAACCA', '.......((..((.......)).))...........', 0.1389, -0.008871353429682868, -2.1121, 0.3664, 1.0, 0.2778]
	 >>> Resetting the solution to avoid local optima.
	 ->['ACCACCACCAACCACAAAGAGGAGGAAGGAAAAGGA', '.((.((.((...........)).))..)).......', 0.4167, -0.0006013949554065783, -3.7708, 0.3925, 1.0, 0.1667]
	 ->['ACCACCACCAACCACAAAGAGGAGGAAGGAAAAGGA', '.((.((.((...........)).))..)).......', 0.4167, -0.0006013949554065783, -3.7708, 0.3925, 1.0, 0.1667]
	 ->['ACCAGCACCAACCACAAAGAGGAGGAAGUAAAAGGA', '....((..(..((.......))..)..)).......', 0.1667, -0.0008294670667700442, -2.0726, 0.3394, 0.8, 0.2222]
	 ->['ACCAGCACCAACCACAAAGAGGAGGAAGUUAAAGGA', '.(((((..(..((.......))..)..)))...)).', 0.1389, -0.00036983335411032133, -2.5704, 0.2854, 0.75, 0.1667]
	 ->['GCCAGCACAAACCACAAAGAGGAUGACGUUAAAGGA', '.(((((.....((.......)).....)))...)).', 0.1111, -0.00024015104010657645, -1.5366, 0.3382, 0.7143, 0.2222]
	 ->['GCCAGCACAUAGCACAAAGAGCAUGACGUUAAAGGA', '.(((((.(((.((.......)))))..)))...)).', 0.0833, -3.5888565769149445e-05, -2.8081, 0.2851, 0.6, 0.1667]
	 ->['ACCAGCAGAGAGCGCAAAGAGCAUCAGGUUAAAGGG', '.(((((.((..((.......)).))..)))...)).', 0.0556, -0.0021327630410612644, -4.1906, 0.2456, 0.6667, 0.1111]
	 >>> Resetting the solution to avoid local optima.
	 ->['ACCACCACCAACCACAAAGAGGAGGAAGGAAAAGGA', '.((.((.((...........)).))..)).......', 0.4167, -0.0006013949554065783, -3.7708, 0.3925, 1.0, 0.1667]
	 ->['ACCACCACCAACCACAAAGAGGAGGAAGGAAAAGGA', '.((.((.((...........)).))..)).......', 0.4167, -0.0006013949554065783, -3.7708, 0.3925, 1.0, 0.1667]
	 ->['ACCAUCACCAACCACAAAGAGGAGGAAGAAAAAGGA', '.((.((..(.........)..))))...........', 0.3889, -0.000530790727887925, -2.2478, 0.4081, 0.8, 0.2778]
	 ->['ACGAUCACCAACCACAAAGAGGAGGAAGAAAAACGA', '.......((..((.......)).))...........', 0.1389, -0.00022377366100845067, -1.8801, 0.3685, 1.0, 0.2778]
	 ->['ACGAUCACCAAACGCAAAGAGUAGGCUGAAAAACGA', '....(((((..((.......)).)).))).......', 0.1111, -3.5260430606810095e-05, -2.619, 0.2818, 0.5714, 0.2222]
	 ->['ACGAUCACCAAACGCAAAGAGUAGGCUGAAAAUCGA', '.((((((((..((.......)).)).)))...))).', 0.0833, -2.932518508527366e-06, -4.1517, 0.2817, 0.6, 0.1667]
	 >>> Resetting the solution to avoid local optima.
	 ->['AGGAGGAGGAAGGAGAAACACCACCAACCAAAACCA', '.((....((..((.(......).))..))....)).', 0.3333, -0.0007543586925342024, -4.0311, 0.4203, 1.0, 0.1111]
	 ->['AGGAGGAGGAAGGAGAAACACCACCAACCAAAACCA', '.((....((..((.(......).))..))....)).', 0.3333, -0.0007543586925342024, -4.0311, 0.4203, 1.0, 0.1111]
	 ->['AGGAGGACCAACGCGAAACACGAGGAACCCGAACCA', '.((.(..((..((.......)).))..)))......', 0.2222, -0.0026105989566855576, -3.866, 0.3209, 1.0, 0.1667]
	 ->['AGGAGGACCAACGCGAAACACGAGGAACCGGAACCA', '....((..(..((.......))..)..)).......', 0.1667, -0.01617461561817849, -2.7419, 0.3676, 1.0, 0.2222]
	 ->['AGGAGCACGAACGCGAAACACGACGAUGCGAAACCA', '....(((((..((.......)).)).))).......', 0.1111, -0.0007481415844023453, -4.0362, 0.2943, 0.8571, 0.2222]
	 ->['AGCUACUUCGACGCGACCCACGAGAAUGUAUAUGCA', '.((((((((..((.......)).))).)))...)).', 0.0833, -0.0007155540952477325, -3.4637, 0.2362, 0.6, 0.1667]
	 >>> Resetting the solution to avoid local optima.
	 ->['AGGAGGAGGAAGGAGAAACACCACCAACCAAAACCA', '.((....((..((.(......).))..))....)).', 0.3333, -0.0007543586925342024, -4.0311, 0.4203, 1.0, 0.1111]
	 ->['AGGAGGAGGAAGGAGAAACACCACCAACCAAAACCA', '.((....((..((.(......).))..))....)).', 0.3333, -0.0007543586925342024, -4.0311, 0.4203, 1.0, 0.1111]
	 ->['AGAAGCAGGAAGGAGAAACACCACCAAGCAAAAUCA', '....((..(..((.......))..)..)).......', 0.1667, -0.0006807045742609274, -2.7944, 0.2638, 1.0, 0.2222]
	 ->['CGAAGCAGAAAGGAGAAACACCAUCUAGCAAAAUCA', '....(((((..((.......)).))).)).......', 0.1111, -1.9659915354517657e-05, -3.579, 0.2691, 0.7143, 0.2222]
	 ->['CGGAGCAGCAAGGCGAAACACCAGCGAGCAAAACCA', '....((.((..((.......)).))..)).......', 0.0833, -0.06151054286792971, -4.4186, 0.2426, 1.0, 0.1667]
	 ->['AGGAUCAGCACGGCGAAACACCAGCGAGAUAAACCA', '.(((((.((..((.......)).))..)))...)).', 0.0556, -0.008408825615107552, -3.9451, 0.1935, 0.7778, 0.1111]
	 >>> Resetting the solution to avoid local optima.
	 ->['AGGAGGAGGAAGGAGAAACACCACCAACCAAAACCA', '.((....((..((.(......).))..))....)).', 0.3333, -0.0007543586925342024, -4.0311, 0.4203, 1.0, 0.1111]
	 ->['AGGAGGAGGAAGGCGAAACACCACCAACCAAAACCA', '.((....((..((.(......).))..))....)).', 0.3333, -0.002128513383440122, -4.6918, 0.4085, 1.0, 0.1111]
	 ->['AGGAGUAGGAAGGCGAAACACCACCAAACAAAACCA', '.((........((.(......).))........)).', 0.2778, -0.004659503965941914, -2.6089, 0.3878, 1.0, 0.2222]
	 ->['AGGAGUAGAGAGGCGAAACACCAUCAAACAAAACCA', '.........((((.......)).))...........', 0.25, -0.008035148187384763, -1.9731, 0.3515, 0.75, 0.3889]
	 ->['AGGAGUACCGCGGCGAAACACCAGGAGACAAAACCA', '....((.((..((.......)).))..)).......', 0.0833, -0.06355738559207745, -3.4985, 0.2425, 0.8333, 0.1667]
	 ->['AGCACUACCGCGGCGAAACACCAGGACAGAAAUGCA', '.(((((.((..((.......)).))..))...))).', 0.0556, -0.005782286955597002, -3.8759, 0.1803, 0.7778, 0.1111]
	 >>> Resetting the solution to avoid local optima.
	 ->['AGGAGGAGGAAGGAGAAACACCACCAACCAAAACCA', '.((....((..((.(......).))..))....)).', 0.3333, -0.0007543586925342024, -4.0311, 0.4203, 1.0, 0.1111]
	 ->['AGCAGGAGGAAGGAGAAACACCACCAACCAAAAGCA', '.((....((..((.(......).))..))....)).', 0.3333, -0.0014087847051754308, -3.7462, 0.3661, 1.0, 0.1111]
	 ->['AUCAGGAGGAAGGACAAAGACCACCAACCAAAAGAA', '....((..(..((.......))..)..)).......', 0.1667, -0.00017741608738394154, -2.9232, 0.3284, 1.0, 0.2222]
	 ->['CUCAGAAGCUAACCCAAAGAGUUGCGAUCCCACGAA', '....((.((.(((.......)))))..)).......', 0.1111, -0.00020577573068872017, -2.5318, 0.3399, 0.5714, 0.2222]
	 >>> Resetting the solution to avoid local optima.
	 ->['AGGAGGAGGAAGGAGAAACACCACCAACCAAAACCA', '.((....((..((.(......).))..))....)).', 0.3333, -0.0007543586925342024, -4.0311, 0.4203, 1.0, 0.1111]
	 ->['AGGAGGAGGAAGGAGAAACACCACCAACCAAAACCA', '.((....((..((.(......).))..))....)).', 0.3333, -0.0007543586925342024, -4.0311, 0.4203, 1.0, 0.1111]
	 ->['AGGAGGAUGAAGGAGAAACACCACAAACCAAAACCA', '....((.....((.......)).....)).......', 0.1389, -0.0014123158529837333, -1.9446, 0.3612, 1.0, 0.2778]
	 ->['AGGAGGAUGCCGGCGAAACACCACAGACCAAAACCA', '....((.((..((.......)).))..)).......', 0.0833, -0.0480873664998973, -2.9704, 0.2723, 0.8333, 0.1667]
	 ->['AGCAGGAUGCCGGCGAAACACCACAGACCUUAAGCA', '.(((((.((..((.......)).))..)))...)).', 0.0556, -0.0065811060515339, -4.2961, 0.1746, 0.7778, 0.1111]
	 >>> Resetting the solution to avoid local optima.
	 ->['AGGAGGAGGAAGGAGAAACACCACCAACCAAAACCA', '.((....((..((.(......).))..))....)).', 0.3333, -0.0007543586925342024, -4.0311, 0.4203, 1.0, 0.1111]
	 ->['AGGAGGAGGAAGGAGAAACACCACCGACCAAAACCA', '.((....((..((.(......).))..))....)).', 0.3333, -0.0008905082583679695, -5.2289, 0.4221, 1.0, 0.1111]
	 ->['AGGAGGAGGAAGGAGUAACACCACCGACCCAAACCA', '.((.(..((..((.......)).))..)))......', 0.2222, -0.0002870620530588783, -5.9266, 0.3794, 1.0, 0.1667]
	 ->['AGGAGCCGCCAGGACUAAGACCAGCGAGCCAAACCA', '....(((((..((.......)).))).)).......', 0.1111, -2.1678837661186998e-05, -6.9188, 0.245, 1.0, 0.2222]
	 ->['AGGAUCCGCCAGGACAAAGACCAGCGAGAUAAACCA', '.((((((((..((.......)).))).)))...)).', 0.0833, -1.993585635335992e-06, -6.6896, 0.2446, 0.8, 0.1667]
	 >>> Resetting the solution to avoid local optima.
	 ->['ACCACCACCAACCACAAAGAGGAGGAAGGAAAAGGA', '.((.((.((...........)).))..)).......', 0.4167, -0.0006013949554065783, -3.7708, 0.3925, 1.0, 0.1667]
	 ->['ACCACCACCAACCACAAAGAGGAGGAAGGAAAAGGA', '.((.((.((...........)).))..)).......', 0.4167, -0.0006013949554065783, -3.7708, 0.3925, 1.0, 0.1667]
	 ->['ACCACCACCAACCACAAAGGGGAGGAAGGAAAAGGA', '....((.((..((......))..))..)).......', 0.1944, -5.234495547238809e-05, -5.6755, 0.3936, 1.0, 0.2222]
	 ->['ACCACCACCAACGCCAAAGGCGAGGAAGGAAAAGGA', '....((..(..((((...))))..)..)).......', 0.1667, -4.6042994659492954e-07, -7.6928, 0.2375, 1.0, 0.2222]
	 ->['ACCACCAGCAACUCGGAACGAGAGCAAGGAAAAGGG', '....((.((..((((...)))).))..)).......', 0.0833, -1.4771254125076439e-05, -5.3552, 0.1855, 0.875, 0.1667]
	 ->['ACCUCCGGCGACACGGAACGUGAGCAAGGUUAAGGG', '.(((((.((..((((...)))).))..))...))).', 0.0556, -1.4224240518000953e-06, -9.2976, 0.1727, 0.8182, 0.1111]
	 >>> Resetting the solution to avoid local optima.
	 ->['AGGAGGAGGAAGGAGAAACACCACCAACCAAAACCA', '.((....((..((.(......).))..))....)).', 0.3333, -0.0007543586925342024, -4.0311, 0.4203, 1.0, 0.1111]
	 ->['AGGAGGAGGAAGGAGAAACACCACCAACCAAAACCA', '.((....((..((.(......).))..))....)).', 0.3333, -0.0007543586925342024, -4.0311, 0.4203, 1.0, 0.1111]
	 ->['AGGAGGAGGAAGGAGAAACACCAUCAACCAAAACCA', '....((..((.((.......)).))..)).......', 0.1944, -4.387351663641547e-06, -4.9034, 0.3286, 0.8333, 0.2222]
	 ->['AGGAGGGGCAAGUACAUAGAACGGCAACCAAAACCA', '....((.((..((.......)).))..)).......', 0.0833, -0.017945337298172357, -3.5779, 0.2195, 0.8333, 0.1667]
	 >>> Resetting the solution to avoid local optima.
	 ->['AGGAGGAGGAAGGAGAAACACCACCAACCAAAACCA', '.((....((..((.(......).))..))....)).', 0.3333, -0.0007543586925342024, -4.0311, 0.4203, 1.0, 0.1111]
	 ->['AGGAGGAGGAAGGAGAAACACCACCAACCAAAACCA', '.((....((..((.(......).))..))....)).', 0.3333, -0.0007543586925342024, -4.0311, 0.4203, 1.0, 0.1111]
	 ->['AGGAGGAGCAAGGAGAAACACCGGCGACCAAAACCA', '....((.((..((.......)).))..)).......', 0.0833, -0.012530524659356081, -5.0992, 0.2106, 1.0, 0.1667]
	 ->['AGCAGCAGCAAGGAGUAACGCCGGCGAGCAAAUGCA', '.(((((.((..((.......)).))..))...))).', 0.0556, -0.0049744846797040295, -6.9686, 0.1593, 0.8889, 0.1111]
	 >>> Resetting the solution to avoid local optima.
	 ->['AGGAGGAGGAAGGAGAAACACCACCAACCAAAACCA', '.((....((..((.(......).))..))....)).', 0.3333, -0.0007543586925342024, -4.0311, 0.4203, 1.0, 0.1111]
	 ->['AGGAGGAGGAAGGAGAAACACCACCAACCAAAACCA', '.((....((..((.(......).))..))....)).', 0.3333, -0.0007543586925342024, -4.0311, 0.4203, 1.0, 0.1111]
	 ->['AGGAGGAAGAAGGAGAAACACCACUAACCAAAACCA', '....((.....((.......)).....)).......', 0.1389, -0.0016569759477445085, -1.8462, 0.3612, 1.0, 0.2778]
	 ->['AGGAGGACGCAGGACAAAGACCACGAACCAAAACCA', '....((.((..((.......)).))..)).......', 0.0833, -0.007376732248185682, -2.2258, 0.2758, 1.0, 0.1667]
	 ->['AGCAAGACGCCGGCGAAUCACCACGAACUUAAAGCA', '.(((((.((..((.......)).))..)))...)).', 0.0556, -0.00635704100522005, -2.3175, 0.3192, 0.7778, 0.1111]
	 >>> Resetting the solution to avoid local optima.
	 ->['ACCACCACCAACCACAAAGAGGAGGAAGGAAAAGGA', '.((.((.((...........)).))..)).......', 0.4167, -0.0006013949554065783, -3.7708, 0.3925, 1.0, 0.1667]
	 ->['ACCACCACCAACCACAAAGAGGAGGAAGGAAAAGGA', '.((.((.((...........)).))..)).......', 0.4167, -0.0006013949554065783, -3.7708, 0.3925, 1.0, 0.1667]
	 ->['ACCACCACCAACCACAAAGAGGAGGGAGGAAAAGGA', '....((.((..((.......))..)).)).......', 0.1944, -0.0002102235104316956, -6.1186, 0.3211, 1.0, 0.2222]
	 ->['GGCACCAGCAACCACAAAGAGGGGCGAGGAAAAGCA', '....((.((..((.......)).))..)).......', 0.0833, -0.009213851166759105, -5.3887, 0.2431, 1.0, 0.1667]
	 >>> Resetting the solution to avoid local optima.
	 ->['AGGAGGAGGAAGGAGAAACACCACCAACCAAAACCA', '.((....((..((.(......).))..))....)).', 0.3333, -0.0007543586925342024, -4.0311, 0.4203, 1.0, 0.1111]
	 ->['AGGAGGAGGAAGGAGAAACACCACCAACCAAAACCA', '.((....((..((.(......).))..))....)).', 0.3333, -0.0007543586925342024, -4.0311, 0.4203, 1.0, 0.1111]
	 ->['AGCAGCAGGAGGGAGCAACACCACCAAGCAAAAGCA', '....((.((.((........)).))..)).......', 0.1944, -0.0005637183565604253, -6.0107, 0.3201, 1.0, 0.2222]
	 ->['AGCAGCAGGACGGAGAAACACCACCAAGCAAAAGCA', '....((..(..((.......))..)..)).......', 0.1667, -0.005479365679010637, -3.409, 0.2589, 1.0, 0.2222]
	 ->['AGCAGCAGUAUGGAGAAGCGCCAACGAGCAAAAGCA', '....((.((.(((.......)))))..)).......', 0.1111, -0.001586383818431068, -4.573, 0.244, 0.7143, 0.2222]
	 ->['AGCUGCAGUAUGGAGAAACGCCUACGAGCCAAAGCA', '.(((((.(((.((.......)))))..))...))).', 0.0833, -0.0002626087531106212, -6.4815, 0.2176, 0.7, 0.1667]
	 ->['AGCAGCAGUAUGGAGUAACGCCGACGAGCCAAAGCA', '.((.((.((.(((.......)))))..))....)).', 0.0556, -0.020017384419374194, -4.1105, 0.2271, 0.7778, 0.1111]
	 ->['AGCAGCAGUAAGGAGUAACGCCGACGAGCCAAAGCA', '.((.((.((..((.......)).))..))....)).', 0.0278, -0.05840633960222708, -3.4506, 0.2356, 0.875, 0.0556]


    -> Found sequence! Elapsed time:                   12.802794218063354 secs.


 (2) We found a sequence that folds exactly like the target structure. Let's minimize the GC-content
    -> ORDER: Min(Base-pair distance), min(Hamming distance), min(GC-content), min(partition function), min(ensemble defect), max(probability over ensemble))


	 ->['AGCAGCAGUAAGGGGUAACGCCGACGAGCCAAAGCA', '.((.((.((..((.(...).)).))..))....)).', 0.0, -0.09456050426433403, -5.2536, 0.2467, 0.8889, 0.0]
	 >>> Resetting the solution to avoid local optima.
	 ->['ACCACCACCAACCACAAAGAGGAGGAAGGAAAAGGA', '.((.((.((...........)).))..)).......', 0.4167, -0.0006013949554065783, -3.7708, 0.3925, 1.0, 0.1667]
	 ->['ACCACCACCAACCACAAAGAGGAGGAAGGACAAGGA', '.((.((.((...........)).))..)).......', 0.4167, -0.0006004466477545006, -3.7718, 0.3926, 1.0, 0.1667]
	 ->['ACCACCACCAUCCACAAAGAGGAGGAAGGACAAGGA', '.((....((.(((.(......).))).))....)).', 0.3611, -1.9235528640340048e-05, -6.0925, 0.4042, 0.875, 0.1667]
	 ->['GCCCCCACCCUUCGCUAAGUGAAGGCAGGACCAGGA', '....((..(((((((...)))))))..)).......', 0.2222, -9.393290287267361e-10, -11.4108, 0.3672, 0.6667, 0.2778]
	 ->['GCCUCCACCCUUCGCUAAGUGAAGGCAGGACCAGGA', '.(((((..(((((((...)))))))..)))...)).', 0.1944, -5.4011115015659324e-11, -13.171, 0.3297, 0.6667, 0.2222]
	 ->['GCCUCCACCGUUCGCUAAGUGAAGGCAGGACCAGGA', '.(((((..(.(((((...))))).)..)))...)).', 0.1667, -1.3173823374347786e-07, -9.464, 0.3487, 0.6364, 0.2222]
	 ->['GCCUCCGCCGUUCGCUAAGUGAAGGCAGGACCAGGA', '.((((((((.(((((...)))))))).)))...)).', 0.1111, -5.637766583881294e-09, -12.6063, 0.2469, 0.6923, 0.2222]
	 >>> Resetting the solution to avoid local optima.
	 ->['AGGAGGAGGAAGGAGAAACACCACCAACCAAAACCA', '.((....((..((.(......).))..))....)).', 0.3333, -0.0007543586925342024, -4.0311, 0.4203, 1.0, 0.1111]
	 ->['AGGAGGAGGAAGGAGAAACACCACCAACCAAAACCA', '.((....((..((.(......).))..))....)).', 0.3333, -0.0007543586925342024, -4.0311, 0.4203, 1.0, 0.1111]
	 ->['AGGAGGAUGAGGGAGGAGCACCACAAGCCAGUACCU', '....((.((.((........)).))..)).......', 0.1944, -6.36344109860007e-05, -4.7551, 0.4445, 0.8333, 0.2222]
	 ->['AGGUGGAUGAGGGAGGCGCUCCACAAGCCUGUACCU', '((((((.....((((...)))).....))...))))', 0.1389, -6.021348483218521e-08, -9.4466, 0.3998, 0.7, 0.2778]
	 ->['AGGUGGAUGAGGGAGGCGCUCCACAGGCCUGUACCU', '((((((.((..((((...)))).))..))...))))', 0.0833, -2.460489368861228e-07, -9.679, 0.4165, 0.6667, 0.1667]
	 >>> Resetting the solution to avoid local optima.
	 ->['AGGAGGAGGAAGGAGAAACACCACCAACCAAAACCA', '.((....((..((.(......).))..))....)).', 0.3333, -0.0007543586925342024, -4.0311, 0.4203, 1.0, 0.1111]
	 ->['AGGAGGAGGCAGGAGAGACACCACCAACCGAAACCA', '.((....((..((.(......).))..))....)).', 0.3333, -0.000345904826858446, -4.7117, 0.4096, 1.0, 0.1111]
	 ->['AGGCAUGUGCGGGAGGGACACCACAAAGUGAUACCU', '((((((.((.((........)).))..)))...)))', 0.1944, -1.42822254736688e-07, -6.3142, 0.4358, 0.6, 0.2222]
	 ->['AGGCAUGUGCGGGAGGGACACCACAAAGUGAUACCA', '.(((((.((.((........)).))..)))...)).', 0.1667, -4.565128829170717e-07, -6.0981, 0.4208, 0.6667, 0.1667]
	 ->['AGGCAUGAGCGGGAGUGGCUCCACUAAGUGAGACCA', '.(((((.....((((...)))).....)))...)).', 0.1111, -8.436050399969325e-08, -7.5387, 0.4909, 0.6667, 0.2222]
	 >>> Resetting the solution to avoid local optima.
	 ->['AGGAGGAGGAAGGAGAAACACCACCAACCAAAACCA', '.((....((..((.(......).))..))....)).', 0.3333, -0.0007543586925342024, -4.0311, 0.4203, 1.0, 0.1111]
	 ->['AGGAGGAGGAAAGUGAAGCGCUCCCAACCCGGGCCU', '.((.(..((..((((...)))).))..)))......', 0.2222, -5.956487187597273e-07, -6.6341, 0.47, 0.7778, 0.1667]
	 ->['AGGAGGAGGAAAGUGAAGCGCUCCCAACCCGGUCCU', '((((((..(..((((...))))..)..))...))))', 0.1667, -1.3715854770978922e-07, -7.5392, 0.379, 0.6364, 0.2222]
	 ->['AGGAGGAGCAAAGUGAAGCGCUCGCUACCCGGUCCU', '(((((((((..((((...)))).))).))...))))', 0.1111, -1.0369992646887203e-08, -9.4307, 0.4259, 0.6154, 0.2222]
	 >>> Resetting the solution to avoid local optima.
	 ->['AGGAGGAGGAAGGAGAAACACCACCAACCAAAACCA', '.((....((..((.(......).))..))....)).', 0.3333, -0.0007543586925342024, -4.0311, 0.4203, 1.0, 0.1111]
	 ->['AGGAGGAGGCAGGAGAAACACCACCAACCAAAACCA', '.((....((..((.(......).))..))....)).', 0.3333, -0.0008588039959593911, -4.1512, 0.4199, 1.0, 0.1111]
	 ->['AGGAGGAUGCAGGAGAAACACCACAAACCAAAACCA', '....((.....((.......)).....)).......', 0.1389, -0.001796238577304472, -1.9964, 0.356, 1.0, 0.2778]
	 ->['UGGAGGAUGCUGGCGAAACACCACAGACCAAAACCA', '....((.((.(((.......)))))..)).......', 0.1111, -0.0004132047801100824, -5.3021, 0.2902, 0.7143, 0.2222]
	 ->['UGGAGAAUGCCGGCGAGUCACCACAGAUCAAUUCCA', '((((((.((..((.......)).))..))...))))', 0.0833, -0.0006994063761176533, -3.9777, 0.3667, 0.6, 0.1667]
	 >>> Resetting the solution to avoid local optima.
	 ->['ACCACCACCAACCACAAAGAGGAGGAAGGAAAAGGA', '.((.((.((...........)).))..)).......', 0.4167, -0.0006013949554065783, -3.7708, 0.3925, 1.0, 0.1667]
	 ->['ACCGCCACCGACCACAAAGAGGAGGAAGGAAAAGGA', '.((....((..((.(......).))..))....)).', 0.3333, -0.00018714668145254867, -5.7903, 0.3963, 1.0, 0.1111]
	 ->['ACCGCCACCGUCCACAAAGAGGAGGAAGGAAAAGGA', '....((..(.(((.......))).)..)).......', 0.1944, -2.418804707787153e-05, -7.1513, 0.3879, 0.8333, 0.2778]
	 ->['ACCGCCAGCGUCCACAAAGAGGAGUAAGGAAAAGGA', '....((....(((.......)))....)).......', 0.1667, -0.00014202667555711073, -4.7603, 0.3266, 0.8, 0.3333]
	 ->['UGCGUCAGCGUCAUCUUGGAUGAGUAGGAACUUGCA', '((((((.((.(((((...)))))))..))...))))', 0.1111, -2.0376066241235058e-07, -7.2952, 0.3273, 0.4615, 0.2222]
	 >>> Resetting the solution to avoid local optima.
	 ->['ACCACCACCAACCACAAAGAGGAGGAAGGAAAAGGA', '.((.((.((...........)).))..)).......', 0.4167, -0.0006013949554065783, -3.7708, 0.3925, 1.0, 0.1667]
	 ->['ACCACCAUCAACCGCCAAGAGGAGGAAGGAUAAGGA', '....((.((..((.......))..)).)).......', 0.1944, -1.4045442948582843e-06, -6.2054, 0.4415, 0.8333, 0.2222]
	 ->['ACCGCCAGCAGACGCCACGAGUAGCAAGGACAAGGA', '....((.((..((.......)).))..)).......', 0.0833, -0.0036898209199882257, -3.4527, 0.2529, 0.8333, 0.1667]
	 >>> Resetting the solution to avoid local optima.
	 ->['ACCACCACCAACCACAAAGAGGAGGAAGGAAAAGGA', '.((.((.((...........)).))..)).......', 0.4167, -0.0006013949554065783, -3.7708, 0.3925, 1.0, 0.1667]
	 ->['ACCACCACCAACCACAAAGAGGAGGAAGGAAAAGGA', '.((.((.((...........)).))..)).......', 0.4167, -0.0006013949554065783, -3.7708, 0.3925, 1.0, 0.1667]
	 ->['ACCACCACCAGCCACAAAGAGGAGGAAGGAAAAGGG', '.((....((..((.(......).))..))....)).', 0.3333, -0.0004288926728218711, -4.8791, 0.396, 1.0, 0.1111]
	 ->['ACCACCAGCAGCCACAAAGAGGAGUAAGGAAAAGGG', '....((.....((.......)).....)).......', 0.1389, -0.0020042397599598235, -2.6289, 0.3411, 1.0, 0.2778]
	 ->['UGCGUCAGCAGCCACGAUGUGGAGUCGGAUAUAGCG', '.(((((.....((((...)))).....)))...)).', 0.1111, -8.310405704563171e-07, -7.3289, 0.3586, 0.6667, 0.2222]
	 >>> Resetting the solution to avoid local optima.
	 ->['AGGAGGAGGAAGGAGAAACACCACCAACCAAAACCA', '.((....((..((.(......).))..))....)).', 0.3333, -0.0007543586925342024, -4.0311, 0.4203, 1.0, 0.1111]
	 ->['AGGAGGAGGAAGGAGAAACACCACCAACCAAAACCA', '.((....((..((.(......).))..))....)).', 0.3333, -0.0007543586925342024, -4.0311, 0.4203, 1.0, 0.1111]
	 ->['AGGAGGAGACGGGAGACACGCCAUCGACCAUUACCA', '....((.((.((........)).))..)).......', 0.1944, -0.000779946625071659, -6.0106, 0.4634, 0.8333, 0.2222]
	 ->['AGGAGGACAAGAGAACCAUUCUAUGGACCAUUUCCU', '((((((.((..((((...)))).))..))...))))', 0.0833, -3.431008758957545e-07, -6.3741, 0.3473, 0.5, 0.1667]
	 >>> Resetting the solution to avoid local optima.
	 ->['ACCACCACCAACCACAAAGAGGAGGAAGGAAAAGGA', '.((.((.((...........)).))..)).......', 0.4167, -0.0006013949554065783, -3.7708, 0.3925, 1.0, 0.1667]
	 ->['ACCACCACCAACCACAAAGAGGAGGAAGGAAAAGGA', '.((.((.((...........)).))..)).......', 0.4167, -0.0006013949554065783, -3.7708, 0.3925, 1.0, 0.1667]
	 ->['ACCACCACCAACCACAAAGAGGAGGAAGGGAAAGGA', '.((....((..((.(......).))..))....)).', 0.3333, -0.00012805037728272356, -4.7241, 0.3879, 1.0, 0.1111]
	 ->['ACCACCACCAACCAGAGACAGGAGGAAGGGAAAGGA', '.((....((..((..........))..))....)).', 0.3056, -0.00021964877635632804, -4.3916, 0.3713, 1.0, 0.1667]
	 ->['ACCACCGCCAACGAGAGACACGAGGAAGGGAAAGGA', '....((..(..((.......))..)..)).......', 0.1667, -0.001024800294858694, -3.3423, 0.3316, 1.0, 0.2222]
	 ->['ACCACCGCAAAUGUGAGACACAAUGAAGGGAACGGA', '....((.....((((...)))).....)).......', 0.1389, -2.1206266245674436e-06, -4.8515, 0.3136, 0.6667, 0.2778]
	 ->['ACCACCGCAAAUGUGAGACACAAUGAUGGGAACGGA', '....(((((..((((...)))).)).))).......', 0.1111, -3.0832717942175046e-07, -5.4399, 0.3149, 0.5556, 0.2222]
	 ->['ACCUCCGCAAAUGUGAGACACAAUGAUGGGAACGGA', '.((((((((..((((...)))).)).))))...)).', 0.0833, -5.540278824098515e-08, -6.4979, 0.3611, 0.5833, 0.1667]
	 >>> Resetting the solution to avoid local optima.
	 ->['AGGAGGAGGAAGGAGAAACACCACCAACCAAAACCA', '.((....((..((.(......).))..))....)).', 0.3333, -0.0007543586925342024, -4.0311, 0.4203, 1.0, 0.1111]
	 ->['AGGAGGAGGAAGGAGAAACACCACCAACCAAAGCCA', '.((....((..((.(......).))..))....)).', 0.3333, -0.00042966459267675, -4.378, 0.4062, 1.0, 0.1111]
	 ->['AGGAGGAGGGAGUUGAAGCAGCACCAACCCAGGCCA', '.((.(..((..((((...)))).))..)))......', 0.2222, -4.556329238238385e-06, -7.7801, 0.3408, 0.7778, 0.1667]
	 ->['AGGUGGAAGGAGUUGACGCAGCACUAACCCAGGCCA', '.(((((..((.((((...)))).))..))...))).', 0.1667, -1.304199709003222e-06, -6.8511, 0.3369, 0.6364, 0.1667]
	 ->['AGGUGGAAGCAGUUGACGCAGCACUAACCCAGGCCA', '.(((((.....((((...)))).....))...))).', 0.1111, -1.028842307583691e-06, -5.4973, 0.4016, 0.6667, 0.2222]
	 >>> Resetting the solution to avoid local optima.
	 ->['ACCACCACCAACCACAAAGAGGAGGAAGGAAAAGGA', '.((.((.((...........)).))..)).......', 0.4167, -0.0006013949554065783, -3.7708, 0.3925, 1.0, 0.1667]
	 ->['ACCACCACCAACCACAAAGCGGAGGAAGGCAAAGGA', '.((.((.((...........)).))..)).......', 0.4167, -0.004164153499066913, -3.8782, 0.391, 1.0, 0.1667]
	 ->['ACCACCACCACCCACAAAGCGGAGGAAGGCAAAGGA', '....((.((.((........)).))..)).......', 0.1944, -0.0014830884696572873, -4.7145, 0.3607, 1.0, 0.2222]
	 ->['ACCACCACCACCCGCAAAGCGGAGGAAGGCUAAGGA', '....((..(..((((...))))..)..)).......', 0.1667, -6.438238934346498e-07, -8.5862, 0.2534, 1.0, 0.2222]
	 ->['ACCGCCACCACCGGUCUGGCUGAGGAGGGUUAAGGG', '.(((((..(..((((...))))..)..)))...)).', 0.1389, -6.609094307677088e-09, -9.5083, 0.2819, 0.7, 0.1667]
	 >>> Resetting the solution to avoid local optima.
	 ->['AGGAGGAGGAAGGAGAAACACCACCAACCAAAACCA', '.((....((..((.(......).))..))....)).', 0.3333, -0.0007543586925342024, -4.0311, 0.4203, 1.0, 0.1111]
	 ->['AGGAGGAGGAAGGAGAAACACCACCAACCAAAACCA', '.((....((..((.(......).))..))....)).', 0.3333, -0.0007543586925342024, -4.0311, 0.4203, 1.0, 0.1111]
	 ->['AGGAGGAGCAAGCGGACUCCGCAGCAGCCAAAACCA', '....((.((..((((...)))).))..)).......', 0.0833, -5.263739251457618e-06, -8.2912, 0.239, 1.0, 0.1667]
	 >>> Resetting the solution to avoid local optima.
	 ->['AGGAGGAGGAAGGAGAAACACCACCAACCAAAACCA', '.((....((..((.(......).))..))....)).', 0.3333, -0.0007543586925342024, -4.0311, 0.4203, 1.0, 0.1111]
	 ->['AGGAGGAGGAAGGAGAUACACCGCCAACCAAAACCA', '.((....((..((.(......).))..))....)).', 0.3333, -0.000690504046866467, -4.8856, 0.4392, 1.0, 0.1111]
	 ->['AGGAGAAGAAAGGAGAUACUCCGUCAAUCAAAACCA', '..((...((..((((...)))).))..)).......', 0.1944, -8.484145592029813e-06, -5.497, 0.3014, 0.625, 0.2222]
	 ->['UGGAGAUGAAAGUAUUCGGUGCGUCGGUCAAAACCG', '....(((....((((...))))....))).......', 0.1667, -2.2975868522499713e-07, -5.0212, 0.5452, 0.2857, 0.3333]
	 >>> Resetting the solution to avoid local optima.
	 ->['AGGAGGAGGAAGGAGAAACACCACCAACCAAAACCA', '.((....((..((.(......).))..))....)).', 0.3333, -0.0007543586925342024, -4.0311, 0.4203, 1.0, 0.1111]
	 ->['AGGAGGAGGAAGGAGAAACACCACCAACCAAAACCA', '.((....((..((.(......).))..))....)).', 0.3333, -0.0007543586925342024, -4.0311, 0.4203, 1.0, 0.1111]
	 ->['AGGAGGAUGAAGGUGAAGCACCACGGGCCACAACCA', '....((.....((((...)))).....)).......', 0.1389, -4.926714877660809e-06, -6.232, 0.3477, 0.8333, 0.2778]
	 >>> Resetting the solution to avoid local optima.
	 ->['ACCACCACCAACCACAAAGAGGAGGAAGGAAAAGGA', '.((.((.((...........)).))..)).......', 0.4167, -0.0006013949554065783, -3.7708, 0.3925, 1.0, 0.1667]
	 ->['ACCACCACCAACCACAAAGAGGGGGAAGGAAAAGGA', '....((..(..((.......))..)..)).......', 0.1667, -0.0007086556267442872, -5.0696, 0.4031, 1.0, 0.2222]
	 ->['ACCACCACCACUCACUAAGCGAGGGAAGGAAAAGGA', '....((.((.(((.......)))))..)).......', 0.1111, -0.00017369159309556966, -5.5362, 0.2477, 0.8571, 0.2222]
	 >>> Resetting the solution to avoid local optima.
	 ->['ACCACCACCAACCACAAAGAGGAGGAAGGAAAAGGA', '.((.((.((...........)).))..)).......', 0.4167, -0.0006013949554065783, -3.7708, 0.3925, 1.0, 0.1667]
	 ->['ACCACCACCAACCACAAUGAGGAGGAAGGAAAAGGA', '.((.((.((...........)).))..)).......', 0.4167, -0.000547046807694305, -3.8292, 0.4006, 1.0, 0.1667]
	 ->['AACACGGCCAACGACAAUGUUGAGGAACGACUAGUG', '....((..(..((((...))))..)..)).......', 0.1667, -8.526924097607588e-07, -4.513, 0.4402, 0.7143, 0.2222]
	 >>> Resetting the solution to avoid local optima.
	 ->['AGGAGGAGGAAGGAGAAACACCACCAACCAAAACCA', '.((....((..((.(......).))..))....)).', 0.3333, -0.0007543586925342024, -4.0311, 0.4203, 1.0, 0.1111]
	 ->['AGGAGGAGGAAGGAGAAACACCACCGACCAAAACCA', '.((....((..((.(......).))..))....)).', 0.3333, -0.0008905082583679695, -5.2289, 0.4221, 1.0, 0.1111]
	 ->['AGGAGUAGGAACGAGAAACUCGACCGAGCAAAACCA', '....((.((..((((...)))).))..)).......', 0.0833, -4.1540190237813457e-05, -5.318, 0.2018, 0.75, 0.1667]
	 >>> Resetting the solution to avoid local optima.
	 ->['ACCACCACCAACCACAAAGAGGAGGAAGGAAAAGGA', '.((.((.((...........)).))..)).......', 0.4167, -0.0006013949554065783, -3.7708, 0.3925, 1.0, 0.1667]
	 ->['ACCACCACCAACCACAAAGAGGAGGAAGGAAAAGGG', '.((....((..((.(......).))..))....)).', 0.3333, -0.0007568840899430323, -4.1291, 0.3934, 1.0, 0.1111]
	 ->['ACCACCAGCAACCACAAAGAGGAGUAAGGAAAAGGG', '....((.....((.......)).....)).......', 0.1389, -0.0024976876009051995, -2.0932, 0.3457, 1.0, 0.2778]
	 ->['ACCACCAGCUACCACGAAGAGGAGUAAGGAAAAGGG', '....((.(((.((.......)))))..)).......', 0.1111, -8.774825457980866e-05, -4.3571, 0.2981, 0.7143, 0.2222]
	 >>> Resetting the solution to avoid local optima.
	 ->['ACCACCACCAACCACAAAGAGGAGGAAGGAAAAGGA', '.((.((.((...........)).))..)).......', 0.4167, -0.0006013949554065783, -3.7708, 0.3925, 1.0, 0.1667]
	 ->['ACCACCACCAACCACAAAGAGGAGGAAGGAAAAGGA', '.((.((.((...........)).))..)).......', 0.4167, -0.0006013949554065783, -3.7708, 0.3925, 1.0, 0.1667]
	 ->['ACCACCACCAACCACCAAGAGGAGGAAGGAAAAGGA', '.((....((..((.((....)).))..))....)).', 0.3611, -1.8650294895331888e-05, -5.9115, 0.4418, 1.0, 0.1111]
	 ->['CCCGGCCCCAACCCCCGAGUGGAGGAAGUGAUAGGA', '.((........((.((....)).))........)).', 0.3056, -4.814503896569197e-06, -6.1462, 0.5167, 1.0, 0.2222]
	 ->['CCCGGCCCUACCCCCAGAGUGGAAGAAGCGAUAGGA', '((..((.((.((........)).))..))....)).', 0.25, -4.901625572533904e-05, -4.616, 0.5159, 0.875, 0.1667]
	 >>> Resetting the solution to avoid local optima.
	 ->['ACCACCACCAACCACAAAGAGGAGGAAGGAAAAGGA', '.((.((.((...........)).))..)).......', 0.4167, -0.0006013949554065783, -3.7708, 0.3925, 1.0, 0.1667]
	 ->['ACCACCACCAACCACAAAGAGGAGGAAGGAAAAGGA', '.((.((.((...........)).))..)).......', 0.4167, -0.0006013949554065783, -3.7708, 0.3925, 1.0, 0.1667]
	 ->['ACCACAACCAACCACUUUGAGGCGGAAUGUACAGGG', '.(((((..(..((.......))..)..)))...)).', 0.1389, -6.671168205333645e-05, -4.126, 0.3789, 0.75, 0.1667]
	 >>> Resetting the solution to avoid local optima.
	 ->['AGGAGGAGGAAGGAGAAACACCACCAACCAAAACCA', '.((....((..((.(......).))..))....)).', 0.3333, -0.0007543586925342024, -4.0311, 0.4203, 1.0, 0.1111]
	 ->['AGGAGGAGGAAGGCGAAACACCACCAACCAGAGCCA', '.((....((..((.(......).))..))....)).', 0.3333, -0.0008011047555766413, -5.2941, 0.404, 1.0, 0.1111]
	 ->['AGGAGGAGGAAGGCCAAAGACCACCAACCAGAGCCA', '.((....((..((..........))..))....)).', 0.3056, -0.0014603079029273211, -4.024, 0.3942, 1.0, 0.1667]
	 ->['AGGAGGAGGAAAGCCAAAGACUACCCACCAGAGCCA', '....((.((..((.......))..)).)).......', 0.1944, -0.00017561268879041531, -3.8295, 0.3974, 0.8333, 0.2222]
	 ->['AGGAGGAGGAGAUUCGGAGAAUACCCACCCUGUCCA', '.(((((.((..((((...))))..)).))...))).', 0.1667, -6.892999057435884e-08, -8.0632, 0.3594, 0.6364, 0.1667]
	 >>> Resetting the solution to avoid local optima.
	 ->['ACCACCACCAACCACAAAGAGGAGGAAGGAAAAGGA', '.((.((.((...........)).))..)).......', 0.4167, -0.0006013949554065783, -3.7708, 0.3925, 1.0, 0.1667]
	 ->['ACCACCAACAACCACGAAGGGGAGUACGGACCAGGA', '....((.((..((......))..))..)).......', 0.1944, -6.093215171827059e-05, -3.9819, 0.3661, 0.8333, 0.2222]
	 ->['ACCACCAACAACCACGAAGAGGAGUACGGAGAAGGA', '....((.....((.......)).....)).......', 0.1389, -0.0006168022972771136, -2.1552, 0.4008, 1.0, 0.2778]
	 ->['UCCACCAACAACCACGAAGAGGAGUACGGAGAAGGA', '(((.((.....((.......)).....))....)))', 0.1111, -0.0004370558049114367, -2.7675, 0.3949, 0.8571, 0.2222]
	 >>> Resetting the solution to avoid local optima.
	 ->['AGGAGGAGGAAGGAGAAACACCACCAACCAAAACCA', '.((....((..((.(......).))..))....)).', 0.3333, -0.0007543586925342024, -4.0311, 0.4203, 1.0, 0.1111]
	 ->['AGGAGGAGGAAGGAGAAACACCACCAACCAAAACCA', '.((....((..((.(......).))..))....)).', 0.3333, -0.0007543586925342024, -4.0311, 0.4203, 1.0, 0.1111]
	 ->['AGGAGAAGGAAGGAGAAACACCACCAAUCAAAACCA', '..((...((..((.......)).))..)).......', 0.1944, -0.0013957778374236, -2.2519, 0.3625, 0.8333, 0.2222]
	 >>> Resetting the solution to avoid local optima.
	 ->['AGGAGGAGGAAGGAGAAACACCACCAACCAAAACCA', '.((....((..((.(......).))..))....)).', 0.3333, -0.0007543586925342024, -4.0311, 0.4203, 1.0, 0.1111]
	 ->['AGGAGGAGGAAGGAGACACACCACCAACCAAAACCA', '.((....((..((.(......).))..))....)).', 0.3333, -0.0006380722248088356, -4.1343, 0.4367, 1.0, 0.1111]
	 ->['AGGAGGACGACGGAGAGAUACCACGGACCACAUCCU', '((((((.((..((.......)).))..))...))))', 0.0833, -9.789924109142872e-06, -5.7087, 0.3418, 0.8, 0.1667]
	 >>> Resetting the solution to avoid local optima.
	 ->['AGGAGGAGGAAGGAGAAACACCACCAACCAAAACCA', '.((....((..((.(......).))..))....)).', 0.3333, -0.0007543586925342024, -4.0311, 0.4203, 1.0, 0.1111]
	 ->['AGGAGGAGGAAGGAGAAACACCACCAACCAAAACCA', '.((....((..((.(......).))..))....)).', 0.3333, -0.0007543586925342024, -4.0311, 0.4203, 1.0, 0.1111]
	 ->['CGGCGGAGGAAGGCGUUACACCACCAACCCAAACCU', '.((.(..((..((.......)).))..)))......', 0.2222, -6.749677785414465e-05, -5.2188, 0.4653, 1.0, 0.1667]
	 ->['CGGCGAAGGAAGGCGUUACACCAUCAAUCCAAACCU', '....((..((.((.......)).))..)).......', 0.1944, -2.5767359771249422e-06, -3.5314, 0.4519, 0.6667, 0.2222]
	 ->['GAGUGACGGAAGGUAAUAUACCAUCGAUCCCGGCUA', '.(((((..((.((((...)))).))..))...))).', 0.1667, -2.359233647295174e-10, -6.6623, 0.3307, 0.4545, 0.1667]
	 >>> Resetting the solution to avoid local optima.
	 ->['ACCACCACCAACCACAAAGAGGAGGAAGGAAAAGGA', '.((.((.((...........)).))..)).......', 0.4167, -0.0006013949554065783, -3.7708, 0.3925, 1.0, 0.1667]
	 ->['ACCACCACCAACCGCAUAGAGGAGGAAGGAAAAGGA', '.((....((..((.(......).))..))....)).', 0.3333, -0.0011148415601288742, -4.3904, 0.3681, 1.0, 0.1111]
	 ->['ACCACCACAAACCGCAUAGAGGAUGAAGGAAAAGGA', '....((.....((.......)).....)).......', 0.1389, -0.0012410024702298676, -2.6243, 0.3552, 1.0, 0.2778]
	 ->['ACCUCCACGAAGCGCUUAGAGUAUGAAGGAUCAGGA', '.(((((.....((.......)).....)))...)).', 0.1111, -1.0689194601210636e-05, -3.3546, 0.4045, 0.7143, 0.2222]
	 ->['ACCUCCACGGAGCGCCUAGGGUAUGAAGGAUCAGGG', '.(((((.....((.(...).)).....)))...)).', 0.0833, -0.00022055819032538174, -5.189, 0.5044, 0.75, 0.1667]
	 >>> Resetting the solution to avoid local optima.
	 ->['ACCACCACCAACCACAAAGAGGAGGAAGGAAAAGGA', '.((.((.((...........)).))..)).......', 0.4167, -0.0006013949554065783, -3.7708, 0.3925, 1.0, 0.1667]
	 ->['ACCACCACCAACCACAAAGAGGCGGAAGGAAAAGGA', '.((.((.((...........)).))..)).......', 0.4167, -0.00020107217492315555, -4.646, 0.4323, 1.0, 0.1667]
	 ->['CUCACCACCAACCACACAGAGGCGGAAGGAUAAGAA', '....((.((...........)).))...........', 0.3611, -3.798095026281483e-05, -4.1732, 0.4481, 1.0, 0.2778]
	 ->['CUUACCACCAACCACACAGAGGCGGAAGGUUAAGAA', '((((((..(..((.......))..)..)).))))..', 0.2778, -4.1101433812660934e-08, -6.5819, 0.4961, 0.6667, 0.2778]
	 ->['CUUGCAACGAACCACGCAGAGGCCGAAUGUUAAGAA', '((((((.((..((.......)).))..)).))))..', 0.1944, -1.211252372825231e-07, -3.3158, 0.4457, 0.6, 0.2222]
	 ->['CUUGUAGGGAGUCACCCCGUGAGCCGAUAUAAAGGG', '.(((((.((..((((...)))).))..)))))....', 0.1667, -1.039751983247542e-10, -7.2673, 0.4883, 0.3636, 0.2222]
	 ->['CUAGUAGGGAGUCACCCCGUGAGCCGAUAUCAAUGG', '.......((..((((...)))).))...........', 0.1389, -3.7228929536237015e-09, -5.562, 0.5341, 0.6667, 0.2778]
	 >>> Resetting the solution to avoid local optima.
	 ->['AGGAGGAGGAAGGAGAAACACCACCAACCAAAACCA', '.((....((..((.(......).))..))....)).', 0.3333, -0.0007543586925342024, -4.0311, 0.4203, 1.0, 0.1111]
	 ->['AGGAGGAGGAAGGAGAAACACCACCAACCAAUACCA', '.((....((..((.(......).))..))....)).', 0.3333, -0.0006589174395329229, -4.1145, 0.4191, 1.0, 0.1111]
	 ->['AAGAGGAGGAAGGAGAAACACCACCAACCAAUACUA', '....((..(..((.......))..)..)).......', 0.1667, -7.605389715559668e-05, -3.2452, 0.388, 1.0, 0.2222]
	 ->['AAGAGGAGGAAGGAGAAACACCACUAACCAAUACUA', '....((.....((.......)).....)).......', 0.1389, -6.0742476242636516e-05, -2.1838, 0.424, 1.0, 0.2778]
	 ->['CUGAGGAGCUUAGAUGGAGUCUAGUAACCAAGCCGG', '....((.(((.((((...)))))))..)).......', 0.1111, -1.7218874371298002e-09, -5.8373, 0.3491, 0.4444, 0.2222]
	 >>> Resetting the solution to avoid local optima.
	 ->['AGGAGGAGGAAGGAGAAACACCACCAACCAAAACCA', '.((....((..((.(......).))..))....)).', 0.3333, -0.0007543586925342024, -4.0311, 0.4203, 1.0, 0.1111]
	 ->['AGGAGGAGGAAGGAGAAACACCACCAACCAAAACCA', '.((....((..((.(......).))..))....)).', 0.3333, -0.0007543586925342024, -4.0311, 0.4203, 1.0, 0.1111]
	 ->['CGGAGGAAUGAGGUGAAGCACCAGUAACCCAAACCA', '.((.(..((..((((...)))).))..)))......', 0.2222, -1.5313114820710504e-06, -6.4522, 0.3578, 0.6667, 0.1667]
	 ->['GGGACGAAUGAGUUGAAGCAGCAGUACCGGAAGCCA', '((..((.....((((...)))).....))....)).', 0.1944, -7.491615967872734e-07, -4.3928, 0.4964, 0.75, 0.2222]
	 ->['GGGACUUAUUCGAUUAUGGAUCAGUACAGGACGCCG', '.(..((((((.((((...)))))))).))..)....', 0.1667, -1.687431090806851e-09, -4.9497, 0.4564, 0.2727, 0.2778]
	 >>> Resetting the solution to avoid local optima.
	 ->['AGGAGGAGGAAGGAGAAACACCACCAACCAAAACCA', '.((....((..((.(......).))..))....)).', 0.3333, -0.0007543586925342024, -4.0311, 0.4203, 1.0, 0.1111]
	 ->['AGGAGGAGGAAGGAGAAACACCACCGACCAAAACCA', '.((....((..((.(......).))..))....)).', 0.3333, -0.0008905082583679695, -5.2289, 0.4221, 1.0, 0.1111]
	 ->['AGGAGGAGGAAGGGCGAUGACCACCGACCAGGACCA', '.((....((..((..........))..))....)).', 0.3056, -0.00045777046332655744, -6.039, 0.4056, 1.0, 0.1667]
	 ->['AGGAUGAGGAAGGGCGAUGACCACCGACGAGGACCA', '.((.....(..((..........))..).....)).', 0.2778, -0.00017105586235003793, -4.0457, 0.4153, 1.0, 0.2222]
	 ->['UGAAUGGGGAAGGGCGAUGACCACCGACGAGGAUCA', '......((...((.......)).))...........', 0.25, -1.1616632621720158e-05, -4.2033, 0.5079, 1.0, 0.3333]
	 ->['UGAAUGGGGUGUGACGCUGUCAACCGACAAGGAUCA', '.......(((.((((...)))))))...........', 0.1667, -4.8324196065863005e-08, -6.5821, 0.4953, 0.5714, 0.3333]
	 ->['UGAUUGUGGUGAGAUGCUAUCUACCGACACGGAUCA', '((((((((((.((((...))))))).)))...))))', 0.1389, -4.3190433624330985e-10, -8.1896, 0.3815, 0.3571, 0.2778]
	 >>> Resetting the solution to avoid local optima.
	 ->['ACCACCACCAACCACAAAGAGGAGGAAGGAAAAGGA', '.((.((.((...........)).))..)).......', 0.4167, -0.0006013949554065783, -3.7708, 0.3925, 1.0, 0.1667]
	 ->['ACCACCACCAACCACAAAGAGGAGGAAGGAAAAGGA', '.((.((.((...........)).))..)).......', 0.4167, -0.0006013949554065783, -3.7708, 0.3925, 1.0, 0.1667]
	 ->['ACCACCACCAACCGCAAAGAGGAGGAAGGAAAAGGA', '.((....((..((.(......).))..))....)).', 0.3333, -0.0011208948527315107, -4.3871, 0.3675, 1.0, 0.1111]
	 ->['ACCACCACCAACCGGAAACAGGAGGAAGGACAAGGA', '.((....((..((..........))..))....)).', 0.3056, -0.0005900131980306877, -4.1826, 0.3358, 1.0, 0.1667]
	 ->['ACCCCCAUCAACCGGAAACAGGAGGAAGGACCAGGA', '....((.((..((.......))..)).)).......', 0.1944, -5.138029490308322e-07, -6.2252, 0.3167, 0.8333, 0.2222]
	 ->['ACCCCCAUCACCCUGAUACAGGAGGCAGGAGCAGGA', '....((..(..((((...))))..)..)).......', 0.1667, -6.863176409363225e-08, -7.6659, 0.3172, 0.8571, 0.2222]
	 ->['CGUCCCAUCAGUAUAUUGUAUAAGGCAGGAGAGACA', '.(((((..(..((((...))))..)..))...))).', 0.1389, -1.8341696924955912e-09, -3.8983, 0.4906, 0.5, 0.1667]
	 >>> Resetting the solution to avoid local optima.
	 ->['AGGAGGAGGAAGGAGAAACACCACCAACCAAAACCA', '.((....((..((.(......).))..))....)).', 0.3333, -0.0007543586925342024, -4.0311, 0.4203, 1.0, 0.1111]
	 ->['AGGAGGAGGACGGAGAGACACCACCAACCAAAACCA', '.((....((..((.(......).))..))....)).', 0.3333, -0.0004728066175753157, -4.5191, 0.4244, 1.0, 0.1111]
	 ->['AGGAGGAGGACGCAGAGACAGCACCAACCGAUACCU', '....((..(..((.......))..)..)).......', 0.1667, -0.0005712392226135824, -4.0025, 0.2656, 1.0, 0.2222]
	 ->['AGGAGGAUGACGCUGAGAUAGCACGAACCGAUACCU', '....((.....((((...)))).....)).......', 0.1389, -2.927236059161301e-06, -4.0528, 0.2979, 0.6667, 0.2778]
	 ->['AGGCGGACGAGGCUGUCAUAGCACGAACCGAUACCU', '((((((.((..((((...)))).))..)))...)))', 0.0833, -6.100898803272285e-07, -7.9193, 0.2196, 0.75, 0.1667]
	 >>> Resetting the solution to avoid local optima.
	 ->['ACCACCACCAACCACAAAGAGGAGGAAGGAAAAGGA', '.((.((.((...........)).))..)).......', 0.4167, -0.0006013949554065783, -3.7708, 0.3925, 1.0, 0.1667]
	 ->['ACCACCACCAACCACAAAGAGGAGGAAGGAAAAGGA', '.((.((.((...........)).))..)).......', 0.4167, -0.0006013949554065783, -3.7708, 0.3925, 1.0, 0.1667]
	 ->['ACCACCAACAGCCACAAAGAGGAGUACGGAAGCGGA', '....((.....((.......)).....)).......', 0.1389, -0.0006187009066724344, -2.5533, 0.3817, 1.0, 0.2778]
	 ->['ACCACCUACAGGCAUAUUGAGUAGUAAGGAAUAGGA', '....(((((..((.......)).)).))).......', 0.1111, -2.4942855034737456e-05, -3.7323, 0.4304, 0.5714, 0.2222]
	 >>> Resetting the solution to avoid local optima.
	 ->['ACCACCACCAACCACAAAGAGGAGGAAGGAAAAGGA', '.((.((.((...........)).))..)).......', 0.4167, -0.0006013949554065783, -3.7708, 0.3925, 1.0, 0.1667]
	 ->['ACCACCACCAACCACAAAGAGGAGGAAGGAAAAGGA', '.((.((.((...........)).))..)).......', 0.4167, -0.0006013949554065783, -3.7708, 0.3925, 1.0, 0.1667]
	 ->['GGCAGCACCACCCACACCGAGGAGGAAGCAACAGCA', '....((..(..((.......))..)..)).......', 0.1667, -0.00027084511843824643, -4.9624, 0.3355, 1.0, 0.2222]
	 ->['GGCGGCACCGCCCACACCGUGGAGGAGGCAACAGCC', '(((.((..(..((((...))))..)..))....)))', 0.1389, -8.823280578714078e-07, -11.0919, 0.3274, 0.9, 0.1667]
	 >>> Resetting the solution to avoid local optima.
	 ->['ACCACCACCAACCACAAAGAGGAGGAAGGAAAAGGA', '.((.((.((...........)).))..)).......', 0.4167, -0.0006013949554065783, -3.7708, 0.3925, 1.0, 0.1667]
	 ->['ACCACCACCAACCACACAGAGGAGGAAGGAAGAGGA', '.((.(..((..((.(......).))..))..).)).', 0.3611, -0.0003854123093921753, -4.045, 0.4029, 1.0, 0.1111]
	 ->['ACCACCACUAACCACACAGAGGAAGAAGGAAGAGGA', '....((.....((.......)).....)).......', 0.1389, -0.0007400715716186426, -1.9429, 0.3895, 1.0, 0.2778]
	 ->['ACCACCAGGAACCACACAGAGGACCAAGGAAGAGGC', '....((.((..((.......)).))..)).......', 0.0833, -0.003195504451419453, -3.1414, 0.2698, 1.0, 0.1667]
	 >>> Resetting the solution to avoid local optima.
	 ->['AGGAGGAGGAAGGAGAAACACCACCAACCAAAACCA', '.((....((..((.(......).))..))....)).', 0.3333, -0.0007543586925342024, -4.0311, 0.4203, 1.0, 0.1111]
	 ->['AGGAGGAGGAAGGAGACACACCACCAACCAAAACCA', '.((....((..((.(......).))..))....)).', 0.3333, -0.0006380722248088356, -4.1343, 0.4367, 1.0, 0.1111]
	 ->['ACGAGGAGGAAAGUGGCACACUACCACCCAAUACGG', '....((..(..((((...))))..)..)).......', 0.1667, -1.3708162288053478e-06, -6.0204, 0.3823, 0.7143, 0.2222]
	 ->['AGGAGGGGGAAAGUGGCACACUACCACCCAAUGCCU', '....(((((..((((...)))).)).))).......', 0.1111, -1.8375212068771044e-08, -10.1781, 0.401, 0.7778, 0.2222]
	 >>> Resetting the solution to avoid local optima.
	 ->['AGGAGGAGGAAGGAGAAACACCACCAACCAAAACCA', '.((....((..((.(......).))..))....)).', 0.3333, -0.0007543586925342024, -4.0311, 0.4203, 1.0, 0.1111]
	 ->['AGGAGGAGGAAGGCGAAACACCACCAACCAAAACCA', '.((....((..((.(......).))..))....)).', 0.3333, -0.002128513383440122, -4.6918, 0.4085, 1.0, 0.1111]
	 ->['UGGAGGAAGAAGGUGAAACACCACUAACCAAAACCA', '....((.....((((...)))).....)).......', 0.1389, -8.377158259025383e-06, -5.5048, 0.3052, 0.8333, 0.2778]
	 >>> Resetting the solution to avoid local optima.
	 ->['AGGAGGAGGAAGGAGAAACACCACCAACCAAAACCA', '.((....((..((.(......).))..))....)).', 0.3333, -0.0007543586925342024, -4.0311, 0.4203, 1.0, 0.1111]
	 ->['CGGAGGAGGAAGGAGACACACCACCAACCAAAACCA', '.((....((..((.(......).))..))....)).', 0.3333, -0.0006310640242632932, -4.1411, 0.4374, 1.0, 0.1111]
	 ->['CGGAGGAUGAAGGAGACACACCACAAACCAAAACCA', '....((.....((.......)).....)).......', 0.1389, -0.0012169991145516913, -2.0364, 0.3868, 1.0, 0.2778]
	 ->['CGGAAGAUGAAGUGAACAUUACGCAACCUUAUACCA', '.(((((.....((((...)))).....)))...)).', 0.1111, -1.3464487771910567e-06, -2.5314, 0.4026, 0.4444, 0.2222]
	 >>> Resetting the solution to avoid local optima.
	 ->['ACCACCACCAACCACAAAGAGGAGGAAGGAAAAGGA', '.((.((.((...........)).))..)).......', 0.4167, -0.0006013949554065783, -3.7708, 0.3925, 1.0, 0.1667]
	 ->['ACCACCACCAACCCCACAGAGGAGGAAGGAAAGGGA', '.((....((..((((.....)).))..))....)).', 0.3611, -4.68373539611825e-06, -7.3631, 0.4893, 1.0, 0.1111]
	 ->['ACCACCAUCAACCCGACAUAGGAGGAAGGAAAGGGU', '.((.((.((..((.......))..)).))...))..', 0.25, -8.616264387898869e-08, -6.1257, 0.4111, 0.875, 0.1667]
	 ->['GUCACCAUCGAGCAGGCAUGGCCGGAAGGAAAUGAU', '((((((.((..((.......))..)).))...))))', 0.1944, -3.223124207615153e-09, -6.5509, 0.4592, 0.6, 0.2222]
	 ->['GUCAACGGUGUGCGGGCAUGGCCACGAGUCAAUGAU', '((((((.(((.((.......)))))..))...))))', 0.1111, -1.4597448518062466e-07, -6.9008, 0.3981, 0.5455, 0.2222]
	 >>> Resetting the solution to avoid local optima.
	 ->['AGGAGGAGGAAGGAGAAACACCACCAACCAAAACCA', '.((....((..((.(......).))..))....)).', 0.3333, -0.0007543586925342024, -4.0311, 0.4203, 1.0, 0.1111]
	 ->['AGACGGAGGAAGUAGAAACAGCGCCAACCAUAAUCA', '....((..(..((.......))..)..)).......', 0.1667, -0.00012535247151934285, -2.2373, 0.3662, 0.8, 0.2222]
	 ->['AGCAGGGGGCUUAUUUGCGAUAACCAACCAUCAGCU', '....((.((.(((((...)))))))..)).......', 0.1111, -5.7124423309385e-07, -5.4599, 0.3303, 0.4444, 0.2222]
	 >>> Resetting the solution to avoid local optima.
	 ->['AGGAGGAGGAAGGAGAAACACCACCAACCAAAACCA', '.((....((..((.(......).))..))....)).', 0.3333, -0.0007543586925342024, -4.0311, 0.4203, 1.0, 0.1111]
	 ->['AGGAGGAGGAAGGAGAAACGCCGCCAGCCCAUACCA', '.((....((..((.(......).))..))....)).', 0.3333, -0.0008076881207450874, -6.189, 0.4081, 1.0, 0.1111]
	 ->['AGGAGGAGCACGGCGAAACGCCGGCAGCCCAUACCU', '.((.(..((.(((((...)))))))..)))......', 0.25, -1.1257668982265498e-09, -14.0992, 0.3597, 1.0, 0.2222]
	 ->['AUGAGCAGCACGGCGAAACGCCGGCAGGCCAUACAU', '(((.((.((.(((((...)))))))..)))))....', 0.1944, -1.2450086049763534e-10, -14.4562, 0.3325, 0.8333, 0.2778]
	 ->['CUGAGCAGCACGGCAAAAUGCCGGCAGGCCAUACAU', '.((.((.((.(((((...)))))))..)))).....', 0.1667, -2.853880891722722e-10, -12.945, 0.2898, 0.8182, 0.2222]
	 ->['CUUAGCAGCACGGCAAAAUGCCGGCAGGCCAUAAAU', '....((.((.(((((...)))))))..)).......', 0.1111, -6.913213439515111e-11, -11.9188, 0.2591, 0.8889, 0.2222]
	 >>> Resetting the solution to avoid local optima.
	 ->['ACCACCACCAACCACAAAGAGGAGGAAGGAAAAGGA', '.((.((.((...........)).))..)).......', 0.4167, -0.0006013949554065783, -3.7708, 0.3925, 1.0, 0.1667]
	 ->['ACCACCACCAACCACAAAGAGGAGGACGGAAAAGGA', '.((....((..((.(......).))..))....)).', 0.3333, -0.0003759481398958482, -4.2603, 0.393, 1.0, 0.1111]
	 ->['UACAGCACCAACCGCACAGAGGGGGACGUAAAAGUU', '....((..(..((.......))..)..)).......', 0.1667, -1.6239108134658754e-05, -4.8968, 0.4354, 0.8, 0.2222]
	 ->['UCCGGCGCUAACCUACCGUAGGGAGACGUAUCAGGU', '....(((((..((((...)))).)).))).......', 0.1111, -2.4610162339061653e-08, -6.898, 0.3029, 0.5556, 0.2222]
	 >>> Resetting the solution to avoid local optima.
	 ->['ACCACCACCAACCACAAAGAGGAGGAAGGAAAAGGA', '.((.((.((...........)).))..)).......', 0.4167, -0.0006013949554065783, -3.7708, 0.3925, 1.0, 0.1667]
	 ->['ACCAUCACCAACCACAAAGAGGAGGAAGAAAAAGGA', '.((.((..(.........)..))))...........', 0.3889, -0.000530790727887925, -2.2478, 0.4081, 0.8, 0.2778]
	 ->['GCCAUCACCAACCAACUCUUGGGGGAAGAGCCAGGC', '(((.((..(..((((...))))..)..))....)))', 0.1389, -5.754607771922412e-07, -7.0554, 0.4319, 0.7, 0.1667]
	 >>> Resetting the solution to avoid local optima.
	 ->['AGGAGGAGGAAGGAGAAACACCACCAACCAAAACCA', '.((....((..((.(......).))..))....)).', 0.3333, -0.0007543586925342024, -4.0311, 0.4203, 1.0, 0.1111]
	 ->['AGGAGGAGGAAGGAGAAACACCACCAACCAGAACCA', '.((....((..((.(......).))..))....)).', 0.3333, -0.0007533289788783884, -4.032, 0.4204, 1.0, 0.1111]
	 ->['AUGCGGCGAGCUCUCUGCGAGAAUCUACCACGGCAU', '((((((.((..((((...)))).))..))...))))', 0.0833, -1.3219071859674191e-08, -6.881, 0.3708, 0.5833, 0.1667]
	 >>> Resetting the solution to avoid local optima.
	 ->['AGGAGGAGGAAGGAGAAACACCACCAACCAAAACCA', '.((....((..((.(......).))..))....)).', 0.3333, -0.0007543586925342024, -4.0311, 0.4203, 1.0, 0.1111]
	 ->['AGGAGGAGGAAGGAGAAACACCACCAACCAAAACCA', '.((....((..((.(......).))..))....)).', 0.3333, -0.0007543586925342024, -4.0311, 0.4203, 1.0, 0.1111]
	 >>> Resetting the solution to avoid local optima.
	 ->['AGGAGGAGGAAGGAGAAACACCACCAACCAAAACCA', '.((....((..((.(......).))..))....)).', 0.3333, -0.0007543586925342024, -4.0311, 0.4203, 1.0, 0.1111]
	 ->['AGGAGGAGGAAGGCGAGACACCACCAACCAAUGCCA', '.((....((..((.(......).))..))....)).', 0.3333, -0.0006464525630434843, -5.4263, 0.4072, 1.0, 0.1111]
	 ->['AGGAGGAGGAAGGCAAGAUGCCACCAACCAAUGCCA', '....((..(..((((...))))..)..)).......', 0.1667, -5.689696978041625e-07, -7.6623, 0.2596, 0.8571, 0.2222]
	 ->['AGGAUGAGGAGGACAGUAUGUUACCGUCGGACGCCA', '.(..(((((..((((...)))).)).)))..)....', 0.1389, -2.9550628806956693e-08, -6.1853, 0.4113, 0.5, 0.2222]
	 >>> Resetting the solution to avoid local optima.
	 ->['AGGAGGAGGAAGGAGAAACACCACCAACCAAAACCA', '.((....((..((.(......).))..))....)).', 0.3333, -0.0007543586925342024, -4.0311, 0.4203, 1.0, 0.1111]
	 ->['AGGAGGAGGAAGGAGAAACACCACCAACCAAAACCA', '.((....((..((.(......).))..))....)).', 0.3333, -0.0007543586925342024, -4.0311, 0.4203, 1.0, 0.1111]
	 ->['AGGAGAAGGAAGGAGAAACACCACCAAUCAAAACCA', '..((...((..((.......)).))..)).......', 0.1944, -0.0013957778374236, -2.2519, 0.3625, 0.8333, 0.2222]
	 >>> Resetting the solution to avoid local optima.
	 ->['ACCACCACCAACCACAAAGAGGAGGAAGGAAAAGGA', '.((.((.((...........)).))..)).......', 0.4167, -0.0006013949554065783, -3.7708, 0.3925, 1.0, 0.1667]
	 ->['ACCACCACCAACCACAAAGAGGAGGAAGGAAAAGGA', '.((.((.((...........)).))..)).......', 0.4167, -0.0006013949554065783, -3.7708, 0.3925, 1.0, 0.1667]
	 ->['ACCACUACCAACCACAAAGAGGAGGAAGGAAAAGGA', '.((....((..((.(......).))..))....)).', 0.3333, -4.055575627653881e-05, -3.7327, 0.4034, 1.0, 0.1111]
	 ->['ACCCCUAGCGACCACAAAGAGGAGUAAGGAAAAGGA', '...(((.((..((.......)).)).))).......', 0.2222, -1.0901099620777753e-06, -5.7616, 0.3585, 0.7143, 0.2222]
	 ->['ACCCCAAGCGGCCGCACAGAGGAGUAAUGAAUAGGU', '.......((..((.......)).))...........', 0.1389, -0.00044132138578999896, -3.1615, 0.4528, 0.75, 0.2778]
	 >>> Resetting the solution to avoid local optima.
	 ->['AGGAGGAGGAAGGAGAAACACCACCAACCAAAACCA', '.((....((..((.(......).))..))....)).', 0.3333, -0.0007543586925342024, -4.0311, 0.4203, 1.0, 0.1111]
	 ->['AGGAGGAGGAAGGAGAGACGCCGCCAGCCAAAACCA', '.((....((..((.(......).))..))....)).', 0.3333, -0.0016182313166091453, -5.7607, 0.4369, 1.0, 0.1111]
	 ->['AUCAGGAGGAAGAAGAGACGUCGCCAGCCGGAGGAA', '.((....((.....((....)).....))....)).', 0.3056, -3.567068840253282e-05, -3.8119, 0.4141, 0.6667, 0.2222]
	 ->['AUCAGGAGGAAGAAGAGACUUCGCCAGCCGGAGGAA', '.((.((..(..((((...))))..)..)).))....', 0.2222, -5.075146678531498e-07, -6.4328, 0.3866, 0.6667, 0.2222]
	 ->['AUCAGCAGGAUGAAGUGUCUUCGCCAGGCGGAGGAA', '.((.((.((.(((((...)))))))..)).))....', 0.1667, -2.287318318147707e-08, -8.8431, 0.55, 0.6364, 0.2222]
	 ->['AGCAGCAGUAUGAAUUUUGUUCUACAGGCGGGGGCA', '....((.(((.((((...)))))))..)).......', 0.1111, -6.163584202088387e-06, -5.3939, 0.3457, 0.4444, 0.2222]
	 >>> Resetting the solution to avoid local optima.
	 ->['ACCACCACCAACCACAAAGAGGAGGAAGGAAAAGGA', '.((.((.((...........)).))..)).......', 0.4167, -0.0006013949554065783, -3.7708, 0.3925, 1.0, 0.1667]
	 ->['ACCACGACCAACCACAAAGAGGAGGAACGAAAAGGA', '....((..(..((.......))..)..)).......', 0.1667, -0.0021499371494486763, -2.2856, 0.2998, 1.0, 0.2222]




RNA sequences found with GC-content <= 0.48:

RNA sequences found with GC-content > 0.48:
@@ AGCAGCAGUAAGGGGUAACGCCGACGAGCCAAAGCA 0.8888888888888888
@@ AGCAGCAGUAAGGGGUAACGCCGACGAGUCAAAGCA 0.7777777777777778
@@ AGCAGCAGUAAGGGGCAACGCCGACGAGUCAAAGCA 0.7777777777777778
@@ AGCAGCAGUAAGGGGCAACGCCGACGAGUCAAAGCG 0.7777777777777778
@@ AGCAGCAGUAAGGGGCAACGCCGACGAGUCAUAGCG 0.7777777777777778


Elapsed time:                   86400.01405572891 secs.
Number of function evaluations: 70028418
----------------------------------------------------------------------


---------------------------------------
 FINISHED SUCCESSFULLY 
---------------------------------------
