
-----------------------------------------------------------------------
   _____ _____  ______ ______ _____             _____  _   _           
  / ____|  __ \|  ____|  ____|  __ \           |  __ \| \ | |   /\     
 | |  __| |__) | |__  | |__  | |  | |  ______  | |__) |  \| |  /  \    
 | | |_ |  _  /|  __| |  __| | |  | | |______| |  _  /| . ` | / /\ \   
 | |__| | | \ \| |____| |____| |__| |          | | \ \| |\  |/ ____ \  
  \_____|_|  \_\______|______|_____/           |_|  \_\_| \_/_/    \_\ 
       
                                       -- A. Rubio-Largo et al. 2023
-----------------------------------------------------------------------

------------------------------------------------------------------------------------------------------------------
CONFIGURATION: 

 * TARGET:           ((((...)))).
 * STOPPING:         86400 secs.
 * SEED:             4
 * NO. OF SOLUTIONS: 1
 * max. GC-cont.:    0.48
 * MODEL:            TURNER2004
 * MUTATION PROB:    0.01
 * STAGNATION LIMIT: 50
------------------------------------------------------------------------------------------------------------------


 (1) Let's minimize the base-pair distance between predicted and target structures
    -> Min(Base-pair distance), min(Hamming distance), max(probability over ensemble), min(partition function), min(ensemble defect), min(%GC-content)


	 ->['CCCCAAAGGGGA', '((((...)))).', 0.0, -0.898519513914666, -5.666, 0.0568, 1.0, 0.0]


    -> Found sequence! Elapsed time:                   0.011134862899780273 secs.


 (2) We found a sequence that folds exactly like the target structure. Let's minimize the GC-content
    -> ORDER: Min(Base-pair distance), min(Hamming distance), min(GC-content), min(partition function), min(ensemble defect), max(probability over ensemble))


	 >>> Resetting the solution to avoid local optima.
	 ->['GGGGAAACCCCA', '((((...)))).', 0.0, -0.9037325418971706, -6.2624, 0.0482, 1.0, 0.0]
	 ->['GGUGAGCCACCA', '((((...)))).', 0.0, -0.9584581318814162, -3.9262, 0.0105, 0.75, 0.0]
	 ->['GGAGGGCCUCUA', '((((...)))).', 0.0, -0.6842587468209034, -1.6338, 0.1603, 0.5, 0.0]


    -> Finished!! Elaapsed time:                   0.0485994815826416 secs.




RNA sequences found with GC-content <= 0.48:
## GGAUGGCGUCUA 0.25

RNA sequences found with GC-content > 0.48:
@@ CCCCAAAGGGGA 1.0
@@ GCCCAAAGGGCA 1.0
@@ GGUGAAACACCA 0.75
@@ GGUGAAGCACCA 0.75
@@ GGUGAACCACCA 0.75
@@ GGUGAGCCACCA 0.75
@@ GGUGAGCCACUA 0.5
@@ GGUGUGCCACUA 0.5
@@ GGUGGGCCACUA 0.5
@@ GGAGGGCCUCUA 0.5


Elapsed time:                   0.04868030548095703 secs.
Number of function evaluations: 58
----------------------------------------------------------------------


---------------------------------------
 FINISHED SUCCESSFULLY 
---------------------------------------
