
-----------------------------------------------------------------------
   _____ _____  ______ ______ _____             _____  _   _           
  / ____|  __ \|  ____|  ____|  __ \           |  __ \| \ | |   /\     
 | |  __| |__) | |__  | |__  | |  | |  ______  | |__) |  \| |  /  \    
 | | |_ |  _  /|  __| |  __| | |  | | |______| |  _  /| . ` | / /\ \   
 | |__| | | \ \| |____| |____| |__| |          | | \ \| |\  |/ ____ \  
  \_____|_|  \_\______|______|_____/           |_|  \_\_| \_/_/    \_\ 
       
                                       -- A. Rubio-Largo et al. 2023
-----------------------------------------------------------------------

------------------------------------------------------------------------------------------------------------------
CONFIGURATION: 

 * TARGET:           ((((...)))).
 * STOPPING:         86400 secs.
 * SEED:             5
 * NO. OF SOLUTIONS: 1
 * max. GC-cont.:    0.48
 * MODEL:            TURNER2004
 * MUTATION PROB:    0.01
 * STAGNATION LIMIT: 50
------------------------------------------------------------------------------------------------------------------


 (1) Let's minimize the base-pair distance between predicted and target structures
    -> Min(Base-pair distance), min(Hamming distance), max(probability over ensemble), min(partition function), min(ensemble defect), min(%GC-content)


	 ->['GGGGAAACCCCA', '((((...)))).', 0.0, -0.9037325418971706, -6.2624, 0.0482, 1.0, 0.0]


    -> Found sequence! Elapsed time:                   0.01143503189086914 secs.


 (2) We found a sequence that folds exactly like the target structure. Let's minimize the GC-content
    -> ORDER: Min(Base-pair distance), min(Hamming distance), min(GC-content), min(partition function), min(ensemble defect), max(probability over ensemble))


	 >>> Resetting the solution to avoid local optima.
	 ->['CCCCAAAGGGGA', '((((...)))).', 0.0, -0.898519513914666, -5.666, 0.0568, 1.0, 0.0]
	 ->['GCCCGAAGGGUA', '((((...)))).', 0.0, -0.9036073612526657, -3.9625, 0.0232, 0.75, 0.0]
	 ->['GCCACGUUGGUG', '((((...)))).', 0.0, -0.5125528209391367, -2.6119, 0.1771, 0.5, 0.0]


    -> Finished!! Elaapsed time:                   0.04071974754333496 secs.




RNA sequences found with GC-content <= 0.48:
## GCUACGUUAGUG 0.25

RNA sequences found with GC-content > 0.48:
@@ GGGGAAACCCCA 1.0
@@ GCCCAAAGGGUA 0.75
@@ GCCCUAAGGGUA 0.75
@@ GCCCGAAGGGUA 0.75
@@ GCCUGAAAGGUA 0.5
@@ UCCUGAAAGGAA 0.5
@@ UCCUCAAAGGAA 0.5
@@ UCCUCUAAGGAA 0.5
@@ UCCUCUUAGGAA 0.5
@@ UCCUCUUAGGAG 0.5
@@ UCCACUUUGGAG 0.5
@@ GCCACUUUGGUG 0.5
@@ GCCACGUUGGUG 0.5


Elapsed time:                   0.04082059860229492 secs.
Number of function evaluations: 45
----------------------------------------------------------------------


---------------------------------------
 FINISHED SUCCESSFULLY 
---------------------------------------
