
-----------------------------------------------------------------------
   _____ _____  ______ ______ _____             _____  _   _           
  / ____|  __ \|  ____|  ____|  __ \           |  __ \| \ | |   /\     
 | |  __| |__) | |__  | |__  | |  | |  ______  | |__) |  \| |  /  \    
 | | |_ |  _  /|  __| |  __| | |  | | |______| |  _  /| . ` | / /\ \   
 | |__| | | \ \| |____| |____| |__| |          | | \ \| |\  |/ ____ \  
  \_____|_|  \_\______|______|_____/           |_|  \_\_| \_/_/    \_\ 
       
                                       -- A. Rubio-Largo et al. 2023
-----------------------------------------------------------------------

------------------------------------------------------------------------------------------------------------------
CONFIGURATION: 

 * TARGET:           ((....)).((....))
 * STOPPING:         86400 secs.
 * SEED:             2
 * NO. OF SOLUTIONS: 1
 * max. GC-cont.:    0.48
 * MODEL:            TURNER2004
 * MUTATION PROB:    0.01
 * STAGNATION LIMIT: 50
------------------------------------------------------------------------------------------------------------------


 (1) Let's minimize the base-pair distance between predicted and target structures
    -> Min(Base-pair distance), min(Hamming distance), max(probability over ensemble), min(partition function), min(ensemble defect), min(%GC-content)


	 ->['CCAAAAGGACCAAAAGG', '((....)).........', 0.1176, -0.22692884214082137, -0.9141, 0.2019, 1.0, 0.2353]
	 >>> Resetting the solution to avoid local optima.
	 ->['GGAAAACCAGGAAAACC', '((....)).........', 0.1176, -0.10810565308153613, -0.8711, 0.2233, 1.0, 0.2353]
	 ->['GGGAGGCCAGCAAAAGC', '((....)).........', 0.1176, -0.27281673254768174, -1.9006, 0.1495, 1.0, 0.2353]


    -> Found sequence! Elapsed time:                   0.10271310806274414 secs.


 (2) We found a sequence that folds exactly like the target structure. Let's minimize the GC-content
    -> ORDER: Min(Base-pair distance), min(Hamming distance), min(GC-content), min(partition function), min(ensemble defect), max(probability over ensemble))


	 >>> Resetting the solution to avoid local optima.
	 ->['GGAAAACCAGGAAAACC', '((....)).........', 0.1176, -0.10810565308153613, -0.8711, 0.2233, 1.0, 0.2353]
	 ->['GGGUAACCAGGUGCGCC', '((....)).........', 0.1176, -0.08032532704908779, -2.4542, 0.4318, 1.0, 0.2353]
	 >>> Resetting the solution to avoid local optima.
	 ->['CCAAAAGGACCAAAAGG', '((....)).........', 0.1176, -0.22692884214082137, -0.9141, 0.2019, 1.0, 0.2353]
	 ->['GCAAGAGCACCAAAAGG', '((....)).........', 0.1176, -0.31095022227588937, -1.4199, 0.1492, 1.0, 0.2353]
	 >>> Resetting the solution to avoid local optima.
	 ->['GGAAAACCAGGAAAACC', '((....)).........', 0.1176, -0.10810565308153613, -0.8711, 0.2233, 1.0, 0.2353]
	 ->['GGGUAACCAGGUCUGCC', '((....)).........', 0.1176, -0.08167946991714409, -2.4439, 0.4177, 1.0, 0.2353]
	 >>> Resetting the solution to avoid local optima.
	 ->['GGAAAACCAGGAAAACC', '((....)).........', 0.1176, -0.10810565308153613, -0.8711, 0.2233, 1.0, 0.2353]
	 ->['GGGACACCAGGAAGACC', '((....)).........', 0.1176, -0.14792307402699545, -2.0778, 0.1677, 1.0, 0.2353]
	 >>> Resetting the solution to avoid local optima.
	 ->['GGAAAACCAGGAAAACC', '((....)).........', 0.1176, -0.10810565308153613, -0.8711, 0.2233, 1.0, 0.2353]
	 >>> Resetting the solution to avoid local optima.
	 ->['CCAAAAGGACCAAAAGG', '((....)).........', 0.1176, -0.22692884214082137, -0.9141, 0.2019, 1.0, 0.2353]
	 ->['CCGACAGGACCAAAGGG', '((....)).........', 0.1176, -0.19740092125020353, -1.7, 0.2086, 1.0, 0.2353]
	 >>> Resetting the solution to avoid local optima.
	 ->['GGAAAACCAGGAAAACC', '((....)).........', 0.1176, -0.10810565308153613, -0.8711, 0.2233, 1.0, 0.2353]
	 ->['GCAAUAGCAGCAAAAGC', '((....)).........', 0.1176, -0.19083161114450095, -1.5209, 0.2236, 1.0, 0.2353]
	 >>> Resetting the solution to avoid local optima.
	 ->['CCAAAAGGACCAAAAGG', '((....)).........', 0.1176, -0.22692884214082137, -0.9141, 0.2019, 1.0, 0.2353]
	 ->['GCAUUCGCGCCAGGGGG', '((....)).........', 0.1176, -0.06113670763638129, -2.0224, 0.4501, 1.0, 0.2353]
	 >>> Resetting the solution to avoid local optima.
	 ->['GGAAAACCAGGAAAACC', '((....)).........', 0.1176, -0.10810565308153613, -0.8711, 0.2233, 1.0, 0.2353]
	 >>> Resetting the solution to avoid local optima.
	 ->['GGAAAACCAGGAAAACC', '((....)).........', 0.1176, -0.10810565308153613, -0.8711, 0.2233, 1.0, 0.2353]
	 >>> Resetting the solution to avoid local optima.
	 ->['CCAAAAGGACCAAAAGG', '((....)).........', 0.1176, -0.22692884214082137, -0.9141, 0.2019, 1.0, 0.2353]
	 ->['CCAAAAGGACCAAAGGG', '((....)).........', 0.1176, -0.1480076656697942, -1.0775, 0.2506, 1.0, 0.2353]
	 >>> Resetting the solution to avoid local optima.
	 ->['CCAAAAGGACCAAAAGG', '((....)).........', 0.1176, -0.22692884214082137, -0.9141, 0.2019, 1.0, 0.2353]
	 ->['GCUACUGCGCCAAGGGG', '((....)).........', 0.1176, -0.1349959893586357, -2.1342, 0.2635, 1.0, 0.2353]
	 >>> Resetting the solution to avoid local optima.
	 ->['GGAAAACCAGGAAAACC', '((....)).........', 0.1176, -0.10810565308153613, -0.8711, 0.2233, 1.0, 0.2353]
	 >>> Resetting the solution to avoid local optima.
	 ->['CCAAAAGGACCAAAAGG', '((....)).........', 0.1176, -0.22692884214082137, -0.9141, 0.2019, 1.0, 0.2353]
	 ->['GGGUAACCACCAGUGGG', '((....)).........', 0.1176, -0.12487124928183367, -2.7822, 0.3363, 1.0, 0.2353]
	 >>> Resetting the solution to avoid local optima.
	 ->['CCAAAAGGACCAAAAGG', '((....)).........', 0.1176, -0.22692884214082137, -0.9141, 0.2019, 1.0, 0.2353]
	 ->['CCGAGAGGACCAUAGGG', '((....)).........', 0.1176, -0.190500312976749, -1.7219, 0.2209, 1.0, 0.2353]
	 >>> Resetting the solution to avoid local optima.
	 ->['CCAAAAGGACCAAAAGG', '((....)).........', 0.1176, -0.22692884214082137, -0.9141, 0.2019, 1.0, 0.2353]
	 ->['GCUACCGCGCCUCAUGG', '((....)).........', 0.1176, -0.3237942534928269, -1.595, 0.2022, 1.0, 0.2353]
	 >>> Resetting the solution to avoid local optima.
	 ->['CCAAAAGGACCAAAAGG', '((....)).........', 0.1176, -0.22692884214082137, -0.9141, 0.2019, 1.0, 0.2353]
	 ->['CCAAAGGGACCACAGGG', '((....)).........', 0.1176, -0.10802865887738067, -1.1715, 0.3121, 1.0, 0.2353]
	 >>> Resetting the solution to avoid local optima.
	 ->['GGAAAACCAGGAAAACC', '((....)).........', 0.1176, -0.10810565308153613, -0.8711, 0.2233, 1.0, 0.2353]
	 >>> Resetting the solution to avoid local optima.
	 ->['CCAAAAGGACCAAAAGG', '((....)).........', 0.1176, -0.22692884214082137, -0.9141, 0.2019, 1.0, 0.2353]
	 >>> Resetting the solution to avoid local optima.
	 ->['GGAAAACCAGGAAAACC', '((....)).........', 0.1176, -0.10810565308153613, -0.8711, 0.2233, 1.0, 0.2353]
	 >>> Resetting the solution to avoid local optima.
	 ->['CCAAAAGGACCAAAAGG', '((....)).........', 0.1176, -0.22692884214082137, -0.9141, 0.2019, 1.0, 0.2353]
	 ->['CCAGAGGGACCGGAUGG', '((....)).........', 0.1176, -0.10022357896411935, -1.3178, 0.386, 1.0, 0.2353]
	 >>> Resetting the solution to avoid local optima.
	 ->['CCAAAAGGACCAAAAGG', '((....)).........', 0.1176, -0.22692884214082137, -0.9141, 0.2019, 1.0, 0.2353]
	 ->['GCUCACGCGCCCAUGGG', '((....)).........', 0.1176, -0.05239240109120837, -1.6175, 0.3796, 1.0, 0.2353]
	 >>> Resetting the solution to avoid local optima.
	 ->['CCAAAAGGACCAAAAGG', '((....)).........', 0.1176, -0.22692884214082137, -0.9141, 0.2019, 1.0, 0.2353]
	 ->['GCACAAGCACCAGGUGG', '((....)).........', 0.1176, -0.1892152002127439, -1.7261, 0.3363, 1.0, 0.2353]
	 >>> Resetting the solution to avoid local optima.
	 ->['CCAAAAGGACCAAAAGG', '((....)).........', 0.1176, -0.22692884214082137, -0.9141, 0.2019, 1.0, 0.2353]
	 >>> Resetting the solution to avoid local optima.
	 ->['CCAAAAGGACCAAAAGG', '((....)).........', 0.1176, -0.22692884214082137, -0.9141, 0.2019, 1.0, 0.2353]
	 >>> Resetting the solution to avoid local optima.
	 ->['GGAAAACCAGGAAAACC', '((....)).........', 0.1176, -0.10810565308153613, -0.8711, 0.2233, 1.0, 0.2353]
	 >>> Resetting the solution to avoid local optima.
	 ->['GGAAAACCAGGAAAACC', '((....)).........', 0.1176, -0.10810565308153613, -0.8711, 0.2233, 1.0, 0.2353]
	 >>> Resetting the solution to avoid local optima.
	 ->['CCAAAAGGACCAAAAGG', '((....)).........', 0.1176, -0.22692884214082137, -0.9141, 0.2019, 1.0, 0.2353]
	 ->['CCAAAAGGACCAAGAGG', '((....)).........', 0.1176, -0.2265722923462628, -0.915, 0.2022, 1.0, 0.2353]
	 >>> Resetting the solution to avoid local optima.
	 ->['CCAAAAGGACCAAAAGG', '((....)).........', 0.1176, -0.22692884214082137, -0.9141, 0.2019, 1.0, 0.2353]
	 ->['GCACCCGCAGCGUUUGC', '((....)).........', 0.1176, -0.10241708329836907, -1.9044, 0.396, 1.0, 0.2353]
	 >>> Resetting the solution to avoid local optima.
	 ->['GGAAAACCAGGAAAACC', '((....)).........', 0.1176, -0.10810565308153613, -0.8711, 0.2233, 1.0, 0.2353]
	 >>> Resetting the solution to avoid local optima.
	 ->['CCAAAAGGACCAAAAGG', '((....)).........', 0.1176, -0.22692884214082137, -0.9141, 0.2019, 1.0, 0.2353]
	 ->['CCAAAAGGACCAAAAGG', '((....)).........', 0.1176, -0.22692884214082137, -0.9141, 0.2019, 1.0, 0.2353]
	 ->['GCCUCGGCACCGUCAGG', '((....)).((....))', 0.0, -0.5127644451193144, -3.5117, 0.2319, 1.0, 0.0]
	 >>> Resetting the solution to avoid local optima.
	 ->['CCAAAAGGACCAAAAGG', '((....)).........', 0.1176, -0.22692884214082137, -0.9141, 0.2019, 1.0, 0.2353]
	 ->['CCGGCAGGACCCUUUGG', '((....)).........', 0.1176, -0.07228280681431601, -1.7192, 0.4194, 1.0, 0.2353]
	 >>> Resetting the solution to avoid local optima.
	 ->['GGAAAACCAGGAAAACC', '((....)).........', 0.1176, -0.10810565308153613, -0.8711, 0.2233, 1.0, 0.2353]
	 >>> Resetting the solution to avoid local optima.
	 ->['GGAAAACCAGGAAAACC', '((....)).........', 0.1176, -0.10810565308153613, -0.8711, 0.2233, 1.0, 0.2353]
	 >>> Resetting the solution to avoid local optima.
	 ->['CCAAAAGGACCAAAAGG', '((....)).........', 0.1176, -0.22692884214082137, -0.9141, 0.2019, 1.0, 0.2353]
	 >>> Resetting the solution to avoid local optima.
	 ->['CCAAAAGGACCAAAAGG', '((....)).........', 0.1176, -0.22692884214082137, -0.9141, 0.2019, 1.0, 0.2353]
	 >>> Resetting the solution to avoid local optima.
	 ->['GGAAAACCAGGAAAACC', '((....)).........', 0.1176, -0.10810565308153613, -0.8711, 0.2233, 1.0, 0.2353]
	 ->['GCGCAGGCAGGCUUACC', '((....)).........', 0.1176, -0.09575517922653264, -2.3459, 0.2877, 1.0, 0.2353]
	 >>> Resetting the solution to avoid local optima.
	 ->['CCAAAAGGACCAAAAGG', '((....)).........', 0.1176, -0.22692884214082137, -0.9141, 0.2019, 1.0, 0.2353]
	 >>> Resetting the solution to avoid local optima.
	 ->['GGAAAACCAGGAAAACC', '((....)).........', 0.1176, -0.10810565308153613, -0.8711, 0.2233, 1.0, 0.2353]
	 ->['GGGCUACCACCGGGCGG', '((....)).........', 0.1176, -0.16340087849104373, -2.7165, 0.3901, 1.0, 0.2353]
	 >>> Resetting the solution to avoid local optima.
	 ->['CCAAAAGGACCAAAAGG', '((....)).........', 0.1176, -0.22692884214082137, -0.9141, 0.2019, 1.0, 0.2353]
	 ->['CCAACAGGACCAAAAGG', '((....)).........', 0.1176, -0.22669599326150358, -0.9147, 0.2022, 1.0, 0.2353]
	 >>> Resetting the solution to avoid local optima.
	 ->['GGAAAACCAGGAAAACC', '((....)).........', 0.1176, -0.10810565308153613, -0.8711, 0.2233, 1.0, 0.2353]
	 ->['GGUGUACCAGCAACUGC', '((....)).........', 0.1176, -0.08233935621416222, -1.5389, 0.4834, 1.0, 0.2353]
	 >>> Resetting the solution to avoid local optima.
	 ->['CCAAAAGGACCAAAAGG', '((....)).........', 0.1176, -0.22692884214082137, -0.9141, 0.2019, 1.0, 0.2353]
	 ->['CCAAAAGGACCAGCGGG', '((....)).........', 0.1176, -0.1453477032155211, -1.0887, 0.2548, 1.0, 0.2353]
	 >>> Resetting the solution to avoid local optima.
	 ->['CCAAAAGGACCAAAAGG', '((....)).........', 0.1176, -0.22692884214082137, -0.9141, 0.2019, 1.0, 0.2353]
	 ->['CCAAUAGGACCAAAAGG', '((....)).........', 0.1176, -0.22672682187306195, -0.9146, 0.2022, 1.0, 0.2353]
	 >>> Resetting the solution to avoid local optima.
	 ->['GGAAAACCAGGAAAACC', '((....)).........', 0.1176, -0.10810565308153613, -0.8711, 0.2233, 1.0, 0.2353]
	 ->['GGGAAACCAGGUCCGCC', '((....)).........', 0.1176, -0.07869921138818231, -2.4668, 0.4074, 1.0, 0.2353]
	 >>> Resetting the solution to avoid local optima.
	 ->['CCAAAAGGACCAAAAGG', '((....)).........', 0.1176, -0.22692884214082137, -0.9141, 0.2019, 1.0, 0.2353]
	 >>> Resetting the solution to avoid local optima.
	 ->['GGAAAACCAGGAAAACC', '((....)).........', 0.1176, -0.10810565308153613, -0.8711, 0.2233, 1.0, 0.2353]
	 ->['GGAUAACCAGGACGACC', '((....)).........', 0.1176, -0.10673632830584989, -0.879, 0.2266, 1.0, 0.2353]
	 >>> Resetting the solution to avoid local optima.
	 ->['GGAAAACCAGGAAAACC', '((....)).........', 0.1176, -0.10810565308153613, -0.8711, 0.2233, 1.0, 0.2353]
	 >>> Resetting the solution to avoid local optima.
	 ->['GGAAAACCAGGAAAACC', '((....)).........', 0.1176, -0.10810565308153613, -0.8711, 0.2233, 1.0, 0.2353]
	 ->['GGUAUUCCAGGUAGACC', '((....)).........', 0.1176, -0.1163534928496817, -1.3258, 0.2365, 1.0, 0.2353]
	 >>> Resetting the solution to avoid local optima.
	 ->['CCAAAAGGACCAAAAGG', '((....)).........', 0.1176, -0.22692884214082137, -0.9141, 0.2019, 1.0, 0.2353]
	 ->['CCAAUAGGACCAUUAGG', '((....)).........', 0.1176, -0.21749339232757073, -0.9403, 0.2231, 1.0, 0.2353]
	 >>> Resetting the solution to avoid local optima.
	 ->['CCAAAAGGACCAAAAGG', '((....)).........', 0.1176, -0.22692884214082137, -0.9141, 0.2019, 1.0, 0.2353]
	 ->['GCACUUGCGCCAAAAGG', '((....)).........', 0.1176, -0.16042430987564957, -1.5278, 0.2834, 1.0, 0.2353]
	 >>> Resetting the solution to avoid local optima.
	 ->['CCAAAAGGACCAAAAGG', '((....)).........', 0.1176, -0.22692884214082137, -0.9141, 0.2019, 1.0, 0.2353]
	 ->['CCGCAAGGGCCUAGGGG', '((....)).........', 0.1176, -0.037262291730598494, -2.2276, 0.4353, 1.0, 0.2353]
	 >>> Resetting the solution to avoid local optima.
	 ->['CCAAAAGGACCAAAAGG', '((....)).........', 0.1176, -0.22692884214082137, -0.9141, 0.2019, 1.0, 0.2353]
	 >>> Resetting the solution to avoid local optima.
	 ->['CCAAAAGGACCAAAAGG', '((....)).........', 0.1176, -0.22692884214082137, -0.9141, 0.2019, 1.0, 0.2353]
	 >>> Resetting the solution to avoid local optima.
	 ->['CCAAAAGGACCAAAAGG', '((....)).........', 0.1176, -0.22692884214082137, -0.9141, 0.2019, 1.0, 0.2353]
	 >>> Resetting the solution to avoid local optima.
	 ->['GGAAAACCAGGAAAACC', '((....)).........', 0.1176, -0.10810565308153613, -0.8711, 0.2233, 1.0, 0.2353]
	 ->['GGUAUACCAGGGCACCC', '((....)).........', 0.1176, -0.1070476329277658, -1.2772, 0.344, 1.0, 0.2353]
	 >>> Resetting the solution to avoid local optima.
	 ->['GGAAAACCAGGAAAACC', '((....)).........', 0.1176, -0.10810565308153613, -0.8711, 0.2233, 1.0, 0.2353]
	 ->['GGAGUCCCACCGCUUGG', '((....)).........', 0.1176, -0.14987284455132524, -1.7698, 0.4147, 1.0, 0.2353]
	 >>> Resetting the solution to avoid local optima.
	 ->['GGAAAACCAGGAAAACC', '((....)).........', 0.1176, -0.10810565308153613, -0.8711, 0.2233, 1.0, 0.2353]
	 ->['GGGAAACCAGGGGGUCC', '((....)).........', 0.1176, -0.07697843781279307, -2.8804, 0.5074, 1.0, 0.2353]
	 >>> Resetting the solution to avoid local optima.
	 ->['GGAAAACCAGGAAAACC', '((....)).........', 0.1176, -0.10810565308153613, -0.8711, 0.2233, 1.0, 0.2353]
	 >>> Resetting the solution to avoid local optima.
	 ->['CCAAAAGGACCAAAAGG', '((....)).........', 0.1176, -0.22692884214082137, -0.9141, 0.2019, 1.0, 0.2353]
	 ->['CCAAAGGGACCAAAAGG', '((....)).........', 0.1176, -0.18960719077712565, -0.9248, 0.232, 1.0, 0.2353]
	 >>> Resetting the solution to avoid local optima.
	 ->['GGAAAACCAGGAAAACC', '((....)).........', 0.1176, -0.10810565308153613, -0.8711, 0.2233, 1.0, 0.2353]
	 ->['GGAAAACCAGGAAAACC', '((....)).........', 0.1176, -0.10810565308153613, -0.8711, 0.2233, 1.0, 0.2353]
	 >>> Resetting the solution to avoid local optima.
	 ->['CCAAAAGGACCAAAAGG', '((....)).........', 0.1176, -0.22692884214082137, -0.9141, 0.2019, 1.0, 0.2353]
	 ->['GCACAUGCACCAACAGG', '((....)).........', 0.1176, -0.3080144134292709, -1.4258, 0.1535, 1.0, 0.2353]
	 >>> Resetting the solution to avoid local optima.
	 ->['CCAAAAGGACCAAAAGG', '((....)).........', 0.1176, -0.22692884214082137, -0.9141, 0.2019, 1.0, 0.2353]
	 ->['GCUGUUGCACCGUACGG', '((....)).........', 0.1176, -0.22363148699535895, -2.2231, 0.3411, 1.0, 0.2353]
	 >>> Resetting the solution to avoid local optima.
	 ->['CCAAAAGGACCAAAAGG', '((....)).........', 0.1176, -0.22692884214082137, -0.9141, 0.2019, 1.0, 0.2353]
	 ->['GCAUAGGCGCCGCGUGG', '((....)).........', 0.1176, -0.09077469690135738, -1.7788, 0.4266, 1.0, 0.2353]
	 >>> Resetting the solution to avoid local optima.
	 ->['GGAAAACCAGGAAAACC', '((....)).........', 0.1176, -0.10810565308153613, -0.8711, 0.2233, 1.0, 0.2353]
	 ->['GGGACGCCAGGCAUGCC', '((....)).........', 0.1176, -0.07824591798926424, -2.1703, 0.3806, 1.0, 0.2353]
	 >>> Resetting the solution to avoid local optima.
	 ->['GGAAAACCAGGAAAACC', '((....)).........', 0.1176, -0.10810565308153613, -0.8711, 0.2233, 1.0, 0.2353]
	 >>> Resetting the solution to avoid local optima.
	 ->['CCAAAAGGACCAAAAGG', '((....)).........', 0.1176, -0.22692884214082137, -0.9141, 0.2019, 1.0, 0.2353]
	 ->['GCCGAGGCACCGAAUGG', '((....)).........', 0.1176, -0.3281258701057661, -1.9868, 0.1505, 1.0, 0.2353]
	 >>> Resetting the solution to avoid local optima.
	 ->['GGAAAACCAGGAAAACC', '((....)).........', 0.1176, -0.10810565308153613, -0.8711, 0.2233, 1.0, 0.2353]
	 >>> Resetting the solution to avoid local optima.
	 ->['GGAAAACCAGGAAAACC', '((....)).........', 0.1176, -0.10810565308153613, -0.8711, 0.2233, 1.0, 0.2353]
	 >>> Resetting the solution to avoid local optima.
	 ->['CCAAAAGGACCAAAAGG', '((....)).........', 0.1176, -0.22692884214082137, -0.9141, 0.2019, 1.0, 0.2353]
	 ->['GCAAACGCACCACAGGG', '((....)).........', 0.1176, -0.2115185751591448, -1.5574, 0.1909, 1.0, 0.2353]
	 >>> Resetting the solution to avoid local optima.
	 ->['CCAAAAGGACCAAAAGG', '((....)).........', 0.1176, -0.22692884214082137, -0.9141, 0.2019, 1.0, 0.2353]
	 ->['CCGCGAGGGCCUUUGGG', '((....)).........', 0.1176, -0.09134018489226302, -2.575, 0.5161, 1.0, 0.2353]
	 >>> Resetting the solution to avoid local optima.
	 ->['GGAAAACCAGGAAAACC', '((....)).........', 0.1176, -0.10810565308153613, -0.8711, 0.2233, 1.0, 0.2353]




RNA sequences found with GC-content <= 0.48:

RNA sequences found with GC-content > 0.48:
@@ GGGAGGCCAGCGAAAGC 1.0
@@ GGGAAGCCAGCGAAAGC 1.0
@@ GGGAAGCCAGCGACAGC 1.0
@@ GCGAAGGCAGCGACAGC 1.0
@@ GCGGAGGCAGCGACAGC 1.0
@@ GCGUAGGCAGCGACAGC 1.0
@@ GCGUGGGCAGCGACAGC 1.0
@@ GGGUAACCAGCUGCGGC 1.0
@@ GGGGAACCAGCUGCGGC 1.0
@@ GGGCAACCAGCUGCGGC 1.0
@@ GGGCAACCACCUGCGGG 1.0
@@ GGGGAACCACCUGCGGG 1.0
@@ GGGGUACCACCUGCGGG 1.0
@@ GGGGUACCACCUACGGG 1.0
@@ GGGGGACCACCUACGGG 1.0
@@ GCAAGAGCACCGAAAGG 1.0
@@ GCAAGAGCACCGCAAGG 1.0
@@ GCACGAGCACCGCAAGG 1.0
@@ GCACGAGCACCGUAAGG 1.0
@@ GCACGAGCACCGUAGGG 1.0
@@ GCACGAGCACCGUUGGG 1.0
@@ GCACGAGCAGCGUUGGC 1.0
@@ GCACGGGCAGCGUUGGC 1.0
@@ GCACGUGCAGCGUUGGC 1.0
@@ GGGUAACCAGGGCUGCC 1.0
@@ GCGUAAGCAGGGCUGCC 1.0
@@ GCGUGAGCAGGGCUGCC 1.0
@@ GCGUUAGCAGGGCUGCC 1.0
@@ GCGUUAGCAGGGCUACC 1.0
@@ GCGUUGGCAGGGCUACC 1.0
@@ GGGACACCAGGGAGACC 1.0
@@ GGGACACCAGGGGGACC 1.0
@@ GGGGCACCAGGGGGACC 1.0
@@ GGGCCACCAGGGGGACC 1.0
@@ CCGACAGGACCCAAGGG 1.0
@@ CCGCCAGGACCCAAGGG 1.0
@@ CCGCGAGGACCCAAGGG 1.0
@@ CCGCGAGGGCCCAAGGG 1.0
@@ CCGCGAGGGCCGAAGGG 1.0
@@ GCAAUAGCAGCGAAAGC 1.0
@@ GCAAUAGCAGCGUAAGC 1.0
@@ GCAAUAGCAGCGUUAGC 1.0
@@ GCAUUAGCAGCGUUAGC 1.0
@@ GCAUUAGCAGCGUUGGC 1.0
@@ GCAAUAGCAGCGUUGGC 1.0
@@ GCAAUAGCAGCGCUGGC 1.0
@@ GCAUUCGCGCCGGGGGG 1.0
@@ GCAUUCGCGGCGGGGGC 1.0
@@ CCAAAAGGACCUAAGGG 1.0
@@ CCGAAAGGACCUAAGGG 1.0
@@ CCGCAAGGACCUAAGGG 1.0
@@ GCGCAAGCACCUAAGGG 1.0
@@ GCGCAAGCACCCAAGGG 1.0
@@ GCGCUAGCACCCAAGGG 1.0
@@ GCGCUAGCACCGAAGGG 1.0
@@ GCGCGAGCACCGAAGGG 1.0
@@ GCGCGAGCACCGAGGGG 1.0
@@ GCGCCAGCACCGAGGGG 1.0
@@ GCGCCGGCACCGAGGGG 1.0
@@ GCUACUGCGCCGAGGGG 1.0
@@ GCUACGGCGCCGAGGGG 1.0
@@ GCUACGGCGCCGCGGGG 1.0
@@ GCUACGGCACCGCGGGG 1.0
@@ GCUACGGCAGCGCGGGC 1.0
@@ GGGUAACCACCGGUGGG 1.0
@@ GGGGAACCACCGGUGGG 1.0
@@ GGGGGACCACCGGUGGG 1.0
@@ GGGGGACCACCGUUGGG 1.0
@@ GGGGGACCACCGUGGGG 1.0
@@ CCGAGAGGACCGUAGGG 1.0
@@ GCGAGAGCACCGUAGGG 1.0
@@ GCGCGAGCACCGUAGGG 1.0
@@ GCGCUAGCACCGUAGGG 1.0
@@ GCGCUAGCACCGCAGGG 1.0
@@ GCGCCAGCACCGCAGGG 1.0
@@ GCGCCGGCACCGCAGGG 1.0
@@ GCUCCGGCACCGCAGGG 1.0
@@ GCUACCGCACCUCAUGG 1.0
@@ GCUACUGCACCUCAUGG 1.0
@@ GCUAGUGCACCUCAUGG 1.0
@@ GCUGGUGCACCUCAUGG 1.0
@@ GCUCGUGCACCUCAUGG 1.0
@@ GCUCAUGCACCUCAUGG 1.0
@@ CCAAAGGGACCGCAGGG 1.0
@@ CCAGAGGGACCGCAGGG 1.0
@@ CCAGAGGGACCGCGGGG 1.0
@@ CCAGACGGACCGCGGGG 1.0
@@ CCAGACGGGCCGCGGGG 1.0
@@ CCAGAGGGACCGGAGGG 1.0
@@ GCAGAGGCACCGGAGGG 1.0
@@ GCAGCGGCACCGGAGGG 1.0
@@ GCAGCUGCACCGGAGGG 1.0
@@ GCUGCUGCACCGGAGGG 1.0
@@ GCUCACGCGCCCAAGGG 1.0
@@ GCUCGCGCGCCCAAGGG 1.0
@@ GCACGCGCGCCCAAGGG 1.0
@@ GCACGCGCACCCAAGGG 1.0
@@ GCACGCGCACCGAAGGG 1.0
@@ GCACGCGCACCGAUGGG 1.0
@@ GCUCGCGCACCGAUGGG 1.0
@@ GCUCGCGCACCGUUGGG 1.0
@@ GCUCGUGCACCGUUGGG 1.0
@@ GCUGGUGCACCGUUGGG 1.0
@@ GCUGGUGCACCGUAGGG 1.0
@@ GCUGGUGCACCGUGGGG 1.0
@@ GCUGGUGCACCGUCGGG 1.0
@@ GCUGGUGCACCGACGGG 1.0
@@ GCUGGUGCACCUACGGG 1.0
@@ GCUUGUGCACCUACGGG 1.0
@@ GCUUGUGCACCUGCGGG 1.0
@@ GCACAAGCACCUGGUGG 1.0
@@ GCGCAAGCACCUGGUGG 1.0
@@ GCGCAAGCACCUGCUGG 1.0
@@ CCAAAAGGACCGAGAGG 1.0
@@ CCACAAGGACCGAGAGG 1.0
@@ CCGCAAGGACCGAGAGG 1.0
@@ CCGAAAGGACCGAGAGG 1.0
@@ CCGAAGGGACCGAGAGG 1.0
@@ CCGAAGGGACCGAGGGG 1.0
@@ CCGAUGGGACCGAGGGG 1.0
@@ GCGAUGGCACCGAGGGG 1.0
@@ GCGACGGCACCGAGGGG 1.0
@@ GCGACGGCACCGGGGGG 1.0
@@ GCGACGGCACCGGUGGG 1.0
@@ GCGACGGCACCGGCGGG 1.0
@@ GCGAGGGCACCGGCGGG 1.0
@@ GCACCCGCAGCGUUGGC 1.0
@@ GCACCCGCAGCGUAGGC 1.0
@@ GCAACCGCAGCGUAGGC 1.0
@@ GCAACCGCAGCGCAGGC 1.0
@@ CCAAAAGGACCGAAAGG 1.0
@@ CCAAAGGGACCGAAAGG 1.0
@@ CCAUAGGGACCGAAAGG 1.0
@@ CCAUAGGGACCGACAGG 1.0
@@ CCCUAGGGACCGACAGG 1.0
@@ CCCUAGGGACCGUCAGG 1.0
@@ CCCUCGGGACCGUCAGG 1.0
@@ CCCUCGGGACCGACAGG 1.0
@@ CCCUCGGGGCCGACAGG 1.0
@@ GCCUCGGCGCCGACAGG 1.0
@@ GCCUCGGCGCCGUCAGG 1.0
@@ GCCUCGGCACCGUCAGG 1.0
@@ UCCUCGGAACCGUCAGG 0.75
@@ UCCUCGGAACCGGCAGG 0.75
@@ CCGGCAGGACCUUUUGG 1.0
@@ CCGGUAGGACCUUUUGG 1.0
@@ CCGGUAGGACCUUAUGG 1.0
@@ CCGGUAGGACCUGAUGG 1.0
@@ CCGGUGGGACCUGAUGG 1.0
@@ GCGGUGGCACCUGAUGG 1.0
@@ GCGUUGGCACCUGAUGG 1.0
@@ GCGUUGGCACCUGCUGG 1.0
@@ GCGUUGGCACCUGCGGG 1.0
@@ GCGUCGGCACCUGCGGG 1.0
@@ GCCUCGGCACCUGCGGG 1.0
@@ GCGCAGGCAGGGUUACC 1.0
@@ GCGCGGGCAGGGUUACC 1.0
@@ GCGCGGGCAGGGUCACC 1.0
@@ GCGCUGGCAGGGUCACC 1.0
@@ GCGAUGGCAGGGUCACC 1.0
@@ GGGCUACCACCGGGGGG 1.0
@@ GGGCAACCACCGGGGGG 1.0
@@ GGGUAACCACCGGGGGG 1.0
@@ GGGUAACCGCCGGGGGG 1.0
@@ GGGUCACCGCCGGGGGG 1.0
@@ CCAACAGGACCGAAAGG 1.0
@@ CCAACAGGACCGCAAGG 1.0
@@ CCAACAGGGCCGCAAGG 1.0
@@ CCAACUGGGCCGCAAGG 1.0
@@ CCAAUUGGGCCGCAAGG 1.0
@@ CCAAUUGGGCCGCAGGG 1.0
@@ CCUAUUGGGCCGCAGGG 1.0
@@ CCUAUUGGGCCGCUGGG 1.0
@@ CCUAUUGGGCCGUUGGG 1.0
@@ GCUAUUGCGCCGUUGGG 1.0
@@ GCUAUUGCGCCGCUGGG 1.0
@@ GCUAAUGCGCCGCUGGG 1.0
@@ GCUGAUGCGCCGCUGGG 1.0
@@ GCUGAUGCGCCGCGGGG 1.0
@@ GCUGAUGCGCCGUGGGG 1.0
@@ GCUGCUGCGCCGUGGGG 1.0
@@ GCUGCUGCGCCGAGGGG 1.0
@@ GCUGCUGCACCGAGGGG 1.0
@@ GCUGCGGCACCGAGGGG 1.0
@@ GCUGCGGCACCGACGGG 1.0
@@ GCUGCGGCACCGUCGGG 1.0
@@ GCUGCGGCACCCUCGGG 1.0
@@ GCUCCGGCACCCUCGGG 1.0
@@ GGUGUACCAGCUACUGC 1.0
@@ GGUGUUCCAGCUACUGC 1.0
@@ GGUGUUCCAGCUACGGC 1.0
@@ GGUGUUCCAGCUGCGGC 1.0
@@ CCAAAAGGACCCGCGGG 1.0
@@ CCAUAAGGACCCGCGGG 1.0
@@ CCAUAAGGACCUGCGGG 1.0
@@ CCAUCAGGACCUGCGGG 1.0
@@ CCAAUAGGACCGAAAGG 1.0
@@ CCAAUAGGACCGAAGGG 1.0
@@ CCAGUAGGACCGAAGGG 1.0
@@ CCAGUAGGGCCGAAGGG 1.0
@@ CCAGUAGGGCCGUAGGG 1.0
@@ CCAGUAGGGCCGUCGGG 1.0
@@ CCAAUAGGGCCGUCGGG 1.0
@@ CCAAUAGGGCCCUCGGG 1.0
@@ GCAAUAGCGCCCUCGGG 1.0
@@ GCAAUAGCACCCUCGGG 1.0
@@ GCAAGAGCACCCUCGGG 1.0
@@ GCAAGGGCACCCUCGGG 1.0
@@ GGGAAACCAGGGCCGCC 1.0
@@ GGGAAACCAGGGCCACC 1.0
@@ GGGAUACCAGGGCCACC 1.0
@@ GGGACACCAGGGCCACC 1.0
@@ GGAUAACCAGGGCGACC 1.0
@@ GGAUCACCAGGGCGACC 1.0
@@ GGACCACCAGGGCGACC 1.0
@@ GGACCUCCAGGGCGACC 1.0
@@ GGUAUUCCAGGGAGACC 1.0
@@ GCUAUUGCAGGGAGACC 1.0
@@ GCUAUUGCAGCGAGAGC 1.0
@@ GCUAUUGCAGCGAGGGC 1.0
@@ GCUAUUGCAGCGCGGGC 1.0
@@ GCUAUUGCAGCGCAGGC 1.0
@@ GCUAUUGCAGCGCAAGC 1.0
@@ GCUUUUGCAGCGCAAGC 1.0
@@ CCAAUAGGACCGUUAGG 1.0
@@ CCAAUAGGACCGGUAGG 1.0
@@ CCAAUGGGACCGGUAGG 1.0
@@ CCAAGGGGACCGGUAGG 1.0
@@ CCAAGCGGACCGGUAGG 1.0
@@ CCACGCGGACCGGUAGG 1.0
@@ CCACGCGGGCCGGUAGG 1.0
@@ GCACGCGCGCCGGUAGG 1.0
@@ GCACGCGCACCGGUAGG 1.0
@@ GCACGUGCACCGGUAGG 1.0
@@ GCACGUGCAGCGGUAGC 1.0
@@ GCUCGUGCAGCGGUAGC 1.0
@@ GCUCGUGCAGCGGUGGC 1.0
@@ GCUCGUGCAGCGAUGGC 1.0
@@ GCACUUGCGCCGAAAGG 1.0
@@ GCACUUGCGCCGGAAGG 1.0
@@ GCACUUGCACCGGAAGG 1.0
@@ GCUCUUGCACCGGAAGG 1.0
@@ GCUCUUGCAGCGGAAGC 1.0
@@ GCUCGUGCAGCGGAAGC 1.0
@@ GCUCGUGCAGCGAUAGC 1.0
@@ CCGCAAGGGCCUACGGG 1.0
@@ CCGCAAGGGCCUCCGGG 1.0
@@ GCGCAAGCGCCUCCGGG 1.0
@@ GCGCGAGCGCCUCCGGG 1.0
@@ GCGCGAGCACCUCCGGG 1.0
@@ GCGAGAGCACCUCCGGG 1.0
@@ GCGAGAGCGCCUCCGGG 1.0
@@ GGUAUACCAGGGCAGCC 1.0
@@ GGUAGACCAGGGCAGCC 1.0
@@ GGGAGACCAGGGCAGCC 1.0
@@ GGGAGACCAGGGCAACC 1.0
@@ GGGAGACCAGGGCUACC 1.0
@@ GGGAGACCAGGGCGACC 1.0
@@ GGGCGACCAGGGCGACC 1.0
@@ GGGCUACCAGGGCGACC 1.0
@@ GGAGUCCCACCGCUAGG 1.0
@@ GGAGUCCCACCGCCAGG 1.0
@@ GGAGCCCCACCGCCAGG 1.0
@@ GGAGACCCACCGCCAGG 1.0
@@ GGGAAACCAGGGGGACC 1.0
@@ GGGAAACCAGGGGUACC 1.0
@@ GGGAGACCAGGGGUACC 1.0
@@ GGGGGACCAGGGGUACC 1.0
@@ CCAAAGGGACCGAGAGG 1.0
@@ CCAAAGGGACCGCGAGG 1.0
@@ CCAAACGGACCGCGAGG 1.0
@@ CCAAACGGACCGCCAGG 1.0
@@ CCACACGGACCGCCAGG 1.0
@@ GCACACGCACCGCCAGG 1.0
@@ GCACCCGCACCGCCAGG 1.0
@@ GCAGCCGCACCGCCAGG 1.0
@@ GCAGCCGCACCGCAAGG 1.0
@@ GCAGCAGCACCGCAAGG 1.0
@@ GCAGCAGCACCGCGAGG 1.0
@@ GCAGCAGCACCGCGGGG 1.0
@@ GGAAAACCAGGGAAACC 1.0
@@ GGAACACCAGGGAAACC 1.0
@@ GCAACAGCAGGGAAACC 1.0
@@ GCAUCAGCAGGGAAACC 1.0
@@ GCAUCAGCAGGGCAACC 1.0
@@ GCAUCUGCAGGGCAACC 1.0
@@ GCAUCCGCAGGGCAACC 1.0
@@ GCAACCGCAGGGCAACC 1.0
@@ GCGACCGCAGGGCAACC 1.0
@@ GCGACCGCAGGGCCACC 1.0
@@ GCGACAGCAGGGCCACC 1.0
@@ GCACAUGCACCGACAGG 1.0
@@ GCAGAUGCACCGACAGG 1.0
@@ GCAGAUGCACCGCCAGG 1.0
@@ GCAGAUGCACCGCGAGG 1.0
@@ GCAGCUGCACCGCGAGG 1.0
@@ GCAGCUGCACCGCAAGG 1.0
@@ GCUGCUGCACCGCAAGG 1.0
@@ GCUCCUGCACCGCAAGG 1.0
@@ GCUCCGGCACCGCAAGG 1.0
@@ GCUCCGGCACCGCUAGG 1.0
@@ GCUCCGGCAGCGCUAGC 1.0
@@ GCUGUUGCACCGUAAGG 1.0
@@ GCUGGUGCACCGUAAGG 1.0
@@ GCUGGUGCACCGUUAGG 1.0
@@ GCUGCUGCACCGUGGGG 1.0
@@ GCAUAGGCGCCGCGGGG 1.0
@@ GCUUAGGCGCCGCGGGG 1.0
@@ GCUUAGGCGCCGUGGGG 1.0
@@ GCUUAGGCGCCGUAGGG 1.0
@@ GCUUAGGCACCGUAGGG 1.0
@@ GCGUAGGCACCGUAGGG 1.0
@@ GGGUAGCCACCGUAGGG 1.0
@@ GGGUGGCCACCGUAGGG 1.0
@@ GGGUGGCCACCGUGGGG 1.0
@@ GGGUGACCACCGUGGGG 1.0
@@ GGGACGCCAGGGAUGCC 1.0
@@ GGGACACCAGGGAUGCC 1.0
@@ GGGAGACCAGGGAUGCC 1.0
@@ GGGAGACCAGGGAUACC 1.0
@@ GGGCGACCAGGGGUACC 1.0
@@ GCCGAGGCACCUAAUGG 1.0
@@ GCCCAGGCACCUAAUGG 1.0
@@ GCCCAGGCACCUAGUGG 1.0
@@ GCGCAGGCACCUAGUGG 1.0
@@ GCGCAGGCACCUACUGG 1.0
@@ GCGCAGGCACCUACGGG 1.0
@@ GCGCGGGCACCUACGGG 1.0
@@ GCGCGGGCAGCUACGGC 1.0
@@ GCGCGGGCGGCUACGGC 1.0
@@ GGAUAACCAGGGAAACC 1.0
@@ GGAUAACCAGGGCAACC 1.0
@@ GGAUAACCAGGGGAACC 1.0
@@ GGAUAGCCAGGGGAACC 1.0
@@ GGAGAGCCAGGGGAACC 1.0
@@ GGAGCGCCAGGGGAACC 1.0
@@ GGCGCGCCAGGGGAACC 1.0
@@ GGGGCGCCAGGGGAACC 1.0
@@ GCAAACGCACCCCAGGG 1.0
@@ GCAGACGCACCCCAGGG 1.0
@@ GCACACGCACCCCAGGG 1.0
@@ GCACACGCACCCAAGGG 1.0
@@ GCACGGGCACCCAAGGG 1.0
@@ GCACGGGCACCGAAGGG 1.0
@@ GCACGGGCACCGAGGGG 1.0
@@ GCACGGGCACCGACGGG 1.0
@@ GCACGGGCACCUACGGG 1.0
@@ GCACUGGCACCUACGGG 1.0
@@ GCGCUGGCACCUACGGG 1.0
@@ GCGUUGGCACCUACGGG 1.0
@@ CCGCGAGGACCUUUGGG 1.0
@@ GCGCGAGCACCUUUGGG 1.0
@@ GCGCAAGCACCUUUGGG 1.0
@@ GCGGAAGCACCUUUGGG 1.0
@@ GCGGGAGCACCUUUGGG 1.0
@@ GCGGGAGCACCUUUUGG 1.0


Elapsed time:                   86400.01405453682 secs.
Number of function evaluations: 106479553
----------------------------------------------------------------------


---------------------------------------
 FINISHED SUCCESSFULLY 
---------------------------------------
