
-----------------------------------------------------------------------
   _____ _____  ______ ______ _____             _____  _   _           
  / ____|  __ \|  ____|  ____|  __ \           |  __ \| \ | |   /\     
 | |  __| |__) | |__  | |__  | |  | |  ______  | |__) |  \| |  /  \    
 | | |_ |  _  /|  __| |  __| | |  | | |______| |  _  /| . ` | / /\ \   
 | |__| | | \ \| |____| |____| |__| |          | | \ \| |\  |/ ____ \  
  \_____|_|  \_\______|______|_____/           |_|  \_\_| \_/_/    \_\ 
       
                                       -- A. Rubio-Largo et al. 2023
-----------------------------------------------------------------------

------------------------------------------------------------------------------------------------------------------
CONFIGURATION: 

 * TARGET:           ((((...)))).
 * STOPPING:         86400 secs.
 * SEED:             2
 * NO. OF SOLUTIONS: 1
 * max. GC-cont.:    0.48
 * MODEL:            TURNER2004
 * MUTATION PROB:    0.01
 * STAGNATION LIMIT: 50
------------------------------------------------------------------------------------------------------------------


 (1) Let's minimize the base-pair distance between predicted and target structures
    -> Min(Base-pair distance), min(Hamming distance), max(probability over ensemble), min(partition function), min(ensemble defect), min(%GC-content)


	 ->['CCCCAAAGGGGA', '((((...)))).', 0.0, -0.898519513914666, -5.666, 0.0568, 1.0, 0.0]


    -> Found sequence! Elapsed time:                   0.010933160781860352 secs.


 (2) We found a sequence that folds exactly like the target structure. Let's minimize the GC-content
    -> ORDER: Min(Base-pair distance), min(Hamming distance), min(GC-content), min(partition function), min(ensemble defect), max(probability over ensemble))


	 >>> Resetting the solution to avoid local optima.
	 ->['GGGGAAACCCCA', '((((...)))).', 0.0, -0.9037325418971706, -6.2624, 0.0482, 1.0, 0.0]
	 ->['GGGGAAACCCCA', '((((...)))).', 0.0, -0.9037325418971706, -6.2624, 0.0482, 1.0, 0.0]
	 ->['GGUGAGACGCCA', '((((...)))).', 0.0, -0.8975709310789434, -3.5666, 0.0197, 0.75, 0.0]
	 ->['UGACGUCGUCAG', '((((...)))).', 0.0, -0.7459880763570027, -1.7806, 0.0732, 0.5, 0.0]


    -> Finished!! Elaapsed time:                   0.08865904808044434 secs.




RNA sequences found with GC-content <= 0.48:
## UGAUGUCGUCAG 0.25

RNA sequences found with GC-content > 0.48:
@@ CCCCAAAGGGGA 1.0
@@ GCCCAAAGGGCA 1.0
@@ GGGGAAACCCCA 1.0
@@ GGGGAAACUCCA 0.75
@@ GGGGAGACUCCA 0.75
@@ GGUGAGACGCCA 0.75
@@ UGUGAGACGCGA 0.5
@@ UGUCAGAGGCGA 0.5
@@ UGUCAGAGGCAA 0.5
@@ UGUCACAGGCAA 0.5
@@ UGUCUCAGGCAA 0.5
@@ UGUCUCAGACAA 0.5
@@ UGUCACAGACAA 0.5
@@ UGUCACCGACAA 0.5
@@ UGUCAUCGACAA 0.5
@@ UGUCCUCGACAA 0.5
@@ UGUCCUCGACAG 0.5
@@ UGUCGUCGACAG 0.5
@@ UGACGUCGUCAG 0.5


Elapsed time:                   0.08879685401916504 secs.
Number of function evaluations: 123
----------------------------------------------------------------------


---------------------------------------
 FINISHED SUCCESSFULLY 
---------------------------------------
