
-----------------------------------------------------------------------
   _____ _____  ______ ______ _____             _____  _   _           
  / ____|  __ \|  ____|  ____|  __ \           |  __ \| \ | |   /\     
 | |  __| |__) | |__  | |__  | |  | |  ______  | |__) |  \| |  /  \    
 | | |_ |  _  /|  __| |  __| | |  | | |______| |  _  /| . ` | / /\ \   
 | |__| | | \ \| |____| |____| |__| |          | | \ \| |\  |/ ____ \  
  \_____|_|  \_\______|______|_____/           |_|  \_\_| \_/_/    \_\ 
       
                                       -- A. Rubio-Largo et al. 2023
-----------------------------------------------------------------------

------------------------------------------------------------------------------------------------------------------
CONFIGURATION: 

 * TARGET:           .((.((.((..((.(...).)).))..))....)).
 * STOPPING:         86400 secs.
 * SEED:             6
 * NO. OF SOLUTIONS: 1
 * max. GC-cont.:    0.48
 * MODEL:            TURNER2004
 * MUTATION PROB:    0.01
 * STAGNATION LIMIT: 50
------------------------------------------------------------------------------------------------------------------


 (1) Let's minimize the base-pair distance between predicted and target structures
    -> Min(Base-pair distance), min(Hamming distance), max(probability over ensemble), min(partition function), min(ensemble defect), min(%GC-content)


	 ->['ACCACCACCAACCACAAAGAGGAGGAAGGAAAAGGA', '.((.((.((...........)).))..)).......', 0.4167, -0.0006013949554065783, -3.7708, 0.3925, 1.0, 0.1667]
	 ->['ACCACCACCAACCACAAAGAGGAGGAAGGAAAAGGA', '.((.((.((...........)).))..)).......', 0.4167, -0.0006013949554065783, -3.7708, 0.3925, 1.0, 0.1667]
	 ->['AGCACCACCAACCACAAAGAGGAGGAAGGAAAAGCA', '.((....((..((.(......).))..))....)).', 0.3333, -0.001060635579148276, -3.9211, 0.356, 1.0, 0.1111]
	 ->['AGCACCACCAACCAGAAACAGGAGGAAGGAAAAGCA', '.((....((..((..........))..))....)).', 0.3056, -0.0021403058759511136, -3.4884, 0.3167, 1.0, 0.1667]
	 >>> Resetting the solution to avoid local optima.
	 ->['ACCACCACCAACCACAAAGAGGAGGAAGGAAAAGGA', '.((.((.((...........)).))..)).......', 0.4167, -0.0006013949554065783, -3.7708, 0.3925, 1.0, 0.1667]
	 ->['ACCACCACCAACCACAAAGGGGAGGAAGGAAAAGGA', '....((.((..((......))..))..)).......', 0.1944, -5.234495547238809e-05, -5.6755, 0.3936, 1.0, 0.2222]
	 ->['ACCACCACCAACCCCAAAGGGGAGGAAGGAAAAGGA', '....((..(..((((...))))..)..)).......', 0.1667, -3.558535066963831e-07, -8.7516, 0.2804, 1.0, 0.2222]
	 ->['ACCACCAGCAACGCCAAAGGCGAGUAAGGAAAAGGA', '....((.....((((...)))).....)).......', 0.1389, -5.614408070985397e-07, -6.2706, 0.2428, 1.0, 0.2778]
	 ->['GGCACCAGCAACGCCAAAGGCGAGUGAGGAAAAGCA', '....((.((..((((...)))).))..)).......', 0.0833, -1.42743801009137e-06, -7.1954, 0.2524, 0.875, 0.1667]
	 ->['AGCAGGAGCAAGAUGAUACGUCGGCGACCUAAAGCA', '.(((((.((..((((...)))).))..)))...)).', 0.0556, -2.8520470157326487e-05, -7.7497, 0.1416, 0.7273, 0.1111]
	 >>> Resetting the solution to avoid local optima.
	 ->['AGGAGGAGGAAGGAGAAACACCACCAACCAAAACCA', '.((....((..((.(......).))..))....)).', 0.3333, -0.0007543586925342024, -4.0311, 0.4203, 1.0, 0.1111]
	 ->['AGGAGGAGGAAGGAGAAACACCACCGACCAAAACCA', '.((....((..((.(......).))..))....)).', 0.3333, -0.0008905082583679695, -5.2289, 0.4221, 1.0, 0.1111]
	 ->['AGGAGGAAGAAGGAGAAACGCCACUGACCAAAACCA', '....((.((..((.......)).))..)).......', 0.0833, -0.014279775763885495, -2.6187, 0.3216, 0.8333, 0.1667]
	 >>> Resetting the solution to avoid local optima.
	 ->['AGGAGGAGGAAGGAGAAACACCACCAACCAAAACCA', '.((....((..((.(......).))..))....)).', 0.3333, -0.0007543586925342024, -4.0311, 0.4203, 1.0, 0.1111]
	 ->['AGGAGGAGGAAGGAGAAACACCACCAACCAAAACCA', '.((....((..((.(......).))..))....)).', 0.3333, -0.0007543586925342024, -4.0311, 0.4203, 1.0, 0.1111]
	 ->['AGGAGGAGGGAGGACAAAGACCACCGACCAAAACCA', '....((..((.((.......)).))..)).......', 0.1944, -0.0019175137852873892, -6.5561, 0.333, 1.0, 0.2222]
	 ->['AGGAGGAGGUAGGACAAAGACCACCGACCAAAACCA', '....((.(((.((.......)))))..)).......', 0.1111, -0.00013055298428828145, -6.7122, 0.3304, 0.8571, 0.2222]
	 ->['AGGAGUAGAUAGCCCAAUGAGCGUCGAACUAAACCA', '.(((((.(((.((.......)))))..)))...)).', 0.0833, -0.000429998988996129, -4.2776, 0.2324, 0.6, 0.1667]
	 >>> Resetting the solution to avoid local optima.
	 ->['AGGAGGAGGAAGGAGAAACACCACCAACCAAAACCA', '.((....((..((.(......).))..))....)).', 0.3333, -0.0007543586925342024, -4.0311, 0.4203, 1.0, 0.1111]
	 ->['AGGAGGAGGAAGGAGAAACACCACCAACCAAAACCA', '.((....((..((.(......).))..))....)).', 0.3333, -0.0007543586925342024, -4.0311, 0.4203, 1.0, 0.1111]
	 ->['AGGAGGAUGAAGGAGAAACACCACAAACCAAAACCA', '....((.....((.......)).....)).......', 0.1389, -0.0014123158529837333, -1.9446, 0.3612, 1.0, 0.2778]
	 ->['AGGAGCGGGUCGGCGAAUCACCACCAAGCAAAACCA', '....((.(((.((.......)))))..)).......', 0.1111, -0.0012269647788584123, -6.7313, 0.1883, 0.8571, 0.2222]
	 ->['AGGAGCGGGUCUGCGAAUCACAACCAAGCUAAACCA', '.(((((.(((.((.......)))))..)))...)).', 0.0833, -0.0001453533234102959, -6.146, 0.2148, 0.7, 0.1667]
	 >>> Resetting the solution to avoid local optima.
	 ->['ACCACCACCAACCACAAAGAGGAGGAAGGAAAAGGA', '.((.((.((...........)).))..)).......', 0.4167, -0.0006013949554065783, -3.7708, 0.3925, 1.0, 0.1667]
	 ->['ACCACCACCAACCACAAAGAGGAGGAAGGAAAAGGA', '.((.((.((...........)).))..)).......', 0.4167, -0.0006013949554065783, -3.7708, 0.3925, 1.0, 0.1667]
	 ->['ACCACCACCAACCCCAAAGAGGAGGAAGGAAAAGGA', '.((....((..((((.....)).))..))....)).', 0.3611, -3.0375568503761888e-05, -6.2109, 0.4421, 1.0, 0.1111]
	 ->['ACCACCACCAAGUCCAAAGAACGGGAAGGAAAAGGA', '.((....((...(((........))).))....)).', 0.3333, -0.00019297962177985113, -4.4713, 0.4787, 0.8571, 0.2222]
	 ->['ACCACCACUCAGUCCAAAGAACGAGAAGGAAAAGGA', '....((.(((..((....))..)))..)).......', 0.2222, -4.5468592835202735e-05, -3.3623, 0.3854, 0.7143, 0.3333]
	 ->['ACCACCACUCAGUCCAAUGUACGAGAAGGAAAAGGA', '....((.(((............)))..)).......', 0.1667, -0.00010641833655199757, -2.8382, 0.3986, 0.8, 0.3333]
	 ->['ACCUCCACUCAGUCCAAUGUACGAGAAGGAAAUGGC', '.(((((.(((............)))..)))...)).', 0.1389, -5.82779823684919e-06, -4.6284, 0.3337, 0.75, 0.2778]
	 >>> Resetting the solution to avoid local optima.
	 ->['AGGAGGAGGAAGGAGAAACACCACCAACCAAAACCA', '.((....((..((.(......).))..))....)).', 0.3333, -0.0007543586925342024, -4.0311, 0.4203, 1.0, 0.1111]
	 ->['AGGAGGAGGAAGGAGAAACACCACCAACCAAAACCA', '.((....((..((.(......).))..))....)).', 0.3333, -0.0007543586925342024, -4.0311, 0.4203, 1.0, 0.1111]
	 ->['AGGAGGAGGAAUGAGAUACGCAACCCACCAAAACCA', '....((.((..((.......))..)).)).......', 0.1944, -0.0006057805216126696, -3.6663, 0.3575, 0.8333, 0.2222]
	 ->['AGGAGGAGGAACGAGAUGCGCGGCCGACUAAAACCA', '.((((..((..((.......)).))..))....)).', 0.1389, -0.000459715193126203, -5.2364, 0.3054, 0.875, 0.1111]
	 ->['AGGAGUAGGAACGAGAUGCGCGGCCGAACAAAACCA', '....((.((..((.......)).))..)).......', 0.0833, -0.02335737156279376, -2.9154, 0.2514, 0.8333, 0.1667]
	 >>> Resetting the solution to avoid local optima.
	 ->['AGGAGGAGGAAGGAGAAACACCACCAACCAAAACCA', '.((....((..((.(......).))..))....)).', 0.3333, -0.0007543586925342024, -4.0311, 0.4203, 1.0, 0.1111]
	 ->['AGGAGGAGGAAGGAGAAACACCACCAACCAAAACCA', '.((....((..((.(......).))..))....)).', 0.3333, -0.0007543586925342024, -4.0311, 0.4203, 1.0, 0.1111]
	 ->['AGGAGGAGGAAUGAGAAACACAGCCAACCAAAACCA', '....((..(..((.......))..)..)).......', 0.1667, -0.0030100946206488787, -2.5782, 0.351, 0.8, 0.2222]
	 ->['AGGAGGAGGAAUGAGAAACACAGCCAACCUAAACCA', '.(((((..(..((.......))..)..)))...)).', 0.1389, -0.0002491428836289771, -4.1139, 0.3277, 0.75, 0.1667]
	 ->['CGGAGGAGUAAUGAGAAACGCAGGCAACCUAAACCA', '.(((((.....((.......)).....)))...)).', 0.1111, -0.0012090967575170341, -2.6404, 0.2579, 0.7143, 0.2222]
	 ->['AGGAUGAGCAAGGAGAAACGCCGGCGACAUAAACCA', '.(((((.((..((.......)).))..)))...)).', 0.0556, -0.006071466304497774, -4.6458, 0.161, 0.7778, 0.1111]
	 ->['AGGAGCAGCAACAGGAAUCGUGGGCGAGUUAAACCA', '.(((((.((..((.(...).)).))..)))...)).', 0.0278, -0.03279964930196692, -4.2062, 0.1725, 0.7, 0.0556]


    -> Found sequence! Elapsed time:                   2.157874345779419 secs.


 (2) We found a sequence that folds exactly like the target structure. Let's minimize the GC-content
    -> ORDER: Min(Base-pair distance), min(Hamming distance), min(GC-content), min(partition function), min(ensemble defect), max(probability over ensemble))


	 >>> Resetting the solution to avoid local optima.
	 ->['ACCACCACCAACCACAAAGAGGAGGAAGGAAAAGGA', '.((.((.((...........)).))..)).......', 0.4167, -0.0006013949554065783, -3.7708, 0.3925, 1.0, 0.1667]
	 ->['ACCACCACCAACCACAUAGAGGAGGCAGGAAAAGGA', '.((.((.((...........)).))..)).......', 0.4167, -0.0006614577017611125, -3.9121, 0.3993, 1.0, 0.1667]
	 ->['CGCACCACCGACCACAUAGCGGAGGCAGGGAAAGCA', '.((....((..((.(......).))..))....)).', 0.3333, -0.001234180645488331, -6.6277, 0.4038, 1.0, 0.1111]
	 ->['CGCACCACCGUCCACAUUGCGGAGGCAGGGAAAGCA', '....((..(.(((.......))).)..)).......', 0.1944, -0.00020040890541960226, -7.8481, 0.3737, 0.8333, 0.2778]
	 ->['CGCACCACCGUCCACAUUGCGGAGGCAGGGUAUGCA', '.(((((..(.(((.......))).)..))...))).', 0.1667, -1.5523159856751043e-05, -9.4246, 0.3917, 0.7778, 0.2222]
	 ->['CGCAUCGCUGUCGAUACCGUUGAAGUUGAUACUGCA', '.((((((((.(((((...))))))).)))...))).', 0.1111, -2.4020864415307575e-09, -6.5321, 0.4225, 0.3846, 0.2222]
	 >>> Resetting the solution to avoid local optima.
	 ->['ACCACCACCAACCACAAAGAGGAGGAAGGAAAAGGA', '.((.((.((...........)).))..)).......', 0.4167, -0.0006013949554065783, -3.7708, 0.3925, 1.0, 0.1667]
	 ->['ACCACCACCAGCCACAAAGAGGAGGAAGGAAAGGGA', '.((.((..(..((.......))..)..))...))..', 0.2222, -6.300366022980845e-05, -5.5613, 0.4156, 1.0, 0.1667]
	 ->['ACCACCAUCAGCCACAAAGAGGAGAAAGGAAAGGGG', '.((.((.....((.......)).....))...))..', 0.1944, -0.00032451326017172473, -3.651, 0.3499, 1.0, 0.2222]
	 ->['ACUACCAUCAGCCACAAAGAGGGGAAAGGAAAGAGG', '....((.....((.......)).....)).......', 0.1389, -0.00018464128483275123, -3.0986, 0.3992, 1.0, 0.2778]
	 ->['ACUACCGUCCGCCUCAAAGAGGGGAAAGGAAAGAGG', '....((.(((.((((...)))))))..)).......', 0.1111, -1.4419425425061387e-08, -10.4275, 0.248, 0.7778, 0.2222]
	 >>> Resetting the solution to avoid local optima.
	 ->['ACCACCACCAACCACAAAGAGGAGGAAGGAAAAGGA', '.((.((.((...........)).))..)).......', 0.4167, -0.0006013949554065783, -3.7708, 0.3925, 1.0, 0.1667]
	 ->['ACCACCACCAACCACAAAGAGGAGGAAGGAAAAGGA', '.((.((.((...........)).))..)).......', 0.4167, -0.0006013949554065783, -3.7708, 0.3925, 1.0, 0.1667]
	 ->['ACCUCCACCAACCACAAAGAGGAGGAAGGGAAAGGU', '.(((((..............)))))...........', 0.3889, -1.2550857779390445e-06, -7.5748, 0.5067, 0.8, 0.3333]
	 ->['ACCCCCACUAACCACAGAGAGGAGGAAGGGAAAGGU', '..(((..((..((.......)).))..)))......', 0.2222, -1.3165031179365582e-06, -6.3453, 0.3757, 0.8571, 0.2222]
	 ->['ACCCCGACUAACCACAGAGAGGAGGAACGGAAAGGU', '((((((.....((.......)).....)))...)))', 0.1389, -3.319353293749087e-06, -5.0753, 0.3284, 0.875, 0.2778]
	 ->['ACCCCGACAUACCUUAUCGAGGAUGGACGGAGAGGU', '((((((.(((.((((...)))))))..)))...)))', 0.1111, -1.3548962691515804e-09, -9.785, 0.253, 0.6154, 0.2222]
	 >>> Resetting the solution to avoid local optima.
	 ->['AGGAGGAGGAAGGAGAAACACCACCAACCAAAACCA', '.((....((..((.(......).))..))....)).', 0.3333, -0.0007543586925342024, -4.0311, 0.4203, 1.0, 0.1111]
	 ->['AGGAGGAGGAAGGAGAAACACCACCAACCAAAACCA', '.((....((..((.(......).))..))....)).', 0.3333, -0.0007543586925342024, -4.0311, 0.4203, 1.0, 0.1111]
	 ->['AGGAGGAUGCAGGAGAAACACCACGGGCCAAUACCA', '....((.....((.......)).....)).......', 0.1389, -0.00047642353178865024, -3.2144, 0.4424, 1.0, 0.2778]
	 ->['AGGAGGAUGCACUAGACACAAGGCGGCCCAAUACCA', '....((.(((.((.......)))))..)).......', 0.1111, -1.3374965599824726e-05, -5.1164, 0.3263, 0.7143, 0.2222]
	 >>> Resetting the solution to avoid local optima.
	 ->['AGGAGGAGGAAGGAGAAACACCACCAACCAAAACCA', '.((....((..((.(......).))..))....)).', 0.3333, -0.0007543586925342024, -4.0311, 0.4203, 1.0, 0.1111]
	 ->['AGGAGGAGGCAGGAGAGACACCACCAACCAGUACCA', '.((....((..((.(......).))..))....)).', 0.3333, -0.0005761992739527299, -4.3972, 0.4373, 1.0, 0.1111]
	 ->['AGGAGGAGCCAUUUGAGUCAAGGGCAGCCAGUUCCU', '((((((.(((.((((...)))))))..))...))))', 0.1111, -8.152189491652818e-09, -8.679, 0.2675, 0.6154, 0.2222]
	 >>> Resetting the solution to avoid local optima.
	 ->['AGGAGGAGGAAGGAGAAACACCACCAACCAAAACCA', '.((....((..((.(......).))..))....)).', 0.3333, -0.0007543586925342024, -4.0311, 0.4203, 1.0, 0.1111]
	 ->['AGGAGGAGGACGGAGAAACACCACCAACCAAAACCA', '.((....((..((.(......).))..))....)).', 0.3333, -0.0005370077961294327, -4.4406, 0.4121, 1.0, 0.1111]
	 ->['CGGAGUAGGACGGAGCAACACCACCAAGCAUAACCA', '....((..(..((.......))..)..)).......', 0.1667, -0.0014945204527403086, -2.5098, 0.3965, 0.8, 0.2222]
	 ->['CGGAGUAGGACGGAGCGACACCACCAAGCAUAACCG', '(((.((..(..((.......))..)..))....)))', 0.1389, -0.0005938529592734176, -3.0786, 0.4073, 0.875, 0.1667]
	 ->['CGGAGUAGGACGGCGCGACACCACCAUGCAUAACCG', '(((.(((((..((.......)).)).)))....)))', 0.0833, -0.0005172582113961588, -4.4637, 0.2993, 0.8, 0.1667]
	 >>> Resetting the solution to avoid local optima.
	 ->['ACCACCACCAACCACAAAGAGGAGGAAGGAAAAGGA', '.((.((.((...........)).))..)).......', 0.4167, -0.0006013949554065783, -3.7708, 0.3925, 1.0, 0.1667]
	 ->['CGCCCCACCAAUCACAAAGUGGAGGGAGGAAACGCA', '...((..((..((((...)))).))..)).......', 0.1944, -2.1490932994506256e-06, -8.0433, 0.4852, 0.75, 0.2222]
	 ->['CGCCACGUCAAAUGCCAAGUAUGGGGAGUUAACGCG', '(((.((.((..((((...))))..)).))....)))', 0.1667, -3.793508630051027e-08, -5.3313, 0.4863, 0.5455, 0.1667]
	 >>> Resetting the solution to avoid local optima.
	 ->['ACCACCACCAACCACAAAGAGGAGGAAGGAAAAGGA', '.((.((.((...........)).))..)).......', 0.4167, -0.0006013949554065783, -3.7708, 0.3925, 1.0, 0.1667]
	 ->['ACCACCACCAACCACAAAGAGGAGGAAGGAAAAGGA', '.((.((.((...........)).))..)).......', 0.4167, -0.0006013949554065783, -3.7708, 0.3925, 1.0, 0.1667]
	 ->['AGCACUGCCGACCACAAAGAGGAGGAAGGAAUAGCA', '.((....((..((.(......).))..))....)).', 0.3333, -0.0001013001688770578, -6.0686, 0.3929, 1.0, 0.1111]
	 ->['AGCACUGGCGACCUCAAAGAGGAGCAAGGAACAGCA', '....((.((..((((...)))).)).))........', 0.1944, -1.595917902808174e-05, -7.7076, 0.2737, 0.75, 0.2222]
	 >>> Resetting the solution to avoid local optima.
	 ->['AGGAGGAGGAAGGAGAAACACCACCAACCAAAACCA', '.((....((..((.(......).))..))....)).', 0.3333, -0.0007543586925342024, -4.0311, 0.4203, 1.0, 0.1111]
	 ->['AGGAGGAGGAAGGAGAAACACCACCAACCAAAACCA', '.((....((..((.(......).))..))....)).', 0.3333, -0.0007543586925342024, -4.0311, 0.4203, 1.0, 0.1111]
	 ->['UGGAGGAAGAGGGAGAUGCACCACUAACCAGUACCA', '....((.((.((........)).))..)).......', 0.1944, -0.00018151857935195875, -4.6091, 0.396, 0.8333, 0.2222]
	 >>> Resetting the solution to avoid local optima.
	 ->['AGGAGGAGGAAGGAGAAACACCACCAACCAAAACCA', '.((....((..((.(......).))..))....)).', 0.3333, -0.0007543586925342024, -4.0311, 0.4203, 1.0, 0.1111]
	 ->['AGGAGGAGGAAGGAGAAACACCACCGACCAAAACCA', '.((....((..((.(......).))..))....)).', 0.3333, -0.0008905082583679695, -5.2289, 0.4221, 1.0, 0.1111]
	 ->['GGGCGGAGUGAUGUGCCGCACGAGCGACCAUGGCCU', '((((((.((..((((...)))).))..))...))))', 0.0833, -4.848846351803258e-08, -9.78, 0.434, 0.6667, 0.1667]
	 >>> Resetting the solution to avoid local optima.
	 ->['ACCACCACCAACCACAAAGAGGAGGAAGGAAAAGGA', '.((.((.((...........)).))..)).......', 0.4167, -0.0006013949554065783, -3.7708, 0.3925, 1.0, 0.1667]
	 ->['ACCACCACCAACCACAAAGAGGAGGAAGGACAAGGA', '.((.((.((...........)).))..)).......', 0.4167, -0.0006004466477545006, -3.7718, 0.3926, 1.0, 0.1667]
	 ->['ACCACCACUAACCACAAAGAGGAAGAAGGACGAGGA', '....((.....((.......)).....)).......', 0.1389, -0.0008781691506284097, -1.8375, 0.3632, 1.0, 0.2778]
	 ->['AGCACCACUAACAGCUAUGAUGGAGUAGGACUAGCA', '....(((((..((.......)).))).)).......', 0.1111, -4.918451320779658e-05, -3.9139, 0.4518, 0.5714, 0.2222]
	 >>> Resetting the solution to avoid local optima.
	 ->['AGGAGGAGGAAGGAGAAACACCACCAACCAAAACCA', '.((....((..((.(......).))..))....)).', 0.3333, -0.0007543586925342024, -4.0311, 0.4203, 1.0, 0.1111]
	 ->['AGGAGGAGGAAGGAGAAUCACCGCCAGCCGAAGCCA', '.((....((..((.(......).))..))....)).', 0.3333, -5.640168361584344e-05, -6.8295, 0.3956, 1.0, 0.1111]
	 ->['AGGAGGAGGAAGUAGAAUCAGCGCCAGCCGAAGCCA', '.((....((.....(......).....))....)).', 0.2778, -0.0002049665505886782, -3.9342, 0.4367, 1.0, 0.2222]
	 ->['AGGAGGAGGAAGAAUAGUAAUCGCCAGCCGAAGCCA', '.((....((..((.......)).....))....)).', 0.1944, -0.0002678983883449534, -3.4692, 0.4089, 0.8333, 0.1667]
	 ->['AUGAGGAGGAAUAAUAGUGUUAGCCAGCCGAAGCAU', '....((..(..((((...))))..)..)).......', 0.1667, -7.206906696510227e-07, -3.2167, 0.3294, 0.4286, 0.2222]
	 >>> Resetting the solution to avoid local optima.
	 ->['ACCACCACCAACCACAAAGAGGAGGAAGGAAAAGGA', '.((.((.((...........)).))..)).......', 0.4167, -0.0006013949554065783, -3.7708, 0.3925, 1.0, 0.1667]
	 ->['ACCACCACCAACUACUAAGAGGAGGAAGGAAAAGGA', '....((.((..((......))..))..)).......', 0.1944, -2.6953074971213832e-05, -3.7846, 0.4143, 0.8333, 0.2222]
	 ->['UUGACACCUGACUAACCUUUAGGAGGAUGAUUUCAG', '.(((((.((..((((...))))..)).))...))).', 0.1667, -5.970812463186748e-10, -5.49, 0.3958, 0.3636, 0.1667]
	 >>> Resetting the solution to avoid local optima.
	 ->['ACCACCACCAACCACAAAGAGGAGGAAGGAAAAGGA', '.((.((.((...........)).))..)).......', 0.4167, -0.0006013949554065783, -3.7708, 0.3925, 1.0, 0.1667]
	 ->['ACCACCACCAACCACAAAGAGGAGGAAGGAAAAGGA', '.((.((.((...........)).))..)).......', 0.4167, -0.0006013949554065783, -3.7708, 0.3925, 1.0, 0.1667]
	 ->['ACCACCACGAACCGCAAAGAGGGCGAAGGCAAAGGA', '....((.((..((.......)).))..)).......', 0.0833, -0.003122213577511364, -4.2557, 0.3535, 1.0, 0.1667]
	 >>> Resetting the solution to avoid local optima.
	 ->['AGGAGGAGGAAGGAGAAACACCACCAACCAAAACCA', '.((....((..((.(......).))..))....)).', 0.3333, -0.0007543586925342024, -4.0311, 0.4203, 1.0, 0.1111]
	 ->['AGGAGGAGGAAGGAGAAACACCACCAACCAAAACCA', '.((....((..((.(......).))..))....)).', 0.3333, -0.0007543586925342024, -4.0311, 0.4203, 1.0, 0.1111]
	 ->['CGGAGGAGGAAUGCGAGACACAACCAACCAAAACCU', '....((..(..((.......))..)..)).......', 0.1667, -0.0075080888220258575, -2.1149, 0.398, 0.8, 0.2222]
	 ->['CGGAGGCGGAAUGCGACACACAUCCAACCAAAACCA', '....((.(((.((.......)))))..)).......', 0.1111, -0.000295407927305785, -4.4089, 0.3185, 0.7143, 0.2222]
	 >>> Resetting the solution to avoid local optima.
	 ->['ACCACCACCAACCACAAAGAGGAGGAAGGAAAAGGA', '.((.((.((...........)).))..)).......', 0.4167, -0.0006013949554065783, -3.7708, 0.3925, 1.0, 0.1667]
	 ->['GCCACCACCACCCACAAAGAGGAGGAAGGAAGAGGA', '....((..(..((.......))..)..)).......', 0.1667, -0.00018685294877989318, -4.8912, 0.3706, 1.0, 0.2222]
	 ->['GCCACCACCACCCACAAAGUGGGGGAAGGACGAGGG', '....((.((.(((((...)))))))..)).......', 0.1111, -1.317865157193832e-07, -11.0638, 0.2719, 0.8889, 0.2222]
	 >>> Resetting the solution to avoid local optima.
	 ->['ACCACCACCAACCACAAAGAGGAGGAAGGAAAAGGA', '.((.((.((...........)).))..)).......', 0.4167, -0.0006013949554065783, -3.7708, 0.3925, 1.0, 0.1667]
	 ->['ACCACCACCAACCACAAAGAGGAGGCAGGAAAAGGA', '.((.((.((...........)).))..)).......', 0.4167, -0.0006656804636920912, -3.9082, 0.3987, 1.0, 0.1667]
	 ->['ACCACCAGCAUCCACAAAGUGGAGCCAGGAAACGGA', '....((.((.(((((...)))))))..)).......', 0.1111, -5.649309875782951e-07, -8.9667, 0.2435, 0.7778, 0.2222]
	 >>> Resetting the solution to avoid local optima.
	 ->['ACCACCACCAACCACAAAGAGGAGGAAGGAAAAGGA', '.((.((.((...........)).))..)).......', 0.4167, -0.0006013949554065783, -3.7708, 0.3925, 1.0, 0.1667]
	 ->['ACCACCACCAACCACAAAGAGGAGGAAGGAAAAGGA', '.((.((.((...........)).))..)).......', 0.4167, -0.0006013949554065783, -3.7708, 0.3925, 1.0, 0.1667]
	 ->['ACCACCACCAACCACAAAGAGGAGGAAGGAAAAGGG', '.((....((..((.(......).))..))....)).', 0.3333, -0.0007568840899430323, -4.1291, 0.3934, 1.0, 0.1111]
	 ->['ACCACCACCAACCAUAAAAAGGAGGAAGGAAAAGGG', '.((....((..((..........))..))....)).', 0.3056, -0.00032701546425069, -3.8463, 0.3795, 1.0, 0.1667]
	 ->['ACCAUCACCAACCAUAAAAAGGAGGAAGAAAAAGGG', '.......((..((.......)).))...........', 0.1389, -0.00041032479657951784, -2.1064, 0.3447, 1.0, 0.2778]
	 >>> Resetting the solution to avoid local optima.
	 ->['ACCACCACCAACCACAAAGAGGAGGAAGGAAAAGGA', '.((.((.((...........)).))..)).......', 0.4167, -0.0006013949554065783, -3.7708, 0.3925, 1.0, 0.1667]
	 ->['ACCUCCACCAACCACAAAGAGGAGGAAGGAAAAGGA', '.(((((..............)))))...........', 0.3889, -2.429149525110962e-06, -7.1678, 0.54, 0.8, 0.3333]
	 ->['ACCUCCAACAACCACAAAGAGGAGUAAGGAAAAGGA', '..((((..............))))............', 0.3611, -2.4016807520339854e-05, -4.1557, 0.4202, 0.75, 0.3889]
	 ->['ACCUCCGACAAUCACAACGAGAAGUAAGGAAAAGGA', '.(((((.((..((.....))...))..)))...)).', 0.1667, -2.559008656623176e-06, -3.8357, 0.3199, 0.6667, 0.1667]
	 ->['ACCUCCGACAAUCACAACGUGAAGUAAGGAAAAGGA', '.(((((.....((((...)))).....)))...)).', 0.1111, -6.400027522694925e-07, -5.0898, 0.2418, 0.6667, 0.2222]
	 >>> Resetting the solution to avoid local optima.
	 ->['AGGAGGAGGAAGGAGAAACACCACCAACCAAAACCA', '.((....((..((.(......).))..))....)).', 0.3333, -0.0007543586925342024, -4.0311, 0.4203, 1.0, 0.1111]
	 ->['AGGAGGCGGAAUAUGAAGCAUAACCAACCAAAACCU', '....((..(..((((...))))..)..)).......', 0.1667, -1.206231746987375e-05, -3.4801, 0.2619, 0.5714, 0.2222]
	 >>> Resetting the solution to avoid local optima.
	 ->['ACCACCACCAACCACAAAGAGGAGGAAGGAAAAGGA', '.((.((.((...........)).))..)).......', 0.4167, -0.0006013949554065783, -3.7708, 0.3925, 1.0, 0.1667]
	 ->['ACCACCACCAACCACAAAGAGGAGGAAGGAAAAGGA', '.((.((.((...........)).))..)).......', 0.4167, -0.0006013949554065783, -3.7708, 0.3925, 1.0, 0.1667]
	 ->['ACCACCACCAACCACAAAGAGGAGGAAGGAAAUGGA', '.(((...((..((.(......).))..))...))).', 0.3611, -5.794357436017095e-05, -5.2129, 0.398, 0.875, 0.1667]
	 ->['ACCAGCACCAAACACAAAGAGUAGGAAGCAAAUGGA', '.(((((..(..((.......))..)..))...))).', 0.1389, -0.00024081655831946795, -2.8349, 0.2535, 0.75, 0.1667]
	 >>> Resetting the solution to avoid local optima.
	 ->['AGGAGGAGGAAGGAGAAACACCACCAACCAAAACCA', '.((....((..((.(......).))..))....)).', 0.3333, -0.0007543586925342024, -4.0311, 0.4203, 1.0, 0.1111]
	 ->['AGGAGGAGGAAGGAGAAACACCACCAACCAAAACCA', '.((....((..((.(......).))..))....)).', 0.3333, -0.0007543586925342024, -4.0311, 0.4203, 1.0, 0.1111]
	 ->['AUGAGGAGGAAGGAGACACACCACCAACCAGAACAA', '....((..(..((.......))..)..)).......', 0.1667, -4.698334617899427e-05, -3.3421, 0.3945, 1.0, 0.2222]
	 ->['GGGAGGACGAGGGAUACCAUCUACGGGCCAUAUCCU', '((((((.((..((((...)))).))..))...))))', 0.0833, -3.198983399987502e-07, -7.4172, 0.4088, 0.5833, 0.1667]
	 >>> Resetting the solution to avoid local optima.
	 ->['AGGAGGAGGAAGGAGAAACACCACCAACCAAAACCA', '.((....((..((.(......).))..))....)).', 0.3333, -0.0007543586925342024, -4.0311, 0.4203, 1.0, 0.1111]
	 ->['AGGAGGAGGACGGAGACACACCACCAACCAAAACCA', '.((....((..((.(......).))..))....)).', 0.3333, -0.0004901442207269198, -4.4969, 0.4221, 1.0, 0.1111]
	 ->['AGGAGGAUGACGGAGACACACCACGAACCAAAACCA', '....((.....((.......)).....)).......', 0.1389, -0.00032776925397526806, -2.3449, 0.4294, 1.0, 0.2778]
	 ->['AGGAGUAUGACGGAUAGAAUCUACGACACUGAACCA', '.(((((.....((((...)))).....)))...)).', 0.1111, -1.262708438494641e-07, -2.6902, 0.4435, 0.4444, 0.2222]
	 >>> Resetting the solution to avoid local optima.
	 ->['ACCACCACCAACCACAAAGAGGAGGAAGGAAAAGGA', '.((.((.((...........)).))..)).......', 0.4167, -0.0006013949554065783, -3.7708, 0.3925, 1.0, 0.1667]
	 ->['ACCACCACCAACCACAAAGAGGAGGAAGGCAAAGGA', '.((.((.((...........)).))..)).......', 0.4167, -0.0006003062275963677, -3.7719, 0.3928, 1.0, 0.1667]
	 ->['ACCACCACCAACCACAGAGAGGAGGAAGGGAACGGA', '.((....((..((.(......).))..))....)).', 0.3333, -0.00012640741113598435, -4.7321, 0.3896, 1.0, 0.1111]
	 ->['ACCACCAUCAACCACAGAGGGGAGGAAGGGAACGGA', '....((.((..((.......))..)).)).......', 0.1944, -5.001120994077468e-07, -6.2418, 0.4103, 0.8333, 0.2222]
	 ->['ACCGCCAUCAAACUCUCAGGGUAGGAGGGUAUAGGG', '.(((((.((..((((...))))..)).)))...)).', 0.1667, -2.250927900651786e-08, -8.153, 0.382, 0.6364, 0.1667]
	 ->['ACCGCCGACAAGCUCGCAGGGUAGUAGGGUAUAGGG', '.(((((.....((((...)))).....)))...)).', 0.1111, -2.388173372795544e-06, -6.2783, 0.3024, 0.6667, 0.2222]
	 >>> Resetting the solution to avoid local optima.
	 ->['AGGAGGAGGAAGGAGAAACACCACCAACCAAAACCA', '.((....((..((.(......).))..))....)).', 0.3333, -0.0007543586925342024, -4.0311, 0.4203, 1.0, 0.1111]
	 ->['AGGAGGAGGAAGGAGAAACACCACCAACCAAGACCA', '.((....((..((.(......).))..))....)).', 0.3333, -0.0007540342151641782, -4.0314, 0.4203, 1.0, 0.1111]
	 ->['AGGAGGAGGGAGGAGAAACACCACCAACCAAGACCA', '....((..((.((.......)).))..)).......', 0.1944, -0.0002729993847246395, -6.3576, 0.3738, 1.0, 0.2222]
	 >>> Resetting the solution to avoid local optima.
	 ->['ACCACCACCAACCACAAAGAGGAGGAAGGAAAAGGA', '.((.((.((...........)).))..)).......', 0.4167, -0.0006013949554065783, -3.7708, 0.3925, 1.0, 0.1667]
	 ->['AGCACCACCAACCACAUAGAGGAGGAAGGACAAGCA', '.((....((..((.(......).))..))....)).', 0.3333, -0.001037532121777903, -3.9347, 0.3562, 1.0, 0.1111]
	 ->['AGCCCCAUCAACCGCAUUGAGGAGGAAGGACAAGCA', '....((.((..((.......))..)).)).......', 0.1944, -2.549813542193675e-06, -6.3379, 0.4312, 0.8333, 0.2222]
	 ->['AGCCCUAUCAAACGCAUUGUGUAGGAAAGACAGGUA', '.(((((.((..((((...))))..)).))...))).', 0.1667, -3.167026201911169e-10, -5.8808, 0.4188, 0.5455, 0.1667]
	 >>> Resetting the solution to avoid local optima.
	 ->['ACCACCACCAACCACAAAGAGGAGGAAGGAAAAGGA', '.((.((.((...........)).))..)).......', 0.4167, -0.0006013949554065783, -3.7708, 0.3925, 1.0, 0.1667]
	 ->['ACCACCACCAACCACAAAGAGGAGGAAGGAAAAGGA', '.((.((.((...........)).))..)).......', 0.4167, -0.0006013949554065783, -3.7708, 0.3925, 1.0, 0.1667]
	 ->['ACCACUACCAACCACAGAGAGGAGGAAGGAAAAGGA', '.((....((..((.(......).))..))....)).', 0.3333, -4.009695263256716e-05, -3.7398, 0.4051, 1.0, 0.1111]
	 ->['CCCACUACCAGCCACAGAGUGGAGGAAGGAAUAGGA', '....((.((..((((...)))).)).))........', 0.1944, -1.3241108617253756e-06, -7.0418, 0.38, 0.75, 0.2222]
	 ->['CCCAGUACCAGUCACAGUGUGAAGGCAGCAACAGGA', '....((..(..((((...))))..)..)).......', 0.1667, -9.184125477091227e-06, -4.4481, 0.3165, 0.5714, 0.2222]
	 ->['CGCAGUACCAGUCACAGUGUGAAGGCAACCACAGCA', '.......((..((((...)))).))...........', 0.1389, -8.357586762837912e-06, -4.3062, 0.4244, 0.6667, 0.2778]
	 >>> Resetting the solution to avoid local optima.
	 ->['ACCACCACCAACCACAAAGAGGAGGAAGGAAAAGGA', '.((.((.((...........)).))..)).......', 0.4167, -0.0006013949554065783, -3.7708, 0.3925, 1.0, 0.1667]
	 ->['ACCACCACCAACCACAAAGAGGAGGCAGGAAAAGGA', '.((.((.((...........)).))..)).......', 0.4167, -0.0006656804636920912, -3.9082, 0.3987, 1.0, 0.1667]
	 ->['ACCACCACCAACCACAAUGAGGAGGCAGGAAGAGGA', '.((.(..((..((.(......).))..))..).)).', 0.3611, -0.00040603420005717525, -4.2129, 0.41, 1.0, 0.1111]
	 ->['ACCACCACCCAACACGAUGAGUAGGCAGGAAGAGGA', '....((..((.((.......)).))..)).......', 0.1944, -4.6401967768266896e-05, -3.9498, 0.3988, 0.8333, 0.2222]
	 >>> Resetting the solution to avoid local optima.
	 ->['AGGAGGAGGAAGGAGAAACACCACCAACCAAAACCA', '.((....((..((.(......).))..))....)).', 0.3333, -0.0007543586925342024, -4.0311, 0.4203, 1.0, 0.1111]
	 ->['AGGGGGAGGAAGGAGAAACACCACCAGCCAAUACCA', '.((....((..((.(......).))..))....)).', 0.3333, -7.112232785290368e-05, -5.8865, 0.4163, 1.0, 0.1111]
	 ->['AGGGGGAGGAAGGAAUAAUACCACCGGCCAAUACCA', '.((....((..((..........))..))....)).', 0.3056, -8.783690863876336e-05, -5.9565, 0.4196, 1.0, 0.1667]
	 ->['AGGGGGAGGAAGGAAUAAUACCACCGUCCAAUACCA', '....(((.(..((.......))..).))).......', 0.1944, -1.1166749973986979e-05, -7.2276, 0.3834, 0.8333, 0.2778]
	 ->['AGGGGGAAGAAUGAAUGAUACAACUGUCCAGUGCCA', '....(((....((.......))....))).......', 0.1667, -2.5482994041390977e-05, -3.0191, 0.4443, 0.6, 0.3333]
	 ->['AGGGGGAAGAAUGAAGGAUUCAACUGUCCUGUGCCA', '.((((((....((((...))))....))))...)).', 0.1389, -3.7676847154580186e-08, -7.0355, 0.5138, 0.5, 0.2778]
	 >>> Resetting the solution to avoid local optima.
	 ->['AGGAGGAGGAAGGAGAAACACCACCAACCAAAACCA', '.((....((..((.(......).))..))....)).', 0.3333, -0.0007543586925342024, -4.0311, 0.4203, 1.0, 0.1111]
	 ->['AGGAGGAGGAAGGAGAAACACCACCAACCAAAACCA', '.((....((..((.(......).))..))....)).', 0.3333, -0.0007543586925342024, -4.0311, 0.4203, 1.0, 0.1111]
	 ->['UAGAGGGAGAAGGCGAAACACCACUAACCAAAUCUA', '((((((.....((.......)).....))...))))', 0.1389, -0.0001223565410447565, -3.4522, 0.317, 0.625, 0.2778]
	 >>> Resetting the solution to avoid local optima.
	 ->['AGGAGGAGGAAGGAGAAACACCACCAACCAAAACCA', '.((....((..((.(......).))..))....)).', 0.3333, -0.0007543586925342024, -4.0311, 0.4203, 1.0, 0.1111]
	 ->['AGGAGGAGGAAGGAGAAACACCGCCAACCAAAACCA', '.((....((..((.(......).))..))....)).', 0.3333, -0.0007105475788215899, -4.868, 0.4361, 1.0, 0.1111]
	 ->['AGGAGGAUGAAGGUGAAACACCGCGAACCGUAACCA', '....((.....((((...)))).....)).......', 0.1389, -2.7241518944217863e-06, -6.2971, 0.284, 0.8333, 0.2778]
	 >>> Resetting the solution to avoid local optima.
	 ->['AGGAGGAGGAAGGAGAAACACCACCAACCAAAACCA', '.((....((..((.(......).))..))....)).', 0.3333, -0.0007543586925342024, -4.0311, 0.4203, 1.0, 0.1111]
	 ->['AGGAGUAGGAAUGAUGAGGUCACCCAUGCGCAGCCU', '..(.(((((..((((...)))).)).))).).....', 0.1389, -1.7495187045331167e-07, -4.8892, 0.3912, 0.5, 0.2222]
	 >>> Resetting the solution to avoid local optima.
	 ->['AGGAGGAGGAAGGAGAAACACCACCAACCAAAACCA', '.((....((..((.(......).))..))....)).', 0.3333, -0.0007543586925342024, -4.0311, 0.4203, 1.0, 0.1111]
	 ->['AGGGGGAGGACGGAGAAACACCACCAACCAAAACCA', '.((....((..((.(......).))..))....)).', 0.3333, -5.936417870067363e-05, -5.7979, 0.4157, 1.0, 0.1111]
	 ->['UGGGGGGUGACUAUGCAUCAUAACAGACCAGCACUC', '...((..((..((((...)))).))..)).......', 0.1944, -9.119161019014737e-09, -4.9099, 0.5485, 0.5, 0.2222]
	 ->['UGGGGAGUGACUAUACCUUAUAACACAUCAACACUA', '((..(((((..((((...)))).))).))..))...', 0.1667, -4.736736818248093e-10, -4.2327, 0.3645, 0.3636, 0.2778]
	 >>> Resetting the solution to avoid local optima.
	 ->['ACCACCACCAACCACAAAGAGGAGGAAGGAAAAGGA', '.((.((.((...........)).))..)).......', 0.4167, -0.0006013949554065783, -3.7708, 0.3925, 1.0, 0.1667]
	 ->['ACCACCACCAACCACAAAGAGGAGGAAGGUAAAGGA', '.((...(((..((.(......).))..)))...)).', 0.3611, -3.857962589980954e-05, -5.4635, 0.4119, 0.875, 0.1667]
	 ->['ACCACCACCAACCACAAAGAGGAGGAGGGUAAAGGA', '.(((((..(..((.......))..)..)))...)).', 0.1389, -3.1767582538299814e-05, -6.9833, 0.3761, 0.875, 0.1667]
	 >>> Resetting the solution to avoid local optima.
	 ->['ACCACCACCAACCACAAAGAGGAGGAAGGAAAAGGA', '.((.((.((...........)).))..)).......', 0.4167, -0.0006013949554065783, -3.7708, 0.3925, 1.0, 0.1667]
	 ->['ACCACCACCAACCCCAAAGAGGAGGAAGGAAAAGGA', '.((....((..((((.....)).))..))....)).', 0.3611, -3.0375568503761888e-05, -6.2109, 0.4421, 1.0, 0.1111]
	 ->['ACCACGACCAACCCCAAAGAGGAGGAACGAAAAGGA', '.((........((((.....)).))........)).', 0.3056, -0.0004509557991363511, -3.8482, 0.4441, 1.0, 0.2222]
	 ->['ACCACGACCAACCACAAAGAGGAGGAACGAAAAGGA', '....((..(..((.......))..)..)).......', 0.1667, -0.0021499371494486763, -2.2856, 0.2998, 1.0, 0.2222]
	 ->['ACCACGACCAACCACAGAGAGGAGGAACGAAAUGGA', '.(((((..(..((.......))..)..))...))).', 0.1389, -0.0002780046222248977, -3.5464, 0.2395, 0.875, 0.1667]
	 >>> Resetting the solution to avoid local optima.
	 ->['ACCACCACCAACCACAAAGAGGAGGAAGGAAAAGGA', '.((.((.((...........)).))..)).......', 0.4167, -0.0006013949554065783, -3.7708, 0.3925, 1.0, 0.1667]
	 ->['AGCACCGCCCACCGCCAAGAGGAGGAAGGAAAAGCA', '.((....((..((.((....)).))..))....)).', 0.3611, -3.142569555159157e-05, -8.0899, 0.4139, 1.0, 0.1111]
	 ->['AGCAGCGCCCACCGCCAAGAGGAGGAAGUAAGAGCA', '.((........((.((....)).))........)).', 0.3056, -0.0001371871287481089, -5.6817, 0.4199, 1.0, 0.2222]
	 ->['GGCAGGGCCCACCGUCAAAAGGAGGAACUACGAGCA', '....((..((.((.......)).))..)).......', 0.1944, -2.135515747857441e-06, -6.5472, 0.3324, 0.8333, 0.2222]
	 >>> Resetting the solution to avoid local optima.
	 ->['ACCACCACCAACCACAAAGAGGAGGAAGGAAAAGGA', '.((.((.((...........)).))..)).......', 0.4167, -0.0006013949554065783, -3.7708, 0.3925, 1.0, 0.1667]
	 ->['ACCACCACCAACCACAAAGAGGAGGCAGGAAUAGGA', '.((.((.((...........)).))..)).......', 0.4167, -0.0006523408701685305, -3.9207, 0.3983, 1.0, 0.1667]
	 ->['ACCACGACCAACCACAAAGAGGAGGCACGAAUAGGA', '....((..(..((.......))..)..)).......', 0.1667, -0.0018144740843092405, -2.3902, 0.3055, 1.0, 0.2222]
	 ->['ACCACGAGCAACCACCAUGAGGAGCCACGAAUAGGA', '....((.((..((.......)).))..)).......', 0.0833, -0.0016559538917927854, -2.5465, 0.3762, 1.0, 0.1667]
	 >>> Resetting the solution to avoid local optima.
	 ->['AGGAGGAGGAAGGAGAAACACCACCAACCAAAACCA', '.((....((..((.(......).))..))....)).', 0.3333, -0.0007543586925342024, -4.0311, 0.4203, 1.0, 0.1111]
	 ->['CGGAGGAGGAAGGAGAAACACCACCAACCAAAACCA', '.((....((..((.(......).))..))....)).', 0.3333, -0.0007466162705137793, -4.0375, 0.421, 1.0, 0.1111]
	 ->['CGGAGAAGGAAAGAGAGACGCUAUCAAUCAGUACCA', '....((..((.((.......)).))..)).......', 0.1944, -8.752331873332496e-06, -2.1778, 0.4541, 0.5, 0.2222]
	 ->['CGGAGAAGGAAAGGGAGACGCUAUCAAUCAGUACCA', '....((..((.((.(...).)).))..)).......', 0.1667, -4.5019591253419194e-05, -3.2684, 0.3117, 0.5714, 0.1667]
	 >>> Resetting the solution to avoid local optima.
	 ->['ACCACCACCAACCACAAAGAGGAGGAAGGAAAAGGA', '.((.((.((...........)).))..)).......', 0.4167, -0.0006013949554065783, -3.7708, 0.3925, 1.0, 0.1667]
	 >>> Resetting the solution to avoid local optima.
	 ->['ACCACCACCAACCACAAAGAGGAGGAAGGAAAAGGA', '.((.((.((...........)).))..)).......', 0.4167, -0.0006013949554065783, -3.7708, 0.3925, 1.0, 0.1667]
	 ->['ACCACCACCAACCACAAAGAGGAGGAAGGAAAAGGA', '.((.((.((...........)).))..)).......', 0.4167, -0.0006013949554065783, -3.7708, 0.3925, 1.0, 0.1667]
	 ->['GCCACCACCAACCACAAAGAGGAGGGAGGAAAAGGA', '....((.((..((.......))..)).)).......', 0.1944, -0.000249475238934054, -6.2131, 0.3208, 1.0, 0.2222]
	 ->['GCCACCAACAACCACCAAGGGGAGUGAGGAAACGGC', '(((.((.((..((......))..))..))....)))', 0.1667, -7.113601190289235e-06, -6.4056, 0.277, 0.8889, 0.1667]
	 ->['GGCACCAACAUCUACGAAGGAGAGUGAGGACAGGCC', '(((.((.((.(((.(....))))))..))....)))', 0.1111, -1.3041594503975734e-06, -5.7511, 0.353, 0.7273, 0.1667]
	 ->['GGCACCAACAUCUAGGAACGAGAGUGAGGACAGGCC', '(((.((.((.(((.......)))))..))....)))', 0.0833, -8.241026202534532e-06, -4.6149, 0.2795, 0.7, 0.1667]
	 >>> Resetting the solution to avoid local optima.
	 ->['ACCACCACCAACCACAAAGAGGAGGAAGGAAAAGGA', '.((.((.((...........)).))..)).......', 0.4167, -0.0006013949554065783, -3.7708, 0.3925, 1.0, 0.1667]
	 ->['ACCACCACCAACCACAUAGAGGAGGAAGGAAACGGA', '.((.((.((...........)).))..)).......', 0.4167, -0.0005919030492301225, -3.7806, 0.394, 1.0, 0.1667]
	 ->['ACCACCACCAACCACAUAGAGGGGGAAGGAAUCGGA', '....((..(..((.......))..)..)).......', 0.1667, -0.0006808969449662991, -5.0943, 0.4042, 1.0, 0.2222]
	 ->['AGUGCUACCAACCAGAACCUGGGGGAGAGACUCACA', '.(((((..(..((((...))))..)..))...))).', 0.1389, -1.5836706030261097e-07, -8.6506, 0.3103, 0.7, 0.1667]
	 >>> Resetting the solution to avoid local optima.
	 ->['ACCACCACCAACCACAAAGAGGAGGAAGGAAAAGGA', '.((.((.((...........)).))..)).......', 0.4167, -0.0006013949554065783, -3.7708, 0.3925, 1.0, 0.1667]
	 ->['ACCUCCACCAACCACAAAGAGGAGGAAGGAAAUGGA', '.(((((..............)))))...........', 0.3889, -2.425151400962546e-06, -7.1688, 0.546, 0.8, 0.3333]
	 ->['AACUCCACCAACCACAAAGAGGAGGAAGGAAAUGUA', '..((((..............))))............', 0.3611, -5.680725168640443e-06, -4.9442, 0.4293, 0.75, 0.3889]
	 ->['AACUCCACCAGCCACACAGAGGAGGAAGGAAAUGUA', '...(((..(..((.......))..)..)))......', 0.1944, -5.827405795464994e-06, -5.3285, 0.3851, 0.8333, 0.2778]
	 ->['GUCUCAACCAUUUCUCUCGGAAAGGCAUGAAUAGGC', '...(((.((.(((((...)))))))..)))......', 0.1389, -3.1793965395604403e-11, -5.1975, 0.3317, 0.4, 0.2778]
	 >>> Resetting the solution to avoid local optima.
	 ->['ACCACCACCAACCACAAAGAGGAGGAAGGAAAAGGA', '.((.((.((...........)).))..)).......', 0.4167, -0.0006013949554065783, -3.7708, 0.3925, 1.0, 0.1667]
	 ->['ACUCGCACCAAGCACAAAGAGUAGGAGGCAAAAGGA', '....((..(..((.......))..)..)).......', 0.1667, -2.9930266108589187e-05, -3.92, 0.3852, 0.8, 0.2222]
	 >>> Resetting the solution to avoid local optima.
	 ->['ACCACCACCAACCACAAAGAGGAGGAAGGAAAAGGA', '.((.((.((...........)).))..)).......', 0.4167, -0.0006013949554065783, -3.7708, 0.3925, 1.0, 0.1667]
	 ->['ACCACCACCAACCACAAAGAGGAGGAAGGAAACGGA', '.((.((.((...........)).))..)).......', 0.4167, -0.0005958511645698762, -3.7765, 0.3932, 1.0, 0.1667]
	 ->['ACAACCACCAAGCACUAAGAGUAGGAAGGAGUCUGA', '....((..(..((.......))..)..)).......', 0.1667, -4.56110855696e-05, -2.1603, 0.4828, 0.8, 0.2222]
	 >>> Resetting the solution to avoid local optima.
	 ->['AGGAGGAGGAAGGAGAAACACCACCAACCAAAACCA', '.((....((..((.(......).))..))....)).', 0.3333, -0.0007543586925342024, -4.0311, 0.4203, 1.0, 0.1111]
	 ->['AGGAGGAGGAAGGAGACACACCACCAACCAAAACCA', '.((....((..((.(......).))..))....)).', 0.3333, -0.0006380722248088356, -4.1343, 0.4367, 1.0, 0.1111]
	 ->['AGGAGGAUGAAGGAGACACACCACAAACCAAAACCA', '....((.....((.......)).....)).......', 0.1389, -0.0012276493898105948, -2.031, 0.3861, 1.0, 0.2778]
	 ->['CGGAGGAUGAAGGAGACACACCACAGACCAAAGCCA', '....((.((..((.......)).))..)).......', 0.0833, -0.004176097138614614, -2.3764, 0.3425, 0.8333, 0.1667]
	 >>> Resetting the solution to avoid local optima.
	 ->['AGGAGGAGGAAGGAGAAACACCACCAACCAAAACCA', '.((....((..((.(......).))..))....)).', 0.3333, -0.0007543586925342024, -4.0311, 0.4203, 1.0, 0.1111]
	 ->['AGGAGGAGGAAGGAGAAACACCACCAACCAAAACCA', '.((....((..((.(......).))..))....)).', 0.3333, -0.0007543586925342024, -4.0311, 0.4203, 1.0, 0.1111]
	 ->['UGGAGUAGGAAGGAGCAAUACCGCCAGACACAACCA', '((..((.((..((.......)).))..)).))....', 0.1389, -0.00034192999445163837, -3.6188, 0.3474, 0.75, 0.2222]
	 ->['UGGAGUAGGAAGGAGCAAUACCGCCAGACAGAUCCA', '((((((.((..((.......)).))..))...))))', 0.0833, -1.5378810086626832e-05, -5.5304, 0.3754, 0.7, 0.1667]
	 >>> Resetting the solution to avoid local optima.
	 ->['ACCACCACCAACCACAAAGAGGAGGAAGGAAAAGGA', '.((.((.((...........)).))..)).......', 0.4167, -0.0006013949554065783, -3.7708, 0.3925, 1.0, 0.1667]
	 ->['ACCACCACCAACCACAAAGAGGAGGAAGGAAAAGGA', '.((.((.((...........)).))..)).......', 0.4167, -0.0006013949554065783, -3.7708, 0.3925, 1.0, 0.1667]
	 ->['ACCACCACCACCCACAAAGAGGAGGAAGGAAAAGGA', '....((..(..((.......))..)..)).......', 0.1667, -0.00022428261086529307, -4.5787, 0.3543, 1.0, 0.2222]
	 ->['ACCACCACCACCCACAAAGAGGGGGAAGGAAAAGGA', '....((.((.(((.......)))))..)).......', 0.1111, -1.1443506570879869e-05, -7.6126, 0.3055, 1.0, 0.2222]
	 >>> Resetting the solution to avoid local optima.
	 ->['ACCACCACCAACCACAAAGAGGAGGAAGGAAAAGGA', '.((.((.((...........)).))..)).......', 0.4167, -0.0006013949554065783, -3.7708, 0.3925, 1.0, 0.1667]
	 ->['ACCACCACCAACCACAAAGAGGAGGAAGGAAAAGGA', '.((.((.((...........)).))..)).......', 0.4167, -0.0006013949554065783, -3.7708, 0.3925, 1.0, 0.1667]
	 ->['ACCACCACCAACCACAAAGAGGAGGAAGGAAAUGGA', '.(((...((..((.(......).))..))...))).', 0.3611, -5.794357436017095e-05, -5.2129, 0.398, 0.875, 0.1667]
	 ->['ACCACCACCAACCACAAAGAGGAGGAAGGAAAGGGA', '.((.((..(..((.......))..)..))...))..', 0.2222, -0.00011302657057138004, -4.8011, 0.3988, 1.0, 0.1667]
	 ->['ACCGAGACCGACCACAUAGUGGAGGUACUAAAGGGA', '.((.(((((..((((...)))).))).))...))..', 0.1667, -5.897079909488637e-08, -9.4594, 0.2711, 0.7273, 0.1667]
	 >>> Resetting the solution to avoid local optima.
	 ->['AGGAGGAGGAAGGAGAAACACCACCAACCAAAACCA', '.((....((..((.(......).))..))....)).', 0.3333, -0.0007543586925342024, -4.0311, 0.4203, 1.0, 0.1111]
	 ->['AGGAGGAGGAAGGAGAAUCACCACCAACCAUAACCA', '.((....((..((.(......).))..))....)).', 0.3333, -0.0005699650201960663, -4.2039, 0.4421, 1.0, 0.1111]
	 ->['AGGCGGAGGAAGGAGAAUCACCACCCACCAGAACCA', '....((.((..((.......))..)).)).......', 0.1944, -4.646763469325767e-05, -5.9489, 0.4652, 1.0, 0.2222]
	 ->['CGGCUGAGGAAGGUGAGUCACCACCCACAGGAUCCA', '.(((((.((..((((...))))..)).)))...)).', 0.1667, -7.741343222226718e-09, -9.8108, 0.3035, 0.8182, 0.1667]
	 >>> Resetting the solution to avoid local optima.
	 ->['ACCACCACCAACCACAAAGAGGAGGAAGGAAAAGGA', '.((.((.((...........)).))..)).......', 0.4167, -0.0006013949554065783, -3.7708, 0.3925, 1.0, 0.1667]
	 ->['ACCACCACCAACCACAGAGAGGAGGAAGGAAAAGGA', '.((.((.((...........)).))..)).......', 0.4167, -0.0005854755688531427, -3.7873, 0.3961, 1.0, 0.1667]
	 ->['ACCACCAGCAACCACAGAGAGGAGCAAGGAAAAGGA', '....((.((..((.......)).))..)).......', 0.0833, -0.004913249345049667, -2.7763, 0.2432, 1.0, 0.1667]
	 >>> Resetting the solution to avoid local optima.
	 ->['ACCACCACCAACCACAAAGAGGAGGAAGGAAAAGGA', '.((.((.((...........)).))..)).......', 0.4167, -0.0006013949554065783, -3.7708, 0.3925, 1.0, 0.1667]
	 ->['ACCAGCGCCAACCACAUAGAGGAGGAAGCAAAAGGA', '....((..(..((.......))..)..)).......', 0.1667, -0.002248092666261957, -3.8581, 0.2511, 1.0, 0.2222]
	 >>> Resetting the solution to avoid local optima.
	 ->['ACCACCACCAACCACAAAGAGGAGGAAGGAAAAGGA', '.((.((.((...........)).))..)).......', 0.4167, -0.0006013949554065783, -3.7708, 0.3925, 1.0, 0.1667]
	 ->['ACCACCACCAACCACAAAGAGGAGGAAGGAAAGGGU', '(((....((..((.(......).))..))....)))', 0.3611, -6.41078199404133e-05, -5.1505, 0.4025, 0.875, 0.1667]
	 ->['ACCACCAACAACCACAAAGAGGAGUAAGGAGCGGGU', '.((.((.....((.......)).....))...))..', 0.1944, -7.479004230878524e-05, -3.4556, 0.4362, 1.0, 0.2222]
	 ->['ACCACCAACAAUCUCAAGGAGAAGUACGGCGCAGGU', '(((.((.....((((...)))).....))....)))', 0.1111, -6.844645460394591e-06, -3.9293, 0.2539, 0.6667, 0.2222]
	 >>> Resetting the solution to avoid local optima.
	 ->['AGGAGGAGGAAGGAGAAACACCACCAACCAAAACCA', '.((....((..((.(......).))..))....)).', 0.3333, -0.0007543586925342024, -4.0311, 0.4203, 1.0, 0.1111]
	 ->['AGGAGGAGGAAGGAGAAACACCACCAACCAAAACCA', '.((....((..((.(......).))..))....)).', 0.3333, -0.0007543586925342024, -4.0311, 0.4203, 1.0, 0.1111]
	 ->['AGGAGGAGGAAGGAGAAACACCACCCACCAAAACCA', '....((.((..((.......))..)).)).......', 0.1944, -0.00012556246041956872, -5.3362, 0.3768, 1.0, 0.2222]
	 >>> Resetting the solution to avoid local optima.
	 ->['AGGAGGAGGAAGGAGAAACACCACCAACCAAAACCA', '.((....((..((.(......).))..))....)).', 0.3333, -0.0007543586925342024, -4.0311, 0.4203, 1.0, 0.1111]
	 ->['AGGAGGAGGAAGGAGAAACACCACCAACCAAAACCA', '.((....((..((.(......).))..))....)).', 0.3333, -0.0007543586925342024, -4.0311, 0.4203, 1.0, 0.1111]
	 ->['AGGCGGAGGCGGCGGAGACAGCACUAACCCAACCCU', '.((.(..((..((.......)).))..)))......', 0.2222, -1.9713645986555242e-05, -6.4773, 0.4485, 0.8571, 0.1667]
	 ->['AGGCGGAGGCGGCGGAGACAGCACUAACCAAACCCU', '.((.((.((..((.......)).))..))...))..', 0.1389, -0.00015504554397257, -5.2062, 0.3859, 0.875, 0.1111]
	 >>> Resetting the solution to avoid local optima.
	 ->['AGGAGGAGGAAGGAGAAACACCACCAACCAAAACCA', '.((....((..((.(......).))..))....)).', 0.3333, -0.0007543586925342024, -4.0311, 0.4203, 1.0, 0.1111]
	 ->['AGGAGGAGGAAGGAGAGACACCACCAACCAUAACCA', '.((....((..((.(......).))..))....)).', 0.3333, -0.0006377372837780753, -4.1346, 0.4201, 1.0, 0.1111]
	 ->['AGGAGGAUGAAGGAGAGACACCACGGACCAUAACCU', '....((.....((.......)).....)).......', 0.1389, -0.0005186924711742872, -2.462, 0.437, 1.0, 0.2778]
	 ->['AGGAGGACGACGGAGAGACACCACGGACCAUAUCCU', '((((((.((..((.......)).))..))...))))', 0.0833, -8.980395537656221e-05, -5.5428, 0.3119, 0.8, 0.1667]
	 >>> Resetting the solution to avoid local optima.
	 ->['AGGAGGAGGAAGGAGAAACACCACCAACCAAAACCA', '.((....((..((.(......).))..))....)).', 0.3333, -0.0007543586925342024, -4.0311, 0.4203, 1.0, 0.1111]
	 ->['AGGAGGAGGAAGGAGACACACCACCAACCAAAACCA', '.((....((..((.(......).))..))....)).', 0.3333, -0.0006380722248088356, -4.1343, 0.4367, 1.0, 0.1111]
	 ->['CGGAGAGGGGCAGAGAGACACUUCCAAUCACUACCA', '....((..((.((.......)).))..)).......', 0.1944, -6.816686932782703e-06, -4.9318, 0.4563, 0.6667, 0.2222]
	 ->['CGGAGAGGGGCAGAGAGACUCUUCCAAUCACUUCCA', '.(((((..((.((((...)))).))..))...))).', 0.1667, -5.850194199747782e-09, -9.6835, 0.2929, 0.6364, 0.1667]
	 ->['CGGAGAGGGGUAGAGAGACUCUUCCACUCACUUCCA', '.(((((((((.((((...))))))).)))...))).', 0.1111, -7.859677932174112e-10, -11.7206, 0.337, 0.6154, 0.2222]
	 >>> Resetting the solution to avoid local optima.
	 ->['ACCACCACCAACCACAAAGAGGAGGAAGGAAAAGGA', '.((.((.((...........)).))..)).......', 0.4167, -0.0006013949554065783, -3.7708, 0.3925, 1.0, 0.1667]
	 ->['ACCACCACCAACCACAGAGAGGAGGAAGGAACAGGA', '.((.((.((...........)).))..)).......', 0.4167, -0.0005850057576128872, -3.7878, 0.3961, 1.0, 0.1667]
	 ->['AUCACCACCAACCACAGAGAGGAGGAAGGAACAGAA', '....((..(..((.......))..)..)).......', 0.1667, -0.0001022921522457168, -3.1626, 0.3774, 1.0, 0.2222]
	 ->['UUCACCAGCAGCCACAUCGAGGAGUACGGAGCAGAA', '....((.....((.......)).....)).......', 0.1389, -6.851891570961233e-05, -2.7095, 0.4768, 1.0, 0.2778]
	 >>> Resetting the solution to avoid local optima.
	 ->['AGGAGGAGGAAGGAGAAACACCACCAACCAAAACCA', '.((....((..((.(......).))..))....)).', 0.3333, -0.0007543586925342024, -4.0311, 0.4203, 1.0, 0.1111]
	 ->['AGGAGGAGGAAGGAGAAACACCACCAACCAAAACCA', '.((....((..((.(......).))..))....)).', 0.3333, -0.0007543586925342024, -4.0311, 0.4203, 1.0, 0.1111]
	 ->['AGGAGUAGGAAGGAGCAUCUCCGCCAAGCAGUACCU', '.......((..((((...)))).))...........', 0.1389, -5.512845294000342e-06, -6.4627, 0.2801, 0.8333, 0.2778]
	 >>> Resetting the solution to avoid local optima.
	 ->['AGGAGGAGGAAGGAGAAACACCACCAACCAAAACCA', '.((....((..((.(......).))..))....)).', 0.3333, -0.0007543586925342024, -4.0311, 0.4203, 1.0, 0.1111]
	 ->['AGGAGGAGGAAGGAGAAACACCACCGACCAAAACCA', '.((....((..((.(......).))..))....)).', 0.3333, -0.0008905082583679695, -5.2289, 0.4221, 1.0, 0.1111]
	 ->['UGGUGGAAGCAUGUCGCCGACAACUGACCAGGGCCA', '((((((.((..((((...)))).))..))...))))', 0.0833, -2.881900515791141e-07, -6.9816, 0.3234, 0.5833, 0.1667]
	 >>> Resetting the solution to avoid local optima.
	 ->['AGGAGGAGGAAGGAGAAACACCACCAACCAAAACCA', '.((....((..((.(......).))..))....)).', 0.3333, -0.0007543586925342024, -4.0311, 0.4203, 1.0, 0.1111]
	 ->['AGGAGGAGGGAGGAGAAACACCACCGACCAGAACCA', '.((....((..((.(......).))..))....)).', 0.3333, -0.0007322299960908905, -7.0495, 0.4084, 1.0, 0.1111]
	 ->['AGGAGGAGGGAGGUACAAUACCACCGACCAGAACCA', '....((..((.((((...)))).))..)).......', 0.1944, -1.0039324095195292e-05, -8.8932, 0.3159, 0.75, 0.2222]
	 >>> Resetting the solution to avoid local optima.
	 ->['AGGAGGAGGAAGGAGAAACACCACCAACCAAAACCA', '.((....((..((.(......).))..))....)).', 0.3333, -0.0007543586925342024, -4.0311, 0.4203, 1.0, 0.1111]
	 ->['AGGAAGAGGAAGGAGACACACCACCGACUAUAACCA', '.((....((..((.(......).))..))....)).', 0.3333, -0.0006470607608960667, -3.5257, 0.4033, 0.8571, 0.1111]
	 ->['AGGAAGAGGAAGGAGCCACACCACCGACUAUAACCA', '.((....((..((..........))..))....)).', 0.3056, -0.0010476025680559887, -3.2287, 0.4111, 0.8333, 0.1667]
	 ->['AGGACGAGGAAGGAGCCACACCACCGACGAGAACCA', '....((.((..((.......)).))..)).......', 0.0833, -0.006640476214294667, -3.0906, 0.3475, 1.0, 0.1667]
	 >>> Resetting the solution to avoid local optima.
	 ->['ACCACCACCAACCACAAAGAGGAGGAAGGAAAAGGA', '.((.((.((...........)).))..)).......', 0.4167, -0.0006013949554065783, -3.7708, 0.3925, 1.0, 0.1667]
	 ->['ACCACCACCAACCACAAAGAGGAGGAAGGAAAAGGA', '.((.((.((...........)).))..)).......', 0.4167, -0.0006013949554065783, -3.7708, 0.3925, 1.0, 0.1667]
	 ->['ACCACCACCCACCACAAAGAGGAGGAAGGAAAAGGA', '....((..((.((.......)).))..)).......', 0.1944, -0.00010048396105780303, -5.0735, 0.3177, 1.0, 0.2222]
	 ->['ACCACCACGCACCACAAAGAGGACGAAGGAACAGGA', '....((.((..((.......)).))..)).......', 0.0833, -0.002186983830328944, -2.2751, 0.2959, 1.0, 0.1667]
	 >>> Resetting the solution to avoid local optima.
	 ->['ACCACCACCAACCACAAAGAGGAGGAAGGAAAAGGA', '.((.((.((...........)).))..)).......', 0.4167, -0.0006013949554065783, -3.7708, 0.3925, 1.0, 0.1667]
	 ->['ACCACCACCAACCACAAAGAGGAGGAAGGAACAGGA', '.((.((.((...........)).))..)).......', 0.4167, -0.0006009486289361108, -3.7713, 0.3926, 1.0, 0.1667]
	 ->['ACCACCACCAACGACACAGACGAGGAAGGAACCGGA', '....((..(..((.......))..)..)).......', 0.1667, -0.002157818599397103, -2.1834, 0.3785, 1.0, 0.2222]
	 ->['ACCACCACCAACGACACAGACGAGGUAGGAGCCGGA', '....(((((..((.......)).))).)).......', 0.1111, -9.081757480673091e-05, -4.3359, 0.3682, 0.8571, 0.2222]




RNA sequences found with GC-content <= 0.48:

RNA sequences found with GC-content > 0.48:
@@ AGGAGCAGCAACAGGAAUCGUGGGCGAGUGAAACCA 0.7777777777777777
@@ AGGAGCAGCAACAGGAAACGUGGGCGAGUGAAACCA 0.7777777777777777
@@ AGGAGCAGGAACAGGAAACGUGGCCGAGUGAAACCA 0.7777777777777778
@@ AGGAGCAGGAACAGGAAACGUGGCCGAGUGGAACCA 0.7777777777777778
@@ AGGAGCAGGAACAGGAGACGUGGCCGAGUGGAACCA 0.7777777777777778


Elapsed time:                   86400.01146697998 secs.
Number of function evaluations: 69890710
----------------------------------------------------------------------


---------------------------------------
 FINISHED SUCCESSFULLY 
---------------------------------------
