
-----------------------------------------------------------------------
   _____ _____  ______ ______ _____             _____  _   _           
  / ____|  __ \|  ____|  ____|  __ \           |  __ \| \ | |   /\     
 | |  __| |__) | |__  | |__  | |  | |  ______  | |__) |  \| |  /  \    
 | | |_ |  _  /|  __| |  __| | |  | | |______| |  _  /| . ` | / /\ \   
 | |__| | | \ \| |____| |____| |__| |          | | \ \| |\  |/ ____ \  
  \_____|_|  \_\______|______|_____/           |_|  \_\_| \_/_/    \_\ 
       
                                       -- A. Rubio-Largo et al. 2023
-----------------------------------------------------------------------

------------------------------------------------------------------------------------------------------------------
CONFIGURATION: 

 * TARGET:           .((.((.((..((.(...).)).))..))....)).
 * STOPPING:         86400 secs.
 * SEED:             8
 * NO. OF SOLUTIONS: 1
 * max. GC-cont.:    0.48
 * MODEL:            TURNER2004
 * MUTATION PROB:    0.01
 * STAGNATION LIMIT: 50
------------------------------------------------------------------------------------------------------------------


 (1) Let's minimize the base-pair distance between predicted and target structures
    -> Min(Base-pair distance), min(Hamming distance), max(probability over ensemble), min(partition function), min(ensemble defect), min(%GC-content)


	 ->['ACCACCACCAACCACAAAGAGGAGGAAGGAAAAGGA', '.((.((.((...........)).))..)).......', 0.4167, -0.0006013949554065783, -3.7708, 0.3925, 1.0, 0.1667]
	 ->['ACCACCACCAACCACAAAGAGGAGGAAGGAAAAGGA', '.((.((.((...........)).))..)).......', 0.4167, -0.0006013949554065783, -3.7708, 0.3925, 1.0, 0.1667]
	 ->['ACCACGACCAACCACAAAGAGGAGGAACGAAAAGGA', '....((..(..((.......))..)..)).......', 0.1667, -0.0021499371494486763, -2.2856, 0.2998, 1.0, 0.2222]
	 >>> Resetting the solution to avoid local optima.
	 ->['AGGAGGAGGAAGGAGAAACACCACCAACCAAAACCA', '.((....((..((.(......).))..))....)).', 0.3333, -0.0007543586925342024, -4.0311, 0.4203, 1.0, 0.1111]
	 ->['AGGAGGAGGAAGGAGAAACACCACCAACCAAAACCA', '.((....((..((.(......).))..))....)).', 0.3333, -0.0007543586925342024, -4.0311, 0.4203, 1.0, 0.1111]
	 ->['AGGAGGAGGAACGAGAAACACGACCAACCAAAACCA', '....((..(..((.......))..)..)).......', 0.1667, -0.0041574351089142154, -2.2792, 0.3207, 1.0, 0.2222]
	 >>> Resetting the solution to avoid local optima.
	 ->['AGGAGGAGGAAGGAGAAACACCACCAACCAAAACCA', '.((....((..((.(......).))..))....)).', 0.3333, -0.0007543586925342024, -4.0311, 0.4203, 1.0, 0.1111]
	 ->['AGCAGGAGGAAGGAGAAACACCACCAACCAAAAGCA', '.((....((..((.(......).))..))....)).', 0.3333, -0.0014087847051754308, -3.7462, 0.3661, 1.0, 0.1111]
	 ->['AGCAGGAGGAAGGAUAAAGACCACCAACCAAAAGCA', '.((....((..((..........))..))....)).', 0.3056, -0.00025201899823875155, -3.3068, 0.3221, 1.0, 0.1667]
	 ->['AGCAGGAGGGAGUAUAAAGAACACCAACCAAAAGCA', '....((..((.((.......)).))..)).......', 0.1944, -0.00013004564993766886, -4.3146, 0.279, 0.8333, 0.2222]
	 ->['AGCAGGAGGAAGUAUAAAGAACACCAACCAAAAGCA', '....((..(..((.......))..)..)).......', 0.1667, -0.0006756685012649316, -1.599, 0.3178, 0.8, 0.2222]
	 ->['AGCAGGAGGAUGUAGAAACAACACCAACCAAAAGCA', '....((.((.(((.......)))))..)).......', 0.1111, -0.00018396612019223218, -3.8008, 0.2932, 0.7143, 0.2222]
	 >>> Resetting the solution to avoid local optima.
	 ->['AGGAGGAGGAAGGAGAAACACCACCAACCAAAACCA', '.((....((..((.(......).))..))....)).', 0.3333, -0.0007543586925342024, -4.0311, 0.4203, 1.0, 0.1111]
	 >>> Resetting the solution to avoid local optima.
	 ->['AGGAGGAGGAAGGAGAAACACCACCAACCAAAACCA', '.((....((..((.(......).))..))....)).', 0.3333, -0.0007543586925342024, -4.0311, 0.4203, 1.0, 0.1111]
	 ->['AGGAGGAGGAAGGAGAAACACCACCAACCAAAACCA', '.((....((..((.(......).))..))....)).', 0.3333, -0.0007543586925342024, -4.0311, 0.4203, 1.0, 0.1111]
	 ->['AGGACGAGGAAGGAGAAACACCACCAACGAAAACCA', '....((..(..((.......))..)..)).......', 0.1667, -0.0032178585195378547, -2.2371, 0.3151, 1.0, 0.2222]
	 ->['AGGACGAGGAAGGAGAAACACCACCAACGUAAACCA', '.(((((..(..((.......))..)..)))...)).', 0.1389, -0.00024745372909842477, -3.8181, 0.2506, 0.875, 0.1667]
	 ->['AGGAUGAGCAAGGACAAAGACCAGCUACAUAAACCA', '.((((((((..((.......)).))).)))...)).', 0.0833, -1.3440760110695572e-05, -5.2134, 0.2462, 0.7, 0.1667]
	 >>> Resetting the solution to avoid local optima.
	 ->['AGGAGGAGGAAGGAGAAACACCACCAACCAAAACCA', '.((....((..((.(......).))..))....)).', 0.3333, -0.0007543586925342024, -4.0311, 0.4203, 1.0, 0.1111]
	 ->['AGGAGGAGGAAGGAGAAACACCACCAACCAAAACCA', '.((....((..((.(......).))..))....)).', 0.3333, -0.0007543586925342024, -4.0311, 0.4203, 1.0, 0.1111]
	 ->['AGGAGGAGCAAGGAGAAACACCAGCAACCAAAACCA', '....((.((..((.......)).))..)).......', 0.0833, -0.007555348374148794, -2.911, 0.2583, 1.0, 0.1667]
	 >>> Resetting the solution to avoid local optima.
	 ->['AGGAGGAGGAAGGAGAAACACCACCAACCAAAACCA', '.((....((..((.(......).))..))....)).', 0.3333, -0.0007543586925342024, -4.0311, 0.4203, 1.0, 0.1111]
	 ->['AGGAGGAGGAAGGAGAAACACCACCAACCAAAACCA', '.((....((..((.(......).))..))....)).', 0.3333, -0.0007543586925342024, -4.0311, 0.4203, 1.0, 0.1111]
	 ->['AGGGGGACGAAGGAGAAACACCACGAGCCAAAACCA', '...((..((..((.......)).))..)).......', 0.1944, -0.00021585031552020747, -4.1023, 0.315, 1.0, 0.2222]
	 ->['AGGAGGACGAAGGAGAAACACCACGAGCCAAAACCA', '....((.....((.......)).....)).......', 0.1389, -0.002497379775195807, -2.5933, 0.2933, 1.0, 0.2778]
	 ->['AGGAGUAGGAAGGAGAAACACCACCAGGCAAAACCA', '....((.((..((.......)).))..)).......', 0.0833, -0.0049144244205066145, -2.6761, 0.3456, 0.8333, 0.1667]
	 ->['AGGUGCAGCGACGCGAAACACGAGCAGGCAAAUCCA', '.(((((.((..((.......)).))..)))...)).', 0.0556, -0.006798908289817454, -5.9761, 0.1645, 0.8889, 0.1111]
	 >>> Resetting the solution to avoid local optima.
	 ->['ACCACCACCAACCACAAAGAGGAGGAAGGAAAAGGA', '.((.((.((...........)).))..)).......', 0.4167, -0.0006013949554065783, -3.7708, 0.3925, 1.0, 0.1667]
	 ->['AGCACCACCAAUCACAAAGAGAAGGAAGGAAAAGCA', '....((.((..((.....))...))..)).......', 0.1944, -0.001501071772012156, -2.3071, 0.3125, 0.8333, 0.2222]
	 ->['AGCACCACCAAUCAAAAAUAGAAGGAAGGAAAAGCA', '....((..(..((.......))..)..)).......', 0.1667, -0.0010975710040516064, -1.7, 0.2934, 0.8, 0.2222]
	 ->['UGCACCACCAAUCAAAAAUAGAAGGAAGGAAAAGCA', '(((.((..(..((.......))..)..))....)))', 0.1389, -0.000660960834494855, -2.0126, 0.294, 0.75, 0.1667]
	 ->['UGCACGGCCAAUCCGAAACUGAUGGAACGAAAAGCA', '(((.((.(((.((.......)))))..))....)))', 0.0833, -0.0003644461529233519, -4.0795, 0.2572, 0.7, 0.1667]
	 >>> Resetting the solution to avoid local optima.
	 ->['AGGAGGAGGAAGGAGAAACACCACCAACCAAAACCA', '.((....((..((.(......).))..))....)).', 0.3333, -0.0007543586925342024, -4.0311, 0.4203, 1.0, 0.1111]
	 ->['AGGAGCAGGAAGGAGAAACACCACCAAGCAAAACCA', '....((..(..((.......))..)..)).......', 0.1667, -0.006421113579164364, -3.0113, 0.2391, 1.0, 0.2222]
	 ->['AGCAGCAGGAAGGAGAAACACCACCAGGCAAAAGCA', '....((.((..((.......)).))..)).......', 0.0833, -0.00903436900034254, -4.1008, 0.2282, 1.0, 0.1667]
	 >>> Resetting the solution to avoid local optima.
	 ->['AGGAGGAGGAAGGAGAAACACCACCAACCAAAACCA', '.((....((..((.(......).))..))....)).', 0.3333, -0.0007543586925342024, -4.0311, 0.4203, 1.0, 0.1111]
	 ->['AGGAGGAGGAAGGAGAAACACCACCAACCAAAACCA', '.((....((..((.(......).))..))....)).', 0.3333, -0.0007543586925342024, -4.0311, 0.4203, 1.0, 0.1111]
	 ->['AGGAGCCGGAAGAAGAUACAUCACCAAGCAAAACCA', '....((..(..((.......))..)..)).......', 0.1667, -0.008985289912946427, -1.6042, 0.2876, 0.8, 0.2222]
	 ->['AGGAGCCGGAAGAAGAUACAUCACCAUGCAAAACCA', '....((.((..............))..)).......', 0.1389, -0.010534730435104837, -1.5062, 0.3159, 1.0, 0.2778]
	 ->['AGGAGCCGUUAGAACAUAGAUCAGCAUGCAAAACCA', '....((.(((.((.......)))))..)).......', 0.1111, -0.000980052226624262, -1.6698, 0.354, 0.5714, 0.2222]
	 >>> Resetting the solution to avoid local optima.
	 ->['AGGAGGAGGAAGGAGAAACACCACCAACCAAAACCA', '.((....((..((.(......).))..))....)).', 0.3333, -0.0007543586925342024, -4.0311, 0.4203, 1.0, 0.1111]
	 ->['AGCAGGAGGAAGGAGAAACACCACCAACCAAAAGCA', '.((....((..((.(......).))..))....)).', 0.3333, -0.0014087847051754308, -3.7462, 0.3661, 1.0, 0.1111]
	 ->['AGCAGGAGGAAGUAGAUACAACACCAACCAAAAGCA', '....((..(..((.......))..)..)).......', 0.1667, -0.003599599673163717, -1.768, 0.3335, 0.8, 0.2222]
	 ->['AGCAGGAGCAUGUAGAAUCGACGGCGACCAAAAGCA', '....((.((.(((.......)))))..)).......', 0.1111, -0.005515500080586421, -4.305, 0.2775, 0.7143, 0.2222]
	 ->['AGCAGGAGCAGGUAGAAUCAACAGCGACCAAAAGCA', '....((.((..((.......)).))..)).......', 0.0833, -0.014386878813308591, -3.7141, 0.3169, 0.8333, 0.1667]
	 >>> Resetting the solution to avoid local optima.
	 ->['ACCACCACCAACCACAAAGAGGAGGAAGGAAAAGGA', '.((.((.((...........)).))..)).......', 0.4167, -0.0006013949554065783, -3.7708, 0.3925, 1.0, 0.1667]
	 ->['ACCACCACCAACCACAAAGAGGAGGAAGGAAAAGGA', '.((.((.((...........)).))..)).......', 0.4167, -0.0006013949554065783, -3.7708, 0.3925, 1.0, 0.1667]
	 ->['ACAACCACCAACCACAAAGAGGAGGAAGGAAAAUGA', '....((..(..((.......))..)..)).......', 0.1667, -8.351479649434432e-05, -3.0876, 0.3739, 1.0, 0.2222]
	 ->['GCCACAACGAACCGCAAAGAGGACGAUUGAAAAGGG', '....(((((..((.......)).)).))).......', 0.1111, -0.0003215215987685199, -3.0567, 0.2623, 0.7143, 0.2222]
	 ->['GCCACAACGAACCGCAAAGAGGACGAUUGAAAAGGC', '(((.(((((..((.......)).)).)))....)))', 0.0833, -1.9597454375832433e-05, -4.481, 0.2106, 0.8, 0.1667]
	 ->['GGCACCACGAACCGCAAUGAGGACGGAGGAAAAGCC', '(((.((.((..((.......)).))..))....)))', 0.0556, -0.0006577929722841735, -5.7155, 0.2412, 1.0, 0.1111]
	 >>> Resetting the solution to avoid local optima.
	 ->['ACCACCACCAACCACAAAGAGGAGGAAGGAAAAGGA', '.((.((.((...........)).))..)).......', 0.4167, -0.0006013949554065783, -3.7708, 0.3925, 1.0, 0.1667]
	 ->['AGCACCACAAACCGCAAAGAGGAUGAAGGAAAAGCA', '....((.....((.......)).....)).......', 0.1389, -0.003033147216423571, -2.5735, 0.26, 1.0, 0.2778]
	 ->['AGCACCACAGACCGCAAAGAGGAUGAAGGAAAAGCA', '....((.((..((.......)).))..)).......', 0.0833, -0.010421879851368962, -2.9128, 0.221, 0.8333, 0.1667]
	 >>> Resetting the solution to avoid local optima.
	 ->['AGGAGGAGGAAGGAGAAACACCACCAACCAAAACCA', '.((....((..((.(......).))..))....)).', 0.3333, -0.0007543586925342024, -4.0311, 0.4203, 1.0, 0.1111]
	 ->['AGGAGGAGGAAGGAGAAACACCACCAACCAAAACCA', '.((....((..((.(......).))..))....)).', 0.3333, -0.0007543586925342024, -4.0311, 0.4203, 1.0, 0.1111]
	 ->['AGGAGGAUGAAGGAGAAACACCACGAACCAAAACCA', '....((.....((.......)).....)).......', 0.1389, -0.0004832353970010424, -1.9056, 0.3796, 1.0, 0.2778]
	 ->['AGCAGGAUGAAGGAGAAACGCCACGUACCAAAAGCA', '....(((((..((.......)).))).)).......', 0.1111, -0.0004079879240676228, -3.1099, 0.2307, 0.7143, 0.2222]
	 ->['AGCGCGGACGAGGAGAAACGCCAGUUACGAAAUGCA', '.((((((((..((.......)).))).))...))).', 0.0833, -0.0013429216877097164, -4.7757, 0.3437, 0.7, 0.1667]
	 ->['AGCGCGGACGAGGGGAAACGCCAGUUACGAAAUGCA', '.((((((((..((.(...).)).))).))...))).', 0.0556, -0.0029319848670226615, -6.3944, 0.2643, 0.7273, 0.1111]
	 >>> Resetting the solution to avoid local optima.
	 ->['AGGAGGAGGAAGGAGAAACACCACCAACCAAAACCA', '.((....((..((.(......).))..))....)).', 0.3333, -0.0007543586925342024, -4.0311, 0.4203, 1.0, 0.1111]
	 ->['AGGAGGAGGCAGGAGAAACACCACCAACCAAAACCA', '.((....((..((.(......).))..))....)).', 0.3333, -0.0008588039959593911, -4.1512, 0.4199, 1.0, 0.1111]
	 ->['AGGAGGAGGCGGGAGAAACACCACCAACCAAAACCA', '....((.((.((........)).))..)).......', 0.1944, -5.717221321319429e-05, -7.0211, 0.3484, 1.0, 0.2222]
	 ->['AGGUGGAGCCGGGAGAAACACCAGUAACCAAAACCA', '.(((((.((.((........)).))..))...))).', 0.1667, -1.337261579133269e-05, -7.1165, 0.3092, 0.7778, 0.1667]
	 >>> Resetting the solution to avoid local optima.
	 ->['ACCACCACCAACCACAAAGAGGAGGAAGGAAAAGGA', '.((.((.((...........)).))..)).......', 0.4167, -0.0006013949554065783, -3.7708, 0.3925, 1.0, 0.1667]
	 ->['ACCACCACCGACCACAAAGGGGAGGAAGGCAAAGGA', '....((.((..((......))..))..)).......', 0.1944, -6.18102988405484e-05, -6.873, 0.3505, 1.0, 0.2222]
	 ->['ACCACCACCGGCCGCAAUGGGGAGGAAGGCAAUGGA', '.(((((.((..((......))..))..))...))).', 0.1667, -0.000724893682743836, -8.1557, 0.3587, 0.8889, 0.1667]
	 >>> Resetting the solution to avoid local optima.
	 ->['AGGAGGAGGAAGGAGAAACACCACCAACCAAAACCA', '.((....((..((.(......).))..))....)).', 0.3333, -0.0007543586925342024, -4.0311, 0.4203, 1.0, 0.1111]
	 ->['AGGAGGAGGAAGGAGAAACACCACCAACCAAAACCA', '.((....((..((.(......).))..))....)).', 0.3333, -0.0007543586925342024, -4.0311, 0.4203, 1.0, 0.1111]
	 ->['AGGGGGAGUAAGGAGAAACGCCGGCAACCAAAACCA', '...((..((..((.......)).))..)).......', 0.1944, -0.0005622109212347334, -5.0123, 0.3, 0.8333, 0.2222]
	 ->['AGGGGGAGUAAGAGGAAACGUCGGCAACCAAAACCA', '...((..((..((.(...).)).))..)).......', 0.1667, -0.0013723538220848132, -4.8623, 0.2735, 0.7143, 0.1667]
	 ->['AGGGGGAGUAAGAGGAACCGUCGGCAACCAAACCCA', '.(((((.....((.(...).)).....))...))).', 0.0833, -0.00019895545168941833, -6.0526, 0.2684, 0.875, 0.1667]
	 ->['AGGGGGAGUCAGAGGAACCGUCGGCGGCCAAACCCA', '.(((((.(((.((.(...).)))))..))...))).', 0.0556, -3.0425107279659996e-05, -8.6099, 0.2343, 0.8182, 0.1111]
	 >>> Resetting the solution to avoid local optima.
	 ->['ACCACCACCAACCACAAAGAGGAGGAAGGAAAAGGA', '.((.((.((...........)).))..)).......', 0.4167, -0.0006013949554065783, -3.7708, 0.3925, 1.0, 0.1667]
	 ->['ACCACCACCAACCACAAAGAGGAGGAAGGAAAAGGA', '.((.((.((...........)).))..)).......', 0.4167, -0.0006013949554065783, -3.7708, 0.3925, 1.0, 0.1667]
	 ->['ACCACCAACAACCACAAAGCGGAGUAAGGAAAAGGG', '....((.....((.......)).....)).......', 0.1389, -0.011808835978753674, -2.1358, 0.3415, 1.0, 0.2778]
	 ->['CCCACCAGCAACCACAAAGCGGAGUAAGGAAAAGGG', '(((.((.....((.......)).....))....)))', 0.1111, -0.0017580357243501574, -3.5097, 0.3092, 1.0, 0.2222]
	 >>> Resetting the solution to avoid local optima.
	 ->['AGGAGGAGGAAGGAGAAACACCACCAACCAAAACCA', '.((....((..((.(......).))..))....)).', 0.3333, -0.0007543586925342024, -4.0311, 0.4203, 1.0, 0.1111]
	 ->['AGGAGGAGGAAGGCGAAACACCACCAACCAAAACCA', '.((....((..((.(......).))..))....)).', 0.3333, -0.002128513383440122, -4.6918, 0.4085, 1.0, 0.1111]
	 ->['AGGAGGACCAAGGCGAAACACCAGGAACCAAAACCA', '....((.((..((.......)).))..)).......', 0.0833, -0.03570699521253211, -3.3538, 0.2373, 1.0, 0.1667]
	 ->['AGCACGACCGCGGCGAAACACCAGGAACGAAAUGCA', '.(((((.((..((.......)).))..))...))).', 0.0556, -0.008020951428816855, -4.6742, 0.149, 0.8889, 0.1111]
	 >>> Resetting the solution to avoid local optima.
	 ->['ACCACCACCAACCACAAAGAGGAGGAAGGAAAAGGA', '.((.((.((...........)).))..)).......', 0.4167, -0.0006013949554065783, -3.7708, 0.3925, 1.0, 0.1667]
	 ->['ACCACCACCAACCACAAAGAGGAGGCAGGAAAAGGA', '.((.((.((...........)).))..)).......', 0.4167, -0.0006656804636920912, -3.9082, 0.3987, 1.0, 0.1667]
	 ->['ACCACCACCAACGACAAAGACGAGGCAGGAAAAGGA', '....((..(..((.......))..)..)).......', 0.1667, -0.003352172495748933, -2.1119, 0.3476, 1.0, 0.2222]
	 ->['ACCACCACCAUCGACAAAGACGAGGCAGGAAAAGGA', '....((.((.(((.......)))))..)).......', 0.1111, -0.00012744714298144915, -4.327, 0.2689, 0.8571, 0.2222]
	 ->['ACCAACACUAUCGAGAUACACGUAGGAGUUCAAGGG', '.(((((.(((.((.......)))))..)))...)).', 0.0833, -0.00010473210579444779, -3.448, 0.2523, 0.6, 0.1667]
	 >>> Resetting the solution to avoid local optima.
	 ->['ACCACCACCAACCACAAAGAGGAGGAAGGAAAAGGA', '.((.((.((...........)).))..)).......', 0.4167, -0.0006013949554065783, -3.7708, 0.3925, 1.0, 0.1667]
	 ->['ACCCCCACUAACCACAAAGAGGAAGAAGGAAAAGGA', '...((..((..((.......)).))..)).......', 0.1944, -0.00023871019747123283, -2.6403, 0.3619, 0.8333, 0.2222]
	 ->['AGCCGCACUAACCAGACACAGGAAGACGCAAAAGCA', '....((.....((.......)).....)).......', 0.1389, -0.0015485360906722996, -2.2879, 0.3467, 1.0, 0.2778]
	 ->['AGCCGCACAGACCAGACACAGGAUGAUGCCAAAGCA', '....(((((..((.......)).)).))).......', 0.1111, -0.00014428927725175118, -4.8506, 0.2192, 0.7143, 0.2222]
	 ->['AGCCGCCCAGACCAGACACAGGAUGAUGCCAAAGCA', '....((.((..((.......)).))..)).......', 0.0833, -0.0032590256481214892, -2.9293, 0.3751, 0.8333, 0.1667]
	 >>> Resetting the solution to avoid local optima.
	 ->['AGGAGGAGGAAGGAGAAACACCACCAACCAAAACCA', '.((....((..((.(......).))..))....)).', 0.3333, -0.0007543586925342024, -4.0311, 0.4203, 1.0, 0.1111]
	 ->['AGCAGGAGGAAGGAGAAACACCACCAACCAAAAGCA', '.((....((..((.(......).))..))....)).', 0.3333, -0.0014087847051754308, -3.7462, 0.3661, 1.0, 0.1111]
	 ->['AGCAGGAUGAAGGAGAAACACCACGGACCAAAAGCA', '....((.....((.......)).....)).......', 0.1389, -0.004059333402227189, -1.7939, 0.3017, 1.0, 0.2778]
	 ->['AGCAGGAUGAUGGAGAAACACCGCGGACCAAAAGCA', '....((.((.(((.......)))))..)).......', 0.1111, -0.00027759630664069457, -3.6473, 0.3389, 0.7143, 0.2222]
	 ->['AGCGCCACAGUGAACAUAGAUCUUGGAGGAAAUGCA', '.(((((.(((.((.......)))))..))...))).', 0.0833, -0.000936385443612805, -3.5979, 0.3099, 0.6, 0.1667]
	 >>> Resetting the solution to avoid local optima.
	 ->['ACCACCACCAACCACAAAGAGGAGGAAGGAAAAGGA', '.((.((.((...........)).))..)).......', 0.4167, -0.0006013949554065783, -3.7708, 0.3925, 1.0, 0.1667]
	 ->['ACCACCACCAACCACAAAGAGGAGGAAGGUCAAGGA', '.((...(((..((.(......).))..)))...)).', 0.3611, -4.2694514548686036e-05, -5.4011, 0.4043, 0.875, 0.1667]
	 ->['AUCAGCACCAACCGCAAAGAGGAGGAAGCUCAAGAA', '...(((..(..((.......))..)..)))......', 0.1944, -4.0525436495734505e-05, -4.8332, 0.3296, 0.8333, 0.2778]
	 ->['AUCAGCACGAACCGCAAAGAGGAUGAAGCUCAAGAA', '...(((.....((.......)).....)))......', 0.1667, -6.125046071669696e-06, -3.5978, 0.4186, 0.8, 0.3333]
	 ->['ACCAGCACGGACCGCAAAGAGGAUGAAGCCCAAGGA', '....((.....((.......)).....)).......', 0.1389, -0.0019100814064845276, -2.8585, 0.4047, 1.0, 0.2778]
	 ->['ACCAGCACGUACCGCAAAGAGGAUGAAGCCCAAGGA', '....((.(((.((.......)))))..)).......', 0.1111, -0.00010548051636761619, -3.5436, 0.2513, 0.7143, 0.2222]
	 ->['ACCAGCAGUUAGCGCAAAGAGCGACAGGUUUAAGGG', '.(((((.(((.((.......)))))..)))...)).', 0.0833, -0.00023488331804334594, -5.3502, 0.3944, 0.6, 0.1667]
	 ->['ACCAGCAGUUAGAGCAAAGGUCGGCAGGUUAAAGGG', '.(((((.(((.((.(...).)))))..)))...)).', 0.0556, -0.00869311957894776, -3.7246, 0.3349, 0.5455, 0.1111]
	 ->['AGCAGCAGCAAGAGCAAAGGUCGGCAGGUUAAAGCA', '.(((((.((..((.(...).)).))..)))...)).', 0.0278, -0.03642003953158167, -4.5416, 0.1824, 0.7, 0.0556]


    -> Found sequence! Elapsed time:                   19.072550535202026 secs.


 (2) We found a sequence that folds exactly like the target structure. Let's minimize the GC-content
    -> ORDER: Min(Base-pair distance), min(Hamming distance), min(GC-content), min(partition function), min(ensemble defect), max(probability over ensemble))


	 >>> Resetting the solution to avoid local optima.
	 ->['ACCACCACCAACCACAAAGAGGAGGAAGGAAAAGGA', '.((.((.((...........)).))..)).......', 0.4167, -0.0006013949554065783, -3.7708, 0.3925, 1.0, 0.1667]
	 ->['ACCACCACCAACCACAAAGAGGAGGAAGGAAAAGGA', '.((.((.((...........)).))..)).......', 0.4167, -0.0006013949554065783, -3.7708, 0.3925, 1.0, 0.1667]
	 ->['ACCACCACCAACGACAAAGACGAGGAGGGAAGAGGG', '....((..(..((.......))..)..)).......', 0.1667, -0.0015661465051945887, -4.2809, 0.3645, 1.0, 0.2222]
	 ->['ACCACCCCCAACGACAAGGACGAGGAGGGAAGAGGG', '....(((((..((.......)).)).))).......', 0.1111, -2.895684958537296e-06, -6.9595, 0.3413, 1.0, 0.2222]
	 >>> Resetting the solution to avoid local optima.
	 ->['ACCACCACCAACCACAAAGAGGAGGAAGGAAAAGGA', '.((.((.((...........)).))..)).......', 0.4167, -0.0006013949554065783, -3.7708, 0.3925, 1.0, 0.1667]
	 ->['ACCACCACCAAACACAAAGAGUAGGAAGGAAAAGGA', '.((....((...(((.....)).)...))....)).', 0.3333, -0.0009235257209263219, -1.9064, 0.4015, 0.8571, 0.1667]
	 ->['ACCACCACCAAACUCAAAGAGUAGGAAGGAAAGGGA', '.((.((..(..((((...))))..)..))...))..', 0.2222, -3.385842714144925e-06, -5.7631, 0.2654, 0.7778, 0.1667]
	 ->['ACCACCACCAAACUCAAAGAGUAGGCAGGAAAGGGA', '.((.((.((..((((...)))).))..))...))..', 0.1389, -4.36560842089449e-06, -5.8065, 0.2537, 0.8, 0.1111]
	 ->['CGCGCCACCAGGAUCACAGAUUAGGCAGGAAAGGUA', '....((.((..((((...)))).))..)).......', 0.0833, -1.937631357295602e-06, -4.2071, 0.388, 0.625, 0.1667]
	 >>> Resetting the solution to avoid local optima.
	 ->['AGGAGGAGGAAGGAGAAACACCACCAACCAAAACCA', '.((....((..((.(......).))..))....)).', 0.3333, -0.0007543586925342024, -4.0311, 0.4203, 1.0, 0.1111]
	 ->['AGGAGGAGGAAGGAGAAACACCACCAACCAAAACCA', '.((....((..((.(......).))..))....)).', 0.3333, -0.0007543586925342024, -4.0311, 0.4203, 1.0, 0.1111]
	 ->['AGGAGCAGGAAGGAGAAACACCACCAAGCAGAACCA', '....((..(..((.......))..)..)).......', 0.1667, -0.005588327590326185, -3.0969, 0.2606, 1.0, 0.2222]
	 >>> Resetting the solution to avoid local optima.
	 ->['AGGAGGAGGAAGGAGAAACACCACCAACCAAAACCA', '.((....((..((.(......).))..))....)).', 0.3333, -0.0007543586925342024, -4.0311, 0.4203, 1.0, 0.1111]
	 ->['AGGAGGAGGCAGGAGAGACACCACCAACCAAAACCA', '.((....((..((.(......).))..))....)).', 0.3333, -0.0007567037257069498, -4.2292, 0.4326, 1.0, 0.1111]
	 ->['AGGAGUAGGCCGGAGAGACACCACCAAACACAACCU', '.......((..((.......)).))...........', 0.1389, -0.0007981371032443963, -2.6964, 0.3832, 1.0, 0.2778]
	 >>> Resetting the solution to avoid local optima.
	 ->['AGGAGGAGGAAGGAGAAACACCACCAACCAAAACCA', '.((....((..((.(......).))..))....)).', 0.3333, -0.0007543586925342024, -4.0311, 0.4203, 1.0, 0.1111]
	 ->['AGGAGGAGUAGGGAGAAUCACCAGCAACCAAUACCA', '....((.((.((........)).))..)).......', 0.1944, -0.0004422085072001326, -4.1603, 0.4101, 0.8333, 0.2222]
	 ->['AGGAGGAGUAGGCUGAAUCAGCGGCAACCGAUACCA', '....((.....((((...)))).....)).......', 0.1389, -1.2508933260745957e-05, -6.8577, 0.3826, 0.8333, 0.2778]
	 ->['AGGAGGGGCAGGCUCAAUGAGCGGCAACCGAUACCA', '....((.((..((((...)))).))..)).......', 0.0833, -3.985875809263858e-05, -9.2434, 0.2009, 0.875, 0.1667]
	 >>> Resetting the solution to avoid local optima.
	 ->['AGGAGGAGGAAGGAGAAACACCACCAACCAAAACCA', '.((....((..((.(......).))..))....)).', 0.3333, -0.0007543586925342024, -4.0311, 0.4203, 1.0, 0.1111]
	 ->['AGGAGGAGGAAGGAGAAACACCACCAACCAAAACCA', '.((....((..((.(......).))..))....)).', 0.3333, -0.0007543586925342024, -4.0311, 0.4203, 1.0, 0.1111]
	 ->['AGGAGGACGACGUUGAUGCAGCACGAACCGGAACCA', '....((.((..((((...)))).))..)).......', 0.0833, -9.844915200858318e-05, -3.6862, 0.3914, 0.75, 0.1667]
	 >>> Resetting the solution to avoid local optima.
	 ->['AGGAGGAGGAAGGAGAAACACCACCAACCAAAACCA', '.((....((..((.(......).))..))....)).', 0.3333, -0.0007543586925342024, -4.0311, 0.4203, 1.0, 0.1111]
	 ->['AGGAGGAGGAAGGAGAAACACCACCAACCGAAACCA', '.((....((..((.(......).))..))....)).', 0.3333, -0.00036126642055910556, -4.4849, 0.4028, 1.0, 0.1111]
	 ->['AGGAGGAUGAAGGAGAAACACCACAAACCGAAACCA', '....((.....((.......)).....)).......', 0.1389, -0.0012521113093520604, -2.0188, 0.3833, 1.0, 0.2778]
	 ->['AGGCGGAUCACUGUGGCGCACAAGACACCGAGACCA', '.(((((.....((((...)))).....)))...)).', 0.1111, -2.79460826324774e-07, -6.2005, 0.4143, 0.7778, 0.2222]
	 >>> Resetting the solution to avoid local optima.
	 ->['AGGAGGAGGAAGGAGAAACACCACCAACCAAAACCA', '.((....((..((.(......).))..))....)).', 0.3333, -0.0007543586925342024, -4.0311, 0.4203, 1.0, 0.1111]
	 ->['AGGAGGACGAAGGAGAUAUGCCACGAACCGAAACCA', '....((.((..((.......)).))..)).......', 0.0833, -0.0013550352675007371, -2.3701, 0.3144, 1.0, 0.1667]
	 >>> Resetting the solution to avoid local optima.
	 ->['AGGAGGAGGAAGGAGAAACACCACCAACCAAAACCA', '.((....((..((.(......).))..))....)).', 0.3333, -0.0007543586925342024, -4.0311, 0.4203, 1.0, 0.1111]
	 ->['AGGAGGAGGAAGGAGAAACACCACCAACCAAAACCA', '.((....((..((.(......).))..))....)).', 0.3333, -0.0007543586925342024, -4.0311, 0.4203, 1.0, 0.1111]
	 ->['AGGAGGAGGAACGAGAAACACGACCAACCAAAACCA', '....((..(..((.......))..)..)).......', 0.1667, -0.0041574351089142154, -2.2792, 0.3207, 1.0, 0.2222]
	 ->['AGGAGGAGGAUCUAUCGGAUGGACCAGCCAUAACCA', '....((.((.(((((...)))))))..)).......', 0.1111, -6.032416147869785e-07, -6.3263, 0.3588, 0.5556, 0.2222]
	 >>> Resetting the solution to avoid local optima.
	 ->['ACCACCACCAACCACAAAGAGGAGGAAGGAAAAGGA', '.((.((.((...........)).))..)).......', 0.4167, -0.0006013949554065783, -3.7708, 0.3925, 1.0, 0.1667]
	 ->['ACCACCACCAACCACAUAGAGGAGGAAGGAAGAGGA', '.((.(..((..((.(......).))..))..).)).', 0.3611, -0.00039972769123915083, -4.0225, 0.401, 1.0, 0.1111]
	 ->['ACCACCACCACCCGCAUAGAGGAGGAAGGAAGAGGA', '....((..(..((.......))..)..)).......', 0.1667, -0.0003267275895472942, -5.3468, 0.3554, 1.0, 0.2222]
	 ->['ACCAGCACCACGUGAGGAUCAUCGGCCGCCAGAGGA', '....((.((..((((...)))).))..)).......', 0.0833, -1.2239552274655263e-06, -4.5902, 0.4677, 0.625, 0.1667]
	 >>> Resetting the solution to avoid local optima.
	 ->['AGGAGGAGGAAGGAGAAACACCACCAACCAAAACCA', '.((....((..((.(......).))..))....)).', 0.3333, -0.0007543586925342024, -4.0311, 0.4203, 1.0, 0.1111]
	 ->['AGGAGGAGGAAGGAGAAACACCACCAACCAAAACCA', '.((....((..((.(......).))..))....)).', 0.3333, -0.0007543586925342024, -4.0311, 0.4203, 1.0, 0.1111]
	 ->['AGGGGGAGUAAGGAGAUUCACCAGCGACCGAAACCU', '...((..((..((.......)).))..)).......', 0.1944, -2.4840322184457427e-05, -5.6349, 0.3829, 0.8333, 0.2222]
	 ->['AGGUGGCGUCAGGUGAUUCACUAGCGACCGAGACCU', '(((((((((..((((...)))).))).))...))))', 0.1111, -4.4279888310718014e-10, -9.7743, 0.3741, 0.6154, 0.2222]
	 >>> Resetting the solution to avoid local optima.
	 ->['ACCACCACCAACCACAAAGAGGAGGAAGGAAAAGGA', '.((.((.((...........)).))..)).......', 0.4167, -0.0006013949554065783, -3.7708, 0.3925, 1.0, 0.1667]
	 ->['ACCACCACCAACCACAAAGAGGAGGAAGGUAAAGGA', '.((...(((..((.(......).))..)))...)).', 0.3611, -3.857962589980954e-05, -5.4635, 0.4119, 0.875, 0.1667]
	 ->['ACCACUAUGAGGUUUCUAGAACACGGGAGUCGCGGG', '.(((((.....((((...)))).....)))...)).', 0.1111, -6.141617660957102e-07, -4.1152, 0.5574, 0.4444, 0.2222]
	 >>> Resetting the solution to avoid local optima.
	 ->['AGGAGGAGGAAGGAGAAACACCACCAACCAAAACCA', '.((....((..((.(......).))..))....)).', 0.3333, -0.0007543586925342024, -4.0311, 0.4203, 1.0, 0.1111]
	 ->['AGGAGGAGGAAGCGGAAACAGCACCAACCAAAACCU', '....((..(..((.......))..)..)).......', 0.1667, -0.0004109565480693739, -4.4055, 0.2527, 1.0, 0.2222]
	 >>> Resetting the solution to avoid local optima.
	 ->['ACCACCACCAACCACAAAGAGGAGGAAGGAAAAGGA', '.((.((.((...........)).))..)).......', 0.4167, -0.0006013949554065783, -3.7708, 0.3925, 1.0, 0.1667]
	 ->['ACCACCACCAACCACAAAGAGGAGGAAGGAAAAGGA', '.((.((.((...........)).))..)).......', 0.4167, -0.0006013949554065783, -3.7708, 0.3925, 1.0, 0.1667]
	 ->['ACCACCACCAACCACAAAGAGGAGGACGGAAAAGGA', '.((....((..((.(......).))..))....)).', 0.3333, -0.0003759481398958482, -4.2603, 0.393, 1.0, 0.1111]
	 ->['CUCACCACCAAGCGCAACGAGUAGGACGGAUAAGGG', '....((..(..((.......))..)..)).......', 0.1667, -4.2939321052404654e-06, -2.9167, 0.3669, 0.8, 0.2222]
	 ->['CUCACCACCACGCUCAUCGAGUCGGUCGGAUAAGGG', '....(((((..((((...)))).))).)).......', 0.1111, -1.3106529857974975e-08, -7.2863, 0.2677, 0.6667, 0.2222]
	 >>> Resetting the solution to avoid local optima.
	 ->['ACCACCACCAACCACAAAGAGGAGGAAGGAAAAGGA', '.((.((.((...........)).))..)).......', 0.4167, -0.0006013949554065783, -3.7708, 0.3925, 1.0, 0.1667]
	 ->['ACCACCACCAACCACCAAGAGGAGGAAGGAUACGGA', '.((....((..((.((....)).))..))....)).', 0.3611, -1.8114669699274917e-05, -5.9295, 0.4443, 1.0, 0.1111]
	 ->['ACCACGACCAACCACCAUGAGGAGGAAUGAUACGGA', '.((........((.((....)).))........)).', 0.3056, -1.073867904129572e-05, -3.8517, 0.5045, 1.0, 0.2222]
	 ->['ACCACGACCAACCACCAUGUGGGGGAAUGAUACGGG', '.......((..((((...)))).))...........', 0.1389, -4.565930739883366e-06, -6.6788, 0.4092, 0.8333, 0.2778]
	 >>> Resetting the solution to avoid local optima.
	 ->['ACCACCACCAACCACAAAGAGGAGGAAGGAAAAGGA', '.((.((.((...........)).))..)).......', 0.4167, -0.0006013949554065783, -3.7708, 0.3925, 1.0, 0.1667]
	 ->['ACCACCACCAACCACAAAGAGGAGGAAGGAAAAGGA', '.((.((.((...........)).))..)).......', 0.4167, -0.0006013949554065783, -3.7708, 0.3925, 1.0, 0.1667]
	 ->['ACCACCACCAUCCACAAAGAGGAGGAAGGAAAAGGA', '.((....((.(((.(......).))).))....)).', 0.3611, -1.9245382466064132e-05, -6.0922, 0.4042, 0.875, 0.1667]
	 >>> Resetting the solution to avoid local optima.
	 ->['AGGAGGAGGAAGGAGAAACACCACCAACCAAAACCA', '.((....((..((.(......).))..))....)).', 0.3333, -0.0007543586925342024, -4.0311, 0.4203, 1.0, 0.1111]
	 ->['AGGAGGAGGAAGGAGAAACACCACCAACCAGAACCA', '.((....((..((.(......).))..))....)).', 0.3333, -0.0007533289788783884, -4.032, 0.4204, 1.0, 0.1111]
	 ->['AGGAGUCGGCCGGAGAAUCACCACCAAACAGAACCC', '.......((..((.......)).))...........', 0.1389, -0.0006405869472815404, -2.8319, 0.4585, 1.0, 0.2778]
	 ->['AGGAAUCGGCCGGAGCGUCACCACCAGAUAGAACCC', '....(((((..((.......)).)).))).......', 0.1111, -8.883582535753633e-06, -3.6686, 0.4215, 0.7143, 0.2222]
	 >>> Resetting the solution to avoid local optima.
	 ->['ACCACCACCAACCACAAAGAGGAGGAAGGAAAAGGA', '.((.((.((...........)).))..)).......', 0.4167, -0.0006013949554065783, -3.7708, 0.3925, 1.0, 0.1667]
	 ->['ACCACCACCAACCACAAAGAGGAGGAAGGAAAAGGA', '.((.((.((...........)).))..)).......', 0.4167, -0.0006013949554065783, -3.7708, 0.3925, 1.0, 0.1667]
	 ->['ACCACCACCAACCACAAAGAGGAGGAAGGAAAAGGU', '(((....((..((.(......).))..))....)))', 0.3611, -0.0002618129978223387, -4.2833, 0.3947, 0.875, 0.1667]
	 ->['ACCACCACAAACCACAAAGAGGAUGAAGGAAAAGGU', '(((.((.....((.......)).....))....)))', 0.1111, -0.0005342001051465726, -2.1438, 0.3212, 0.8571, 0.2222]
	 >>> Resetting the solution to avoid local optima.
	 ->['AGGAGGAGGAAGGAGAAACACCACCAACCAAAACCA', '.((....((..((.(......).))..))....)).', 0.3333, -0.0007543586925342024, -4.0311, 0.4203, 1.0, 0.1111]
	 ->['AGGAGGAGGAAGGAGAGACACCACCAACCAUAACCA', '.((....((..((.(......).))..))....)).', 0.3333, -0.0006377372837780753, -4.1346, 0.4201, 1.0, 0.1111]
	 ->['AGGAGGAGGAAGGUGCUGCACCAUCAACCACGUCCU', '((((((..((.((((...)))).))..))...))))', 0.1944, -1.705216516631359e-10, -11.0624, 0.3884, 0.6667, 0.2222]
	 >>> Resetting the solution to avoid local optima.
	 ->['AGGAGGAGGAAGGAGAAACACCACCAACCAAAACCA', '.((....((..((.(......).))..))....)).', 0.3333, -0.0007543586925342024, -4.0311, 0.4203, 1.0, 0.1111]
	 ->['AGGAGGAGGAAGGAGAAACACCACCAACCAAUACCA', '.((....((..((.(......).))..))....)).', 0.3333, -0.0006589174395329229, -4.1145, 0.4191, 1.0, 0.1111]
	 ->['AGGAGGGAGAAGGAGACACGCCGCUAACCGAUACCU', '....((.....((.......)).....)).......', 0.1389, -0.0013355556133164974, -4.3791, 0.3467, 1.0, 0.2778]
	 ->['AGGAGGGAGAAGGAGAGACGCCGCUACCCGAUACCU', '....(((((..((.......)).)).))).......', 0.1111, -2.392721308132733e-05, -6.858, 0.28, 0.8571, 0.2222]
	 >>> Resetting the solution to avoid local optima.
	 ->['ACCACCACCAACCACAAAGAGGAGGAAGGAAAAGGA', '.((.((.((...........)).))..)).......', 0.4167, -0.0006013949554065783, -3.7708, 0.3925, 1.0, 0.1667]
	 ->['ACCACCACCAACCACAAAGAGGAGGAAGGAAAAGGA', '.((.((.((...........)).))..)).......', 0.4167, -0.0006013949554065783, -3.7708, 0.3925, 1.0, 0.1667]
	 ->['ACCACCAUCUACCACAAAGAGGAGAAAGGAAAAGGA', '....((.(((.((.......)))))..)).......', 0.1111, -6.931888737699802e-05, -3.9024, 0.2607, 0.7143, 0.2222]
	 >>> Resetting the solution to avoid local optima.
	 ->['AGGAGGAGGAAGGAGAAACACCACCAACCAAAACCA', '.((....((..((.(......).))..))....)).', 0.3333, -0.0007543586925342024, -4.0311, 0.4203, 1.0, 0.1111]
	 ->['AGGAGGAGGCAGGAGAAACACCACCAACCAAAACCA', '.((....((..((.(......).))..))....)).', 0.3333, -0.0008588039959593911, -4.1512, 0.4199, 1.0, 0.1111]
	 ->['AGGAGGAGGCGGGAGAAGCACCACCAACCGAUACCA', '....((.((.((........)).))..)).......', 0.1944, -3.374413330498325e-05, -7.3461, 0.3886, 1.0, 0.2222]
	 >>> Resetting the solution to avoid local optima.
	 ->['ACCACCACCAACCACAAAGAGGAGGAAGGAAAAGGA', '.((.((.((...........)).))..)).......', 0.4167, -0.0006013949554065783, -3.7708, 0.3925, 1.0, 0.1667]
	 ->['ACCACCACCAACCACAAAGAGGAGGAAGGACCAGGA', '.((.((.((...........)).))..)).......', 0.4167, -0.0005901088319167693, -3.7825, 0.3946, 1.0, 0.1667]
	 ->['UCCACAACCAACCACAAAGAGGAGGAAUGACCAGGA', '.......((..((.......)).))...........', 0.1389, -0.00046107206667381803, -2.6345, 0.4049, 1.0, 0.2778]
	 >>> Resetting the solution to avoid local optima.
	 ->['ACCACCACCAACCACAAAGAGGAGGAAGGAAAAGGA', '.((.((.((...........)).))..)).......', 0.4167, -0.0006013949554065783, -3.7708, 0.3925, 1.0, 0.1667]
	 ->['ACCACCACCCACCACAAAGAGGAGGAAGGAAAAGGA', '....((..((.((.......)).))..)).......', 0.1944, -0.00010048396105780303, -5.0735, 0.3177, 1.0, 0.2222]
	 >>> Resetting the solution to avoid local optima.
	 ->['AGGAGGAGGAAGGAGAAACACCACCAACCAAAACCA', '.((....((..((.(......).))..))....)).', 0.3333, -0.0007543586925342024, -4.0311, 0.4203, 1.0, 0.1111]
	 ->['AGGAGGAGGAAGGAGAAACACCACCAACCAAAACCA', '.((....((..((.(......).))..))....)).', 0.3333, -0.0007543586925342024, -4.0311, 0.4203, 1.0, 0.1111]
	 ->['AGGAGGAGGAACGAGAAACACGACCAACCAAAACCA', '....((..(..((.......))..)..)).......', 0.1667, -0.0041574351089142154, -2.2792, 0.3207, 1.0, 0.2222]
	 ->['CGGAGGGGGAACGAGGACCGCGGCCAACCACAUCCA', '.(((((..(..((.......))..)..))...))).', 0.1389, -0.00022224303729260355, -7.6843, 0.3172, 0.875, 0.1667]
	 >>> Resetting the solution to avoid local optima.
	 ->['AGGAGGAGGAAGGAGAAACACCACCAACCAAAACCA', '.((....((..((.(......).))..))....)).', 0.3333, -0.0007543586925342024, -4.0311, 0.4203, 1.0, 0.1111]
	 ->['AGGAGGAGGAAGGAGAAACACCACCGACCAUAACCA', '.((....((..((.(......).))..))....)).', 0.3333, -0.0007406433852449979, -5.3424, 0.4223, 1.0, 0.1111]
	 ->['AGGAAGAGGAAGGAGAUACACCACCGUCUACAACCA', '....(((.(..((.......))..).))).......', 0.1944, -5.675487198943841e-05, -5.1256, 0.4091, 0.6667, 0.2778]
	 ->['AGGGAGAGCCAGGAGAUCCACCAGCGUCUACAACCA', '....(((((..((.......)).)).))).......', 0.1111, -9.709179859678956e-05, -5.0947, 0.3967, 0.7143, 0.2222]
	 >>> Resetting the solution to avoid local optima.
	 ->['AGGAGGAGGAAGGAGAAACACCACCAACCAAAACCA', '.((....((..((.(......).))..))....)).', 0.3333, -0.0007543586925342024, -4.0311, 0.4203, 1.0, 0.1111]
	 ->['AGGAGGAGGAAGGAGAAACACCACCAACCGAAACCA', '.((....((..((.(......).))..))....)).', 0.3333, -0.00036126642055910556, -4.4849, 0.4028, 1.0, 0.1111]
	 ->['AGGACGAGGAAGGAGAAACGCCACCACCGGAAACCA', '....((..(..((.......))..)..)).......', 0.1667, -0.0023283456785884323, -3.6365, 0.3341, 1.0, 0.2222]
	 ->['AGGACGAGGAAGGAGAUACGCCACCACCGGAAUCCA', '.(((((..(..((.......))..)..))...))).', 0.1389, -0.00015252084582575347, -5.3164, 0.3333, 0.875, 0.1667]
	 >>> Resetting the solution to avoid local optima.
	 ->['ACCACCACCAACCACAAAGAGGAGGAAGGAAAAGGA', '.((.((.((...........)).))..)).......', 0.4167, -0.0006013949554065783, -3.7708, 0.3925, 1.0, 0.1667]
	 ->['ACCACCACCAACCACAAAGAGGAGGCAGGAUAAGGA', '.((.((.((...........)).))..)).......', 0.4167, -0.0006459088325739845, -3.9268, 0.3987, 1.0, 0.1667]
	 ->['GCCGCAACCAACCACAAUGAGGAGGGAUGAUAAGGA', '....((.((..((.......))..)).)).......', 0.1944, -5.0338842755771634e-05, -4.8996, 0.3039, 0.8333, 0.2222]
	 ->['GCCGGAACCAACCGCAGGGAGGAGGGAUCAUAAGGC', '(((.((.((..((.......))..)).))....)))', 0.1667, -4.689526300232594e-06, -7.4624, 0.2717, 0.8889, 0.1667]
	 >>> Resetting the solution to avoid local optima.
	 ->['ACCACCACCAACCACAAAGAGGAGGAAGGAAAAGGA', '.((.((.((...........)).))..)).......', 0.4167, -0.0006013949554065783, -3.7708, 0.3925, 1.0, 0.1667]
	 ->['ACCACCACCAACCACAAAGAGGAGGAAGGAACAGGA', '.((.((.((...........)).))..)).......', 0.4167, -0.0006009486289361108, -3.7713, 0.3926, 1.0, 0.1667]
	 ->['ACCCCCACCAACCACGUAGAGGAGGCAGGAGCAGGA', '.((..(.((..((.(......).))..)).)..)).', 0.3611, -6.248424781302697e-05, -5.3664, 0.4408, 1.0, 0.1111]
	 ->['ACCCCCACCCCCCACGUAGAGGAGGCAGGAGCAGGA', '...((..((.((........)).))..)).......', 0.3056, -3.826440425701027e-06, -7.2877, 0.4166, 1.0, 0.2778]
	 ->['CCCCCCACCCCACACGUAGCGUAGGCAGGAGCAGGG', '.(((((..((.((.......)).))..))....)))', 0.2778, -4.45004197928713e-06, -7.0947, 0.4961, 0.8889, 0.1667]
	 ->['CCCCACACCCCACACGAUGUGUUGGCAGUUGCAGGC', '....((..((.((((...)))).))..)).......', 0.1944, -5.149362237019102e-08, -6.343, 0.4566, 0.625, 0.2222]
	 >>> Resetting the solution to avoid local optima.
	 ->['AGGAGGAGGAAGGAGAAACACCACCAACCAAAACCA', '.((....((..((.(......).))..))....)).', 0.3333, -0.0007543586925342024, -4.0311, 0.4203, 1.0, 0.1111]
	 ->['AAGAGGAGGAAGUAGAAACAGCACCAACCAAAACUA', '....((..(..((.......))..)..)).......', 0.1667, -3.0169276245425076e-05, -1.7151, 0.3745, 0.8, 0.2222]
	 ->['CUUCGGACCACGUAAAAAUUGCAGGCUCCAAAAGAA', '....(((((..((((...)))).)).))).......', 0.1111, -3.3325210209316266e-09, -6.0303, 0.3021, 0.5556, 0.2222]
	 >>> Resetting the solution to avoid local optima.
	 ->['ACCACCACCAACCACAAAGAGGAGGAAGGAAAAGGA', '.((.((.((...........)).))..)).......', 0.4167, -0.0006013949554065783, -3.7708, 0.3925, 1.0, 0.1667]
	 ->['ACCACCACCAACCACAAAGAGGAGGAAGGAAAAGGA', '.((.((.((...........)).))..)).......', 0.4167, -0.0006013949554065783, -3.7708, 0.3925, 1.0, 0.1667]
	 ->['ACCACCACCAACCCCAAAGAGGAGGAAGGAAAAGGA', '.((....((..((((.....)).))..))....)).', 0.3611, -3.0375568503761888e-05, -6.2109, 0.4421, 1.0, 0.1111]
	 ->['ACCACCAUCAACCGCAAAGAGGAGGAAGGAAAAGGA', '....((.((..((.......))..)).)).......', 0.1944, -4.192234519183908e-06, -5.5315, 0.2752, 0.8333, 0.2222]
	 ->['ACCACCAUCAACCUCAAAGAGGCGGAAGGUAAAGGA', '.(((((.((..((((...))))..)).)))...)).', 0.1667, -3.9732161185001143e-10, -10.841, 0.2897, 0.7273, 0.1667]
	 ->['CGCACCAUCAAUCUCGAAGAGACGGCGGGUAAUGCA', '.(((((..(..((((...))))..)..)))...)).', 0.1389, -1.0235839849312881e-07, -7.4196, 0.2601, 0.7, 0.1667]
	 ->['CGGGCCAUAAAUUUUGUAGAGACUGGGGGUAUUCCU', '.(((((.....((((...)))).....)))...)).', 0.1111, -2.6222771427302842e-08, -3.8589, 0.5523, 0.4444, 0.2222]
	 >>> Resetting the solution to avoid local optima.
	 ->['ACCACCACCAACCACAAAGAGGAGGAAGGAAAAGGA', '.((.((.((...........)).))..)).......', 0.4167, -0.0006013949554065783, -3.7708, 0.3925, 1.0, 0.1667]
	 ->['CUCACCACCAACCACACAGAGGAGGAAGGAAUAGGG', '....((..(..((.......))..)..)).......', 0.1667, -1.5224314450725683e-05, -3.6366, 0.4221, 1.0, 0.2222]
	 ->['GUCAGUACCAUGUUCUAAGAAUAGGAGGCAGUCGGU', '....((.((.(((((...)))))))..)).......', 0.1111, -7.95887566059438e-09, -4.9938, 0.4069, 0.4444, 0.2222]
	 >>> Resetting the solution to avoid local optima.
	 ->['ACCACCACCAACCACAAAGAGGAGGAAGGAAAAGGA', '.((.((.((...........)).))..)).......', 0.4167, -0.0006013949554065783, -3.7708, 0.3925, 1.0, 0.1667]
	 ->['GCCACCACCAACCACAAAGAGGAGGAAGGAAAAGGA', '.((.((.((...........)).))..)).......', 0.4167, -0.0006688132147370667, -3.9053, 0.3929, 1.0, 0.1667]
	 ->['GCCACCACCAACCCCAAAGAGGAGGAAGGAAAGGGA', '.((....((..((((.....)).))..))....)).', 0.3611, -5.724896354813669e-06, -7.4394, 0.4765, 1.0, 0.1111]
	 ->['GCCACCACCAACCCGAAAUAGGAGGAAGGAACGGGA', '.((....((..(((......)).)...))....)).', 0.3333, -9.096683858033666e-06, -5.754, 0.4608, 1.0, 0.1667]
	 ->['ACCACCAUCAACCCGAAGUAGGAGGAAGGAACGGGA', '.((.((.((..((.......))..)).))...))..', 0.25, -1.0332234720859534e-07, -6.0138, 0.4111, 0.875, 0.1667]
	 ->['AACAUCAUCAACUGGUUGUGGGGGGAAGAAUUUGUU', '((((((.((..((.......))..)).))...))))', 0.1944, -2.2349562821027345e-07, -4.0383, 0.33, 0.4, 0.2222]
	 >>> Resetting the solution to avoid local optima.
	 ->['AGGAGGAGGAAGGAGAAACACCACCAACCAAAACCA', '.((....((..((.(......).))..))....)).', 0.3333, -0.0007543586925342024, -4.0311, 0.4203, 1.0, 0.1111]
	 ->['AGGAGGAGGCAGGAGAAACACCACCAACCAAAACCA', '.((....((..((.(......).))..))....)).', 0.3333, -0.0008588039959593911, -4.1512, 0.4199, 1.0, 0.1111]
	 ->['AGGAGGAGGCGGGAGAAACACCACCAACCAAAACCA', '....((.((.((........)).))..)).......', 0.1944, -5.717221321319429e-05, -7.0211, 0.3484, 1.0, 0.2222]
	 ->['CGGUAGGGACGGGCGACAUACCAUUGACUAGGGCCA', '.(((((.((.((........)).))..))...))).', 0.1667, -3.175395975271552e-07, -5.3218, 0.4977, 0.5556, 0.1667]
	 ->['CGGUAGGGACGGGCGGCAUGCUAUUGACUAGGGCCA', '.(((((.....(((.....))).....))...))).', 0.1389, -2.1117791544593965e-09, -6.5115, 0.4502, 0.625, 0.2778]
	 ->['CGGUACGGACGGGCGGCACGCUAUUGAGUAGGGCCA', '.(((((.....((((...)))).....))...))).', 0.1111, -2.293257348664899e-09, -7.7606, 0.5837, 0.6667, 0.2222]
	 >>> Resetting the solution to avoid local optima.
	 ->['ACCACCACCAACCACAAAGAGGAGGAAGGAAAAGGA', '.((.((.((...........)).))..)).......', 0.4167, -0.0006013949554065783, -3.7708, 0.3925, 1.0, 0.1667]
	 ->['ACCACCACCACCCACAAAGAGGAGGAAGGAAAAGGA', '....((..(..((.......))..)..)).......', 0.1667, -0.00022428261086529307, -4.5787, 0.3543, 1.0, 0.2222]
	 ->['ACCACCACCACGCACAAAGAGCAGGAAGGAAUAGGA', '....((.((..((.......)).))..)).......', 0.0833, -0.004117123338100985, -2.8852, 0.2472, 1.0, 0.1667]
	 >>> Resetting the solution to avoid local optima.
	 ->['AGGAGGAGGAAGGAGAAACACCACCAACCAAAACCA', '.((....((..((.(......).))..))....)).', 0.3333, -0.0007543586925342024, -4.0311, 0.4203, 1.0, 0.1111]
	 ->['AGGAGGAGGAAGGAGAGACACCACCAACCAAAACCA', '.((....((..((.(......).))..))....)).', 0.3333, -0.0007313111918210157, -4.0503, 0.421, 1.0, 0.1111]
	 ->['UGGAGUAGGAAGGAGAGACACCACCAAACAAAACCA', '.......((..((.......)).))...........', 0.1389, -0.0008343955661561035, -2.369, 0.4094, 1.0, 0.2778]
	 ->['UGCAGAAGGAAUGAGAUACUCGGCCGGUCUAGGGCA', '((((((.((..((((...)))).))..)))...)))', 0.0833, -1.668644397726429e-06, -6.6992, 0.2619, 0.5833, 0.1667]
	 >>> Resetting the solution to avoid local optima.
	 ->['ACCACCACCAACCACAAAGAGGAGGAAGGAAAAGGA', '.((.((.((...........)).))..)).......', 0.4167, -0.0006013949554065783, -3.7708, 0.3925, 1.0, 0.1667]
	 ->['ACCACCACCAACCACAAAGAGGAGGAAGGAAAAGGA', '.((.((.((...........)).))..)).......', 0.4167, -0.0006013949554065783, -3.7708, 0.3925, 1.0, 0.1667]
	 ->['ACCAUCACCAACCACAAAGAGGAGGAAGAAAAAGGA', '.((.((..(.........)..))))...........', 0.3889, -0.000530790727887925, -2.2478, 0.4081, 0.8, 0.2778]
	 ->['ACCAUCACCAUCCGCAAAGAGGAGGAAGAAAAAGGA', '.......((.(((.......)))))...........', 0.1667, -3.342172472425218e-05, -5.152, 0.3139, 0.8, 0.3333]
	 >>> Resetting the solution to avoid local optima.
	 ->['AGGAGGAGGAAGGAGAAACACCACCAACCAAAACCA', '.((....((..((.(......).))..))....)).', 0.3333, -0.0007543586925342024, -4.0311, 0.4203, 1.0, 0.1111]
	 ->['AGGAGGAGGAAGGAGAAACACCACCAACCAAAACCA', '.((....((..((.(......).))..))....)).', 0.3333, -0.0007543586925342024, -4.0311, 0.4203, 1.0, 0.1111]
	 ->['UGGGGAAUCGAGUUGAAUCAACAGGAAUCAAAACCG', '....((.((..((((...))))..)).)).......', 0.1944, -1.8412190575551232e-07, -5.2577, 0.3441, 0.5, 0.2222]
	 ->['UGCUGAGUCGAGUUAGGUUAACAGGAAUCAAAAGCG', '.(((((.((..((((...))))..)).))...))).', 0.1667, -4.5755254599681496e-08, -6.1158, 0.2946, 0.4545, 0.1667]
	 ->['UGCUGAGUCGAGUUAGGUUAACAGGUAUCAAAAGCG', '.(((((..(..((((...))))..)..))...))).', 0.1389, -1.1706555095596179e-07, -5.5368, 0.2596, 0.5, 0.1667]
	 >>> Resetting the solution to avoid local optima.
	 ->['AGGAGGAGGAAGGAGAAACACCACCAACCAAAACCA', '.((....((..((.(......).))..))....)).', 0.3333, -0.0007543586925342024, -4.0311, 0.4203, 1.0, 0.1111]
	 ->['AGGAGGAGGAAGGAGAAUCACCACCAACCAAAACCA', '.((....((..((.(......).))..))....)).', 0.3333, -0.0006386841268260535, -4.1337, 0.4459, 1.0, 0.1111]
	 ->['CCGAGGGGGAAGGAGAGGCGCCACCAACCAGAACGA', '....((..(..((.......))..)..)).......', 0.1667, -0.0016861859413365176, -5.0354, 0.3625, 1.0, 0.2222]
	 ->['UCGAGGGGAUAGUAGGGCCGACAUCAACCAGCACGA', '....((.(((.((.......)))))..)).......', 0.1111, -5.898978962435134e-05, -3.3018, 0.3721, 0.5714, 0.2222]
	 >>> Resetting the solution to avoid local optima.
	 ->['ACCACCACCAACCACAAAGAGGAGGAAGGAAAAGGA', '.((.((.((...........)).))..)).......', 0.4167, -0.0006013949554065783, -3.7708, 0.3925, 1.0, 0.1667]
	 ->['ACCACCACCAACCACAAAGGGGAGGAAGGAAAAGGA', '....((.((..((......))..))..)).......', 0.1944, -5.234495547238809e-05, -5.6755, 0.3936, 1.0, 0.2222]
	 ->['ACCAUCAUAGACCACUUAGGGGGUAGAGAUAGAGGG', '.(((((.((..((......))..))..)))...)).', 0.1667, -3.1607804037055327e-06, -5.5055, 0.4838, 0.5556, 0.1667]
	 ->['ACCGUCAUACACCACUUAGGGGGUAGCGAUCGAGGG', '.(((((.(((.((.(....))))))..)))...)).', 0.1111, -2.464576805725235e-07, -7.078, 0.4628, 0.6364, 0.1667]
	 >>> Resetting the solution to avoid local optima.
	 ->['ACCACCACCAACCACAAAGAGGAGGAAGGAAAAGGA', '.((.((.((...........)).))..)).......', 0.4167, -0.0006013949554065783, -3.7708, 0.3925, 1.0, 0.1667]
	 ->['ACGACCACCAACCACGAAGAGGAGGAAGGAAACUGA', '.......((..((.(......).))..)).......', 0.3889, -1.2560649262080399e-05, -3.5551, 0.4405, 1.0, 0.2222]
	 ->['ACGGGCACCAACCACGAGGAGGAGGAAGCAGAGUGA', '....((..(..((.......))..)..)).......', 0.1667, -9.631557369135981e-06, -3.8188, 0.3711, 1.0, 0.2222]
	 >>> Resetting the solution to avoid local optima.
	 ->['AGGAGGAGGAAGGAGAAACACCACCAACCAAAACCA', '.((....((..((.(......).))..))....)).', 0.3333, -0.0007543586925342024, -4.0311, 0.4203, 1.0, 0.1111]
	 ->['AGGAGGAGGAAGGAGAAACACCACCAACCAAAACCA', '.((....((..((.(......).))..))....)).', 0.3333, -0.0007543586925342024, -4.0311, 0.4203, 1.0, 0.1111]
	 ->['AGGAGGAGUAGGGCGAAACACCAGCAACCAGAACCU', '....((.((.((........)).))..)).......', 0.1944, -0.001411068862382701, -4.2452, 0.4165, 0.8333, 0.2222]
	 ->['AGGAGGAGUAGGCAGAAACAGCAGCAACCAGAACCU', '....((.....((.......)).....)).......', 0.1389, -0.0010475001454522384, -3.2288, 0.3053, 1.0, 0.2778]
	 ->['UGGAGGAGUAGGCAGACAUAGCAGCGACCAGUUCCA', '((((((.((..((.......)).))..))...))))', 0.0833, -4.200737828509789e-06, -6.6302, 0.3978, 0.7, 0.1667]
	 >>> Resetting the solution to avoid local optima.
	 ->['ACCACCACCAACCACAAAGAGGAGGAAGGAAAAGGA', '.((.((.((...........)).))..)).......', 0.4167, -0.0006013949554065783, -3.7708, 0.3925, 1.0, 0.1667]
	 ->['ACCACCACCAACCACAAAGAGGAGGAAGGAAAAGGA', '.((.((.((...........)).))..)).......', 0.4167, -0.0006013949554065783, -3.7708, 0.3925, 1.0, 0.1667]
	 ->['ACCACCACCAACCACAAAGGGGAGGAAGGAAAAGGA', '....((.((..((......))..))..)).......', 0.1944, -5.234495547238809e-05, -5.6755, 0.3936, 1.0, 0.2222]
	 ->['ACCACCACCAACCACAAAGGGGAGGAAGGAAACGGU', '(((.((.((..((......))..))..))....)))', 0.1667, -3.590649808299762e-05, -5.9078, 0.3578, 0.8889, 0.1667]
	 ->['ACCACCACCAAGCACAAAGGGCAGGAAGGAAACGGU', '(((.((..(..((.......))..)..))....)))', 0.1389, -0.0023167641949943785, -3.6396, 0.267, 0.875, 0.1667]
	 ->['ACCACCACGAGGCUAACAUAGUAUGAAGGAAGCGGU', '(((.((.....((((...)))).....))....)))', 0.1111, -2.0966869291952852e-06, -3.6585, 0.4379, 0.5556, 0.2222]
	 >>> Resetting the solution to avoid local optima.
	 ->['AGGAGGAGGAAGGAGAAACACCACCAACCAAAACCA', '.((....((..((.(......).))..))....)).', 0.3333, -0.0007543586925342024, -4.0311, 0.4203, 1.0, 0.1111]
	 ->['AGGAGGAGGAAGGAGAAACACCACCAACCAGAACCA', '.((....((..((.(......).))..))....)).', 0.3333, -0.0007533289788783884, -4.032, 0.4204, 1.0, 0.1111]
	 ->['AGGAGGAAGAAGGAGAAACGCCACUAACCGGAACCA', '....((.....((.......)).....)).......', 0.1389, -0.004410395029796268, -2.2428, 0.3899, 1.0, 0.2778]
	 >>> Resetting the solution to avoid local optima.
	 ->['ACCACCACCAACCACAAAGAGGAGGAAGGAAAAGGA', '.((.((.((...........)).))..)).......', 0.4167, -0.0006013949554065783, -3.7708, 0.3925, 1.0, 0.1667]
	 ->['ACCACCACCAACCACAAAGAGGAGGAAGGAUAAGGA', '.((.((.((...........)).))..)).......', 0.4167, -0.0005829236697176864, -3.79, 0.3923, 1.0, 0.1667]
	 ->['ACCACCACCAACGUCAAAGACGAGGAAGGAUAAGGA', '....((..(..((((...))))..)..)).......', 0.1667, -1.1840036987730407e-05, -5.6916, 0.2597, 0.8571, 0.2222]
	 >>> Resetting the solution to avoid local optima.
	 ->['AGGAGGAGGAAGGAGAAACACCACCAACCAAAACCA', '.((....((..((.(......).))..))....)).', 0.3333, -0.0007543586925342024, -4.0311, 0.4203, 1.0, 0.1111]
	 ->['AGGAGGAGGAAGGAGAAACACCACCAACCAAAACCA', '.((....((..((.(......).))..))....)).', 0.3333, -0.0007543586925342024, -4.0311, 0.4203, 1.0, 0.1111]
	 ->['AGGAAGAUCGAUCAGGCGCUGAGGAAACUGCAUCCU', '((((((.....((((...)))).....))...))))', 0.1389, -2.557224415620809e-07, -5.2552, 0.3249, 0.5, 0.2778]
	 ->['AGGAAGAUCGAUCAGGCGCUGAGGAAACUGCAUCCA', '.(((((.....((((...)))).....))...))).', 0.1111, -8.605552465226708e-07, -5.0073, 0.3232, 0.5556, 0.2222]
	 >>> Resetting the solution to avoid local optima.
	 ->['AGGAGGAGGAAGGAGAAACACCACCAACCAAAACCA', '.((....((..((.(......).))..))....)).', 0.3333, -0.0007543586925342024, -4.0311, 0.4203, 1.0, 0.1111]
	 ->['AGGAGGCCGAGGGUGAAACACCACGAACCGAUACCA', '....((.((..((((...)))).))..)).......', 0.0833, -4.0200692404963824e-05, -6.9382, 0.2341, 0.875, 0.1667]
	 >>> Resetting the solution to avoid local optima.
	 ->['AGGAGGAGGAAGGAGAAACACCACCAACCAAAACCA', '.((....((..((.(......).))..))....)).', 0.3333, -0.0007543586925342024, -4.0311, 0.4203, 1.0, 0.1111]
	 ->['AGGAGGAGGAAGGAGAAACACCACCAACCAAAACCA', '.((....((..((.(......).))..))....)).', 0.3333, -0.0007543586925342024, -4.0311, 0.4203, 1.0, 0.1111]
	 ->['AGAAGGAGGAAGGAGAAACUCCACCAACCAAAAUCU', '....((..(..((((...))))..)..)).......', 0.1667, -5.814770264697368e-07, -6.7489, 0.3337, 0.8571, 0.2222]




RNA sequences found with GC-content <= 0.48:

RNA sequences found with GC-content > 0.48:
@@ AGCAGCAGCAAGAGCAAAGGUCGGCAGGUCAAAGCA 0.7777777777777777
@@ AGCAGCAGCAAGAGCAAAGGUCGGCAGGUCAGAGCA 0.7777777777777777
@@ AGCAGCAGCAAGAGCAAAGGUCGGCGGGUCAGAGCA 0.7777777777777777
@@ AGCAGCAGCAAGAGCAUAGGUCGGCGGGUCAGAGCA 0.7777777777777777
@@ AGCAGCAGCAAGAGCACAGGUCGGCGGGUCAGAGCA 0.7777777777777777


Elapsed time:                   86400.01080274582 secs.
Number of function evaluations: 69001809
----------------------------------------------------------------------


---------------------------------------
 FINISHED SUCCESSFULLY 
---------------------------------------
