
-----------------------------------------------------------------------
   _____ _____  ______ ______ _____             _____  _   _           
  / ____|  __ \|  ____|  ____|  __ \           |  __ \| \ | |   /\     
 | |  __| |__) | |__  | |__  | |  | |  ______  | |__) |  \| |  /  \    
 | | |_ |  _  /|  __| |  __| | |  | | |______| |  _  /| . ` | / /\ \   
 | |__| | | \ \| |____| |____| |__| |          | | \ \| |\  |/ ____ \  
  \_____|_|  \_\______|______|_____/           |_|  \_\_| \_/_/    \_\ 
       
                                       -- A. Rubio-Largo et al. 2023
-----------------------------------------------------------------------

------------------------------------------------------------------------------------------------------------------
CONFIGURATION: 

 * TARGET:           ....(((((((((.((....))).)).).)))))....
 * STOPPING:         86400 secs.
 * SEED:             6
 * NO. OF SOLUTIONS: 1
 * max. GC-cont.:    0.48
 * MODEL:            TURNER2004
 * MUTATION PROB:    0.01
 * STAGNATION LIMIT: 50
------------------------------------------------------------------------------------------------------------------


 (1) Let's minimize the base-pair distance between predicted and target structures
    -> Min(Base-pair distance), min(Hamming distance), max(probability over ensemble), min(partition function), min(ensemble defect), min(%GC-content)


	 ->['AAAACCCCCCCCCACCAAAAGGGAGGAGAGGGGGAAAA', '....((((((((..((....))..)).).)))))....', 0.0263, -0.03054735612866207, -16.95, 0.1807, 1.0, 0.0526]
	 >>> Resetting the solution to avoid local optima.
	 ->['AAAAGGGGGGGGGAGGAAAACCCACCACACCCCCAAAA', '....((((((((..((....))..)).).)))))....', 0.0263, -0.030932640803725712, -16.9423, 0.1634, 1.0, 0.0526]
	 >>> Resetting the solution to avoid local optima.
	 ->['AAAACCCCCCCCCACCAAAAGGGAGGAGAGGGGGAAAA', '....((((((((..((....))..)).).)))))....', 0.0263, -0.03054735612866207, -16.95, 0.1807, 1.0, 0.0526]
	 >>> Resetting the solution to avoid local optima.
	 ->['AAAAGGGGGGGGGAGGAAAACCCACCACACCCCCAAAA', '....((((((((..((....))..)).).)))))....', 0.0263, -0.030932640803725712, -16.9423, 0.1634, 1.0, 0.0526]
	 ->['AAAACGGGGGCAGCGGCAAACCCAUGACACCCCGAAAA', '....((((((((..((....))..)).).)))))....', 0.0263, -0.16905122604672396, -12.2955, 0.0894, 0.9, 0.0526]


    -> Found sequence! Elapsed time:                   0.39535069465637207 secs.


 (2) We found a sequence that folds exactly like the target structure. Let's minimize the GC-content
    -> ORDER: Min(Base-pair distance), min(Hamming distance), min(GC-content), min(partition function), min(ensemble defect), max(probability over ensemble))


	 ->['AAAACGGGGGCGGCGGCUCACCCAUGACACCCCGAAUA', '....(((((((((.((....))).)).).)))))....', 0.0, -0.1515141942889921, -11.663, 0.1675, 0.9091, 0.0]
	 ->['AAAAGAGGGGCGGCGGCUCACCCAUGACACCCUCAAUA', '....(((((((((.((....))).)).).)))))....', 0.0, -0.16031212510397194, -10.8283, 0.1597, 0.8182, 0.0]
	 ->['CGUAGAGGGGCGGCGGCUCACCCAUGACACCCUUAGGA', '....(((((((((.((....))).)).).)))))....', 0.0, -0.06353407365683118, -9.2987, 0.3485, 0.7273, 0.0]
	 ->['CGUAGAGAGGCGGCGGCUCACCCAUGACACUCUUAGGA', '....(((((((((.((....))).)).).)))))....', 0.0, -0.06141298627463201, -7.2196, 0.3102, 0.6364, 0.0]
	 >>> Resetting the solution to avoid local optima.
	 ->['AAAAGGGGGGGGGAGGAAAACCCACCACACCCCCAAAA', '....((((((((..((....))..)).).)))))....', 0.0263, -0.030932640803725712, -16.9423, 0.1634, 1.0, 0.0526]
	 >>> Resetting the solution to avoid local optima.
	 ->['AAAAGGGGGGGGGAGGAAAACCCACCACACCCCCAAAA', '....((((((((..((....))..)).).)))))....', 0.0263, -0.030932640803725712, -16.9423, 0.1634, 1.0, 0.0526]
	 >>> Resetting the solution to avoid local optima.
	 ->['AAAAGGGGGGGGGAGGAAAACCCACCACACCCCCAAAA', '....((((((((..((....))..)).).)))))....', 0.0263, -0.030932640803725712, -16.9423, 0.1634, 1.0, 0.0526]
	 >>> Resetting the solution to avoid local optima.
	 ->['AAAAGGGGGGGGGAGGAAAACCCACCACACCCCCAAAA', '....((((((((..((....))..)).).)))))....', 0.0263, -0.030932640803725712, -16.9423, 0.1634, 1.0, 0.0526]
	 >>> Resetting the solution to avoid local optima.
	 ->['AAAACCCCCCCCCACCAAAAGGGAGGAGAGGGGGAAAA', '....((((((((..((....))..)).).)))))....', 0.0263, -0.03054735612866207, -16.95, 0.1807, 1.0, 0.0526]
	 >>> Resetting the solution to avoid local optima.
	 ->['AAAACCCCCCCCCACCAAAAGGGAGGAGAGGGGGAAAA', '....((((((((..((....))..)).).)))))....', 0.0263, -0.03054735612866207, -16.95, 0.1807, 1.0, 0.0526]
	 >>> Resetting the solution to avoid local optima.
	 ->['AAAACCCCCCCCCACCAAAAGGGAGGAGAGGGGGAAAA', '....((((((((..((....))..)).).)))))....', 0.0263, -0.03054735612866207, -16.95, 0.1807, 1.0, 0.0526]
	 >>> Resetting the solution to avoid local optima.
	 ->['AAAACCCCCCCCCACCAAAAGGGAGGAGAGGGGGAAAA', '....((((((((..((....))..)).).)))))....', 0.0263, -0.03054735612866207, -16.95, 0.1807, 1.0, 0.0526]
	 >>> Resetting the solution to avoid local optima.
	 ->['AAAACCCCCCCCCACCAAAAGGGAGGAGAGGGGGAAAA', '....((((((((..((....))..)).).)))))....', 0.0263, -0.03054735612866207, -16.95, 0.1807, 1.0, 0.0526]
	 >>> Resetting the solution to avoid local optima.
	 ->['AAAAGGGGGGGGGAGGAAAACCCACCACACCCCCAAAA', '....((((((((..((....))..)).).)))))....', 0.0263, -0.030932640803725712, -16.9423, 0.1634, 1.0, 0.0526]
	 >>> Resetting the solution to avoid local optima.
	 ->['AAAACCCCCCCCCACCAAAAGGGAGGAGAGGGGGAAAA', '....((((((((..((....))..)).).)))))....', 0.0263, -0.03054735612866207, -16.95, 0.1807, 1.0, 0.0526]
	 >>> Resetting the solution to avoid local optima.
	 ->['AAAACCCCCCCCCACCAAAAGGGAGGAGAGGGGGAAAA', '....((((((((..((....))..)).).)))))....', 0.0263, -0.03054735612866207, -16.95, 0.1807, 1.0, 0.0526]
	 >>> Resetting the solution to avoid local optima.
	 ->['AAAAGGGGGGGGGAGGAAAACCCACCACACCCCCAAAA', '....((((((((..((....))..)).).)))))....', 0.0263, -0.030932640803725712, -16.9423, 0.1634, 1.0, 0.0526]
	 >>> Resetting the solution to avoid local optima.
	 ->['AAAAGGGGGGGGGAGGAAAACCCACCACACCCCCAAAA', '....((((((((..((....))..)).).)))))....', 0.0263, -0.030932640803725712, -16.9423, 0.1634, 1.0, 0.0526]
	 >>> Resetting the solution to avoid local optima.
	 ->['AAAAGGGGGGGGGAGGAAAACCCACCACACCCCCAAAA', '....((((((((..((....))..)).).)))))....', 0.0263, -0.030932640803725712, -16.9423, 0.1634, 1.0, 0.0526]
	 >>> Resetting the solution to avoid local optima.
	 ->['AAAACCCCCCCCCACCAAAAGGGAGGAGAGGGGGAAAA', '....((((((((..((....))..)).).)))))....', 0.0263, -0.03054735612866207, -16.95, 0.1807, 1.0, 0.0526]
	 >>> Resetting the solution to avoid local optima.
	 ->['AAAAGGGGGGGGGAGGAAAACCCACCACACCCCCAAAA', '....((((((((..((....))..)).).)))))....', 0.0263, -0.030932640803725712, -16.9423, 0.1634, 1.0, 0.0526]
	 >>> Resetting the solution to avoid local optima.
	 ->['AAAAGGGGGGGGGAGGAAAACCCACCACACCCCCAAAA', '....((((((((..((....))..)).).)))))....', 0.0263, -0.030932640803725712, -16.9423, 0.1634, 1.0, 0.0526]
	 >>> Resetting the solution to avoid local optima.
	 ->['AAAACCCCCCCCCACCAAAAGGGAGGAGAGGGGGAAAA', '....((((((((..((....))..)).).)))))....', 0.0263, -0.03054735612866207, -16.95, 0.1807, 1.0, 0.0526]
	 >>> Resetting the solution to avoid local optima.
	 ->['AAAAGGGGGGGGGAGGAAAACCCACCACACCCCCAAAA', '....((((((((..((....))..)).).)))))....', 0.0263, -0.030932640803725712, -16.9423, 0.1634, 1.0, 0.0526]
	 >>> Resetting the solution to avoid local optima.
	 ->['AAAAGGGGGGGGGAGGAAAACCCACCACACCCCCAAAA', '....((((((((..((....))..)).).)))))....', 0.0263, -0.030932640803725712, -16.9423, 0.1634, 1.0, 0.0526]
	 >>> Resetting the solution to avoid local optima.
	 ->['AAAACCCCCCCCCACCAAAAGGGAGGAGAGGGGGAAAA', '....((((((((..((....))..)).).)))))....', 0.0263, -0.03054735612866207, -16.95, 0.1807, 1.0, 0.0526]
	 >>> Resetting the solution to avoid local optima.
	 ->['AAAAGGGGGGGGGAGGAAAACCCACCACACCCCCAAAA', '....((((((((..((....))..)).).)))))....', 0.0263, -0.030932640803725712, -16.9423, 0.1634, 1.0, 0.0526]
	 >>> Resetting the solution to avoid local optima.
	 ->['AAAACCCCCCCCCACCAAAAGGGAGGAGAGGGGGAAAA', '....((((((((..((....))..)).).)))))....', 0.0263, -0.03054735612866207, -16.95, 0.1807, 1.0, 0.0526]
	 >>> Resetting the solution to avoid local optima.
	 ->['AAAAGGGGGGGGGAGGAAAACCCACCACACCCCCAAAA', '....((((((((..((....))..)).).)))))....', 0.0263, -0.030932640803725712, -16.9423, 0.1634, 1.0, 0.0526]
	 >>> Resetting the solution to avoid local optima.
	 ->['AAAACCCCCCCCCACCAAAAGGGAGGAGAGGGGGAAAA', '....((((((((..((....))..)).).)))))....', 0.0263, -0.03054735612866207, -16.95, 0.1807, 1.0, 0.0526]
	 >>> Resetting the solution to avoid local optima.
	 ->['AAAACCCCCCCCCACCAAAAGGGAGGAGAGGGGGAAAA', '....((((((((..((....))..)).).)))))....', 0.0263, -0.03054735612866207, -16.95, 0.1807, 1.0, 0.0526]
	 >>> Resetting the solution to avoid local optima.
	 ->['AAAAGGGGGGGGGAGGAAAACCCACCACACCCCCAAAA', '....((((((((..((....))..)).).)))))....', 0.0263, -0.030932640803725712, -16.9423, 0.1634, 1.0, 0.0526]
	 >>> Resetting the solution to avoid local optima.
	 ->['AAAAGGGGGGGGGAGGAAAACCCACCACACCCCCAAAA', '....((((((((..((....))..)).).)))))....', 0.0263, -0.030932640803725712, -16.9423, 0.1634, 1.0, 0.0526]
	 >>> Resetting the solution to avoid local optima.
	 ->['AAAACCCCCCCCCACCAAAAGGGAGGAGAGGGGGAAAA', '....((((((((..((....))..)).).)))))....', 0.0263, -0.03054735612866207, -16.95, 0.1807, 1.0, 0.0526]
	 >>> Resetting the solution to avoid local optima.
	 ->['AAAAGGGGGGGGGAGGAAAACCCACCACACCCCCAAAA', '....((((((((..((....))..)).).)))))....', 0.0263, -0.030932640803725712, -16.9423, 0.1634, 1.0, 0.0526]
	 >>> Resetting the solution to avoid local optima.
	 ->['AAAAGGGGGGGGGAGGAAAACCCACCACACCCCCAAAA', '....((((((((..((....))..)).).)))))....', 0.0263, -0.030932640803725712, -16.9423, 0.1634, 1.0, 0.0526]
	 >>> Resetting the solution to avoid local optima.
	 ->['AAAAGGGGGGGGGAGGAAAACCCACCACACCCCCAAAA', '....((((((((..((....))..)).).)))))....', 0.0263, -0.030932640803725712, -16.9423, 0.1634, 1.0, 0.0526]
	 >>> Resetting the solution to avoid local optima.
	 ->['AAAACCCCCCCCCACCAAAAGGGAGGAGAGGGGGAAAA', '....((((((((..((....))..)).).)))))....', 0.0263, -0.03054735612866207, -16.95, 0.1807, 1.0, 0.0526]
	 >>> Resetting the solution to avoid local optima.
	 ->['AAAAGGGGGGGGGAGGAAAACCCACCACACCCCCAAAA', '....((((((((..((....))..)).).)))))....', 0.0263, -0.030932640803725712, -16.9423, 0.1634, 1.0, 0.0526]
	 >>> Resetting the solution to avoid local optima.
	 ->['AAAAGGGGGGGGGAGGAAAACCCACCACACCCCCAAAA', '....((((((((..((....))..)).).)))))....', 0.0263, -0.030932640803725712, -16.9423, 0.1634, 1.0, 0.0526]
	 >>> Resetting the solution to avoid local optima.
	 ->['AAAAGGGGGGGGGAGGAAAACCCACCACACCCCCAAAA', '....((((((((..((....))..)).).)))))....', 0.0263, -0.030932640803725712, -16.9423, 0.1634, 1.0, 0.0526]
	 >>> Resetting the solution to avoid local optima.
	 ->['AAAACCCCCCCCCACCAAAAGGGAGGAGAGGGGGAAAA', '....((((((((..((....))..)).).)))))....', 0.0263, -0.03054735612866207, -16.95, 0.1807, 1.0, 0.0526]
	 >>> Resetting the solution to avoid local optima.
	 ->['AAAAGGGGGGGGGAGGAAAACCCACCACACCCCCAAAA', '....((((((((..((....))..)).).)))))....', 0.0263, -0.030932640803725712, -16.9423, 0.1634, 1.0, 0.0526]
	 >>> Resetting the solution to avoid local optima.
	 ->['AAAAGGGGGGGGGAGGAAAACCCACCACACCCCCAAAA', '....((((((((..((....))..)).).)))))....', 0.0263, -0.030932640803725712, -16.9423, 0.1634, 1.0, 0.0526]
	 >>> Resetting the solution to avoid local optima.
	 ->['AAAACCCCCCCCCACCAAAAGGGAGGAGAGGGGGAAAA', '....((((((((..((....))..)).).)))))....', 0.0263, -0.03054735612866207, -16.95, 0.1807, 1.0, 0.0526]
	 >>> Resetting the solution to avoid local optima.
	 ->['AAAACCCCCCCCCACCAAAAGGGAGGAGAGGGGGAAAA', '....((((((((..((....))..)).).)))))....', 0.0263, -0.03054735612866207, -16.95, 0.1807, 1.0, 0.0526]
	 >>> Resetting the solution to avoid local optima.
	 ->['AAAAGGGGGGGGGAGGAAAACCCACCACACCCCCAAAA', '....((((((((..((....))..)).).)))))....', 0.0263, -0.030932640803725712, -16.9423, 0.1634, 1.0, 0.0526]
	 >>> Resetting the solution to avoid local optima.
	 ->['AAAACCCCCCCCCACCAAAAGGGAGGAGAGGGGGAAAA', '....((((((((..((....))..)).).)))))....', 0.0263, -0.03054735612866207, -16.95, 0.1807, 1.0, 0.0526]
	 >>> Resetting the solution to avoid local optima.
	 ->['AAAAGGGGGGGGGAGGAAAACCCACCACACCCCCAAAA', '....((((((((..((....))..)).).)))))....', 0.0263, -0.030932640803725712, -16.9423, 0.1634, 1.0, 0.0526]
	 >>> Resetting the solution to avoid local optima.
	 ->['AAAACCCCCCCCCACCAAAAGGGAGGAGAGGGGGAAAA', '....((((((((..((....))..)).).)))))....', 0.0263, -0.03054735612866207, -16.95, 0.1807, 1.0, 0.0526]
	 >>> Resetting the solution to avoid local optima.
	 ->['AAAACCCCCCCCCACCAAAAGGGAGGAGAGGGGGAAAA', '....((((((((..((....))..)).).)))))....', 0.0263, -0.03054735612866207, -16.95, 0.1807, 1.0, 0.0526]
	 >>> Resetting the solution to avoid local optima.
	 ->['AAAAGGGGGGGGGAGGAAAACCCACCACACCCCCAAAA', '....((((((((..((....))..)).).)))))....', 0.0263, -0.030932640803725712, -16.9423, 0.1634, 1.0, 0.0526]
	 >>> Resetting the solution to avoid local optima.
	 ->['AAAACCCCCCCCCACCAAAAGGGAGGAGAGGGGGAAAA', '....((((((((..((....))..)).).)))))....', 0.0263, -0.03054735612866207, -16.95, 0.1807, 1.0, 0.0526]
	 >>> Resetting the solution to avoid local optima.
	 ->['AAAACCCCCCCCCACCAAAAGGGAGGAGAGGGGGAAAA', '....((((((((..((....))..)).).)))))....', 0.0263, -0.03054735612866207, -16.95, 0.1807, 1.0, 0.0526]
	 >>> Resetting the solution to avoid local optima.
	 ->['AAAACCCCCCCCCACCAAAAGGGAGGAGAGGGGGAAAA', '....((((((((..((....))..)).).)))))....', 0.0263, -0.03054735612866207, -16.95, 0.1807, 1.0, 0.0526]
	 >>> Resetting the solution to avoid local optima.
	 ->['AAAACCCCCCCCCACCAAAAGGGAGGAGAGGGGGAAAA', '....((((((((..((....))..)).).)))))....', 0.0263, -0.03054735612866207, -16.95, 0.1807, 1.0, 0.0526]
	 >>> Resetting the solution to avoid local optima.
	 ->['AAAAGGGGGGGGGAGGAAAACCCACCACACCCCCAAAA', '....((((((((..((....))..)).).)))))....', 0.0263, -0.030932640803725712, -16.9423, 0.1634, 1.0, 0.0526]
	 >>> Resetting the solution to avoid local optima.
	 ->['AAAAGGGGGGGGGAGGAAAACCCACCACACCCCCAAAA', '....((((((((..((....))..)).).)))))....', 0.0263, -0.030932640803725712, -16.9423, 0.1634, 1.0, 0.0526]
	 >>> Resetting the solution to avoid local optima.
	 ->['AAAACCCCCCCCCACCAAAAGGGAGGAGAGGGGGAAAA', '....((((((((..((....))..)).).)))))....', 0.0263, -0.03054735612866207, -16.95, 0.1807, 1.0, 0.0526]
	 >>> Resetting the solution to avoid local optima.
	 ->['AAAAGGGGGGGGGAGGAAAACCCACCACACCCCCAAAA', '....((((((((..((....))..)).).)))))....', 0.0263, -0.030932640803725712, -16.9423, 0.1634, 1.0, 0.0526]
	 >>> Resetting the solution to avoid local optima.
	 ->['AAAAGGGGGGGGGAGGAAAACCCACCACACCCCCAAAA', '....((((((((..((....))..)).).)))))....', 0.0263, -0.030932640803725712, -16.9423, 0.1634, 1.0, 0.0526]
	 >>> Resetting the solution to avoid local optima.
	 ->['AAAACCCCCCCCCACCAAAAGGGAGGAGAGGGGGAAAA', '....((((((((..((....))..)).).)))))....', 0.0263, -0.03054735612866207, -16.95, 0.1807, 1.0, 0.0526]
	 >>> Resetting the solution to avoid local optima.
	 ->['AAAAGGGGGGGGGAGGAAAACCCACCACACCCCCAAAA', '....((((((((..((....))..)).).)))))....', 0.0263, -0.030932640803725712, -16.9423, 0.1634, 1.0, 0.0526]
	 >>> Resetting the solution to avoid local optima.
	 ->['AAAAGGGGGGGGGAGGAAAACCCACCACACCCCCAAAA', '....((((((((..((....))..)).).)))))....', 0.0263, -0.030932640803725712, -16.9423, 0.1634, 1.0, 0.0526]
	 >>> Resetting the solution to avoid local optima.
	 ->['AAAACCCCCCCCCACCAAAAGGGAGGAGAGGGGGAAAA', '....((((((((..((....))..)).).)))))....', 0.0263, -0.03054735612866207, -16.95, 0.1807, 1.0, 0.0526]
	 >>> Resetting the solution to avoid local optima.
	 ->['AAAACCCCCCCCCACCAAAAGGGAGGAGAGGGGGAAAA', '....((((((((..((....))..)).).)))))....', 0.0263, -0.03054735612866207, -16.95, 0.1807, 1.0, 0.0526]
	 >>> Resetting the solution to avoid local optima.
	 ->['AAAACCCCCCCCCACCAAAAGGGAGGAGAGGGGGAAAA', '....((((((((..((....))..)).).)))))....', 0.0263, -0.03054735612866207, -16.95, 0.1807, 1.0, 0.0526]
	 >>> Resetting the solution to avoid local optima.
	 ->['AAAACCCCCCCCCACCAAAAGGGAGGAGAGGGGGAAAA', '....((((((((..((....))..)).).)))))....', 0.0263, -0.03054735612866207, -16.95, 0.1807, 1.0, 0.0526]
	 >>> Resetting the solution to avoid local optima.
	 ->['AAAAGGGGGGGGGAGGAAAACCCACCACACCCCCAAAA', '....((((((((..((....))..)).).)))))....', 0.0263, -0.030932640803725712, -16.9423, 0.1634, 1.0, 0.0526]
	 >>> Resetting the solution to avoid local optima.
	 ->['AAAAGGGGGGGGGAGGAAAACCCACCACACCCCCAAAA', '....((((((((..((....))..)).).)))))....', 0.0263, -0.030932640803725712, -16.9423, 0.1634, 1.0, 0.0526]




RNA sequences found with GC-content <= 0.48:

RNA sequences found with GC-content > 0.48:
@@ AAAACGGGGGCGGCGGCAAACCCAUGACACCCCGAAAA 0.9090909090909092
@@ AAAACGGGGGCGGCGGCAUACCCAUGACACCCCGAAAA 0.9090909090909092
@@ AAAACGGGGGCGGCGGCACACCCAUGACACCCCGAAAA 0.9090909090909092
@@ AAAACGGGGGCGGCGGCUCACCCAUGACACCCCGAAAA 0.9090909090909092
@@ AAAACGGGGGCGGCGGCUCACCCAUGACACCCCGAAUA 0.9090909090909092
@@ AAAACAGGGGCGGCGGCUCACCCAUGACACCCUGAAUA 0.8181818181818181
@@ AAAAGAGGGGCGGCGGCUCACCCAUGACACCCUCAAUA 0.8181818181818182
@@ AAAAGAGGGGCGGCGGCUCACCCAUGACACCCUUAAUA 0.7272727272727273
@@ AACAGAGGGGCGGCGGCUCACCCAUGACACCCUUAAUA 0.7272727272727273
@@ AACAGAGGGGCGGCGGCUCACCCAUGACACCCUUAAGA 0.7272727272727273
@@ AACAGAGGGGCGGCGGCUCACCCAUGACACCCUUAGGA 0.7272727272727273
@@ AGCAGAGGGGCGGCGGCUCACCCAUGACACCCUUAGGA 0.7272727272727273
@@ CGCAGAGGGGCGGCGGCUCACCCAUGACACCCUUAGGA 0.7272727272727273
@@ CGUAGAGGGGCGGCGGCUCACCCAUGACACCCUUAGGA 0.7272727272727273
@@ CGUAGAGAGGCGGCGGCUCACCCAUGACACUCUUAGGA 0.6363636363636364
@@ CGUAGAUAGGCGGCGGCUCACCCAUGACACUAUUAGGA 0.5454545454545454
@@ CGCAGAUAGGCGGCGGCUCACCCAUGACACUAUUAGGA 0.5454545454545454
@@ CGCAGAUAGGCGGCGGCUCACCCAUGACACUAUUACGA 0.5454545454545454


Elapsed time:                   86400.0120241642 secs.
Number of function evaluations: 60610266
----------------------------------------------------------------------


---------------------------------------
 FINISHED SUCCESSFULLY 
---------------------------------------
