
-----------------------------------------------------------------------
   _____ _____  ______ ______ _____             _____  _   _           
  / ____|  __ \|  ____|  ____|  __ \           |  __ \| \ | |   /\     
 | |  __| |__) | |__  | |__  | |  | |  ______  | |__) |  \| |  /  \    
 | | |_ |  _  /|  __| |  __| | |  | | |______| |  _  /| . ` | / /\ \   
 | |__| | | \ \| |____| |____| |__| |          | | \ \| |\  |/ ____ \  
  \_____|_|  \_\______|______|_____/           |_|  \_\_| \_/_/    \_\ 
       
                                       -- A. Rubio-Largo et al. 2023
-----------------------------------------------------------------------

------------------------------------------------------------------------------------------------------------------
CONFIGURATION: 

 * TARGET:           ((((((.((((....))))))).)))..........
 * STOPPING:         86400 secs.
 * SEED:             1
 * NO. OF SOLUTIONS: 1
 * max. GC-cont.:    0.48
 * MODEL:            TURNER2004
 * MUTATION PROB:    0.01
 * STAGNATION LIMIT: 50
------------------------------------------------------------------------------------------------------------------


 (1) Let's minimize the base-pair distance between predicted and target structures
    -> Min(Base-pair distance), min(Hamming distance), max(probability over ensemble), min(partition function), min(ensemble defect), min(%GC-content)


	 ->['CCCCCCACCCCAAAAGGGGGGGAGGGAAAAAAAAAA', '((((((.((((....))))))).)))..........', 0.0, -0.9427788788203149, -19.1363, 0.0145, 1.0, 0.0]


    -> Found sequence! Elapsed time:                   0.01365971565246582 secs.


 (2) We found a sequence that folds exactly like the target structure. Let's minimize the GC-content
    -> ORDER: Min(Base-pair distance), min(Hamming distance), min(GC-content), min(partition function), min(ensemble defect), max(probability over ensemble))


	 >>> Resetting the solution to avoid local optima.
	 ->['CCCCCCACCCCAAAAGGGGGGGAGGGAAAAAAAAAA', '((((((.((((....))))))).)))..........', 0.0, -0.9427788788203149, -19.1363, 0.0145, 1.0, 0.0]
	 ->['CCCCCCACCCCGAAAGGGGGGGAGGGGAAAAAAAAA', '((((((.((((....))))))).)))..........', 0.0, -0.355627745299108, -20.7372, 0.3049, 1.0, 0.0]
	 ->['UCCCCCACCCCGAAAGGGGGGGAGGAGAAAAAACAU', '((((((.((((....))))))).)))..........', 0.0, -0.8374104805866338, -18.3094, 0.0167, 0.9, 0.0]
	 ->['UCCCCUACCCCGAAGGGGGAGGAGGAGUAAAAACUU', '((((((.((((....))))))).)))..........', 0.0, -0.719963926344706, -16.4025, 0.0421, 0.8, 0.0]
	 ->['UACCCUACCCCGAAGGGGGAGGAGUAGUAAAAGCUU', '((((((.((((....))))))).)))..........', 0.0, -0.6548005007695309, -14.261, 0.0595, 0.7, 0.0]
	 ->['UACCCUACCACGAAGGUGGAGGAGUAGUAAAAGCUU', '((((((.((((....))))))).)))..........', 0.0, -0.6942766226627175, -11.9249, 0.0462, 0.6, 0.0]
	 ->['UACCUUACCACGAAGGUGGAGGAGUAGUAAAAGCUU', '((((((.((((....))))))).)))..........', 0.0, -0.5136118685263001, -9.4106, 0.1387, 0.5, 0.0]


    -> Finished!! Elaapsed time:                   0.06389141082763672 secs.




RNA sequences found with GC-content <= 0.48:
## UACCUUACCAAGAAGUUGGAGGAGUAGUAAAAGCUU 0.4

RNA sequences found with GC-content > 0.48:
@@ CCCCCCACCCCAAAAGGGGGGGAGGGAAAAAAAAAA 1.0
@@ GCCCCCACCCCAAAAGGGGGGGAGGCAAAAAAAAAA 1.0
@@ CCCCCCACCCCAAAAGGGGGGGAGGGGAAAAAAAAA 1.0
@@ CCCCCCACCCCGAAAGGGGGGGAGGGGAAAAAAAAA 1.0
@@ UCCCCCACCCCGAAAGGGGGGGAGGAGAAAAAAAAA 0.9
@@ UCCCCCACCCCGAAAGGGGGGGAGGAGAAAAAACAA 0.9
@@ UCCCCCACCCCGAAAGGGGGGGAGGAGAAAAAACAU 0.9
@@ UCCCCUACCCCGAAAGGGGAGGAGGAGAAAAAACAU 0.8
@@ UCCCCUACCCCGAAAGGGGAGGAGGAGAAAAAACUU 0.8
@@ UCCCCUACCCCGAAGGGGGAGGAGGAGAAAAAACUU 0.8
@@ UCCCCUACCCCGAAGGGGGAGGAGGAGUAAAAACUU 0.8
@@ UACCCUACCCCGAAGGGGGAGGAGUAGUAAAAACUU 0.7
@@ UACCCUACCCCGAAGGGGGAGGAGUAGUAAAAGCUU 0.7
@@ UACCCUACCACGAAGGUGGAGGAGUAGUAAAAGCUU 0.6
@@ UACCUUACCACGAAGGUGGAGGAGUAGUAAAAGCUU 0.5


Elapsed time:                   0.06426334381103516 secs.
Number of function evaluations: 40
----------------------------------------------------------------------


---------------------------------------
 FINISHED SUCCESSFULLY 
---------------------------------------
