
-----------------------------------------------------------------------
   _____ _____  ______ ______ _____             _____  _   _           
  / ____|  __ \|  ____|  ____|  __ \           |  __ \| \ | |   /\     
 | |  __| |__) | |__  | |__  | |  | |  ______  | |__) |  \| |  /  \    
 | | |_ |  _  /|  __| |  __| | |  | | |______| |  _  /| . ` | / /\ \   
 | |__| | | \ \| |____| |____| |__| |          | | \ \| |\  |/ ____ \  
  \_____|_|  \_\______|______|_____/           |_|  \_\_| \_/_/    \_\ 
       
                                       -- A. Rubio-Largo et al. 2023
-----------------------------------------------------------------------

------------------------------------------------------------------------------------------------------------------
CONFIGURATION: 

 * TARGET:           ((....)).((....)).((....)).((....))
 * STOPPING:         86400 secs.
 * SEED:             6
 * NO. OF SOLUTIONS: 1
 * max. GC-cont.:    0.48
 * MODEL:            TURNER2004
 * MUTATION PROB:    0.01
 * STAGNATION LIMIT: 50
------------------------------------------------------------------------------------------------------------------


 (1) Let's minimize the base-pair distance between predicted and target structures
    -> Min(Base-pair distance), min(Hamming distance), max(probability over ensemble), min(partition function), min(ensemble defect), min(%GC-content)


	 ->['CCAAAAGGACCAAAAGGACCAAAAGGACCAAAAGG', '((....((.((....)).))....)).........', 0.2857, -0.0012081297858343907, -4.7409, 0.2666, 1.0, 0.2286]
	 ->['CCAAAAGGACCAAAAGGACCAAAAGGACCAAAAGG', '((....((.((....)).))....)).........', 0.2857, -0.0012081297858343907, -4.7409, 0.2666, 1.0, 0.2286]
	 ->['GCAAAAGCACCAAAAGGACCAAAAGGACCAAAAGG', '((....)).......((.((....)).))......', 0.1714, -0.003497285713731656, -4.7858, 0.2182, 1.0, 0.2286]
	 >>> Resetting the solution to avoid local optima.
	 ->['GGAAAACCAGGAAAACCAGGAAAACCAGGAAAACC', '((....((.((....)).))....)).........', 0.2857, -0.0010147985661476564, -4.3483, 0.2838, 1.0, 0.2286]
	 ->['GGAAAACCAGGAAAACCAGGGAAACCAGGAAACCC', '((....((.((....)).))....)).........', 0.2857, -0.0018079437172391312, -5.7924, 0.2752, 1.0, 0.2286]
	 ->['GGAAAACCAGGAAAACCAUGGAAACGAGGAAACCC', '......(((((....)).)))..............', 0.2571, -5.438710170394712e-05, -4.3519, 0.3167, 0.8, 0.4]
	 ->['GGAAAACCAGGAAAACCAGGGAAACUCGGAAACCC', '((....)).((....((.((....)).))...)).', 0.2286, -0.0003189045894536223, -4.4618, 0.3208, 0.875, 0.1714]
	 ->['GCAAAAGCAGGAAAACCAGGGGAACUCGGAAACCC', '((....)).((....)).(((...........)))', 0.2, -0.0003236083150709617, -4.9527, 0.3101, 1.0, 0.1714]
	 ->['GGGAAACCAGCAAACGCAGUGAAAACAGGAAAUCC', '((....)).((....))..................', 0.1143, -0.05734918199857085, -3.4618, 0.1899, 1.0, 0.2286]
	 >>> Resetting the solution to avoid local optima.
	 ->['GGAAAACCAGGAAAACCAGGAAAACCAGGAAAACC', '((....((.((....)).))....)).........', 0.2857, -0.0010147985661476564, -4.3483, 0.2838, 1.0, 0.2286]
	 ->['GGAAAACCAGGAAAACCAGGCAAACCAGGAAACCC', '((....((.((....)).))....)).........', 0.2857, -0.0012918896378635103, -4.5995, 0.2822, 1.0, 0.2286]
	 ->['GGAAAACCAGGAAAACCAGCCAAAGCAGGAAUCCC', '((....)).(((...((.((....)).))..))).', 0.2571, -0.0003215205841954768, -5.4567, 0.3168, 0.8889, 0.2286]
	 ->['GGGAAACCAGGAAAACCAGCAAAAGCAGGAAAGCC', '((....)).((....((.((....)).))....))', 0.2286, -0.0027827138747466428, -5.8266, 0.2075, 1.0, 0.1143]
	 ->['GGGAAACCAGGAAAACCAGCAAAAGCAAGAAAGCU', '((....)).((....))......(((......)))', 0.2, -0.0021356414980364252, -4.3897, 0.2747, 0.8571, 0.2286]
	 ->['GGGAAACCAGGAAAACCAGCAAAAGCACGAAAGCG', '((....)).((....)).......((......)).', 0.1714, -0.01931133623449874, -4.0327, 0.2244, 1.0, 0.2286]
	 ->['GGGAAACCAGGGAAACCAGCAAAAGUACGAGAUCG', '((....)).((....))..................', 0.1143, -0.014149059087818532, -3.9244, 0.1947, 1.0, 0.2286]
	 ->['GGGAAACCAGGGAAACCAGCGAAAGCACCAAAAGG', '((....)).((....)).((....)).........', 0.0571, -0.2814780637326991, -5.6813, 0.0888, 1.0, 0.1143]


    -> Found sequence! Elapsed time:                   0.6844315528869629 secs.


 (2) We found a sequence that folds exactly like the target structure. Let's minimize the GC-content
    -> ORDER: Min(Base-pair distance), min(Hamming distance), min(GC-content), min(partition function), min(ensemble defect), max(probability over ensemble))


	 >>> Resetting the solution to avoid local optima.
	 ->['CCAAAAGGACCAAAAGGACCAAAAGGACCAAAAGG', '((....((.((....)).))....)).........', 0.2857, -0.0012081297858343907, -4.7409, 0.2666, 1.0, 0.2286]
	 ->['CCAAAAGGACCAAAAGGACCAACAGGACCAAAAGG', '((....((.((....)).))....)).........', 0.2857, -0.001205007199303814, -4.7425, 0.267, 1.0, 0.2286]
	 ->['CCAAAAGGAUCAAAAGGACCAACAGGACCAAAAGG', '((....)).......((.((....)).))......', 0.1714, -2.9004738999218745e-05, -3.9394, 0.2647, 1.0, 0.2286]
	 ->['CCAAAAGGAUUUCAAAGACCAACAGGACCAAAAGG', '((....))..........((....)).........', 0.1143, -2.1684655789433073e-05, -1.9186, 0.3223, 1.0, 0.2286]
	 >>> Resetting the solution to avoid local optima.
	 ->['CCAAAAGGACCAAAAGGACCAAAAGGACCAAAAGG', '((....((.((....)).))....)).........', 0.2857, -0.0012081297858343907, -4.7409, 0.2666, 1.0, 0.2286]
	 ->['CCAAAAGGACUUAAAGGCCCAAACGGACCAAAAGG', '((....)).......((.((....)).))......', 0.1714, -3.221927370860051e-05, -4.8746, 0.3308, 1.0, 0.2286]
	 >>> Resetting the solution to avoid local optima.
	 ->['CCAAAAGGACCAAAAGGACCAAAAGGACCAAAAGG', '((....((.((....)).))....)).........', 0.2857, -0.0012081297858343907, -4.7409, 0.2666, 1.0, 0.2286]
	 ->['CCGAAAGGACCAAUAGGACCAAAAGGGCCAAAAGG', '((....((.((....)).))....)).........', 0.2857, -0.0008746287226046586, -5.94, 0.2931, 1.0, 0.2286]
	 ->['CCGCAAGGACCUAUAGGACCAAAAGGGCCAAAAGG', '((....)).(((...((.((....)).))...)))', 0.2571, -5.1545584381713134e-05, -7.185, 0.3555, 0.8889, 0.1714]
	 ->['CCGGCAGGAUCUAUAGGAGCACUAGCGCCAAAAGG', '((....)).......((.((....)).))......', 0.1714, -1.8629071663915197e-06, -6.0313, 0.3364, 1.0, 0.2286]
	 ->['CCGGCAGGAUCUAUAGGAGCGCUAGCGACGACAGU', '((....)).......(..((....))..)......', 0.1429, -1.411045371494974e-05, -4.9834, 0.3213, 1.0, 0.2286]
	 >>> Resetting the solution to avoid local optima.
	 ->['CCAAAAGGACCAAAAGGACCAAAAGGACCAAAAGG', '((....((.((....)).))....)).........', 0.2857, -0.0012081297858343907, -4.7409, 0.2666, 1.0, 0.2286]
	 ->['CCAAAAGGACCAGAAGGACCGAUAGGACCAAAAGG', '((....((.((....)).))....)).........', 0.2857, -0.0010555416897201021, -5.6241, 0.2735, 1.0, 0.2286]
	 >>> Resetting the solution to avoid local optima.
	 ->['CCAAAAGGACCAAAAGGACCAAAAGGACCAAAAGG', '((....((.((....)).))....)).........', 0.2857, -0.0012081297858343907, -4.7409, 0.2666, 1.0, 0.2286]
	 ->['CCAAUCGGAUCAAAUGAACCAAAAGGACCAAAAGG', '((....((.((....)).))....)).........', 0.2857, -0.0008581180117534748, -3.2517, 0.2976, 0.8333, 0.2286]
	 >>> Resetting the solution to avoid local optima.
	 ->['GGAAAACCAGGAAAACCAGGAAAACCAGGAAAACC', '((....((.((....)).))....)).........', 0.2857, -0.0010147985661476564, -4.3483, 0.2838, 1.0, 0.2286]
	 ->['GGAUAACCAUGAUAGCAAGGAAAACCAGGAAAACC', '((....((.((....)).))....)).........', 0.2857, -0.00023731220454630307, -3.0439, 0.3152, 0.8333, 0.2286]
	 ->['GGAUAACCGUGAUAGCAAGCAGUAGCAGGACAACC', '((....))......((........)).........', 0.2286, -0.0005907875000811201, -2.9818, 0.4007, 1.0, 0.3143]
	 ->['GGGUGACCGUGAUAGCAGGCAGUAGCAGGAUAACC', '((....)).......(..((....))..)......', 0.1429, -0.00026297757552251236, -4.7806, 0.4776, 1.0, 0.2286]
	 >>> Resetting the solution to avoid local optima.
	 ->['CCAAAAGGACCAAAAGGACCAAAAGGACCAAAAGG', '((....((.((....)).))....)).........', 0.2857, -0.0012081297858343907, -4.7409, 0.2666, 1.0, 0.2286]
	 ->['CCAUAAGGACUGUAAAGACCAAAAGGACCAAAAGG', '((....((.((....)).))....)).........', 0.2857, -0.0016496399417463676, -3.3489, 0.2984, 0.8333, 0.2286]
	 >>> Resetting the solution to avoid local optima.
	 ->['GGAAAACCAGGAAAACCAGGAAAACCAGGAAAACC', '((....((.((....)).))....)).........', 0.2857, -0.0010147985661476564, -4.3483, 0.2838, 1.0, 0.2286]
	 ->['GGAAGACCAGGAAUCCCAGAAACAUCAGGAGAGCC', '((....)).((..((((.((....)).)).)).))', 0.2857, -0.000198693472227373, -4.2534, 0.3576, 0.8, 0.2286]
	 ->['GGAAGACCAGGAAUCCCAGAAACAUCAGUAGAGGC', '((....)).((....))..................', 0.1143, -0.0005475857447434298, -2.1286, 0.3221, 1.0, 0.2286]
	 >>> Resetting the solution to avoid local optima.
	 ->['GGAAAACCAGGAAAACCAGGAAAACCAGGAAAACC', '((....((.((....)).))....)).........', 0.2857, -0.0010147985661476564, -4.3483, 0.2838, 1.0, 0.2286]
	 ->['GGAAACCCAGGAUAACCAGGAGGGCCAGGAUAACC', '((....((.((....)).))....)).........', 0.2857, -0.00031596577991133167, -5.6675, 0.3397, 1.0, 0.2286]
	 ->['GGGUAACCAGGACAACCCGUAGGGGCAGGAUGACC', '((....)).......(((....)))..........', 0.2571, -4.989709444277092e-06, -7.2241, 0.4618, 1.0, 0.4]
	 ->['GGGUAACCAUUUCGGAGCGUUGCGGCAGGAUGACC', '((....))........((......)).........', 0.2286, -2.6259785974807195e-08, -5.558, 0.6105, 1.0, 0.3143]
	 ->['GGGUAACCACUUCAGAGCGCUGCGGCAGGAUGACC', '((....))...(((....((....))....)))..', 0.2, -0.0002004661602694527, -6.0479, 0.4851, 0.7143, 0.4]
	 >>> Resetting the solution to avoid local optima.
	 ->['GGAAAACCAGGAAAACCAGGAAAACCAGGAAAACC', '((....((.((....)).))....)).........', 0.2857, -0.0010147985661476564, -4.3483, 0.2838, 1.0, 0.2286]
	 ->['GGAGACCCAGGAAAGCCAAGAACACUCGGAUAACC', '((....)).((....((.((....)).))....))', 0.2286, -0.0002804505381377207, -3.341, 0.2863, 0.875, 0.1143]
	 >>> Resetting the solution to avoid local optima.
	 ->['CCAAAAGGACCAAAAGGACCAAAAGGACCAAAAGG', '((....((.((....)).))....)).........', 0.2857, -0.0012081297858343907, -4.7409, 0.2666, 1.0, 0.2286]
	 >>> Resetting the solution to avoid local optima.
	 ->['CCAAAAGGACCAAAAGGACCAAAAGGACCAAAAGG', '((....((.((....)).))....)).........', 0.2857, -0.0012081297858343907, -4.7409, 0.2666, 1.0, 0.2286]
	 ->['CCAAAAGGACCAAAAGGACCAAAAGGACCAAAAGG', '((....((.((....)).))....)).........', 0.2857, -0.0012081297858343907, -4.7409, 0.2666, 1.0, 0.2286]
	 ->['CCGACAGGCUCAAUGGAACCGAGAGGACCGAAGGG', '((....((.((....)).))....)).((....))', 0.2286, -0.0002909419644978327, -5.8183, 0.384, 0.875, 0.1143]
	 ->['GCGACAGCAGCAAUGGUACCGGGGGGAGUUAGUGC', '((....)).(((......((....))......)))', 0.2, -5.605830128432733e-05, -5.8332, 0.3414, 0.8571, 0.1714]
	 >>> Resetting the solution to avoid local optima.
	 ->['CCAAAAGGACCAAAAGGACCAAAAGGACCAAAAGG', '((....((.((....)).))....)).........', 0.2857, -0.0012081297858343907, -4.7409, 0.2666, 1.0, 0.2286]
	 ->['CCAAAAGGACAAAAAUGACCAAAAGGACCAAAAGG', '((....((.((....)).))....)).........', 0.2857, -0.001127794616617939, -2.3833, 0.2903, 0.8333, 0.2286]
	 ->['CCAAAAGGACAAAAAUGACCAAAAGGUCCAAAAGG', '((....))........((((....)))).......', 0.1714, -4.473844023153173e-06, -5.3914, 0.3289, 0.8333, 0.2857]
	 ->['CCAAGAGGAGAAUAAUCACCAAAAGGUCCAUAAGG', '((....)).........(((....)))........', 0.1429, -0.0005941913675858613, -3.0782, 0.3449, 0.8, 0.2857]
	 >>> Resetting the solution to avoid local optima.
	 ->['GGAAAACCAGGAAAACCAGGAAAACCAGGAAAACC', '((....((.((....)).))....)).........', 0.2857, -0.0010147985661476564, -4.3483, 0.2838, 1.0, 0.2286]
	 ->['GGAAAUCCAGGCAAACCAAGAAAUCUUGGAAAACC', '((....)).((....(((((....)))))....))', 0.2571, -6.40419853347114e-07, -6.9894, 0.2991, 0.7778, 0.1714]
	 ->['GGAUAUCCAGGCAACCCAAAAAAUUUUGGAAAACC', '((....)).......(((((....)))))......', 0.2, -1.6044981628540919e-07, -5.2425, 0.3273, 0.5714, 0.2857]
	 ->['GGAUAUCCAGGCCACCCAAAGAAUUUUCGAUAACG', '((....))...........................', 0.1714, -1.0509674426159295e-05, -1.865, 0.3685, 1.0, 0.3429]
	 ->['GGAUAUCCGGCUUAGGCAACGAAAGUUCUAGAAAG', '((....)).((....))..................', 0.1143, -0.00012045276728007612, -3.9618, 0.4058, 1.0, 0.2286]
	 ->['GGACUUCCGGCUUAGGCAGCGAAAGCUCUAGACAG', '((....)).((....))(((....)))........', 0.0857, -5.4007509677406474e-05, -6.2562, 0.4617, 0.8571, 0.1714]
	 >>> Resetting the solution to avoid local optima.
	 ->['GGAAAACCAGGAAAACCAGGAAAACCAGGAAAACC', '((....((.((....)).))....)).........', 0.2857, -0.0010147985661476564, -4.3483, 0.2838, 1.0, 0.2286]
	 ->['GGCAAACCAGGAAAACCAGGAAAACCAGGAAAACC', '((....((.((....)).))....)).........', 0.2857, -0.0010144570054917402, -4.3485, 0.2839, 1.0, 0.2286]
	 ->['GGCACACCAGGACGACCAGGCCUACCCGGAGAACC', '((....)).((....((.((....)).))....))', 0.2286, -0.00022589968735882107, -4.8743, 0.374, 1.0, 0.1143]
	 >>> Resetting the solution to avoid local optima.
	 ->['CCAAAAGGACCAAAAGGACCAAAAGGACCAAAAGG', '((....((.((....)).))....)).........', 0.2857, -0.0012081297858343907, -4.7409, 0.2666, 1.0, 0.2286]
	 ->['CCAAAAGGACCAAAAGGGCCAAAAGGACCAAAAGG', '((....((.((....)).))....)).........', 0.2857, -0.0011303112031712896, -5.4819, 0.3012, 1.0, 0.2286]
	 >>> Resetting the solution to avoid local optima.
	 ->['CCAAAAGGACCAAAAGGACCAAAAGGACCAAAAGG', '((....((.((....)).))....)).........', 0.2857, -0.0012081297858343907, -4.7409, 0.2666, 1.0, 0.2286]
	 ->['CCAAAAGGACCAAAAGGACCAAAAGGACCAAGAGG', '((....((.((....)).))....)).........', 0.2857, -0.001205012210038088, -4.7425, 0.2666, 1.0, 0.2286]
	 ->['CCAUAAGGGCCAACAGGAGCAAAAGUACCACGCGG', '((....)).......((.((....)).))......', 0.1714, -0.002785142012199236, -3.2261, 0.2866, 0.8333, 0.2286]
	 >>> Resetting the solution to avoid local optima.
	 ->['CCAAAAGGACCAAAAGGACCAAAAGGACCAAAAGG', '((....((.((....)).))....)).........', 0.2857, -0.0012081297858343907, -4.7409, 0.2666, 1.0, 0.2286]
	 ->['CCAAAAGGACCAACAGGACCAAAAGGACCAAAAGG', '((....((.((....)).))....)).........', 0.2857, -0.0011955787084914767, -4.7473, 0.2674, 1.0, 0.2286]
	 >>> Resetting the solution to avoid local optima.
	 ->['GGAAAACCAGGAAAACCAGGAAAACCAGGAAAACC', '((....((.((....)).))....)).........', 0.2857, -0.0010147985661476564, -4.3483, 0.2838, 1.0, 0.2286]
	 >>> Resetting the solution to avoid local optima.
	 ->['GGAAAACCAGGAAAACCAGGAAAACCAGGAAAACC', '((....((.((....)).))....)).........', 0.2857, -0.0010147985661476564, -4.3483, 0.2838, 1.0, 0.2286]
	 ->['GGGAAACCAGGAAAACCAGGAAAACCAGGAAAACC', '((....((.((....)).))....)).........', 0.2857, -0.0017427676338422084, -5.415, 0.2683, 1.0, 0.2286]
	 ->['GGGAAACCAGGAAAACCAGAAAAAUCAGGAAAACC', '((....)).((....((.((....)).))....))', 0.2286, -0.0025149702254329705, -3.489, 0.2342, 0.875, 0.1143]
	 ->['GGGAAACCAGGAAAACCAGAAAAAUCAGCAAAAGC', '((....)).((....))..................', 0.1143, -0.014642147087021327, -2.9032, 0.2253, 1.0, 0.2286]
	 >>> Resetting the solution to avoid local optima.
	 ->['GGAAAACCAGGAAAACCAGGAAAACCAGGAAAACC', '((....((.((....)).))....)).........', 0.2857, -0.0010147985661476564, -4.3483, 0.2838, 1.0, 0.2286]
	 ->['GGAACACCAGGAAAACCAGGAAAACCAGGAAAACC', '((....((.((....)).))....)).........', 0.2857, -0.0010130413196174682, -4.3494, 0.284, 1.0, 0.2286]
	 ->['GGAACACCAGGAUAACCAGCAAAAGCAGGCAAACC', '((....)).((....((.((....)).))....))', 0.2286, -0.0028383368247810793, -4.2144, 0.2447, 1.0, 0.1143]
	 ->['GGACCACCAGGAUAACUACCAUAAGGAGGCAAACC', '((....)).......((.((....)))).......', 0.1714, -0.00012328405488288533, -3.4475, 0.3466, 0.8333, 0.2571]
	 >>> Resetting the solution to avoid local optima.
	 ->['GGAAAACCAGGAAAACCAGGAAAACCAGGAAAACC', '((....((.((....)).))....)).........', 0.2857, -0.0010147985661476564, -4.3483, 0.2838, 1.0, 0.2286]
	 ->['GGAAAACCAGGAAAACCAGGAAAACCAGGAAAACC', '((....((.((....)).))....)).........', 0.2857, -0.0010147985661476564, -4.3483, 0.2838, 1.0, 0.2286]
	 ->['GGAAAGCCAGGCCAACCAAGAAAACUAGGAAAACC', '((....)).((....((.((....)).))....))', 0.2286, -0.0005595480454526136, -2.7152, 0.3084, 0.875, 0.1143]
	 >>> Resetting the solution to avoid local optima.
	 ->['CCAAAAGGACCAAAAGGACCAAAAGGACCAAAAGG', '((....((.((....)).))....)).........', 0.2857, -0.0012081297858343907, -4.7409, 0.2666, 1.0, 0.2286]
	 ->['CCGGAAGGACAAAAAUGACCGAAAGGACCAUCAGG', '((....((.((....)).))....)).........', 0.2857, -0.0007941220156669179, -4.1995, 0.3156, 0.8333, 0.2286]
	 ->['CCGGAAGGACAAAAAUGACCGAAAGGAUCAUCAGG', '((....))......((((((....)).))))....', 0.2286, -1.410761052424977e-06, -5.6027, 0.3272, 0.625, 0.3429]
	 ->['GCGGUAGCACGUUUUUGACUGUAGAGAUCACCAGG', '((....)).......(((((....)).))).....', 0.2, -1.3244636531391277e-06, -4.3416, 0.5182, 0.5714, 0.2857]
	 >>> Resetting the solution to avoid local optima.
	 ->['CCAAAAGGACCAAAAGGACCAAAAGGACCAAAAGG', '((....((.((....)).))....)).........', 0.2857, -0.0012081297858343907, -4.7409, 0.2666, 1.0, 0.2286]
	 ->['CCAAAAGGACCAUAAGGCCCAAAAGGACCAAAAGG', '((....((.((....)).))....)).........', 0.2857, -0.0009503269471980247, -5.2888, 0.2927, 1.0, 0.2286]
	 ->['CGUUGACGACCAUCAGGCCUAAGAAGACCACGCGG', '...............((.((....)).))......', 0.2286, -0.0001932522753441572, -2.7705, 0.4136, 0.75, 0.3429]
	 >>> Resetting the solution to avoid local optima.
	 ->['CCAAAAGGACCAAAAGGACCAAAAGGACCAAAAGG', '((....((.((....)).))....)).........', 0.2857, -0.0012081297858343907, -4.7409, 0.2666, 1.0, 0.2286]
	 ->['CCAAAAGGACCAAAAGGACCAAAAGGACCAAAAGG', '((....((.((....)).))....)).........', 0.2857, -0.0012081297858343907, -4.7409, 0.2666, 1.0, 0.2286]
	 ->['GCUGGUGCGCUAAUGGGAUAAUGUUAUCUAGUCGG', '((....)).......(((((....)))))......', 0.2, -4.094143367147699e-09, -5.1034, 0.4348, 0.4286, 0.2857]
	 >>> Resetting the solution to avoid local optima.
	 ->['GGAAAACCAGGAAAACCAGGAAAACCAGGAAAACC', '((....((.((....)).))....)).........', 0.2857, -0.0010147985661476564, -4.3483, 0.2838, 1.0, 0.2286]
	 ->['GGAAAACCAGGAAAACCAGGAGAACCAGGAAAACC', '((....((.((....)).))....)).........', 0.2857, -0.0010136182754276594, -4.3491, 0.284, 1.0, 0.2286]
	 ->['GGGGCACCGGGUAAGCCAGUUGUUACGGGAUGACC', '((....)).(((...((.((....)).))...)))', 0.2571, -5.0877100471744025e-06, -7.3121, 0.4549, 0.7778, 0.1714]
	 >>> Resetting the solution to avoid local optima.
	 ->['CCAAAAGGACCAAAAGGACCAAAAGGACCAAAAGG', '((....((.((....)).))....)).........', 0.2857, -0.0012081297858343907, -4.7409, 0.2666, 1.0, 0.2286]
	 ->['CCAACAGGACCAAAAGGGCCAAAAGGACCAAAAGG', '((....((.((....)).))....)).........', 0.2857, -0.0011295915423671463, -5.4823, 0.3012, 1.0, 0.2286]
	 ->['CCAGCAGGACAAAAAUGGCCAAAAGGACCAAAAGG', '((....)).......(((((....)).))).....', 0.2, -3.284365066399053e-05, -5.2627, 0.297, 0.8571, 0.2857]
	 >>> Resetting the solution to avoid local optima.
	 ->['CCAAAAGGACCAAAAGGACCAAAAGGACCAAAAGG', '((....((.((....)).))....)).........', 0.2857, -0.0012081297858343907, -4.7409, 0.2666, 1.0, 0.2286]
	 ->['CCAAAAGGACAAAAAUGACCAAAAGGACCAAAAGG', '((....((.((....)).))....)).........', 0.2857, -0.001127794616617939, -2.3833, 0.2903, 0.8333, 0.2286]
	 ->['ACCAACGUACGAUCAUGACCACGAGGACCACACGG', '..................((....)).........', 0.1714, -5.319702101420538e-06, -2.0847, 0.4896, 1.0, 0.3429]
	 >>> Resetting the solution to avoid local optima.
	 ->['CCAAAAGGACCAAAAGGACCAAAAGGACCAAAAGG', '((....((.((....)).))....)).........', 0.2857, -0.0012081297858343907, -4.7409, 0.2666, 1.0, 0.2286]
	 ->['CCAGAAGGACCAAAAGGACCAAAAGGACCACUAGG', '((....((.((....)).))....)).........', 0.2857, -0.0010573785024153494, -4.823, 0.277, 1.0, 0.2286]
	 ->['UCAGCAGGACAAAUAUGACCACAAGGACCAGUAGG', '......((.((....)).))...............', 0.2286, -3.1588038674521345e-05, -1.9868, 0.3683, 0.75, 0.3429]
	 >>> Resetting the solution to avoid local optima.
	 ->['GGAAAACCAGGAAAACCAGGAAAACCAGGAAAACC', '((....((.((....)).))....)).........', 0.2857, -0.0010147985661476564, -4.3483, 0.2838, 1.0, 0.2286]
	 ->['GGAAAACCAGGAAAACCAGGAAAACCAGGAAAACC', '((....((.((....)).))....)).........', 0.2857, -0.0010147985661476564, -4.3483, 0.2838, 1.0, 0.2286]
	 ->['GGAAAACCAGGUAGACCAGUAAAAACAGGAAAACC', '((....)).(((...((.((....)).))...)))', 0.2571, -0.0002571815072288579, -3.4943, 0.3054, 0.7778, 0.1714]
	 ->['GGAAAACCAGGUAGACCAGUAAAAACAGGAUAAUC', '((....)).......((.((....)).))......', 0.1714, -1.5048155399673038e-05, -2.1438, 0.2915, 0.8333, 0.2286]
	 ->['GGAACACCAGGUACACCAGUAAAAACAGCAUAAGC', '((....)).((....))..................', 0.1143, -0.007200480015504102, -1.9407, 0.3068, 1.0, 0.2286]
	 >>> Resetting the solution to avoid local optima.
	 ->['GGAAAACCAGGAAAACCAGGAAAACCAGGAAAACC', '((....((.((....)).))....)).........', 0.2857, -0.0010147985661476564, -4.3483, 0.2838, 1.0, 0.2286]
	 ->['GGAAAACCAGGAAAACCAGGAAAACCAGGAAAACC', '((....((.((....)).))....)).........', 0.2857, -0.0010147985661476564, -4.3483, 0.2838, 1.0, 0.2286]
	 ->['GGAACACCAGGAGAACCAAGAAAACUAGGAAAACC', '((....)).((....((.((....)).))....))', 0.2286, -0.000661988235376759, -2.4116, 0.2756, 0.875, 0.1143]
	 >>> Resetting the solution to avoid local optima.
	 ->['CCAAAAGGACCAAAAGGACCAAAAGGACCAAAAGG', '((....((.((....)).))....)).........', 0.2857, -0.0012081297858343907, -4.7409, 0.2666, 1.0, 0.2286]
	 ->['CCAAAAGGACCAAAAGGACCAAAAGGACCAAAAGG', '((....((.((....)).))....)).........', 0.2857, -0.0012081297858343907, -4.7409, 0.2666, 1.0, 0.2286]
	 ->['CCAAAAGGGCCGUAGGGAACAAAAGUACCAGAAGG', '((....)).((....((.((....)).))....))', 0.2286, -0.0008211103803020002, -4.5789, 0.2724, 0.875, 0.1143]
	 ->['CCAGAAGGGCCGUAGGGAACACAGGUACGCGAACG', '......(..((....))..)...............', 0.2, -6.256703822449675e-05, -4.7655, 0.4466, 1.0, 0.3429]
	 >>> Resetting the solution to avoid local optima.
	 ->['GGAAAACCAGGAAAACCAGGAAAACCAGGAAAACC', '((....((.((....)).))....)).........', 0.2857, -0.0010147985661476564, -4.3483, 0.2838, 1.0, 0.2286]
	 ->['GGAAUACCAGGAAAACCAGGAAAACCAGGAAAACC', '((....((.((....)).))....)).........', 0.2857, -0.0008872019598761084, -4.4312, 0.2936, 1.0, 0.2286]
	 ->['GGAAUGCCAGGCAAACCGUGGAGACGAGGUAAACC', '((....)).((...(((.((....)).)))...))', 0.2571, -3.372120598288212e-06, -6.2656, 0.3389, 0.7778, 0.1714]
	 ->['GGAAUGCCAGGCAAACCGUGGAGACGAGGGAAACC', '((....)).((....((.((....)).))....))', 0.2286, -8.821447830325698e-05, -5.6538, 0.3252, 0.875, 0.1143]
	 >>> Resetting the solution to avoid local optima.
	 ->['GGAAAACCAGGAAAACCAGGAAAACCAGGAAAACC', '((....((.((....)).))....)).........', 0.2857, -0.0010147985661476564, -4.3483, 0.2838, 1.0, 0.2286]
	 ->['GGAAAACCAGUAGAAGCAGGAAUACCAGGAAAACC', '((....((.((....)).))....)).........', 0.2857, -0.0009313120441983132, -3.0013, 0.32, 0.8333, 0.2286]
	 ->['CAAGACUGAGUAGUAGCAGGGAGACCAGGAAAGCC', '..................((....)).........', 0.1714, -0.000276846637245503, -2.9489, 0.4122, 1.0, 0.3429]
	 ->['CCAGACGGAGUAGUAGCAGGGAGACCAGGAAAGCC', '((....))..........((....)).........', 0.1143, -0.008005360747375432, -3.0754, 0.2979, 1.0, 0.2286]
	 >>> Resetting the solution to avoid local optima.
	 ->['GGAAAACCAGGAAAACCAGGAAAACCAGGAAAACC', '((....((.((....)).))....)).........', 0.2857, -0.0010147985661476564, -4.3483, 0.2838, 1.0, 0.2286]
	 ->['GGAAAACCAGGAAAGCCAGGAAAACCAGGAAAACC', '((....((.((....)).))....)).........', 0.2857, -0.0008185949558557608, -4.6808, 0.274, 1.0, 0.2286]
	 ->['GGAAAACCAGAAAAGUCGGGAAAAUCAGGAAAACC', '......((.((....)).))...............', 0.2286, -1.1247722046041144e-05, -2.1232, 0.3461, 0.75, 0.3429]
	 >>> Resetting the solution to avoid local optima.
	 ->['GGAAAACCAGGAAAACCAGGAAAACCAGGAAAACC', '((....((.((....)).))....)).........', 0.2857, -0.0010147985661476564, -4.3483, 0.2838, 1.0, 0.2286]
	 ->['GGAAAACCAGGAAAACCAGGAACACCAGGAAAACC', '((....((.((....)).))....)).........', 0.2857, -0.0010119042357117248, -4.3501, 0.284, 1.0, 0.2286]
	 ->['GGAAAACCAGGAAAUCCAUGAACACAAGGAAAACC', '((....)).((...(((.((....)).)))...))', 0.2571, -6.432973322945698e-05, -4.0484, 0.3044, 0.7778, 0.1714]
	 ->['GGAAAACCAGGAAACCCAUGAACACAAGGAAAACC', '((....)).......((.((....)).))......', 0.1714, -0.0005928056927591951, -2.6797, 0.266, 0.8333, 0.2286]
	 ->['GCGUAAGCAGGACAGCCAUGAACUCAAAGACAGCU', '((....)).((....))..................', 0.1143, -0.00022180431005615673, -3.3855, 0.4383, 1.0, 0.2286]
	 >>> Resetting the solution to avoid local optima.
	 ->['GGAAAACCAGGAAAACCAGGAAAACCAGGAAAACC', '((....((.((....)).))....)).........', 0.2857, -0.0010147985661476564, -4.3483, 0.2838, 1.0, 0.2286]
	 ->['GGCAAACCAGGAAAACCCGGAAAACCAGGAAAACC', '((....((.((....)).))....)).........', 0.2857, -0.00018060064201942842, -4.9122, 0.315, 1.0, 0.2286]
	 ->['GCCAAAGCAGGAAAACCCGGAAGACCAGGUAAACC', '((....)).((...(((.((....)).)))...))', 0.2571, -3.649350017267033e-05, -5.8978, 0.3194, 0.8889, 0.1714]
	 ->['GCCAAAGCAAGAAAACUCGGUAGACCAGGUAAACC', '((....))......(((.((....)).))).....', 0.2, -8.936219269799286e-05, -3.3458, 0.3178, 0.7143, 0.2857]
	 ->['GCGAAGGCAAGAUUUCUCGGAAGACCACGUAUUCG', '((....))..........((....)).........', 0.1143, -0.0006062990514374691, -3.8658, 0.4746, 1.0, 0.2286]
	 >>> Resetting the solution to avoid local optima.
	 ->['CCAAAAGGACCAAAAGGACCAAAAGGACCAAAAGG', '((....((.((....)).))....)).........', 0.2857, -0.0012081297858343907, -4.7409, 0.2666, 1.0, 0.2286]
	 ->['CCAUAAGGACCAAAAGGACCAAUAGGACCAAAAGG', '((....((.((....)).))....)).........', 0.2857, -0.001068980802398532, -4.8163, 0.2812, 1.0, 0.2286]
	 ->['CCGUCGGGACCAAAAGGAGCAAUAGUAGCAACAGC', '((....)).((....)).((.......))......', 0.1714, -0.006216061839930761, -3.0313, 0.2816, 1.0, 0.1714]
	 ->['CCGUCGGGACCAAGGGGAGCAUUAGUAGAAACUUC', '((....)).((....))..................', 0.1143, -0.0002473337387406739, -2.9184, 0.4255, 1.0, 0.2286]
	 >>> Resetting the solution to avoid local optima.
	 ->['CCAAAAGGACCAAAAGGACCAAAAGGACCAAAAGG', '((....((.((....)).))....)).........', 0.2857, -0.0012081297858343907, -4.7409, 0.2666, 1.0, 0.2286]
	 ->['CCAGAAGGACCAAAAGGACCAAAAGGACCAAAAGG', '((....((.((....)).))....)).........', 0.2857, -0.0012055167779101846, -4.7422, 0.2668, 1.0, 0.2286]
	 ->['CCAUAAGGACCAUAUGGAUCAAUUGAGCCAAAAGG', '((....)).((...(((.((....)).)))...))', 0.2571, -3.600462617832209e-05, -4.9061, 0.367, 0.7778, 0.1714]
	 ->['CCAUAAGGACCAUACGGAUCAAUUGAGCCAAAAGG', '((....)).......((.((....)).))......', 0.1714, -0.0003954463141328115, -3.4292, 0.3126, 0.8333, 0.2286]
	 >>> Resetting the solution to avoid local optima.
	 ->['CCAAAAGGACCAAAAGGACCAAAAGGACCAAAAGG', '((....((.((....)).))....)).........', 0.2857, -0.0012081297858343907, -4.7409, 0.2666, 1.0, 0.2286]
	 ->['CCAAAAGGACCAAAAGGACCAAAAGGACCAACAGG', '((....((.((....)).))....)).........', 0.2857, -0.0011959829955982338, -4.7471, 0.2674, 1.0, 0.2286]
	 ->['CUAGAAAGACCAAAAGGACCACAAGGACCAACAGG', '...............((.((....)).))......', 0.2286, -0.00017984408683208053, -3.7148, 0.3088, 1.0, 0.3429]
	 ->['CUAGUAGGACUACAAAGAGCAGCAGCGCCAUCAGG', '..................((....)).........', 0.1714, -3.756626351393293e-05, -2.5799, 0.4792, 1.0, 0.3429]
	 ->['CUAGUAGGACUACAAAGAGCAGGAGCGCCGUCGGG', '..................((....)).((....))', 0.1143, -6.774086203629181e-05, -3.1166, 0.4861, 1.0, 0.2286]
	 >>> Resetting the solution to avoid local optima.
	 ->['CCAAAAGGACCAAAAGGACCAAAAGGACCAAAAGG', '((....((.((....)).))....)).........', 0.2857, -0.0012081297858343907, -4.7409, 0.2666, 1.0, 0.2286]
	 ->['CCAAGAGGACCAAAAGGAGCACUCGUACCCCCUGG', '((....)).(((...((.((....)).))...)))', 0.2571, -4.628107277212909e-05, -4.6514, 0.4465, 0.7778, 0.1714]
	 ->['CCGAGAGGACCUUAAGGCGAGAGAUUACCCCCUGG', '((....)).((....((.((....)).))....))', 0.2286, -1.6961629305649108e-05, -3.87, 0.4727, 0.75, 0.1143]
	 >>> Resetting the solution to avoid local optima.
	 ->['GGAAAACCAGGAAAACCAGGAAAACCAGGAAAACC', '((....((.((....)).))....)).........', 0.2857, -0.0010147985661476564, -4.3483, 0.2838, 1.0, 0.2286]
	 ->['GGCAUACCCAGACUACUAGGAAAACCAGGAAAACC', '((....((.((....)).))....)).........', 0.2857, -4.060304974649202e-05, -3.032, 0.3297, 0.8333, 0.2286]
	 ->['GGCAGACCUAGACGACUAGUAAUAACAGGAAAACC', '.......((((....))))................', 0.2286, -1.0858973361871469e-05, -2.5449, 0.3787, 0.5, 0.4]
	 >>> Resetting the solution to avoid local optima.
	 ->['GGAAAACCAGGAAAACCAGGAAAACCAGGAAAACC', '((....((.((....)).))....)).........', 0.2857, -0.0010147985661476564, -4.3483, 0.2838, 1.0, 0.2286]
	 ->['GGAACACCAUGAAAACGAGGAAAACCAGGAAAACC', '((....((.((....)).))....)).........', 0.2857, -3.9176090337908824e-05, -2.7541, 0.3082, 0.8333, 0.2286]
	 ->['CGCGUACGACGACAACGAGCAUCAGCAGGAGAUCC', '..................((....)).........', 0.1714, -0.0005760546350351444, -2.7973, 0.422, 1.0, 0.3429]
	 >>> Resetting the solution to avoid local optima.
	 ->['GGAAAACCAGGAAAACCAGGAAAACCAGGAAAACC', '((....((.((....)).))....)).........', 0.2857, -0.0010147985661476564, -4.3483, 0.2838, 1.0, 0.2286]
	 ->['GGAGAACCCGGAUAACCAGGAAUACCAGGAAAACC', '((....((.((....)).))....)).........', 0.2857, -9.853410899075963e-05, -4.8856, 0.3289, 1.0, 0.2286]
	 ->['GGAGCACCCGGAUAACCAGGAAUACCAGGGACACC', '((....((.((....)).))....)).((....))', 0.2286, -0.00017342942438507012, -5.9372, 0.4298, 1.0, 0.1143]
	 ->['GAUGCCUCCGGAUCGCCGGGAAGACCAGGGACACC', '......(((((....))))).......((....))', 0.2, -2.4689531207939664e-07, -8.3769, 0.4544, 0.8571, 0.2857]
	 >>> Resetting the solution to avoid local optima.
	 ->['GGAAAACCAGGAAAACCAGGAAAACCAGGAAAACC', '((....((.((....)).))....)).........', 0.2857, -0.0010147985661476564, -4.3483, 0.2838, 1.0, 0.2286]
	 ->['GGAGGACCGGUAGAGACGGGGAGGCCAGGGUACCC', '((....((.((....)).))....)).........', 0.2857, -5.397291811265824e-06, -7.3757, 0.4133, 0.8333, 0.2286]
	 ->['GGAGGACCGGUAGACACGGGGAGGCCAGGGUACCC', '((....))((((..(...((....)).)..)))).', 0.2571, -1.8146676861040602e-06, -7.8475, 0.4843, 0.7778, 0.3143]
	 >>> Resetting the solution to avoid local optima.
	 ->['GGAAAACCAGGAAAACCAGGAAAACCAGGAAAACC', '((....((.((....)).))....)).........', 0.2857, -0.0010147985661476564, -4.3483, 0.2838, 1.0, 0.2286]
	 ->['GGAACACCAGUAACGGCAGGAAAACCAGGAAACCC', '((....((.((....)).))....)).........', 0.2857, -0.0014112358925181905, -3.2451, 0.3181, 0.8333, 0.2286]
	 ->['GGAACACCAGUAACGGUAGGAAAACCAGGAAACCC', '((....))......(((......))).........', 0.2571, -2.367547700547013e-07, -3.8027, 0.4233, 0.8, 0.3429]
	 ->['GGAACGCCAGUAGCGGUAGGAAAGCCAGGAUGCCU', '((....))......((((((....))....)))).', 0.2286, -2.8634055748582733e-09, -5.3238, 0.4982, 0.75, 0.3429]
	 >>> Resetting the solution to avoid local optima.
	 ->['GGAAAACCAGGAAAACCAGGAAAACCAGGAAAACC', '((....((.((....)).))....)).........', 0.2857, -0.0010147985661476564, -4.3483, 0.2838, 1.0, 0.2286]
	 ->['GGAAAACCAGGAUACCCAGGAAAACCAGGAAAACC', '((....((.((....)).))....)).........', 0.2857, -0.0010445652267175654, -4.7305, 0.2887, 1.0, 0.2286]
	 ->['GGAAAACCAGGCUACCCAGGAAAACCAGGUAAACC', '((....)).(..((((..((....)).))))..).', 0.2571, -5.532205304388688e-05, -5.7414, 0.3977, 0.7778, 0.3143]
	 ->['GGAAAACCAGGCUAUCCAGGAAAACCAGGUAAACC', '((....)).((....((.((....)).))....))', 0.2286, -0.00023037876892608762, -4.6622, 0.3704, 1.0, 0.1143]
	 >>> Resetting the solution to avoid local optima.
	 ->['CCAAAAGGACCAAAAGGACCAAAAGGACCAAAAGG', '((....((.((....)).))....)).........', 0.2857, -0.0012081297858343907, -4.7409, 0.2666, 1.0, 0.2286]
	 ->['CCAGGAGGAACGAAAGUACCAGUAGGACCGUCAGG', '((....((.((....)).))....)).((....))', 0.2286, -0.001236798142272429, -4.6264, 0.3625, 0.875, 0.1143]
	 ->['UCAGGAGGAACGAAAGUACCAUUAGGACCGUCAGG', '......((.((....)).)).......((....))', 0.1714, -3.851392298959934e-05, -4.1646, 0.4, 0.8333, 0.2286]
	 ->['UCAGGAGGAAAGAAAUUACCAUUAGGACCGUCAGG', '..................((....)).((....))', 0.1143, -1.5157894831584731e-05, -2.3393, 0.4002, 1.0, 0.2286]
	 >>> Resetting the solution to avoid local optima.
	 ->['GGAAAACCAGGAAAACCAGGAAAACCAGGAAAACC', '((....((.((....)).))....)).........', 0.2857, -0.0010147985661476564, -4.3483, 0.2838, 1.0, 0.2286]
	 ->['GGAAAACCAUGAAAACGAGGAAAACCACGAAAACG', '((....((.((....)).))....)).........', 0.2857, -1.1963885346403993e-05, -2.8851, 0.2909, 0.8333, 0.2286]
	 >>> Resetting the solution to avoid local optima.
	 ->['CCAAAAGGACCAAAAGGACCAAAAGGACCAAAAGG', '((....((.((....)).))....)).........', 0.2857, -0.0012081297858343907, -4.7409, 0.2666, 1.0, 0.2286]
	 ->['CCAAAAGGCCCAAAAGGACCAAAAGGACCAAAAGG', '((....((.((....)).))....)).........', 0.2857, -0.0004915961272333102, -4.995, 0.3199, 1.0, 0.2286]
	 ->['CGAAAACGACCAUAAGGACCGGAAGGACCAAAAGG', '...............((.((....)).))......', 0.2286, -0.0006029661103636606, -4.6692, 0.3008, 1.0, 0.3429]
	 ->['CUACAAGGAGAACUAUCACCGUAAGGACCCACUGG', '..................((....)).........', 0.1714, -5.427431545555352e-05, -2.8532, 0.4623, 1.0, 0.3429]
	 >>> Resetting the solution to avoid local optima.
	 ->['CCAAAAGGACCAAAAGGACCAAAAGGACCAAAAGG', '((....((.((....)).))....)).........', 0.2857, -0.0012081297858343907, -4.7409, 0.2666, 1.0, 0.2286]
	 ->['CCAAAAGGACCAUAAGGACCAAAAGGACCAAGAGG', '((....((.((....)).))....)).........', 0.2857, -0.0009399781042272388, -4.8955, 0.2747, 1.0, 0.2286]
	 ->['CCAAAAGGACCAUAAGGACGAAAACGACCAAGAGG', '((....)).((.(..((.((....)).))..).))', 0.2571, -0.0013984712502658916, -3.3507, 0.2701, 0.8889, 0.1714]
	 ->['GCAGAAGCACCAGAAGGACGAAAACGACCAAGAGG', '((....)).......((.((....)).))......', 0.1714, -0.002987210596484615, -3.5829, 0.2244, 1.0, 0.2286]
	 >>> Resetting the solution to avoid local optima.
	 ->['GGAAAACCAGGAAAACCAGGAAAACCAGGAAAACC', '((....((.((....)).))....)).........', 0.2857, -0.0010147985661476564, -4.3483, 0.2838, 1.0, 0.2286]
	 ->['GGAAAACCAGGAAAACCAGGAAAACCAGGAAAACC', '((....((.((....)).))....)).........', 0.2857, -0.0010147985661476564, -4.3483, 0.2838, 1.0, 0.2286]
	 ->['GGAAACCCGUGAGAACAAGGAAAACUAGGAAAACC', '......((.((....)).))...............', 0.2286, -2.8590783070327273e-05, -2.3482, 0.3697, 0.75, 0.3429]
	 >>> Resetting the solution to avoid local optima.
	 ->['GGAAAACCAGGAAAACCAGGAAAACCAGGAAAACC', '((....((.((....)).))....)).........', 0.2857, -0.0010147985661476564, -4.3483, 0.2838, 1.0, 0.2286]
	 ->['GGGUAACCUGCAAUAGCCGGACAACCAGGACUACC', '((....((.((....)).))....)).........', 0.2857, -7.58996627705079e-05, -6.6465, 0.3957, 1.0, 0.2286]
	 ->['GGGUAACCAGUACUAAUCGGACAGCCGGGACUACC', '((....)).(((....((((....))))...))).', 0.2571, -4.815899283905345e-07, -6.6651, 0.3674, 0.6667, 0.2857]
	 ->['GGGUAACCAGUACUUAUCUGACAGCGGGGACGACC', '((....)).((.....((((....))))....)).', 0.2286, -6.03949666211412e-08, -4.8447, 0.5044, 0.625, 0.2286]
	 >>> Resetting the solution to avoid local optima.
	 ->['CCAAAAGGACCAAAAGGACCAAAAGGACCAAAAGG', '((....((.((....)).))....)).........', 0.2857, -0.0012081297858343907, -4.7409, 0.2666, 1.0, 0.2286]
	 ->['CCAAAAGGACCAAAAGGACCAAAAGGACCAAAAGG', '((....((.((....)).))....)).........', 0.2857, -0.0012081297858343907, -4.7409, 0.2666, 1.0, 0.2286]
	 ->['GCAUAAGCACCAUAAGGACAAAAGUGACCAAAAGG', '((....)).......((.((....)).))......', 0.1714, -0.0013647463523822141, -2.9657, 0.2634, 0.8333, 0.2286]
	 >>> Resetting the solution to avoid local optima.
	 ->['GGAAAACCAGGAAAACCAGGAAAACCAGGAAAACC', '((....((.((....)).))....)).........', 0.2857, -0.0010147985661476564, -4.3483, 0.2838, 1.0, 0.2286]
	 ->['GGAAACCCAGCAAAAGCAGGAAAACCAGGAAAACC', '((....((.((....)).))....)).........', 0.2857, -0.0024843123908026856, -4.6965, 0.2967, 1.0, 0.2286]
	 >>> Resetting the solution to avoid local optima.
	 ->['CCAAAAGGACCAAAAGGACCAAAAGGACCAAAAGG', '((....((.((....)).))....)).........', 0.2857, -0.0012081297858343907, -4.7409, 0.2666, 1.0, 0.2286]
	 ->['CCAAAAGGAUCAAAUGAACCAAAAGGACCAAAAGG', '((....((.((....)).))....)).........', 0.2857, -0.0010073251592432552, -3.1529, 0.2886, 0.8333, 0.2286]
	 ->['CUAAAAAGAUCAAAUGAACCAAAAGGACCAAAAGG', '..............((..((....))..)).....', 0.2286, -0.000551057205559301, -1.3247, 0.329, 0.75, 0.4]
	 ->['GGUAGAUCAUCAUAUGACCCGAAAGGAAAAACUUU', '..................((....)).........', 0.1714, -1.1757413310446866e-07, -3.0341, 0.554, 1.0, 0.3429]
	 ->['GCCAGAGCAUGACUUCACCCGAAAGGAAAAACUUU', '((....))..........((....)).........', 0.1143, -8.11784912196928e-06, -2.9242, 0.3994, 1.0, 0.2286]
	 >>> Resetting the solution to avoid local optima.
	 ->['GGAAAACCAGGAAAACCAGGAAAACCAGGAAAACC', '((....((.((....)).))....)).........', 0.2857, -0.0010147985661476564, -4.3483, 0.2838, 1.0, 0.2286]
	 ->['GGAAAACCAUGAAAACGAGGAAAACCAGGACAACC', '((....((.((....)).))....)).........', 0.2857, -3.92032129253868e-05, -2.7537, 0.3077, 0.8333, 0.2286]
	 ->['GGAAAACCAUGAAAACGAAGAAUACUAGGACAACC', '((....))...........................', 0.1714, -1.8479125325112088e-05, -1.0172, 0.3355, 1.0, 0.3429]
	 ->['GCACACGCAUGACGAUGAGGGGUACUAGGGCAACC', '((....))...................((....))', 0.1143, -4.278921937123585e-07, -3.638, 0.4951, 1.0, 0.2286]
	 >>> Resetting the solution to avoid local optima.
	 ->['CCAAAAGGACCAAAAGGACCAAAAGGACCAAAAGG', '((....((.((....)).))....)).........', 0.2857, -0.0012081297858343907, -4.7409, 0.2666, 1.0, 0.2286]
	 ->['CCAAGAGGACCAAAAGGACCAAAAGGACCAAAAGG', '((....((.((....)).))....)).........', 0.2857, -0.001205266297264598, -4.7423, 0.2668, 1.0, 0.2286]
	 >>> Resetting the solution to avoid local optima.
	 ->['GGAAAACCAGGAAAACCAGGAAAACCAGGAAAACC', '((....((.((....)).))....)).........', 0.2857, -0.0010147985661476564, -4.3483, 0.2838, 1.0, 0.2286]
	 ->['GGCAUACCAGGAAAACCAGGAAAACCAGGAAACCC', '((....((.((....)).))....)).........', 0.2857, -0.0011058998063205024, -4.6954, 0.2936, 1.0, 0.2286]
	 ->['GGCAUACCAGGAAAACCAUGAAAACGAGGAAACCC', '((....)).((....((.((....)).))...)).', 0.2286, -7.926106876185233e-05, -2.7198, 0.2817, 0.875, 0.1714]
	 >>> Resetting the solution to avoid local optima.
	 ->['GGAAAACCAGGAAAACCAGGAAAACCAGGAAAACC', '((....((.((....)).))....)).........', 0.2857, -0.0010147985661476564, -4.3483, 0.2838, 1.0, 0.2286]
	 ->['GGAACACCAGGAAAACCAGGAAGCCCAGGAAGACC', '((....((.((....)).))....)).........', 0.2857, -0.0012177435517156609, -4.636, 0.2866, 1.0, 0.2286]
	 ->['GGCACACCAGGAAAACCCGCAACCGCAGGAAGACC', '((....)).((....((.((....)).))....))', 0.2286, -0.0006269507635044617, -4.6451, 0.2525, 1.0, 0.1143]
	 ->['GGGAUACCAGGAUACCCUUCUAGUGAUGGAUGAUC', '((....)).......((.((....)).))......', 0.1714, -6.076624763235495e-07, -5.8218, 0.3853, 0.8333, 0.2286]
	 >>> Resetting the solution to avoid local optima.
	 ->['CCAAAAGGACCAAAAGGACCAAAAGGACCAAAAGG', '((....((.((....)).))....)).........', 0.2857, -0.0012081297858343907, -4.7409, 0.2666, 1.0, 0.2286]
	 ->['CCAAAAGGACCAAAAGGACCAAAAGGACCAAAAGG', '((....((.((....)).))....)).........', 0.2857, -0.0012081297858343907, -4.7409, 0.2666, 1.0, 0.2286]
	 ->['CCAAAAGGACCAAAAGGAGCAAAAGCACCAACAGG', '((....)).......((.((....)).))......', 0.1714, -0.005588694276267102, -4.2969, 0.2409, 1.0, 0.2286]
	 >>> Resetting the solution to avoid local optima.
	 ->['CCAAAAGGACCAAAAGGACCAAAAGGACCAAAAGG', '((....((.((....)).))....)).........', 0.2857, -0.0012081297858343907, -4.7409, 0.2666, 1.0, 0.2286]
	 ->['CCACGAGGACCAAAAGGACCAACAGGACCAAGAGG', '((....((.((....)).))....)).........', 0.2857, -0.0011199856963789165, -4.7876, 0.2787, 1.0, 0.2286]
	 >>> Resetting the solution to avoid local optima.
	 ->['CCAAAAGGACCAAAAGGACCAAAAGGACCAAAAGG', '((....((.((....)).))....)).........', 0.2857, -0.0012081297858343907, -4.7409, 0.2666, 1.0, 0.2286]
	 >>> Resetting the solution to avoid local optima.
	 ->['GGAAAACCAGGAAAACCAGGAAAACCAGGAAAACC', '((....((.((....)).))....)).........', 0.2857, -0.0010147985661476564, -4.3483, 0.2838, 1.0, 0.2286]
	 ->['GGAAAACCAGGAAAACCAGGAGAACCAGGAAAACC', '((....((.((....)).))....)).........', 0.2857, -0.0010136182754276594, -4.3491, 0.284, 1.0, 0.2286]
	 ->['GCACGCGCAGGGCAUCCGGUAUACACAGGAAAACC', '((....)).((...(((.((....)).)))...))', 0.2571, -1.5550193572072452e-05, -5.7236, 0.3803, 0.7778, 0.1714]
	 >>> Resetting the solution to avoid local optima.
	 ->['GGAAAACCAGGAAAACCAGGAAAACCAGGAAAACC', '((....((.((....)).))....)).........', 0.2857, -0.0010147985661476564, -4.3483, 0.2838, 1.0, 0.2286]
	 ->['GGAAAACCAGGAGAACCAGGAAGACCAGGAAACCC', '((....((.((....)).))....)).........', 0.2857, -0.0012526526487765077, -4.6186, 0.2828, 1.0, 0.2286]
	 ->['GGAAAACCAGGAGCAUCAGGACGACCAGGACCCCC', '((....)).((.(..((.((....))..))..)))', 0.2571, -3.178284945035049e-05, -3.783, 0.391, 0.8889, 0.2]
	 ->['GGGACACCGGGAGCACCAGCGUGAGCAGGACGGCC', '((....))....((.((.((....)).))...)).', 0.2286, -0.0006528107008212364, -7.4202, 0.3179, 1.0, 0.2857]
	 >>> Resetting the solution to avoid local optima.
	 ->['GGAAAACCAGGAAAACCAGGAAAACCAGGAAAACC', '((....((.((....)).))....)).........', 0.2857, -0.0010147985661476564, -4.3483, 0.2838, 1.0, 0.2286]
	 ->['GGGAACCCAAGAAAGCUAGGUAUACCAGGAACACC', '((....((.((....)).))....)).........', 0.2857, -7.46723573960827e-05, -4.3565, 0.3723, 0.8333, 0.2286]
	 ->['GCGCACGCAAGAGAGCUACUUACUGGAGGGAGAUC', '((....))...........................', 0.1714, -1.2014891028471233e-06, -3.3017, 0.4865, 1.0, 0.3429]
	 >>> Resetting the solution to avoid local optima.
	 ->['CCAAAAGGACCAAAAGGACCAAAAGGACCAAAAGG', '((....((.((....)).))....)).........', 0.2857, -0.0012081297858343907, -4.7409, 0.2666, 1.0, 0.2286]
	 ->['CCAAGAGGACCAAAAGGACCAAAAGGGCCAAUAGG', '((....((.((....)).))....)).........', 0.2857, -0.0006971552026791076, -5.2797, 0.3143, 1.0, 0.2286]
	 >>> Resetting the solution to avoid local optima.
	 ->['GGAAAACCAGGAAAACCAGGAAAACCAGGAAAACC', '((....((.((....)).))....)).........', 0.2857, -0.0010147985661476564, -4.3483, 0.2838, 1.0, 0.2286]
	 ->['GGAAAACCAGGAAAACCAGGAAAACCAGGAGAACC', '((....((.((....)).))....)).........', 0.2857, -0.0010133844677917574, -4.3492, 0.2839, 1.0, 0.2286]




RNA sequences found with GC-content <= 0.48:

RNA sequences found with GC-content > 0.48:
@@ GGGAAACCAGGGAAACCAGCGAAAGCACCGAAAGG 1.0
@@ GGGAAACCAGGGGAACCAGCGAAAGCACCGAAAGG 1.0
@@ GGGAAACCAGGGGAACCGGCGAAAGCACCGAAAGG 1.0
@@ GGGGAACCAGGGGAACCGGCGAAAGCACCGAAAGG 1.0
@@ GGGGAACCAGGGGAACCGGCGAUAGCACCGAAAGG 1.0
@@ GGGGAACCAGGGUAACCGGCGAUAGCACCGAAAGG 1.0
@@ GGGUAACCAGGGUAACCGGCGAUAGCACCGAAAGG 1.0
@@ GGGUAACCAGGGUAACCGGCGCUAGCACCGAAAGG 1.0
@@ GGGGAACCAGGGUAACCGGCGCUAGCACCGAAAGG 1.0
@@ GGGGAACCAGGGUAACCGGCGCUAGCACCGAAGGG 1.0


Elapsed time:                   86400.01085853577 secs.
Number of function evaluations: 76141294
----------------------------------------------------------------------


---------------------------------------
 FINISHED SUCCESSFULLY 
---------------------------------------
