
-----------------------------------------------------------------------
   _____ _____  ______ ______ _____             _____  _   _           
  / ____|  __ \|  ____|  ____|  __ \           |  __ \| \ | |   /\     
 | |  __| |__) | |__  | |__  | |  | |  ______  | |__) |  \| |  /  \    
 | | |_ |  _  /|  __| |  __| | |  | | |______| |  _  /| . ` | / /\ \   
 | |__| | | \ \| |____| |____| |__| |          | | \ \| |\  |/ ____ \  
  \_____|_|  \_\______|______|_____/           |_|  \_\_| \_/_/    \_\ 
       
                                       -- A. Rubio-Largo et al. 2023
-----------------------------------------------------------------------

------------------------------------------------------------------------------------------------------------------
CONFIGURATION: 

 * TARGET:           .(((((((((((...)))))....)))))).
 * STOPPING:         86400 secs.
 * SEED:             3
 * NO. OF SOLUTIONS: 1
 * max. GC-cont.:    0.48
 * MODEL:            TURNER2004
 * MUTATION PROB:    0.01
 * STAGNATION LIMIT: 50
------------------------------------------------------------------------------------------------------------------


 (1) Let's minimize the base-pair distance between predicted and target structures
    -> Min(Base-pair distance), min(Hamming distance), max(probability over ensemble), min(partition function), min(ensemble defect), min(%GC-content)


	 ->['ACCCCCCCCCCCAAAGGGGGAAAAGGGGGGA', '.(((((((((((...)))))....)))))).', 0.0, -0.8371495711292307, -21.9096, 0.0828, 1.0, 0.0]


    -> Found sequence! Elapsed time:                   0.013121843338012695 secs.


 (2) We found a sequence that folds exactly like the target structure. Let's minimize the GC-content
    -> ORDER: Min(Base-pair distance), min(Hamming distance), min(GC-content), min(partition function), min(ensemble defect), max(probability over ensemble))


	 >>> Resetting the solution to avoid local optima.
	 ->['AGGGGGGGGGGGAAACCCCCAAAACCCCCCA', '.(((((((((((...)))))....)))))).', 0.0, -0.7048278419861843, -22.4156, 0.1284, 1.0, 0.0]
	 ->['AGGGGGGGGGGAAAAUCCCCAAAACCCCCCA', '.(((((((((((...)))))....)))))).', 0.0, -0.7423199490761139, -20.9836, 0.0222, 0.9091, 0.0]
	 ->['AGGGGGGGGGUAAAAUGCCCAAAACCCCCCA', '.(((((((((((...)))))....)))))).', 0.0, -0.6748675798324675, -18.8424, 0.0252, 0.8182, 0.0]
	 ->['AGGGGGGGGUUAAAAUGACCAAAACCCCCCA', '.(((((((((((...)))))....)))))).', 0.0, -0.6094231252802386, -16.6052, 0.0873, 0.7273, 0.0]
	 ->['AGGGUGGGGUUAAAAUGACCAAAUCCACCCA', '.(((((((((((...)))))....)))))).', 0.0, -0.6475127664509324, -14.2679, 0.0304, 0.6364, 0.0]
	 ->['AUGGAGGGGUUAAAAUGACCAGGUCCUCCAA', '.(((((((((((...)))))....)))))).', 0.0, -0.4976209586465437, -12.2301, 0.063, 0.5455, 0.0]


    -> Finished!! Elaapsed time:                   0.06331920623779297 secs.




RNA sequences found with GC-content <= 0.48:
## AUGGAGGGGUUAAAAUGACCAGGUCCUCUAA 0.45454545454545453
## AUGCAGGGGUUAAAAUGACCAGGUCCUGUAA 0.4545454545454546

RNA sequences found with GC-content > 0.48:
@@ ACCCCCCCCCCCAAAGGGGGAAAAGGGGGGA 1.0
@@ ACCCCCCGCCCCAAAGGGGCAAAAGGGGGGA 1.0
@@ AGCCCCCGCCCCAAAGGGGCAAAAGGGGGCA 1.0
@@ AGGGGGGGGGGAAAAUCCCCAAAACCCCCCA 0.9090909090909091
@@ AGGGGGGGGGUAAAAUGCCCAAAACCCCCCA 0.8181818181818182
@@ AGGGGGGGGUUAAAAUGACCAAAACCCCCCA 0.7272727272727273
@@ AGGGUGGGGUUAAAAUGACCAAAACCACCCA 0.6363636363636364
@@ AGGGUGGGGUUAAAAUGACCAAAUCCACCCA 0.6363636363636364
@@ AUGGUGGGGUUAAAAUGACCAAAUCCACCAA 0.5454545454545454
@@ AUGGUGGGGUUAAAAUGACCAGAUCCACCAA 0.5454545454545454
@@ AUGGUGGGGUUAAAAUGACCAGGUCCACCAA 0.5454545454545454
@@ AUGGAGGGGUUAAAAUGACCAGGUCCUCCAA 0.5454545454545454


Elapsed time:                   0.06367731094360352 secs.
Number of function evaluations: 45
----------------------------------------------------------------------


---------------------------------------
 FINISHED SUCCESSFULLY 
---------------------------------------
