
-----------------------------------------------------------------------
   _____ _____  ______ ______ _____             _____  _   _           
  / ____|  __ \|  ____|  ____|  __ \           |  __ \| \ | |   /\     
 | |  __| |__) | |__  | |__  | |  | |  ______  | |__) |  \| |  /  \    
 | | |_ |  _  /|  __| |  __| | |  | | |______| |  _  /| . ` | / /\ \   
 | |__| | | \ \| |____| |____| |__| |          | | \ \| |\  |/ ____ \  
  \_____|_|  \_\______|______|_____/           |_|  \_\_| \_/_/    \_\ 
       
                                       -- A. Rubio-Largo et al. 2023
-----------------------------------------------------------------------

------------------------------------------------------------------------------------------------------------------
CONFIGURATION: 

 * TARGET:           (((((......)))))
 * STOPPING:         86400 secs.
 * SEED:             5
 * NO. OF SOLUTIONS: 1
 * max. GC-cont.:    0.48
 * MODEL:            TURNER2004
 * MUTATION PROB:    0.01
 * STAGNATION LIMIT: 50
------------------------------------------------------------------------------------------------------------------


 (1) Let's minimize the base-pair distance between predicted and target structures
    -> Min(Base-pair distance), min(Hamming distance), max(probability over ensemble), min(partition function), min(ensemble defect), min(%GC-content)


	 ->['GGGGGAAAAAACCCCC', '(((((......)))))', 0.0, -0.9087370838545498, -8.959, 0.0372, 1.0, 0.0]


    -> Found sequence! Elapsed time:                   0.012383460998535156 secs.


 (2) We found a sequence that folds exactly like the target structure. Let's minimize the GC-content
    -> ORDER: Min(Base-pair distance), min(Hamming distance), min(GC-content), min(partition function), min(ensemble defect), max(probability over ensemble))


	 >>> Resetting the solution to avoid local optima.
	 ->['CCCCCAAAAAAGGGGG', '(((((......)))))', 0.0, -0.9384032730048696, -9.3392, 0.0084, 1.0, 0.0]
	 ->['UCCCCAAAAAAGGGGA', '(((((......)))))', 0.0, -0.6536824959029772, -8.162, 0.0226, 0.8, 0.0]
	 ->['UGCCCGGAACGGGGUA', '(((((......)))))', 0.0, -0.5338789815184037, -6.9868, 0.066, 0.6, 0.0]


    -> Finished!! Elaapsed time:                   0.041315555572509766 secs.




RNA sequences found with GC-content <= 0.48:
## UGCACGGAACGGUGUA 0.4

RNA sequences found with GC-content > 0.48:
@@ GGGGGAAAAAACCCCC 1.0
@@ GCCCCAAAAAAGGGGU 0.8
@@ UCCCCAAAAAAGGGGA 0.8
@@ UUCCCAAAAAAGGGGA 0.6
@@ UUCCCACAAAAGGGGA 0.6
@@ UUCCCACAAGAGGGGA 0.6
@@ UGCCCACAAGAGGGUA 0.6
@@ UGCCCACAAUAGGGUA 0.6
@@ UGCCCGCAAUAGGGUA 0.6
@@ UGCCCGCAACAGGGUA 0.6
@@ UGCCCGGAACAGGGUA 0.6
@@ UGCCCGGAACGGGGUA 0.6


Elapsed time:                   0.04146742820739746 secs.
Number of function evaluations: 38
----------------------------------------------------------------------


---------------------------------------
 FINISHED SUCCESSFULLY 
---------------------------------------
