
-----------------------------------------------------------------------
   _____ _____  ______ ______ _____             _____  _   _           
  / ____|  __ \|  ____|  ____|  __ \           |  __ \| \ | |   /\     
 | |  __| |__) | |__  | |__  | |  | |  ______  | |__) |  \| |  /  \    
 | | |_ |  _  /|  __| |  __| | |  | | |______| |  _  /| . ` | / /\ \   
 | |__| | | \ \| |____| |____| |__| |          | | \ \| |\  |/ ____ \  
  \_____|_|  \_\______|______|_____/           |_|  \_\_| \_/_/    \_\ 
       
                                       -- A. Rubio-Largo et al. 2023
-----------------------------------------------------------------------

------------------------------------------------------------------------------------------------------------------
CONFIGURATION: 

 * TARGET:           ((((((.((((((((....))))).)).).))))))
 * STOPPING:         86400 secs.
 * SEED:             5
 * NO. OF SOLUTIONS: 1
 * max. GC-cont.:    0.48
 * MODEL:            TURNER2004
 * MUTATION PROB:    0.01
 * STAGNATION LIMIT: 50
------------------------------------------------------------------------------------------------------------------


 (1) Let's minimize the base-pair distance between predicted and target structures
    -> Min(Base-pair distance), min(Hamming distance), max(probability over ensemble), min(partition function), min(ensemble defect), min(%GC-content)


	 ->['GGGGGGAGGGGGGGGAAAACCCCCACCACACCCCCC', '((((((.(((((((.....))))).))...))))))', 0.4167, -0.23989455357908016, -27.4798, 0.3035, 1.0, 0.0556]
	 ->['GGCCGGAGGGGGGGGAAAACCCCCACCACACCGGCC', '((((((.(((((((.....))))).))...))))))', 0.4167, -0.2725437142733048, -26.6012, 0.263, 1.0, 0.0556]


    -> Found sequence! Elapsed time:                   0.02096867561340332 secs.


 (2) We found a sequence that folds exactly like the target structure. Let's minimize the GC-content
    -> ORDER: Min(Base-pair distance), min(Hamming distance), min(GC-content), min(partition function), min(ensemble defect), max(probability over ensemble))


	 >>> Resetting the solution to avoid local optima.
	 ->['GGGGGGAGGGGGGGGAAAACCCCCACCACACCCCCC', '((((((.(((((((.....))))).))...))))))', 0.4167, -0.23989455357908016, -27.4798, 0.3035, 1.0, 0.0556]
	 ->['GGGGGGAGGGGGGGGAAAACCCCCACCACACCCUCC', '((((((.(((((((.....))))).))...))))))', 0.4167, -0.2353894936475615, -24.4915, 0.3081, 0.9231, 0.0556]
	 ->['GGGGGGAGGGGGGGGAAAACCCCCACCCCACCCUCC', '((((((.((((((((.....)))).)))).))))))', 0.3889, -0.000930459440601374, -27.9018, 0.4027, 0.9286, 0.0556]
	 ->['GGGGGGAGGUGGGGGAAAACCCCCAACCCACCCUCC', '(((((..((((((((....))))).)))..))))).', 0.3611, -0.0023657453518035896, -25.0267, 0.3285, 0.8462, 0.1111]
	 ->['GGGGGGAUGUGGGGGAAAACCCCCAACCGUCCCUCC', '(((((((((((((((....))))))..)))))))))', 0.1389, -7.129522710391754e-06, -26.4042, 0.2118, 0.7333, 0.1667]
	 ->['AGGGGGAUGCGAGGAGAAAUCCUCAGCCAUCCCUCU', '(((((((((((((((....))))).).)))))))))', 0.0833, -0.0001341312019474738, -22.1955, 0.1269, 0.6, 0.1111]
	 >>> Resetting the solution to avoid local optima.
	 ->['GGGGGGAGGGGGGGGAAAACCCCCACCACACCCCCC', '((((((.(((((((.....))))).))...))))))', 0.4167, -0.23989455357908016, -27.4798, 0.3035, 1.0, 0.0556]
	 ->['GGGGGGAGGGGGGGGAAAACCUCUACCACACCCCCC', '((((((.(((((((.....))))).))...))))))', 0.4167, -0.12017602221328243, -21.9059, 0.2889, 0.8462, 0.0556]
	 ->['GGGGAGAGGGGGUGGAAAACCACUACUACACUCCCC', '((((((.((.(((((....))))).))...))))))', 0.1389, -0.0414909452002722, -18.1613, 0.1631, 0.6923, 0.0556]
	 >>> Resetting the solution to avoid local optima.
	 ->['CCCCCCACCCCCCCCAAAAGGGGGAGGAGAGGGGGG', '((((((.((((((((....))))).)).).))))))', 0.0, -0.5622393803459644, -27.3549, 0.0957, 1.0, 0.0]
	 ->['CCCCCCACCCCCCCCAAAAGGGGGAGGAGAGGGGGG', '((((((.((((((((....))))).)).).))))))', 0.0, -0.5622393803459644, -27.3549, 0.0957, 1.0, 0.0]
	 ->['CCCUCCACCCCCCCCAAAAGGGGGAGGAGAGGAGGG', '((((((.((((((((....))))).)).).))))))', 0.0, -0.6003313113094098, -25.2145, 0.0694, 0.9286, 0.0]
	 ->['CCCUCCACCCCCCGCAAAAGUGGGAGGAGAGGAGGG', '((((((.((((((((....))))).)).).))))))', 0.0, -0.6394839614853634, -22.4756, 0.0449, 0.8571, 0.0]
	 ->['CCCUUCACCCCCCGCAAAAGUGGGAGGAGAGAAGGG', '((((((.((((((((....))))).)).).))))))', 0.0, -0.6358079007994557, -20.0791, 0.0454, 0.7857, 0.0]
	 ->['CCCUUCACGCCCCGCAAAAGUGGGAGUAGAGAAGGG', '((((((.((((((((....))))).)).).))))))', 0.0, -0.3893960336016896, -17.6813, 0.047, 0.7143, 0.0]
	 ->['CCCUUUACGCCCCGCAAACGUGGGAGUAGAGAAGGG', '((((((.((((((((....))))).)).).))))))', 0.0, -0.2376237721385434, -16.1857, 0.1847, 0.6429, 0.0]
	 ->['CCAUUUACGCCCCGCAAACGUGGGAGUAGAGAAUGG', '((((((.((((((((....))))).)).).))))))', 0.0, -0.26985304152591894, -13.9073, 0.1247, 0.5714, 0.0]
	 ->['CUAUUUACGCCCCGCAAACGUGGGAGUAGAGAAUAG', '((((((.((((((((....))))).)).).))))))', 0.0, -0.18999598864466888, -12.1236, 0.2525, 0.5, 0.0]


    -> Finished!! Elaapsed time:                   0.6984279155731201 secs.




RNA sequences found with GC-content <= 0.48:
## CUAUUUACGCCCUGCAAACGUAGGAGUAGAGAAUAG 0.42857142857142855

RNA sequences found with GC-content > 0.48:
@@ GGCCGGACGGGGGGGAAAACCCCCACCAGACCGGCC 1.0
@@ GGCCGCACGGGGGGGAAAACCCCCACCAGAGCGGCC 1.0
@@ GGCCGCACGGGGGGCAAAAGCCCCACCAGAGCGGCC 1.0
@@ GGCCCCACGGGGGGCAAAAGCCCCACCAGAGGGGCC 1.0
@@ GGCCCCAGGGGGGGCAAAAGCCCCACCACAGGGGCC 1.0
@@ GCCCCCAGGGGGGGCAAAAGCCCCACCACAGGGGGC 1.0
@@ CCCCCCACCCCCCCCAAAAGGGGGAGGAGAGGGGGG 1.0
@@ CCCUCCACCCCCCCCAAAAGGGGGAGGAGAGGAGGG 0.9285714285714286
@@ CCCUCCACCCCCCGCAAAAGUGGGAGGAGAGGAGGG 0.8571428571428571
@@ CCCUUCACCCCCCGCAAAAGUGGGAGGAGAGAAGGG 0.7857142857142857
@@ CCCUUCACGCCCCGCAAAAGUGGGAGUAGAGAAGGG 0.7142857142857143
@@ CCCUUUACGCCCCGCAAAAGUGGGAGUAGAGAAGGG 0.6428571428571429
@@ CCCUUUACGCCCCGCAAACGUGGGAGUAGAGAAGGG 0.6428571428571429
@@ CCAUUUACGCCCCGCAAACGUGGGAGUAGAGAAUGG 0.5714285714285714
@@ CUAUUUACGCCCCGCAAACGUGGGAGUAGAGAAUAG 0.5


Elapsed time:                   0.6990106105804443 secs.
Number of function evaluations: 428
----------------------------------------------------------------------


---------------------------------------
 FINISHED SUCCESSFULLY 
---------------------------------------
