
-----------------------------------------------------------------------
   _____ _____  ______ ______ _____             _____  _   _           
  / ____|  __ \|  ____|  ____|  __ \           |  __ \| \ | |   /\     
 | |  __| |__) | |__  | |__  | |  | |  ______  | |__) |  \| |  /  \    
 | | |_ |  _  /|  __| |  __| | |  | | |______| |  _  /| . ` | / /\ \   
 | |__| | | \ \| |____| |____| |__| |          | | \ \| |\  |/ ____ \  
  \_____|_|  \_\______|______|_____/           |_|  \_\_| \_/_/    \_\ 
       
                                       -- A. Rubio-Largo et al. 2023
-----------------------------------------------------------------------

------------------------------------------------------------------------------------------------------------------
CONFIGURATION: 

 * TARGET:           ((((...)))).
 * STOPPING:         86400 secs.
 * SEED:             10
 * NO. OF SOLUTIONS: 1
 * max. GC-cont.:    0.48
 * MODEL:            TURNER2004
 * MUTATION PROB:    0.01
 * STAGNATION LIMIT: 50
------------------------------------------------------------------------------------------------------------------


 (1) Let's minimize the base-pair distance between predicted and target structures
    -> Min(Base-pair distance), min(Hamming distance), max(probability over ensemble), min(partition function), min(ensemble defect), min(%GC-content)


	 ->['CCCCAAAGGGGA', '((((...)))).', 0.0, -0.898519513914666, -5.666, 0.0568, 1.0, 0.0]


    -> Found sequence! Elapsed time:                   0.012409687042236328 secs.


 (2) We found a sequence that folds exactly like the target structure. Let's minimize the GC-content
    -> ORDER: Min(Base-pair distance), min(Hamming distance), min(GC-content), min(partition function), min(ensemble defect), max(probability over ensemble))


	 >>> Resetting the solution to avoid local optima.
	 ->['GGGGAAACCCCA', '((((...)))).', 0.0, -0.9037325418971706, -6.2624, 0.0482, 1.0, 0.0]
	 ->['GUGGAAACCACA', '((((...)))).', 0.0, -0.961961665562134, -3.9239, 0.0078, 0.75, 0.0]
	 ->['GUAGAAACUACA', '((((...)))).', 0.0, -0.9075924588350153, -1.9598, 0.0386, 0.5, 0.0]


    -> Finished!! Elaapsed time:                   0.02842569351196289 secs.




RNA sequences found with GC-content <= 0.48:
## GUAUAAAGUACA 0.25
## GUAUCAAGUACA 0.25
## GUAUCGAGUACA 0.25

RNA sequences found with GC-content > 0.48:
@@ CCCCAAAGGGGA 1.0
@@ GCCCAAAGGGCA 1.0
@@ GUGGAAACCACA 0.75
@@ GUAGAAACUACA 0.5


Elapsed time:                   0.02848529815673828 secs.
Number of function evaluations: 25
----------------------------------------------------------------------


---------------------------------------
 FINISHED SUCCESSFULLY 
---------------------------------------
