
-----------------------------------------------------------------------
   _____ _____  ______ ______ _____             _____  _   _           
  / ____|  __ \|  ____|  ____|  __ \           |  __ \| \ | |   /\     
 | |  __| |__) | |__  | |__  | |  | |  ______  | |__) |  \| |  /  \    
 | | |_ |  _  /|  __| |  __| | |  | | |______| |  _  /| . ` | / /\ \   
 | |__| | | \ \| |____| |____| |__| |          | | \ \| |\  |/ ____ \  
  \_____|_|  \_\______|______|_____/           |_|  \_\_| \_/_/    \_\ 
       
                                       -- A. Rubio-Largo et al. 2023
-----------------------------------------------------------------------

------------------------------------------------------------------------------------------------------------------
CONFIGURATION: 

 * TARGET:           ((((((.((((....))))))).)))..........
 * STOPPING:         86400 secs.
 * SEED:             10
 * NO. OF SOLUTIONS: 1
 * max. GC-cont.:    0.48
 * MODEL:            TURNER2004
 * MUTATION PROB:    0.01
 * STAGNATION LIMIT: 50
------------------------------------------------------------------------------------------------------------------


 (1) Let's minimize the base-pair distance between predicted and target structures
    -> Min(Base-pair distance), min(Hamming distance), max(probability over ensemble), min(partition function), min(ensemble defect), min(%GC-content)


	 ->['CCCCCCACCCCAAAAGGGGGGGAGGGAAAAAAAAAA', '((((((.((((....))))))).)))..........', 0.0, -0.9427788788203149, -19.1363, 0.0145, 1.0, 0.0]


    -> Found sequence! Elapsed time:                   0.013003349304199219 secs.


 (2) We found a sequence that folds exactly like the target structure. Let's minimize the GC-content
    -> ORDER: Min(Base-pair distance), min(Hamming distance), min(GC-content), min(partition function), min(ensemble defect), max(probability over ensemble))


	 >>> Resetting the solution to avoid local optima.
	 ->['CCCCCCACCCCAAAAGGGGGGGAGGGAAAAAAAAAA', '((((((.((((....))))))).)))..........', 0.0, -0.9427788788203149, -19.1363, 0.0145, 1.0, 0.0]
	 ->['CCCCCCACCCCAAAAGGGGGGGAGGGAAAAAAAAAU', '((((((.((((....))))))).)))..........', 0.0, -0.9420862632354211, -19.1368, 0.0145, 1.0, 0.0]
	 ->['CCCGCCACCCCAAAAGGGGGGUAGGGAAAAUAAAAU', '((((((.((((....))))))).)))..........', 0.0, -0.8121294672555692, -16.5283, 0.0183, 0.9, 0.0]
	 ->['GCCGCCACCACAAAAGUGGGGUAGGCAAAGUAAUAU', '((((((.((((....))))))).)))..........', 0.0, -0.8547951246298131, -14.8967, 0.009, 0.8, 0.0]
	 ->['GGCGCCACCACAAAAGUGGGGUAGUCAAAGUAAUAU', '((((((.((((....))))))).)))..........', 0.0, -0.8405514128733002, -12.2071, 0.0113, 0.7, 0.0]
	 ->['GGCGUCACCACAAAAGUGGGAUAGUCAGAGUAUUAC', '((((((.((((....))))))).)))..........', 0.0, -0.6958113668573096, -10.3235, 0.0303, 0.6, 0.0]
	 ->['UGCGUCACCACAAAAGUGGGAUAGUAAGAGUACUAC', '((((((.((((....))))))).)))..........', 0.0, -0.321501817807819, -8.8994, 0.1626, 0.5, 0.0]


    -> Finished!! Elaapsed time:                   0.06508159637451172 secs.




RNA sequences found with GC-content <= 0.48:
## UGCGUCACCAAAAAAUUGGGAUAGUAAGAGUACUAC 0.4

RNA sequences found with GC-content > 0.48:
@@ CCCCCCACCCCAAAAGGGGGGGAGGGAAAAAAAAAA 1.0
@@ CCCCCCACCCCAAAAGGGGGGGAGGGAAAAAAAAAU 1.0
@@ CCCGCCACCCCAAAAGGGGGGUAGGGAAAAAAAAAU 0.9
@@ CCCGCCACCCCAAAAGGGGGGUAGGGAAAAUAAAAU 0.9
@@ CCCGCCACCACAAAAGUGGGGUAGGGAAAAUAAAAU 0.8
@@ CCCGCCACCACAAAAGUGGGGUAGGGAAAAUAAUAU 0.8
@@ CCCGCCACCACAAAAGUGGGGUAGGGAAAGUAAUAU 0.8
@@ GCCGCCACCACAAAAGUGGGGUAGGCAAAGUAAUAU 0.7999999999999999
@@ GGCGCCACCACAAAAGUGGGGUAGUCAAAGUAAUAU 0.7
@@ GGCGUCACCACAAAAGUGGGAUAGUCAAAGUAAUAU 0.6
@@ GGCGUCACCACAAAAGUGGGAUAGUCAAAGUAAUAC 0.6
@@ GGCGUCACCACAAAAGUGGGAUAGUCAGAGUAAUAC 0.6
@@ GGCGUCACCACAAAAGUGGGAUAGUCAGAGUAUUAC 0.6
@@ UGCGUCACCACAAAAGUGGGAUAGUAAGAGUAUUAC 0.5
@@ UGCGUCACCACAAAAGUGGGAUAGUAAGAGUACUAC 0.5


Elapsed time:                   0.06545758247375488 secs.
Number of function evaluations: 41
----------------------------------------------------------------------


---------------------------------------
 FINISHED SUCCESSFULLY 
---------------------------------------
