
-----------------------------------------------------------------------
   _____ _____  ______ ______ _____             _____  _   _           
  / ____|  __ \|  ____|  ____|  __ \           |  __ \| \ | |   /\     
 | |  __| |__) | |__  | |__  | |  | |  ______  | |__) |  \| |  /  \    
 | | |_ |  _  /|  __| |  __| | |  | | |______| |  _  /| . ` | / /\ \   
 | |__| | | \ \| |____| |____| |__| |          | | \ \| |\  |/ ____ \  
  \_____|_|  \_\______|______|_____/           |_|  \_\_| \_/_/    \_\ 
       
                                       -- A. Rubio-Largo et al. 2023
-----------------------------------------------------------------------

------------------------------------------------------------------------------------------------------------------
CONFIGURATION: 

 * TARGET:           ..((((((((.....))))((((.....))))))))..
 * STOPPING:         86400 secs.
 * SEED:             2
 * NO. OF SOLUTIONS: 1
 * max. GC-cont.:    0.48
 * MODEL:            TURNER2004
 * MUTATION PROB:    0.01
 * STAGNATION LIMIT: 50
------------------------------------------------------------------------------------------------------------------


 (1) Let's minimize the base-pair distance between predicted and target structures
    -> Min(Base-pair distance), min(Hamming distance), max(probability over ensemble), min(partition function), min(ensemble defect), min(%GC-content)


	 ->['AACCCCCCCCAAAAAGGGGCCCCAAAAAGGGGGGGGAA', '..((((((((.....((....)).....))))))))..', 0.3684, -0.029583572478067414, -21.0698, 0.4122, 1.0, 0.2105]
	 ->['AACCCCCCCCAAAAAGGGGCCCCAAAAAGGGGGGGGAA', '..((((((((.....((....)).....))))))))..', 0.3684, -0.029583572478067414, -21.0698, 0.4122, 1.0, 0.2105]


    -> Found sequence! Elapsed time:                   0.013709545135498047 secs.


 (2) We found a sequence that folds exactly like the target structure. Let's minimize the GC-content
    -> ORDER: Min(Base-pair distance), min(Hamming distance), min(GC-content), min(partition function), min(ensemble defect), max(probability over ensemble))


	 >>> Resetting the solution to avoid local optima.
	 ->['AACCCCCCCCAAAAAGGGGCCCCAAAAAGGGGGGGGAA', '..((((((((.....((....)).....))))))))..', 0.3684, -0.029583572478067414, -21.0698, 0.4122, 1.0, 0.2105]
	 ->['AACUCCCCCCAAAAAGGGGCCCCAAAAAGGGGGGAGAA', '..((((((((.....((....)).....))))))))..', 0.3684, -0.03015696827698596, -18.9579, 0.4081, 0.9, 0.2105]
	 ->['AACUCCCGCCAAAAAGGUGCCCCAAAAAGGGGGGAGAA', '..((((((((.....))))((((.....))))))))..', 0.0, -0.4329029304014182, -14.616, 0.1902, 0.8333, 0.0]
	 ->['GACUGCCGCCAAUGAGGUGCCCCAAACAGGGGGUAGGC', '..((((((((.....))))((((.....))))))))..', 0.0, -0.17596305995438327, -13.4708, 0.3818, 0.75, 0.0]
	 ->['CACUGCCGCCAAUGAGGUGCCGCCAACAGUGGGUAGGC', '..((((((((.....))))((((.....))))))))..', 0.0, -0.23782058232042003, -10.0852, 0.3965, 0.6667, 0.0]
	 ->['CACUGCUGCCAAUGAGGUACCGCCAACAGUGGGUAGGC', '..((((((((.....))))((((.....))))))))..', 0.0, -0.2685544718315656, -9.3103, 0.4133, 0.5833, 0.0]
	 ->['CACUGCUGCUAAUGAGGUACCACGAACAGUGGGUAGGC', '..((((((((.....))))((((.....))))))))..', 0.0, -0.3884304800668591, -8.5828, 0.1943, 0.5, 0.0]


    -> Finished!! Elaapsed time:                   0.21359610557556152 secs.




RNA sequences found with GC-content <= 0.48:
## CACUGCUGCUAAUGAGGUAACACGAACAGUGUGUAGGC 0.4166666666666667

RNA sequences found with GC-content > 0.48:
@@ AACCCCCCGCAAAAAGCGGCCCCAAAAAGGGGGGGGAA 1.0
@@ AACCCCCGGCAAAAAGCCGCCCCAAAAAGGGGGGGGAA 1.0
@@ AACCCCCGGCAAAAAGCCGGCCCAAAAAGGGCGGGGAA 1.0
@@ AACCCCGGGCAAAAAGCCCGCCCAAAAAGGGCGGGGAA 1.0
@@ AAGCCCGGGCAAAAAGCCCGCCCAAAAAGGGCGGGCAA 1.0
@@ AAGCCCGGGCAAAAAGCCCGGCCAAAAAGGCCGGGCAA 1.0
@@ AAGCCCGGGCAAAAAGCCCGGGCAAAAAGCCCGGGCAA 1.0
@@ AACUCCCGCCAAAAAGGUGCCCCAAAAAGGGGGGAGAA 0.8333333333333334
@@ AACUACCGCCAAAAAGGUGCCCCAAAAAGGGGGUAGAA 0.75
@@ AACUACCGCCAACAAGGUGCCCCAAAAAGGGGGUAGAA 0.75
@@ AACUACCGCCAAUAAGGUGCCCCAAAAAGGGGGUAGAA 0.75
@@ AACUACCGCCAAUAAGGUGCCCCAAAAAGGGGGUAGGA 0.75
@@ GACUACCGCCAAUAAGGUGCCCCAAAAAGGGGGUAGGA 0.75
@@ GACUACCGCCAAUAAGGUGCCCCAAAAAGGGGGUAGGC 0.75
@@ GACUACCGCCAAUGAGGUGCCCCAAAAAGGGGGUAGGC 0.75
@@ GACUGCCGCCAAUGAGGUGCCCCAAAAAGGGGGUAGGC 0.75
@@ GACUGCCGCCAAUGAGGUGCCCCAAACAGGGGGUAGGC 0.75
@@ GACUGCCGCCAAUGAGGUGCCGCAAACAGUGGGUAGGC 0.6666666666666666
@@ GACUGCCGCCAAUGAGGUGCCGCCAACAGUGGGUAGGC 0.6666666666666666
@@ CACUGCCGCCAAUGAGGUGCCGCCAACAGUGGGUAGGC 0.6666666666666666
@@ CACUGCUGCCAAUGAGGUACCGCCAACAGUGGGUAGGC 0.5833333333333334
@@ CACUGCUGCUAAUGAGGUACCGCCAACAGUGGGUAGGC 0.5
@@ CACUGCUGCUAAUGAGGUACCGCGAACAGUGGGUAGGC 0.5
@@ CACUGCUGCUAAUGAGGUACCACGAACAGUGGGUAGGC 0.5


Elapsed time:                   0.21425867080688477 secs.
Number of function evaluations: 133
----------------------------------------------------------------------


---------------------------------------
 FINISHED SUCCESSFULLY 
---------------------------------------
