
-----------------------------------------------------------------------
   _____ _____  ______ ______ _____             _____  _   _           
  / ____|  __ \|  ____|  ____|  __ \           |  __ \| \ | |   /\     
 | |  __| |__) | |__  | |__  | |  | |  ______  | |__) |  \| |  /  \    
 | | |_ |  _  /|  __| |  __| | |  | | |______| |  _  /| . ` | / /\ \   
 | |__| | | \ \| |____| |____| |__| |          | | \ \| |\  |/ ____ \  
  \_____|_|  \_\______|______|_____/           |_|  \_\_| \_/_/    \_\ 
       
                                       -- A. Rubio-Largo et al. 2023
-----------------------------------------------------------------------

------------------------------------------------------------------------------------------------------------------
CONFIGURATION: 

 * TARGET:           ....(((((((((.((....))).)).).)))))....
 * STOPPING:         86400 secs.
 * SEED:             9
 * NO. OF SOLUTIONS: 1
 * max. GC-cont.:    0.48
 * MODEL:            TURNER2004
 * MUTATION PROB:    0.01
 * STAGNATION LIMIT: 50
------------------------------------------------------------------------------------------------------------------


 (1) Let's minimize the base-pair distance between predicted and target structures
    -> Min(Base-pair distance), min(Hamming distance), max(probability over ensemble), min(partition function), min(ensemble defect), min(%GC-content)


	 ->['AAAAGGGGGGGGGAGGAAAACCCACCACACCCCCAAAA', '....((((((((..((....))..)).).)))))....', 0.0263, -0.030932640803725712, -16.9423, 0.1634, 1.0, 0.0526]
	 >>> Resetting the solution to avoid local optima.
	 ->['AAAAGGGGGGGGGAGGAAAACCCACCACACCCCCAAAA', '....((((((((..((....))..)).).)))))....', 0.0263, -0.030932640803725712, -16.9423, 0.1634, 1.0, 0.0526]
	 >>> Resetting the solution to avoid local optima.
	 ->['AAAAGGGGGGGGGAGGAAAACCCACCACACCCCCAAAA', '....((((((((..((....))..)).).)))))....', 0.0263, -0.030932640803725712, -16.9423, 0.1634, 1.0, 0.0526]
	 >>> Resetting the solution to avoid local optima.
	 ->['AAAAGGGGGGGGGAGGAAAACCCACCACACCCCCAAAA', '....((((((((..((....))..)).).)))))....', 0.0263, -0.030932640803725712, -16.9423, 0.1634, 1.0, 0.0526]
	 >>> Resetting the solution to avoid local optima.
	 ->['AAAACCCCCCCCCACCAAAAGGGAGGAGAGGGGGAAAA', '....((((((((..((....))..)).).)))))....', 0.0263, -0.03054735612866207, -16.95, 0.1807, 1.0, 0.0526]
	 >>> Resetting the solution to avoid local optima.
	 ->['AAAAGGGGGGGGGAGGAAAACCCACCACACCCCCAAAA', '....((((((((..((....))..)).).)))))....', 0.0263, -0.030932640803725712, -16.9423, 0.1634, 1.0, 0.0526]
	 >>> Resetting the solution to avoid local optima.
	 ->['AAAAGGGGGGGGGAGGAAAACCCACCACACCCCCAAAA', '....((((((((..((....))..)).).)))))....', 0.0263, -0.030932640803725712, -16.9423, 0.1634, 1.0, 0.0526]
	 >>> Resetting the solution to avoid local optima.
	 ->['AAAACCCCCCCCCACCAAAAGGGAGGAGAGGGGGAAAA', '....((((((((..((....))..)).).)))))....', 0.0263, -0.03054735612866207, -16.95, 0.1807, 1.0, 0.0526]
	 >>> Resetting the solution to avoid local optima.
	 ->['AAAACCCCCCCCCACCAAAAGGGAGGAGAGGGGGAAAA', '....((((((((..((....))..)).).)))))....', 0.0263, -0.03054735612866207, -16.95, 0.1807, 1.0, 0.0526]
	 >>> Resetting the solution to avoid local optima.
	 ->['AAAACCCCCCCCCACCAAAAGGGAGGAGAGGGGGAAAA', '....((((((((..((....))..)).).)))))....', 0.0263, -0.03054735612866207, -16.95, 0.1807, 1.0, 0.0526]
	 >>> Resetting the solution to avoid local optima.
	 ->['AAAAGGGGGGGGGAGGAAAACCCACCACACCCCCAAAA', '....((((((((..((....))..)).).)))))....', 0.0263, -0.030932640803725712, -16.9423, 0.1634, 1.0, 0.0526]
	 ->['AAAAGGCGGCCGGCGAGCAAUCCACGAGACCGCCAAAA', '....((((((((..((....))..)).).)))))....', 0.0263, -0.3001952480575539, -13.1416, 0.0524, 0.9, 0.0526]


    -> Found sequence! Elapsed time:                   4.7894392013549805 secs.


 (2) We found a sequence that folds exactly like the target structure. Let's minimize the GC-content
    -> ORDER: Min(Base-pair distance), min(Hamming distance), min(GC-content), min(partition function), min(ensemble defect), max(probability over ensemble))


	 ->['AAGAGCCGGCCGGCGAGCAAUCCAUGAGACCGGCAACU', '....(((((((((.((....))).)).).)))))....', 0.0, -0.23966333045693328, -11.0804, 0.1402, 0.8182, 0.0]
	 ->['AAGAGACGGGCGGCGAGCAAUCCAUGACACCGUCAACU', '....(((((((((.((....))).)).).)))))....', 0.0, -0.21709524689804316, -9.0414, 0.1425, 0.7273, 0.0]
	 ->['AAGAUACGGGCGGCGAGCAAUCCAUGACACCGUGAACU', '....(((((((((.((....))).)).).)))))....', 0.0, -0.11782609078323314, -6.318, 0.1879, 0.6364, 0.0]
	 ->['AAGAUACUGGGGGCGAGUCAUCCAUCACACAGUAACGU', '....(((((((((.((....))).)).).)))))....', 0.0, -0.040319534531872744, -6.279, 0.2517, 0.5455, 0.0]


    -> Finished!! Elaapsed time:                   4.945335626602173 secs.




RNA sequences found with GC-content <= 0.48:
## AAGAUAUUGGGGGCGAGUCAUCCAUCACACAGUAACGU 0.45454545454545453

RNA sequences found with GC-content > 0.48:
@@ AAAAGGCGGCCGGCGAGCAAUCCAUGAGACCGCCAAAA 0.8181818181818181
@@ AAGAGGCGGCCGGCGAGCAAUCCAUGAGACCGCCAAAA 0.8181818181818181
@@ AAGAGGCGGCCGGCGAGCAAUCCAUGAGACCGCCAAAU 0.8181818181818181
@@ AAGAGGCGGCCGGCGAGCAAUCCAUGAGACCGCCAACU 0.8181818181818181
@@ AAGAGCCGGCCGGCGAGCAAUCCAUGAGACCGGCAACU 0.8181818181818181
@@ AAGAGACGGCCGGCGAGCAAUCCAUGAGACCGUCAACU 0.7272727272727273
@@ AAGAGACGGGCGGCGAGCAAUCCAUGACACCGUCAACU 0.7272727272727273
@@ AAGAUACGGGCGGCGAGCAAUCCAUGACACCGUGAACU 0.6363636363636364
@@ AAGAUACUGGCGGCGAGCAAUCCAUGACACAGUGAACU 0.5454545454545454
@@ AAGAUACUGGCGGCGAGUAAUCCAUGACACAGUGAACU 0.5454545454545454
@@ AAGAUACUGGCGGCGAGUAAUCCAUGACACAGUAAACU 0.5454545454545454
@@ AAGAUACUGGCGGCGAGUGAUCCAUGACACAGUAAACU 0.5454545454545454
@@ AAGAUACUGGCGGCGAGUCAUCCAUGACACAGUAAACU 0.5454545454545454
@@ AAGAUACUGGCGGCGAGUCAUCCAUGACACAGUAAAGU 0.5454545454545454
@@ AAGAUACUGGCGGCGAGUCAUCCAUGACACAGUAACGU 0.5454545454545454
@@ AAGAUACUGGGGGCGAGUCAUCCAUCACACAGUAACGU 0.5454545454545454


Elapsed time:                   4.945714950561523 secs.
Number of function evaluations: 4647
----------------------------------------------------------------------


---------------------------------------
 FINISHED SUCCESSFULLY 
---------------------------------------
