
-----------------------------------------------------------------------
   _____ _____  ______ ______ _____             _____  _   _           
  / ____|  __ \|  ____|  ____|  __ \           |  __ \| \ | |   /\     
 | |  __| |__) | |__  | |__  | |  | |  ______  | |__) |  \| |  /  \    
 | | |_ |  _  /|  __| |  __| | |  | | |______| |  _  /| . ` | / /\ \   
 | |__| | | \ \| |____| |____| |__| |          | | \ \| |\  |/ ____ \  
  \_____|_|  \_\______|______|_____/           |_|  \_\_| \_/_/    \_\ 
       
                                       -- A. Rubio-Largo et al. 2023
-----------------------------------------------------------------------

------------------------------------------------------------------------------------------------------------------
CONFIGURATION: 

 * TARGET:           ..((((((((.....)).))))))..
 * STOPPING:         86400 secs.
 * SEED:             3
 * NO. OF SOLUTIONS: 1
 * max. GC-cont.:    0.48
 * MODEL:            TURNER2004
 * MUTATION PROB:    0.01
 * STAGNATION LIMIT: 50
------------------------------------------------------------------------------------------------------------------


 (1) Let's minimize the base-pair distance between predicted and target structures
    -> Min(Base-pair distance), min(Hamming distance), max(probability over ensemble), min(partition function), min(ensemble defect), min(%GC-content)


	 ->['AACCCCCCCCAAAAAGGAGGGGGGAA', '..((((((((.....)).))))))..', 0.0, -0.9180954027784377, -16.2527, 0.0383, 1.0, 0.0]


    -> Found sequence! Elapsed time:                   0.012458562850952148 secs.


 (2) We found a sequence that folds exactly like the target structure. Let's minimize the GC-content
    -> ORDER: Min(Base-pair distance), min(Hamming distance), min(GC-content), min(partition function), min(ensemble defect), max(probability over ensemble))


	 >>> Resetting the solution to avoid local optima.
	 ->['AAGGGGGGGGAAAAACCACCCCCCAA', '..((((((((.....)).))))))..', 0.0, -0.8703109530904019, -16.2856, 0.0553, 1.0, 0.0]
	 ->['AAGGGGGGGGAAAAACCACCCCCCAA', '..((((((((.....)).))))))..', 0.0, -0.8703109530904019, -16.2856, 0.0553, 1.0, 0.0]
	 ->['ACUGGGGGGGAAAAACCACCCCCAAA', '..((((((((.....)).))))))..', 0.0, -0.7994723268174636, -14.1379, 0.0259, 0.875, 0.0]
	 ->['ACUGGAGGGGAAAAACCACCUCCAAA', '..((((((((.....)).))))))..', 0.0, -0.8086727473409587, -12.0309, 0.019, 0.75, 0.0]
	 ->['UCUGGAGGGGAAAAACCACUUCCAAA', '..((((((((.....)).))))))..', 0.0, -0.7668077991716429, -9.3636, 0.0316, 0.625, 0.0]
	 ->['UCUGGAGAGGAAAAACCAUUUCCAAA', '..((((((((.....)).))))))..', 0.0, -0.7614810933749311, -7.3679, 0.0273, 0.5, 0.0]


    -> Finished!! Elaapsed time:                   0.06021881103515625 secs.




RNA sequences found with GC-content <= 0.48:
## UCUUGAGAGGAAAAACCAUUUCAAAA 0.375
## UCUUGAGAGGAGAAACCAUUUCAAAA 0.375

RNA sequences found with GC-content > 0.48:
@@ AACCCCCCCCAAAAAGGAGGGGGGAA 1.0
@@ AAGCCCCCCCAAAAAGGAGGGGGCAA 1.0
@@ AAGGCCCCCCAAAAAGGAGGGGCCAA 1.0
@@ AAGGGGGGGGAAAAACCACCCCCCAA 1.0
@@ AAUGGGGGGGAAAAACCACCCCCAAA 0.875
@@ ACUGGGGGGGAAAAACCACCCCCAAA 0.875
@@ ACUGGAGGGGAAAAACCACCUCCAAA 0.75
@@ ACUGGAGGGGAAAAACCACUUCCAAA 0.625
@@ UCUGGAGGGGAAAAACCACUUCCAAA 0.625
@@ UCUGGAGAGGAAAAACCAUUUCCAAA 0.5


Elapsed time:                   0.06043696403503418 secs.
Number of function evaluations: 53
----------------------------------------------------------------------


---------------------------------------
 FINISHED SUCCESSFULLY 
---------------------------------------
