
-----------------------------------------------------------------------
   _____ _____  ______ ______ _____             _____  _   _           
  / ____|  __ \|  ____|  ____|  __ \           |  __ \| \ | |   /\     
 | |  __| |__) | |__  | |__  | |  | |  ______  | |__) |  \| |  /  \    
 | | |_ |  _  /|  __| |  __| | |  | | |______| |  _  /| . ` | / /\ \   
 | |__| | | \ \| |____| |____| |__| |          | | \ \| |\  |/ ____ \  
  \_____|_|  \_\______|______|_____/           |_|  \_\_| \_/_/    \_\ 
       
                                       -- A. Rubio-Largo et al. 2023
-----------------------------------------------------------------------

------------------------------------------------------------------------------------------------------------------
CONFIGURATION: 

 * TARGET:           ((((((.((((....))))))).)))..........
 * STOPPING:         86400 secs.
 * SEED:             9
 * NO. OF SOLUTIONS: 1
 * max. GC-cont.:    0.48
 * MODEL:            TURNER2004
 * MUTATION PROB:    0.01
 * STAGNATION LIMIT: 50
------------------------------------------------------------------------------------------------------------------


 (1) Let's minimize the base-pair distance between predicted and target structures
    -> Min(Base-pair distance), min(Hamming distance), max(probability over ensemble), min(partition function), min(ensemble defect), min(%GC-content)


	 ->['GGGGGGAGGGGAAAACCCCCCCACCCAAAAAAAAAA', '((((((.((((....))))))).)))..........', 0.0, -0.8989554808725972, -19.3657, 0.0262, 1.0, 0.0]


    -> Found sequence! Elapsed time:                   0.01249384880065918 secs.


 (2) We found a sequence that folds exactly like the target structure. Let's minimize the GC-content
    -> ORDER: Min(Base-pair distance), min(Hamming distance), min(GC-content), min(partition function), min(ensemble defect), max(probability over ensemble))


	 >>> Resetting the solution to avoid local optima.
	 ->['CCCCCCACCCCAAAAGGGGGGGAGGGAAAAAAAAAA', '((((((.((((....))))))).)))..........', 0.0, -0.9427788788203149, -19.1363, 0.0145, 1.0, 0.0]
	 ->['GCCCCCACCCCAAAAGGGGGGGAGGUAUAAAAAAAA', '((((((.((((....))))))).)))..........', 0.0, -0.9053993101044927, -17.4612, 0.0093, 0.9, 0.0]
	 ->['GCCCGCACCCCAAAAGGGGGUGAGGUAUAAAAAAAA', '((((((.((((....))))))).)))..........', 0.0, -0.5362213968728691, -15.0841, 0.226, 0.8, 0.0]
	 ->['GACCGCACCCCAAAAGGGGGUGAGUUAUAAAAAAAA', '((((((.((((....))))))).)))..........', 0.0, -0.5861668073371011, -12.7292, 0.1582, 0.7, 0.0]
	 ->['UACCGCACCACAAAAGUGGGUGUGUAAUAACAAAAG', '((((((.((((....))))))).)))..........', 0.0, -0.4928391051562582, -10.6361, 0.1965, 0.6, 0.0]
	 ->['UACCGCACCAUAGAAGUGGGUGUGUAGUAACAAAUG', '((((((.((((....))))))).)))..........', 0.0, -0.2664934750777688, -9.215, 0.3667, 0.5, 0.0]


    -> Finished!! Elaapsed time:                   0.0793905258178711 secs.




RNA sequences found with GC-content <= 0.48:
## UACCGCACUAUAGAAGUAGGUGUGUAGUAACAAAUG 0.4
## UACCGCACUAUAUAAGUAGGUGUGUAGUAACAAAUG 0.4

RNA sequences found with GC-content > 0.48:
@@ GGGGGGAGGGGAAAACCCCCCCACCCAAAAAAAAAA 1.0
@@ GGGGGGAGGGCAAAAGCCCCCCACCCAAAAAAAAAA 1.0
@@ GCCCCCACCCCAAAAGGGGGGGAGGUAAAAAAAAAA 0.9
@@ GCCCCCACCCCAAAAGGGGGGGAGGUAUAAAAAAAA 0.9
@@ GCCCGCACCCCAAAAGGGGGUGAGGUAUAAAAAAAA 0.8
@@ GACCGCACCCCAAAAGGGGGUGAGUUAUAAAAAAAA 0.7
@@ GACCGCACCACAAAAGUGGGUGAGUUAUAAAAAAAA 0.6
@@ UACCGCACCACAAAAGUGGGUGAGUAAUAAAAAAAA 0.6
@@ UACCGCACCACAAAAGUGGGUGUGUAAUAAAAAAAA 0.6
@@ UACCGCACCACAAAAGUGGGUGUGUAAUAACAAAAA 0.6
@@ UACCGCACCACAAAAGUGGGUGUGUAAUAACAAAAG 0.6
@@ UACCGCACCAUAAAAGUGGGUGUGUAAUAACAAAAG 0.5
@@ UACCGCACCAUAAAAGUGGGUGUGUAAUAACAAAUG 0.5
@@ UACCGCACCAUAGAAGUGGGUGUGUAAUAACAAAUG 0.5
@@ UACCGCACCAUAGAAGUGGGUGUGUAGUAACAAAUG 0.5


Elapsed time:                   0.07979488372802734 secs.
Number of function evaluations: 54
----------------------------------------------------------------------


---------------------------------------
 FINISHED SUCCESSFULLY 
---------------------------------------
