
-----------------------------------------------------------------------
   _____ _____  ______ ______ _____             _____  _   _           
  / ____|  __ \|  ____|  ____|  __ \           |  __ \| \ | |   /\     
 | |  __| |__) | |__  | |__  | |  | |  ______  | |__) |  \| |  /  \    
 | | |_ |  _  /|  __| |  __| | |  | | |______| |  _  /| . ` | / /\ \   
 | |__| | | \ \| |____| |____| |__| |          | | \ \| |\  |/ ____ \  
  \_____|_|  \_\______|______|_____/           |_|  \_\_| \_/_/    \_\ 
       
                                       -- A. Rubio-Largo et al. 2023
-----------------------------------------------------------------------

------------------------------------------------------------------------------------------------------------------
CONFIGURATION: 

 * TARGET:           .((.((.((..((.(...).)).))..))....)).
 * STOPPING:         86400 secs.
 * SEED:             4
 * NO. OF SOLUTIONS: 1
 * max. GC-cont.:    0.48
 * MODEL:            TURNER2004
 * MUTATION PROB:    0.01
 * STAGNATION LIMIT: 50
------------------------------------------------------------------------------------------------------------------


 (1) Let's minimize the base-pair distance between predicted and target structures
    -> Min(Base-pair distance), min(Hamming distance), max(probability over ensemble), min(partition function), min(ensemble defect), min(%GC-content)


	 ->['ACCACCACCAACCACAAAGAGGAGGAAGGAAAAGGA', '.((.((.((...........)).))..)).......', 0.4167, -0.0006013949554065783, -3.7708, 0.3925, 1.0, 0.1667]
	 ->['ACCACCACCAACCACAAAGAGGAGGAAGGAAAAGGA', '.((.((.((...........)).))..)).......', 0.4167, -0.0006013949554065783, -3.7708, 0.3925, 1.0, 0.1667]
	 ->['ACCACCACCAAGGAGAAACACCAGGAAGGAAAAGGA', '....((..(..((.......))..)..)).......', 0.1667, -0.004324100409450747, -2.755, 0.2981, 1.0, 0.2222]
	 >>> Resetting the solution to avoid local optima.
	 ->['ACCACCACCAACCACAAAGAGGAGGAAGGAAAAGGA', '.((.((.((...........)).))..)).......', 0.4167, -0.0006013949554065783, -3.7708, 0.3925, 1.0, 0.1667]
	 ->['ACCACCACCAACCACAAAGAGGAGGAAGGAAAAGGA', '.((.((.((...........)).))..)).......', 0.4167, -0.0006013949554065783, -3.7708, 0.3925, 1.0, 0.1667]
	 ->['ACCACCACCGGCUACACAGAAGAGGAAGGAAAAGGA', '.((....((..((.(......).))..))....)).', 0.3333, -0.0010746985824886168, -3.313, 0.418, 0.8571, 0.1111]
	 ->['ACCACCACCGUCUACAGAGAAGAGGAAGGAAAAGGG', '....((..(.(((.......))).)..)).......', 0.1944, -0.00017882893465677018, -4.9183, 0.3698, 0.6667, 0.2778]
	 ->['ACCACCAGCGUCUACAGAGCAGAGCAAGGAAAAGGG', '....((.((.(((.......)))))..)).......', 0.1111, -0.0023765425120067583, -3.6239, 0.2521, 0.7143, 0.2222]
	 >>> Resetting the solution to avoid local optima.
	 ->['AGGAGGAGGAAGGAGAAACACCACCAACCAAAACCA', '.((....((..((.(......).))..))....)).', 0.3333, -0.0007543586925342024, -4.0311, 0.4203, 1.0, 0.1111]
	 ->['AGGAGGAAGAAGGCGCAACACCACUAACCAAAACCA', '....((.....((.......)).....)).......', 0.1389, -0.01125808088149616, -1.9652, 0.3144, 1.0, 0.2778]
	 ->['AGGAGGAAGAAGGCGCAACACCACUAACCAAAUCCA', '.(((((.....((.......)).....))...))).', 0.1111, -0.0007622433177480853, -3.6247, 0.2638, 0.8571, 0.2222]
	 >>> Resetting the solution to avoid local optima.
	 ->['ACCACCACCAACCACAAAGAGGAGGAAGGAAAAGGA', '.((.((.((...........)).))..)).......', 0.4167, -0.0006013949554065783, -3.7708, 0.3925, 1.0, 0.1667]
	 ->['ACCACCACCAACCACAAAGAGGAGGAAGGAAAAGGA', '.((.((.((...........)).))..)).......', 0.4167, -0.0006013949554065783, -3.7708, 0.3925, 1.0, 0.1667]
	 ->['ACCACCACCAAGCACAAAGAGUAGGAAGGAAAAGGA', '....((..(..((.......))..)..)).......', 0.1667, -0.001175230273416353, -2.0579, 0.3701, 0.8, 0.2222]
	 ->['ACCACGACCAAGCACAAAGAGUAGGAACGUAAAGGA', '.(((((..(..((.......))..)..)))...)).', 0.1389, -0.0001819007892039197, -2.5078, 0.2638, 0.75, 0.1667]
	 ->['ACCACGAACAGGCACAAAGAGUAGUAACGUAAAGGA', '.(((((.....((.......)).....)))...)).', 0.1111, -0.00012081481095743877, -2.06, 0.3481, 0.7143, 0.2222]
	 ->['ACCAAGACCGAGCGCAAAGAGCAGGAACUUAAAGGG', '.(((((.((..((.......)).))..)))...)).', 0.0556, -0.001729941466212895, -4.4196, 0.1912, 0.7778, 0.1111]
	 >>> Resetting the solution to avoid local optima.
	 ->['ACCACCACCAACCACAAAGAGGAGGAAGGAAAAGGA', '.((.((.((...........)).))..)).......', 0.4167, -0.0006013949554065783, -3.7708, 0.3925, 1.0, 0.1667]
	 ->['ACCACCACCAACCACAAAGAGGAGGAAGGAAAAGGA', '.((.((.((...........)).))..)).......', 0.4167, -0.0006013949554065783, -3.7708, 0.3925, 1.0, 0.1667]
	 ->['ACCACCACCAUCCACAAAGAGGAGGAAGGAAAAGGA', '.((....((.(((.(......).))).))....)).', 0.3611, -1.9245382466064132e-05, -6.0922, 0.4042, 0.875, 0.1667]
	 ->['ACCACCAGCAUCCACAAAGAGGAGUAAGGAAAAGGG', '....((....(((.......)))....)).......', 0.1667, -5.801097231338411e-05, -4.6121, 0.2765, 0.8, 0.3333]
	 ->['ACCACCAGCAUCCCCAAAGAGGAGUAAGGAAAUGGG', '.(((((....(((.......)))....))...))).', 0.1389, -9.28150851852013e-06, -6.3416, 0.3077, 0.75, 0.2778]
	 ->['ACCACCAGCGUGCCCAAAGAGUAGUUAGGAAAUGGG', '.((((((((.(((.......)))))).))...))).', 0.1111, -1.738829381050454e-05, -5.5547, 0.2504, 0.5455, 0.2222]
	 ->['ACCGCCAGCGAGCCCAAAGAGCAGUUAGGAAAUGGG', '.((((((((..((.......)).))).))...))).', 0.0833, -0.00039743259058027265, -5.3261, 0.2023, 0.7, 0.1667]
	 >>> Resetting the solution to avoid local optima.
	 ->['ACCACCACCAACCACAAAGAGGAGGAAGGAAAAGGA', '.((.((.((...........)).))..)).......', 0.4167, -0.0006013949554065783, -3.7708, 0.3925, 1.0, 0.1667]
	 ->['ACCACCGCCAACCACAAAGAGGAGGAAGGAAAAGGA', '.((.((.((...........)).))..)).......', 0.4167, -0.0006591490184886857, -4.5143, 0.4041, 1.0, 0.1667]
	 ->['GCCACCGCCAACCACAAAGAGGUGGAAGGAAAAGGA', '.((....((..((((......))))..))....)).', 0.3611, -8.94006460486138e-07, -8.9838, 0.479, 0.875, 0.1667]
	 ->['GCCACCGCCCACCACAAAGAGGUGGAAGGAAAAGGA', '....((..(((((.......)))))..)).......', 0.2222, -7.220352571333278e-08, -10.5346, 0.3416, 0.8571, 0.2778]
	 ->['GCCACCGCGUACCCCAAAGAGGUUGAAGGAAAAGGA', '....((....(((.......)))....)).......', 0.1667, -0.00017201235020036456, -4.5422, 0.3272, 0.8, 0.3333]
	 ->['GCCACCACGUACCCCAAAGAGGUUGAAGGUAAAGGA', '.(((((....(((.......)))....)))...)).', 0.1389, -9.234721645708361e-06, -5.5447, 0.3728, 0.75, 0.2778]
	 ->['CGCAUCACGUGACCCAUUGAGUUCGGAGAUAAAGCA', '.(((((.((.(((.......)))))..)))...)).', 0.0833, -0.000394891093389236, -3.53, 0.281, 0.6, 0.1667]
	 >>> Resetting the solution to avoid local optima.
	 ->['AGGAGGAGGAAGGAGAAACACCACCAACCAAAACCA', '.((....((..((.(......).))..))....)).', 0.3333, -0.0007543586925342024, -4.0311, 0.4203, 1.0, 0.1111]
	 ->['AGGAGGAGGAAGGAGAAACACCACCAACCAAAACCA', '.((....((..((.(......).))..))....)).', 0.3333, -0.0007543586925342024, -4.0311, 0.4203, 1.0, 0.1111]
	 ->['AGGAGUAGGAAGGAGAAGCACCACCAAACAGAACCA', '.......((..((.......)).))...........', 0.1389, -0.0014463639293662662, -2.0299, 0.375, 1.0, 0.2778]
	 ->['AGGAGUAGGAAGAACAAAGAUCGCCAGACAGAACCA', '....((.((..((.......)).))..)).......', 0.0833, -0.011329368546281051, -1.4613, 0.337, 0.6667, 0.1667]
	 >>> Resetting the solution to avoid local optima.
	 ->['ACCACCACCAACCACAAAGAGGAGGAAGGAAAAGGA', '.((.((.((...........)).))..)).......', 0.4167, -0.0006013949554065783, -3.7708, 0.3925, 1.0, 0.1667]
	 ->['ACAACCACCAACCACAAAGCGGAGGAAGGAAAAUGA', '....((..(..((.......))..)..)).......', 0.1667, -0.0005861680827353709, -3.1866, 0.3521, 1.0, 0.2222]
	 ->['ACAAACACCAACCACAAAGCGGAGGAAGUAAAAUGA', '.......((..((.......)).))...........', 0.1389, -0.00024673757028476973, -1.9199, 0.3454, 1.0, 0.2778]
	 ->['ACCACAAAGAACCACAAAGCGGGCUAUUGAAAAGGG', '....(((((..((.......)).)).))).......', 0.1111, -0.0014689118646900507, -2.8204, 0.3109, 0.5714, 0.2222]
	 >>> Resetting the solution to avoid local optima.
	 ->['AGGAGGAGGAAGGAGAAACACCACCAACCAAAACCA', '.((....((..((.(......).))..))....)).', 0.3333, -0.0007543586925342024, -4.0311, 0.4203, 1.0, 0.1111]
	 ->['AGGAGGAGGAAGGAGAAACACCACCAACCAAAACCA', '.((....((..((.(......).))..))....)).', 0.3333, -0.0007543586925342024, -4.0311, 0.4203, 1.0, 0.1111]
	 ->['AGGACCAGGCAGGACAAAGACCACCCGGGAAAACCA', '....((.((..((.......))..)).)).......', 0.1944, -0.0012374454410449668, -5.4261, 0.3156, 1.0, 0.2222]
	 ->['AGGGCCAGGCAGGACAAAGACCACCCGGGAAAUCCA', '.(((((.((..((.......))..)).))...))).', 0.1667, -0.00015145108132135537, -6.7207, 0.3818, 0.8889, 0.1667]
	 >>> Resetting the solution to avoid local optima.
	 ->['ACCACCACCAACCACAAAGAGGAGGAAGGAAAAGGA', '.((.((.((...........)).))..)).......', 0.4167, -0.0006013949554065783, -3.7708, 0.3925, 1.0, 0.1667]
	 ->['GCCACCAGAAACCACAAAGAGGAUCACGGAAAAGGA', '....((.....((.......)).....)).......', 0.1389, -0.002543130781412572, -1.8821, 0.2958, 1.0, 0.2778]
	 ->['GCCACCAGCAACCACAAAGAGGAGCACGGAAAAGGA', '....((.((..((.......)).))..)).......', 0.0833, -0.005247010101183076, -2.9357, 0.2755, 1.0, 0.1667]
	 >>> Resetting the solution to avoid local optima.
	 ->['AGGAGGAGGAAGGAGAAACACCACCAACCAAAACCA', '.((....((..((.(......).))..))....)).', 0.3333, -0.0007543586925342024, -4.0311, 0.4203, 1.0, 0.1111]
	 ->['AGGAGGAGGAAGGAGAAACACCACCAACCAAAACCA', '.((....((..((.(......).))..))....)).', 0.3333, -0.0007543586925342024, -4.0311, 0.4203, 1.0, 0.1111]
	 ->['AGGAGGGCGAAGGAGAAACACCACGAACCAAAACCA', '....((.((..((.......)).))..)).......', 0.0833, -0.005705899034875298, -3.2841, 0.2758, 1.0, 0.1667]
	 >>> Resetting the solution to avoid local optima.
	 ->['ACCACCACCAACCACAAAGAGGAGGAAGGAAAAGGA', '.((.((.((...........)).))..)).......', 0.4167, -0.0006013949554065783, -3.7708, 0.3925, 1.0, 0.1667]
	 ->['ACCACCACCAACCACAAAGAGGAGGAAGGAAAAGGA', '.((.((.((...........)).))..)).......', 0.4167, -0.0006013949554065783, -3.7708, 0.3925, 1.0, 0.1667]
	 ->['ACGACCACCAACCACAAAGAGGAGGAAGGAAAACGA', '.(..((.((...........)).))..)........', 0.3889, -0.00026187957412198483, -3.3832, 0.3981, 1.0, 0.2222]
	 ->['GCGACCACCAACCACAAAGAGGGGGAAGGAAAACGA', '....((..(..((.......))..)..)).......', 0.1667, -0.00040982210583979787, -4.7072, 0.3803, 1.0, 0.2222]
	 ->['GCGACCACUACCCGCAAAGAGGGAGAAGGAAAACGG', '....((.((.(((.......)))))..)).......', 0.1111, -9.415111941226812e-06, -6.1328, 0.2794, 0.8571, 0.2222]
	 ->['CGCACCACUAUGCCCAAUGAGCGAGCCGGAACUGCA', '.(((((.((.(((.......)))))..))...))).', 0.0833, -0.0006571010289025163, -5.1162, 0.2136, 0.7, 0.1667]
	 >>> Resetting the solution to avoid local optima.
	 ->['ACCACCACCAACCACAAAGAGGAGGAAGGAAAAGGA', '.((.((.((...........)).))..)).......', 0.4167, -0.0006013949554065783, -3.7708, 0.3925, 1.0, 0.1667]
	 ->['ACCACCACCAACCACAAAGAGGAGGAAGGAAAAGGC', '.((.((.((...........)).))..)).......', 0.4167, -0.0006031912735435307, -3.769, 0.3922, 1.0, 0.1667]
	 ->['GCCACCACCAACCACAAAGCGGAGGAAGGAAAAGGC', '(((....((..((.(......).))..))....)))', 0.3611, -0.00024471625333446015, -5.625, 0.3686, 1.0, 0.1667]
	 ->['GCCACGACCAACCACAAAGCGGAGGAAUGAAAAGGC', '(((........((.(......).))........)))', 0.3056, -0.00021831901713256806, -3.2953, 0.3693, 1.0, 0.2778]
	 ->['GCCACGACCAACCACAAAGCGGAGGAACGAAAAGGC', '(((.((..(..((.......))..)..))....)))', 0.1389, -0.0012806846559375357, -3.9049, 0.2325, 1.0, 0.1667]
	 ->['GCCAGGAACAACCACAAAGCGGAGUAACCAAAAGGC', '(((.((.....((.......)).....))....)))', 0.1111, -0.0006777987185266818, -3.3971, 0.2689, 1.0, 0.2222]
	 >>> Resetting the solution to avoid local optima.
	 ->['AGGAGGAGGAAGGAGAAACACCACCAACCAAAACCA', '.((....((..((.(......).))..))....)).', 0.3333, -0.0007543586925342024, -4.0311, 0.4203, 1.0, 0.1111]
	 ->['AGGAGGAGGAAGGAGAAACACCACCAACCAAAACCA', '.((....((..((.(......).))..))....)).', 0.3333, -0.0007543586925342024, -4.0311, 0.4203, 1.0, 0.1111]
	 ->['AGGAGGAGGAAGGAGAAACGCCAUCAACCAAAACCA', '....((..((.((.......)).))..)).......', 0.1944, -1.167047456573388e-05, -5.3004, 0.3413, 0.8333, 0.2222]
	 ->['AGGAGGAGCAAGGAGAAACGCCAGCAACCAAAACCA', '....((.((..((.......)).))..)).......', 0.0833, -0.025007470774426267, -3.1733, 0.2683, 1.0, 0.1667]
	 ->['AGCAGGAGCGAGGAGAAACGCCAGCGACCUAAAGCA', '.(((((.((..((.......)).))..)))...)).', 0.0556, -0.004208430899247521, -6.8717, 0.1751, 0.8889, 0.1111]
	 >>> Resetting the solution to avoid local optima.
	 ->['AGGAGGAGGAAGGAGAAACACCACCAACCAAAACCA', '.((....((..((.(......).))..))....)).', 0.3333, -0.0007543586925342024, -4.0311, 0.4203, 1.0, 0.1111]
	 ->['AGGAGGAGGAAGGAGAAACACCACCAACCAAAACCA', '.((....((..((.(......).))..))....)).', 0.3333, -0.0007543586925342024, -4.0311, 0.4203, 1.0, 0.1111]
	 ->['AGGAGGAGCAAGGAGAAACACCAGCAACCGAAACCA', '....((.((..((.......)).))..)).......', 0.0833, -0.007572514614905437, -2.9096, 0.263, 1.0, 0.1667]
	 >>> Resetting the solution to avoid local optima.
	 ->['ACCACCACCAACCACAAAGAGGAGGAAGGAAAAGGA', '.((.((.((...........)).))..)).......', 0.4167, -0.0006013949554065783, -3.7708, 0.3925, 1.0, 0.1667]
	 ->['ACCACCACCAACCACAAAGAGGAGGAAGGAAAAGGA', '.((.((.((...........)).))..)).......', 0.4167, -0.0006013949554065783, -3.7708, 0.3925, 1.0, 0.1667]
	 ->['GCCACCAUCAACCACAAAGAGGAGAAAGGAAAAGGA', '....((.....((.......)).....)).......', 0.1389, -0.0016266165088881968, -1.9576, 0.3623, 1.0, 0.2778]
	 ->['GCCACCAGCAACCACAAAGAGGAGCAAGGAAAAGGA', '....((.((..((.......)).))..)).......', 0.0833, -0.005386161797565755, -2.9196, 0.2693, 1.0, 0.1667]
	 >>> Resetting the solution to avoid local optima.
	 ->['ACCACCACCAACCACAAAGAGGAGGAAGGAAAAGGA', '.((.((.((...........)).))..)).......', 0.4167, -0.0006013949554065783, -3.7708, 0.3925, 1.0, 0.1667]
	 ->['ACCACCACCAACCACAAAGAGGAGGAAGGAAAAGGA', '.((.((.((...........)).))..)).......', 0.4167, -0.0006013949554065783, -3.7708, 0.3925, 1.0, 0.1667]
	 ->['ACCACCACCAACCACAAAGAGGAGGGAGGAAAAGGA', '....((.((..((.......))..)).)).......', 0.1944, -0.0002102235104316956, -6.1186, 0.3211, 1.0, 0.2222]
	 ->['ACCACCACCAAGCGCAAAGAGUAGGGAGGAAAAGGU', '(((.((.((..((.......))..)).))....)))', 0.1667, -0.00028430157339373856, -5.6326, 0.2556, 0.7778, 0.1667]
	 >>> Resetting the solution to avoid local optima.
	 ->['ACCACCACCAACCACAAAGAGGAGGAAGGAAAAGGA', '.((.((.((...........)).))..)).......', 0.4167, -0.0006013949554065783, -3.7708, 0.3925, 1.0, 0.1667]
	 ->['ACCACCACCAACCACAAAGAGGAGGAAGGAAAAGGA', '.((.((.((...........)).))..)).......', 0.4167, -0.0006013949554065783, -3.7708, 0.3925, 1.0, 0.1667]
	 ->['ACCACCACCAACCUCAAAGAGGAGGAAGGAAAAGGC', '.((....((..((((......))))..))....)).', 0.3611, -9.838769690718888e-07, -8.1248, 0.4564, 0.875, 0.1667]
	 ->['ACCAACACCAACCUCAAAGAGGAGGAAGUAAAAGGC', '.((........((((......))))........)).', 0.3056, -1.8147733510707825e-06, -5.9475, 0.433, 0.8333, 0.2778]
	 ->['ACCAACAGCAACCUGAAACAGGGGCAAGUCAAAGGC', '.......((..((((...)))).))...........', 0.1389, -1.9595830584810464e-05, -6.181, 0.2699, 0.8333, 0.2778]
	 ->['ACCAUCAGCAACCAUCAAAAGGCGCGUGACCACGGC', '....(((((..((.......)).)).))).......', 0.1111, -0.0002079294297178625, -3.7254, 0.3122, 0.7143, 0.2222]
	 ->['ACCGUCGGCAACCAGUAACAGGCGCGUGACCAAGGC', '.((((((((..((.......)).)).))))...)).', 0.0833, -1.2518400509001495e-05, -6.2572, 0.2885, 0.8, 0.1667]
	 ->['ACCAUCGGCAACCAGAAACAGGCGCAAGAUUAAGGG', '.(((((.((..((.......)).))..)))...)).', 0.0556, -0.0012360842912627257, -3.9268, 0.168, 0.7778, 0.1111]
	 >>> Resetting the solution to avoid local optima.
	 ->['ACCACCACCAACCACAAAGAGGAGGAAGGAAAAGGA', '.((.((.((...........)).))..)).......', 0.4167, -0.0006013949554065783, -3.7708, 0.3925, 1.0, 0.1667]
	 ->['ACCACCACCAAGCACAAAGAGCAGGAAGGAAAAGGA', '....((..(..((.......))..)..)).......', 0.1667, -0.0038796788839181385, -2.9218, 0.238, 1.0, 0.2222]
	 ->['ACCAACACCAAGCACAAAGAGCAGGAAGUUAAAGGG', '.(((((..(..((.......))..)..)))...)).', 0.1389, -0.0006123981402323093, -2.7596, 0.2367, 0.75, 0.1667]
	 >>> Resetting the solution to avoid local optima.
	 ->['AGGAGGAGGAAGGAGAAACACCACCAACCAAAACCA', '.((....((..((.(......).))..))....)).', 0.3333, -0.0007543586925342024, -4.0311, 0.4203, 1.0, 0.1111]
	 ->['AGGAGGAGGAAGGAGAAACACCACCAACCAAAACCA', '.((....((..((.(......).))..))....)).', 0.3333, -0.0007543586925342024, -4.0311, 0.4203, 1.0, 0.1111]
	 ->['AGGAGAAGCAAGGAGAAACACCAGCCAUCAAAACCA', '..((...((..((.......)).))..)).......', 0.1944, -0.0028064285203205194, -2.1214, 0.3304, 0.8333, 0.2222]
	 ->['AGAAGAAGCAAGGACAAAGACCAGCCAUCAAAAUCA', '.......((..((.......)).))...........', 0.1389, -0.00046608852681081673, -1.7279, 0.3469, 1.0, 0.2778]
	 ->['AGCAGAGUCAGGCCGAAACAGCAGACAUCAGAAGCA', '....(((((..((.......)).))).)).......', 0.1111, -0.00028004518192419715, -4.7418, 0.2144, 0.7143, 0.2222]
	 >>> Resetting the solution to avoid local optima.
	 ->['AGGAGGAGGAAGGAGAAACACCACCAACCAAAACCA', '.((....((..((.(......).))..))....)).', 0.3333, -0.0007543586925342024, -4.0311, 0.4203, 1.0, 0.1111]
	 ->['AGGAGGAGGAAGGAGAAACACCACCAACCAAAACCA', '.((....((..((.(......).))..))....)).', 0.3333, -0.0007543586925342024, -4.0311, 0.4203, 1.0, 0.1111]
	 ->['AGAAGGAGGAAGGAGAAACACCACCAACCAAAAUCA', '....((..(..((.......))..)..)).......', 0.1667, -0.0002094001676554957, -3.221, 0.385, 1.0, 0.2222]
	 ->['AGAAAGAGGAAGGAGCAACACCACCAACUAAAAUCA', '.......((..((.......)).))...........', 0.1389, -0.00011064781214529999, -1.7142, 0.3808, 1.0, 0.2778]
	 ->['AGGAAGACCAAGGAGUAACGCCGGGAUCUAAAACCA', '....(((((..((.......)).)).))).......', 0.1111, -0.0004256251751917995, -5.0839, 0.2235, 0.7143, 0.2222]
	 ->['AGUACUACCAAGGAGUGACGCCGGGAUAGCAAUGCA', '.((((((((..((.......)).)).)))...))).', 0.0833, -6.224669874946427e-05, -4.7687, 0.234, 0.6, 0.1667]
	 ->['AGCACUUGCAAGAGGAUUCGUCGGUAUAGAAAUGCA', '.((((((((..((.(...).)).))).))...))).', 0.0556, -0.001166072016796727, -4.1627, 0.2824, 0.5455, 0.1111]
	 >>> Resetting the solution to avoid local optima.
	 ->['AGGAGGAGGAAGGAGAAACACCACCAACCAAAACCA', '.((....((..((.(......).))..))....)).', 0.3333, -0.0007543586925342024, -4.0311, 0.4203, 1.0, 0.1111]
	 ->['AGGAGGAGGAAGGAGAAACACCACCAACCAAAACCA', '.((....((..((.(......).))..))....)).', 0.3333, -0.0007543586925342024, -4.0311, 0.4203, 1.0, 0.1111]
	 ->['AGGGGGAGUAAGGAGAAACACCAGCAGCCAAAACCA', '...((..((..((.......)).))..)).......', 0.1944, -0.0002124707081918661, -3.912, 0.3318, 0.8333, 0.2222]
	 ->['AGGAGGAGUAAGGAGAAACACCAGCAGCCAAAACCA', '....((.....((.......)).....)).......', 0.1389, -0.0016644256003101304, -2.6434, 0.3721, 1.0, 0.2778]
	 ->['AGGAGCAGUUAGGCGAAUCACCAGCAGGCAAAACCA', '....((.(((.((.......)))))..)).......', 0.1111, -0.00393682468930077, -4.5128, 0.2477, 0.7143, 0.2222]
	 >>> Resetting the solution to avoid local optima.
	 ->['ACCACCACCAACCACAAAGAGGAGGAAGGAAAAGGA', '.((.((.((...........)).))..)).......', 0.4167, -0.0006013949554065783, -3.7708, 0.3925, 1.0, 0.1667]
	 ->['ACCACCACCAAGCACAAAGAGCAGGAAGGAAAAGGA', '....((..(..((.......))..)..)).......', 0.1667, -0.0038796788839181385, -2.9218, 0.238, 1.0, 0.2222]
	 ->['ACCACCACCAAGCACAAAGAGCAGGAAGGAAAUGGA', '.(((((..(..((.......))..)..))...))).', 0.1389, -0.00039471355545606877, -4.3303, 0.2045, 0.875, 0.1667]
	 >>> Resetting the solution to avoid local optima.
	 ->['AGGAGGAGGAAGGAGAAACACCACCAACCAAAACCA', '.((....((..((.(......).))..))....)).', 0.3333, -0.0007543586925342024, -4.0311, 0.4203, 1.0, 0.1111]
	 ->['AGGAGGAGGAAGGAGAAACACCACCGACCAAAACCA', '.((....((..((.(......).))..))....)).', 0.3333, -0.0008905082583679695, -5.2289, 0.4221, 1.0, 0.1111]
	 ->['AGGAGGAGGAAGCAGAAACAGCACCGACCCAAACCA', '.((.(..((..((.......)).))..)))......', 0.2222, -0.000404749354382719, -5.8148, 0.3005, 1.0, 0.1667]
	 ->['AGGAGGAGGAAGUACAAAGAACACCGUCCCAAACCA', '....(((.(..((.......))..).))).......', 0.1944, -0.0001178076260704672, -5.1755, 0.3761, 0.6667, 0.2778]
	 ->['AGCAGGAGGAAGUACAAAGAACCCCGUCCCAAAGCA', '.((.(((.(..((.......))..).)))....)).', 0.1389, -0.00039581721173535106, -4.7286, 0.2895, 0.75, 0.1667]
	 ->['AGCAGGAGGAAGUACAAAGAACCCCAUCCCAAAGCA', '.((.(((((..............)).)))....)).', 0.1111, -0.0001591575098308758, -4.0901, 0.2787, 0.8571, 0.2222]
	 ->['AGCAGCAGCAAGGACAAAGACCGGCGUGCCAAAGCA', '.((.(((((..((.......)).)).)))....)).', 0.0556, -0.002606850821615667, -6.4669, 0.2199, 0.8889, 0.1111]
	 >>> Resetting the solution to avoid local optima.
	 ->['AGGAGGAGGAAGGAGAAACACCACCAACCAAAACCA', '.((....((..((.(......).))..))....)).', 0.3333, -0.0007543586925342024, -4.0311, 0.4203, 1.0, 0.1111]
	 ->['AGGAGGAGGAAGGAGAAACACCACCAACCAAAACCA', '.((....((..((.(......).))..))....)).', 0.3333, -0.0007543586925342024, -4.0311, 0.4203, 1.0, 0.1111]
	 ->['AGGGGGAGCAAGCCGAAACAGCAGUGACCAAAACCA', '...((..((..((.......)).))..)).......', 0.1944, -0.0009334463404031526, -5.0998, 0.2679, 0.8333, 0.2222]
	 ->['AGGGGGAGCAAGCCGAAACAGCAGUGUCCAAAACCA', '....(((....((.......))....))).......', 0.1667, -0.0003556359622186378, -4.9946, 0.3695, 0.8, 0.3333]
	 ->['AGGGGUAGCAAGCCGAAUCAGCAGUGUACCAAACCA', '.((((((....((.......))....))))...)).', 0.1389, -4.060062393787967e-06, -5.9512, 0.3536, 0.75, 0.2778]
	 ->['AGCGGUAGCUAGCCGAAUCAGCAGUGUACCAAAGCA', '.(((((((((.((.......))))).))))...)).', 0.1111, -4.4595410260237145e-07, -7.4125, 0.2742, 0.6364, 0.2222]
	 ->['AGCGGCAGCUAGCCGAAUCUGCAGCAGGCCUAAGCA', '.(((((.(((.((.......)))))..)))...)).', 0.0833, -2.831274719969562e-06, -9.8734, 0.2289, 0.9, 0.1667]
	 >>> Resetting the solution to avoid local optima.
	 ->['AGGAGGAGGAAGGAGAAACACCACCAACCAAAACCA', '.((....((..((.(......).))..))....)).', 0.3333, -0.0007543586925342024, -4.0311, 0.4203, 1.0, 0.1111]
	 ->['AGGAGGAGGAAGGAGAAACACCACCAACCAAAACCA', '.((....((..((.(......).))..))....)).', 0.3333, -0.0007543586925342024, -4.0311, 0.4203, 1.0, 0.1111]
	 ->['AAGAGGAGGAAGGAGAAACACCACCAACCAAAACUA', '....((..(..((.......))..)..)).......', 0.1667, -7.990800346548858e-05, -3.2148, 0.3889, 1.0, 0.2222]
	 ->['GCCAAGAGCAAGGAGAAACACCAGCGACUAAAAGGA', '.......((..((.......)).))...........', 0.1389, -0.005379181476146222, -2.3204, 0.3279, 1.0, 0.2778]
	 ->['GCCACGAGCCAGGAGAAACACCAGCGACGAAAAGGA', '....((.((..((.......)).))..)).......', 0.0833, -0.013174178555037016, -2.7684, 0.2344, 1.0, 0.1667]
	 ->['UCCACGAGCAAGGAGAUACGCCGGCGACGAAAAGGA', '(((.((.((..((.......)).))..))....)))', 0.0556, -0.03428180286817442, -4.5789, 0.2358, 0.8889, 0.1111]
	 >>> Resetting the solution to avoid local optima.
	 ->['AGGAGGAGGAAGGAGAAACACCACCAACCAAAACCA', '.((....((..((.(......).))..))....)).', 0.3333, -0.0007543586925342024, -4.0311, 0.4203, 1.0, 0.1111]
	 ->['AGGAGGAGGAAGGAGAAACACCACCAACCAAAACCA', '.((....((..((.(......).))..))....)).', 0.3333, -0.0007543586925342024, -4.0311, 0.4203, 1.0, 0.1111]
	 ->['AGGAGGAAGAAGGAGAAACACCACUAACCAAAACCA', '....((.....((.......)).....)).......', 0.1389, -0.0016569759477445085, -1.8462, 0.3612, 1.0, 0.2778]
	 ->['AGGAGGACGAUUGCGCAACACAACGAACCAAAACCA', '....((.((.(((.......)))))..)).......', 0.1111, -0.0015996920540543302, -2.4678, 0.2566, 0.7143, 0.2222]
	 ->['AGGAGGACGAUUGCGAAACACAACGAACCAAAUCCA', '.(((((.((.(((.......)))))..))...))).', 0.0833, -9.694436617106401e-05, -4.1957, 0.2376, 0.7, 0.1667]
	 >>> Resetting the solution to avoid local optima.
	 ->['ACCACCACCAACCACAAAGAGGAGGAAGGAAAAGGA', '.((.((.((...........)).))..)).......', 0.4167, -0.0006013949554065783, -3.7708, 0.3925, 1.0, 0.1667]
	 ->['ACCACCGCCAACCACAAAGAGGAGGAAGGAAAAGGA', '.((.((.((...........)).))..)).......', 0.4167, -0.0006591490184886857, -4.5143, 0.4041, 1.0, 0.1667]
	 ->['ACCACCGCCAACCACAAAGAGGAGGAAGGAAAAGGG', '.((....((..((.(......).))..))....)).', 0.3333, -0.0008328438576025788, -4.8701, 0.4011, 1.0, 0.1111]
	 ->['ACCACCGGCAACCACAAAGAGGAGUAAGGAAAAGGG', '....((.....((.......)).....)).......', 0.1389, -0.004052566056333469, -2.8949, 0.2914, 1.0, 0.2778]
	 ->['CCCACCGGCAACCACAAAGAGGCGUAAGGAAAAGGG', '(((.((.....((.......)).....))....)))', 0.1111, -0.0005537672923239926, -4.2216, 0.2632, 1.0, 0.2222]
	 ->['CGCACCAGCGAGGAGAAACGCCAGCAGGGAAAAGCG', '(((.((.((..((.......)).))..))....)))', 0.0556, -0.013944916119940535, -6.2333, 0.2387, 1.0, 0.1111]
	 >>> Resetting the solution to avoid local optima.
	 ->['ACCACCACCAACCACAAAGAGGAGGAAGGAAAAGGA', '.((.((.((...........)).))..)).......', 0.4167, -0.0006013949554065783, -3.7708, 0.3925, 1.0, 0.1667]
	 ->['ACCACCACCAACCACAAAGAGGAGGAAGGAAAAGGA', '.((.((.((...........)).))..)).......', 0.4167, -0.0006013949554065783, -3.7708, 0.3925, 1.0, 0.1667]
	 ->['CCCCCCACAAACCACAAAGAGGAUGAAGGAAAAGGA', '...((..((..((.......)).))..)).......', 0.1944, -0.000324166501941755, -2.8517, 0.3322, 0.8333, 0.2222]
	 ->['CCCCGCACAAACCACAAAGAGGAUGACGCAAAAGGA', '....((.....((.......)).....)).......', 0.1389, -0.0009186949542969217, -2.5097, 0.3067, 1.0, 0.2778]
	 ->['CGCCGCACAGACCACAAAGAGGAUGACGCUAAAGCA', '....((.((..((.......)).))..)).......', 0.0833, -0.0037033087332341307, -2.8505, 0.3002, 0.8333, 0.1667]
	 ->['AGCCGCACAGACCAGAAACCGGAUGACGCCAGAGCA', '.(((((.((..((.......)).))..))..).)).', 0.0556, -0.00453840473461205, -3.1252, 0.2882, 0.8889, 0.1111]
	 >>> Resetting the solution to avoid local optima.
	 ->['ACCACCACCAACCACAAAGAGGAGGAAGGAAAAGGA', '.((.((.((...........)).))..)).......', 0.4167, -0.0006013949554065783, -3.7708, 0.3925, 1.0, 0.1667]
	 ->['GGCACCACCAAUCACAAAGAGAAGGAAGGAAAAGCA', '....((.((..((.....))...))..)).......', 0.1944, -0.0012667286482621123, -2.3117, 0.3305, 0.8333, 0.2222]
	 ->['GGCACCACCAAGCACAAAGAGCAGGAAGGAAAAGCA', '....((..(..((.......))..)..)).......', 0.1667, -0.005467990406593331, -3.1103, 0.2533, 1.0, 0.2222]
	 ->['GGCACGACCGAGCACAAAGAGCAGGAAUGAAAAGCA', '.......((..((.......)).))...........', 0.1389, -0.0012289349178575657, -2.8303, 0.3402, 1.0, 0.2778]
	 ->['GGCACGACCGAGCACAAAGAGCAGGAAUGAAAAGCC', '(((....((..((.......)).))........)))', 0.1111, -0.0002190803374292257, -3.4932, 0.2316, 1.0, 0.2222]
	 ->['GGCACGACCGAGCGCAAAGAGCAGGAACGAAAAGCC', '(((.((.((..((.......)).))..))....)))', 0.0556, -0.0009119582658385091, -5.3142, 0.1519, 1.0, 0.1111]
	 >>> Resetting the solution to avoid local optima.
	 ->['ACCACCACCAACCACAAAGAGGAGGAAGGAAAAGGA', '.((.((.((...........)).))..)).......', 0.4167, -0.0006013949554065783, -3.7708, 0.3925, 1.0, 0.1667]
	 ->['ACCACCACCAACCACAAAGAGGAGGAAGGAAAAGGA', '.((.((.((...........)).))..)).......', 0.4167, -0.0006013949554065783, -3.7708, 0.3925, 1.0, 0.1667]
	 ->['ACCACCACCAACCACAAAGAGGAGGAAGGGAAAGGA', '.((....((..((.(......).))..))....)).', 0.3333, -0.00012805037728272356, -4.7241, 0.3879, 1.0, 0.1111]
	 ->['ACCACCACCUACCGCAAAGAGGAGGAAGGGAAAGGA', '.((.((.(((.((.......)))))...))...)).', 0.1667, -6.727675482841012e-06, -7.7399, 0.3647, 0.8889, 0.1667]
	 ->['GGCACCACUUAGCGCAAAGAGCAGGGAGGGAAAGUA', '....((.(((.((.......)))))..)).......', 0.1111, -1.624939256099138e-05, -5.7964, 0.3965, 0.7143, 0.2222]
	 ->['GGCACCAGUUAGCGCAAAGGGCAGCGAGGAAAAGCA', '....((.(((.((.(...).)))))..)).......', 0.0833, -0.007038617326664533, -5.9547, 0.2674, 0.75, 0.1667]
	 ->['AGCGCCAGUUAGAGCAAAGGUCAGCGAGGAAAUGCA', '.(((((.(((.((.(...).)))))..))...))).', 0.0556, -0.0018131081382023937, -5.0907, 0.2139, 0.6364, 0.1111]
	 >>> Resetting the solution to avoid local optima.
	 ->['AGGAGGAGGAAGGAGAAACACCACCAACCAAAACCA', '.((....((..((.(......).))..))....)).', 0.3333, -0.0007543586925342024, -4.0311, 0.4203, 1.0, 0.1111]
	 ->['AGGAGGAGGAAGGAGAAACACCACCAACCAAAACCA', '.((....((..((.(......).))..))....)).', 0.3333, -0.0007543586925342024, -4.0311, 0.4203, 1.0, 0.1111]
	 ->['AGGAGGAGGAAGCAGAAACAGCACCAACCAAAACCA', '....((..(..((.......))..)..)).......', 0.1667, -0.0025070748370255506, -3.3909, 0.2551, 1.0, 0.2222]
	 ->['AGGAGGGCUUAGCAGAAACCGCAAGAACCAAAACCA', '....((.(((.((.......)))))..)).......', 0.1111, -0.00031113286288390624, -4.777, 0.2487, 0.7143, 0.2222]
	 ->['AGGAGGGCUUAUCAGAUACCGAAAGAACCUAAACCA', '.(((((.(((.((.......)))))..)))...)).', 0.0833, -3.787868552666992e-05, -4.3748, 0.2717, 0.6, 0.1667]
	 >>> Resetting the solution to avoid local optima.
	 ->['AGGAGGAGGAAGGAGAAACACCACCAACCAAAACCA', '.((....((..((.(......).))..))....)).', 0.3333, -0.0007543586925342024, -4.0311, 0.4203, 1.0, 0.1111]
	 ->['AGGAGGAGGAAGGAGAAACACCACCAACCAAAACCA', '.((....((..((.(......).))..))....)).', 0.3333, -0.0007543586925342024, -4.0311, 0.4203, 1.0, 0.1111]
	 ->['AGGAGCAGGAAGGAGAAACACCACCAAGCAAAACCA', '....((..(..((.......))..)..)).......', 0.1667, -0.006421113579164364, -3.0113, 0.2391, 1.0, 0.2222]
	 ->['AGGAGCAGUAAGGAGAAACACCAGCAAGCAAAACCA', '....((.....((.......)).....)).......', 0.1389, -0.004741286415845565, -1.8982, 0.2898, 1.0, 0.2778]
	 ->['AGGAGCAGUAAGGAGAAACGCCGGCUAGCAAAACCA', '....(((((..((.......)).))).)).......', 0.1111, -0.0008595515210085004, -5.0507, 0.1983, 0.7143, 0.2222]
	 ->['AGGAGCAUGAAGGAGAUACGCCGCAUAGUUAGACCA', '.((((((((..((.......)).))).)))...)).', 0.0833, -0.00019417750149736297, -3.4675, 0.25, 0.6, 0.1667]
	 ->['AGGAGCAUGAACGGGAAUCGCGGCAUAGUUAAACCA', '.((((((((..((.(...).)).))).)))...)).', 0.0556, -0.0006615711611559136, -4.512, 0.199, 0.6364, 0.1111]
	 >>> Resetting the solution to avoid local optima.
	 ->['ACCACCACCAACCACAAAGAGGAGGAAGGAAAAGGA', '.((.((.((...........)).))..)).......', 0.4167, -0.0006013949554065783, -3.7708, 0.3925, 1.0, 0.1667]
	 ->['ACCACCACCAACCACAAAGAGGAGGAAGGAAGAGGA', '.((.(..((..((.(......).))..))..).)).', 0.3611, -0.00040233306845962897, -4.0185, 0.4004, 1.0, 0.1111]
	 ->['ACCACCACCAACCACAAAGAGGGGGAAGGAAGAGGA', '....((..(..((.......))..)..)).......', 0.1667, -0.0005801736505252201, -5.1929, 0.4052, 1.0, 0.2222]
	 ->['ACCACCACCAACCACAAAGAGGGGGAAGGUAGAGGA', '.(((((..(..((.......))..)..)))...)).', 0.1389, -2.9695985142546728e-05, -7.0248, 0.4196, 0.875, 0.1667]
	 ->['ACCACCAGCAACCACAAAGAGGGGUAAGGUAUAGGG', '.(((((.....((.......)).....)))...)).', 0.1111, -0.000112902057202301, -5.4017, 0.3514, 0.8571, 0.2222]
	 >>> Resetting the solution to avoid local optima.
	 ->['AGGAGGAGGAAGGAGAAACACCACCAACCAAAACCA', '.((....((..((.(......).))..))....)).', 0.3333, -0.0007543586925342024, -4.0311, 0.4203, 1.0, 0.1111]
	 ->['AGGAGGAGGAAGGAGAAACACCACCAACCAAAACCA', '.((....((..((.(......).))..))....)).', 0.3333, -0.0007543586925342024, -4.0311, 0.4203, 1.0, 0.1111]
	 ->['AGGAGGAGGGAGGAGAAACACCACCAACCAAAACCA', '....((..((.((.......)).))..)).......', 0.1944, -0.0002730189043160104, -6.3575, 0.3738, 1.0, 0.2222]
	 ->['AGGAAUGGGGAGGACAAAGACCACCAAGUUAAACCA', '.(((((..((.((.......)).))..)))...)).', 0.1667, -9.874186343321076e-05, -5.0843, 0.321, 0.6667, 0.1667]
	 ->['CGCAAGGGCUAGAACAAAGAUCGGCAACUUAAAGCA', '.(((((.(((.((.......)))))..)))...)).', 0.0833, -0.001053369765052202, -3.7253, 0.2389, 0.6, 0.1667]
	 ->['AGGAGCGGCAAGAACAAAGAUCGGCAAGUUAAACCA', '.(((((.((..((.......)).))..)))...)).', 0.0556, -0.007357640795682687, -2.8274, 0.2013, 0.6667, 0.1111]
	 >>> Resetting the solution to avoid local optima.
	 ->['AGGAGGAGGAAGGAGAAACACCACCAACCAAAACCA', '.((....((..((.(......).))..))....)).', 0.3333, -0.0007543586925342024, -4.0311, 0.4203, 1.0, 0.1111]
	 ->['AGGACGAGGCACGACAAAGACGACCCACGAAAACCA', '....((.((..((.......))..)).)).......', 0.1944, -0.0006268593107850456, -2.8452, 0.2824, 1.0, 0.2222]
	 ->['AGGACGAGGCACGACAAAGACGACCGACGAAAACCA', '....((.((..((.......)).))..)).......', 0.0833, -0.013702744195265213, -2.0441, 0.2882, 1.0, 0.1667]
	 >>> Resetting the solution to avoid local optima.
	 ->['AGGAGGAGGAAGGAGAAACACCACCAACCAAAACCA', '.((....((..((.(......).))..))....)).', 0.3333, -0.0007543586925342024, -4.0311, 0.4203, 1.0, 0.1111]
	 ->['AGGAGGAGGAAGGAGAAACACCACCAACCAAAACCA', '.((....((..((.(......).))..))....)).', 0.3333, -0.0007543586925342024, -4.0311, 0.4203, 1.0, 0.1111]
	 ->['AGGAGCAGGAAUGAGAUACACAGCCAAGCAAAACCA', '....((..(..((.......))..)..)).......', 0.1667, -0.00796120949845364, -2.2788, 0.253, 0.8, 0.2222]
	 ->['AGGAGCACGAAUGACAAAGACAGCGAAGCAAAACCA', '....((.((..((.......)).))..)).......', 0.0833, -0.008561215834968081, -1.234, 0.3176, 0.8333, 0.1667]
	 >>> Resetting the solution to avoid local optima.
	 ->['ACCACCACCAACCACAAAGAGGAGGAAGGAAAAGGA', '.((.((.((...........)).))..)).......', 0.4167, -0.0006013949554065783, -3.7708, 0.3925, 1.0, 0.1667]
	 ->['ACCACCACCAACCACAAAGAGGAGGAAGGAAAAGGC', '.((.((.((...........)).))..)).......', 0.4167, -0.0006031912735435307, -3.769, 0.3922, 1.0, 0.1667]
	 ->['ACCAUCACCAACCACAAAGAGGAGGAAGAAAAAGGC', '.((.((..(.........)..))))...........', 0.3889, -0.0005313207639761751, -2.2471, 0.4081, 0.8, 0.2778]
	 ->['ACCAUCACCAACCACAAAGAGGGGGCAGAACAUGGC', '.(((((..(..((.......))..)..))...))).', 0.1389, -6.511032430062392e-05, -5.141, 0.3492, 0.75, 0.1667]
	 ->['ACCAGCACCCAGCACAAAGGGCGGGCAGUAUAUGGG', '.(((((.(((.((.......)))))..))...))).', 0.0833, -4.350214302530398e-06, -7.9087, 0.2689, 0.8, 0.1667]
	 ->['ACCGGCAUCCAGUGCAAAGGACGGAGAGCAAAUGGG', '.(((((.(((.((.(...).)))))..))...))).', 0.0556, -0.0002924540077987648, -7.1151, 0.1795, 0.7273, 0.1111]
	 >>> Resetting the solution to avoid local optima.
	 ->['AGGAGGAGGAAGGAGAAACACCACCAACCAAAACCA', '.((....((..((.(......).))..))....)).', 0.3333, -0.0007543586925342024, -4.0311, 0.4203, 1.0, 0.1111]
	 ->['AGGAGGAGGAAGGCGAAACACCACCAACCAAAACCA', '.((....((..((.(......).))..))....)).', 0.3333, -0.002128513383440122, -4.6918, 0.4085, 1.0, 0.1111]
	 ->['AGGAGGAGGAACGCGAAACACGACCAACCAAAACCA', '.((....((....((.....)).....))....)).', 0.3056, -0.01626280838816687, -2.7385, 0.332, 1.0, 0.2222]
	 ->['AGGAGGAGGAACCCGAAACAGGACCAACCAAAACCA', '....((.((...((......)).))..)).......', 0.1944, -0.0011848769334077643, -4.3528, 0.346, 1.0, 0.2222]
	 ->['AGGAGGAGGAACCAGAAACAGGACCAACCAAAACCA', '....((..(..((.......))..)..)).......', 0.1667, -0.0030306669844841444, -3.374, 0.2579, 1.0, 0.2222]
	 ->['AGGAGGAGGAACCAGAAACAGGACUAACCAAAACCA', '....((.....((.......)).....)).......', 0.1389, -0.0018920352286332044, -2.4644, 0.3378, 1.0, 0.2778]
	 ->['AGGAGGAGGAAUCUGUAACCGAUCUAGCCAAAACCA', '....((.(((.((.......)))))..)).......', 0.1111, -7.317141025332489e-05, -3.669, 0.3556, 0.5714, 0.2222]
	 ->['ACCAAGGCGUAUCACAAAGCGAGCGAACUUAAAGGG', '.(((((.(((.((.......)))))..)))...)).', 0.0833, -0.0009665741884517554, -3.5783, 0.246, 0.6, 0.1667]
	 >>> Resetting the solution to avoid local optima.
	 ->['AGGAGGAGGAAGGAGAAACACCACCAACCAAAACCA', '.((....((..((.(......).))..))....)).', 0.3333, -0.0007543586925342024, -4.0311, 0.4203, 1.0, 0.1111]
	 ->['AGGAGGAGGAAGGAGAAACACCACCAACCAAAACCA', '.((....((..((.(......).))..))....)).', 0.3333, -0.0007543586925342024, -4.0311, 0.4203, 1.0, 0.1111]
	 ->['AGGAGCAGGAAGGAGAAACACCACCAAGCAAAACCA', '....((..(..((.......))..)..)).......', 0.1667, -0.006421113579164364, -3.0113, 0.2391, 1.0, 0.2222]
	 ->['AGGAGCAGGAAGGAGAAACACCACCAGGCAAAACCA', '....((.((..((.......)).))..)).......', 0.0833, -0.008837587762105975, -4.0144, 0.2183, 1.0, 0.1667]
	 ->['AGGAACAGCGAGGAGAUACGCCAGCGAGUUAAACCA', '.(((((.((..((.......)).))..)))...)).', 0.0556, -0.0069915194387786105, -4.7588, 0.1987, 0.7778, 0.1111]
	 >>> Resetting the solution to avoid local optima.
	 ->['ACCACCACCAACCACAAAGAGGAGGAAGGAAAAGGA', '.((.((.((...........)).))..)).......', 0.4167, -0.0006013949554065783, -3.7708, 0.3925, 1.0, 0.1667]
	 ->['ACCACCACCAACCACAAAGAGGAGGCAGGAAAAGGA', '.((.((.((...........)).))..)).......', 0.4167, -0.0006656804636920912, -3.9082, 0.3987, 1.0, 0.1667]
	 ->['GCCACCACCAACCACAAAGAGGAGGGAGGAAAAGGA', '....((.((..((.......))..)).)).......', 0.1944, -0.000249475238934054, -6.2131, 0.3208, 1.0, 0.2222]
	 ->['GCCAUCACCGACCACAAAGAGGAGGGAGAUUAAGGA', '.(((((.((..((.......))..)).)))...)).', 0.1667, -0.00017144505974206982, -6.1443, 0.2639, 0.7778, 0.1667]
	 >>> Resetting the solution to avoid local optima.
	 ->['AGGAGGAGGAAGGAGAAACACCACCAACCAAAACCA', '.((....((..((.(......).))..))....)).', 0.3333, -0.0007543586925342024, -4.0311, 0.4203, 1.0, 0.1111]
	 ->['AGGAGGAGGAAGGAGAAACACCACCAACCAAAACCA', '.((....((..((.(......).))..))....)).', 0.3333, -0.0007543586925342024, -4.0311, 0.4203, 1.0, 0.1111]
	 ->['CUGAGGAGGAAGGAGAAACACCACCAACCAAAACAA', '....((..(..((.......))..)..)).......', 0.1667, -6.7030921480127e-05, -3.3231, 0.3838, 1.0, 0.2222]
	 ->['CUGAGUAGGAAGGAGAAACACCACCAAGCAAAACAA', '.......((..((.......)).))...........', 0.1389, -5.1135928693411755e-05, -2.1899, 0.4086, 1.0, 0.2778]
	 ->['CGGAGUAGGAAGGAGAAACACCACCAUGCAAAACCA', '....(((((..((.......)).)).))).......', 0.1111, -0.000247598141762683, -3.4177, 0.2795, 0.7143, 0.2222]
	 ->['CGGAGUAGGAACGAGAAACGCGGCCAUGCAAAACCG', '(((.(((((..((.......)).)).)))....)))', 0.0833, -0.0005104089745413119, -4.4719, 0.2018, 0.8, 0.1667]
	 ->['CGCACUAGGAACGGGAAACGCGGCCAUGGAAAAGCG', '(((.(((((..((.(...).)).)).)))....)))', 0.0556, -0.0011857894361586442, -5.7524, 0.1749, 0.8182, 0.1111]
	 ->['GGCACGGGCAACGGGAAUCGCGGGCAUCGAAAAGCG', '.((.(((((..((.(...).)).)).)))....)).', 0.0278, -0.04951026869229577, -5.8524, 0.1798, 0.9, 0.0556]


    -> Found sequence! Elapsed time:                   370.02153849601746 secs.


 (2) We found a sequence that folds exactly like the target structure. Let's minimize the GC-content
    -> ORDER: Min(Base-pair distance), min(Hamming distance), min(GC-content), min(partition function), min(ensemble defect), max(probability over ensemble))


	 ->['GGCACGGGCAACGGGAAUCGCGGGCAACGAAAAGCG', '.((.((.((..((.(...).)).))..))....)).', 0.0, -0.1713104320588227, -5.0874, 0.2516, 1.0, 0.0]
	 >>> Resetting the solution to avoid local optima.
	 ->['ACCACCACCAACCACAAAGAGGAGGAAGGAAAAGGA', '.((.((.((...........)).))..)).......', 0.4167, -0.0006013949554065783, -3.7708, 0.3925, 1.0, 0.1667]
	 ->['ACCACCACCAACCACAAAGAGGAGGAAGGAAAAGGA', '.((.((.((...........)).))..)).......', 0.4167, -0.0006013949554065783, -3.7708, 0.3925, 1.0, 0.1667]
	 ->['ACCACCACCAGCCACAGAGAGGAGGAAGGAAAAGGA', '.((....((..((.(......).))..))....)).', 0.3333, -0.00039098754941124943, -4.4362, 0.3871, 1.0, 0.1111]
	 ->['ACCACCACCAGCCACAGAGAGGAGGGAGGAAAAGGA', '....((.((..((.......))..)).)).......', 0.1944, -0.0001580231736010175, -6.6945, 0.2965, 1.0, 0.2222]
	 ->['ACCACCACCAGCUACAGAGUGGAGGGAGGUAAAGGA', '.(((((.((..((((...))))..)).)))...)).', 0.1667, -9.38261029861592e-08, -9.7732, 0.3966, 0.7273, 0.1667]
	 >>> Resetting the solution to avoid local optima.
	 ->['AGGAGGAGGAAGGAGAAACACCACCAACCAAAACCA', '.((....((..((.(......).))..))....)).', 0.3333, -0.0007543586925342024, -4.0311, 0.4203, 1.0, 0.1111]
	 ->['AGGAGGAGGAAGGAGAAACACCACCAACCAAAACCA', '.((....((..((.(......).))..))....)).', 0.3333, -0.0007543586925342024, -4.0311, 0.4203, 1.0, 0.1111]
	 >>> Resetting the solution to avoid local optima.
	 ->['AGGAGGAGGAAGGAGAAACACCACCAACCAAAACCA', '.((....((..((.(......).))..))....)).', 0.3333, -0.0007543586925342024, -4.0311, 0.4203, 1.0, 0.1111]
	 ->['AGGAGGAGGAAGGAGAAACACCGCCAACCAAAACCA', '.((....((..((.(......).))..))....)).', 0.3333, -0.0007105475788215899, -4.868, 0.4361, 1.0, 0.1111]
	 ->['AGGAGGAGGGAGAAGCAGCAUCGCCAACCAAAACCA', '....((..((.((.......)).))..)).......', 0.1944, -8.431481107943709e-05, -5.4817, 0.3163, 0.8333, 0.2222]
	 ->['AGGUGUAGGGAGUAGCAGCGGCGCCAGACAAGACCA', '.(((((..((.((.......)).))..))...))).', 0.1667, -3.3942827977670493e-06, -7.0616, 0.4228, 0.6667, 0.1667]
	 >>> Resetting the solution to avoid local optima.
	 ->['ACCACCACCAACCACAAAGAGGAGGAAGGAAAAGGA', '.((.((.((...........)).))..)).......', 0.4167, -0.0006013949554065783, -3.7708, 0.3925, 1.0, 0.1667]
	 ->['ACCACCACCAACCACAUUGAGGAGGAAGGAAAAGGA', '.((.((.((...........)).))..)).......', 0.4167, -0.0004905248679552711, -3.8964, 0.4213, 1.0, 0.1667]
	 ->['ACCAGCACCAACCACAUUGAGGAGGAAGUAAAAGGA', '....((..(..((.......))..)..)).......', 0.1667, -0.0005366813985252867, -2.341, 0.4156, 0.8, 0.2222]
	 ->['ACCAGCACCAACCACAUUGAGGAGGAAGUAAAUGGA', '.(((((..(..((.......))..)..))...))).', 0.1389, -4.8424777696669456e-05, -3.8235, 0.3718, 0.75, 0.1667]
	 >>> Resetting the solution to avoid local optima.
	 ->['ACCACCACCAACCACAAAGAGGAGGAAGGAAAAGGA', '.((.((.((...........)).))..)).......', 0.4167, -0.0006013949554065783, -3.7708, 0.3925, 1.0, 0.1667]
	 ->['ACCACCACCAACCACAAAGAGGAGGAAGGAAAAGGA', '.((.((.((...........)).))..)).......', 0.4167, -0.0006013949554065783, -3.7708, 0.3925, 1.0, 0.1667]
	 ->['ACCUCCACCAACCACAAAGAGGAGGAAGGAAAAGGA', '.(((((..............)))))...........', 0.3889, -2.429149525110962e-06, -7.1678, 0.54, 0.8, 0.3333]
	 ->['AUCUCCACCAACCACAAAGAGGAGGAAGGAAAAGAA', '...(((..(..((.......))..)..)))......', 0.1944, -4.309704540548365e-06, -5.1144, 0.4459, 0.8333, 0.2778]
	 ->['AUCUCCACCAGCCACGACGUGGAGGAUGGAAAAGAG', '...((((((..((((...)))).)).))))......', 0.1389, -2.4366298924055833e-09, -10.7233, 0.3285, 0.7, 0.2778]
	 ->['AUCGCCACCAGCCAUGACAUGGAGGAUGGAGUAGAG', '....(((((..((((...)))).)).))).......', 0.1111, -4.156211593880964e-08, -7.775, 0.3034, 0.6667, 0.2222]
	 >>> Resetting the solution to avoid local optima.
	 ->['ACCACCACCAACCACAAAGAGGAGGAAGGAAAAGGA', '.((.((.((...........)).))..)).......', 0.4167, -0.0006013949554065783, -3.7708, 0.3925, 1.0, 0.1667]
	 ->['ACCACCACUAACCACAAAGAGGAAGAAGGAAAAGGA', '....((.....((.......)).....)).......', 0.1389, -0.0009584721199147491, -1.7835, 0.3611, 1.0, 0.2778]
	 ->['ACCACCACUAGGCUCUUAGAGUAAGUUGGUAAAGGU', '(((((((((..((((...)))).)).))))...)))', 0.1111, -6.684481331684872e-09, -9.3013, 0.2293, 0.5385, 0.2222]
	 >>> Resetting the solution to avoid local optima.
	 ->['ACCACCACCAACCACAAAGAGGAGGAAGGAAAAGGA', '.((.((.((...........)).))..)).......', 0.4167, -0.0006013949554065783, -3.7708, 0.3925, 1.0, 0.1667]
	 ->['ACCACCACCAACCACAAAGAGGAGGAAGGAAAAGGA', '.((.((.((...........)).))..)).......', 0.4167, -0.0006013949554065783, -3.7708, 0.3925, 1.0, 0.1667]
	 ->['ACCACCACCAACCACAAAGAGGAGGAAGGAGAAGGA', '.((..(.((..((.(......).))..)).)..)).', 0.3611, -0.00032994439103110527, -4.1408, 0.4002, 1.0, 0.1111]
	 ->['ACCGCCACCAACCACAAAGAGGAGGAAGGAGAAGGA', '.((....((..((.(......).))..))....)).', 0.3333, -0.00012604007671739275, -4.7339, 0.4007, 1.0, 0.1111]
	 ->['ACCGCCAGCAACCACAAAGAGGAGUAAGGAGAAGGA', '..(.((.....((.......)).....)).).....', 0.1667, -0.0006501243090123475, -2.4228, 0.3412, 1.0, 0.2778]
	 ->['ACCGCCAGCAACCACAAAGAGGAGUAAGGAGUAGGG', '....((.....((.......)).....)).......', 0.1389, -0.000754290636535312, -2.8312, 0.4006, 1.0, 0.2778]
	 ->['ACCGCCAGCAACCACAAAGAGGAGUAAGGACUAGGG', '.(((((.....((.......)).....)).)..)).', 0.1111, -0.0007230876316332532, -2.8572, 0.3947, 1.0, 0.2222]
	 >>> Resetting the solution to avoid local optima.
	 ->['AGGAGGAGGAAGGAGAAACACCACCAACCAAAACCA', '.((....((..((.(......).))..))....)).', 0.3333, -0.0007543586925342024, -4.0311, 0.4203, 1.0, 0.1111]
	 ->['AGGAGGAGGAAGGAGAAACACCACCAACCAAAACCA', '.((....((..((.(......).))..))....)).', 0.3333, -0.0007543586925342024, -4.0311, 0.4203, 1.0, 0.1111]
	 ->['AGAAGGAGGAAGGAGAAACACCACCAACCAAAAUCA', '....((..(..((.......))..)..)).......', 0.1667, -0.0002094001676554957, -3.221, 0.385, 1.0, 0.2222]
	 ->['CGAGGUAGGCGGAUGACCCAUCACCAUGCAUGGUCA', '....(((((..((((...)))).)).))).......', 0.1111, -9.422314228642335e-08, -6.8706, 0.5243, 0.5556, 0.2222]
	 >>> Resetting the solution to avoid local optima.
	 ->['ACCACCACCAACCACAAAGAGGAGGAAGGAAAAGGA', '.((.((.((...........)).))..)).......', 0.4167, -0.0006013949554065783, -3.7708, 0.3925, 1.0, 0.1667]
	 ->['UCCACUACCAACCACAACGAGGAGGACAGACCAGGA', '.......((..((.......)).))...........', 0.1389, -4.174502184134863e-05, -2.7149, 0.4349, 1.0, 0.2778]
	 >>> Resetting the solution to avoid local optima.
	 ->['ACCACCACCAACCACAAAGAGGAGGAAGGAAAAGGA', '.((.((.((...........)).))..)).......', 0.4167, -0.0006013949554065783, -3.7708, 0.3925, 1.0, 0.1667]
	 ->['GCCACCGCUAACCCCGAAGAGGAGGGAGGAAAAGGG', '.((....((..((((.....)).))..))....)).', 0.3611, -1.1793975117917008e-06, -8.6131, 0.4731, 0.875, 0.1111]
	 ->['GCCACCGCUAACCGCGAAGAGGAGGGAGGAAAAGGG', '.((....((..((.(......).))..))....)).', 0.3333, -7.825624058261434e-05, -6.4276, 0.4256, 0.8571, 0.1111]
	 ->['ACCACCGCUAACGUCAAAGAUGAAGGAGGAAAAGGG', '....((.((..((((...))))..)).)).......', 0.1944, -1.7232453438126867e-06, -5.2794, 0.3186, 0.625, 0.2222]
	 ->['ACCACCGCUACCGUCAAAGAUGCAGGAGGAAUAGGU', '(((.((.((..((((...))))..)).))....)))', 0.1667, -2.793477661865618e-07, -5.9008, 0.3609, 0.6364, 0.1667]
	 >>> Resetting the solution to avoid local optima.
	 ->['ACCACCACCAACCACAAAGAGGAGGAAGGAAAAGGA', '.((.((.((...........)).))..)).......', 0.4167, -0.0006013949554065783, -3.7708, 0.3925, 1.0, 0.1667]
	 ->['ACCACCACCAACCACAAAGAGGAGGAAGGAAAAGGA', '.((.((.((...........)).))..)).......', 0.4167, -0.0006013949554065783, -3.7708, 0.3925, 1.0, 0.1667]
	 ->['ACCACCAACAGCCACCUAGAGGAGUAAGGAACAGGA', '....((.....((.......)).....)).......', 0.1389, -0.0007115488975935018, -2.4671, 0.4018, 1.0, 0.2778]
	 ->['UCCACCAACAGCCUCCUAGAGGAGUACGGAACAGGA', '(((.((.....((((...)))).....))....)))', 0.1111, -3.408737566991053e-06, -6.559, 0.3649, 0.7778, 0.2222]
	 >>> Resetting the solution to avoid local optima.
	 ->['AGGAGGAGGAAGGAGAAACACCACCAACCAAAACCA', '.((....((..((.(......).))..))....)).', 0.3333, -0.0007543586925342024, -4.0311, 0.4203, 1.0, 0.1111]
	 ->['AGGAGGAGGAAGGAGAAACACCACCAACCAAAACCA', '.((....((..((.(......).))..))....)).', 0.3333, -0.0007543586925342024, -4.0311, 0.4203, 1.0, 0.1111]
	 ->['AGGAGUAGGACGGAGAGACACCACCAAACACAACCU', '.......((..((.......)).))...........', 0.1389, -0.0004644056703766358, -2.4301, 0.3864, 1.0, 0.2778]
	 >>> Resetting the solution to avoid local optima.
	 ->['ACCACCACCAACCACAAAGAGGAGGAAGGAAAAGGA', '.((.((.((...........)).))..)).......', 0.4167, -0.0006013949554065783, -3.7708, 0.3925, 1.0, 0.1667]
	 ->['ACAACCACCAACCACAAAGAGGAGGAAGGAAAAUGA', '....((..(..((.......))..)..)).......', 0.1667, -8.351479649434432e-05, -3.0876, 0.3739, 1.0, 0.2222]
	 ->['ACAACCACCAGACGCAGUGAGUAGGUAGGAAUCUGG', '....(((((..((.......)).))).)).......', 0.1111, -1.1184063696520565e-05, -5.5267, 0.4715, 0.7143, 0.2222]
	 >>> Resetting the solution to avoid local optima.
	 ->['AGGAGGAGGAAGGAGAAACACCACCAACCAAAACCA', '.((....((..((.(......).))..))....)).', 0.3333, -0.0007543586925342024, -4.0311, 0.4203, 1.0, 0.1111]
	 ->['AGGAGGAGGAAGGAGAAACACCACCAACCAAAACCA', '.((....((..((.(......).))..))....)).', 0.3333, -0.0007543586925342024, -4.0311, 0.4203, 1.0, 0.1111]
	 ->['AUGAGGAGGAAGGAGAAACACCACCAACCAAAACGA', '....((..(..((.......))..)..)).......', 0.1667, -7.5473834565831475e-06, -3.2691, 0.3837, 1.0, 0.2222]
	 ->['AUGAGGAGAAAGGAGAAACACCAUCAACCAAAACGA', '....((.....((.......)).....)).......', 0.1389, -7.568891544142212e-06, -1.8673, 0.3999, 1.0, 0.2778]
	 ->['AGGAGGAUAAAGGAGAAACACCAUGUACCAAAACCA', '....(((((..((.......)).))).)).......', 0.1111, -5.5170693299369854e-05, -2.3431, 0.3075, 0.5714, 0.2222]
	 >>> Resetting the solution to avoid local optima.
	 ->['AGGAGGAGGAAGGAGAAACACCACCAACCAAAACCA', '.((....((..((.(......).))..))....)).', 0.3333, -0.0007543586925342024, -4.0311, 0.4203, 1.0, 0.1111]
	 ->['AGGAGGAGGAAGGAGAAACACCACCAACCAAAACCA', '.((....((..((.(......).))..))....)).', 0.3333, -0.0007543586925342024, -4.0311, 0.4203, 1.0, 0.1111]
	 ->['AGGCGGAAGGAGCAGGAACAGCACUAACCAGAACCA', '....((..((.((.......)).))..)).......', 0.1944, -0.0014727403985752023, -3.7188, 0.2921, 0.8333, 0.2222]
	 ->['AGGCGGAAGGAGCAGGCGCAGCCCUAACCAGAACCA', '....((.(((.((.......)))))..)).......', 0.1111, -1.5297876516623852e-06, -6.4528, 0.2871, 0.8571, 0.2222]
	 >>> Resetting the solution to avoid local optima.
	 ->['AGGAGGAGGAAGGAGAAACACCACCAACCAAAACCA', '.((....((..((.(......).))..))....)).', 0.3333, -0.0007543586925342024, -4.0311, 0.4203, 1.0, 0.1111]
	 ->['AGGAGGAGGAAGGAGAAACACCACCAACCAAAACCA', '.((....((..((.(......).))..))....)).', 0.3333, -0.0007543586925342024, -4.0311, 0.4203, 1.0, 0.1111]
	 ->['AGGAGGAGUGAGUAGAAACUGCAGCGACCAGAUCUA', '....((.((..((((...)))).))..)).......', 0.0833, -2.5212775964367365e-06, -5.3448, 0.2855, 0.625, 0.1667]
	 >>> Resetting the solution to avoid local optima.
	 ->['ACCACCACCAACCACAAAGAGGAGGAAGGAAAAGGA', '.((.((.((...........)).))..)).......', 0.4167, -0.0006013949554065783, -3.7708, 0.3925, 1.0, 0.1667]
	 ->['ACCAUCACCAACCACAAAGAGGAGGAAGAAAAAGGA', '.((.((..(.........)..))))...........', 0.3889, -0.000530790727887925, -2.2478, 0.4081, 0.8, 0.2778]
	 ->['ACCGUCGCCGACCAGCUCUAGGAGGAAGAAAUAGGA', '.......((..((.......)).))...........', 0.1389, -7.05249135534005e-05, -3.7917, 0.4092, 1.0, 0.2778]
	 ->['GCCGGCGCCGACCAGCUCUAGGAGGAAGCAAGAGGG', '....((.((..((.......)).))..)).......', 0.0833, -7.236285707873449e-05, -5.7759, 0.5058, 1.0, 0.1667]
	 >>> Resetting the solution to avoid local optima.
	 ->['AGGAGGAGGAAGGAGAAACACCACCAACCAAAACCA', '.((....((..((.(......).))..))....)).', 0.3333, -0.0007543586925342024, -4.0311, 0.4203, 1.0, 0.1111]
	 ->['AGGAGGAGGAAGGAGAAACACCACCAACCAAAACCA', '.((....((..((.(......).))..))....)).', 0.3333, -0.0007543586925342024, -4.0311, 0.4203, 1.0, 0.1111]
	 ->['AGGAGUAGGAAGGAGUAUCACCACCAAGCAUAACCA', '.......((..((.......)).))...........', 0.1389, -0.0015863567142729818, -2.273, 0.3769, 1.0, 0.2778]
	 ->['AGGAGUAGGAAGGUGUAUCACCGCCAUGCAUAACCA', '....(((((..((((...)))).)).))).......', 0.1111, -1.6647271295357161e-06, -7.7007, 0.2521, 0.6667, 0.2222]
	 >>> Resetting the solution to avoid local optima.
	 ->['AGGAGGAGGAAGGAGAAACACCACCAACCAAAACCA', '.((....((..((.(......).))..))....)).', 0.3333, -0.0007543586925342024, -4.0311, 0.4203, 1.0, 0.1111]
	 ->['AGGAGGAGGAAGGCGAAACACCACCAACCAAAACCA', '.((....((..((.(......).))..))....)).', 0.3333, -0.002128513383440122, -4.6918, 0.4085, 1.0, 0.1111]
	 ->['AGGAGGAGGAAGGCGAAACACUACCAACCAAAACCA', '....((.((.((........)).))..)).......', 0.1944, -0.000260319426534259, -4.2869, 0.3565, 0.8333, 0.2222]
	 >>> Resetting the solution to avoid local optima.
	 ->['AGGAGGAGGAAGGAGAAACACCACCAACCAAAACCA', '.((....((..((.(......).))..))....)).', 0.3333, -0.0007543586925342024, -4.0311, 0.4203, 1.0, 0.1111]
	 ->['AGGAGGAGGAAGGAGAAACACCACCAACCAAAACCA', '.((....((..((.(......).))..))....)).', 0.3333, -0.0007543586925342024, -4.0311, 0.4203, 1.0, 0.1111]
	 ->['AGGAGGAGGAGAUUGCAACAGUACCAACCCGAACCU', '.((.(..((..((((...)))).))..)))......', 0.2222, -4.460979604845337e-06, -5.0932, 0.3334, 0.6667, 0.1667]
	 ->['AUGAGGAGGAGAGUGCAACAUUACCAACCCGAACGU', '....((.((..((((...)))).))...))......', 0.1944, -1.1086760054889493e-07, -3.7703, 0.3468, 0.625, 0.2222]
	 >>> Resetting the solution to avoid local optima.
	 ->['ACCACCACCAACCACAAAGAGGAGGAAGGAAAAGGA', '.((.((.((...........)).))..)).......', 0.4167, -0.0006013949554065783, -3.7708, 0.3925, 1.0, 0.1667]
	 ->['ACCACCACCAACCACAAAGAGGAGGAAGGAACGGGA', '.((.((..(..((.......))..)..))...))..', 0.2222, -0.00011300004259144211, -4.8012, 0.3988, 1.0, 0.1667]
	 ->['ACCACCACAAACCACAAAGAGGAUGACGGAUCGGGA', '.((.((.....((.......)).....))...))..', 0.1944, -0.0001612539088280613, -3.082, 0.3429, 1.0, 0.2222]
	 ->['ACCACCGCACACCACGAAGAGGAUGACGGCUCGGGA', '.((.(((((..((.......)).)).)))...))..', 0.1667, -3.8146119873382756e-07, -6.8088, 0.3518, 0.8889, 0.1667]
	 ->['AGCACCGCACACCACGAAGAGGAUGACGGCUCGGCA', '....(((((..((.......)).)).))).......', 0.1111, -4.0707787098943895e-06, -5.8496, 0.316, 0.8571, 0.2222]
	 ->['UGCAUCGGAAAUGAAGUUUUUAGUCUCGACACGGCA', '(((.(((((..((((...)))).)).)))....)))', 0.0833, -5.058192308229749e-08, -3.854, 0.3538, 0.4167, 0.1667]
	 >>> Resetting the solution to avoid local optima.
	 ->['ACCACCACCAACCACAAAGAGGAGGAAGGAAAAGGA', '.((.((.((...........)).))..)).......', 0.4167, -0.0006013949554065783, -3.7708, 0.3925, 1.0, 0.1667]
	 ->['ACCACCACCAACCACAAAGAGGAGGAAGGAAAAGGA', '.((.((.((...........)).))..)).......', 0.4167, -0.0006013949554065783, -3.7708, 0.3925, 1.0, 0.1667]
	 ->['ACCACCACCAACCCCAAAGAGGAGGAAGGAAAAGGA', '.((....((..((((.....)).))..))....)).', 0.3611, -3.0375568503761888e-05, -6.2109, 0.4421, 1.0, 0.1111]
	 ->['ACCAGCACCAACCCCAAAGAGGAGGAAGUAAAAGGA', '.((........((((.....)).))........)).', 0.3056, -0.0001057913110444383, -3.9418, 0.4536, 1.0, 0.2222]
	 ->['ACCAGCACCAACCCGAAACAGGAGGAAGUCAAAGGA', '.......((...((......)).))...........', 0.25, -0.00022144289975521461, -3.2866, 0.4364, 1.0, 0.3333]
	 ->['ACCAGCCCCUACCCGAAACAGGAGGAAGUCAAAGGA', '.......(((.((.......)))))...........', 0.1667, -3.428183762182178e-05, -4.8363, 0.4102, 0.8, 0.3333]
	 ->['ACCAGACCCUACCCGUAACAGGAGGAGUUCACAGGA', '....((((((.((.......))))).))).......', 0.1389, -7.243510732616232e-08, -6.7327, 0.3291, 0.625, 0.2778]
	 ->['ACCAGACCCUAUAUGUAACAUAAGGAGUUCACAGGG', '.((.((((((.((((...))))))).)))....)).', 0.0833, -2.0759672550948376e-09, -6.022, 0.3668, 0.5, 0.1667]
	 >>> Resetting the solution to avoid local optima.
	 ->['ACCACCACCAACCACAAAGAGGAGGAAGGAAAAGGA', '.((.((.((...........)).))..)).......', 0.4167, -0.0006013949554065783, -3.7708, 0.3925, 1.0, 0.1667]
	 ->['ACCACCACCAACCACAAAGAGGCGGAAGGAAAAGGA', '.((.((.((...........)).))..)).......', 0.4167, -0.00020107217492315555, -4.646, 0.4323, 1.0, 0.1667]
	 ->['ACCACCACCAUCCACAAAGAGGCGGAAGGAAAAGGA', '.((....((.(((.(......).))).))....)).', 0.3611, -7.2849760874427914e-06, -6.6909, 0.4803, 0.875, 0.1667]
	 ->['ACCACCACCAUACACAAAGAGUCGGAAGGAAAAGGA', '.((....((...(((.....)).)...))....)).', 0.3333, -0.0007671354471779956, -2.0208, 0.4284, 0.8571, 0.1667]
	 ->['ACCAUCACCAUACACAAAGAGUCGGAAGAAAAAGGA', '....................................', 0.25, -0.00035209742536567606, -0.9007, 0.4517, 0.0, 0.5]
	 ->['ACCAUCACCAUACGGAUAUAGUCGGGGGAAUAAGGA', '....((.((..((.......))..)).)).......', 0.1944, -3.6479453788415005e-06, -4.3172, 0.4812, 0.6667, 0.2222]
	 ->['GCCUUCACCGAUUGGAUGCUAACGGGCGAACUGGGG', '.(((((.((..((((...))))..)).))...))).', 0.1667, -3.858207952364876e-09, -8.04, 0.3086, 0.5455, 0.1667]
	 >>> Resetting the solution to avoid local optima.
	 ->['ACCACCACCAACCACAAAGAGGAGGAAGGAAAAGGA', '.((.((.((...........)).))..)).......', 0.4167, -0.0006013949554065783, -3.7708, 0.3925, 1.0, 0.1667]
	 ->['ACCACCACCAACCACAAAGAGGAGGAAGGAAAAGGA', '.((.((.((...........)).))..)).......', 0.4167, -0.0006013949554065783, -3.7708, 0.3925, 1.0, 0.1667]
	 ->['ACCACCACCAACCACAGAGAGGAGGACGGAGAAGGA', '.((..(.((..((.(......).))..)).)..)).', 0.3611, -0.0001800222022045458, -4.7142, 0.4053, 1.0, 0.1111]
	 ->['ACCACCACCAACCACAGAGAGGGGGACGGAGAAGGA', '....((..(..((.......))..)..)).......', 0.1667, -0.00041473887591449545, -5.5998, 0.3904, 1.0, 0.2222]
	 ->['ACCACCACUAACCACAGAGAGGGAGACGGAGAAGGA', '....((.....((.......)).....)).......', 0.1389, -0.0008880430865230317, -3.1306, 0.3914, 1.0, 0.2778]
	 ->['AGCACCACUAACCACAGAGAGGGAGACGGAGAUGCA', '.(((((.....((.......)).....))...))).', 0.1111, -0.00013735165585109652, -4.7809, 0.3079, 0.8571, 0.2222]
	 >>> Resetting the solution to avoid local optima.
	 ->['ACCACCACCAACCACAAAGAGGAGGAAGGAAAAGGA', '.((.((.((...........)).))..)).......', 0.4167, -0.0006013949554065783, -3.7708, 0.3925, 1.0, 0.1667]
	 ->['ACCACCACUAACCACCAAGAGGAGGCAGGAUACGGA', '.((....((..((.((....)).))..))....)).', 0.3611, -2.299724786312441e-05, -4.7824, 0.4568, 0.875, 0.1111]
	 ->['ACCACAACUAACCACCAAGAGGAGGCAUGAUACGGA', '.((........((.((....)).))........)).', 0.3056, -8.010177738481256e-06, -3.5324, 0.4572, 1.0, 0.2222]
	 ->['ACCACAACUAAGCACCAAGAGCAGGCAUGAUACGGA', '...........((.......))..............', 0.1944, -9.760251318975276e-05, -1.5915, 0.4647, 1.0, 0.3889]
	 ->['CCCACAGAUAGGCACCAAGCGCAGUCAUGAUACGGA', '((..(((((..((.......)).))).))....)).', 0.1667, -0.00011875360824247109, -3.9706, 0.3257, 0.6667, 0.1667]
	 ->['UCCAGAGAUAGGCACCAAGUGCAGUCAUCAGCCGGA', '....(((((..((((...)))).))).)).......', 0.1111, -2.0614034594098608e-07, -7.2881, 0.2406, 0.5556, 0.2222]
	 >>> Resetting the solution to avoid local optima.
	 ->['AGGAGGAGGAAGGAGAAACACCACCAACCAAAACCA', '.((....((..((.(......).))..))....)).', 0.3333, -0.0007543586925342024, -4.0311, 0.4203, 1.0, 0.1111]
	 ->['AGGAGGAGGAAGGAGAAACACCACCAACCAAAACCA', '.((....((..((.(......).))..))....)).', 0.3333, -0.0007543586925342024, -4.0311, 0.4203, 1.0, 0.1111]
	 ->['AGGAGGAGGCAUGCGAAACACAACCAACCAAGACCA', '....((..(..((.......))..)..)).......', 0.1667, -0.009290227266395293, -2.0836, 0.3901, 0.8, 0.2222]
	 ->['AGGAGCGGGCCUGGGACACUCAGCCAAGCAUUACCU', '....((.(((.((((...)))))))..)).......', 0.1111, -2.0679451215601362e-08, -10.2053, 0.2189, 0.7778, 0.2222]
	 ->['AGGAGCGGGCCUGCGACACUCAGCCAAGCAUUUCCU', '((((((.(((.((.(...).)))))..))...))))', 0.0833, -4.295561699778666e-07, -8.8356, 0.2171, 0.75, 0.1667]
	 >>> Resetting the solution to avoid local optima.
	 ->['AGGAGGAGGAAGGAGAAACACCACCAACCAAAACCA', '.((....((..((.(......).))..))....)).', 0.3333, -0.0007543586925342024, -4.0311, 0.4203, 1.0, 0.1111]
	 ->['AGGAGGAGGAAGGAGAAACACCACCAACCAAAACCA', '.((....((..((.(......).))..))....)).', 0.3333, -0.0007543586925342024, -4.0311, 0.4203, 1.0, 0.1111]
	 ->['AGGAGGAGCAAGAAGAGACUUUGGCAACCAAUACCA', '....((.((..((((...)))).))..)).......', 0.0833, -8.20452134403931e-05, -3.7985, 0.3175, 0.625, 0.1667]
	 >>> Resetting the solution to avoid local optima.
	 ->['ACCACCACCAACCACAAAGAGGAGGAAGGAAAAGGA', '.((.((.((...........)).))..)).......', 0.4167, -0.0006013949554065783, -3.7708, 0.3925, 1.0, 0.1667]
	 ->['ACCACCACCAACCACAAAGAGGAGGAAGGAAUAGGA', '.((.((.((...........)).))..)).......', 0.4167, -0.0005888243539564336, -3.7838, 0.3919, 1.0, 0.1667]
	 ->['GCCCCAAUUGAGCUCAGAGAGUAAGAAUGAGAAGGA', '....((.((..((((...))))..)).)).......', 0.1944, -2.7701174015300542e-08, -4.5251, 0.3398, 0.375, 0.2222]
	 >>> Resetting the solution to avoid local optima.
	 ->['AGGAGGAGGAAGGAGAAACACCACCAACCAAAACCA', '.((....((..((.(......).))..))....)).', 0.3333, -0.0007543586925342024, -4.0311, 0.4203, 1.0, 0.1111]
	 ->['AGGAGGAGGAAGGAGAAACACCACCAACCAAAACCA', '.((....((..((.(......).))..))....)).', 0.3333, -0.0007543586925342024, -4.0311, 0.4203, 1.0, 0.1111]
	 ->['AGGAGGAUGAAGGAGAAACACCACAAACCAAAACCA', '....((.....((.......)).....)).......', 0.1389, -0.0014123158529837333, -1.9446, 0.3612, 1.0, 0.2778]
	 ->['CGGAGGAUGAAGGAGGCACGCCACAGACCAAAACCU', '....((.((..((.......)).))..)).......', 0.0833, -0.008970355581137669, -2.8052, 0.3977, 0.8333, 0.1667]




RNA sequences found with GC-content <= 0.48:

RNA sequences found with GC-content > 0.48:
@@ GGCACGGGCAACGGGAAUCGCGGGCAACGAAAAGCG 1.0
@@ GGCAUGGGCAACGGGAAUCGCGGGCAACAAAAAGCG 0.8888888888888888
@@ GGCAUGGGCAACGGGAAUCGCGGGCAACAAGAAGCG 0.8888888888888888
@@ GGCAUGGGCAACGGGACUCGCGGGCAACAAGAAGCG 0.8888888888888888
@@ GGCAUGGGCAACGGGACUCGCGGGCAACAGGAAGCG 0.8888888888888888


Elapsed time:                   86400.01225662231 secs.
Number of function evaluations: 68366153
----------------------------------------------------------------------


---------------------------------------
 FINISHED SUCCESSFULLY 
---------------------------------------
