
-----------------------------------------------------------------------
   _____ _____  ______ ______ _____             _____  _   _           
  / ____|  __ \|  ____|  ____|  __ \           |  __ \| \ | |   /\     
 | |  __| |__) | |__  | |__  | |  | |  ______  | |__) |  \| |  /  \    
 | | |_ |  _  /|  __| |  __| | |  | | |______| |  _  /| . ` | / /\ \   
 | |__| | | \ \| |____| |____| |__| |          | | \ \| |\  |/ ____ \  
  \_____|_|  \_\______|______|_____/           |_|  \_\_| \_/_/    \_\ 
       
                                       -- A. Rubio-Largo et al. 2023
-----------------------------------------------------------------------

------------------------------------------------------------------------------------------------------------------
CONFIGURATION: 

 * TARGET:           .((.((.((..((.(...).)).))..))....)).
 * STOPPING:         86400 secs.
 * SEED:             5
 * NO. OF SOLUTIONS: 1
 * max. GC-cont.:    0.48
 * MODEL:            TURNER2004
 * MUTATION PROB:    0.01
 * STAGNATION LIMIT: 50
------------------------------------------------------------------------------------------------------------------


 (1) Let's minimize the base-pair distance between predicted and target structures
    -> Min(Base-pair distance), min(Hamming distance), max(probability over ensemble), min(partition function), min(ensemble defect), min(%GC-content)


	 ->['AGGAGGAGGAAGGAGAAACACCACCAACCAAAACCA', '.((....((..((.(......).))..))....)).', 0.3333, -0.0007543586925342024, -4.0311, 0.4203, 1.0, 0.1111]
	 ->['AGGAGGAGGAAGGAGAAACACCACCAACCAAAACCA', '.((....((..((.(......).))..))....)).', 0.3333, -0.0007543586925342024, -4.0311, 0.4203, 1.0, 0.1111]
	 ->['AGGAGCAGGAAGGACAAAGACCACCAAGCAAAACCA', '....((..(..((.......))..)..)).......', 0.1667, -0.008023560000403239, -2.974, 0.2283, 1.0, 0.2222]
	 >>> Resetting the solution to avoid local optima.
	 ->['ACCACCACCAACCACAAAGAGGAGGAAGGAAAAGGA', '.((.((.((...........)).))..)).......', 0.4167, -0.0006013949554065783, -3.7708, 0.3925, 1.0, 0.1667]
	 ->['ACCACCACCAACCACAAAGAGGAGGAAGGAAAAGGA', '.((.((.((...........)).))..)).......', 0.4167, -0.0006013949554065783, -3.7708, 0.3925, 1.0, 0.1667]
	 ->['ACCACCACCAACCACAAAGAGGAGGGAGGAAAAGGC', '....((.((..((.......))..)).)).......', 0.1944, -0.0002105174167465667, -6.1177, 0.3209, 1.0, 0.2222]
	 ->['ACCGCCACCGAUCACAAAGCGAAGGGAGGAAAUGGG', '.(((((.((..((.......))..)).))...))).', 0.1667, -0.0020159978495948756, -6.2253, 0.242, 0.7778, 0.1667]
	 >>> Resetting the solution to avoid local optima.
	 ->['AGGAGGAGGAAGGAGAAACACCACCAACCAAAACCA', '.((....((..((.(......).))..))....)).', 0.3333, -0.0007543586925342024, -4.0311, 0.4203, 1.0, 0.1111]
	 ->['AGGAGGAGAAAGGAGAAACACCAUCAACCCAAACCA', '.((.(..((..((.......)).))..)))......', 0.2222, -0.00026824710634420427, -3.2684, 0.3788, 0.8571, 0.1667]
	 ->['AUGAGGAGAAAGGAGAAACACCAUCAACCCAAACAA', '.((.((.....((.......)).....)))).....', 0.1944, -2.6305448549885656e-05, -2.2996, 0.3812, 0.8333, 0.2778]
	 ->['AUGAGCCGCAAGGACAAAGACCAGCAAGCCAAACAA', '.((.((.((..((.......)).))..)))).....', 0.1389, -0.0001521757808560553, -3.3178, 0.2879, 0.875, 0.1667]
	 ->['ACGAGCCGCAAGGACAAAGACCAGCAAGCAAAACGG', '....((.((..((.......)).))..)).......', 0.0833, -0.00406216186022377, -2.8935, 0.2859, 1.0, 0.1667]
	 >>> Resetting the solution to avoid local optima.
	 ->['ACCACCACCAACCACAAAGAGGAGGAAGGAAAAGGA', '.((.((.((...........)).))..)).......', 0.4167, -0.0006013949554065783, -3.7708, 0.3925, 1.0, 0.1667]
	 ->['ACCACCACCAACCACAAAGAGGAGGAAGGAAAAGGA', '.((.((.((...........)).))..)).......', 0.4167, -0.0006013949554065783, -3.7708, 0.3925, 1.0, 0.1667]
	 ->['ACCACCACCAACCACAAAGGGGAGGAAGGAAAAGGA', '....((.((..((......))..))..)).......', 0.1944, -5.234495547238809e-05, -5.6755, 0.3936, 1.0, 0.2222]
	 ->['ACCACCACCAACGCCAAAGGCGAGGAAGGAAAAGGA', '....((..(..((((...))))..)..)).......', 0.1667, -4.6042994659492954e-07, -7.6928, 0.2375, 1.0, 0.2222]
	 ->['ACCACCACUAACGCGAAACGCGAGGAAGGAAAAGGA', '....((.....((((...)))).....)).......', 0.1389, -1.2489272824705021e-06, -5.8778, 0.3144, 1.0, 0.2778]
	 ->['ACCACCGCUAACGCGAAACGCGAGGAUGGAAAAGGA', '....(((((..((((...)))).)).))).......', 0.1111, -7.792528348173274e-08, -7.7876, 0.3313, 0.7778, 0.2222]
	 >>> Resetting the solution to avoid local optima.
	 ->['AGGAGGAGGAAGGAGAAACACCACCAACCAAAACCA', '.((....((..((.(......).))..))....)).', 0.3333, -0.0007543586925342024, -4.0311, 0.4203, 1.0, 0.1111]
	 ->['AGGAGGAGGAAGGAGAAACACCACCAACCAAAACCA', '.((....((..((.(......).))..))....)).', 0.3333, -0.0007543586925342024, -4.0311, 0.4203, 1.0, 0.1111]
	 ->['AGGAGGAGAAAGGAGAAACACCAUCGACCCAAACCA', '.((.(..((..((.......)).))..)))......', 0.2222, -0.0004005844714320255, -4.3212, 0.3544, 0.8571, 0.1667]
	 ->['AGGAGUAGAAAGGAGAAACACCGUCGAGCCAAACCA', '.((....((..((.......)).))...))......', 0.1944, -0.0012785589297050128, -3.2059, 0.3284, 0.8333, 0.2222]
	 ->['AGGAGUAGCAAGUAGAACCAACGGCGAACCCAACCA', '.((.((.((..((.......)).))..)))).....', 0.1389, -0.00038934591382906654, -4.0388, 0.2658, 0.75, 0.1667]
	 ->['AGGAGUAGCAAGUAGAACCAACGGCGAACGCAACCA', '..(.((.((..((.......)).))..)).).....', 0.1111, -0.005657603208000368, -2.3893, 0.3862, 0.7143, 0.1667]
	 >>> Resetting the solution to avoid local optima.
	 ->['ACCACCACCAACCACAAAGAGGAGGAAGGAAAAGGA', '.((.((.((...........)).))..)).......', 0.4167, -0.0006013949554065783, -3.7708, 0.3925, 1.0, 0.1667]
	 ->['ACCACCACCCACCACAAAGAGGAGGAAGGAAAAGGA', '....((..((.((.......)).))..)).......', 0.1944, -0.00010048396105780303, -5.0735, 0.3177, 1.0, 0.2222]
	 ->['ACCAUCACCCACCACAAAGAGGAGGAAGAUAAAGGA', '.(((((..((.((.......)).))..)))...)).', 0.1667, -1.0715715810556596e-05, -4.8531, 0.3042, 0.7778, 0.1667]
	 ->['ACCAGCGUCUAGGCGAAUCACCGGAAAGUUAAAGGG', '.(((((.(((.((.......)))))..)))...)).', 0.0833, -0.002957237955650137, -4.1891, 0.2712, 0.6, 0.1667]
	 >>> Resetting the solution to avoid local optima.
	 ->['ACCACCACCAACCACAAAGAGGAGGAAGGAAAAGGA', '.((.((.((...........)).))..)).......', 0.4167, -0.0006013949554065783, -3.7708, 0.3925, 1.0, 0.1667]
	 ->['ACCACCACCAACCACCAAGAGGAGGAAGGAAAAGGA', '.((....((..((.((....)).))..))....)).', 0.3611, -1.8650294895331888e-05, -5.9115, 0.4418, 1.0, 0.1111]
	 ->['ACCACGACGAACCACCAAGAGGACGAACGAAAAGGA', '.((....((.....((....)).....))....)).', 0.3056, -0.0010513755320194925, -2.0265, 0.395, 1.0, 0.2222]
	 ->['ACCACGGCCUACAACCAAGAUGAGGAACGAAAAGGG', '....((.(((.((.......)))))..)).......', 0.1111, -0.000407126745197052, -3.7112, 0.2158, 0.7143, 0.2222]
	 >>> Resetting the solution to avoid local optima.
	 ->['AGGAGGAGGAAGGAGAAACACCACCAACCAAAACCA', '.((....((..((.(......).))..))....)).', 0.3333, -0.0007543586925342024, -4.0311, 0.4203, 1.0, 0.1111]
	 ->['AGGAGGAGGAAGGAGAAACACCACCAACCAAAACCA', '.((....((..((.(......).))..))....)).', 0.3333, -0.0007543586925342024, -4.0311, 0.4203, 1.0, 0.1111]
	 ->['AGGAGGAGGGAGGAGUAACACCACCAACCAAAACCA', '....((..((.((.......)).))..)).......', 0.1944, -0.00027791120407603124, -6.3466, 0.3748, 1.0, 0.2222]
	 ->['AGGAGGAAGGAGGAGAAACACCACUAACCAAAUCCA', '.(((((..((.((.......)).))..))...))).', 0.1667, -0.00010809465092343246, -5.2286, 0.3254, 0.7778, 0.1667]
	 ->['AGGAGGAGUGAGGCGAAACACCAAUAACCAAAUCCA', '.(((((.....((.......)).....))...))).', 0.1111, -0.0005472259582015557, -4.229, 0.3699, 0.8571, 0.2222]
	 >>> Resetting the solution to avoid local optima.
	 ->['AGGAGGAGGAAGGAGAAACACCACCAACCAAAACCA', '.((....((..((.(......).))..))....)).', 0.3333, -0.0007543586925342024, -4.0311, 0.4203, 1.0, 0.1111]
	 ->['AGGAGGAGGAAGGAGAAACACCACCAACCAAAACCA', '.((....((..((.(......).))..))....)).', 0.3333, -0.0007543586925342024, -4.0311, 0.4203, 1.0, 0.1111]
	 ->['AGGAGGAUGCAGGAGAAACACCACAAACCCGAACCA', '.((.(..((..((.......)).))..)))......', 0.2222, -0.00029509157100243835, -3.1096, 0.3597, 0.8571, 0.1667]
	 ->['GGGACGAUGCAGGAGAAACACCACAAACGCUAACCA', '((..((.....((.......)).....))....)).', 0.1944, -0.0001787593475478552, -2.4185, 0.3843, 1.0, 0.2222]
	 ->['GGGACGACCUAGGAGAAACGCCAGGAACGAAGACCA', '((..((.(((.((.......)))))..))....)).', 0.1667, -0.00010281628809703488, -5.6594, 0.258, 0.8889, 0.1667]
	 ->['CGGACGACCUAUGAGAAACGCAAGGAACGAAGACCA', '....((.(((.((.......)))))..)).......', 0.1111, -0.00092370484420401, -2.5063, 0.3068, 0.7143, 0.2222]
	 ->['CGGACCACCUAUGGGAAACGCAAGGAAGGAAAACCA', '....((.(((.((.(...).)))))..)).......', 0.0833, -0.0024390306446853732, -4.7079, 0.2804, 0.75, 0.1667]
	 ->['CGGUCCACCUAUGGGAAACGCAAGGAAGGAAAACCA', '.(((((.(((.((.(...).)))))..)))...)).', 0.0556, -7.188438544006367e-05, -6.88, 0.2129, 0.7273, 0.1111]
	 >>> Resetting the solution to avoid local optima.
	 ->['AGGAGGAGGAAGGAGAAACACCACCAACCAAAACCA', '.((....((..((.(......).))..))....)).', 0.3333, -0.0007543586925342024, -4.0311, 0.4203, 1.0, 0.1111]
	 ->['AGGAGGAGGAAGGCGAAACACCACCAACCAAAACCA', '.((....((..((.(......).))..))....)).', 0.3333, -0.002128513383440122, -4.6918, 0.4085, 1.0, 0.1111]
	 ->['AGGAGUAGGAAGGCGAAACACCACCAAACAGAACCA', '.((........((.(......).))........)).', 0.2778, -0.004871935627013504, -2.5815, 0.3869, 1.0, 0.2222]
	 ->['AGGAGUAGGAAGGCGAAACACCCCCAAACAGAACCA', '.......((..((.......)).))...........', 0.1389, -0.006001768413715311, -2.6529, 0.3943, 1.0, 0.2778]
	 ->['AGGAGCAGGACGGCGAAACACCCCCAGGCAGAACCA', '....((.((..((.......)).))..)).......', 0.0833, -0.05019513793386262, -4.4439, 0.251, 1.0, 0.1667]
	 >>> Resetting the solution to avoid local optima.
	 ->['AGGAGGAGGAAGGAGAAACACCACCAACCAAAACCA', '.((....((..((.(......).))..))....)).', 0.3333, -0.0007543586925342024, -4.0311, 0.4203, 1.0, 0.1111]
	 ->['AGGAGGAGGAAGGAGAAACACCACCAACCAAAACCA', '.((....((..((.(......).))..))....)).', 0.3333, -0.0007543586925342024, -4.0311, 0.4203, 1.0, 0.1111]
	 ->['ACGAGGAGGAAGGAGAAACACCACCAACCAAAACGA', '....((..(..((.......))..)..)).......', 0.1667, -0.00031703461190241345, -3.2654, 0.3805, 1.0, 0.2222]
	 ->['CCGAGGAGCAAGGAGAAACACCAGCAGCCAAAACGA', '....((.((..((.......)).))..)).......', 0.0833, -0.0028610638394121965, -3.0095, 0.2535, 1.0, 0.1667]
	 >>> Resetting the solution to avoid local optima.
	 ->['ACCACCACCAACCACAAAGAGGAGGAAGGAAAAGGA', '.((.((.((...........)).))..)).......', 0.4167, -0.0006013949554065783, -3.7708, 0.3925, 1.0, 0.1667]
	 ->['ACCACCACCAACCACAAAGAGGAGGAAGGAAAAGGA', '.((.((.((...........)).))..)).......', 0.4167, -0.0006013949554065783, -3.7708, 0.3925, 1.0, 0.1667]
	 ->['ACCACCACCAAACACAAAGAGUAGGAAGGAAAAGGC', '.((....((...(((.....)).)...))....)).', 0.3333, -0.0009249881216771855, -1.9055, 0.4013, 0.8571, 0.1667]
	 ->['ACCAGCACCAAACACAAAGAGUAGGAAGUAAAAGGC', '....................................', 0.25, -0.00043618232044076097, -0.8688, 0.429, 0.0, 0.5]
	 ->['ACCAUCACCAUACGCAAAGAGUAGGCAGGACAAGGG', '.((.((.((.(((.......)))))...))...)).', 0.1667, -9.259633199511408e-06, -3.9431, 0.2982, 0.6667, 0.1667]
	 ->['ACCACCAGCAUACGCAAAGAGUAGCCAGGACAAGGG', '....((.((.(((.......)))))..)).......', 0.1111, -0.0002978503250731818, -4.4039, 0.2259, 0.7143, 0.2222]
	 ->['ACCACCAGCAACCGCAAUGAGGAGCAAGGAAAAGGG', '....((.((..((.......)).))..)).......', 0.0833, -0.012004959419886926, -3.7256, 0.279, 1.0, 0.1667]
	 >>> Resetting the solution to avoid local optima.
	 ->['ACCACCACCAACCACAAAGAGGAGGAAGGAAAAGGA', '.((.((.((...........)).))..)).......', 0.4167, -0.0006013949554065783, -3.7708, 0.3925, 1.0, 0.1667]
	 ->['ACCACCACCAUCCACAAAGAGGAGGAAGGAAAAGGA', '.((....((.(((.(......).))).))....)).', 0.3611, -1.9245382466064132e-05, -6.0922, 0.4042, 0.875, 0.1667]
	 ->['ACCACCACCAUCCAGAAAUAGGAGGAAGGAAAAGGA', '.((....((.(((..........))).))....)).', 0.3333, -1.958876313871697e-06, -5.7004, 0.3399, 0.8571, 0.2222]
	 ->['ACCACUACCAUCCAGAAAUAGGAGGAAGGAAAAGGA', '....((.((.(((.......))))).))........', 0.2222, -7.826897627929592e-08, -5.9849, 0.3911, 0.7143, 0.2778]
	 ->['UGCACUACCAUCCACAAUGCGGGGGAAAGAAAAGCA', '.......((.(((.......)))))...........', 0.1667, -0.002372024701760766, -4.425, 0.3626, 0.8, 0.3333]
	 ->['UGCACUACCAUUCACAAAGCGAGGGAAAGAAAUGCA', '((((((.((.(((.......)))))..))...))))', 0.1111, -0.00032948382351095424, -3.9416, 0.2887, 0.5455, 0.2222]
	 ->['AGCACGGGCAUUCACAAAGCGAGGCAACGAAAUGCA', '.(((((.((.(((.......)))))..))...))).', 0.0833, -0.0012760715555353928, -5.4071, 0.2205, 0.7, 0.1667]
	 >>> Resetting the solution to avoid local optima.
	 ->['ACCACCACCAACCACAAAGAGGAGGAAGGAAAAGGA', '.((.((.((...........)).))..)).......', 0.4167, -0.0006013949554065783, -3.7708, 0.3925, 1.0, 0.1667]
	 ->['ACCACCACCAACCACAAAGAGGAGGAAGGAAAAGGA', '.((.((.((...........)).))..)).......', 0.4167, -0.0006013949554065783, -3.7708, 0.3925, 1.0, 0.1667]
	 ->['ACCACCACCAACCACAAAGAGGAGGAAGGAGAAGGA', '.((..(.((..((.(......).))..)).)..)).', 0.3611, -0.00032994439103110527, -4.1408, 0.4002, 1.0, 0.1111]
	 ->['AGCACCACCGAUCACAAAGAGAAGGCAGGAGAAGCA', '....((.((..((.....))...))..)).......', 0.1944, -0.0018032207182770408, -3.494, 0.3017, 0.8333, 0.2222]
	 ->['AGCACCACCGAUCUCAAAGAGAAGGCAGGAGAAGCA', '....((.((..((((...)))).))..)).......', 0.0833, -6.029884636172506e-05, -5.9883, 0.2136, 0.75, 0.1667]
	 >>> Resetting the solution to avoid local optima.
	 ->['AGGAGGAGGAAGGAGAAACACCACCAACCAAAACCA', '.((....((..((.(......).))..))....)).', 0.3333, -0.0007543586925342024, -4.0311, 0.4203, 1.0, 0.1111]
	 ->['AGGAGGAGGAAGGAGCAACACCACCCACCAAAACCA', '....((.((..((.......))..)).)).......', 0.1944, -0.00012830513426427542, -5.3229, 0.3761, 1.0, 0.2222]
	 ->['AGCAACAGGAAGAACAAAGAUCACCCAGUUAAAGCA', '.(((((.((..((.......))..)).)))...)).', 0.1667, -5.94501656836724e-05, -2.897, 0.2856, 0.6667, 0.1667]
	 ->['AGCAACAGGAAGAACAAAGAUCGCCCAGUCAAAGCA', '.((.((.((..((.......))..)).))....)).', 0.1389, -0.000883618022953932, -2.0337, 0.3352, 0.75, 0.1111]
	 ->['AGCAGCAGUAAGAACAAAGAUCGACUAGCCAAAGCA', '.((.(((((..((.......)).))).))....)).', 0.0556, -0.0007633437732775541, -2.7238, 0.2189, 0.6667, 0.1111]
	 >>> Resetting the solution to avoid local optima.
	 ->['ACCACCACCAACCACAAAGAGGAGGAAGGAAAAGGA', '.((.((.((...........)).))..)).......', 0.4167, -0.0006013949554065783, -3.7708, 0.3925, 1.0, 0.1667]
	 ->['ACCAACACCAACCACAAAGCGGAGGAAGUAAAGGGC', '.((.((..(..((.......))..)..))...))..', 0.2222, -0.0009959848557570075, -2.9599, 0.3399, 0.8571, 0.1667]
	 ->['ACCAACACCAACCACAAAGCGGAGGAUGUAAAGGGC', '.((.(((((..((.......)).)).)))...))..', 0.1667, -4.5220389459760724e-05, -5.0656, 0.3004, 0.7778, 0.1667]
	 ->['ACCAACACCAACCACAAAGCGGAGGAUGUAAAAGGC', '....(((((..((.......)).)).))).......', 0.1111, -0.0003268689685399305, -3.8466, 0.2648, 0.7143, 0.2222]
	 ->['ACCACCACGAACCACAAAGCGGACGAUGGACAUGGC', '.((((((((..((.......)).)).)))...))).', 0.0833, -4.6852171791557614e-05, -6.1438, 0.2086, 0.8, 0.1667]
	 >>> Resetting the solution to avoid local optima.
	 ->['ACCACCACCAACCACAAAGAGGAGGAAGGAAAAGGA', '.((.((.((...........)).))..)).......', 0.4167, -0.0006013949554065783, -3.7708, 0.3925, 1.0, 0.1667]
	 ->['ACCACCACCAACCACAAAGAGGAGGAAGGAAAAGGA', '.((.((.((...........)).))..)).......', 0.4167, -0.0006013949554065783, -3.7708, 0.3925, 1.0, 0.1667]
	 ->['ACCACCACCAACCACAAAGAGGAGGAAGGAAAGGGA', '.((.((..(..((.......))..)..))...))..', 0.2222, -0.00011302657057138004, -4.8011, 0.3988, 1.0, 0.1667]
	 ->['GCCACCUCCGAACGCAAAGAGUAGGUAGGAAAGGGA', '.((.(((((..((.......)).)).)))...))..', 0.1667, -6.0345193772548645e-05, -6.8878, 0.347, 0.7778, 0.1667]
	 ->['GCCACAUGCGAACGCAAAGAGUAGCUAUGAAAAGGA', '....(((((..((.......)).)).))).......', 0.1111, -0.0006834111233349914, -3.592, 0.3772, 0.5714, 0.2222]
	 >>> Resetting the solution to avoid local optima.
	 ->['AGGAGGAGGAAGGAGAAACACCACCAACCAAAACCA', '.((....((..((.(......).))..))....)).', 0.3333, -0.0007543586925342024, -4.0311, 0.4203, 1.0, 0.1111]
	 ->['AGGAGCAGGAAGGAGAAACACCACCAAGCAAAACCA', '....((..(..((.......))..)..)).......', 0.1667, -0.006421113579164364, -3.0113, 0.2391, 1.0, 0.2222]
	 ->['AGGAGCAGUAAGGAGAAACACCAGCAAGCAAAACCA', '....((.....((.......)).....)).......', 0.1389, -0.004741286415845565, -1.8982, 0.2898, 1.0, 0.2778]
	 ->['AGGAGCAGUAAGGAGAAACACCAGCGAGCAAAACCA', '....((.((..((.......)).))..)).......', 0.0833, -0.009856153656384656, -2.6472, 0.2336, 0.8333, 0.1667]
	 >>> Resetting the solution to avoid local optima.
	 ->['AGGAGGAGGAAGGAGAAACACCACCAACCAAAACCA', '.((....((..((.(......).))..))....)).', 0.3333, -0.0007543586925342024, -4.0311, 0.4203, 1.0, 0.1111]
	 ->['AGGAGGAGGAAGGAGAAACACCACCAACCAAAACCA', '.((....((..((.(......).))..))....)).', 0.3333, -0.0007543586925342024, -4.0311, 0.4203, 1.0, 0.1111]
	 ->['AGGAGGACGAAGGAGAAACACCACGAACCAAAACCA', '....((.((..((.......)).))..)).......', 0.0833, -0.005619833315809364, -2.0934, 0.2865, 1.0, 0.1667]
	 ->['AGCAAGACGACGGCGCAACACCACGGACUUAAAGCA', '.(((((.((..((.......)).))..)))...)).', 0.0556, -0.009060333365035684, -2.6991, 0.2474, 0.7778, 0.1111]
	 >>> Resetting the solution to avoid local optima.
	 ->['ACCACCACCAACCACAAAGAGGAGGAAGGAAAAGGA', '.((.((.((...........)).))..)).......', 0.4167, -0.0006013949554065783, -3.7708, 0.3925, 1.0, 0.1667]
	 ->['ACCACCACCAACCACAAAGAGGAGGAAGGAAAAGGA', '.((.((.((...........)).))..)).......', 0.4167, -0.0006013949554065783, -3.7708, 0.3925, 1.0, 0.1667]
	 ->['UCCACGAGCAACCAGAAACAGGAGCAACGAAAAGGA', '.......((..((.......)).))...........', 0.1389, -0.003271450870998001, -2.3269, 0.2629, 1.0, 0.2778]
	 ->['UCCACAGGCAGCCAGAAACCGGAGCAUUGAAAAGGA', '(((.(((((..((.......)).)).)))....)))', 0.0833, -0.0020731980837588714, -3.708, 0.2299, 0.7, 0.1667]
	 >>> Resetting the solution to avoid local optima.
	 ->['ACCACCACCAACCACAAAGAGGAGGAAGGAAAAGGA', '.((.((.((...........)).))..)).......', 0.4167, -0.0006013949554065783, -3.7708, 0.3925, 1.0, 0.1667]
	 ->['ACCACCACCAACCACAAAGAGGAGGAAGGAAAAGGA', '.((.((.((...........)).))..)).......', 0.4167, -0.0006013949554065783, -3.7708, 0.3925, 1.0, 0.1667]
	 ->['ACCACCACCCACCACAAAGAGGAGGAAGGAAAAGGC', '....((..((.((.......)).))..)).......', 0.1944, -0.00010058979260142902, -5.0729, 0.3176, 1.0, 0.2222]
	 ->['GCCACCACCCACCACAAAGAGGAGGAAGGAAAAGGC', '(((.((..((.((.......)).))..))....)))', 0.1667, -7.809221090877164e-06, -6.6481, 0.2609, 1.0, 0.1667]
	 ->['GCCACCACUCACCACAAAGAGGAAGAAGGAAAAGGC', '(((.((.....((.......)).....))....)))', 0.1111, -3.471334889718798e-05, -3.8286, 0.3779, 1.0, 0.2222]
	 >>> Resetting the solution to avoid local optima.
	 ->['ACCACCACCAACCACAAAGAGGAGGAAGGAAAAGGA', '.((.((.((...........)).))..)).......', 0.4167, -0.0006013949554065783, -3.7708, 0.3925, 1.0, 0.1667]
	 ->['ACCACCACCAACCACAAAGAGGAGGAAGGAAAAGGA', '.((.((.((...........)).))..)).......', 0.4167, -0.0006013949554065783, -3.7708, 0.3925, 1.0, 0.1667]
	 ->['ACCACCGCGGACCACAAAGAGGAUGAAGGAAAAGGA', '....((.....((.......)).....)).......', 0.1389, -0.0016048465133606323, -2.6659, 0.3326, 1.0, 0.2778]
	 ->['ACCACCGCGGACCGCAAAGAGGAUGCAGGAAAAGGA', '....(((((..((.......)).))).)).......', 0.1111, -7.846918961296144e-05, -6.126, 0.2626, 0.8571, 0.2222]
	 >>> Resetting the solution to avoid local optima.
	 ->['ACCACCACCAACCACAAAGAGGAGGAAGGAAAAGGA', '.((.((.((...........)).))..)).......', 0.4167, -0.0006013949554065783, -3.7708, 0.3925, 1.0, 0.1667]
	 ->['ACCACCACCAACCACAAAGAGGAGGAAGGAAAGGGA', '.((.((..(..((.......))..)..))...))..', 0.2222, -0.00011302657057138004, -4.8011, 0.3988, 1.0, 0.1667]
	 ->['ACCACCAGUUACCACAAAGAGGAACAAGGAAAGGGA', '.((.((.(((.((.......)))))..))...))..', 0.1667, -2.4437827723777665e-05, -4.3449, 0.2577, 0.7778, 0.1667]
	 ->['GGACCCAGUUAGCCCCAUGAGCAGCGCGGAAAGUCG', '.(((((.(((.((.......)))))..))...))).', 0.0833, -1.8847951956449715e-05, -5.605, 0.1992, 0.7, 0.1667]
	 >>> Resetting the solution to avoid local optima.
	 ->['AGGAGGAGGAAGGAGAAACACCACCAACCAAAACCA', '.((....((..((.(......).))..))....)).', 0.3333, -0.0007543586925342024, -4.0311, 0.4203, 1.0, 0.1111]
	 ->['AGCAGGAGGAAGGAGAAACACCACCAACCAAAAGCA', '.((....((..((.(......).))..))....)).', 0.3333, -0.0014087847051754308, -3.7462, 0.3661, 1.0, 0.1111]
	 ->['AGCAGUAGGAAGGAGAAACACCACCGAGCAAAAGCA', '.((....((..((.......)).))..)).......', 0.1944, -0.0022418100342110623, -3.2598, 0.3525, 1.0, 0.1667]
	 ->['AGCAGCAGCAAGGAGAAACGCCGGCGAGCGAAAGCA', '....((.((..((.......)).))..)).......', 0.0833, -0.03624628158124945, -5.7446, 0.3032, 1.0, 0.1667]
	 ->['AGCAGGAGCAAGGGGAAACGCCGGCGACCGAAAGCA', '....((.((..((.(...).)).))..)).......', 0.0556, -0.08245143052464204, -7.1381, 0.2114, 1.0, 0.1111]
	 >>> Resetting the solution to avoid local optima.
	 ->['AGGAGGAGGAAGGAGAAACACCACCAACCAAAACCA', '.((....((..((.(......).))..))....)).', 0.3333, -0.0007543586925342024, -4.0311, 0.4203, 1.0, 0.1111]
	 ->['AGGAGGAGGAAGGAGAAACACCACCAACCAAAACCA', '.((....((..((.(......).))..))....)).', 0.3333, -0.0007543586925342024, -4.0311, 0.4203, 1.0, 0.1111]
	 ->['AGGAGGAGGAAUGAGAAACACAACCAACCAAAACCA', '....((..(..((.......))..)..)).......', 0.1667, -0.0012835254331124996, -2.0036, 0.4044, 0.8, 0.2222]
	 ->['AGGAGCAGGAAUGAGAAACACAACCAAGCAAAACCA', '....((.((..............))..)).......', 0.1389, -0.004246245116196081, -1.5662, 0.2973, 1.0, 0.2778]
	 ->['AGCUGCAGGAAAGAGAAACACUACCAAGCGAAAGCA', '.(((((.((..............))..))...))).', 0.1111, -0.0002001318507531116, -3.5489, 0.342, 0.8571, 0.2222]
	 >>> Resetting the solution to avoid local optima.
	 ->['AGGAGGAGGAAGGAGAAACACCACCAACCAAAACCA', '.((....((..((.(......).))..))....)).', 0.3333, -0.0007543586925342024, -4.0311, 0.4203, 1.0, 0.1111]
	 ->['AGGAGGAGGAAGGAGAAACACCACCAACCAAAACCA', '.((....((..((.(......).))..))....)).', 0.3333, -0.0007543586925342024, -4.0311, 0.4203, 1.0, 0.1111]
	 ->['AGGAGGGGCACGGACAAAGACCAGCAACCAAAACCA', '....((.((..((.......)).))..)).......', 0.0833, -0.010854366883243658, -4.1877, 0.2418, 1.0, 0.1667]
	 >>> Resetting the solution to avoid local optima.
	 ->['AGGAGGAGGAAGGAGAAACACCACCAACCAAAACCA', '.((....((..((.(......).))..))....)).', 0.3333, -0.0007543586925342024, -4.0311, 0.4203, 1.0, 0.1111]
	 ->['AGGAGGAGGAAGGAGAAACACCACCAACCAAAACCA', '.((....((..((.(......).))..))....)).', 0.3333, -0.0007543586925342024, -4.0311, 0.4203, 1.0, 0.1111]
	 ->['AGGAGGAGGAGGGAGAAGCGCCACCGACCAAAACCA', '....((.((.((........)).))..)).......', 0.1944, -0.002785880353276489, -6.9259, 0.3702, 1.0, 0.2222]
	 ->['AGGAGGAGGAGGGAGAAGCGCCACCGACCUAAACCA', '.(((((.((.((........)).))..)))...)).', 0.1667, -0.0002291877163202146, -8.4654, 0.3562, 0.8889, 0.1667]
	 ->['AGCAGGAGGAGGACGAAGCGUCACCGACCUAAAGCA', '.(((((..(..((((...))))..)..)))...)).', 0.1389, -6.691425091321846e-07, -9.9624, 0.2061, 0.8, 0.1667]
	 ->['AGCAUCAGGAACGUGACACUCGGCCGGGAUAAAGCA', '.(((((.((..((.......)).))..)))...)).', 0.0556, -0.0033935404357090687, -4.5043, 0.1887, 0.7778, 0.1111]
	 >>> Resetting the solution to avoid local optima.
	 ->['ACCACCACCAACCACAAAGAGGAGGAAGGAAAAGGA', '.((.((.((...........)).))..)).......', 0.4167, -0.0006013949554065783, -3.7708, 0.3925, 1.0, 0.1667]
	 ->['ACCACCACCAACCACAAAGAGGAGGCAGGAAAAGGA', '.((.((.((...........)).))..)).......', 0.4167, -0.0006656804636920912, -3.9082, 0.3987, 1.0, 0.1667]
	 ->['ACCACCACCAACCGCAAAGAGGAGGCAGGAAAAGGG', '.((....((..((.(......).))..))....)).', 0.3333, -0.0013482560568413844, -4.9732, 0.3955, 1.0, 0.1111]
	 ->['ACCACCACCAACCGGAAAUAGGAGGCAGGAAAAGGG', '.((....((..((..........))..))....)).', 0.3056, -0.0001560766911916307, -4.5022, 0.3625, 1.0, 0.1667]
	 ->['ACCACCAUCAACCGAAAAUAGGAGACAGGAAAAGGG', '....((.....((.......)).....)).......', 0.1389, -0.00027622349781515935, -2.5503, 0.3005, 1.0, 0.2778]
	 ->['ACCACCGUCAACCGGAAACAGGAGACAGGAAAAGGG', '....(((((..((.......)).))).)).......', 0.1111, -6.653920724823537e-05, -5.7276, 0.2476, 0.8571, 0.2222]
	 ->['AGCUCCGUCAACCGCAAUGAGGCGACAGGUAAAGCA', '.((((((((..((.......)).))).))...))).', 0.0833, -1.5408426914293388e-05, -7.4292, 0.2296, 0.8, 0.1667]
	 >>> Resetting the solution to avoid local optima.
	 ->['ACCACCACCAACCACAAAGAGGAGGAAGGAAAAGGA', '.((.((.((...........)).))..)).......', 0.4167, -0.0006013949554065783, -3.7708, 0.3925, 1.0, 0.1667]
	 ->['ACCACCGCCAACCACAAAGAGGAGGAAGGAAAAGGA', '.((.((.((...........)).))..)).......', 0.4167, -0.0006591490184886857, -4.5143, 0.4041, 1.0, 0.1667]
	 ->['ACCACCGCCAACCACAAAGAGGAGGAAGGAAAAGGG', '.((....((..((.(......).))..))....)).', 0.3333, -0.0008328438576025788, -4.8701, 0.4011, 1.0, 0.1111]
	 ->['ACCACCGCGGACCACAAAGAGGAUGAAGGAAAAGGG', '....((.....((.......)).....)).......', 0.1389, -0.0026055427929762448, -2.8672, 0.3178, 1.0, 0.2778]
	 ->['ACCACCGCAGACGACUAAGACGAUGCAGGAAAAGGG', '....(((((..((.......)).))).)).......', 0.1111, -0.0002230749582243421, -4.882, 0.2121, 0.8571, 0.2222]
	 ->['ACCAGCGGAGACAACUAAGAUGAUCCAGCUCAAGGG', '.((((((((..((.......)).))).)))...)).', 0.0833, -1.5758320301233738e-05, -6.2154, 0.236, 0.7, 0.1667]
	 >>> Resetting the solution to avoid local optima.
	 ->['AGGAGGAGGAAGGAGAAACACCACCAACCAAAACCA', '.((....((..((.(......).))..))....)).', 0.3333, -0.0007543586925342024, -4.0311, 0.4203, 1.0, 0.1111]
	 ->['AGGAGGAGGAAUGAGAAACACAGCCAACCAAAACCA', '....((..(..((.......))..)..)).......', 0.1667, -0.0030100946206488787, -2.5782, 0.351, 0.8, 0.2222]
	 ->['AGGAGGAGGAAUGACAAAGACAGCCGGCUAAAACCA', '.((((..((..((.......)).))..))....)).', 0.1389, -0.0009859531306740462, -2.8661, 0.3926, 0.75, 0.1111]
	 >>> Resetting the solution to avoid local optima.
	 ->['AGGAGGAGGAAGGAGAAACACCACCAACCAAAACCA', '.((....((..((.(......).))..))....)).', 0.3333, -0.0007543586925342024, -4.0311, 0.4203, 1.0, 0.1111]
	 ->['AGGAGGAGGAAGGAGAAGCACCACCAACCAAAACCA', '.((....((..((.(......).))..))....)).', 0.3333, -0.0008310458935846239, -3.9715, 0.4122, 1.0, 0.1111]
	 ->['AGGAGGACGAAGGAGAAGCACCACGAACCAAAACCA', '....((.((..((.......)).))..)).......', 0.0833, -0.005524465325980542, -2.104, 0.291, 1.0, 0.1667]
	 >>> Resetting the solution to avoid local optima.
	 ->['AGGAGGAGGAAGGAGAAACACCACCAACCAAAACCA', '.((....((..((.(......).))..))....)).', 0.3333, -0.0007543586925342024, -4.0311, 0.4203, 1.0, 0.1111]
	 ->['AGGAGGAGGAAGGCGAAACACCACCGACCAAAACCA', '.((....((..((.(......).))..))....)).', 0.3333, -0.0018414328851526216, -6.0811, 0.4139, 1.0, 0.1111]
	 ->['AGGAUGAGGAAGGCGAAACACCACCGACGAAAACCA', '.((.....(..((.(......).))..).....)).', 0.3056, -0.0008341827857229919, -3.9691, 0.4038, 1.0, 0.1667]
	 ->['AGGACGAGUAAGGCGAAACACCAACGACGAAAACCA', '.((....((..((.......))....)).....)).', 0.1944, -0.036077604735729754, -1.7475, 0.3054, 0.8333, 0.2222]
	 ->['AGGACGAGUAAGGCGAAACACCUACGACGAAAACCA', '....((.(((.((.......)))))..)).......', 0.1111, -0.000986057846385141, -3.966, 0.202, 0.7143, 0.2222]
	 ->['AGGACGAGUAAGGCGAAACACCUACGACGAAAUCCA', '.(((((.(((.((.......)))))..))...))).', 0.0833, -4.2899469312901106e-05, -5.8981, 0.1784, 0.7, 0.1667]
	 >>> Resetting the solution to avoid local optima.
	 ->['AGGAGGAGGAAGGAGAAACACCACCAACCAAAACCA', '.((....((..((.(......).))..))....)).', 0.3333, -0.0007543586925342024, -4.0311, 0.4203, 1.0, 0.1111]
	 ->['AGGAGGAGGAAGGAGAAACACCACCAACCAAAACCA', '.((....((..((.(......).))..))....)).', 0.3333, -0.0007543586925342024, -4.0311, 0.4203, 1.0, 0.1111]
	 ->['GCGAGGAGGAACGAGAAACACGACCAACCAAAACGA', '....((..(..((.......))..)..)).......', 0.1667, -0.0012404454098775264, -1.9246, 0.2949, 1.0, 0.2222]
	 ->['GCGAGGAGGAACGACAAAGACGACCGACCAAAACGA', '....((.((..((.......)).))..)).......', 0.0833, -0.002868191267635612, -2.808, 0.2628, 1.0, 0.1667]
	 >>> Resetting the solution to avoid local optima.
	 ->['AGGAGGAGGAAGGAGAAACACCACCAACCAAAACCA', '.((....((..((.(......).))..))....)).', 0.3333, -0.0007543586925342024, -4.0311, 0.4203, 1.0, 0.1111]
	 ->['AGGAGGAGGAAGGAGAAACACCACCAACCAAAACCA', '.((....((..((.(......).))..))....)).', 0.3333, -0.0007543586925342024, -4.0311, 0.4203, 1.0, 0.1111]
	 ->['AGGAGUAGGAAGGAGAAACACCACCAAGCAGAACCA', '.......((..((.......)).))...........', 0.1389, -0.0019306943898362496, -2.1519, 0.3518, 1.0, 0.2778]
	 ->['AGGAGCAGCAAGAACAAAGAUCGGCGAGCAAAACCA', '....((.((..((.......)).))..)).......', 0.0833, -0.041697257525779796, -3.3582, 0.1619, 0.8333, 0.1667]
	 ->['AGGAGCAGCAAGAACAAAGAUCGGCGAGUUAAACCA', '.(((((.((..((.......)).))..)))...)).', 0.0556, -0.007887006341362413, -2.7846, 0.1838, 0.6667, 0.1111]
	 >>> Resetting the solution to avoid local optima.
	 ->['AGGAGGAGGAAGGAGAAACACCACCAACCAAAACCA', '.((....((..((.(......).))..))....)).', 0.3333, -0.0007543586925342024, -4.0311, 0.4203, 1.0, 0.1111]
	 ->['AGGAGCAGGAAGGAGAAACACCACCCAGCAAAACCA', '....((.((..((.......))..)).)).......', 0.1944, -0.0002372273085369337, -5.0441, 0.2715, 1.0, 0.2222]
	 ->['AGGAGCAGGAAGGAGAAACACCACCAAGCAAAACCA', '....((..(..((.......))..)..)).......', 0.1667, -0.006421113579164364, -3.0113, 0.2391, 1.0, 0.2222]
	 ->['AGGAGCAGGAACGAGAAACACGACCACGCAAAACCA', '....((.((..((.......)).))..)).......', 0.0833, -0.011160126449254862, -1.9706, 0.2328, 1.0, 0.1667]
	 ->['CGGGGCAGGAACGAGAAACGCGACCAGGCUAAACCA', '.(((((.((..((.......)).))..)))...)).', 0.0556, -0.0018918799499301688, -5.2644, 0.233, 0.8889, 0.1111]
	 >>> Resetting the solution to avoid local optima.
	 ->['ACCACCACCAACCACAAAGAGGAGGAAGGAAAAGGA', '.((.((.((...........)).))..)).......', 0.4167, -0.0006013949554065783, -3.7708, 0.3925, 1.0, 0.1667]
	 ->['ACCACCACCAACCACAAAGAGGAGGAAGGAAAAGGA', '.((.((.((...........)).))..)).......', 0.4167, -0.0006013949554065783, -3.7708, 0.3925, 1.0, 0.1667]
	 ->['ACGACCACCAACCACAAAGAGGAGGAAGGAAAACGA', '.(..((.((...........)).))..)........', 0.3889, -0.00026187957412198483, -3.3832, 0.3981, 1.0, 0.2222]
	 ->['ACGUCCACCAACCACAAAGAGGAGGAAGGAAAACGA', '...(((..(..((.......))..)..)))......', 0.1944, -1.874886082987315e-05, -5.0083, 0.3796, 0.8333, 0.2778]
	 ->['ACGUCCACCAACCGCAAAGAGGAGGUAGGAAAACGA', '...((((((..((.......)).))).)))......', 0.1389, -1.306066516991821e-06, -7.8502, 0.3378, 0.75, 0.2778]
	 ->['CCGUACGCCAGGCGCAAUGAGUAGGUAGUUAAACGA', '.((((((((..((.......)).))).))...))).', 0.0833, -9.833730176419342e-05, -4.7869, 0.2198, 0.6, 0.1667]
	 ->['AGCAACGCCAGGCGCAAAGAGUAGGAAGUUAAAGCA', '.(((((.((..((.......)).))..)))...)).', 0.0556, -0.0016477340305263198, -3.4496, 0.2471, 0.6667, 0.1111]
	 >>> Resetting the solution to avoid local optima.
	 ->['ACCACCACCAACCACAAAGAGGAGGAAGGAAAAGGA', '.((.((.((...........)).))..)).......', 0.4167, -0.0006013949554065783, -3.7708, 0.3925, 1.0, 0.1667]
	 ->['ACCACCACCAACCACAAAGAGGAGGAAGGAAAAGGA', '.((.((.((...........)).))..)).......', 0.4167, -0.0006013949554065783, -3.7708, 0.3925, 1.0, 0.1667]
	 ->['GCCACCACCCACCACAAAGAGGAGGAAGGAAAAGGA', '....((..((.((.......)).))..)).......', 0.1944, -0.00012105348529001058, -5.1588, 0.3162, 1.0, 0.2222]
	 ->['GCCACCAGCGACCACAAAGAGGAGCAAGGAAAAGGA', '....((.((..((.......)).))..)).......', 0.0833, -0.006331738278586744, -4.1199, 0.235, 1.0, 0.1667]
	 ->['AGGAGCAGAGCGGACAAAGACCAUCGAGUUAAACCA', '.(((((.((..((.......)).))..)))...)).', 0.0556, -0.0037985499165894736, -2.7348, 0.2319, 0.6667, 0.1111]
	 >>> Resetting the solution to avoid local optima.
	 ->['AGGAGGAGGAAGGAGAAACACCACCAACCAAAACCA', '.((....((..((.(......).))..))....)).', 0.3333, -0.0007543586925342024, -4.0311, 0.4203, 1.0, 0.1111]
	 ->['AGGAGGAGGAAGGAGAAACACCACCAACCAAAACCA', '.((....((..((.(......).))..))....)).', 0.3333, -0.0007543586925342024, -4.0311, 0.4203, 1.0, 0.1111]
	 ->['AGGAGGAGCAAGGACAAAGACCAGCAACCAAAACCA', '....((.((..((.......)).))..)).......', 0.0833, -0.009368499386339463, -2.8785, 0.2487, 1.0, 0.1667]
	 >>> Resetting the solution to avoid local optima.
	 ->['ACCACCACCAACCACAAAGAGGAGGAAGGAAAAGGA', '.((.((.((...........)).))..)).......', 0.4167, -0.0006013949554065783, -3.7708, 0.3925, 1.0, 0.1667]
	 ->['ACCACCACCAACCACAAAGAGGAGGAAGGUAAAGGA', '.((...(((..((.(......).))..)))...)).', 0.3611, -3.857962589980954e-05, -5.4635, 0.4119, 0.875, 0.1667]
	 >>> Resetting the solution to avoid local optima.
	 ->['ACCACCACCAACCACAAAGAGGAGGAAGGAAAAGGA', '.((.((.((...........)).))..)).......', 0.4167, -0.0006013949554065783, -3.7708, 0.3925, 1.0, 0.1667]
	 ->['ACCACCACCAACCACGAAGAGGAGGAAGGAAAAGGA', '.((....((..((.(......).))..))....)).', 0.3333, -0.000282452056266703, -4.2366, 0.4048, 1.0, 0.1111]
	 ->['ACCACCACCAAUCGCGAAGAGAAGGAAGGAAAAGGA', '....((.((..((.....))...))..)).......', 0.1944, -0.001099226897428378, -2.9991, 0.354, 0.8333, 0.2222]
	 ->['ACCACCGCCAAUCGCGAUGAGAAGGAAGGAAAUGGA', '.(((((.((..((.....))...))..))...))).', 0.1667, -0.0001730612062393293, -4.9385, 0.3806, 0.7778, 0.1667]
	 ->['ACCACGGCCAAUCGCGAUGAGAGGGAACGAAAUGGA', '.(((((..(..((.......))..)..))...))).', 0.1389, -0.00026641299978095165, -5.4726, 0.2599, 0.75, 0.1667]
	 >>> Resetting the solution to avoid local optima.
	 ->['ACCACCACCAACCACAAAGAGGAGGAAGGAAAAGGA', '.((.((.((...........)).))..)).......', 0.4167, -0.0006013949554065783, -3.7708, 0.3925, 1.0, 0.1667]
	 ->['ACCACCACCAACCACAAAGAGGAGGAAGGAAAAGGA', '.((.((.((...........)).))..)).......', 0.4167, -0.0006013949554065783, -3.7708, 0.3925, 1.0, 0.1667]
	 ->['ACCACCACCGACCACAAAGAGGAGGAAGGAAAAGGC', '.((....((..((.(......).))..))....)).', 0.3333, -0.0006867737233653237, -4.989, 0.3966, 1.0, 0.1111]
	 ->['AGCACCACCGCCCACAAAGAGGAGGAAGGAAAAGCG', '....((.((.((........)).))..)).......', 0.1944, -0.000880861859774601, -5.3356, 0.3239, 1.0, 0.2222]
	 ->['AGCACCACCACCCACAAAGAGGAGGAAGGAAAAGCG', '....((..(..((.......))..)..)).......', 0.1667, -0.00036400499493494185, -4.6802, 0.3279, 1.0, 0.2222]
	 ->['CGCGCCACCACCCAGAAACAGGAGGAAGGAAAUGCA', '.(((((..(..((.......))..)..))...))).', 0.1389, -0.00011527671492235414, -5.4889, 0.285, 0.875, 0.1667]
	 ->['CGCGCGGCCAUCCACAUAGCGGGGGAACGAAAUGCA', '.(((((.((.(((.......)))))..))...))).', 0.0833, -0.0020238141120665558, -6.7229, 0.2643, 0.8, 0.1667]
	 >>> Resetting the solution to avoid local optima.
	 ->['AGGAGGAGGAAGGAGAAACACCACCAACCAAAACCA', '.((....((..((.(......).))..))....)).', 0.3333, -0.0007543586925342024, -4.0311, 0.4203, 1.0, 0.1111]
	 ->['AGGAGGAGGAAGGAGAAACACCACCAACCAAAACCA', '.((....((..((.(......).))..))....)).', 0.3333, -0.0007543586925342024, -4.0311, 0.4203, 1.0, 0.1111]
	 ->['AGGAGCAGGAAGGAGAAACACCACCAAGCAAAACCA', '....((..(..((.......))..)..)).......', 0.1667, -0.006421113579164364, -3.0113, 0.2391, 1.0, 0.2222]
	 ->['AGGAGCAGGAAGGAGAAACACCACCAAGCAAAUCCA', '.(((((..(..((.......))..)..))...))).', 0.1389, -0.0003186314208259179, -4.8623, 0.2421, 0.875, 0.1667]
	 ->['AGGUGCAGCGUGGAGAAUCGCCAGCAGGCAAGUCCA', '.(((((.((.(((.......)))))..)))...)).', 0.0833, -0.00029664551041945107, -8.6064, 0.2797, 0.8, 0.1667]
	 ->['AGGUGCAGCGUUGGGAAUCGCAAGCAGGCAAGUCCA', '.(((((.((.(((.(...).)))))..)))...)).', 0.0556, -0.0015358584344517992, -7.6929, 0.208, 0.7273, 0.1111]
	 >>> Resetting the solution to avoid local optima.
	 ->['AGGAGGAGGAAGGAGAAACACCACCAACCAAAACCA', '.((....((..((.(......).))..))....)).', 0.3333, -0.0007543586925342024, -4.0311, 0.4203, 1.0, 0.1111]
	 ->['AGGAGGAGGAAGGAGAAACACCACCAACCAAAACCA', '.((....((..((.(......).))..))....)).', 0.3333, -0.0007543586925342024, -4.0311, 0.4203, 1.0, 0.1111]
	 ->['UUGAGCAGGAAGUACAAUGAACACCAAGCAAAACAA', '....((..(..((.......))..)..)).......', 0.1667, -0.00019685613235321446, -1.5591, 0.3579, 0.8, 0.2222]
	 ->['UUCAGCAGGAAGUACAAUGAACACCGGGCAAAAGAA', '....((.((..............))..)).......', 0.1389, -0.0007159078782056726, -2.2634, 0.3131, 1.0, 0.2778]
	 ->['UCCAGCAGGAAGUACAAAGAACUCCGGGCAAAAGGG', '....((.(((.((.......)))))..)).......', 0.1111, -0.0001071165318803685, -5.5342, 0.2302, 0.7143, 0.2222]
	 ->['CCCUGCACAGUGAACAUAGAUCUUGGAGCCAAAGGA', '.(((((.(((.((.......)))))..))...))).', 0.0833, -0.0003983433502838381, -4.1247, 0.2442, 0.6, 0.1667]
	 >>> Resetting the solution to avoid local optima.
	 ->['AGGAGGAGGAAGGAGAAACACCACCAACCAAAACCA', '.((....((..((.(......).))..))....)).', 0.3333, -0.0007543586925342024, -4.0311, 0.4203, 1.0, 0.1111]
	 ->['AGGAGGAGGAAGGAGAAACACCACCGACCAAAACCA', '.((....((..((.(......).))..))....)).', 0.3333, -0.0008905082583679695, -5.2289, 0.4221, 1.0, 0.1111]
	 ->['AGGAGCAGGAAGGACAAAGACCACCGAGCAAAACCA', '....((.((..((.......)).))..)).......', 0.0833, -0.013450481851072237, -3.8556, 0.2012, 1.0, 0.1667]
	 >>> Resetting the solution to avoid local optima.
	 ->['AGGAGGAGGAAGGAGAAACACCACCAACCAAAACCA', '.((....((..((.(......).))..))....)).', 0.3333, -0.0007543586925342024, -4.0311, 0.4203, 1.0, 0.1111]
	 ->['AGGAGGAGGAAGGAGAAACACCACCAACCAAAACCA', '.((....((..((.(......).))..))....)).', 0.3333, -0.0007543586925342024, -4.0311, 0.4203, 1.0, 0.1111]
	 ->['AGGAGGAGGAAGGAGAAGCGCCACCGACCCAAACCA', '.((.(..((..((.......)).))..)))......', 0.2222, -0.001066140348802149, -6.1179, 0.3625, 1.0, 0.1667]
	 ->['AUGAGCAGGAAGGAGAAGCGCCGCCGAGCCAAACAA', '.((.((.((..((.......)).))..)))).....', 0.1389, -0.0005109816467701965, -5.1712, 0.253, 0.875, 0.1667]
	 ->['CCGAGCAGCAAGGAGAAACGCCGGCGAGCCAAACGA', '....((.((..((.......)).))..)).......', 0.0833, -0.01787779589223007, -5.1802, 0.2504, 1.0, 0.1667]
	 ->['CCGAGCAGCAAGGGGAAACGCCGGCGAGCCAAACGA', '....((.((..((.(...).)).))..)).......', 0.0556, -0.03193877980625629, -6.9226, 0.2147, 1.0, 0.1111]
	 >>> Resetting the solution to avoid local optima.
	 ->['AGGAGGAGGAAGGAGAAACACCACCAACCAAAACCA', '.((....((..((.(......).))..))....)).', 0.3333, -0.0007543586925342024, -4.0311, 0.4203, 1.0, 0.1111]
	 ->['AGGAGGAGGAAGGAGAAACACCACCAACCAAAACCA', '.((....((..((.(......).))..))....)).', 0.3333, -0.0007543586925342024, -4.0311, 0.4203, 1.0, 0.1111]
	 ->['AGGAGGAAGAAGGAGAAACACCACUAACCAAAACCA', '....((.....((.......)).....)).......', 0.1389, -0.0016569759477445085, -1.8462, 0.3612, 1.0, 0.2778]
	 ->['AGGAGGACGAAGGACAAAGACCACGAACCAAAACCA', '....((.((..((.......)).))..)).......', 0.0833, -0.0068927404410583665, -2.0676, 0.2818, 1.0, 0.1667]
	 >>> Resetting the solution to avoid local optima.
	 ->['ACCACCACCAACCACAAAGAGGAGGAAGGAAAAGGA', '.((.((.((...........)).))..)).......', 0.4167, -0.0006013949554065783, -3.7708, 0.3925, 1.0, 0.1667]
	 ->['AUCACCACCAACGACAAAGACGAGGAAGGAAAAGGA', '....((..(..((.......))..)..)).......', 0.1667, -3.0965268727879066e-05, -1.699, 0.3414, 1.0, 0.2222]
	 ->['AGCACCACGGACGACAAAGACGACGGAGGAAAAGCC', '....((.((..((.......)).))..)).......', 0.0833, -0.014722656371967914, -3.1999, 0.2325, 1.0, 0.1667]
	 >>> Resetting the solution to avoid local optima.
	 ->['ACCACCACCAACCACAAAGAGGAGGAAGGAAAAGGA', '.((.((.((...........)).))..)).......', 0.4167, -0.0006013949554065783, -3.7708, 0.3925, 1.0, 0.1667]
	 ->['ACCACCACCAACCACAAAGAGGAGGAAGGAAAAGGA', '.((.((.((...........)).))..)).......', 0.4167, -0.0006013949554065783, -3.7708, 0.3925, 1.0, 0.1667]
	 ->['ACCGCAACCAACCGCAAAGAGGAGGAAUGCAAAGGG', '.(((((..(..((.......))..)..)))...)).', 0.1389, -1.48617217534852e-05, -5.8515, 0.2444, 0.875, 0.1667]
	 ->['ACCGCGAGUUACCGCAAUGAGGAACGACGCUAAGGG', '.(((((.(((.((.......)))))..)))...)).', 0.0833, -9.837008051917023e-07, -8.0249, 0.2127, 0.8, 0.1667]
	 ->['ACCAUCAGCGAGCCCAAUGAGCAGCGAGAUUAAGGG', '.(((((.((..((.......)).))..)))...)).', 0.0556, -0.0047405723961399535, -4.9983, 0.159, 0.7778, 0.1111]
	 >>> Resetting the solution to avoid local optima.
	 ->['ACCACCACCAACCACAAAGAGGAGGAAGGAAAAGGA', '.((.((.((...........)).))..)).......', 0.4167, -0.0006013949554065783, -3.7708, 0.3925, 1.0, 0.1667]
	 ->['ACCACCACCAACCACAAAGAGGAGGAAGGAAGAGGA', '.((.(..((..((.(......).))..))..).)).', 0.3611, -0.00040233306845962897, -4.0185, 0.4004, 1.0, 0.1111]
	 ->['ACCAGCACCAACCACAAAGAGGAGGAAGUAAGAGGA', '....((..(..((.......))..)..)).......', 0.1667, -0.0007693459217837911, -2.119, 0.3382, 0.8, 0.2222]
	 ->['ACCAGCACCAACCGCAAAGAGGAGGAAGUUAGAGGA', '.(((((..(..((.......))..)..)))...)).', 0.1389, -0.0004456359741526622, -3.4555, 0.2876, 0.75, 0.1667]
	 ->['ACCAGCAGCAACCGCAAAGAGGAGUAAGUUAUAGGG', '.(((((.....((.......)).....)))...)).', 0.1111, -0.0003850892901873033, -2.7455, 0.3759, 0.7143, 0.2222]
	 >>> Resetting the solution to avoid local optima.
	 ->['ACCACCACCAACCACAAAGAGGAGGAAGGAAAAGGA', '.((.((.((...........)).))..)).......', 0.4167, -0.0006013949554065783, -3.7708, 0.3925, 1.0, 0.1667]
	 ->['ACCACCACCAACCACAAAGAGGAGGAAGGAAAAGGA', '.((.((.((...........)).))..)).......', 0.4167, -0.0006013949554065783, -3.7708, 0.3925, 1.0, 0.1667]
	 ->['ACGACCACCAACCACAAAGAGGAGGAAGGAAAAUGA', '.(..((.((...........)).))..)........', 0.3889, -2.0285792118471347e-05, -3.2597, 0.4088, 1.0, 0.2222]
	 ->['AGAAUCACCAAGCAGAAACCGCAGGAAGAAAAAUCA', '.......((..((.......)).))...........', 0.1389, -0.00042804425468146004, -1.8804, 0.3217, 1.0, 0.2778]
	 ->['AGAAUCACCAAGCAGAAACGGCGGGUCGACAAAUCA', '....(((((..((.......)).))).)).......', 0.1111, -5.7421583799160156e-05, -4.5184, 0.2656, 0.7143, 0.2222]
	 ->['AGCAUCAACAAGGAGAAACGCCGGUUAGACAAAGCA', '.((.(((((..((.......)).))).))....)).', 0.0556, -0.0020644366232080414, -2.7106, 0.2604, 0.6667, 0.1111]
	 >>> Resetting the solution to avoid local optima.
	 ->['AGGAGGAGGAAGGAGAAACACCACCAACCAAAACCA', '.((....((..((.(......).))..))....)).', 0.3333, -0.0007543586925342024, -4.0311, 0.4203, 1.0, 0.1111]
	 ->['AGGAGGAUGAAGGAGAAACACCACAAACCAAAACCA', '....((.....((.......)).....)).......', 0.1389, -0.0014123158529837333, -1.9446, 0.3612, 1.0, 0.2778]
	 ->['AGGAGGAUGACGGACAAAGACCACAGACCAAGACCA', '....((.((..((.......)).))..)).......', 0.0833, -0.009621273358222524, -2.1621, 0.2732, 0.8333, 0.1667]
	 >>> Resetting the solution to avoid local optima.
	 ->['ACCACCACCAACCACAAAGAGGAGGAAGGAAAAGGA', '.((.((.((...........)).))..)).......', 0.4167, -0.0006013949554065783, -3.7708, 0.3925, 1.0, 0.1667]
	 ->['ACCACCACCAACCACAAAGAGGAGGAAGGAAAAGGA', '.((.((.((...........)).))..)).......', 0.4167, -0.0006013949554065783, -3.7708, 0.3925, 1.0, 0.1667]
	 ->['ACCACCACCAACCACAAAGAGGAGGAAGGAAGAGGA', '.((.(..((..((.(......).))..))..).)).', 0.3611, -0.00040233306845962897, -4.0185, 0.4004, 1.0, 0.1111]
	 ->['ACAACCACCAACCACAAAGCGGAGGAAGGAAGAUGA', '....((..(..((.......))..)..)).......', 0.1667, -0.0004911960911685434, -3.2955, 0.3583, 1.0, 0.2222]
	 ->['ACAAUGACCAACCACAAAGCGGAGGAACAAAGAUGA', '.......((..((.......)).))...........', 0.1389, -0.0003243445972173279, -1.8513, 0.3426, 1.0, 0.2778]
	 ->['AGAAGUUCCAAUCACAAAGCGAGGGUAACCAAAUCA', '....(((((..((.......)).)).))).......', 0.1111, -0.0005543753611291666, -2.821, 0.3381, 0.5714, 0.2222]
	 >>> Resetting the solution to avoid local optima.
	 ->['AGGAGGAGGAAGGAGAAACACCACCAACCAAAACCA', '.((....((..((.(......).))..))....)).', 0.3333, -0.0007543586925342024, -4.0311, 0.4203, 1.0, 0.1111]
	 ->['AGGAGGAGGAAGGAGAAACACCACCAACCAAAACCA', '.((....((..((.(......).))..))....)).', 0.3333, -0.0007543586925342024, -4.0311, 0.4203, 1.0, 0.1111]
	 ->['AGGACGAGGGAGGAGAAACACCACCGACGAAAACCA', '....((..((.((.......)).))..)).......', 0.1944, -0.0025968348888061117, -5.3692, 0.338, 1.0, 0.2222]
	 ->['AGGACGAGUGAGGAGAAACACCAGCGACGAAAACCA', '....((.((..((.......)).))..)).......', 0.0833, -0.007074355320428971, -2.8516, 0.3879, 0.8333, 0.1667]
	 ->['AGCAGGAGUGACAAGAAACAUGAGCGACCUAAAGCA', '.(((((.((..((.......)).))..)))...)).', 0.0556, -0.002425277406391351, -3.7114, 0.2242, 0.6667, 0.1111]
	 >>> Resetting the solution to avoid local optima.
	 ->['ACCACCACCAACCACAAAGAGGAGGAAGGAAAAGGA', '.((.((.((...........)).))..)).......', 0.4167, -0.0006013949554065783, -3.7708, 0.3925, 1.0, 0.1667]
	 ->['ACCAUCACCAACCACAAAGAGGAGGAAGAAAAAGGA', '.((.((..(.........)..))))...........', 0.3889, -0.000530790727887925, -2.2478, 0.4081, 0.8, 0.2778]
	 ->['ACCAUCACCAACCAGAAACAGGAGGAAGAUAAAGGA', '.(((((..(..((.......))..)..)))...)).', 0.1389, -0.00022573574097792216, -2.7747, 0.2693, 0.75, 0.1667]
	 >>> Resetting the solution to avoid local optima.
	 ->['ACCACCACCAACCACAAAGAGGAGGAAGGAAAAGGA', '.((.((.((...........)).))..)).......', 0.4167, -0.0006013949554065783, -3.7708, 0.3925, 1.0, 0.1667]
	 ->['ACCACCACCAACCACAAAGAGGAGGAAGGAAAAGGA', '.((.((.((...........)).))..)).......', 0.4167, -0.0006013949554065783, -3.7708, 0.3925, 1.0, 0.1667]
	 ->['ACCACCACCGACCACAAAGAGGAGGAAGGAAAAGGA', '.((....((..((.(......).))..))....)).', 0.3333, -0.0006835491647134134, -4.9919, 0.3971, 1.0, 0.1111]
	 ->['ACCACCAUCGACCACAAAGAGGAGGAAGGAAAAGGA', '....((.((..((.......))..)).)).......', 0.1944, -1.867440221965658e-05, -4.9107, 0.3069, 0.8333, 0.2222]
	 ->['AGCACCAGCGACCGCAAAGAGGAGCAAGGAAAAGCA', '....((.((..((.......)).))..)).......', 0.0833, -0.015271890703850734, -4.8773, 0.2207, 1.0, 0.1667]
	 >>> Resetting the solution to avoid local optima.
	 ->['AGGAGGAGGAAGGAGAAACACCACCAACCAAAACCA', '.((....((..((.(......).))..))....)).', 0.3333, -0.0007543586925342024, -4.0311, 0.4203, 1.0, 0.1111]
	 ->['AGGAGGAGGAAGGAGAAACACCACCAACCAAAACCA', '.((....((..((.(......).))..))....)).', 0.3333, -0.0007543586925342024, -4.0311, 0.4203, 1.0, 0.1111]
	 ->['AGAAGGAGGAAGGAGAAACACCACCAACCAAAAUCA', '....((..(..((.......))..)..)).......', 0.1667, -0.0002094001676554957, -3.221, 0.385, 1.0, 0.2222]
	 ->['AGAAGGAGGAAGGAGAAACACCACUAACCAAAAUCA', '....((.....((.......)).....)).......', 0.1389, -0.00017427197308019459, -2.1342, 0.4173, 1.0, 0.2778]
	 ->['AGGAGGAAGUAGCCCAAUGAGCACUAACCGAAACCA', '....((.(((.((.......)))))..)).......', 0.1111, -0.00028885253315468845, -3.8228, 0.2535, 0.7143, 0.2222]
	 ->['AGGCGAGCCUAGGCGAAACACCAGGAAUCGAAACCA', '.(((((.(((.((.......)))))..)))...)).', 0.0833, -2.2116717099027406e-05, -7.4065, 0.2033, 0.8, 0.1667]
	 >>> Resetting the solution to avoid local optima.
	 ->['ACCACCACCAACCACAAAGAGGAGGAAGGAAAAGGA', '.((.((.((...........)).))..)).......', 0.4167, -0.0006013949554065783, -3.7708, 0.3925, 1.0, 0.1667]
	 ->['ACCACCACCAACCACAAAGAGGAGGAAGGAAAAGGC', '.((.((.((...........)).))..)).......', 0.4167, -0.0006031912735435307, -3.769, 0.3922, 1.0, 0.1667]
	 ->['ACCAGCACCAACCACAAAGAGGAGGAAGUAAAAGGC', '....((..(..((.......))..)..)).......', 0.1667, -0.0008144196165375602, -2.0839, 0.341, 0.8, 0.2222]
	 ->['AGCUGCACCAACCACAAAGAGGAGGAAGUAAAAGCC', '.(((((..(..((.......))..)..))...))).', 0.1389, -4.163166098561407e-05, -3.9166, 0.349, 0.75, 0.1667]
	 ->['ACCUGCACUUACCACAAAGAGGAAGAAGCCAAAGGA', '.(((((.(((.((.......)))))..))...))).', 0.0833, -1.4579014101530086e-05, -4.4633, 0.229, 0.7, 0.1667]
	 >>> Resetting the solution to avoid local optima.
	 ->['ACCACCACCAACCACAAAGAGGAGGAAGGAAAAGGA', '.((.((.((...........)).))..)).......', 0.4167, -0.0006013949554065783, -3.7708, 0.3925, 1.0, 0.1667]
	 ->['ACCACCACCAACCACAAAGAGGAGGAAGGAAAAGGA', '.((.((.((...........)).))..)).......', 0.4167, -0.0006013949554065783, -3.7708, 0.3925, 1.0, 0.1667]
	 ->['ACCAGCACCAACCACAAAGAGGAGGAAGUAAAAGGA', '....((..(..((.......))..)..)).......', 0.1667, -0.0008294670667700442, -2.0726, 0.3394, 0.8, 0.2222]
	 ->['AGCAACACCAACCGCAAAGAGGAGGCAGUAAAAGCA', '.......((..((.......)).))...........', 0.1389, -0.0017194241289382297, -3.0234, 0.3647, 1.0, 0.2778]
	 ->['AGCAACACCAAACGCAAAGAGUAGGUAGUAAAAGCA', '....(((((..((.......)).))).)).......', 0.1111, -0.00014270342285508273, -2.9574, 0.2588, 0.5714, 0.2222]
	 ->['AGCAGCACCAAGCGCAAAGAGCAGGUAGUUAAAGCA', '.((((((((..((.......)).))).)))...)).', 0.0833, -4.458419241575539e-05, -5.8744, 0.2068, 0.7, 0.1667]
	 ->['AGCAGCACCAAGCGCAAAGAGCAGGUAGUCAAAGCA', '.((.(((((..((.......)).))).))....)).', 0.0556, -0.00019420111396162537, -4.9675, 0.2524, 0.7778, 0.1111]
	 >>> Resetting the solution to avoid local optima.
	 ->['ACCACCACCAACCACAAAGAGGAGGAAGGAAAAGGA', '.((.((.((...........)).))..)).......', 0.4167, -0.0006013949554065783, -3.7708, 0.3925, 1.0, 0.1667]
	 ->['ACCACCACCAACCACAAAGAGGAGGAAGGAAAAGGA', '.((.((.((...........)).))..)).......', 0.4167, -0.0006013949554065783, -3.7708, 0.3925, 1.0, 0.1667]
	 ->['ACCACCACCAACCACAAAGGGGAGGACGGAAAAGGA', '....((.((..((......))..))..)).......', 0.1944, -5.733837645013222e-05, -5.8193, 0.3859, 1.0, 0.2222]
	 ->['ACCACCACCAACCACAAAGUGGAGGACGGAAAAGGA', '....((..(..((((...))))..)..)).......', 0.1667, -1.2986240339656587e-05, -6.7346, 0.3154, 0.8571, 0.2222]
	 ->['ACCACCAGCAACCACAAAGUGGAGCACGGAAAAGGA', '....((.((..((((...)))).))..)).......', 0.0833, -6.751977005393787e-05, -5.8186, 0.2016, 0.875, 0.1667]
	 ->['ACCACCAGCAAGAGUAAGAGUCGGCGAGGAAAUGGA', '.(((((.((..((.......)).))..))...))).', 0.0556, -0.008417473665856701, -5.2444, 0.1149, 0.7778, 0.1111]
	 ->['ACCAGCAGCAAGAGCAAAGGUCGGCGAGCCAAUGGG', '.(((((.((..((.(...).)).))..))...))).', 0.0278, -0.013108182377289683, -6.7715, 0.1944, 0.8, 0.0556]


    -> Found sequence! Elapsed time:                   8176.645811796188 secs.


 (2) We found a sequence that folds exactly like the target structure. Let's minimize the GC-content
    -> ORDER: Min(Base-pair distance), min(Hamming distance), min(GC-content), min(partition function), min(ensemble defect), max(probability over ensemble))


	 >>> Resetting the solution to avoid local optima.
	 ->['AGGAGGAGGAAGGAGAAACACCACCAACCAAAACCA', '.((....((..((.(......).))..))....)).', 0.3333, -0.0007543586925342024, -4.0311, 0.4203, 1.0, 0.1111]
	 ->['AGGAGGAGGAAGGAGAAACACCCCCAACCGAAACCA', '.((....((..((.(......).))..))....)).', 0.3333, -8.426952820154414e-05, -5.582, 0.4651, 1.0, 0.1111]
	 ->['AGGAGGAGGAAGGAUAAAGACCCCCAACCGAUACCA', '.((....((..((..........))..))....)).', 0.3056, -2.371641641876208e-05, -4.8634, 0.4448, 1.0, 0.1667]
	 ->['AGGAGGUGGAAGGGUAGAGACCGCCCACCGUUACCU', '....(((((..((.......))..))))).......', 0.2222, -5.670431818366324e-10, -12.4218, 0.4116, 0.8571, 0.2778]
	 ->['UGGAGUUGCGAGUUUAGAGAACGGCCAACGUUGCCU', '....((((...((((...))))...)))).......', 0.1944, -4.837298923744037e-07, -5.5624, 0.4238, 0.375, 0.3333]
	 ->['UGGAGUGGCGAGUUUAGAGAACGGCCAACGUUGCCU', '.((..((((..((((...)))).))))......)).', 0.1389, -6.422290213910283e-08, -7.9068, 0.3575, 0.6, 0.2222]
	 ->['UGGAGGGGCGAGUUUAGAGGACGGCCACCGUUGCCU', '....(((((..((((...)))).))).)).......', 0.1111, -1.9855391672531098e-07, -9.1112, 0.3465, 0.6667, 0.2222]
	 >>> Resetting the solution to avoid local optima.
	 ->['AGGAGGAGGAAGGAGAAACACCACCAACCAAAACCA', '.((....((..((.(......).))..))....)).', 0.3333, -0.0007543586925342024, -4.0311, 0.4203, 1.0, 0.1111]
	 ->['AGGAGGAGGAAGGAGAAACACCACCAACCAAAACCA', '.((....((..((.(......).))..))....)).', 0.3333, -0.0007543586925342024, -4.0311, 0.4203, 1.0, 0.1111]
	 ->['AGGAGUAGGAAGGAGAAACACCACCAAACAAAACCA', '.......((..((.......)).))...........', 0.1389, -0.0014208691407394066, -2.0409, 0.3751, 1.0, 0.2778]
	 ->['UGGAGUAGGAAUGAGAUACUCAGCCAGGCACGUCCA', '((((((.((..((((...)))).))..))...))))', 0.0833, -1.1883632316414325e-06, -7.6084, 0.2107, 0.5833, 0.1667]
	 >>> Resetting the solution to avoid local optima.
	 ->['ACCACCACCAACCACAAAGAGGAGGAAGGAAAAGGA', '.((.((.((...........)).))..)).......', 0.4167, -0.0006013949554065783, -3.7708, 0.3925, 1.0, 0.1667]
	 ->['ACCACCACCAACCACAAAGAGGAGGAAGGAAAAGGA', '.((.((.((...........)).))..)).......', 0.4167, -0.0006013949554065783, -3.7708, 0.3925, 1.0, 0.1667]
	 ->['ACCACCACCAUCCACAAAGAGGAGGAAGGAAAAGGA', '.((....((.(((.(......).))).))....)).', 0.3611, -1.9245382466064132e-05, -6.0922, 0.4042, 0.875, 0.1667]
	 ->['ACCACCACCAUCCACAAAGUGGAGGAAGGAAAAGGG', '....((.((.(((((...)))))))..)).......', 0.1111, -7.974012181299136e-07, -8.9543, 0.2418, 0.7778, 0.2222]
	 ->['ACCACAACCAUCCACAGAGUGGAGGACUGAAAUGGG', '.(((((.((.(((((...)))))))..))...))).', 0.0833, -4.51178723886571e-08, -9.0244, 0.2297, 0.6667, 0.1667]
	 >>> Resetting the solution to avoid local optima.
	 ->['AGGAGGAGGAAGGAGAAACACCACCAACCAAAACCA', '.((....((..((.(......).))..))....)).', 0.3333, -0.0007543586925342024, -4.0311, 0.4203, 1.0, 0.1111]
	 ->['AGGAGGAGGAAGGAGAAACACCACCAACCAAAACCA', '.((....((..((.(......).))..))....)).', 0.3333, -0.0007543586925342024, -4.0311, 0.4203, 1.0, 0.1111]
	 ->['AGGAGGAGGAACGAGAAACACGACCAACCAAAACCA', '....((..(..((.......))..)..)).......', 0.1667, -0.0041574351089142154, -2.2792, 0.3207, 1.0, 0.2222]
	 ->['AGGAGGAGGAUCGAGAAACACGACCAACCAAAACCA', '....((.((.(((.......)))))..)).......', 0.1111, -7.523164728115016e-05, -4.7519, 0.2592, 0.8571, 0.2222]
	 >>> Resetting the solution to avoid local optima.
	 ->['AGGAGGAGGAAGGAGAAACACCACCAACCAAAACCA', '.((....((..((.(......).))..))....)).', 0.3333, -0.0007543586925342024, -4.0311, 0.4203, 1.0, 0.1111]
	 ->['AGGAGGAGGAAGGAGACACACCACCAACCAAAACCA', '.((....((..((.(......).))..))....)).', 0.3333, -0.0006380722248088356, -4.1343, 0.4367, 1.0, 0.1111]
	 ->['AGGAGGAUGAGGGAGACACACCACGAACCGAAACCA', '....((.((.((........)).))..)).......', 0.1944, -0.00016752767043558386, -3.9585, 0.4332, 0.8333, 0.2222]
	 ->['AGGCGAAUGAGGGAGGUACACCGCGGAUCGAUACCG', '.(((((.((.((........)).))..)))...)).', 0.1667, -3.3596361911337517e-06, -6.0679, 0.3253, 0.7778, 0.1667]
	 >>> Resetting the solution to avoid local optima.
	 ->['AGGAGGAGGAAGGAGAAACACCACCAACCAAAACCA', '.((....((..((.(......).))..))....)).', 0.3333, -0.0007543586925342024, -4.0311, 0.4203, 1.0, 0.1111]
	 ->['AGGAGGAGGAAGGAGAAACACCACCAACCAAAACCA', '.((....((..((.(......).))..))....)).', 0.3333, -0.0007543586925342024, -4.0311, 0.4203, 1.0, 0.1111]
	 ->['AGGAGGAGCAAGGUGAAACACCAGCAACCAAAGCCA', '....((.((..((((...)))).))..)).......', 0.0833, -5.56079160097903e-05, -6.3382, 0.2111, 0.875, 0.1667]
	 >>> Resetting the solution to avoid local optima.
	 ->['ACCACCACCAACCACAAAGAGGAGGAAGGAAAAGGA', '.((.((.((...........)).))..)).......', 0.4167, -0.0006013949554065783, -3.7708, 0.3925, 1.0, 0.1667]
	 ->['ACCACCACCAACCACAAAGAGGAGGAAGGAAAAGGA', '.((.((.((...........)).))..)).......', 0.4167, -0.0006013949554065783, -3.7708, 0.3925, 1.0, 0.1667]
	 ->['ACCACCAUCAACCACGAAGAGGAGAAAGGAACAGGA', '....((.....((.......)).....)).......', 0.1389, -0.0010390325335281724, -2.0338, 0.4003, 1.0, 0.2778]
	 ->['ACCACCAUCAACCGCGUAGAGGAGAAAGGAAAAGGU', '(((.((.....((.......)).....))....)))', 0.1111, -0.0012473699346544466, -2.9212, 0.3411, 0.8571, 0.2222]
	 ->['ACCACCAUCAGGCGCGACGAGCAGAUCGGAGAAGGU', '(((.(((((..((.......)).))).))....)))', 0.0833, -0.00010472373912212538, -5.9481, 0.3567, 0.7, 0.1667]
	 >>> Resetting the solution to avoid local optima.
	 ->['AGGAGGAGGAAGGAGAAACACCACCAACCAAAACCA', '.((....((..((.(......).))..))....)).', 0.3333, -0.0007543586925342024, -4.0311, 0.4203, 1.0, 0.1111]
	 ->['AGGAGGAAGAAGGAGAAACACCACUAACCAAAACCA', '....((.....((.......)).....)).......', 0.1389, -0.0016569759477445085, -1.8462, 0.3612, 1.0, 0.2778]
	 ->['AGGAGGAAGAAGGAGAACUACCGCUAACCGCAUCCA', '.(((((.....((.......)).....))...))).', 0.1111, -9.358674805732601e-06, -4.6365, 0.3998, 0.8571, 0.2222]
	 >>> Resetting the solution to avoid local optima.
	 ->['AGGAGGAGGAAGGAGAAACACCACCAACCAAAACCA', '.((....((..((.(......).))..))....)).', 0.3333, -0.0007543586925342024, -4.0311, 0.4203, 1.0, 0.1111]
	 ->['AGGAGGAGGAAGGAGAAACACCACCAACCAAAACCA', '.((....((..((.(......).))..))....)).', 0.3333, -0.0007543586925342024, -4.0311, 0.4203, 1.0, 0.1111]
	 ->['AGGAGGAAGAAGGAGAAACACCACUAACCAAAACCA', '....((.....((.......)).....)).......', 0.1389, -0.0016569759477445085, -1.8462, 0.3612, 1.0, 0.2778]
	 ->['CGGAGGAAGUAGAUGAGACAUUACUGACCAUUACCA', '....((.(((.((((...)))))))..)).......', 0.1111, -6.221650916528945e-07, -5.0073, 0.3366, 0.4444, 0.2222]
	 >>> Resetting the solution to avoid local optima.
	 ->['AGGAGGAGGAAGGAGAAACACCACCAACCAAAACCA', '.((....((..((.(......).))..))....)).', 0.3333, -0.0007543586925342024, -4.0311, 0.4203, 1.0, 0.1111]
	 ->['AGGAGGAGGAAGGAGAAACACCACCAACCAAAACCA', '.((....((..((.(......).))..))....)).', 0.3333, -0.0007543586925342024, -4.0311, 0.4203, 1.0, 0.1111]
	 ->['AGGAGGAAGAAGGAGAAGCACCACUAACCAAAACCA', '....((.....((.......)).....)).......', 0.1389, -0.0016321578901707268, -1.8555, 0.3651, 1.0, 0.2778]
	 ->['AGGAUGUAGCAGGAUAAUGACCACUAACAAAAGCCA', '....(((((..((.......)).)).))).......', 0.1111, -4.771871778511008e-06, -2.2516, 0.332, 0.5714, 0.2222]
	 >>> Resetting the solution to avoid local optima.
	 ->['ACCACCACCAACCACAAAGAGGAGGAAGGAAAAGGA', '.((.((.((...........)).))..)).......', 0.4167, -0.0006013949554065783, -3.7708, 0.3925, 1.0, 0.1667]
	 ->['ACCACCACCAACCACAAAGAGGAGGAAGGAAAAGGA', '.((.((.((...........)).))..)).......', 0.4167, -0.0006013949554065783, -3.7708, 0.3925, 1.0, 0.1667]
	 ->['ACCACCACCAACCACAAAGAGGGGGAAGGAAAAGGA', '....((..(..((.......))..)..)).......', 0.1667, -0.0007086556267442872, -5.0696, 0.4031, 1.0, 0.2222]
	 ->['ACCACCACCACACUCACAGAGUGGGAAGGAGAAGGA', '....((.((.(((((...)))))))..)).......', 0.1111, -1.3016079707438651e-07, -8.8715, 0.2715, 0.7778, 0.2222]
	 >>> Resetting the solution to avoid local optima.
	 ->['AGGAGGAGGAAGGAGAAACACCACCAACCAAAACCA', '.((....((..((.(......).))..))....)).', 0.3333, -0.0007543586925342024, -4.0311, 0.4203, 1.0, 0.1111]
	 ->['AGGAGGAGGAAGGAGAAACACCGCCAACCAAAACCA', '.((....((..((.(......).))..))....)).', 0.3333, -0.0007105475788215899, -4.868, 0.4361, 1.0, 0.1111]
	 ->['AGGAGGACGAAGGUGAAACACCGCGAACCAAAACCA', '....((.....((((...)))).....)).......', 0.1389, -4.12473833524738e-05, -6.3223, 0.218, 0.8333, 0.2778]
	 ->['AGGAGGACGAAGGUGAAACACCGCGAACCAAAUCCA', '.(((((.....((((...)))).....))...))).', 0.1111, -2.396539331606489e-06, -8.0761, 0.1955, 0.7778, 0.2222]




RNA sequences found with GC-content <= 0.48:

RNA sequences found with GC-content > 0.48:
@@ ACCAGCAGCAAGAGCAAAGGUCGGCGAGCCAAAGGG 0.8888888888888888
@@ ACCAGCAGCAAGAGCAUAGGUCGGCGAGCCAAAGGG 0.8888888888888888
@@ ACCAGCAGCAAGAGCAUCGGUCGGCGAGCCAAAGGG 0.8888888888888888
@@ ACCAGCAGCAAGAGCAUCGGUCGGCGAGCCAGAGGG 0.8888888888888888
@@ ACCAGCAGCGAGAGCAUCGGUCGGCGAGCCAGAGGG 0.8888888888888888


Elapsed time:                   86400.01114010811 secs.
Number of function evaluations: 70002701
----------------------------------------------------------------------


---------------------------------------
 FINISHED SUCCESSFULLY 
---------------------------------------
