
-----------------------------------------------------------------------
   _____ _____  ______ ______ _____             _____  _   _           
  / ____|  __ \|  ____|  ____|  __ \           |  __ \| \ | |   /\     
 | |  __| |__) | |__  | |__  | |  | |  ______  | |__) |  \| |  /  \    
 | | |_ |  _  /|  __| |  __| | |  | | |______| |  _  /| . ` | / /\ \   
 | |__| | | \ \| |____| |____| |__| |          | | \ \| |\  |/ ____ \  
  \_____|_|  \_\______|______|_____/           |_|  \_\_| \_/_/    \_\ 
       
                                       -- A. Rubio-Largo et al. 2023
-----------------------------------------------------------------------

------------------------------------------------------------------------------------------------------------------
CONFIGURATION: 

 * TARGET:           ..((((((((.....)).))))))..
 * STOPPING:         86400 secs.
 * SEED:             9
 * NO. OF SOLUTIONS: 1
 * max. GC-cont.:    0.48
 * MODEL:            TURNER2004
 * MUTATION PROB:    0.01
 * STAGNATION LIMIT: 50
------------------------------------------------------------------------------------------------------------------


 (1) Let's minimize the base-pair distance between predicted and target structures
    -> Min(Base-pair distance), min(Hamming distance), max(probability over ensemble), min(partition function), min(ensemble defect), min(%GC-content)


	 ->['AAGGGGGGGGAAAAACCACCCCCCAA', '..((((((((.....)).))))))..', 0.0, -0.8703109530904019, -16.2856, 0.0553, 1.0, 0.0]


    -> Found sequence! Elapsed time:                   0.012174606323242188 secs.


 (2) We found a sequence that folds exactly like the target structure. Let's minimize the GC-content
    -> ORDER: Min(Base-pair distance), min(Hamming distance), min(GC-content), min(partition function), min(ensemble defect), max(probability over ensemble))


	 >>> Resetting the solution to avoid local optima.
	 ->['AACCCCCCCCAAAAAGGAGGGGGGAA', '..((((((((.....)).))))))..', 0.0, -0.9180954027784377, -16.2527, 0.0383, 1.0, 0.0]
	 ->['AACCCUCCCCGAAAAGGAGGAGGGAA', '..((((((((.....)).))))))..', 0.0, -0.9770080785036177, -14.9143, 0.0028, 0.875, 0.0]
	 ->['UACUCUCCCCGAAAAGGAGGAGAGAA', '..((((((((.....)).))))))..', 0.0, -0.9360545818257446, -12.8407, 0.0058, 0.75, 0.0]
	 ->['UAGUCUUCCCGUAAAGGAGGAGACAA', '..((((((((.....)).))))))..', 0.0, -0.9567182302897015, -10.4273, 0.0074, 0.625, 0.0]
	 ->['UAGUCUUCACGUAAAGUAGGAGACAA', '..((((((((.....)).))))))..', 0.0, -0.9329251807947457, -8.1428, 0.0079, 0.5, 0.0]


    -> Finished!! Elaapsed time:                   0.046160221099853516 secs.




RNA sequences found with GC-content <= 0.48:
## UAUUCUUCACGUAAAGUAGGAGAAAA 0.375

RNA sequences found with GC-content > 0.48:
@@ AAGGGGGGGGAAAAACCACCCCCCAA 1.0
@@ AAGGGGGGGCAAAAAGCACCCCCCAA 1.0
@@ AACCCUCCCCAAAAAGGAGGAGGGAA 0.875
@@ AACCCUCCCCGAAAAGGAGGAGGGAA 0.875
@@ AACUCUCCCCGAAAAGGAGGAGAGAA 0.75
@@ UACUCUCCCCGAAAAGGAGGAGAGAA 0.75
@@ UACUCUUCCCGAAAAGGAGGAGAGAA 0.625
@@ UACUCUUCCCGUAAAGGAGGAGAGAA 0.625
@@ UAGUCUUCCCGUAAAGGAGGAGACAA 0.625
@@ UAGUCUUCACGUAAAGUAGGAGACAA 0.5


Elapsed time:                   0.0463716983795166 secs.
Number of function evaluations: 36
----------------------------------------------------------------------


---------------------------------------
 FINISHED SUCCESSFULLY 
---------------------------------------
