
-----------------------------------------------------------------------
   _____ _____  ______ ______ _____             _____  _   _           
  / ____|  __ \|  ____|  ____|  __ \           |  __ \| \ | |   /\     
 | |  __| |__) | |__  | |__  | |  | |  ______  | |__) |  \| |  /  \    
 | | |_ |  _  /|  __| |  __| | |  | | |______| |  _  /| . ` | / /\ \   
 | |__| | | \ \| |____| |____| |__| |          | | \ \| |\  |/ ____ \  
  \_____|_|  \_\______|______|_____/           |_|  \_\_| \_/_/    \_\ 
       
                                       -- A. Rubio-Largo et al. 2023
-----------------------------------------------------------------------

------------------------------------------------------------------------------------------------------------------
CONFIGURATION: 

 * TARGET:           (((((.....))..((.........)))))
 * STOPPING:         86400 secs.
 * SEED:             9
 * NO. OF SOLUTIONS: 1
 * max. GC-cont.:    0.48
 * MODEL:            TURNER2004
 * MUTATION PROB:    0.01
 * STAGNATION LIMIT: 50
------------------------------------------------------------------------------------------------------------------


 (1) Let's minimize the base-pair distance between predicted and target structures
    -> Min(Base-pair distance), min(Hamming distance), max(probability over ensemble), min(partition function), min(ensemble defect), min(%GC-content)


	 ->['GGGGGAAAAACCAAGGAAAAAAAAACCCCC', '(((((....................)))))', 0.2, -2.1693530809066878e-05, -7.2184, 0.2892, 1.0, 0.1333]
	 ->['GGCGGAAAAACCAAGGAAAAAAAAACCGCC', '(((((....................)))))', 0.2, -0.00024187796422588557, -6.3322, 0.2674, 1.0, 0.1333]
	 ->['GGCGCAAAAAGCAAGGAAAAAAAAACCGCC', '((((......................))))', 0.1667, -0.1544036875202478, -2.8514, 0.2339, 1.0, 0.2]


    -> Found sequence! Elapsed time:                   0.018140316009521484 secs.


 (2) We found a sequence that folds exactly like the target structure. Let's minimize the GC-content
    -> ORDER: Min(Base-pair distance), min(Hamming distance), min(GC-content), min(partition function), min(ensemble defect), max(probability over ensemble))


	 >>> Resetting the solution to avoid local optima.
	 ->['GGGGGAAAAACCAAGGAAAAAAAAACCCCC', '(((((....................)))))', 0.2, -2.1693530809066878e-05, -7.2184, 0.2892, 1.0, 0.1333]
	 >>> Resetting the solution to avoid local optima.
	 ->['CCCCCAAAAAGGAACCAAAAAAAAAGGGGG', '(((((....................)))))', 0.2, -6.417993594099236e-05, -7.5498, 0.2717, 1.0, 0.1333]
	 ->['CCUCCGAGAAGGAACCAAAACGCCAGGGGG', '(((((....................)))))', 0.2, -9.271850552707776e-05, -6.1231, 0.318, 0.8, 0.1333]
	 >>> Resetting the solution to avoid local optima.
	 ->['GGGGGAAAAACCAAGGAAAAAAAAACCCCC', '(((((....................)))))', 0.2, -2.1693530809066878e-05, -7.2184, 0.2892, 1.0, 0.1333]
	 ->['GGGGGAUACACCAAGGUAAGAAAUACCCCC', '(((((....................)))))', 0.2, -5.196882425795378e-06, -8.0991, 0.3943, 1.0, 0.1333]
	 ->['GGGCGAUACACGAAGGUAAGAAAUACCCCC', '(((...........((((.....)))))))', 0.1333, -0.00032584680093748303, -3.7485, 0.3709, 0.7143, 0.2667]
	 ->['GGGCGAUGCACGAUGGUUAGAAAUACCCCC', '(((...........(((.......))))))', 0.1, -0.0002813762873858842, -3.6389, 0.5045, 0.8333, 0.2]
	 >>> Resetting the solution to avoid local optima.
	 ->['GGGGGAAAAACCAAGGAAAAAAAAACCCCC', '(((((....................)))))', 0.2, -2.1693530809066878e-05, -7.2184, 0.2892, 1.0, 0.1333]
	 ->['GUGGGAACAACCAUGGAAAAAUAAACCCAC', '(((((....................)))))', 0.2, -9.636385626898175e-06, -5.2185, 0.3599, 0.8, 0.1333]
	 >>> Resetting the solution to avoid local optima.
	 ->['GGGGGAAAAACCAAGGAAAAAAAAACCCCC', '(((((....................)))))', 0.2, -2.1693530809066878e-05, -7.2184, 0.2892, 1.0, 0.1333]
	 ->['GGGGGCUACACCAGGGAAAAUUAAACCCCC', '(((((....................)))))', 0.2, -1.5053718153902314e-05, -7.4436, 0.3246, 1.0, 0.1333]
	 >>> Resetting the solution to avoid local optima.
	 ->['GGGGGAAAAACCAAGGAAAAAAAAACCCCC', '(((((....................)))))', 0.2, -2.1693530809066878e-05, -7.2184, 0.2892, 1.0, 0.1333]
	 ->['GGGGGAAGAACCAGUGCCAACAAAACGCCC', '(((.(....................).)))', 0.1667, -6.230764909910315e-05, -3.6681, 0.3968, 1.0, 0.2]
	 >>> Resetting the solution to avoid local optima.
	 ->['GGGGGAAAAACCAAGGAAAAAAAAACCCCC', '(((((....................)))))', 0.2, -2.1693530809066878e-05, -7.2184, 0.2892, 1.0, 0.1333]
	 ->['GGGGGAGACACCAAGGAGAACAAAACCCUC', '(((((....................)))))', 0.2, -8.948377135379398e-06, -4.7641, 0.3709, 0.8, 0.1333]
	 >>> Resetting the solution to avoid local optima.
	 ->['CCCCCAAAAAGGAACCAAAAAAAAAGGGGG', '(((((....................)))))', 0.2, -6.417993594099236e-05, -7.5498, 0.2717, 1.0, 0.1333]
	 ->['GACCCAAAGAGGAACCAAAAACAAAGGGUU', '(((((....................)))))', 0.2, -4.0901443397718254e-05, -4.2275, 0.2906, 0.6, 0.1333]
	 ->['CACCCAUAGAGGAAGCAGAGUCCCUGCGUG', '...((.....))..((((.....))))...', 0.1667, -2.1148881719030282e-05, -5.934, 0.373, 0.8333, 0.3333]
	 >>> Resetting the solution to avoid local optima.
	 ->['GGGGGAAAAACCAAGGAAAAAAAAACCCCC', '(((((....................)))))', 0.2, -2.1693530809066878e-05, -7.2184, 0.2892, 1.0, 0.1333]
	 ->['GGGGGAAAAACCAAGGAGAAAAAAACCCCC', '(((((....................)))))', 0.2, -1.9355673066030597e-05, -7.2886, 0.2934, 1.0, 0.1333]
	 >>> Resetting the solution to avoid local optima.
	 ->['GGGGGAAAAACCAAGGAAAAAAAAACCCCC', '(((((....................)))))', 0.2, -2.1693530809066878e-05, -7.2184, 0.2892, 1.0, 0.1333]
	 ->['UAAGGGCAAUCCAAGGAAUAGUCGACCUUA', '(((((....................)))))', 0.2, -1.2430449446464833e-06, -3.5807, 0.4067, 0.4, 0.1333]
	 >>> Resetting the solution to avoid local optima.
	 ->['CCCCCAAAAAGGAACCAAAAAAAAAGGGGG', '(((((....................)))))', 0.2, -6.417993594099236e-05, -7.5498, 0.2717, 1.0, 0.1333]
	 >>> Resetting the solution to avoid local optima.
	 ->['CCCCCAAAAAGGAACCAAAAAAAAAGGGGG', '(((((....................)))))', 0.2, -6.417993594099236e-05, -7.5498, 0.2717, 1.0, 0.1333]
	 ->['CUCCCAAAUUGGAACCAAAAAUCAAGGGAG', '(((((....................)))))', 0.2, -1.490216577294458e-05, -6.3498, 0.3996, 0.8, 0.1333]
	 >>> Resetting the solution to avoid local optima.
	 ->['GGGGGAAAAACCAAGGAAAAAAAAACCCCC', '(((((....................)))))', 0.2, -2.1693530809066878e-05, -7.2184, 0.2892, 1.0, 0.1333]
	 ->['GGGGGGAAAUCCAAGGAAAAACAAACCCCC', '(((((....................)))))', 0.2, -3.5959020764142077e-06, -8.726, 0.3029, 1.0, 0.1333]
	 >>> Resetting the solution to avoid local optima.
	 ->['CCCCCAAAAAGGAACCAAAAAAAAAGGGGG', '(((((....................)))))', 0.2, -6.417993594099236e-05, -7.5498, 0.2717, 1.0, 0.1333]
	 ->['CCGCCAGGAAGGAGCCGACAACGAAGGUGG', '(((((....................)))))', 0.2, -1.8876016275226443e-05, -5.6041, 0.3158, 0.8, 0.1333]
	 >>> Resetting the solution to avoid local optima.
	 ->['GGGGGAAAAACCAAGGAAAAAAAAACCCCC', '(((((....................)))))', 0.2, -2.1693530809066878e-05, -7.2184, 0.2892, 1.0, 0.1333]
	 ->['GGGGGAAAAACCACGGAAUAGACAACCCCC', '(((((....................)))))', 0.2, -2.2543766456137294e-05, -7.2947, 0.2928, 1.0, 0.1333]
	 >>> Resetting the solution to avoid local optima.
	 ->['GGGGGAAAAACCAAGGAAAAAAAAACCCCC', '(((((....................)))))', 0.2, -2.1693530809066878e-05, -7.2184, 0.2892, 1.0, 0.1333]
	 ->['UGAGGAUUAACCCAGGAGACCGUAGCCUCA', '(((((....................)))))', 0.2, -7.593426213867404e-07, -5.4845, 0.4631, 0.6, 0.1333]
	 >>> Resetting the solution to avoid local optima.
	 ->['CCCCCAAAAAGGAACCAAAAAAAAAGGGGG', '(((((....................)))))', 0.2, -6.417993594099236e-05, -7.5498, 0.2717, 1.0, 0.1333]
	 ->['CCUCUAAAAAAGAACCUGUUAGAAAGGAGG', '(((((....................)))))', 0.2, -5.685155461426599e-06, -3.8437, 0.3763, 0.6, 0.1333]
	 >>> Resetting the solution to avoid local optima.
	 ->['GGGGGAAAAACCAAGGAAAAAAAAACCCCC', '(((((....................)))))', 0.2, -2.1693530809066878e-05, -7.2184, 0.2892, 1.0, 0.1333]
	 ->['GGGAGCGGCACUGAAAGAACAAGAAUUCCC', '(((((....................)))))', 0.2, -2.291146946162238e-06, -3.6038, 0.3352, 0.6, 0.1333]
	 >>> Resetting the solution to avoid local optima.
	 ->['CCCCCAAAAAGGAACCAAAAAAAAAGGGGG', '(((((....................)))))', 0.2, -6.417993594099236e-05, -7.5498, 0.2717, 1.0, 0.1333]
	 ->['CGCCCAAAGAGGAACCAAAAAAAAAGGGUG', '(((((....................)))))', 0.2, -5.7629884593849e-05, -4.9162, 0.2738, 0.8, 0.1333]
	 >>> Resetting the solution to avoid local optima.
	 ->['CCCCCAAAAAGGAACCAAAAAAAAAGGGGG', '(((((....................)))))', 0.2, -6.417993594099236e-05, -7.5498, 0.2717, 1.0, 0.1333]
	 ->['UCUCCAACAGGGAACCGUAAGUACAGGAGA', '(((((....................)))))', 0.2, -2.285317716090094e-05, -4.9863, 0.3688, 0.6, 0.1333]
	 >>> Resetting the solution to avoid local optima.
	 ->['GGGGGAAAAACCAAGGAAAAAAAAACCCCC', '(((((....................)))))', 0.2, -2.1693530809066878e-05, -7.2184, 0.2892, 1.0, 0.1333]
	 ->['GAAGGACUAACCAAGGAGAUGAGAACCUUC', '(((((....................)))))', 0.2, -8.235147000098424e-06, -3.6153, 0.3766, 0.6, 0.1333]
	 >>> Resetting the solution to avoid local optima.
	 ->['GGGGGAAAAACCAAGGAAAAAAAAACCCCC', '(((((....................)))))', 0.2, -2.1693530809066878e-05, -7.2184, 0.2892, 1.0, 0.1333]
	 ->['GAGGGCCCCACCCAGGUCGUAGCAACCCUC', '(((((....................)))))', 0.2, -1.4733373956356738e-06, -6.3759, 0.3817, 0.8, 0.1333]
	 >>> Resetting the solution to avoid local optima.
	 ->['GGGGGAAAAACCAAGGAAAAAAAAACCCCC', '(((((....................)))))', 0.2, -2.1693530809066878e-05, -7.2184, 0.2892, 1.0, 0.1333]
	 ->['GGGGGAAAAACCAAGGAAAUUAAAACCCCC', '(((((....................)))))', 0.2, -1.998749287132907e-05, -7.2688, 0.2974, 1.0, 0.1333]
	 >>> Resetting the solution to avoid local optima.
	 ->['GGGGGAAAAACCAAGGAAAAAAAAACCCCC', '(((((....................)))))', 0.2, -2.1693530809066878e-05, -7.2184, 0.2892, 1.0, 0.1333]
	 ->['GUAGGAGACACCACGGAUGCGCCCCCCUAU', '(((((....................)))))', 0.2, -3.9135216892564825e-06, -3.7739, 0.4036, 0.4, 0.1333]
	 >>> Resetting the solution to avoid local optima.
	 ->['CCCCCAAAAAGGAACCAAAAAAAAAGGGGG', '(((((....................)))))', 0.2, -6.417993594099236e-05, -7.5498, 0.2717, 1.0, 0.1333]
	 >>> Resetting the solution to avoid local optima.
	 ->['GGGGGAAAAACCAAGGAAAAAAAAACCCCC', '(((((....................)))))', 0.2, -2.1693530809066878e-05, -7.2184, 0.2892, 1.0, 0.1333]
	 >>> Resetting the solution to avoid local optima.
	 ->['GGGGGAAAAACCAAGGAAAAAAAAACCCCC', '(((((....................)))))', 0.2, -2.1693530809066878e-05, -7.2184, 0.2892, 1.0, 0.1333]
	 >>> Resetting the solution to avoid local optima.
	 ->['GGGGGAAAAACCAAGGAAAAAAAAACCCCC', '(((((....................)))))', 0.2, -2.1693530809066878e-05, -7.2184, 0.2892, 1.0, 0.1333]
	 ->['GGAGGAAUCACCAUGGCCAAAAGGACCUCC', '(((((....................)))))', 0.2, -8.716133769450097e-06, -6.1803, 0.3799, 0.8, 0.1333]
	 >>> Resetting the solution to avoid local optima.
	 ->['GGGGGAAAAACCAAGGAAAAAAAAACCCCC', '(((((....................)))))', 0.2, -2.1693530809066878e-05, -7.2184, 0.2892, 1.0, 0.1333]
	 ->['GGGGGAAAAACCAAGGAAAAAUAUACCCCC', '(((((....................)))))', 0.2, -1.9485038068970774e-05, -7.2845, 0.2946, 1.0, 0.1333]
	 >>> Resetting the solution to avoid local optima.
	 ->['GGGGGAAAAACCAAGGAAAAAAAAACCCCC', '(((((....................)))))', 0.2, -2.1693530809066878e-05, -7.2184, 0.2892, 1.0, 0.1333]
	 ->['GGGGGAAAAACCAAGGAAAAAAAAACCCCC', '(((((....................)))))', 0.2, -2.1693530809066878e-05, -7.2184, 0.2892, 1.0, 0.1333]
	 >>> Resetting the solution to avoid local optima.
	 ->['GGGGGAAAAACCAAGGAAAAAAAAACCCCC', '(((((....................)))))', 0.2, -2.1693530809066878e-05, -7.2184, 0.2892, 1.0, 0.1333]
	 ->['GUGGGAUGAGCCUAGGAUAAACAAACCCAC', '(((((....................)))))', 0.2, -7.114578955406596e-06, -5.4055, 0.3315, 0.8, 0.1333]
	 >>> Resetting the solution to avoid local optima.
	 ->['CCCCCAAAAAGGAACCAAAAAAAAAGGGGG', '(((((....................)))))', 0.2, -6.417993594099236e-05, -7.5498, 0.2717, 1.0, 0.1333]
	 ->['CCCCCAGAUCGGAACCAACAAAACAGGGGG', '(((((....................)))))', 0.2, -2.6958224582878304e-05, -8.0844, 0.3137, 1.0, 0.1333]
	 >>> Resetting the solution to avoid local optima.
	 ->['CCCCCAAAAAGGAACCAAAAAAAAAGGGGG', '(((((....................)))))', 0.2, -6.417993594099236e-05, -7.5498, 0.2717, 1.0, 0.1333]
	 >>> Resetting the solution to avoid local optima.
	 ->['GGGGGAAAAACCAAGGAAAAAAAAACCCCC', '(((((....................)))))', 0.2, -2.1693530809066878e-05, -7.2184, 0.2892, 1.0, 0.1333]
	 ->['UGAGGGUCGACCACGGUAUUCACAACUUCA', '(((((....................)))))', 0.2, -1.262906905500006e-05, -3.3518, 0.468, 0.4, 0.1333]
	 >>> Resetting the solution to avoid local optima.
	 ->['CCCCCAAAAAGGAACCAAAAAAAAAGGGGG', '(((((....................)))))', 0.2, -6.417993594099236e-05, -7.5498, 0.2717, 1.0, 0.1333]
	 ->['GUGCCGGAGUGGAAUCUUAAUGUAAGGUAU', '(((((....................)))))', 0.2, -3.2636595063293653e-09, -4.0432, 0.3943, 0.4, 0.1333]
	 >>> Resetting the solution to avoid local optima.
	 ->['CCCCCAAAAAGGAACCAAAAAAAAAGGGGG', '(((((....................)))))', 0.2, -6.417993594099236e-05, -7.5498, 0.2717, 1.0, 0.1333]
	 ->['AUCCCACUAAGGAACCUACGCGCGAGGGAU', '(((((....................)))))', 0.2, -3.0991052268744656e-06, -5.3177, 0.3512, 0.6, 0.1333]
	 >>> Resetting the solution to avoid local optima.
	 ->['CCCCCAAAAAGGAACCAAAAAAAAAGGGGG', '(((((....................)))))', 0.2, -6.417993594099236e-05, -7.5498, 0.2717, 1.0, 0.1333]
	 ->['CUCCCAUAAAGGAGCCGAAAGUCAAGGGGG', '(((((....................)))))', 0.2, -3.07613136949299e-05, -5.6031, 0.414, 0.8, 0.1333]
	 >>> Resetting the solution to avoid local optima.
	 ->['CCCCCAAAAAGGAACCAAAAAAAAAGGGGG', '(((((....................)))))', 0.2, -6.417993594099236e-05, -7.5498, 0.2717, 1.0, 0.1333]
	 ->['UCAUCGUAUAGGCCCCUGAUAAUAAGGUGA', '(((((....................)))))', 0.2, -4.778113597212317e-07, -3.57, 0.4372, 0.4, 0.1333]
	 >>> Resetting the solution to avoid local optima.
	 ->['CCCCCAAAAAGGAACCAAAAAAAAAGGGGG', '(((((....................)))))', 0.2, -6.417993594099236e-05, -7.5498, 0.2717, 1.0, 0.1333]
	 ->['GUCCCAAAGAGGAGCCGACGAGUGAGGGAU', '(((((....................)))))', 0.2, -2.5955661362689397e-05, -5.4078, 0.3391, 0.6, 0.1333]
	 >>> Resetting the solution to avoid local optima.
	 ->['CCCCCAAAAAGGAACCAAAAAAAAAGGGGG', '(((((....................)))))', 0.2, -6.417993594099236e-05, -7.5498, 0.2717, 1.0, 0.1333]
	 >>> Resetting the solution to avoid local optima.
	 ->['GGGGGAAAAACCAAGGAAAAAAAAACCCCC', '(((((....................)))))', 0.2, -2.1693530809066878e-05, -7.2184, 0.2892, 1.0, 0.1333]
	 ->['GGGGGGAAAACCAAGGAAGUACUAACCCCC', '(((((....................)))))', 0.2, -1.193642308666026e-05, -8.9866, 0.3316, 1.0, 0.1333]
	 >>> Resetting the solution to avoid local optima.
	 ->['GGGGGAAAAACCAAGGAAAAAAAAACCCCC', '(((((....................)))))', 0.2, -2.1693530809066878e-05, -7.2184, 0.2892, 1.0, 0.1333]
	 ->['GUAGGAUUUGCCAAGGAGAAACAUGCCUAU', '(((((....................)))))', 0.2, -4.6549806693557475e-06, -3.2669, 0.4059, 0.4, 0.1333]
	 >>> Resetting the solution to avoid local optima.
	 ->['GGGGGAAAAACCAAGGAAAAAAAAACCCCC', '(((((....................)))))', 0.2, -2.1693530809066878e-05, -7.2184, 0.2892, 1.0, 0.1333]
	 ->['GGGGGCAUAGCUAAGGAGACAAAAACCCUC', '(((((....................)))))', 0.2, -1.506179291242979e-07, -5.2815, 0.4067, 0.8, 0.1333]
	 >>> Resetting the solution to avoid local optima.
	 ->['CCCCCAAAAAGGAACCAAAAAAAAAGGGGG', '(((((....................)))))', 0.2, -6.417993594099236e-05, -7.5498, 0.2717, 1.0, 0.1333]
	 ->['CCCCCAAAAAGGAACCAAAAAAAAAGGGGG', '(((((....................)))))', 0.2, -6.417993594099236e-05, -7.5498, 0.2717, 1.0, 0.1333]
	 >>> Resetting the solution to avoid local optima.
	 ->['GGGGGAAAAACCAAGGAAAAAAAAACCCCC', '(((((....................)))))', 0.2, -2.1693530809066878e-05, -7.2184, 0.2892, 1.0, 0.1333]
	 >>> Resetting the solution to avoid local optima.
	 ->['GGGGGAAAAACCAAGGAAAAAAAAACCCCC', '(((((....................)))))', 0.2, -2.1693530809066878e-05, -7.2184, 0.2892, 1.0, 0.1333]
	 ->['UAGGGAGUAACCGAGGUCAAUAAUACCCUA', '(((((....................)))))', 0.2, -5.7605104652020465e-06, -4.5356, 0.3997, 0.6, 0.1333]
	 >>> Resetting the solution to avoid local optima.
	 ->['CCCCCAAAAAGGAACCAAAAAAAAAGGGGG', '(((((....................)))))', 0.2, -6.417993594099236e-05, -7.5498, 0.2717, 1.0, 0.1333]
	 ->['GUCCCGCAAAGGAACCUGGUAUGGAGGGAU', '(((((....................)))))', 0.2, -4.606102155576801e-06, -6.1734, 0.3684, 0.6, 0.1333]
	 >>> Resetting the solution to avoid local optima.
	 ->['GGGGGAAAAACCAAGGAAAAAAAAACCCCC', '(((((....................)))))', 0.2, -2.1693530809066878e-05, -7.2184, 0.2892, 1.0, 0.1333]
	 ->['GGGGGACACGCCAAGGAGAAAAUUACCCCC', '(((((....................)))))', 0.2, -1.9244623866143466e-05, -7.4922, 0.3106, 1.0, 0.1333]
	 >>> Resetting the solution to avoid local optima.
	 ->['GGGGGAAAAACCAAGGAAAAAAAAACCCCC', '(((((....................)))))', 0.2, -2.1693530809066878e-05, -7.2184, 0.2892, 1.0, 0.1333]
	 ->['GGUGGAAAAACCAAGGAAAAAAAGACCACC', '(((((....................)))))', 0.2, -5.786898225289603e-05, -4.9136, 0.2864, 0.8, 0.1333]
	 >>> Resetting the solution to avoid local optima.
	 ->['CCCCCAAAAAGGAACCAAAAAAAAAGGGGG', '(((((....................)))))', 0.2, -6.417993594099236e-05, -7.5498, 0.2717, 1.0, 0.1333]
	 ->['GAGUCAUGAUGGACCCUGUAACACCGGCUC', '(((((....................)))))', 0.2, -9.193352825163864e-07, -4.1666, 0.4295, 0.6, 0.1333]
	 >>> Resetting the solution to avoid local optima.
	 ->['CCCCCAAAAAGGAACCAAAAAAAAAGGGGG', '(((((....................)))))', 0.2, -6.417993594099236e-05, -7.5498, 0.2717, 1.0, 0.1333]
	 ->['CUCCCGAGGAGGUAUCACAAAUAAAGGGAG', '(((((....................)))))', 0.2, -5.3326098514641173e-08, -6.8214, 0.3205, 0.8, 0.1333]
	 >>> Resetting the solution to avoid local optima.
	 ->['CCCCCAAAAAGGAACCAAAAAAAAAGGGGG', '(((((....................)))))', 0.2, -6.417993594099236e-05, -7.5498, 0.2717, 1.0, 0.1333]
	 >>> Resetting the solution to avoid local optima.
	 ->['CCCCCAAAAAGGAACCAAAAAAAAAGGGGG', '(((((....................)))))', 0.2, -6.417993594099236e-05, -7.5498, 0.2717, 1.0, 0.1333]
	 ->['UGACCUCGAUGGAUCCUAGGAGCUUGGUUA', '(((((....................)))))', 0.2, -2.400753209415837e-06, -3.775, 0.4277, 0.4, 0.1333]
	 >>> Resetting the solution to avoid local optima.
	 ->['CCCCCAAAAAGGAACCAAAAAAAAAGGGGG', '(((((....................)))))', 0.2, -6.417993594099236e-05, -7.5498, 0.2717, 1.0, 0.1333]
	 ->['ACCCCAAAAAGGGACCAAAAAAAAAGGGGU', '(((((....................)))))', 0.2, -4.254878359196216e-05, -6.2032, 0.2873, 0.8, 0.1333]
	 >>> Resetting the solution to avoid local optima.
	 ->['GGGGGAAAAACCAAGGAAAAAAAAACCCCC', '(((((....................)))))', 0.2, -2.1693530809066878e-05, -7.2184, 0.2892, 1.0, 0.1333]
	 ->['AGUGGAUUACCCAAGGACAGAAAAGCCACU', '(((((....................)))))', 0.2, -2.4296801552590034e-05, -4.3485, 0.3389, 0.6, 0.1333]
	 ->['UGUGGAUUACCCAGGCUCAGUUAAGGCACG', '..(((.....))).(((.......)))...', 0.1667, -1.254569508484624e-05, -3.7559, 0.3789, 0.6667, 0.2667]
	 >>> Resetting the solution to avoid local optima.
	 ->['GGGGGAAAAACCAAGGAAAAAAAAACCCCC', '(((((....................)))))', 0.2, -2.1693530809066878e-05, -7.2184, 0.2892, 1.0, 0.1333]
	 >>> Resetting the solution to avoid local optima.
	 ->['GGGGGAAAAACCAAGGAAAAAAAAACCCCC', '(((((....................)))))', 0.2, -2.1693530809066878e-05, -7.2184, 0.2892, 1.0, 0.1333]
	 >>> Resetting the solution to avoid local optima.
	 ->['CCCCCAAAAAGGAACCAAAAAAAAAGGGGG', '(((((....................)))))', 0.2, -6.417993594099236e-05, -7.5498, 0.2717, 1.0, 0.1333]
	 >>> Resetting the solution to avoid local optima.
	 ->['CCCCCAAAAAGGAACCAAAAAAAAAGGGGG', '(((((....................)))))', 0.2, -6.417993594099236e-05, -7.5498, 0.2717, 1.0, 0.1333]
	 ->['GCCUCAUACAGGAUCCAAGAAGCAAGGGGC', '(((((....................)))))', 0.2, -5.688929908300404e-05, -4.8242, 0.297, 0.8, 0.1333]
	 >>> Resetting the solution to avoid local optima.
	 ->['GGGGGAAAAACCAAGGAAAAAAAAACCCCC', '(((((....................)))))', 0.2, -2.1693530809066878e-05, -7.2184, 0.2892, 1.0, 0.1333]
	 ->['AGGGGCACAACCAAAGAAAAACAUACUCCU', '(((((....................)))))', 0.2, -6.148088492581369e-05, -2.8763, 0.3251, 0.6, 0.1333]
	 ->['AGGGCCACAAGCAAAGUAGAACGUACUCCU', '...((.....))..((((.....))))...', 0.1667, -0.00012369862912501111, -2.4454, 0.3474, 0.5, 0.3333]
	 >>> Resetting the solution to avoid local optima.
	 ->['CCCCCAAAAAGGAACCAAAAAAAAAGGGGG', '(((((....................)))))', 0.2, -6.417993594099236e-05, -7.5498, 0.2717, 1.0, 0.1333]
	 ->['UCCCCAACAAGGAUCCUGGACACAAGGGGA', '(((((....................)))))', 0.2, -8.038081212601958e-06, -6.8303, 0.3289, 0.8, 0.1333]
	 >>> Resetting the solution to avoid local optima.
	 ->['CCCCCAAAAAGGAACCAAAAAAAAAGGGGG', '(((((....................)))))', 0.2, -6.417993594099236e-05, -7.5498, 0.2717, 1.0, 0.1333]
	 ->['CGCCCGUAAAGGAACCAACAGAAAAGGGUG', '(((((....................)))))', 0.2, -2.9860596382499414e-05, -6.1214, 0.2909, 0.8, 0.1333]
	 >>> Resetting the solution to avoid local optima.
	 ->['CCCCCAAAAAGGAACCAAAAAAAAAGGGGG', '(((((....................)))))', 0.2, -6.417993594099236e-05, -7.5498, 0.2717, 1.0, 0.1333]
	 >>> Resetting the solution to avoid local optima.
	 ->['GGGGGAAAAACCAAGGAAAAAAAAACCCCC', '(((((....................)))))', 0.2, -2.1693530809066878e-05, -7.2184, 0.2892, 1.0, 0.1333]
	 >>> Resetting the solution to avoid local optima.
	 ->['CCCCCAAAAAGGAACCAAAAAAAAAGGGGG', '(((((....................)))))', 0.2, -6.417993594099236e-05, -7.5498, 0.2717, 1.0, 0.1333]
	 ->['UCACCAAAAAGGAACCUAAAGGGAAGGUGA', '(((((....................)))))', 0.2, -2.423487673160154e-06, -4.6692, 0.3318, 0.6, 0.1333]
	 >>> Resetting the solution to avoid local optima.
	 ->['CCCCCAAAAAGGAACCAAAAAAAAAGGGGG', '(((((....................)))))', 0.2, -6.417993594099236e-05, -7.5498, 0.2717, 1.0, 0.1333]
	 ->['CCCCCAAAAAGGAACCAAAAAAAAAGGGGG', '(((((....................)))))', 0.2, -6.417993594099236e-05, -7.5498, 0.2717, 1.0, 0.1333]
	 ->['CCCGCAGAGAGUAGCCAACCAAGAAGGGGG', '(((.(....................).)))', 0.1667, -0.0007666941894859772, -4.4211, 0.4296, 1.0, 0.2]
	 >>> Resetting the solution to avoid local optima.
	 ->['CCCCCAAAAAGGAACCAAAAAAAAAGGGGG', '(((((....................)))))', 0.2, -6.417993594099236e-05, -7.5498, 0.2717, 1.0, 0.1333]
	 ->['CCGCCAAAUAGGAACCAGAAAAAAAGGUGG', '(((((....................)))))', 0.2, -1.6872642427052738e-05, -4.8733, 0.2726, 0.8, 0.1333]
	 >>> Resetting the solution to avoid local optima.
	 ->['GGGGGAAAAACCAAGGAAAAAAAAACCCCC', '(((((....................)))))', 0.2, -2.1693530809066878e-05, -7.2184, 0.2892, 1.0, 0.1333]
	 ->['GGGGGAAAAACCAUGGAAAAUAUAACUCCC', '(((((....................)))))', 0.2, -5.559331737173199e-05, -4.4384, 0.3354, 0.8, 0.1333]
	 ->['GGGGGGAUGACCAGCGCUUAUUGCACGCCC', '(((((.....)).(.((.....)).).)))', 0.1667, -0.000324176528946086, -6.0517, 0.4994, 1.0, 0.2]
	 >>> Resetting the solution to avoid local optima.
	 ->['CCCCCAAAAAGGAACCAAAAAAAAAGGGGG', '(((((....................)))))', 0.2, -6.417993594099236e-05, -7.5498, 0.2717, 1.0, 0.1333]
	 ->['CGCCCAUAAAGGAACCAGAGUAUCAGGGUG', '(((((....................)))))', 0.2, -3.9341495536642713e-05, -5.1515, 0.3241, 0.8, 0.1333]
	 ->['CCGCCGAAAAGGAUUCUCAGUACCAGACGG', '...((.....))..................', 0.1667, -0.001412777112245881, -2.6444, 0.4545, 1.0, 0.3333]
	 >>> Resetting the solution to avoid local optima.
	 ->['GGGGGAAAAACCAAGGAAAAAAAAACCCCC', '(((((....................)))))', 0.2, -2.1693530809066878e-05, -7.2184, 0.2892, 1.0, 0.1333]
	 ->['GAUGGGAAUACCGAGGCAGAUACAACUAUC', '(((((....................)))))', 0.2, -1.3692631421101733e-05, -3.002, 0.3679, 0.4, 0.1333]




RNA sequences found with GC-content <= 0.48:

RNA sequences found with GC-content > 0.48:
@@ GGCCCAAAAAGGAAGGAAAAAAAAACCGCC 1.0
@@ GGCCCAAAAAGGAAGCAAAAAAAAAGCGCC 1.0
@@ CCCCCAAAAAGGAAGCAAAAAAAAAGCGGG 1.0
@@ CCCCCAAAAAGGAAGCAAACAAAAAGCGGG 1.0
@@ CCCCCAAAAAGGAAGCAAACAAACAGCGGG 1.0
@@ CCCCCAAAGAGGAAGCAAACAAACAGCGGG 1.0
@@ CCCCCAAAGAGGAAGCAAACAUACAGCGGG 1.0
@@ CCCCCAAAGAGGAAGCGAACAUACAGCGGG 1.0
@@ CCCCCAAAGAGGAAGCGUACAUACAGCGGG 1.0
@@ CCCCCAAAGAGGAAGCGUACAGACAGCGGG 1.0
@@ CCCCCAGAGAGGAAGCGUACAGACAGCGGG 1.0
@@ CCCCCAGACAGGAAGCGUACAGACAGCGGG 1.0
@@ CCCCCAGACAGGAAGCGUUCAGACAGCGGG 1.0
@@ CCCCCAGAGAGGAAGCGUUCAGACAGCGGG 1.0
@@ CCCCCAGAGAGGAAGCGUUCACACAGCGGG 1.0
@@ CCCCCAAAAAGGAAGCAAGAAAAAAGCGGG 1.0
@@ CCCCCAAAAAGGAAGCGAGAAAAAAGCGGG 1.0
@@ CCCCCAUAAAGGAAGCGAGAAAAAAGCGGG 1.0
@@ CCCCCAUAAAGGAAGCGAGAAAAUAGCGGG 1.0
@@ CCCCCACAAAGGAAGCGAGAAAAUAGCGGG 1.0
@@ CCCCCACAAAGGAAGCGAGAAACUAGCGGG 1.0
@@ CCCCCACCAAGGAAGCGAGAAACUAGCGGG 1.0
@@ CCCCCACCAAGGAUGCGAGAAACUAGCGGG 1.0
@@ CCCCCACCAAGGAUGCGAGAUACUAGCGGG 1.0
@@ CCCCCACCCAGGAUGCGAGAUACUAGCGGG 1.0
@@ CCCCCACCCAGGAUGCGUGAUACUAGCGGG 1.0
@@ CCCCCACCCAGGAUGCGUGACACUAGCGGG 1.0


Elapsed time:                   86400.01299977303 secs.
Number of function evaluations: 73598954
----------------------------------------------------------------------


---------------------------------------
 FINISHED SUCCESSFULLY 
---------------------------------------
