
-----------------------------------------------------------------------
   _____ _____  ______ ______ _____             _____  _   _           
  / ____|  __ \|  ____|  ____|  __ \           |  __ \| \ | |   /\     
 | |  __| |__) | |__  | |__  | |  | |  ______  | |__) |  \| |  /  \    
 | | |_ |  _  /|  __| |  __| | |  | | |______| |  _  /| . ` | / /\ \   
 | |__| | | \ \| |____| |____| |__| |          | | \ \| |\  |/ ____ \  
  \_____|_|  \_\______|______|_____/           |_|  \_\_| \_/_/    \_\ 
       
                                       -- A. Rubio-Largo et al. 2023
-----------------------------------------------------------------------

------------------------------------------------------------------------------------------------------------------
CONFIGURATION: 

 * TARGET:           (((((.....))..((.........)))))
 * STOPPING:         86400 secs.
 * SEED:             7
 * NO. OF SOLUTIONS: 1
 * max. GC-cont.:    0.48
 * MODEL:            TURNER2004
 * MUTATION PROB:    0.01
 * STAGNATION LIMIT: 50
------------------------------------------------------------------------------------------------------------------


 (1) Let's minimize the base-pair distance between predicted and target structures
    -> Min(Base-pair distance), min(Hamming distance), max(probability over ensemble), min(partition function), min(ensemble defect), min(%GC-content)


	 ->['GGGGGAAAAACCAAGGAAAAAAAAACCCCC', '(((((....................)))))', 0.2, -2.1693530809066878e-05, -7.2184, 0.2892, 1.0, 0.1333]
	 ->['GGCGGAAAAACCAAGGAAAAAAAAACCGCC', '(((((....................)))))', 0.2, -0.00024187796422588557, -6.3322, 0.2674, 1.0, 0.1333]
	 ->['GGCCGAAAAACGAAGCAAAAAAAAAGCGCC', '((((.....................).)))', 0.1667, -0.10607111537960429, -1.7828, 0.2465, 1.0, 0.2]


    -> Found sequence! Elapsed time:                   0.026548147201538086 secs.


 (2) We found a sequence that folds exactly like the target structure. Let's minimize the GC-content
    -> ORDER: Min(Base-pair distance), min(Hamming distance), min(GC-content), min(partition function), min(ensemble defect), max(probability over ensemble))


	 >>> Resetting the solution to avoid local optima.
	 ->['GGGGGAAAAACCAAGGAAAAAAAAACCCCC', '(((((....................)))))', 0.2, -2.1693530809066878e-05, -7.2184, 0.2892, 1.0, 0.1333]
	 >>> Resetting the solution to avoid local optima.
	 ->['GGGGGAAAAACCAAGGAAAAAAAAACCCCC', '(((((....................)))))', 0.2, -2.1693530809066878e-05, -7.2184, 0.2892, 1.0, 0.1333]
	 ->['UGGGGAACAACCAAGGAUAAAAAAACCCCA', '(((((....................)))))', 0.2, -1.3046087303269847e-05, -5.8318, 0.287, 0.8, 0.1333]
	 >>> Resetting the solution to avoid local optima.
	 ->['CCCCCAAAAAGGAACCAAAAAAAAAGGGGG', '(((((....................)))))', 0.2, -6.417993594099236e-05, -7.5498, 0.2717, 1.0, 0.1333]
	 ->['UGUCCGUCGAGGUACCAAUAUAGCAGGAUA', '(((((....................)))))', 0.2, -1.0512597933001465e-06, -4.084, 0.4104, 0.4, 0.1333]
	 >>> Resetting the solution to avoid local optima.
	 ->['CCCCCAAAAAGGAACCAAAAAAAAAGGGGG', '(((((....................)))))', 0.2, -6.417993594099236e-05, -7.5498, 0.2717, 1.0, 0.1333]
	 ->['CCCCCAUGAAGGACCCAAAAAAAAAGGGGG', '(((((....................)))))', 0.2, -4.096091583773973e-05, -7.7266, 0.2886, 1.0, 0.1333]
	 >>> Resetting the solution to avoid local optima.
	 ->['GGGGGAAAAACCAAGGAAAAAAAAACCCCC', '(((((....................)))))', 0.2, -2.1693530809066878e-05, -7.2184, 0.2892, 1.0, 0.1333]
	 ->['GGUGGAUUAACCAUGGGAAAAGAAACCGCC', '(((((....................)))))', 0.2, -0.0003167168196886914, -5.566, 0.3715, 0.8, 0.1333]
	 >>> Resetting the solution to avoid local optima.
	 ->['GGGGGAAAAACCAAGGAAAAAAAAACCCCC', '(((((....................)))))', 0.2, -2.1693530809066878e-05, -7.2184, 0.2892, 1.0, 0.1333]
	 ->['GGGGGAAAAACCAAGGAAAAAAAAACCCCC', '(((((....................)))))', 0.2, -2.1693530809066878e-05, -7.2184, 0.2892, 1.0, 0.1333]
	 >>> Resetting the solution to avoid local optima.
	 ->['CCCCCAAAAAGGAACCAAAAAAAAAGGGGG', '(((((....................)))))', 0.2, -6.417993594099236e-05, -7.5498, 0.2717, 1.0, 0.1333]
	 ->['GCCCCACAGUGGUACCAUAAAAAACGGGGU', '(((((....................)))))', 0.2, -1.0081062017859344e-05, -6.8907, 0.3451, 0.8, 0.1333]
	 >>> Resetting the solution to avoid local optima.
	 ->['CCCCCAAAAAGGAACCAAAAAAAAAGGGGG', '(((((....................)))))', 0.2, -6.417993594099236e-05, -7.5498, 0.2717, 1.0, 0.1333]
	 ->['CUUUCACACAGGAGCCAUUAGCCAAGGAAG', '(((((....................)))))', 0.2, -3.922284366850834e-06, -1.7725, 0.4334, 0.4, 0.1333]
	 >>> Resetting the solution to avoid local optima.
	 ->['GGGGGAAAAACCAAGGAAAAAAAAACCCCC', '(((((....................)))))', 0.2, -2.1693530809066878e-05, -7.2184, 0.2892, 1.0, 0.1333]
	 ->['GAUGGAAAAACCAAGGGAAGAGCAACCAUC', '(((((....................)))))', 0.2, -0.0002552027365582765, -3.3991, 0.2801, 0.6, 0.1333]
	 >>> Resetting the solution to avoid local optima.
	 ->['GGGGGAAAAACCAAGGAAAAAAAAACCCCC', '(((((....................)))))', 0.2, -2.1693530809066878e-05, -7.2184, 0.2892, 1.0, 0.1333]
	 ->['GGGGGAAAUAUCAAGGAAAAAGAAGCCCCC', '(((((....................)))))', 0.2, -8.34309623984741e-08, -7.7456, 0.3044, 1.0, 0.1333]
	 >>> Resetting the solution to avoid local optima.
	 ->['CCCCCAAAAAGGAACCAAAAAAAAAGGGGG', '(((((....................)))))', 0.2, -6.417993594099236e-05, -7.5498, 0.2717, 1.0, 0.1333]
	 ->['CACCUAGAAGAGAUCUUACGCACGAGGGUG', '(((((....................)))))', 0.2, -1.369355771023163e-07, -4.2402, 0.3711, 0.6, 0.1333]
	 >>> Resetting the solution to avoid local optima.
	 ->['CCCCCAAAAAGGAACCAAAAAAAAAGGGGG', '(((((....................)))))', 0.2, -6.417993594099236e-05, -7.5498, 0.2717, 1.0, 0.1333]
	 ->['AUCCCAAAAAGGAACCAAUAAUAUAGGGAU', '(((((....................)))))', 0.2, -3.812741568117237e-05, -4.2708, 0.2948, 0.6, 0.1333]
	 >>> Resetting the solution to avoid local optima.
	 ->['CCCCCAAAAAGGAACCAAAAAAAAAGGGGG', '(((((....................)))))', 0.2, -6.417993594099236e-05, -7.5498, 0.2717, 1.0, 0.1333]
	 ->['GCCCCAUAAAGGAGCCAAUAAAAAAGGGGC', '(((((....................)))))', 0.2, -4.271078383969694e-05, -7.7008, 0.276, 1.0, 0.1333]
	 ->['CCCGCAUGAAGCAGCCAAUAAAAAAGGGGG', '(((.(....................).)))', 0.1667, -0.04068717212526974, -4.0734, 0.3663, 1.0, 0.2]
	 >>> Resetting the solution to avoid local optima.
	 ->['GGGGGAAAAACCAAGGAAAAAAAAACCCCC', '(((((....................)))))', 0.2, -2.1693530809066878e-05, -7.2184, 0.2892, 1.0, 0.1333]
	 ->['GGGGGAACAGUUAAGGAAAAAAAGACCCCC', '(((((....................)))))', 0.2, -7.93322879740402e-09, -7.6957, 0.3178, 1.0, 0.1333]
	 >>> Resetting the solution to avoid local optima.
	 ->['GGGGGAAAAACCAAGGAAAAAAAAACCCCC', '(((((....................)))))', 0.2, -2.1693530809066878e-05, -7.2184, 0.2892, 1.0, 0.1333]
	 ->['GGGGGAAAAACCAAGGGAAAAAUUACCCCC', '(((((....................)))))', 0.2, -6.893685879861082e-05, -7.9058, 0.3584, 1.0, 0.1333]
	 >>> Resetting the solution to avoid local optima.
	 ->['CCCCCAAAAAGGAACCAAAAAAAAAGGGGG', '(((((....................)))))', 0.2, -6.417993594099236e-05, -7.5498, 0.2717, 1.0, 0.1333]
	 ->['CUGCCGACUGGGACCCUAAUGGAUAGGUAG', '(((((....................)))))', 0.2, -8.027328702073746e-07, -5.4502, 0.4216, 0.6, 0.1333]
	 >>> Resetting the solution to avoid local optima.
	 ->['CCCCCAAAAAGGAACCAAAAAAAAAGGGGG', '(((((....................)))))', 0.2, -6.417993594099236e-05, -7.5498, 0.2717, 1.0, 0.1333]
	 ->['GCCCCAAAAAGGGACCAAAAAGAUAGGGGU', '(((((....................)))))', 0.2, -4.6811856762556845e-05, -6.4443, 0.287, 0.8, 0.1333]
	 >>> Resetting the solution to avoid local optima.
	 ->['GGGGGAAAAACCAAGGAAAAAAAAACCCCC', '(((((....................)))))', 0.2, -2.1693530809066878e-05, -7.2184, 0.2892, 1.0, 0.1333]
	 ->['UGAGGACAUACCAGGGAGACGCUAGCCUCA', '(((((....................)))))', 0.2, -1.7837079878303043e-06, -5.4581, 0.426, 0.6, 0.1333]
	 >>> Resetting the solution to avoid local optima.
	 ->['GGGGGAAAAACCAAGGAAAAAAAAACCCCC', '(((((....................)))))', 0.2, -2.1693530809066878e-05, -7.2184, 0.2892, 1.0, 0.1333]
	 ->['GAGGGAAAAAUCAAGGAAAUAAAAACCCUC', '(((((....................)))))', 0.2, -1.5294553003203888e-07, -5.072, 0.2728, 0.8, 0.1333]
	 >>> Resetting the solution to avoid local optima.
	 ->['CCCCCAAAAAGGAACCAAAAAAAAAGGGGG', '(((((....................)))))', 0.2, -6.417993594099236e-05, -7.5498, 0.2717, 1.0, 0.1333]
	 ->['GCACCAUAAAGGAUCCGAAGGAAGAGGUGC', '(((((....................)))))', 0.2, -1.689120875944037e-05, -5.8726, 0.3528, 0.8, 0.1333]
	 ->['GCACCAUUAAGGAUCGGUAGGAGGACGUGC', '((((......................))))', 0.1667, -0.0007910460162481442, -2.8019, 0.4103, 0.75, 0.2]
	 >>> Resetting the solution to avoid local optima.
	 ->['GGGGGAAAAACCAAGGAAAAAAAAACCCCC', '(((((....................)))))', 0.2, -2.1693530809066878e-05, -7.2184, 0.2892, 1.0, 0.1333]
	 ->['GGGGGAAAAGCCAAGGAAAAAACCACCCCC', '(((((....................)))))', 0.2, -1.901702582900755e-05, -7.4995, 0.3097, 1.0, 0.1333]
	 ->['GGGGGAGCUGCCGACGUCUGAACCACGCCC', '(((.(....................).)))', 0.1667, -0.0008780081988015446, -4.4376, 0.4493, 1.0, 0.2]
	 >>> Resetting the solution to avoid local optima.
	 ->['CCCCCAAAAAGGAACCAAAAAAAAAGGGGG', '(((((....................)))))', 0.2, -6.417993594099236e-05, -7.5498, 0.2717, 1.0, 0.1333]
	 >>> Resetting the solution to avoid local optima.
	 ->['CCCCCAAAAAGGAACCAAAAAAAAAGGGGG', '(((((....................)))))', 0.2, -6.417993594099236e-05, -7.5498, 0.2717, 1.0, 0.1333]
	 ->['CCUCUAAGAAAGACCCUAUGAAACAGGAGG', '(((((....................)))))', 0.2, -1.9366041349364624e-05, -3.4883, 0.2929, 0.6, 0.1333]
	 >>> Resetting the solution to avoid local optima.
	 ->['GGGGGAAAAACCAAGGAAAAAAAAACCCCC', '(((((....................)))))', 0.2, -2.1693530809066878e-05, -7.2184, 0.2892, 1.0, 0.1333]
	 >>> Resetting the solution to avoid local optima.
	 ->['GGGGGAAAAACCAAGGAAAAAAAAACCCCC', '(((((....................)))))', 0.2, -2.1693530809066878e-05, -7.2184, 0.2892, 1.0, 0.1333]
	 ->['GGGGGAAAAACCAAGGUAAAAAAAACCCCC', '(((((....................)))))', 0.2, -1.6880304598881146e-05, -7.373, 0.305, 1.0, 0.1333]
	 >>> Resetting the solution to avoid local optima.
	 ->['GGGGGAAAAACCAAGGAAAAAAAAACCCCC', '(((((....................)))))', 0.2, -2.1693530809066878e-05, -7.2184, 0.2892, 1.0, 0.1333]
	 ->['GAGGGAAAAACCAAGGAAAAAAGAACCCUC', '(((((....................)))))', 0.2, -2.3901412217899054e-05, -5.0586, 0.2732, 0.8, 0.1333]
	 >>> Resetting the solution to avoid local optima.
	 ->['CCCCCAAAAAGGAACCAAAAAAAAAGGGGG', '(((((....................)))))', 0.2, -6.417993594099236e-05, -7.5498, 0.2717, 1.0, 0.1333]
	 ->['CACCUAUUAGAGUACCGGAACAAAAGGGUG', '(((((....................)))))', 0.2, -2.243384601249985e-05, -3.9977, 0.4028, 0.6, 0.1333]
	 >>> Resetting the solution to avoid local optima.
	 ->['GGGGGAAAAACCAAGGAAAAAAAAACCCCC', '(((((....................)))))', 0.2, -2.1693530809066878e-05, -7.2184, 0.2892, 1.0, 0.1333]
	 ->['AGGGGAGACACCAAGGAUAGAUGAACCUCU', '(((((....................)))))', 0.2, -4.431641077106709e-06, -3.6972, 0.3912, 0.6, 0.1333]
	 >>> Resetting the solution to avoid local optima.
	 ->['GGGGGAAAAACCAAGGAAAAAAAAACCCCC', '(((((....................)))))', 0.2, -2.1693530809066878e-05, -7.2184, 0.2892, 1.0, 0.1333]
	 >>> Resetting the solution to avoid local optima.
	 ->['CCCCCAAAAAGGAACCAAAAAAAAAGGGGG', '(((((....................)))))', 0.2, -6.417993594099236e-05, -7.5498, 0.2717, 1.0, 0.1333]
	 ->['CUACCGUUAAGGGACCGCAGACAAAGGUAG', '(((((....................)))))', 0.2, -3.4757503015241655e-05, -5.0278, 0.3394, 0.6, 0.1333]
	 >>> Resetting the solution to avoid local optima.
	 ->['CCCCCAAAAAGGAACCAAAAAAAAAGGGGG', '(((((....................)))))', 0.2, -6.417993594099236e-05, -7.5498, 0.2717, 1.0, 0.1333]
	 >>> Resetting the solution to avoid local optima.
	 ->['GGGGGAAAAACCAAGGAAAAAAAAACCCCC', '(((((....................)))))', 0.2, -2.1693530809066878e-05, -7.2184, 0.2892, 1.0, 0.1333]
	 >>> Resetting the solution to avoid local optima.
	 ->['CCCCCAAAAAGGAACCAAAAAAAAAGGGGG', '(((((....................)))))', 0.2, -6.417993594099236e-05, -7.5498, 0.2717, 1.0, 0.1333]
	 ->['CACCCGAAUAGGAACCGAAUGAUGAGGGUG', '(((((....................)))))', 0.2, -7.271750294398633e-05, -6.7729, 0.3556, 0.8, 0.1333]
	 >>> Resetting the solution to avoid local optima.
	 ->['GGGGGAAAAACCAAGGAAAAAAAAACCCCC', '(((((....................)))))', 0.2, -2.1693530809066878e-05, -7.2184, 0.2892, 1.0, 0.1333]
	 ->['GGAGGAUAAAUCAAGGAAAAAAAAACCUCC', '(((((....................)))))', 0.2, -2.2758770912032846e-07, -5.1271, 0.2767, 0.8, 0.1333]
	 >>> Resetting the solution to avoid local optima.
	 ->['GGGGGAAAAACCAAGGAAAAAAAAACCCCC', '(((((....................)))))', 0.2, -2.1693530809066878e-05, -7.2184, 0.2892, 1.0, 0.1333]
	 >>> Resetting the solution to avoid local optima.
	 ->['CCCCCAAAAAGGAACCAAAAAAAAAGGGGG', '(((((....................)))))', 0.2, -6.417993594099236e-05, -7.5498, 0.2717, 1.0, 0.1333]
	 ->['ACACCAACCUGGACCCGACGCGACCGGUGU', '(((((....................)))))', 0.2, -9.877476552230387e-07, -5.4224, 0.4348, 0.6, 0.1333]
	 ->['UGGCCAGCCUGGACUCGAUUCGACCGAUUA', '...(((...)))..(((.......)))...', 0.1667, -5.232828281218667e-08, -3.0331, 0.4695, 0.6667, 0.3333]
	 >>> Resetting the solution to avoid local optima.
	 ->['CCCCCAAAAAGGAACCAAAAAAAAAGGGGG', '(((((....................)))))', 0.2, -6.417993594099236e-05, -7.5498, 0.2717, 1.0, 0.1333]
	 ->['GACCUGCGCCGGUACCAUGAAGAUAGGGUC', '(((((....................)))))', 0.2, -1.3939823885879535e-06, -5.0101, 0.4032, 0.6, 0.1333]
	 >>> Resetting the solution to avoid local optima.
	 ->['GGGGGAAAAACCAAGGAAAAAAAAACCCCC', '(((((....................)))))', 0.2, -2.1693530809066878e-05, -7.2184, 0.2892, 1.0, 0.1333]
	 ->['GGUGGGACGACCCCGGGAGCAUGAACCACC', '(((((....................)))))', 0.2, -2.6475558704572434e-05, -7.4956, 0.3814, 0.8, 0.1333]
	 >>> Resetting the solution to avoid local optima.
	 ->['CCCCCAAAAAGGAACCAAAAAAAAAGGGGG', '(((((....................)))))', 0.2, -6.417993594099236e-05, -7.5498, 0.2717, 1.0, 0.1333]
	 ->['AGGCCAAAAAGGAACCAAAAGCAACGGUCU', '(((((....................)))))', 0.2, -1.1155998807548175e-05, -3.5282, 0.2818, 0.6, 0.1333]
	 >>> Resetting the solution to avoid local optima.
	 ->['CCCCCAAAAAGGAACCAAAAAAAAAGGGGG', '(((((....................)))))', 0.2, -6.417993594099236e-05, -7.5498, 0.2717, 1.0, 0.1333]
	 ->['CCUCCAACAAGGAUCCACAACAAAAGGAGG', '(((((....................)))))', 0.2, -4.3175081599489134e-05, -5.6942, 0.2796, 0.8, 0.1333]
	 >>> Resetting the solution to avoid local optima.
	 ->['CCCCCAAAAAGGAACCAAAAAAAAAGGGGG', '(((((....................)))))', 0.2, -6.417993594099236e-05, -7.5498, 0.2717, 1.0, 0.1333]
	 >>> Resetting the solution to avoid local optima.
	 ->['GGGGGAAAAACCAAGGAAAAAAAAACCCCC', '(((((....................)))))', 0.2, -2.1693530809066878e-05, -7.2184, 0.2892, 1.0, 0.1333]
	 ->['GUGGGAAAAGCCAAGGUACAGAUGACCCAC', '(((((....................)))))', 0.2, -1.3268786412466494e-05, -5.4213, 0.3282, 0.8, 0.1333]
	 >>> Resetting the solution to avoid local optima.
	 ->['CCCCCAAAAAGGAACCAAAAAAAAAGGGGG', '(((((....................)))))', 0.2, -6.417993594099236e-05, -7.5498, 0.2717, 1.0, 0.1333]
	 ->['CCGCCAAAAAGGAACCAAAAUAAGAGGUGG', '(((((....................)))))', 0.2, -1.678025997198199e-05, -4.8766, 0.272, 0.8, 0.1333]
	 >>> Resetting the solution to avoid local optima.
	 ->['CCCCCAAAAAGGAACCAAAAAAAAAGGGGG', '(((((....................)))))', 0.2, -6.417993594099236e-05, -7.5498, 0.2717, 1.0, 0.1333]
	 ->['UCUCCACCAGGGACCCAAAGACAAAGGAGA', '(((((....................)))))', 0.2, -2.457297527912825e-05, -4.5415, 0.2999, 0.6, 0.1333]
	 >>> Resetting the solution to avoid local optima.
	 ->['GGGGGAAAAACCAAGGAAAAAAAAACCCCC', '(((((....................)))))', 0.2, -2.1693530809066878e-05, -7.2184, 0.2892, 1.0, 0.1333]
	 ->['GUAGGGGAAGCCAUGGAUGACAUUACCUAU', '(((((....................)))))', 0.2, -3.264913955162762e-06, -4.3855, 0.4494, 0.4, 0.1333]
	 >>> Resetting the solution to avoid local optima.
	 ->['CCCCCAAAAAGGAACCAAAAAAAAAGGGGG', '(((((....................)))))', 0.2, -6.417993594099236e-05, -7.5498, 0.2717, 1.0, 0.1333]
	 ->['UCACCAAAAUGGAACCAUAAAAAUAGGUGA', '(((((....................)))))', 0.2, -8.153303390391046e-06, -4.4215, 0.3276, 0.6, 0.1333]
	 ->['UUACCAAAAUGGAACCGUAAAAGUAGGUGA', '...(((...))).(((.........)))..', 0.1667, -5.264953821126753e-06, -3.291, 0.2915, 0.6667, 0.2667]
	 >>> Resetting the solution to avoid local optima.
	 ->['CCCCCAAAAAGGAACCAAAAAAAAAGGGGG', '(((((....................)))))', 0.2, -6.417993594099236e-05, -7.5498, 0.2717, 1.0, 0.1333]
	 ->['UCACCAAAAAGGAACCCGAACACAAGGUGA', '(((((....................)))))', 0.2, -2.6588852665583105e-06, -4.6121, 0.2996, 0.6, 0.1333]
	 >>> Resetting the solution to avoid local optima.
	 ->['GGGGGAAAAACCAAGGAAAAAAAAACCCCC', '(((((....................)))))', 0.2, -2.1693530809066878e-05, -7.2184, 0.2892, 1.0, 0.1333]
	 >>> Resetting the solution to avoid local optima.
	 ->['GGGGGAAAAACCAAGGAAAAAAAAACCCCC', '(((((....................)))))', 0.2, -2.1693530809066878e-05, -7.2184, 0.2892, 1.0, 0.1333]
	 >>> Resetting the solution to avoid local optima.
	 ->['GGGGGAAAAACCAAGGAAAAAAAAACCCCC', '(((((....................)))))', 0.2, -2.1693530809066878e-05, -7.2184, 0.2892, 1.0, 0.1333]
	 >>> Resetting the solution to avoid local optima.
	 ->['GGGGGAAAAACCAAGGAAAAAAAAACCCCC', '(((((....................)))))', 0.2, -2.1693530809066878e-05, -7.2184, 0.2892, 1.0, 0.1333]
	 ->['GAGGGCCCAGCCUAGGUAACCAGAACCCUC', '(((((....................)))))', 0.2, -1.7943415959682784e-06, -6.2545, 0.3531, 0.8, 0.1333]
	 >>> Resetting the solution to avoid local optima.
	 ->['GGGGGAAAAACCAAGGAAAAAAAAACCCCC', '(((((....................)))))', 0.2, -2.1693530809066878e-05, -7.2184, 0.2892, 1.0, 0.1333]
	 ->['GUGGGCAUAGUCAAGGAAACAAUUACCCAU', '(((((....................)))))', 0.2, -4.170061538188027e-08, -4.673, 0.4325, 0.6, 0.1333]
	 >>> Resetting the solution to avoid local optima.
	 ->['CCCCCAAAAAGGAACCAAAAAAAAAGGGGG', '(((((....................)))))', 0.2, -6.417993594099236e-05, -7.5498, 0.2717, 1.0, 0.1333]
	 >>> Resetting the solution to avoid local optima.
	 ->['CCCCCAAAAAGGAACCAAAAAAAAAGGGGG', '(((((....................)))))', 0.2, -6.417993594099236e-05, -7.5498, 0.2717, 1.0, 0.1333]
	 ->['UCUCCACAAGGGCGCCCACAAGGACGGAGA', '(((((....................)))))', 0.2, -2.3240565834084312e-07, -5.8142, 0.3976, 0.6, 0.1333]
	 >>> Resetting the solution to avoid local optima.
	 ->['GGGGGAAAAACCAAGGAAAAAAAAACCCCC', '(((((....................)))))', 0.2, -2.1693530809066878e-05, -7.2184, 0.2892, 1.0, 0.1333]
	 ->['GUAGGGCAAUCCGCGGUACUGUACACCUAU', '(((((....................)))))', 0.2, -1.4169116435333224e-06, -4.3, 0.4849, 0.4, 0.1333]
	 >>> Resetting the solution to avoid local optima.
	 ->['CCCCCAAAAAGGAACCAAAAAAAAAGGGGG', '(((((....................)))))', 0.2, -6.417993594099236e-05, -7.5498, 0.2717, 1.0, 0.1333]
	 ->['UCGCCAAAGAGGUACCCGAUAAGUAGGUGA', '(((((....................)))))', 0.2, -7.85126468927832e-07, -4.6639, 0.3437, 0.6, 0.1333]
	 >>> Resetting the solution to avoid local optima.
	 ->['GGGGGAAAAACCAAGGAAAAAAAAACCCCC', '(((((....................)))))', 0.2, -2.1693530809066878e-05, -7.2184, 0.2892, 1.0, 0.1333]
	 ->['GUAGGACCACCCAAGGAGAGACCAGCCUAC', '(((((....................)))))', 0.2, -1.137443870541224e-05, -4.2163, 0.3327, 0.6, 0.1333]
	 >>> Resetting the solution to avoid local optima.
	 ->['GGGGGAAAAACCAAGGAAAAAAAAACCCCC', '(((((....................)))))', 0.2, -2.1693530809066878e-05, -7.2184, 0.2892, 1.0, 0.1333]
	 ->['GAUGGGAUAACUUAGGUGCACUAAACCAUU', '(((((....................)))))', 0.2, -7.833141846655051e-08, -4.0844, 0.4215, 0.4, 0.1333]
	 >>> Resetting the solution to avoid local optima.
	 ->['GGGGGAAAAACCAAGGAAAAAAAAACCCCC', '(((((....................)))))', 0.2, -2.1693530809066878e-05, -7.2184, 0.2892, 1.0, 0.1333]
	 ->['GUGGGAGAUACCUAGGUAAAGAGACCCCAC', '(((((....................)))))', 0.2, -9.09858834100326e-07, -6.373, 0.4085, 0.8, 0.1333]
	 >>> Resetting the solution to avoid local optima.
	 ->['CCCCCAAAAAGGAACCAAAAAAAAAGGGGG', '(((((....................)))))', 0.2, -6.417993594099236e-05, -7.5498, 0.2717, 1.0, 0.1333]
	 ->['GAUCUAGUGAAGCAUCAGGACAGAAGGAUC', '(((((....................)))))', 0.2, -4.866966324585909e-09, -2.6969, 0.4269, 0.4, 0.1333]
	 >>> Resetting the solution to avoid local optima.
	 ->['GGGGGAAAAACCAAGGAAAAAAAAACCCCC', '(((((....................)))))', 0.2, -2.1693530809066878e-05, -7.2184, 0.2892, 1.0, 0.1333]
	 >>> Resetting the solution to avoid local optima.
	 ->['CCCCCAAAAAGGAACCAAAAAAAAAGGGGG', '(((((....................)))))', 0.2, -6.417993594099236e-05, -7.5498, 0.2717, 1.0, 0.1333]
	 ->['CCCCCAAAAGGGAACCAAAUAGUAAGGGGG', '(((((....................)))))', 0.2, -4.226398299719137e-05, -7.7073, 0.2851, 1.0, 0.1333]
	 >>> Resetting the solution to avoid local optima.
	 ->['CCCCCAAAAAGGAACCAAAAAAAAAGGGGG', '(((((....................)))))', 0.2, -6.417993594099236e-05, -7.5498, 0.2717, 1.0, 0.1333]
	 ->['GGCCCGACAGGGAACCACAACAAAAGGGUC', '(((((....................)))))', 0.2, -1.2844647385151071e-05, -6.8414, 0.369, 0.8, 0.1333]
	 ->['GUCCGGACAGCGAGCCAGAACUACAGGGAC', '((((......................))))', 0.1667, -0.0005466862897016975, -3.8296, 0.3527, 0.75, 0.2]
	 >>> Resetting the solution to avoid local optima.
	 ->['CCCCCAAAAAGGAACCAAAAAAAAAGGGGG', '(((((....................)))))', 0.2, -6.417993594099236e-05, -7.5498, 0.2717, 1.0, 0.1333]
	 ->['UGAUCAACUAGGAAUCAGAGUCGACGAUCA', '(((((....................)))))', 0.2, -1.5654074865316944e-08, -3.2768, 0.4234, 0.4, 0.1333]
	 ->['UUCGCGCGCAGCAUUAGGAUGGGCCUAGAA', '...((.....))..((((.....))))...', 0.1667, -4.575877898528901e-08, -5.4157, 0.5139, 0.6667, 0.3333]
	 >>> Resetting the solution to avoid local optima.
	 ->['CCCCCAAAAAGGAACCAAAAAAAAAGGGGG', '(((((....................)))))', 0.2, -6.417993594099236e-05, -7.5498, 0.2717, 1.0, 0.1333]
	 ->['GCCUUCCUAUAGACUCACAUCAUUCGGGGU', '(((((....................)))))', 0.2, -3.2633171983697495e-08, -2.8241, 0.5106, 0.4, 0.1333]
	 >>> Resetting the solution to avoid local optima.
	 ->['CCCCCAAAAAGGAACCAAAAAAAAAGGGGG', '(((((....................)))))', 0.2, -6.417993594099236e-05, -7.5498, 0.2717, 1.0, 0.1333]
	 ->['CUCCCAAAAAGGACCCAAAACAGAAGGGAG', '(((((....................)))))', 0.2, -3.715299891187034e-05, -5.6868, 0.2858, 0.8, 0.1333]
	 >>> Resetting the solution to avoid local optima.
	 ->['CCCCCAAAAAGGAACCAAAAAAAAAGGGGG', '(((((....................)))))', 0.2, -6.417993594099236e-05, -7.5498, 0.2717, 1.0, 0.1333]
	 ->['GACUCAGAGCGGAAUCCACAAUUAAGAGUU', '(((((....................)))))', 0.2, -2.9127202267738523e-08, -3.1941, 0.3926, 0.4, 0.1333]
	 >>> Resetting the solution to avoid local optima.
	 ->['CCCCCAAAAAGGAACCAAAAAAAAAGGGGG', '(((((....................)))))', 0.2, -6.417993594099236e-05, -7.5498, 0.2717, 1.0, 0.1333]
	 >>> Resetting the solution to avoid local optima.
	 ->['CCCCCAAAAAGGAACCAAAAAAAAAGGGGG', '(((((....................)))))', 0.2, -6.417993594099236e-05, -7.5498, 0.2717, 1.0, 0.1333]
	 ->['CCCUCAGAAAGAAACCGAAAGGAAAGGGGG', '(((((....................)))))', 0.2, -0.00048336501057648904, -5.2054, 0.3568, 0.8, 0.1333]
	 ->['CCCGCAUAAAGUAACCGAAAGGAGAGGGGG', '(((.(....................).)))', 0.1667, -0.0031189566166367443, -4.5563, 0.4142, 1.0, 0.2]
	 >>> Resetting the solution to avoid local optima.
	 ->['CCCCCAAAAAGGAACCAAAAAAAAAGGGGG', '(((((....................)))))', 0.2, -6.417993594099236e-05, -7.5498, 0.2717, 1.0, 0.1333]
	 ->['CCACCAGAAAGGCACCAAGAAGAAAGGUGG', '(((((....................)))))', 0.2, -1.2488984154421634e-05, -5.5587, 0.2871, 0.8, 0.1333]




RNA sequences found with GC-content <= 0.48:

RNA sequences found with GC-content > 0.48:
@@ GGCCCAAAAAGGAAGCAAAAAAAAAGCGCC 1.0


Elapsed time:                   86400.0131726265 secs.
Number of function evaluations: 73230179
----------------------------------------------------------------------


---------------------------------------
 FINISHED SUCCESSFULLY 
---------------------------------------
