
-----------------------------------------------------------------------
   _____ _____  ______ ______ _____             _____  _   _           
  / ____|  __ \|  ____|  ____|  __ \           |  __ \| \ | |   /\     
 | |  __| |__) | |__  | |__  | |  | |  ______  | |__) |  \| |  /  \    
 | | |_ |  _  /|  __| |  __| | |  | | |______| |  _  /| . ` | / /\ \   
 | |__| | | \ \| |____| |____| |__| |          | | \ \| |\  |/ ____ \  
  \_____|_|  \_\______|______|_____/           |_|  \_\_| \_/_/    \_\ 
       
                                       -- A. Rubio-Largo et al. 2023
-----------------------------------------------------------------------

------------------------------------------------------------------------------------------------------------------
CONFIGURATION: 

 * TARGET:           ((((((.((((((((....))))).)).).))))))
 * STOPPING:         86400 secs.
 * SEED:             2
 * NO. OF SOLUTIONS: 1
 * max. GC-cont.:    0.48
 * MODEL:            TURNER2004
 * MUTATION PROB:    0.01
 * STAGNATION LIMIT: 50
------------------------------------------------------------------------------------------------------------------


 (1) Let's minimize the base-pair distance between predicted and target structures
    -> Min(Base-pair distance), min(Hamming distance), max(probability over ensemble), min(partition function), min(ensemble defect), min(%GC-content)


	 ->['CCCCCCACCCCCCCCAAAAGGGGGAGGAGAGGGGGG', '((((((.((((((((....))))).)).).))))))', 0.0, -0.5622393803459644, -27.3549, 0.0957, 1.0, 0.0]


    -> Found sequence! Elapsed time:                   0.014207601547241211 secs.


 (2) We found a sequence that folds exactly like the target structure. Let's minimize the GC-content
    -> ORDER: Min(Base-pair distance), min(Hamming distance), min(GC-content), min(partition function), min(ensemble defect), max(probability over ensemble))


	 >>> Resetting the solution to avoid local optima.
	 ->['CCCCCCACCCCCCCCAAAAGGGGGAGGAGAGGGGGG', '((((((.((((((((....))))).)).).))))))', 0.0, -0.5622393803459644, -27.3549, 0.0957, 1.0, 0.0]
	 ->['CCCCCCACCCCCCCCAAAAGGGGGAGGAGAGGGGGG', '((((((.((((((((....))))).)).).))))))', 0.0, -0.5622393803459644, -27.3549, 0.0957, 1.0, 0.0]
	 ->['CCCCCCACCCCGCCCAAAAGGGUGAGGAGAGGGGGG', '((((((.((((((((....))))).)).).))))))', 0.0, -0.6023893659886339, -24.6124, 0.0668, 0.9286, 0.0]
	 ->['CUCCCCACCCCGCCCAAAAGGGUGAGGAGAGGGGAG', '((((((.((((((((....))))).)).).))))))', 0.0, -0.6223528303008969, -22.4923, 0.0458, 0.8571, 0.0]
	 ->['CUCCGCACCCCACCCAAAAGGGUGAGGAGAGUGGAG', '((((((.((((((((....))))).)).).))))))', 0.0, -0.6241554110477621, -20.1905, 0.0455, 0.7857, 0.0]
	 ->['CUCCGCACCCCACCUAAAAAGGUGAGGAGAGUGGAG', '((((((.((((((((....))))).)).).))))))', 0.0, -0.5669873473341893, -18.0497, 0.0505, 0.7143, 0.0]
	 ->['CUCAGCACCCCACCUAAAAAGGUGAGGAGAGUUGAG', '((((((.((((((((....))))).)).).))))))', 0.0, -0.5658203653816372, -16.051, 0.0506, 0.6429, 0.0]
	 ->['CUCAGGACCCCACCUAAAAAGGUGAGGAGAUUUGAG', '((((((.((((((((....))))).)).).))))))', 0.0, -0.36950801436278014, -13.3136, 0.0785, 0.5714, 0.0]
	 ->['CUCAGGACCCCACUUAAAAAGGUGAGGAGAUUUGAG', '((((((.((((((((....))))).)).).))))))', 0.0, -0.2998059923335211, -10.7424, 0.0898, 0.5, 0.0]


    -> Finished!! Elaapsed time:                   0.09933352470397949 secs.




RNA sequences found with GC-content <= 0.48:
## CUAAGGACCCCACUUAAAAAGGUGAGGAGAUUUUAG 0.42857142857142855

RNA sequences found with GC-content > 0.48:
@@ CCCCCCACCCCCCCCAAAAGGGGGAGGAGAGGGGGG 1.0
@@ GCCCCCACCCCCCCCAAAAGGGGGAGGAGAGGGGGC 1.0
@@ CCCCCCACCCCGCCCAAAAGGGUGAGGAGAGGGGGG 0.9285714285714286
@@ CUCCCCACCCCGCCCAAAAGGGUGAGGAGAGGGGAG 0.8571428571428571
@@ CUCCGCACCCCGCCCAAAAGGGUGAGGAGAGUGGAG 0.7857142857142857
@@ CUCCGCACCCCACCCAAAAGGGUGAGGAGAGUGGAG 0.7857142857142857
@@ CUCCGCACCCCACCUAAAAAGGUGAGGAGAGUGGAG 0.7142857142857143
@@ CUCAGCACCCCACCUAAAAAGGUGAGGAGAGUUGAG 0.6428571428571429
@@ CUCAGGACCCCACCUAAAAAGGUGAGGAGAUUUGAG 0.5714285714285714
@@ CUCAGGACCCCACUUAAAAAGGUGAGGAGAUUUGAG 0.5


Elapsed time:                   0.09971928596496582 secs.
Number of function evaluations: 58
----------------------------------------------------------------------


---------------------------------------
 FINISHED SUCCESSFULLY 
---------------------------------------
