
-----------------------------------------------------------------------
   _____ _____  ______ ______ _____             _____  _   _           
  / ____|  __ \|  ____|  ____|  __ \           |  __ \| \ | |   /\     
 | |  __| |__) | |__  | |__  | |  | |  ______  | |__) |  \| |  /  \    
 | | |_ |  _  /|  __| |  __| | |  | | |______| |  _  /| . ` | / /\ \   
 | |__| | | \ \| |____| |____| |__| |          | | \ \| |\  |/ ____ \  
  \_____|_|  \_\______|______|_____/           |_|  \_\_| \_/_/    \_\ 
       
                                       -- A. Rubio-Largo et al. 2023
-----------------------------------------------------------------------

------------------------------------------------------------------------------------------------------------------
CONFIGURATION: 

 * TARGET:           .(((((((((((...)))))....)))))).
 * STOPPING:         86400 secs.
 * SEED:             8
 * NO. OF SOLUTIONS: 1
 * max. GC-cont.:    0.48
 * MODEL:            TURNER2004
 * MUTATION PROB:    0.01
 * STAGNATION LIMIT: 50
------------------------------------------------------------------------------------------------------------------


 (1) Let's minimize the base-pair distance between predicted and target structures
    -> Min(Base-pair distance), min(Hamming distance), max(probability over ensemble), min(partition function), min(ensemble defect), min(%GC-content)


	 ->['ACCCCCCCCCCCAAAGGGGGAAAAGGGGGGA', '.(((((((((((...)))))....)))))).', 0.0, -0.8371495711292307, -21.9096, 0.0828, 1.0, 0.0]


    -> Found sequence! Elapsed time:                   0.012553691864013672 secs.


 (2) We found a sequence that folds exactly like the target structure. Let's minimize the GC-content
    -> ORDER: Min(Base-pair distance), min(Hamming distance), min(GC-content), min(partition function), min(ensemble defect), max(probability over ensemble))


	 >>> Resetting the solution to avoid local optima.
	 ->['AGGGGGGGGGGGAAACCCCCAAAACCCCCCA', '.(((((((((((...)))))....)))))).', 0.0, -0.7048278419861843, -22.4156, 0.1284, 1.0, 0.0]
	 ->['AGGGGGGGGGGGAAACCCCCAAAACCCCCCA', '.(((((((((((...)))))....)))))).', 0.0, -0.7048278419861843, -22.4156, 0.1284, 1.0, 0.0]
	 ->['AGGCUGGGGGGGAAACCCCCAAAACCAGCCA', '.(((((((((((...)))))....)))))).', 0.0, -0.7778735075453297, -20.0548, 0.0693, 0.9091, 0.0]
	 ->['AGGCUGGGGGGUAAAGCCCCCAAACCAGCCA', '.(((((((((((...)))))....)))))).', 0.0, -0.36499980274024474, -19.2212, 0.1049, 0.8182, 0.0]
	 ->['AGGCUGGGGGGUAAAGCCCCCAAACCAGCUA', '.(((((((((((...)))))....)))))).', 0.0, -0.3352625906038893, -17.0735, 0.1165, 0.7273, 0.0]
	 ->['AGUCUGGGGGGUAAAGCCCCCAAACCAGAUA', '.(((((((((((...)))))....)))))).', 0.0, -0.32343220749726875, -15.3957, 0.1483, 0.6364, 0.0]
	 ->['AGUCUGGGGGGUGAAGCCUCCAAACCAGAUA', '.(((((((((((...)))))....)))))).', 0.0, -0.2473483048993625, -12.561, 0.169, 0.5455, 0.0]


    -> Finished!! Elaapsed time:                   0.07085633277893066 secs.




RNA sequences found with GC-content <= 0.48:
## AGUCUGGGGGAUGAAGUCUCCAAACCAGAUA 0.4545454545454546

RNA sequences found with GC-content > 0.48:
@@ ACCCCCCCCCCCAAAGGGGGAAAAGGGGGGA 1.0
@@ ACCCCCCGCCCCAAAGGGGCAAAAGGGGGGA 1.0
@@ AGGGGGGGGGGGAAACCCCCAAAACCCCCCA 1.0
@@ AGGGUGGGGGGGAAACCCCCAAAACCACCCA 0.9090909090909091
@@ AGGCUGGGGGGGAAACCCCCAAAACCAGCCA 0.9090909090909092
@@ AGGCUGGGGGGUAAAGCCCCAAAACCAGCCA 0.8181818181818182
@@ AGGCUGGGGGGUAAAGCCCCCAAACCAGCCA 0.8181818181818182
@@ AGGCUGGGGGGUAAAGCCCCCAAACCAGCUA 0.7272727272727273
@@ AGUCUGGGGGGUAAAGCCCCCAAACCAGAUA 0.6363636363636364
@@ AGUCUGGGGGGUAAAGCCUCCAAACCAGAUA 0.5454545454545454
@@ AGUCUGGGGGGUGAAGCCUCCAAACCAGAUA 0.5454545454545454


Elapsed time:                   0.07115960121154785 secs.
Number of function evaluations: 53
----------------------------------------------------------------------


---------------------------------------
 FINISHED SUCCESSFULLY 
---------------------------------------
