
-----------------------------------------------------------------------
   _____ _____  ______ ______ _____             _____  _   _           
  / ____|  __ \|  ____|  ____|  __ \           |  __ \| \ | |   /\     
 | |  __| |__) | |__  | |__  | |  | |  ______  | |__) |  \| |  /  \    
 | | |_ |  _  /|  __| |  __| | |  | | |______| |  _  /| . ` | / /\ \   
 | |__| | | \ \| |____| |____| |__| |          | | \ \| |\  |/ ____ \  
  \_____|_|  \_\______|______|_____/           |_|  \_\_| \_/_/    \_\ 
       
                                       -- A. Rubio-Largo et al. 2023
-----------------------------------------------------------------------

------------------------------------------------------------------------------------------------------------------
CONFIGURATION: 

 * TARGET:           ((....)).((....)).((....)).((....))
 * STOPPING:         86400 secs.
 * SEED:             9
 * NO. OF SOLUTIONS: 1
 * max. GC-cont.:    0.48
 * MODEL:            TURNER2004
 * MUTATION PROB:    0.01
 * STAGNATION LIMIT: 50
------------------------------------------------------------------------------------------------------------------


 (1) Let's minimize the base-pair distance between predicted and target structures
    -> Min(Base-pair distance), min(Hamming distance), max(probability over ensemble), min(partition function), min(ensemble defect), min(%GC-content)


	 ->['GGAAAACCAGGAAAACCAGGAAAACCAGGAAAACC', '((....((.((....)).))....)).........', 0.2857, -0.0010147985661476564, -4.3483, 0.2838, 1.0, 0.2286]
	 ->['GGAAAACCAGCAAAAGCAGGAAAACCAGGAAAACC', '((....((.((....)).))....)).........', 0.2857, -0.001482878287490574, -4.6146, 0.2973, 1.0, 0.2286]
	 >>> Resetting the solution to avoid local optima.
	 ->['CCAAAAGGACCAAAAGGACCAAAAGGACCAAAAGG', '((....((.((....)).))....)).........', 0.2857, -0.0012081297858343907, -4.7409, 0.2666, 1.0, 0.2286]
	 ->['CCAAAAGGACCAAAAGGACCAAAAGGACCAAAAGG', '((....((.((....)).))....)).........', 0.2857, -0.0012081297858343907, -4.7409, 0.2666, 1.0, 0.2286]
	 ->['GCGAAAGCAGCAAAAGCACUUAAUGGACCAAAAGG', '((....)).((....))..................', 0.1143, -0.01555692601465161, -3.3659, 0.2374, 1.0, 0.2286]
	 ->['GCGAAAGCAGCAAAAGCACUUAAUGGACCGAAAGG', '((....)).((....))..........((....))', 0.0571, -0.029842309435390093, -3.7644, 0.2058, 1.0, 0.1143]


    -> Found sequence! Elapsed time:                   0.06667971611022949 secs.


 (2) We found a sequence that folds exactly like the target structure. Let's minimize the GC-content
    -> ORDER: Min(Base-pair distance), min(Hamming distance), min(GC-content), min(partition function), min(ensemble defect), max(probability over ensemble))


	 >>> Resetting the solution to avoid local optima.
	 ->['GGAAAACCAGGAAAACCAGGAAAACCAGGAAAACC', '((....((.((....)).))....)).........', 0.2857, -0.0010147985661476564, -4.3483, 0.2838, 1.0, 0.2286]
	 ->['GGAAAGCCAGGAAAACCAGGAUAACCAGGAAAACC', '((....((.((....)).))....)).........', 0.2857, -0.00048013728852552503, -5.0096, 0.2974, 1.0, 0.2286]
	 >>> Resetting the solution to avoid local optima.
	 ->['GGAAAACCAGGAAAACCAGGAAAACCAGGAAAACC', '((....((.((....)).))....)).........', 0.2857, -0.0010147985661476564, -4.3483, 0.2838, 1.0, 0.2286]
	 ->['GGAACACCAGGAAAACCAGGAAAACCAGGAUCACC', '((....((.((....)).))....)).........', 0.2857, -0.0008623082002674573, -4.4487, 0.2891, 1.0, 0.2286]
	 ->['GGAAUGCCAGGACAGUCAGGACGCCCAGGAUCACC', '((....))......(((.((....))..)))....', 0.2, -3.114723900779028e-05, -4.4954, 0.4464, 0.7143, 0.3143]
	 >>> Resetting the solution to avoid local optima.
	 ->['GGAAAACCAGGAAAACCAGGAAAACCAGGAAAACC', '((....((.((....)).))....)).........', 0.2857, -0.0010147985661476564, -4.3483, 0.2838, 1.0, 0.2286]
	 ->['GGAAAACCAGUAAUAACAGGAUAACCAGGUAAACC', '((....((.((....)).))....)).........', 0.2857, -0.0006627188584076733, -2.911, 0.3377, 0.8333, 0.2286]
	 ->['GGAAGACCAGUAAUGACGGGGUGACCAGGUUAACC', '((....)).....((((.((....))..))))...', 0.2286, -6.881409260677851e-05, -5.5069, 0.4207, 0.625, 0.3714]
	 >>> Resetting the solution to avoid local optima.
	 ->['CCAAAAGGACCAAAAGGACCAAAAGGACCAAAAGG', '((....((.((....)).))....)).........', 0.2857, -0.0012081297858343907, -4.7409, 0.2666, 1.0, 0.2286]
	 >>> Resetting the solution to avoid local optima.
	 ->['CCAAAAGGACCAAAAGGACCAAAAGGACCAAAAGG', '((....((.((....)).))....)).........', 0.2857, -0.0012081297858343907, -4.7409, 0.2666, 1.0, 0.2286]
	 ->['CCAAAAGGGCCAAUAGGAGCAAAAGUACCAGAAGG', '((....)).......((.((....)).))......', 0.1714, -0.0035779690529437248, -3.0717, 0.2689, 0.8333, 0.2286]
	 >>> Resetting the solution to avoid local optima.
	 ->['GGAAAACCAGGAAAACCAGGAAAACCAGGAAAACC', '((....((.((....)).))....)).........', 0.2857, -0.0010147985661476564, -4.3483, 0.2838, 1.0, 0.2286]
	 ->['GGAAAACCAGGAAUACCAGGAAGACCAGGAAAACC', '((....((.((....)).))....)).........', 0.2857, -0.0009676322352910206, -4.3777, 0.2853, 1.0, 0.2286]
	 ->['GGAAUACCAGGAACACCAUGAAGUCAAGGAAAACC', '((....)).((....((.((....)).))....))', 0.2286, -0.0004017346554788079, -2.9195, 0.3416, 0.875, 0.1143]
	 ->['GGUAUACCAGGAACCCCAUGAUGUCAAGGAUAACC', '((....)).......((.((....)).))......', 0.1714, -0.0001483491923412729, -3.9334, 0.5377, 0.8333, 0.2286]
	 >>> Resetting the solution to avoid local optima.
	 ->['CCAAAAGGACCAAAAGGACCAAAAGGACCAAAAGG', '((....((.((....)).))....)).........', 0.2857, -0.0012081297858343907, -4.7409, 0.2666, 1.0, 0.2286]
	 ->['CCAAAAGGAUCAAAAGAACCAAAAGGACCAAAAGG', '((....((.((....)).))....)).........', 0.2857, -0.0010640685894079968, -3.1191, 0.2842, 0.8333, 0.2286]
	 >>> Resetting the solution to avoid local optima.
	 ->['CCAAAAGGACCAAAAGGACCAAAAGGACCAAAAGG', '((....((.((....)).))....)).........', 0.2857, -0.0012081297858343907, -4.7409, 0.2666, 1.0, 0.2286]
	 ->['CCAAAAGGACCAAAAGGACCAAAAGGACCAAAAGG', '((....((.((....)).))....)).........', 0.2857, -0.0012081297858343907, -4.7409, 0.2666, 1.0, 0.2286]
	 ->['GCAAAAGUACCAAAAGGACCAGAAGGACCAAAAGG', '...............((.((....)).))......', 0.2286, -0.00037911960976400933, -3.7552, 0.3029, 1.0, 0.3429]
	 ->['GCACAUGUAGCAACAGCACCACACGGACCAAGCGG', '.........((....)).((....)).........', 0.1143, -0.002272424947048849, -3.1515, 0.3851, 1.0, 0.2286]
	 >>> Resetting the solution to avoid local optima.
	 ->['GGAAAACCAGGAAAACCAGGAAAACCAGGAAAACC', '((....((.((....)).))....)).........', 0.2857, -0.0010147985661476564, -4.3483, 0.2838, 1.0, 0.2286]
	 ->['GGAAAACCAGGAAAACCAGGGAAACCAGGAAACCC', '((....((.((....)).))....)).........', 0.2857, -0.0018079437172391312, -5.7924, 0.2752, 1.0, 0.2286]
	 ->['GGAAACCCAGUGACAGCAUGGAUACGAGGAAACCC', '......(((((....)).)))..............', 0.2571, -3.044306633695415e-05, -4.1095, 0.4939, 0.6, 0.4]
	 >>> Resetting the solution to avoid local optima.
	 ->['CCAAAAGGACCAAAAGGACCAAAAGGACCAAAAGG', '((....((.((....)).))....)).........', 0.2857, -0.0012081297858343907, -4.7409, 0.2666, 1.0, 0.2286]
	 ->['CCAUAAGGAUAAUAAUAACCAAAGGGAUCAAGAGA', '((....((.((....)).))....)).........', 0.2857, -1.0035959440522906e-05, -1.9934, 0.3529, 0.6667, 0.2286]
	 ->['UCAUAAGGAUUAUAAAAACCAAGGGGAUCGCGAGA', '..................((....)).........', 0.1714, -9.344654612054825e-07, -1.4566, 0.4188, 1.0, 0.3429]
	 >>> Resetting the solution to avoid local optima.
	 ->['GGAAAACCAGGAAAACCAGGAAAACCAGGAAAACC', '((....((.((....)).))....)).........', 0.2857, -0.0010147985661476564, -4.3483, 0.2838, 1.0, 0.2286]
	 ->['GGAUAACCAGGAAAACCAGGAAAACCAGGAAUACC', '((....((.((....)).))....)).........', 0.2857, -0.0008622800681018998, -4.4487, 0.2938, 1.0, 0.2286]
	 ->['GGCUACCCCAGAGAGCUCGGAAUACCAGGGAUACC', '((....((.((....)).))....)).((....))', 0.2286, -1.223272157370529e-05, -4.7714, 0.4563, 0.875, 0.1143]
	 >>> Resetting the solution to avoid local optima.
	 ->['CCAAAAGGACCAAAAGGACCAAAAGGACCAAAAGG', '((....((.((....)).))....)).........', 0.2857, -0.0012081297858343907, -4.7409, 0.2666, 1.0, 0.2286]
	 ->['CUUCGAGGCUCAGACGACCCAUAAGGACCAUUCGG', '......((.((....)).))...............', 0.2286, -3.4710752483564117e-06, -3.7478, 0.4488, 0.75, 0.3429]
	 ->['UUUCGAGACUCAGACGACCCACUAGGACCAAUCGG', '..................((....)).........', 0.1714, -3.6129287062232486e-06, -2.5231, 0.5255, 1.0, 0.3429]
	 ->['UCUCGAGACGCAGACGCCGCAUUAGCACCUAUCGG', '.........((....)).((....)).........', 0.1143, -0.0005128478430149912, -3.269, 0.5223, 1.0, 0.2286]
	 >>> Resetting the solution to avoid local optima.
	 ->['CCAAAAGGACCAAAAGGACCAAAAGGACCAAAAGG', '((....((.((....)).))....)).........', 0.2857, -0.0012081297858343907, -4.7409, 0.2666, 1.0, 0.2286]
	 ->['CCGAAAGGACCAAAAGGGCCAAAAGGACCAAAAGG', '((....((.((....)).))....)).........', 0.2857, -0.001267967360931968, -6.2111, 0.2982, 1.0, 0.2286]
	 ->['CCGAAGGGACCAAAAGGGCCAGUAGGACCGGAAGG', '((....((.((....)).))....)).((....))', 0.2286, -0.000910320416526523, -7.3153, 0.3122, 1.0, 0.1143]
	 ->['CCUACGGGGCGUAAACGGACAUCGGUACUGGGAAG', '((....)).......(((((....)).))).....', 0.2, -1.3244475741464664e-05, -5.1225, 0.5802, 0.7143, 0.2857]
	 ->['CCUACGGGGCGUAAACGUACAUAGGUACUGGGAAG', '((....))........((((....)))).......', 0.1714, -1.1454188712433594e-06, -6.0311, 0.5214, 0.6667, 0.2857]
	 >>> Resetting the solution to avoid local optima.
	 ->['GGAAAACCAGGAAAACCAGGAAAACCAGGAAAACC', '((....((.((....)).))....)).........', 0.2857, -0.0010147985661476564, -4.3483, 0.2838, 1.0, 0.2286]
	 ->['GGCAAACCAGUAAAAACAGGAAAACCAGGAAAACC', '((....((.((....)).))....)).........', 0.2857, -0.0009652604673350208, -2.6792, 0.3076, 0.8333, 0.2286]
	 >>> Resetting the solution to avoid local optima.
	 ->['GGAAAACCAGGAAAACCAGGAAAACCAGGAAAACC', '((....((.((....)).))....)).........', 0.2857, -0.0010147985661476564, -4.3483, 0.2838, 1.0, 0.2286]
	 ->['GGAAAACCAGGAAAACCAGGAAAACCAGGAACACC', '((....((.((....)).))....)).........', 0.2857, -0.0010096784273960603, -4.3515, 0.2839, 1.0, 0.2286]
	 ->['GGCAUACCAGGACCACUAUGAUGACAUGGGACACC', '((....)).((....(((((....)))))....))', 0.2571, -5.764210113832234e-07, -5.3543, 0.358, 0.6667, 0.1714]
	 ->['GGGAUACCAGGACCACUGUGCUGACAUAGGACGCU', '((....)).......(((((....)))))......', 0.2, -1.5845959727073903e-08, -6.6693, 0.3745, 0.5714, 0.2857]
	 ->['GGGAGACCAGGACCACUCUGCUGACAUAGGACGUU', '((....))...........................', 0.1714, -4.2702856062035246e-08, -3.8583, 0.4765, 1.0, 0.3429]
	 >>> Resetting the solution to avoid local optima.
	 ->['GGAAAACCAGGAAAACCAGGAAAACCAGGAAAACC', '((....((.((....)).))....)).........', 0.2857, -0.0010147985661476564, -4.3483, 0.2838, 1.0, 0.2286]
	 ->['GGAACACCAUGAAAACAAGGAAAACCAGGAAAACC', '((....((.((....)).))....)).........', 0.2857, -0.00026075937997145935, -2.7858, 0.308, 0.8333, 0.2286]
	 >>> Resetting the solution to avoid local optima.
	 ->['GGAAAACCAGGAAAACCAGGAAAACCAGGAAAACC', '((....((.((....)).))....)).........', 0.2857, -0.0010147985661476564, -4.3483, 0.2838, 1.0, 0.2286]
	 ->['GGAAAACCAGGAGUGCCAGGGAAACCAGGAAAACC', '((....((.((....)).))....)).........', 0.2857, -0.0010083372362917466, -5.9523, 0.2692, 1.0, 0.2286]
	 ->['GGAUAUCCAGGAGGGCCGGAGACAUCGGGAAGGCC', '((....)).((....((.((....)).))....))', 0.2286, -6.509812795359927e-06, -7.2602, 0.3693, 0.875, 0.1143]
	 >>> Resetting the solution to avoid local optima.
	 ->['GGAAAACCAGGAAAACCAGGAAAACCAGGAAAACC', '((....((.((....)).))....)).........', 0.2857, -0.0010147985661476564, -4.3483, 0.2838, 1.0, 0.2286]
	 ->['GGAAUACCAGGAAAACCGGGAACACCAGGCAUACC', '((....((.((....)).))....)).........', 0.2857, -0.00016545289750913235, -5.2662, 0.3331, 1.0, 0.2286]
	 ->['GGAAUACCAGGAAACCCGGCAACAGCAGGCAUGCC', '((....)).((....((.((....)).))....))', 0.2286, -0.00037093012593010033, -5.6686, 0.3467, 1.0, 0.1143]
	 >>> Resetting the solution to avoid local optima.
	 ->['GGAAAACCAGGAAAACCAGGAAAACCAGGAAAACC', '((....((.((....)).))....)).........', 0.2857, -0.0010147985661476564, -4.3483, 0.2838, 1.0, 0.2286]
	 ->['GGAAAACCAGGAGCACCCGGAAGGCCAGGAAAACC', '((....((.((....)).))....)).........', 0.2857, -8.383691804266029e-05, -5.5852, 0.3357, 1.0, 0.2286]
	 ->['GGAAAACCAGGAGCGCCCGGAAGGCCAGGUAAACC', '((....)).((...(((.((....)).)))...))', 0.2571, -2.298521619652264e-05, -6.5827, 0.3787, 0.8889, 0.1714]
	 >>> Resetting the solution to avoid local optima.
	 ->['GGAAAACCAGGAAAACCAGGAAAACCAGGAAAACC', '((....((.((....)).))....)).........', 0.2857, -0.0010147985661476564, -4.3483, 0.2838, 1.0, 0.2286]
	 ->['GGAAAACCAGGAAAACCAGGAAAACCAGGAAAACC', '((....((.((....)).))....)).........', 0.2857, -0.0010147985661476564, -4.3483, 0.2838, 1.0, 0.2286]
	 ->['GGAAAACCAGGACAACCAGGAAAACCAGGUAAGCC', '((....)).((...(((.((....)).)))...))', 0.2571, -6.897210692018648e-05, -6.0055, 0.303, 0.8889, 0.1714]
	 ->['GGGUUACCAGGAUAACCAGUAUAAGCCGGGCUGCC', '((....)).((....((.((....)).))....))', 0.2286, -0.00018353654700692582, -6.1023, 0.4508, 0.875, 0.1143]
	 ->['GGGUUACCAUGACAACGAGUAUAAGCCGGGCUGCC', '((....)).......((.((....)))).......', 0.1714, -7.929807723704363e-06, -4.4386, 0.4764, 0.8333, 0.2571]
	 >>> Resetting the solution to avoid local optima.
	 ->['GGAAAACCAGGAAAACCAGGAAAACCAGGAAAACC', '((....((.((....)).))....)).........', 0.2857, -0.0010147985661476564, -4.3483, 0.2838, 1.0, 0.2286]
	 ->['GGAAAACCAGGAAAACCAGGAAAACCAGGACAACC', '((....((.((....)).))....)).........', 0.2857, -0.0010138768495064467, -4.3489, 0.2838, 1.0, 0.2286]
	 ->['GGAAAUCCAGGAGAACCAUGACAACGAGGACAUCC', '((....)).(((...((.((....)).))...)))', 0.2571, -2.6612493077013715e-06, -5.2115, 0.3731, 0.7778, 0.1714]
	 ->['GGAGAUCCAGGAGAACCAUGACAACGCGGACAGCC', '((....)).((....((.((....)).))....))', 0.2286, -4.113488105900428e-05, -3.724, 0.3612, 0.875, 0.1143]
	 >>> Resetting the solution to avoid local optima.
	 ->['CCAAAAGGACCAAAAGGACCAAAAGGACCAAAAGG', '((....((.((....)).))....)).........', 0.2857, -0.0012081297858343907, -4.7409, 0.2666, 1.0, 0.2286]
	 ->['CCAAAAGGACCAAAAGGACCAAAAGGACCAAAAGG', '((....((.((....)).))....)).........', 0.2857, -0.0012081297858343907, -4.7409, 0.2666, 1.0, 0.2286]
	 ->['GCUGCGGCACCUAUCGGAUCAACUGAGCCCCGAGG', '((....)).(((...((.((....)).))...)))', 0.2571, -3.9195347999723845e-06, -7.6729, 0.4142, 0.7778, 0.1714]
	 ->['GCUGCGGCAUCAAUCGGAUCUCCUGAGCCCCGAGG', '((....)).....((((.((....))...))))..', 0.2286, -5.4834534956494636e-08, -7.9042, 0.5976, 0.75, 0.4]
	 ->['GCUGCGGCAUCAAUCGGAUCUCCUGAUCCCCGAGG', '((....)).......(((((....)))))......', 0.2, -1.823491681620634e-09, -9.7019, 0.4, 0.7143, 0.2857]
	 >>> Resetting the solution to avoid local optima.
	 ->['CCAAAAGGACCAAAAGGACCAAAAGGACCAAAAGG', '((....((.((....)).))....)).........', 0.2857, -0.0012081297858343907, -4.7409, 0.2666, 1.0, 0.2286]
	 ->['CCAAAAGGACCAAAAGGACCAAAAGGACCGCAAGG', '((....)).((....((.((....)).))....))', 0.2286, -0.0017918518294681928, -5.2979, 0.2517, 1.0, 0.1143]
	 ->['GCAAGAGCACUCCAAGGACCAAUCGGGCCGUAAGG', '((....)).......((.((....)).))......', 0.1714, -7.004696237314628e-05, -5.6959, 0.3253, 1.0, 0.2286]
	 ->['GCAAGAGCAUUCCAAGAACCAAUCGGGCCGUAAGG', '((....)).......(..((....))..)......', 0.1429, -0.00015567520229204285, -3.6037, 0.3274, 1.0, 0.2286]
	 >>> Resetting the solution to avoid local optima.
	 ->['GGAAAACCAGGAAAACCAGGAAAACCAGGAAAACC', '((....((.((....)).))....)).........', 0.2857, -0.0010147985661476564, -4.3483, 0.2838, 1.0, 0.2286]
	 ->['GGAAAACCAGGAAAACCAGGCAAACCAGGAAAACC', '((....((.((....)).))....)).........', 0.2857, -0.0010148178842206742, -4.3483, 0.2838, 1.0, 0.2286]
	 ->['GCAGGUGCAGGGGAGCCGUGAGCGCGGGGUAGGCC', '((....)).((...(((.((....)).)))...))', 0.2571, -2.0946377522688448e-07, -7.9782, 0.4352, 0.7778, 0.1714]
	 >>> Resetting the solution to avoid local optima.
	 ->['CCAAAAGGACCAAAAGGACCAAAAGGACCAAAAGG', '((....((.((....)).))....)).........', 0.2857, -0.0012081297858343907, -4.7409, 0.2666, 1.0, 0.2286]
	 ->['CCACCAGGACCAAAAGGACCAAAAGGACCAAAAGG', '((....((.((....)).))....)).........', 0.2857, -0.0011648950487837797, -4.7633, 0.2694, 1.0, 0.2286]
	 ->['CCACCAGGACCAAAAGGACAAAGAUGCCCGUAAGG', '((....)).((....((.((....)).))....))', 0.2286, -0.0006874514557570961, -3.2884, 0.2748, 0.875, 0.1143]
	 >>> Resetting the solution to avoid local optima.
	 ->['GGAAAACCAGGAAAACCAGGAAAACCAGGAAAACC', '((....((.((....)).))....)).........', 0.2857, -0.0010147985661476564, -4.3483, 0.2838, 1.0, 0.2286]
	 ->['GGAGAACCAGGAAAACCAGGAACACCAGGAAGACC', '((....((.((....)).))....)).........', 0.2857, -0.0006562271176969951, -4.617, 0.3109, 1.0, 0.2286]
	 ->['GGAGAACCAGGAAAACCAUGAACACGAGGAAGACC', '((....)).((....((.((....)).))....))', 0.2286, -7.265825132398417e-05, -2.3734, 0.2726, 0.875, 0.1143]
	 ->['GGGGUACCAUGAUAACGACGGACACGCGGAAGACC', '((....)).......((.((....)))).......', 0.1714, -1.2607591211047037e-05, -5.0528, 0.2668, 1.0, 0.2571]
	 >>> Resetting the solution to avoid local optima.
	 ->['CCAAAAGGACCAAAAGGACCAAAAGGACCAAAAGG', '((....((.((....)).))....)).........', 0.2857, -0.0012081297858343907, -4.7409, 0.2666, 1.0, 0.2286]
	 ->['CCAAAAGGACCAAAAGGACCAAAAGGACCACAAGG', '((....((.((....)).))....)).........', 0.2857, -0.0011997733210019686, -4.7451, 0.2671, 1.0, 0.2286]
	 ->['CCAGAAGGGCCAAAAGGAGCAAAAGCACCACGAGG', '((....)).......((.((....)).))......', 0.1714, -0.008779230415031172, -4.4185, 0.2489, 1.0, 0.2286]
	 >>> Resetting the solution to avoid local optima.
	 ->['GGAAAACCAGGAAAACCAGGAAAACCAGGAAAACC', '((....((.((....)).))....)).........', 0.2857, -0.0010147985661476564, -4.3483, 0.2838, 1.0, 0.2286]
	 ->['GGGUAACCAGGAAAGCCCGGAAAACCAGGAAUACC', '((....((.((....)).))....)).........', 0.2857, -0.00013370153780554493, -6.6975, 0.3428, 1.0, 0.2286]
	 ->['GGGUAACCAGGAAAGCCCGGGGCACCAGGCAUACC', '((....))......(((.((....)).))).....', 0.2, -2.485546657597378e-06, -10.5536, 0.321, 1.0, 0.2857]
	 >>> Resetting the solution to avoid local optima.
	 ->['CCAAAAGGACCAAAAGGACCAAAAGGACCAAAAGG', '((....((.((....)).))....)).........', 0.2857, -0.0012081297858343907, -4.7409, 0.2666, 1.0, 0.2286]
	 ->['CCAAAAGGAUCAAAAGAACCAAAAGGGCCAUGAGG', '((....((.((....)).))....)).........', 0.2857, -0.0007129795558878102, -3.5659, 0.306, 0.8333, 0.2286]
	 ->['CCAAAAGGAUCAAAUGAACCAAUAGGGCCAUGAGG', '((....)).....(((..((....))..)))....', 0.2, -4.842463386568221e-05, -5.2235, 0.3633, 0.7143, 0.3429]
	 ->['CCAUAAGGAUGAAGUUAACCAAUAGGGCCAUGAGG', '((....))..........((....)).........', 0.1143, -8.542639260512585e-05, -2.4736, 0.3756, 1.0, 0.2286]
	 >>> Resetting the solution to avoid local optima.
	 ->['GGAAAACCAGGAAAACCAGGAAAACCAGGAAAACC', '((....((.((....)).))....)).........', 0.2857, -0.0010147985661476564, -4.3483, 0.2838, 1.0, 0.2286]
	 ->['GGAAAACCAGGAAAACCAGGAAAACCAGGCAAACC', '((....((.((....)).))....)).........', 0.2857, -0.00101467535144471, -4.3484, 0.2839, 1.0, 0.2286]
	 ->['GGCGAACCAGGAAAGCUAGUAAAAGCAGGCAAACC', '((....))......(((.((....)).))).....', 0.2, -8.324699059007468e-06, -3.9087, 0.3492, 0.7143, 0.2857]
	 >>> Resetting the solution to avoid local optima.
	 ->['GGAAAACCAGGAAAACCAGGAAAACCAGGAAAACC', '((....((.((....)).))....)).........', 0.2857, -0.0010147985661476564, -4.3483, 0.2838, 1.0, 0.2286]
	 ->['GGAAAACCAGGAAAACCAGGAAAACCAGGAAAACC', '((....((.((....)).))....)).........', 0.2857, -0.0010147985661476564, -4.3483, 0.2838, 1.0, 0.2286]
	 ->['GGAAAACCAGGAAAGCCAGUAAAGACAGGAAAACC', '((....)).((....((.((....)).))....))', 0.2286, -0.0012281181527060735, -2.7307, 0.2572, 0.875, 0.1143]
	 ->['GGAAAACCAGGAAUCCCAGUAAAGACAGGAAGACC', '((....)).......((.((....)).))......', 0.1714, -0.0010533370609701466, -3.0254, 0.3121, 0.8333, 0.2286]
	 >>> Resetting the solution to avoid local optima.
	 ->['GGAAAACCAGGAAAACCAGGAAAACCAGGAAAACC', '((....((.((....)).))....)).........', 0.2857, -0.0010147985661476564, -4.3483, 0.2838, 1.0, 0.2286]
	 ->['GGAUAGCCCGUAUAAGCAGGAAAACCAGGAAACCC', '((....((.((....)).))....)).........', 0.2857, -6.173705378048952e-05, -4.3738, 0.3274, 0.8333, 0.2286]
	 ->['GAAUAGUCCGUAUAAGCAGGAAAGCCAGGAAACCC', '......(((((....)).)))..............', 0.2571, -2.977850879702878e-05, -3.1231, 0.4239, 0.6, 0.4]
	 >>> Resetting the solution to avoid local optima.
	 ->['CCAAAAGGACCAAAAGGACCAAAAGGACCAAAAGG', '((....((.((....)).))....)).........', 0.2857, -0.0012081297858343907, -4.7409, 0.2666, 1.0, 0.2286]
	 ->['CCAAAAGGACUAAAAGGACCAAAAGGACCAAAAGG', '((....)).......((.((....)).))......', 0.1714, -0.00011416013325862003, -3.9949, 0.255, 1.0, 0.2286]
	 >>> Resetting the solution to avoid local optima.
	 ->['GGAAAACCAGGAAAACCAGGAAAACCAGGAAAACC', '((....((.((....)).))....)).........', 0.2857, -0.0010147985661476564, -4.3483, 0.2838, 1.0, 0.2286]
	 ->['GGAAAACCAGGAAGACCAGGAAAACCAGGAAAACC', '((....((.((....)).))....)).........', 0.2857, -0.0010137515029766662, -4.349, 0.2839, 1.0, 0.2286]
	 ->['GGAUAACCAGAUAGUUCCGGGCUGCCAGGGUGACC', '((....((.((....)).))....)).((....))', 0.2286, -0.00021403302924954729, -6.5075, 0.4266, 0.875, 0.1143]
	 >>> Resetting the solution to avoid local optima.
	 ->['GGAAAACCAGGAAAACCAGGAAAACCAGGAAAACC', '((....((.((....)).))....)).........', 0.2857, -0.0010147985661476564, -4.3483, 0.2838, 1.0, 0.2286]
	 ->['GGAAAACCAGGCAUACCAGGCUAACCAGGAAAACC', '((....((.((....)).))....)).........', 0.2857, -0.0008043207333591019, -4.4916, 0.3012, 1.0, 0.2286]
	 ->['GGAGAACCGGGGACACCAGGCGAACUAGGAUCACC', '......((.((....)).))...............', 0.2286, -3.6802907748759106e-05, -5.4926, 0.4644, 1.0, 0.3429]
	 ->['GGAGAACCGGGGACACCAGCCGAAGUAGGAUCACC', '((....)).((....))..((......))......', 0.1714, -0.00016003400078573138, -4.8867, 0.4238, 1.0, 0.2286]
	 >>> Resetting the solution to avoid local optima.
	 ->['GGAAAACCAGGAAAACCAGGAAAACCAGGAAAACC', '((....((.((....)).))....)).........', 0.2857, -0.0010147985661476564, -4.3483, 0.2838, 1.0, 0.2286]
	 ->['GGAAGACCAAGAAAACUAGGAAAACCAGGAAAACC', '((....((.((....)).))....)).........', 0.2857, -0.00031036890488002914, -2.8785, 0.3014, 0.8333, 0.2286]
	 ->['GAAGGAUCAAGAACACUAGGAAAACCAGGAAAACC', '...............((.((....)))).......', 0.2286, -0.00014746837783014027, -1.6371, 0.3486, 0.75, 0.3714]
	 ->['GCAGGAGCAAGAACACUAGGAUACCCAGGAUAACC', '((....)).......((.((....)))).......', 0.1714, -0.0010600143553782626, -3.0215, 0.2772, 0.8333, 0.2571]
	 >>> Resetting the solution to avoid local optima.
	 ->['CCAAAAGGACCAAAAGGACCAAAAGGACCAAAAGG', '((....((.((....)).))....)).........', 0.2857, -0.0012081297858343907, -4.7409, 0.2666, 1.0, 0.2286]
	 ->['CCACAAGGCCCACAAGGACCGUAAGGACCAGACGG', '((....((.((....)).))....)).........', 0.2857, -0.00041711171665010586, -5.8963, 0.3313, 1.0, 0.2286]
	 >>> Resetting the solution to avoid local optima.
	 ->['CCAAAAGGACCAAAAGGACCAAAAGGACCAAAAGG', '((....((.((....)).))....)).........', 0.2857, -0.0012081297858343907, -4.7409, 0.2666, 1.0, 0.2286]
	 ->['CCAAAAGGACCAAAAGGACCAAAAGGACCAAAAGG', '((....((.((....)).))....)).........', 0.2857, -0.0012081297858343907, -4.7409, 0.2666, 1.0, 0.2286]
	 ->['CCAAAAGGACUCAAAGGACCAAAAGGACCAAAAGG', '((....)).......((.((....)).))......', 0.1714, -6.945314322126246e-05, -4.0012, 0.2566, 1.0, 0.2286]
	 >>> Resetting the solution to avoid local optima.
	 ->['CCAAAAGGACCAAAAGGACCAAAAGGACCAAAAGG', '((....((.((....)).))....)).........', 0.2857, -0.0012081297858343907, -4.7409, 0.2666, 1.0, 0.2286]
	 ->['CCAUAAGGACCAAGAGGACCAAAAGGACCAAAAGG', '((....((.((....)).))....)).........', 0.2857, -0.0011017161436559864, -4.7977, 0.2733, 1.0, 0.2286]
	 ->['CCAGGAGGACCACCAGGAGCGCAAGCGCCAAUAGG', '((....)).......((.((....)).))......', 0.1714, -0.0002876493631223187, -6.5253, 0.3274, 1.0, 0.2286]
	 ->['CCAGGAGGACCACCAGGAGCGCUAGCGACAUUAGU', '((....)).......(..((....))..)......', 0.1429, -0.0004891734776006393, -4.7981, 0.3765, 1.0, 0.2286]
	 >>> Resetting the solution to avoid local optima.
	 ->['CCAAAAGGACCAAAAGGACCAAAAGGACCAAAAGG', '((....((.((....)).))....)).........', 0.2857, -0.0012081297858343907, -4.7409, 0.2666, 1.0, 0.2286]
	 ->['CCAAAAGGACCAAUAGGACCAGAAGGACCAAAAGG', '((....((.((....)).))....)).........', 0.2857, -0.0011308991414742161, -4.7816, 0.2692, 1.0, 0.2286]
	 >>> Resetting the solution to avoid local optima.
	 ->['CCAAAAGGACCAAAAGGACCAAAAGGACCAAAAGG', '((....((.((....)).))....)).........', 0.2857, -0.0012081297858343907, -4.7409, 0.2666, 1.0, 0.2286]
	 ->['CCACAAGGACCAAAAGGACCAAAAGGACCAAAAGG', '((....((.((....)).))....)).........', 0.2857, -0.0012056683098557181, -4.7421, 0.2667, 1.0, 0.2286]
	 >>> Resetting the solution to avoid local optima.
	 ->['GGAAAACCAGGAAAACCAGGAAAACCAGGAAAACC', '((....((.((....)).))....)).........', 0.2857, -0.0010147985661476564, -4.3483, 0.2838, 1.0, 0.2286]
	 ->['GGAAAACCAGGAAAACCAGGAAAACCAGGAAAACC', '((....((.((....)).))....)).........', 0.2857, -0.0010147985661476564, -4.3483, 0.2838, 1.0, 0.2286]
	 ->['GGAGAACCAGGAAAACCAUGAAAACACGGCAUACC', '((....)).((....((.((....)).))....))', 0.2286, -0.00036222210903843246, -2.4833, 0.2716, 0.875, 0.1143]
	 >>> Resetting the solution to avoid local optima.
	 ->['GGAAAACCAGGAAAACCAGGAAAACCAGGAAAACC', '((....((.((....)).))....)).........', 0.2857, -0.0010147985661476564, -4.3483, 0.2838, 1.0, 0.2286]
	 ->['GGAAAACCAGGAAAACCAGGAAAACCAGGAAAACC', '((....((.((....)).))....)).........', 0.2857, -0.0010147985661476564, -4.3483, 0.2838, 1.0, 0.2286]
	 ->['GGACAACCAGGAAUACCAGUAAAAACCGGAAAACC', '((....)).((....((.((....)).))....))', 0.2286, -0.0005026771189377047, -2.6813, 0.2833, 0.875, 0.1143]
	 ->['GGACACCCAGGAGUAUCAGUCAAAACCGGAGAACC', '((....))...........................', 0.1714, -6.7558651248433595e-06, -2.3374, 0.4242, 1.0, 0.3429]
	 >>> Resetting the solution to avoid local optima.
	 ->['GGAAAACCAGGAAAACCAGGAAAACCAGGAAAACC', '((....((.((....)).))....)).........', 0.2857, -0.0010147985661476564, -4.3483, 0.2838, 1.0, 0.2286]
	 ->['GGAAACCCAGGAAAACCAUGAAAACACGGAAAACC', '((....)).((....((.((....)).))....))', 0.2286, -0.00048420445270805324, -2.7044, 0.2544, 0.875, 0.1143]
	 >>> Resetting the solution to avoid local optima.
	 ->['CCAAAAGGACCAAAAGGACCAAAAGGACCAAAAGG', '((....((.((....)).))....)).........', 0.2857, -0.0012081297858343907, -4.7409, 0.2666, 1.0, 0.2286]
	 ->['CCAAAAGGACCAAAAGGACCAAAAGGACCAAAAGG', '((....((.((....)).))....)).........', 0.2857, -0.0012081297858343907, -4.7409, 0.2666, 1.0, 0.2286]
	 >>> Resetting the solution to avoid local optima.
	 ->['GGAAAACCAGGAAAACCAGGAAAACCAGGAAAACC', '((....((.((....)).))....)).........', 0.2857, -0.0010147985661476564, -4.3483, 0.2838, 1.0, 0.2286]
	 ->['GGAAAACCAGGAAAACCAGGAAAACCAGGAAAACC', '((....((.((....)).))....)).........', 0.2857, -0.0010147985661476564, -4.3483, 0.2838, 1.0, 0.2286]
	 >>> Resetting the solution to avoid local optima.
	 ->['CCAAAAGGACCAAAAGGACCAAAAGGACCAAAAGG', '((....((.((....)).))....)).........', 0.2857, -0.0012081297858343907, -4.7409, 0.2666, 1.0, 0.2286]
	 ->['CCAGAAGGACCAAAAGGACCAGAAGGACCAAAAGG', '((....((.((....)).))....)).........', 0.2857, -0.0012024970237359482, -4.7437, 0.2669, 1.0, 0.2286]
	 ->['CAAGAAUGACCAAAAGGACCAGAAGGACCAAAAGG', '...............((.((....)).))......', 0.2286, -0.00013111347917831427, -3.7096, 0.3097, 1.0, 0.3429]
	 ->['CAAGUAUGACGACUAUGACCGCAGGGGCCACAAGG', '..................((....)).........', 0.1714, -3.854667605121216e-06, -3.3832, 0.4831, 1.0, 0.3429]
	 >>> Resetting the solution to avoid local optima.
	 ->['CCAAAAGGACCAAAAGGACCAAAAGGACCAAAAGG', '((....((.((....)).))....)).........', 0.2857, -0.0012081297858343907, -4.7409, 0.2666, 1.0, 0.2286]
	 ->['CCAAAAGGCCCAAAAGGACCAAAAGGACCAAAAGG', '((....((.((....)).))....)).........', 0.2857, -0.0004915961272333102, -4.995, 0.3199, 1.0, 0.2286]
	 ->['UCAAAAGACCCAUAAGGACCAAAAGGACCAAAAGG', '...............((.((....)).))......', 0.2286, -0.0004055595415745564, -3.8136, 0.3147, 1.0, 0.3429]
	 ->['UCCCAUGACUCUGUUGAGGCGCGAGCACCCGUUGG', '........(((....)))((....)).........', 0.1429, -2.066965356539244e-06, -5.5673, 0.5168, 0.8, 0.2857]
	 >>> Resetting the solution to avoid local optima.
	 ->['CCAAAAGGACCAAAAGGACCAAAAGGACCAAAAGG', '((....((.((....)).))....)).........', 0.2857, -0.0012081297858343907, -4.7409, 0.2666, 1.0, 0.2286]
	 ->['CCAAAAGGACCAAAAGGACCACAAGGACCAAAAGG', '((....((.((....)).))....)).........', 0.2857, -0.0012029487776858147, -4.7435, 0.2673, 1.0, 0.2286]
	 ->['CCAAAAGGACCAAAAGGACAACAAUGACCAAAAGG', '((....)).......((.((....)).))......', 0.1714, -0.00116045321714716, -2.3657, 0.27, 0.8333, 0.2286]
	 >>> Resetting the solution to avoid local optima.
	 ->['GGAAAACCAGGAAAACCAGGAAAACCAGGAAAACC', '((....((.((....)).))....)).........', 0.2857, -0.0010147985661476564, -4.3483, 0.2838, 1.0, 0.2286]
	 ->['GGAAAACCAGGAAAACCAGGAAAACCAGGACAACC', '((....((.((....)).))....)).........', 0.2857, -0.0010138768495064467, -4.3489, 0.2838, 1.0, 0.2286]
	 ->['GGAAAACCAGGAGAACCCGUAAAAACAGGACAACC', '((....)).((....((.((....)).))....))', 0.2286, -0.0003510740578704725, -2.8025, 0.2934, 0.875, 0.1143]
	 >>> Resetting the solution to avoid local optima.
	 ->['CCAAAAGGACCAAAAGGACCAAAAGGACCAAAAGG', '((....((.((....)).))....)).........', 0.2857, -0.0012081297858343907, -4.7409, 0.2666, 1.0, 0.2286]
	 ->['CCAAGAGGACCAAAAGGACCAAAAGGACCAAAAGG', '((....((.((....)).))....)).........', 0.2857, -0.001205266297264598, -4.7423, 0.2668, 1.0, 0.2286]
	 ->['CGAAGAUGACCAAAAGGACCAAAAGGACCAAAAGG', '...............((.((....)).))......', 0.2286, -1.9093917006274393e-05, -3.697, 0.3126, 1.0, 0.3429]
	 >>> Resetting the solution to avoid local optima.
	 ->['GGAAAACCAGGAAAACCAGGAAAACCAGGAAAACC', '((....((.((....)).))....)).........', 0.2857, -0.0010147985661476564, -4.3483, 0.2838, 1.0, 0.2286]
	 ->['GGGAAACCAGGUGCACCAGCAAAAGCAGGAAAAUC', '((....)).(((...((.((....)).))...)))', 0.2571, -2.274635774297176e-05, -5.4892, 0.2587, 0.7778, 0.1714]
	 >>> Resetting the solution to avoid local optima.
	 ->['CCAAAAGGACCAAAAGGACCAAAAGGACCAAAAGG', '((....((.((....)).))....)).........', 0.2857, -0.0012081297858343907, -4.7409, 0.2666, 1.0, 0.2286]
	 ->['CCAAAAGGACCAAAAGGACCGAAAGGACCAAAAGG', '((....((.((....)).))....)).........', 0.2857, -0.0011911125504983741, -5.5496, 0.2649, 1.0, 0.2286]
	 ->['CCAAAAGGACCAAAAGGACGGACACGACCAUAAGG', '((....)).......((.((....)).))......', 0.1714, -0.0021794491000314926, -4.4772, 0.2533, 1.0, 0.2286]
	 ->['CCAAAAGGACCAAAAGGACGGACACGAACAUAAGU', '((....)).......(..((....))..)......', 0.1429, -0.0026603803063087713, -2.5543, 0.2697, 1.0, 0.2286]
	 >>> Resetting the solution to avoid local optima.
	 ->['CCAAAAGGACCAAAAGGACCAAAAGGACCAAAAGG', '((....((.((....)).))....)).........', 0.2857, -0.0012081297858343907, -4.7409, 0.2666, 1.0, 0.2286]
	 >>> Resetting the solution to avoid local optima.
	 ->['GGAAAACCAGGAAAACCAGGAAAACCAGGAAAACC', '((....((.((....)).))....)).........', 0.2857, -0.0010147985661476564, -4.3483, 0.2838, 1.0, 0.2286]
	 ->['GGAAAACCAGGAACACCAGGAGAACCAGGAAAACC', '((....((.((....)).))....)).........', 0.2857, -0.0010033526295847284, -4.3553, 0.2857, 1.0, 0.2286]
	 ->['GGAAAACCAGGAACACCAAGGGAACUCGGGAAACC', '((....)).((....((.((....)).))....))', 0.2286, -0.0014102843040515373, -4.5455, 0.2786, 0.875, 0.1143]
	 ->['GCAAAAGCAGGAUGACCCAGGGCACUCGGGAAACC', '((....)).......(((((....)).))).....', 0.2, -2.6571357597481273e-05, -6.8934, 0.3085, 0.8571, 0.2857]
	 ->['GCAAAAGCAGUAUGAACCAGGGCACUCGGGAAACC', '((....))........((((....)).))......', 0.1714, -0.00031701270345862927, -3.6654, 0.2884, 0.8333, 0.2571]
	 ->['GCAAAAGCAGUAUGAACCAUGGCAAUCGGGAAACC', '((....))...................((....))', 0.1143, -4.9583500516875555e-05, -2.8089, 0.3827, 1.0, 0.2286]
	 >>> Resetting the solution to avoid local optima.
	 ->['GGAAAACCAGGAAAACCAGGAAAACCAGGAAAACC', '((....((.((....)).))....)).........', 0.2857, -0.0010147985661476564, -4.3483, 0.2838, 1.0, 0.2286]
	 ->['GGAAUACCAGGAAAACCAGGAAAACCAGGAAAACC', '((....((.((....)).))....)).........', 0.2857, -0.0008872019598761084, -4.4312, 0.2936, 1.0, 0.2286]
	 ->['GGAAUACCAGGAAUACCAGCAAAAGCGGGAAAACC', '((....)).((....((.((....)).))....))', 0.2286, -0.0006718016256770119, -4.8026, 0.2505, 1.0, 0.1143]
	 ->['GCGACAGCAAGGAUACUACCACGCGGGGGAAAACC', '((....)).......((.((....)).))......', 0.1714, -0.0014214456150650322, -4.9406, 0.3604, 0.8333, 0.2286]
	 >>> Resetting the solution to avoid local optima.
	 ->['GGAAAACCAGGAAAACCAGGAAAACCAGGAAAACC', '((....((.((....)).))....)).........', 0.2857, -0.0010147985661476564, -4.3483, 0.2838, 1.0, 0.2286]
	 ->['GGAAUGCCCGUAAAAGCAGGAAGACCAGGACAACC', '((....((.((....)).))....)).........', 0.2857, -4.121485190461336e-05, -4.2228, 0.3391, 0.8333, 0.2286]
	 >>> Resetting the solution to avoid local optima.
	 ->['CCAAAAGGACCAAAAGGACCAAAAGGACCAAAAGG', '((....((.((....)).))....)).........', 0.2857, -0.0012081297858343907, -4.7409, 0.2666, 1.0, 0.2286]
	 ->['CCAAAAGGACCAAAAGGACCAAGAGGACCAAAAGG', '((....((.((....)).))....)).........', 0.2857, -0.0012048584099554661, -4.7425, 0.2668, 1.0, 0.2286]
	 ->['CCAACAGGAGCAAAAGUACCAAGAGGACCGAAAGG', '((....((.((....)).))....)).((....))', 0.2286, -0.004266350405839854, -3.3633, 0.2597, 0.875, 0.1143]
	 >>> Resetting the solution to avoid local optima.
	 ->['CCAAAAGGACCAAAAGGACCAAAAGGACCAAAAGG', '((....((.((....)).))....)).........', 0.2857, -0.0012081297858343907, -4.7409, 0.2666, 1.0, 0.2286]
	 ->['UGAUCGCAGCCAAACGGGUCAUGAGAGCCAUCAGG', '...............((.((....)).))......', 0.2286, -5.15103140590354e-07, -5.6236, 0.5168, 0.75, 0.3429]
	 >>> Resetting the solution to avoid local optima.
	 ->['CCAAAAGGACCAAAAGGACCAAAAGGACCAAAAGG', '((....((.((....)).))....)).........', 0.2857, -0.0012081297858343907, -4.7409, 0.2666, 1.0, 0.2286]
	 ->['CCAGAAGGGGCACAUGUACCAAUAGGACCAUAGGG', '((....((.((....)).))....)).........', 0.2857, -0.000367895690273933, -4.2737, 0.4067, 0.8333, 0.2286]
	 ->['CCAGGAGGGGCAGAUGUACCAAUAGGACCAUAGGG', '((....))..(..(((..((....))..)))..).', 0.2286, -0.0002675200846609166, -4.47, 0.4125, 0.75, 0.2857]
	 >>> Resetting the solution to avoid local optima.
	 ->['GGAAAACCAGGAAAACCAGGAAAACCAGGAAAACC', '((....((.((....)).))....)).........', 0.2857, -0.0010147985661476564, -4.3483, 0.2838, 1.0, 0.2286]
	 ->['GGACGACCAGUAAAAGCAGGAAUACCAGGAAAACC', '((....((.((....)).))....)).........', 0.2857, -0.0010843751090337615, -2.9075, 0.3086, 0.8333, 0.2286]
	 ->['GGACGACCAGUAAAAGCAGGAAUACCAGCACAGGC', '((....)).......((.((....)).))......', 0.1714, -0.00031713445710374575, -4.0652, 0.2934, 1.0, 0.2286]
	 ->['GGGGGACCAUUAUCAGGAGGAAUACCAGCACCGGC', '((....)).......(..((....))..)......', 0.1429, -9.704680597977196e-06, -3.9141, 0.3488, 1.0, 0.2286]
	 >>> Resetting the solution to avoid local optima.
	 ->['GGAAAACCAGGAAAACCAGGAAAACCAGGAAAACC', '((....((.((....)).))....)).........', 0.2857, -0.0010147985661476564, -4.3483, 0.2838, 1.0, 0.2286]
	 ->['GGAAAACCAGGAAAACCAGGAAAACCAGGACAACC', '((....((.((....)).))....)).........', 0.2857, -0.0010138768495064467, -4.3489, 0.2838, 1.0, 0.2286]
	 ->['GGAAACCCAGGAACACCAGGAAAGUCAGGCCAACC', '......((.((....)).))...............', 0.2286, -8.676604717711905e-05, -3.664, 0.3358, 1.0, 0.3429]
	 >>> Resetting the solution to avoid local optima.
	 ->['CCAAAAGGACCAAAAGGACCAAAAGGACCAAAAGG', '((....((.((....)).))....)).........', 0.2857, -0.0012081297858343907, -4.7409, 0.2666, 1.0, 0.2286]
	 ->['CCAAAAGGACCAAAAGGACCAAAAGGACCAAAAGG', '((....((.((....)).))....)).........', 0.2857, -0.0012081297858343907, -4.7409, 0.2666, 1.0, 0.2286]
	 ->['GCCAAGGCACCCAGAGGAACGCGAGUACUAUUCAG', '((....)).......((.((....)).))......', 0.1714, -0.0002259313173795007, -3.4742, 0.3481, 0.6667, 0.2286]
	 >>> Resetting the solution to avoid local optima.
	 ->['CCAAAAGGACCAAAAGGACCAAAAGGACCAAAAGG', '((....((.((....)).))....)).........', 0.2857, -0.0012081297858343907, -4.7409, 0.2666, 1.0, 0.2286]
	 ->['CCAAAAGGACCAAUAGGGCCAAAAGGACCAAUAGG', '((....)).((.((.((.((....)).)).)).))', 0.2857, -0.0005682621543721946, -5.9057, 0.3313, 0.8, 0.2286]
	 ->['CCAAAAGGACCGAUAGGGCCAAAAGGACCAAGAGG', '((....)).((..(.((.((....)).)).)..))', 0.2571, -0.0007779965577485568, -6.5121, 0.3139, 0.8889, 0.1714]
	 ->['CCAACAGGACAGAUAUGGCCAAAAGGACCAAGAGG', '((....)).......(((((....)).))).....', 0.2, -0.0001314402309993601, -5.308, 0.2996, 0.8571, 0.2857]
	 >>> Resetting the solution to avoid local optima.
	 ->['CCAAAAGGACCAAAAGGACCAAAAGGACCAAAAGG', '((....((.((....)).))....)).........', 0.2857, -0.0012081297858343907, -4.7409, 0.2666, 1.0, 0.2286]
	 ->['CCAAGGGGACCAUAAGGAAUGUCGAUGCCACAAGG', '((....)).......((.((....)).))......', 0.1714, -0.00010368593725581664, -3.1542, 0.4935, 0.6667, 0.2286]
	 >>> Resetting the solution to avoid local optima.
	 ->['CCAAAAGGACCAAAAGGACCAAAAGGACCAAAAGG', '((....((.((....)).))....)).........', 0.2857, -0.0012081297858343907, -4.7409, 0.2666, 1.0, 0.2286]
	 ->['CCAAAAGGAUCAAUAGAGCCAUAGGGACCCAAAGG', '((....((.((....)).))....)).........', 0.2857, -8.22862648367971e-05, -4.2967, 0.4261, 0.8333, 0.2286]
	 ->['CAACAAUGAUCAAUCGAGCCGUAGGGACCCAAAGG', '..................((....)).........', 0.1714, -0.00015915044784732004, -2.4901, 0.3489, 1.0, 0.3429]
	 ->['GAUCACUUAUCAGUCGAGCCUCCGGGACCCAAGGG', '..................((....)).((....))', 0.1143, -1.3575861047229737e-05, -4.1072, 0.4716, 1.0, 0.2286]
	 >>> Resetting the solution to avoid local optima.
	 ->['CCAAAAGGACCAAAAGGACCAAAAGGACCAAAAGG', '((....((.((....)).))....)).........', 0.2857, -0.0012081297858343907, -4.7409, 0.2666, 1.0, 0.2286]
	 ->['UCAAAAGAACCAAGAGGACCAAAAGGACCAAAAGG', '...............((.((....)).))......', 0.2286, -0.00038150100740429985, -3.7513, 0.3029, 1.0, 0.3429]
	 ->['UCAGAAGAUCUAUGAAGACCAACAGGACCAAAAGG', '..................((....)).........', 0.1714, -0.00032451506625921035, -1.851, 0.3809, 1.0, 0.3429]
	 ->['GCAGACGCUCUAUGAAGACCACCAGGACCCACAGG', '((....))..........((....)).........', 0.1143, -0.0013950856975912728, -2.5522, 0.3549, 1.0, 0.2286]
	 ->['GCAGACGCUCGAUGACGACCACCAGGACCCACAGG', '((....))(((....)))((....)).........', 0.0857, -0.0038513574322337433, -2.8263, 0.316, 0.8571, 0.1714]
	 >>> Resetting the solution to avoid local optima.
	 ->['GGAAAACCAGGAAAACCAGGAAAACCAGGAAAACC', '((....((.((....)).))....)).........', 0.2857, -0.0010147985661476564, -4.3483, 0.2838, 1.0, 0.2286]
	 ->['GGAAAACCAGGAAUCCCAGGAAAACCAGGAAAACC', '((....((.((....)).))....)).........', 0.2857, -0.0007998747649389817, -4.895, 0.31, 1.0, 0.2286]
	 ->['GGAAAACCAGGAAUCCUAGGAAUACCAGGAAAACC', '((....)).....((((.((....)))))).....', 0.2286, -1.5303977639074332e-06, -6.5525, 0.3623, 0.75, 0.3429]
	 ->['GGAUAACCACGGAUCCGAGCAGUAGCAGGAGUAUC', '((....)).....(((..((....)).))).....', 0.2, -5.945766872011792e-07, -5.4352, 0.378, 0.8571, 0.3143]
	 >>> Resetting the solution to avoid local optima.
	 ->['GGAAAACCAGGAAAACCAGGAAAACCAGGAAAACC', '((....((.((....)).))....)).........', 0.2857, -0.0010147985661476564, -4.3483, 0.2838, 1.0, 0.2286]
	 ->['GGAAGACCAGGAAAACCCGGAGGACCAGGAAAACC', '((....((.((....)).))....)).........', 0.2857, -0.00017525850295992948, -4.9307, 0.3196, 1.0, 0.2286]
	 ->['GGAAGGCCAGGAAAACCCGUAGGAGCAGGAAUACC', '((....)).((....((.((....)).))....))', 0.2286, -0.0003080928775103497, -3.383, 0.3393, 0.875, 0.1143]




RNA sequences found with GC-content <= 0.48:

RNA sequences found with GC-content > 0.48:
@@ GCGAAAGCAGCAAAAGCACCUAAUGGACCGAAAGG 1.0
@@ GCGACAGCAGCAAAAGCACCUAAUGGACCGAAAGG 1.0
@@ GCGACAGCAGCGAAAGCACCUAAUGGACCGAAAGG 1.0
@@ GCGGCAGCAGCGAAAGCACCUAAUGGACCGAAAGG 1.0
@@ GCGGCAGCAGCGACAGCACCUAAUGGACCGAAAGG 1.0
@@ GCGGCAGCAGCGACAGCACCUAAUGGACCGAAGGG 1.0
@@ GCGGCAGCAGCGACAGCACCUAAUGGACCGGAGGG 1.0
@@ GCGGGAGCAGCGACAGCACCUAAUGGACCGGAGGG 1.0
@@ GGGGGACCAGCGACAGCACCUAAUGGACCGGAGGG 1.0
@@ GGGGGACCAGCGACAGCACCUAUUGGACCGGAGGG 1.0
@@ GGGGGACCAGCGACAGCACCUAUUGGACCGAAGGG 1.0
@@ GGGGGACCAGCGACAGCAGCUAUUGCACCGAAGGG 1.0
@@ GGGGGACCAGCGUCAGCAGCUAUUGCACCGAAGGG 1.0


Elapsed time:                   86400.01167845726 secs.
Number of function evaluations: 76389014
----------------------------------------------------------------------


---------------------------------------
 FINISHED SUCCESSFULLY 
---------------------------------------
