
-----------------------------------------------------------------------
   _____ _____  ______ ______ _____             _____  _   _           
  / ____|  __ \|  ____|  ____|  __ \           |  __ \| \ | |   /\     
 | |  __| |__) | |__  | |__  | |  | |  ______  | |__) |  \| |  /  \    
 | | |_ |  _  /|  __| |  __| | |  | | |______| |  _  /| . ` | / /\ \   
 | |__| | | \ \| |____| |____| |__| |          | | \ \| |\  |/ ____ \  
  \_____|_|  \_\______|______|_____/           |_|  \_\_| \_/_/    \_\ 
       
                                       -- A. Rubio-Largo et al. 2023
-----------------------------------------------------------------------

------------------------------------------------------------------------------------------------------------------
CONFIGURATION: 

 * TARGET:           .(((((((((((...)))))....)))))).
 * STOPPING:         86400 secs.
 * SEED:             5
 * NO. OF SOLUTIONS: 1
 * max. GC-cont.:    0.48
 * MODEL:            TURNER2004
 * MUTATION PROB:    0.01
 * STAGNATION LIMIT: 50
------------------------------------------------------------------------------------------------------------------


 (1) Let's minimize the base-pair distance between predicted and target structures
    -> Min(Base-pair distance), min(Hamming distance), max(probability over ensemble), min(partition function), min(ensemble defect), min(%GC-content)


	 ->['AGGGGGGGGGGGAAACCCCCAAAACCCCCCA', '.(((((((((((...)))))....)))))).', 0.0, -0.7048278419861843, -22.4156, 0.1284, 1.0, 0.0]


    -> Found sequence! Elapsed time:                   0.01272273063659668 secs.


 (2) We found a sequence that folds exactly like the target structure. Let's minimize the GC-content
    -> ORDER: Min(Base-pair distance), min(Hamming distance), min(GC-content), min(partition function), min(ensemble defect), max(probability over ensemble))


	 >>> Resetting the solution to avoid local optima.
	 ->['ACCCCCCCCCCCAAAGGGGGAAAAGGGGGGA', '.(((((((((((...)))))....)))))).', 0.0, -0.8371495711292307, -21.9096, 0.0828, 1.0, 0.0]
	 ->['ACGCCCCCCCCCAAAGGGGGAAAAGGGGUGA', '.(((((((((((...)))))....)))))).', 0.0, -0.9139469923186484, -19.1555, 0.0172, 0.9091, 0.0]
	 ->['GCGCCCCCCCCUAAAAGGGGAAAAGGGGUGA', '.(((((((((((...)))))....)))))).', 0.0, -0.7807413228762714, -17.7525, 0.0181, 0.8182, 0.0]
	 ->['GCGCCCCCCCUUAAAAAGGGAAAAGGGGUGA', '.(((((((((((...)))))....)))))).', 0.0, -0.653312971920614, -15.4624, 0.0266, 0.7273, 0.0]
	 ->['CCAUCCCCCCAUAAAAUGGGAGGAGGGAUGA', '.(((((((((((...)))))....)))))).', 0.0, -0.6121763596821558, -14.3025, 0.102, 0.6364, 0.0]
	 ->['CCAUCCCACCAUGAUAUGGUAGGAGGGAUGA', '.(((((((((((...)))))....)))))).', 0.0, -0.5324833252092647, -12.7884, 0.1307, 0.5455, 0.0]


    -> Finished!! Elaapsed time:                   0.07143402099609375 secs.




RNA sequences found with GC-content <= 0.48:
## CCAUGCCACCAUGAUAUGGUAGGAGGUAUGA 0.45454545454545453

RNA sequences found with GC-content > 0.48:
@@ AGGGGGGGGGGGAAACCCCCAAAACCCCCCA 1.0
@@ ACGCCCCCCCCCAAAGGGGGAAAAGGGGUGA 0.9090909090909091
@@ ACGCCCCCCCCUAAAAGGGGAAAAGGGGUGA 0.8181818181818182
@@ GCGCCCCCCCCUAAAAGGGGAAAAGGGGUGA 0.8181818181818182
@@ GCGCCCCCCCUUAAAAAGGGAAAAGGGGUGA 0.7272727272727273
@@ GCGUCCCCCCUUAAAAAGGGAAAAGGGGUGA 0.6363636363636364
@@ CCGUCCCCCCUUAAAAAGGGAAAAGGGGUGA 0.6363636363636364
@@ CCGUCCCCCCUUAAAAAGGGAAAAGGGAUGA 0.6363636363636364
@@ CCGUCCCCCCUUAAAAAGGGAGAAGGGAUGA 0.6363636363636364
@@ CCGUCCCCCCUUAAAAAGGGAGUAGGGAUGA 0.6363636363636364
@@ CCGUCCCCCCAUAAAAUGGGAGUAGGGAUGA 0.6363636363636364
@@ CCAUCCCCCCAUAAAAUGGGAGUAGGGAUGA 0.6363636363636364
@@ CCAUCCCCCCAUAAAAUGGGAGGAGGGAUGA 0.6363636363636364
@@ CCAUCCCACCAUAAAAUGGUAGGAGGGAUGA 0.5454545454545454
@@ CCAUCCCACCAUGAAAUGGUAGGAGGGAUGA 0.5454545454545454
@@ CCAUCCCACCAUGAUAUGGUAGGAGGGAUGA 0.5454545454545454


Elapsed time:                   0.07187294960021973 secs.
Number of function evaluations: 51
----------------------------------------------------------------------


---------------------------------------
 FINISHED SUCCESSFULLY 
---------------------------------------
