
-----------------------------------------------------------------------
   _____ _____  ______ ______ _____             _____  _   _           
  / ____|  __ \|  ____|  ____|  __ \           |  __ \| \ | |   /\     
 | |  __| |__) | |__  | |__  | |  | |  ______  | |__) |  \| |  /  \    
 | | |_ |  _  /|  __| |  __| | |  | | |______| |  _  /| . ` | / /\ \   
 | |__| | | \ \| |____| |____| |__| |          | | \ \| |\  |/ ____ \  
  \_____|_|  \_\______|______|_____/           |_|  \_\_| \_/_/    \_\ 
       
                                       -- A. Rubio-Largo et al. 2023
-----------------------------------------------------------------------

------------------------------------------------------------------------------------------------------------------
CONFIGURATION: 

 * TARGET:           ((((((.((((....))))))).)))..........
 * STOPPING:         86400 secs.
 * SEED:             8
 * NO. OF SOLUTIONS: 1
 * max. GC-cont.:    0.48
 * MODEL:            TURNER2004
 * MUTATION PROB:    0.01
 * STAGNATION LIMIT: 50
------------------------------------------------------------------------------------------------------------------


 (1) Let's minimize the base-pair distance between predicted and target structures
    -> Min(Base-pair distance), min(Hamming distance), max(probability over ensemble), min(partition function), min(ensemble defect), min(%GC-content)


	 ->['CCCCCCACCCCAAAAGGGGGGGAGGGAAAAAAAAAA', '((((((.((((....))))))).)))..........', 0.0, -0.9427788788203149, -19.1363, 0.0145, 1.0, 0.0]


    -> Found sequence! Elapsed time:                   0.01273655891418457 secs.


 (2) We found a sequence that folds exactly like the target structure. Let's minimize the GC-content
    -> ORDER: Min(Base-pair distance), min(Hamming distance), min(GC-content), min(partition function), min(ensemble defect), max(probability over ensemble))


	 >>> Resetting the solution to avoid local optima.
	 ->['CCCCCCACCCCAAAAGGGGGGGAGGGAAAAAAAAAA', '((((((.((((....))))))).)))..........', 0.0, -0.9427788788203149, -19.1363, 0.0145, 1.0, 0.0]
	 ->['CCCCCCACCCCAAAAGGGGGGGAGGGAAAAAAAAAA', '((((((.((((....))))))).)))..........', 0.0, -0.9427788788203149, -19.1363, 0.0145, 1.0, 0.0]
	 ->['CCCCCCACCUCAAAAGGGGGGGAGGGAAAAAAAAAA', '((((((.((((....))))))).)))..........', 0.0, -0.8269496929927347, -16.2171, 0.0721, 0.9, 0.0]
	 ->['CCCCCCACCUAAAAAUGGGGGGAGGGAAAAAAAAAA', '((((((.((((....))))))).)))..........', 0.0, -0.41025418453386636, -14.9491, 0.2593, 0.8, 0.0]
	 ->['UCCCCCACCUAAAAAUGGGGGGAGGAAAAAAAAAAA', '((((((.((((....))))))).)))..........', 0.0, -0.4764505589687567, -13.1569, 0.1657, 0.7, 0.0]
	 ->['UCCCACACCUAAAAGUGGGGUGAGGAAAUAAAAAAU', '((((((.((((....))))))).)))..........', 0.0, -0.5745872810396699, -10.7415, 0.0785, 0.6, 0.0]
	 ->['UCCCAUACCUAAAGGUGGGAUGAGGAAUUAAAAAAU', '((((((.((((....))))))).)))..........', 0.0, -0.4112870605052314, -8.9476, 0.1998, 0.5, 0.0]


    -> Finished!! Elaapsed time:                   0.06490635871887207 secs.




RNA sequences found with GC-content <= 0.48:
## UCUCAUACCUAAAGGUGGGAUGAAGAAUUAAAAAAU 0.4

RNA sequences found with GC-content > 0.48:
@@ CCCCCCACCCCAAAAGGGGGGGAGGGAAAAAAAAAA 1.0
@@ CCCCCCACCUCAAAAGGGGGGGAGGGAAAAAAAAAA 0.9
@@ CCCCCCACCUAAAAAUGGGGGGAGGGAAAAAAAAAA 0.8
@@ UCCCCCACCUAAAAAUGGGGGGAGGAAAAAAAAAAA 0.7
@@ UCCCACACCUAAAAAUGGGGUGAGGAAAAAAAAAAA 0.6
@@ UCCCACACCUAAAAAUGGGGUGAGGAAAAAAAAAAU 0.6
@@ UCCCACACCUAAAAAUGGGGUGAGGAAAUAAAAAAU 0.6
@@ UCCCACACCUAAAAGUGGGGUGAGGAAAUAAAAAAU 0.6
@@ UCCCAUACCUAAAAGUGGGAUGAGGAAAUAAAAAAU 0.5
@@ UCCCAUACCUAAAAGUGGGAUGAGGAAUUAAAAAAU 0.5
@@ UCCCAUACCUAAAGGUGGGAUGAGGAAUUAAAAAAU 0.5


Elapsed time:                   0.06518721580505371 secs.
Number of function evaluations: 43
----------------------------------------------------------------------


---------------------------------------
 FINISHED SUCCESSFULLY 
---------------------------------------
