
-----------------------------------------------------------------------
   _____ _____  ______ ______ _____             _____  _   _           
  / ____|  __ \|  ____|  ____|  __ \           |  __ \| \ | |   /\     
 | |  __| |__) | |__  | |__  | |  | |  ______  | |__) |  \| |  /  \    
 | | |_ |  _  /|  __| |  __| | |  | | |______| |  _  /| . ` | / /\ \   
 | |__| | | \ \| |____| |____| |__| |          | | \ \| |\  |/ ____ \  
  \_____|_|  \_\______|______|_____/           |_|  \_\_| \_/_/    \_\ 
       
                                       -- A. Rubio-Largo et al. 2023
-----------------------------------------------------------------------

------------------------------------------------------------------------------------------------------------------
CONFIGURATION: 

 * TARGET:           ..((((((((.....)).))))))..
 * STOPPING:         86400 secs.
 * SEED:             5
 * NO. OF SOLUTIONS: 1
 * max. GC-cont.:    0.48
 * MODEL:            TURNER2004
 * MUTATION PROB:    0.01
 * STAGNATION LIMIT: 50
------------------------------------------------------------------------------------------------------------------


 (1) Let's minimize the base-pair distance between predicted and target structures
    -> Min(Base-pair distance), min(Hamming distance), max(probability over ensemble), min(partition function), min(ensemble defect), min(%GC-content)


	 ->['AAGGGGGGGGAAAAACCACCCCCCAA', '..((((((((.....)).))))))..', 0.0, -0.8703109530904019, -16.2856, 0.0553, 1.0, 0.0]


    -> Found sequence! Elapsed time:                   0.0123443603515625 secs.


 (2) We found a sequence that folds exactly like the target structure. Let's minimize the GC-content
    -> ORDER: Min(Base-pair distance), min(Hamming distance), min(GC-content), min(partition function), min(ensemble defect), max(probability over ensemble))


	 >>> Resetting the solution to avoid local optima.
	 ->['AACCCCCCCCAAAAAGGAGGGGGGAA', '..((((((((.....)).))))))..', 0.0, -0.9180954027784377, -16.2527, 0.0383, 1.0, 0.0]
	 ->['UACGCCCCCCGAAAAGGAGGGGUGAA', '..((((((((.....)).))))))..', 0.0, -0.9211178453103702, -14.3506, 0.0072, 0.875, 0.0]
	 ->['UAUGCCCCCCGAAAAGGAGGGGUAAA', '..((((((((.....)).))))))..', 0.0, -0.7974360982411928, -13.2395, 0.0176, 0.75, 0.0]
	 ->['CGUAGCCCCCGAAAAGGAGGGUUAAG', '..((((((((.....)).))))))..', 0.0, -0.7742587975670558, -10.8577, 0.0195, 0.625, 0.0]
	 ->['CCUAGCCACCGAAAAGGUUGGUUAAG', '..((((((((.....)).))))))..', 0.0, -0.37784415315850456, -9.1998, 0.0862, 0.5, 0.0]


    -> Finished!! Elaapsed time:                   0.05445456504821777 secs.




RNA sequences found with GC-content <= 0.48:
## CCUAGACACCGAAAAGGUUGUUUAAG 0.375

RNA sequences found with GC-content > 0.48:
@@ AAGGGGGGGGAAAAACCACCCCCCAA 1.0
@@ AACGCCCCCCAAAAAGGAGGGGUGAA 0.875
@@ AACGCCCCCCGAAAAGGAGGGGUGAA 0.875
@@ UACGCCCCCCGAAAAGGAGGGGUGAA 0.875
@@ UAUGCCCCCCGAAAAGGAGGGGUAAA 0.75
@@ UAUGGCCCCCGAAAAGGAGGGUUAAA 0.625
@@ UAUGGCCCCCGAAAAGGAGGGUUAAG 0.625
@@ CAUGGCCCCCGAAAAGGAGGGUUAAG 0.625
@@ CAUAGCCCCCGAAAAGGAGGGUUAAG 0.625
@@ CGUAGCCCCCGAAAAGGAGGGUUAAG 0.625
@@ CGUAGCCACCGAAAAGGAUGGUUAAG 0.5
@@ CGUAGCCACCGAAAAGGUUGGUUAAG 0.5
@@ CCUAGCCACCGAAAAGGUUGGUUAAG 0.5


Elapsed time:                   0.05471539497375488 secs.
Number of function evaluations: 44
----------------------------------------------------------------------


---------------------------------------
 FINISHED SUCCESSFULLY 
---------------------------------------
