
-----------------------------------------------------------------------
   _____ _____  ______ ______ _____             _____  _   _           
  / ____|  __ \|  ____|  ____|  __ \           |  __ \| \ | |   /\     
 | |  __| |__) | |__  | |__  | |  | |  ______  | |__) |  \| |  /  \    
 | | |_ |  _  /|  __| |  __| | |  | | |______| |  _  /| . ` | / /\ \   
 | |__| | | \ \| |____| |____| |__| |          | | \ \| |\  |/ ____ \  
  \_____|_|  \_\______|______|_____/           |_|  \_\_| \_/_/    \_\ 
       
                                       -- A. Rubio-Largo et al. 2023
-----------------------------------------------------------------------

------------------------------------------------------------------------------------------------------------------
CONFIGURATION: 

 * TARGET:           ((....)).((....))
 * STOPPING:         86400 secs.
 * SEED:             5
 * NO. OF SOLUTIONS: 1
 * max. GC-cont.:    0.48
 * MODEL:            TURNER2004
 * MUTATION PROB:    0.01
 * STAGNATION LIMIT: 50
------------------------------------------------------------------------------------------------------------------


 (1) Let's minimize the base-pair distance between predicted and target structures
    -> Min(Base-pair distance), min(Hamming distance), max(probability over ensemble), min(partition function), min(ensemble defect), min(%GC-content)


	 ->['GGAAAACCAGGAAAACC', '((....)).........', 0.1176, -0.10810565308153613, -0.8711, 0.2233, 1.0, 0.2353]
	 >>> Resetting the solution to avoid local optima.
	 ->['GGAAAACCAGGAAAACC', '((....)).........', 0.1176, -0.10810565308153613, -0.8711, 0.2233, 1.0, 0.2353]
	 >>> Resetting the solution to avoid local optima.
	 ->['CCAAAAGGACCAAAAGG', '((....)).........', 0.1176, -0.22692884214082137, -0.9141, 0.2019, 1.0, 0.2353]
	 ->['CCAAAAGGACCAAAAGG', '((....)).........', 0.1176, -0.22692884214082137, -0.9141, 0.2019, 1.0, 0.2353]


    -> Found sequence! Elapsed time:                   0.18466496467590332 secs.


 (2) We found a sequence that folds exactly like the target structure. Let's minimize the GC-content
    -> ORDER: Min(Base-pair distance), min(Hamming distance), min(GC-content), min(partition function), min(ensemble defect), max(probability over ensemble))


	 >>> Resetting the solution to avoid local optima.
	 ->['CCAAAAGGACCAAAAGG', '((....)).........', 0.1176, -0.22692884214082137, -0.9141, 0.2019, 1.0, 0.2353]
	 ->['CCUCAUGGGCCGAAUGG', '((....)).........', 0.1176, -0.16164464805873718, -1.6232, 0.2943, 1.0, 0.2353]
	 >>> Resetting the solution to avoid local optima.
	 ->['GGAAAACCAGGAAAACC', '((....)).........', 0.1176, -0.10810565308153613, -0.8711, 0.2233, 1.0, 0.2353]
	 ->['GGAAGACCAGGUGAGCC', '((....)).........', 0.1176, -0.10010763175298443, -0.9185, 0.2477, 1.0, 0.2353]
	 >>> Resetting the solution to avoid local optima.
	 ->['CCAAAAGGACCAAAAGG', '((....)).........', 0.1176, -0.22692884214082137, -0.9141, 0.2019, 1.0, 0.2353]
	 ->['GCGAGAGCACCUAUCGG', '((....)).........', 0.1176, -0.22204796920981054, -2.3275, 0.3007, 1.0, 0.2353]
	 >>> Resetting the solution to avoid local optima.
	 ->['CCAAAAGGACCAAAAGG', '((....)).........', 0.1176, -0.22692884214082137, -0.9141, 0.2019, 1.0, 0.2353]
	 ->['CCACGAGGGGCCCAGGC', '((....)).........', 0.1176, -0.18453438736218145, -1.5415, 0.2807, 1.0, 0.2353]
	 >>> Resetting the solution to avoid local optima.
	 ->['GGAAAACCAGGAAAACC', '((....)).........', 0.1176, -0.10810565308153613, -0.8711, 0.2233, 1.0, 0.2353]
	 ->['GGGAUGCCAGGGAGCCC', '((....)).........', 0.1176, -0.08367146552809086, -2.529, 0.4262, 1.0, 0.2353]
	 >>> Resetting the solution to avoid local optima.
	 ->['GGAAAACCAGGAAAACC', '((....)).........', 0.1176, -0.10810565308153613, -0.8711, 0.2233, 1.0, 0.2353]
	 ->['GGGAGGCCAGGCGUACC', '((....)).........', 0.1176, -0.05124749930540617, -2.4311, 0.4639, 1.0, 0.2353]
	 >>> Resetting the solution to avoid local optima.
	 ->['GGAAAACCAGGAAAACC', '((....)).........', 0.1176, -0.10810565308153613, -0.8711, 0.2233, 1.0, 0.2353]
	 >>> Resetting the solution to avoid local optima.
	 ->['GGAAAACCAGGAAAACC', '((....)).........', 0.1176, -0.10810565308153613, -0.8711, 0.2233, 1.0, 0.2353]
	 >>> Resetting the solution to avoid local optima.
	 ->['GGAAAACCAGGAAAACC', '((....)).........', 0.1176, -0.10810565308153613, -0.8711, 0.2233, 1.0, 0.2353]
	 >>> Resetting the solution to avoid local optima.
	 ->['GGAAAACCAGGAAAACC', '((....)).........', 0.1176, -0.10810565308153613, -0.8711, 0.2233, 1.0, 0.2353]
	 ->['GGAUUCCCGGCACAGGC', '((....)).........', 0.1176, -0.09892890618772947, -1.5258, 0.3031, 1.0, 0.2353]
	 >>> Resetting the solution to avoid local optima.
	 ->['CCAAAAGGACCAAAAGG', '((....)).........', 0.1176, -0.22692884214082137, -0.9141, 0.2019, 1.0, 0.2353]
	 ->['CCAUUAGGACCAUAGGG', '((....)).........', 0.1176, -0.1312662881300617, -1.1515, 0.3023, 1.0, 0.2353]
	 >>> Resetting the solution to avoid local optima.
	 ->['GGAAAACCAGGAAAACC', '((....)).........', 0.1176, -0.10810565308153613, -0.8711, 0.2233, 1.0, 0.2353]
	 ->['GGCGAACCAGGAAAACC', '((....)).........', 0.1176, -0.10589913686740188, -0.8838, 0.2285, 1.0, 0.2353]
	 >>> Resetting the solution to avoid local optima.
	 ->['CCAAAAGGACCAAAAGG', '((....)).........', 0.1176, -0.22692884214082137, -0.9141, 0.2019, 1.0, 0.2353]
	 ->['CCAAAAGGACCAAAAGG', '((....)).........', 0.1176, -0.22692884214082137, -0.9141, 0.2019, 1.0, 0.2353]
	 >>> Resetting the solution to avoid local optima.
	 ->['CCAAAAGGACCAAAAGG', '((....)).........', 0.1176, -0.22692884214082137, -0.9141, 0.2019, 1.0, 0.2353]
	 ->['CCGUGCGGGCCAACAGG', '((....)).........', 0.1176, -0.07708781971974947, -1.4795, 0.3944, 1.0, 0.2353]
	 >>> Resetting the solution to avoid local optima.
	 ->['GGAAAACCAGGAAAACC', '((....)).........', 0.1176, -0.10810565308153613, -0.8711, 0.2233, 1.0, 0.2353]
	 ->['GGUAUACCAGGGAACCC', '((....)).........', 0.1176, -0.10394243654872097, -1.2953, 0.3519, 1.0, 0.2353]
	 >>> Resetting the solution to avoid local optima.
	 ->['GGAAAACCAGGAAAACC', '((....)).........', 0.1176, -0.10810565308153613, -0.8711, 0.2233, 1.0, 0.2353]
	 ->['GCGUAGGCACGGGGGCG', '((....)).........', 0.1176, -0.15427511351263432, -2.5519, 0.3167, 1.0, 0.2353]
	 >>> Resetting the solution to avoid local optima.
	 ->['GGAAAACCAGGAAAACC', '((....)).........', 0.1176, -0.10810565308153613, -0.8711, 0.2233, 1.0, 0.2353]
	 >>> Resetting the solution to avoid local optima.
	 ->['GGAAAACCAGGAAAACC', '((....)).........', 0.1176, -0.10810565308153613, -0.8711, 0.2233, 1.0, 0.2353]
	 >>> Resetting the solution to avoid local optima.
	 ->['CCAAAAGGACCAAAAGG', '((....)).........', 0.1176, -0.22692884214082137, -0.9141, 0.2019, 1.0, 0.2353]
	 ->['GCAAACGCACCAGCAGG', '((....)).........', 0.1176, -0.20152701373665985, -1.6872, 0.2846, 1.0, 0.2353]
	 >>> Resetting the solution to avoid local optima.
	 ->['CCAAAAGGACCAAAAGG', '((....)).........', 0.1176, -0.22692884214082137, -0.9141, 0.2019, 1.0, 0.2353]
	 >>> Resetting the solution to avoid local optima.
	 ->['GGAAAACCAGGAAAACC', '((....)).........', 0.1176, -0.10810565308153613, -0.8711, 0.2233, 1.0, 0.2353]
	 ->['GGAGAUCCAGGAUAACC', '((....)).........', 0.1176, -0.10295573235829464, -1.3012, 0.2826, 1.0, 0.2353]
	 >>> Resetting the solution to avoid local optima.
	 ->['CCAAAAGGACCAAAAGG', '((....)).........', 0.1176, -0.22692884214082137, -0.9141, 0.2019, 1.0, 0.2353]
	 >>> Resetting the solution to avoid local optima.
	 ->['CCAAAAGGACCAAAAGG', '((....)).........', 0.1176, -0.22692884214082137, -0.9141, 0.2019, 1.0, 0.2353]
	 ->['CCAAAAGGACCAGAAGG', '((....)).........', 0.1176, -0.22671521073609321, -0.9147, 0.2022, 1.0, 0.2353]
	 >>> Resetting the solution to avoid local optima.
	 ->['CCAAAAGGACCAAAAGG', '((....)).........', 0.1176, -0.22692884214082137, -0.9141, 0.2019, 1.0, 0.2353]
	 ->['GCAGCCGCACCAAUGGG', '((....)).........', 0.1176, -0.12751155279066784, -1.8693, 0.3621, 1.0, 0.2353]
	 >>> Resetting the solution to avoid local optima.
	 ->['GGAAAACCAGGAAAACC', '((....)).........', 0.1176, -0.10810565308153613, -0.8711, 0.2233, 1.0, 0.2353]
	 ->['GCAGGCGCAGCGUACGC', '((....)).........', 0.1176, -0.09462090038995412, -1.9532, 0.4209, 1.0, 0.2353]
	 >>> Resetting the solution to avoid local optima.
	 ->['CCAAAAGGACCAAAAGG', '((....)).........', 0.1176, -0.22692884214082137, -0.9141, 0.2019, 1.0, 0.2353]
	 ->['CCAACAGGACCGAAUGG', '((....)).........', 0.1176, -0.1909730296150056, -1.0204, 0.2594, 1.0, 0.2353]
	 >>> Resetting the solution to avoid local optima.
	 ->['CCAAAAGGACCAAAAGG', '((....)).........', 0.1176, -0.22692884214082137, -0.9141, 0.2019, 1.0, 0.2353]
	 ->['GCAGAAGCACCAGAGGG', '((....)).........', 0.1176, -0.21568524158572372, -1.5454, 0.1844, 1.0, 0.2353]
	 >>> Resetting the solution to avoid local optima.
	 ->['CCAAAAGGACCAAAAGG', '((....)).........', 0.1176, -0.22692884214082137, -0.9141, 0.2019, 1.0, 0.2353]
	 ->['CCAUCAGGGGCCCAGGC', '((....)).........', 0.1176, -0.19354056576193457, -1.5122, 0.2696, 1.0, 0.2353]
	 >>> Resetting the solution to avoid local optima.
	 ->['GGAAAACCAGGAAAACC', '((....)).........', 0.1176, -0.10810565308153613, -0.8711, 0.2233, 1.0, 0.2353]
	 ->['GGACAACCAGGACGACC', '((....)).........', 0.1176, -0.08240225329613632, -1.0384, 0.2953, 1.0, 0.2353]
	 >>> Resetting the solution to avoid local optima.
	 ->['GGAAAACCAGGAAAACC', '((....)).........', 0.1176, -0.10810565308153613, -0.8711, 0.2233, 1.0, 0.2353]
	 ->['GGAAAACCAGGAAAACC', '((....)).........', 0.1176, -0.10810565308153613, -0.8711, 0.2233, 1.0, 0.2353]
	 >>> Resetting the solution to avoid local optima.
	 ->['CCAAAAGGACCAAAAGG', '((....)).........', 0.1176, -0.22692884214082137, -0.9141, 0.2019, 1.0, 0.2353]
	 ->['GCAUUCGCGCCGACUGG', '((....)).........', 0.1176, -0.11085560917112927, -1.7556, 0.429, 1.0, 0.2353]
	 >>> Resetting the solution to avoid local optima.
	 ->['GGAAAACCAGGAAAACC', '((....)).........', 0.1176, -0.10810565308153613, -0.8711, 0.2233, 1.0, 0.2353]
	 ->['GGAAAACCAGGAGAACC', '((....)).........', 0.1176, -0.10758676345498254, -0.8741, 0.2245, 1.0, 0.2353]
	 >>> Resetting the solution to avoid local optima.
	 ->['GGAAAACCAGGAAAACC', '((....)).........', 0.1176, -0.10810565308153613, -0.8711, 0.2233, 1.0, 0.2353]
	 ->['GCAAAAGCAGGCAGACC', '((....)).........', 0.1176, -0.07927348290602222, -1.5623, 0.3018, 1.0, 0.2353]
	 >>> Resetting the solution to avoid local optima.
	 ->['CCAAAAGGACCAAAAGG', '((....)).........', 0.1176, -0.22692884214082137, -0.9141, 0.2019, 1.0, 0.2353]
	 ->['CCAUAAGGACCAAUAGG', '((....)).........', 0.1176, -0.22346647675915665, -0.9236, 0.2084, 1.0, 0.2353]
	 >>> Resetting the solution to avoid local optima.
	 ->['CCAAAAGGACCAAAAGG', '((....)).........', 0.1176, -0.22692884214082137, -0.9141, 0.2019, 1.0, 0.2353]
	 ->['CCAAAAGGACCAAAGGG', '((....)).........', 0.1176, -0.1480076656697942, -1.0775, 0.2506, 1.0, 0.2353]
	 >>> Resetting the solution to avoid local optima.
	 ->['CCAAAAGGACCAAAAGG', '((....)).........', 0.1176, -0.22692884214082137, -0.9141, 0.2019, 1.0, 0.2353]
	 ->['GCACCAGCGCCAGGGGG', '((....)).........', 0.1176, -0.05976032236131663, -2.0364, 0.4567, 1.0, 0.2353]
	 >>> Resetting the solution to avoid local optima.
	 ->['GGAAAACCAGGAAAACC', '((....)).........', 0.1176, -0.10810565308153613, -0.8711, 0.2233, 1.0, 0.2353]
	 >>> Resetting the solution to avoid local optima.
	 ->['CCAAAAGGACCAAAAGG', '((....)).........', 0.1176, -0.22692884214082137, -0.9141, 0.2019, 1.0, 0.2353]
	 ->['CCGCUAGGACCAAGAGG', '((....)).........', 0.1176, -0.2782285850059256, -1.5885, 0.2009, 1.0, 0.2353]
	 >>> Resetting the solution to avoid local optima.
	 ->['CCAAAAGGACCAAAAGG', '((....)).........', 0.1176, -0.22692884214082137, -0.9141, 0.2019, 1.0, 0.2353]
	 ->['GCAUUAGCAGCGCGCGC', '((....)).........', 0.1176, -0.1179447186484362, -1.8174, 0.3474, 1.0, 0.2353]
	 >>> Resetting the solution to avoid local optima.
	 ->['CCAAAAGGACCAAAAGG', '((....)).........', 0.1176, -0.22692884214082137, -0.9141, 0.2019, 1.0, 0.2353]
	 ->['GCAAAAGCACCAAAAGG', '((....)).........', 0.1176, -0.3114519198873575, -1.4189, 0.1487, 1.0, 0.2353]
	 >>> Resetting the solution to avoid local optima.
	 ->['CCAAAAGGACCAAAAGG', '((....)).........', 0.1176, -0.22692884214082137, -0.9141, 0.2019, 1.0, 0.2353]
	 ->['CCAACUGGGGCAAUAGC', '((....)).........', 0.1176, -0.08973570776831398, -1.2859, 0.3299, 1.0, 0.2353]
	 >>> Resetting the solution to avoid local optima.
	 ->['CCAAAAGGACCAAAAGG', '((....)).........', 0.1176, -0.22692884214082137, -0.9141, 0.2019, 1.0, 0.2353]
	 ->['CCGAGGGGGCCGAGCGG', '((....)).........', 0.1176, -0.09038998124509894, -2.2814, 0.3867, 1.0, 0.2353]
	 >>> Resetting the solution to avoid local optima.
	 ->['CCAAAAGGACCAAAAGG', '((....)).........', 0.1176, -0.22692884214082137, -0.9141, 0.2019, 1.0, 0.2353]
	 ->['CCGCGAGGGCCUUUGGG', '((....)).........', 0.1176, -0.09134018489226302, -2.575, 0.5161, 1.0, 0.2353]
	 >>> Resetting the solution to avoid local optima.
	 ->['CCAAAAGGACCAAAAGG', '((....)).........', 0.1176, -0.22692884214082137, -0.9141, 0.2019, 1.0, 0.2353]
	 ->['CCUGGUGGGCCGUGCGG', '((....)).........', 0.1176, -0.09871601801793085, -1.9271, 0.3735, 1.0, 0.2353]
	 >>> Resetting the solution to avoid local optima.
	 ->['GGAAAACCAGGAAAACC', '((....)).........', 0.1176, -0.10810565308153613, -0.8711, 0.2233, 1.0, 0.2353]
	 ->['GCAUAAGCAGCACAAGC', '((....)).........', 0.1176, -0.18995444812236215, -1.5237, 0.225, 1.0, 0.2353]
	 >>> Resetting the solution to avoid local optima.
	 ->['GGAAAACCAGGAAAACC', '((....)).........', 0.1176, -0.10810565308153613, -0.8711, 0.2233, 1.0, 0.2353]
	 ->['GGAAGUCCAGGAAAACC', '((....)).........', 0.1176, -0.12571948169724953, -1.1781, 0.2008, 1.0, 0.2353]
	 >>> Resetting the solution to avoid local optima.
	 ->['CCAAAAGGACCAAAAGG', '((....)).........', 0.1176, -0.22692884214082137, -0.9141, 0.2019, 1.0, 0.2353]
	 ->['GCAGGAGCGCCGGGUGG', '((....)).........', 0.1176, -0.10583329562442996, -1.7842, 0.3768, 1.0, 0.2353]
	 >>> Resetting the solution to avoid local optima.
	 ->['GGAAAACCAGGAAAACC', '((....)).........', 0.1176, -0.10810565308153613, -0.8711, 0.2233, 1.0, 0.2353]
	 >>> Resetting the solution to avoid local optima.
	 ->['CCAAAAGGACCAAAAGG', '((....)).........', 0.1176, -0.22692884214082137, -0.9141, 0.2019, 1.0, 0.2353]
	 ->['CCAGUAGGGGCUAAGGC', '((....)).........', 0.1176, -0.13488141859153593, -1.5347, 0.3508, 1.0, 0.2353]
	 >>> Resetting the solution to avoid local optima.
	 ->['GGAAAACCAGGAAAACC', '((....)).........', 0.1176, -0.10810565308153613, -0.8711, 0.2233, 1.0, 0.2353]
	 ->['GGAAAACCAGGAAUACC', '((....)).........', 0.1176, -0.10786667131354437, -0.8725, 0.2238, 1.0, 0.2353]
	 >>> Resetting the solution to avoid local optima.
	 ->['CCAAAAGGACCAAAAGG', '((....)).........', 0.1176, -0.22692884214082137, -0.9141, 0.2019, 1.0, 0.2353]
	 ->['CCAAUAGGACCAAAAGG', '((....)).........', 0.1176, -0.22672682187306195, -0.9146, 0.2022, 1.0, 0.2353]
	 >>> Resetting the solution to avoid local optima.
	 ->['GGAAAACCAGGAAAACC', '((....)).........', 0.1176, -0.10810565308153613, -0.8711, 0.2233, 1.0, 0.2353]
	 ->['GGCAAACCAGGAUGACC', '((....)).........', 0.1176, -0.08843446246747208, -0.9949, 0.2981, 1.0, 0.2353]
	 >>> Resetting the solution to avoid local optima.
	 ->['CCAAAAGGACCAAAAGG', '((....)).........', 0.1176, -0.22692884214082137, -0.9141, 0.2019, 1.0, 0.2353]
	 >>> Resetting the solution to avoid local optima.
	 ->['GGAAAACCAGGAAAACC', '((....)).........', 0.1176, -0.10810565308153613, -0.8711, 0.2233, 1.0, 0.2353]
	 ->['GGGACACCAGGAGGGCC', '((....)).........', 0.1176, -0.1110944945986377, -2.4543, 0.3688, 1.0, 0.2353]
	 >>> Resetting the solution to avoid local optima.
	 ->['CCAAAAGGACCAAAAGG', '((....)).........', 0.1176, -0.22692884214082137, -0.9141, 0.2019, 1.0, 0.2353]
	 ->['CCACAUGGACCAGGGGG', '((....)).........', 0.1176, -0.07327402372430084, -1.5108, 0.4335, 1.0, 0.2353]
	 >>> Resetting the solution to avoid local optima.
	 ->['GGAAAACCAGGAAAACC', '((....)).........', 0.1176, -0.10810565308153613, -0.8711, 0.2233, 1.0, 0.2353]
	 >>> Resetting the solution to avoid local optima.
	 ->['GGAAAACCAGGAAAACC', '((....)).........', 0.1176, -0.10810565308153613, -0.8711, 0.2233, 1.0, 0.2353]
	 ->['GGGACACCAGGGAACCC', '((....)).........', 0.1176, -0.15457245106046424, -2.4507, 0.2731, 1.0, 0.2353]
	 >>> Resetting the solution to avoid local optima.
	 ->['CCAAAAGGACCAAAAGG', '((....)).........', 0.1176, -0.22692884214082137, -0.9141, 0.2019, 1.0, 0.2353]
	 ->['CCACAAGGACCAGGGGG', '((....)).........', 0.1176, -0.08930780390619802, -1.3888, 0.3852, 1.0, 0.2353]
	 >>> Resetting the solution to avoid local optima.
	 ->['GGAAAACCAGGAAAACC', '((....)).........', 0.1176, -0.10810565308153613, -0.8711, 0.2233, 1.0, 0.2353]
	 ->['GGAAACCCAGGAAAACC', '((....)).........', 0.1176, -0.12412064953739484, -1.186, 0.2021, 1.0, 0.2353]
	 >>> Resetting the solution to avoid local optima.
	 ->['CCAAAAGGACCAAAAGG', '((....)).........', 0.1176, -0.22692884214082137, -0.9141, 0.2019, 1.0, 0.2353]
	 >>> Resetting the solution to avoid local optima.
	 ->['GGAAAACCAGGAAAACC', '((....)).........', 0.1176, -0.10810565308153613, -0.8711, 0.2233, 1.0, 0.2353]
	 ->['GGAAAACCAGGUUAACC', '((....)).........', 0.1176, -0.10127277290470955, -0.9113, 0.2494, 1.0, 0.2353]
	 >>> Resetting the solution to avoid local optima.
	 ->['CCAAAAGGACCAAAAGG', '((....)).........', 0.1176, -0.22692884214082137, -0.9141, 0.2019, 1.0, 0.2353]
	 ->['CCGAAAGGACCAACAGG', '((....)).........', 0.1176, -0.3080146601757609, -1.5258, 0.1526, 1.0, 0.2353]
	 >>> Resetting the solution to avoid local optima.
	 ->['CCAAAAGGACCAAAAGG', '((....)).........', 0.1176, -0.22692884214082137, -0.9141, 0.2019, 1.0, 0.2353]
	 ->['CCGUAGGGGCCAGCAGG', '((....)).........', 0.1176, -0.18693380507249882, -1.8336, 0.2229, 1.0, 0.2353]
	 >>> Resetting the solution to avoid local optima.
	 ->['GGAAAACCAGGAAAACC', '((....)).........', 0.1176, -0.10810565308153613, -0.8711, 0.2233, 1.0, 0.2353]
	 >>> Resetting the solution to avoid local optima.
	 ->['CCAAAAGGACCAAAAGG', '((....)).........', 0.1176, -0.22692884214082137, -0.9141, 0.2019, 1.0, 0.2353]
	 >>> Resetting the solution to avoid local optima.
	 ->['CCAAAAGGACCAAAAGG', '((....)).........', 0.1176, -0.22692884214082137, -0.9141, 0.2019, 1.0, 0.2353]
	 ->['CCACAAGGACCAAGGGG', '((....)).........', 0.1176, -0.12740230650085313, -1.1699, 0.2876, 1.0, 0.2353]
	 >>> Resetting the solution to avoid local optima.
	 ->['GGAAAACCAGGAAAACC', '((....)).........', 0.1176, -0.10810565308153613, -0.8711, 0.2233, 1.0, 0.2353]
	 >>> Resetting the solution to avoid local optima.
	 ->['CCAAAAGGACCAAAAGG', '((....)).........', 0.1176, -0.22692884214082137, -0.9141, 0.2019, 1.0, 0.2353]
	 ->['GCUUGUGCAGCAGUGGC', '((....)).........', 0.1176, -0.11404495433418023, -2.3381, 0.3865, 1.0, 0.2353]
	 >>> Resetting the solution to avoid local optima.
	 ->['CCAAAAGGACCAAAAGG', '((....)).........', 0.1176, -0.22692884214082137, -0.9141, 0.2019, 1.0, 0.2353]
	 >>> Resetting the solution to avoid local optima.
	 ->['CCAAAAGGACCAAAAGG', '((....)).........', 0.1176, -0.22692884214082137, -0.9141, 0.2019, 1.0, 0.2353]
	 ->['GCAGUUGCACCAAUGGG', '((....)).........', 0.1176, -0.201621180060647, -1.587, 0.2206, 1.0, 0.2353]




RNA sequences found with GC-content <= 0.48:

RNA sequences found with GC-content > 0.48:
@@ CCAAAAGGACCGAAAGG 1.0
@@ CCAAAAGGACCGACAGG 1.0
@@ CCAAAAGGACCGGCAGG 1.0
@@ CCAAUAGGACCGGCAGG 1.0
@@ CCAAUAGGACCGGAAGG 1.0
@@ CCAACAGGACCGGAAGG 1.0
@@ CCAACUGGACCGGAAGG 1.0
@@ CCUCAUGGGCCGAAGGG 1.0
@@ GCUCAUGCGCCGAAGGG 1.0
@@ GCUCAUGCGCCGACGGG 1.0
@@ GCUCAUGCGCCGAGGGG 1.0
@@ GCUCAUGCACCGAGGGG 1.0
@@ GCUCAUGCACCGCGGGG 1.0
@@ GCUCAUGCACCGCAGGG 1.0
@@ GGAAGACCAGGGGAGCC 1.0
@@ GGAGGACCAGGGGAGCC 1.0
@@ GGAGGACCAGGGGAACC 1.0
@@ GGAGGACCAGGGGCACC 1.0
@@ GGGGGACCAGGGGCACC 1.0
@@ GGGGGACCAGGGGUACC 1.0
@@ GCGAGAGCACCUAUUGG 1.0
@@ GGGAGACCACCUAUUGG 1.0
@@ GGGAUACCACCUAUUGG 1.0
@@ GGGAUACCACCUGUUGG 1.0
@@ GGGACACCACCUGUUGG 1.0
@@ GGGCCACCACCUGUUGG 1.0
@@ GGGCGACCACCUGUUGG 1.0
@@ GGGCAACCACCUGUUGG 1.0
@@ CCACGAGGGGCGCAGGC 1.0
@@ CCACGGGGGGCGCAGGC 1.0
@@ GGGAUGCCAGGGAGACC 1.0
@@ GGGAUGCCAGGGGGACC 1.0
@@ GGGAUACCAGGGGGACC 1.0
@@ GGGCUACCAGGGGGACC 1.0
@@ GGGCUACCAGGGCGACC 1.0
@@ GGGAGGCCAGGGGUACC 1.0
@@ GGGCGGCCAGGGGUACC 1.0
@@ GGGCGACCAGGGGUACC 1.0
@@ GGAAAACCAGGGAAACC 1.0
@@ GGAAAACCAGGGUAACC 1.0
@@ GGAACACCAGGGUAACC 1.0
@@ GGAUCACCAGGGUAACC 1.0
@@ GGAGCACCAGGGUAACC 1.0
@@ GGGGCACCAGGGUAACC 1.0
@@ GGGGCACCAGGGCAACC 1.0
@@ GGAUUCCCGGCGCAGGC 1.0
@@ GGAUUCCCGGCGAAGGC 1.0
@@ GGGUUCCCGGCGAAGGC 1.0
@@ GGGUCCCCGGCGAAGGC 1.0
@@ GGGUCUCCGGCGAAGGC 1.0
@@ GGGUCACCGGCGAAGGC 1.0
@@ GGGUCACCGCCGAAGGG 1.0
@@ GGGUCACCACCGAAGGG 1.0
@@ GGGUAACCACCGAAGGG 1.0
@@ GGGUAACCACCGCAGGG 1.0
@@ GGGUGACCACCGCAGGG 1.0
@@ GGGUGACCACCGCGGGG 1.0
@@ GGGUGACCACCGCUGGG 1.0
@@ CCAUUAGGACCUUAGGG 1.0
@@ CCAUUAGGACCGUAGGG 1.0
@@ CCAUUCGGACCGUAGGG 1.0
@@ GCAUUCGCACCGUAGGG 1.0
@@ GCAUACGCACCGUAGGG 1.0
@@ GCAUGCGCACCGUAGGG 1.0
@@ GCAUGCGCACCGUGGGG 1.0
@@ GGCGAACCAGGGAAACC 1.0
@@ GGGGAACCAGGGAAACC 1.0
@@ GGGGAACCAGGGAUACC 1.0
@@ GGGGAACCAGGGACACC 1.0
@@ GGGGAACCAGGGGCACC 1.0
@@ GGGUAACCAGGGGCACC 1.0
@@ GGGUAACCAGGGCCACC 1.0
@@ CCAUAAGGACCGAAAGG 1.0
@@ GCAUAAGCACCGAAAGG 1.0
@@ GCAUACGCACCGAAAGG 1.0
@@ GCGUACGCACCGAAAGG 1.0
@@ GCGUACGCACCGGAAGG 1.0
@@ GCGUAAGCACCGGAAGG 1.0
@@ GCGAAAGCACCGGAAGG 1.0
@@ GCGAAGGCACCGGAAGG 1.0
@@ GCGAUGGCACCGGAAGG 1.0
@@ GCGAUGGCACCGUAAGG 1.0
@@ GCGAUGGCACCGUGAGG 1.0
@@ GCGACGGCACCGUGAGG 1.0
@@ GCUACGGCACCGUGAGG 1.0
@@ GCUACGGCACCGUAAGG 1.0
@@ GCUGCGGCACCGUAAGG 1.0
@@ CCGUGCGGGCCGACAGG 1.0
@@ CCGUGGGGGCCGACAGG 1.0
@@ GGUAUACCAGGGAAGCC 1.0
@@ GGUAUACCAGCGAAGGC 1.0
@@ GGUUUACCAGCGAAGGC 1.0
@@ GGGUUACCAGCGAAGGC 1.0
@@ GGGAUACCAGCGAAGGC 1.0
@@ GGGAGACCAGCGAAGGC 1.0
@@ GGGAGACCAGCGCAGGC 1.0
@@ GGGAGACCAGCGCUGGC 1.0
@@ GGGUGACCAGCGCUGGC 1.0
@@ GCGUAGGCACCGGGGGG 1.0
@@ GCGUAGGCACCGAGGGG 1.0
@@ GCGUAGGCGCCGAGGGG 1.0
@@ GCGUGGGCGCCGAGGGG 1.0
@@ GCGUGGGCGCCGUGGGG 1.0
@@ GCGUGGGCGCCGUCGGG 1.0
@@ GCAAACGCACCGGCAGG 1.0
@@ GCACACGCACCGGCAGG 1.0
@@ GCACACGCAGCGGCAGC 1.0
@@ GCACUCGCAGCGGCAGC 1.0
@@ GCACUCGCACCGGCAGG 1.0
@@ CCACAAGGACCGAAAGG 1.0
@@ CCACGAGGACCGAAAGG 1.0
@@ CCAGGAGGACCGAAAGG 1.0
@@ CCAGGAGGACCGAGAGG 1.0
@@ CCAGGCGGACCGAGAGG 1.0
@@ CCAGGCGGGCCGAGAGG 1.0
@@ CCAGGAGGGCCGAGAGG 1.0
@@ GCAGGAGCGCCGAGAGG 1.0
@@ GCAGGAGCGCCGACAGG 1.0
@@ GCAGGAGCACCGACAGG 1.0
@@ GCAGGAGCACCGACGGG 1.0
@@ GCAGGUGCACCGACGGG 1.0
@@ GCAGGUGCACCUACGGG 1.0
@@ GCAGGUGCACCUCCGGG 1.0
@@ GGAGAUCCAGGGUAACC 1.0
@@ GGAGAUCCAGGGGAACC 1.0
@@ CCAAAAGGACCGGAAGG 1.0
@@ CCAAAAGGACCGGAGGG 1.0
@@ CCAAUAGGACCGGAGGG 1.0
@@ CCAAUAGGACCGGGGGG 1.0
@@ CCAAUAGGACCGGUGGG 1.0
@@ CCAAUAGGGCCGGUGGG 1.0
@@ GCAAUAGCGCCGGUGGG 1.0
@@ GCAGUAGCGCCGGUGGG 1.0
@@ GCAGCAGCGCCGGUGGG 1.0
@@ GCAGCAGCACCGGUGGG 1.0
@@ GCAGCAGCACCGGCGGG 1.0
@@ GCAGCCGCACCGAUGGG 1.0
@@ GCAGCCGCACCGAAGGG 1.0
@@ GCAGCCGCACCGCAGGG 1.0
@@ GCAGGCGCAGCGUAAGC 1.0
@@ GCAAGCGCAGCGUAAGC 1.0
@@ CCAACAGGACCGAAGGG 1.0
@@ CCGACAGGACCGAAGGG 1.0
@@ CCGACAGGGCCGAAGGG 1.0
@@ CCGACAGGGGCGAAGGC 1.0
@@ CCGACAGGGGCGUAGGC 1.0
@@ CCGGCAGGGGCGUAGGC 1.0
@@ GCAGAAGCACCGGAGGG 1.0
@@ GCAGAAGCACCGGUGGG 1.0
@@ GCAGACGCACCGGUGGG 1.0
@@ GCAAACGCACCGGUGGG 1.0
@@ GCUAACGCACCGGUGGG 1.0
@@ GCUAAGGCACCGGUGGG 1.0
@@ GCUAAGGCACCGCUGGG 1.0
@@ GCUAAGGCACCGUUGGG 1.0
@@ GCGAAGGCACCGUUGGG 1.0
@@ GCGAAGGCACCGUCGGG 1.0
@@ GCGAAGGCACCCUCGGG 1.0
@@ CCAUCAGGAGCCCAGGC 1.0
@@ CCAUCAGGAGCGCAGGC 1.0
@@ CCAUGAGGAGCGCAGGC 1.0
@@ CCAUGAGGAGCGCUGGC 1.0
@@ CCAUGAGGGGCGCUGGC 1.0
@@ CCAUGAGGGGCGUUGGC 1.0
@@ CCGUGAGGGGCGUUGGC 1.0
@@ CCGUGGGGGGCGUUGGC 1.0
@@ CCGUGGGGGGCGUAGGC 1.0
@@ GGACAACCAGGGCGACC 1.0
@@ GGACGACCAGGGCGACC 1.0
@@ GGGCGACCAGGGCGACC 1.0
@@ GGAAAACCAGGGAGACC 1.0
@@ GGAAACCCAGGGAGACC 1.0
@@ GGAUACCCAGGGAGACC 1.0
@@ GGAUGCCCAGGGAGACC 1.0
@@ GGAUGCCCAGGGACACC 1.0
@@ GCAUUCGCGCCGACAGG 1.0
@@ GCACUCGCGCCGACAGG 1.0
@@ GCACUCGCGCCGAAAGG 1.0
@@ GCACUCGCGGCGAAAGC 1.0
@@ GCACUCGCAGCGAAAGC 1.0
@@ GGAAAACCAGGGGAACC 1.0
@@ GGAAAACCAGGGGGACC 1.0
@@ GGGAAACCAGGGGGACC 1.0
@@ GGGAGACCAGGGGGACC 1.0
@@ GGGCGACCAGGGGGACC 1.0
@@ GGGUGACCAGGGGGACC 1.0
@@ GGGUGACCAGGGGGGCC 1.0
@@ GGGUUACCAGGGGGGCC 1.0
@@ GCAAAAGCAGGGAGACC 1.0
@@ GCAAAUGCAGGGAGACC 1.0
@@ GCGAAUGCAGGGAGACC 1.0
@@ GCGAAUGCAGGGCGACC 1.0
@@ GCGAAUGCAGGGCAACC 1.0
@@ GCGAAAGCAGGGCAACC 1.0
@@ GCGAUAGCAGGGCAACC 1.0
@@ GCGAUGGCAGGGCAACC 1.0
@@ GCGAUGGCAGGGCGACC 1.0
@@ GGGAUGCCAGGGCGACC 1.0
@@ CCAUAAGGACCGAUAGG 1.0
@@ GCAUAAGCACCGAUAGG 1.0
@@ GCAUGAGCACCGAUAGG 1.0
@@ GCGUGAGCACCGAUAGG 1.0
@@ GCGUGGGCACCGAUAGG 1.0
@@ GCGUGGGCACCGGUAGG 1.0
@@ GCGUGGGCACCGGUGGG 1.0
@@ GCGUGGGCACCGGGGGG 1.0
@@ GCGUGGGCGCCGGGGGG 1.0
@@ CCAAAAGGACCUAAGGG 1.0
@@ CCAAAAGGACCUACGGG 1.0
@@ CCAUAAGGACCUACGGG 1.0
@@ CCAUAAGGACCUCCGGG 1.0
@@ CCGUAAGGACCUCCGGG 1.0
@@ CCGUAAGGGCCUCCGGG 1.0
@@ GCGUAAGCGCCUCCGGG 1.0
@@ GCGUAAGCGCCUACGGG 1.0
@@ GCGUAAGCACCUACGGG 1.0
@@ GCGUAAGCACCUGCGGG 1.0
@@ GGGUAACCACCUGCGGG 1.0
@@ GGGGAACCACCUGCGGG 1.0
@@ GGGGCACCACCUGCGGG 1.0
@@ GGGGUACCACCUGCGGG 1.0
@@ GGGGUACCACCUACGGG 1.0
@@ GGGGGACCACCUACGGG 1.0
@@ GCACCAGCGCCGGGGGG 1.0
@@ CCGCUAGGACCGAGAGG 1.0
@@ CCGCUAGGACCGUGAGG 1.0
@@ GCGCUAGCACCGUGAGG 1.0
@@ GCGCUGGCACCGUGAGG 1.0
@@ GCGCUGGCACCGUUAGG 1.0
@@ GCGCUGGCACCGGUAGG 1.0
@@ GCAUUAGCAGCGCGAGC 1.0
@@ GCAUUGGCAGCGCGAGC 1.0
@@ GCUUUGGCAGCGCGAGC 1.0
@@ GCAAAAGCACCGAAAGG 1.0
@@ GCAAAAGCACCGCAAGG 1.0
@@ GCAGAAGCACCGCAAGG 1.0
@@ GCAGACGCACCGCAAGG 1.0
@@ GCAGAUGCACCGCAAGG 1.0
@@ GCAGCUGCACCGCAAGG 1.0
@@ GCUGCUGCACCGCAAGG 1.0
@@ GCUCCUGCACCGCAAGG 1.0
@@ GCUCCGGCACCGCAAGG 1.0
@@ GCUCCGGCACCGCUAGG 1.0
@@ GCUCCGGCAGCGCUAGC 1.0
@@ CCAACUGGGGCGAUAGC 1.0
@@ CCAACUGGGGCGAUGGC 1.0
@@ CCAAUUGGGGCGAUGGC 1.0
@@ CCAGUUGGGGCGAUGGC 1.0
@@ GCAGUUGCGGCGAUGGC 1.0
@@ GCAGUUGCAGCGAUGGC 1.0
@@ GCAUUUGCAGCGAUGGC 1.0
@@ GCAUUUGCACCGAUGGG 1.0
@@ GCUUUUGCACCGAUGGG 1.0
@@ GCUUUUGCACCGGUGGG 1.0
@@ GCUUUUGCACCGGGGGG 1.0
@@ GCUUGUGCACCGGGGGG 1.0
@@ GCUUGUGCACCGAGGGG 1.0
@@ GCUUUUGCACCGAGGGG 1.0
@@ CCGAGGGGGCCGAGAGG 1.0
@@ CCGUGGGGGCCGAGAGG 1.0
@@ CCGCGAGGACCUUUGGG 1.0
@@ GCGCGAGCACCUUUGGG 1.0
@@ GCGGGAGCACCUUUGGG 1.0
@@ GCGGGAGCACCUUUUGG 1.0
@@ CCUGGUGGGCCGUGAGG 1.0
@@ CCUGGUGGGCCGAGAGG 1.0
@@ CCUGGUGGGCCGAUAGG 1.0
@@ GCUGGUGCGCCGAUAGG 1.0
@@ GCUGGUGCGCCGAUGGG 1.0
@@ GCUGGUGCGCCGAGGGG 1.0
@@ GCUUGUGCGCCGAGGGG 1.0
@@ GCAUAAGCAGCGCAAGC 1.0
@@ GCAUGAGCAGCGCAAGC 1.0
@@ GCAUGGGCAGCGCAAGC 1.0
@@ GCAUGGGCAGCGCAGGC 1.0
@@ GCAUGGGCAGCGCUGGC 1.0
@@ GCAAGGGCAGCGCUGGC 1.0
@@ GGAAGUCCAGGGAAACC 1.0
@@ GGAGGUCCAGGGAAACC 1.0
@@ GGAGGUCCAGGGAUACC 1.0
@@ GCAGGUGCAGGGAUACC 1.0
@@ GCUGGUGCAGGGAUACC 1.0
@@ GCUGGUGCAGGGAGACC 1.0
@@ GCUGGUGCAGGGUGACC 1.0
@@ GCAGGAGCGCCGGGGGG 1.0
@@ GCAGGAGCGCCGGUGGG 1.0
@@ GCAGGAGCACCGGUGGG 1.0
@@ GCAGGUGCACCGGUGGG 1.0
@@ GCAGGCGCACCGGUGGG 1.0
@@ GCAUGCGCACCGGUGGG 1.0
@@ GCGUGCGCACCGGUGGG 1.0
@@ CCAGUAGGGGCGAAGGC 1.0
@@ CCAGUAGGGGCGUAGGC 1.0
@@ CCGGUAGGGGCGUAGGC 1.0
@@ CCGGUGGGGGCGUAGGC 1.0
@@ CCGUUGGGGGCGUAGGC 1.0
@@ GGAAAACCAGGGAUACC 1.0
@@ GGAAAACCAGGGCUACC 1.0
@@ GGGAAACCAGGGCUACC 1.0
@@ GGGAAACCAGGGGUACC 1.0
@@ GGGCAACCAGGGGUACC 1.0
@@ CCAAUAGGACCGAAAGG 1.0
@@ CCAAUAGGACCGCAAGG 1.0
@@ GCAAUAGCACCGCAAGG 1.0
@@ GCAAUAGCACCGCAGGG 1.0
@@ GCACUAGCACCGCAGGG 1.0
@@ GCACUAGCACCGCGGGG 1.0
@@ GCACUAGCACCGUGGGG 1.0
@@ GCGCUAGCACCGUGGGG 1.0
@@ GCGCUAGCACCGUUGGG 1.0
@@ GCGCUAGCACCGGUGGG 1.0
@@ GGCAAACCAGGGUGACC 1.0
@@ GGCAGACCAGGGUGACC 1.0
@@ GGCUGACCAGGGUGACC 1.0
@@ GGCUGACCAGGGGGACC 1.0
@@ GGCUGACCAGGGGUACC 1.0
@@ GGGACACCAGGGGGGCC 1.0
@@ GGGACACCAGGGGGACC 1.0
@@ GGGACACCAGGGUGACC 1.0
@@ CCACAUGGACCGGGGGG 1.0
@@ CCACAGGGACCGGGGGG 1.0
@@ CCACACGGACCGGGGGG 1.0
@@ CCACACGGGCCGGGGGG 1.0
@@ GGGACACCAGGGAAGCC 1.0
@@ GGGUCACCAGGGAAGCC 1.0
@@ GGGUGACCAGGGAAGCC 1.0
@@ GGGUUACCAGGGAAGCC 1.0
@@ GGGUUACCAGGGACGCC 1.0
@@ GGGUUACCAGGGACACC 1.0
@@ GGGUUACCAGGGAGACC 1.0
@@ CCACAAGGACCGGGGGG 1.0
@@ GGAAACCCAGGGAAACC 1.0
@@ GCAAACGCAGGGAAACC 1.0
@@ GCAAUCGCAGGGAAACC 1.0
@@ GCAAUCGCAGGGUAACC 1.0
@@ GCAAUCGCAGGGCAACC 1.0
@@ GCGAUCGCAGGGCAACC 1.0
@@ GCGAGGGCAGGGCAACC 1.0
@@ GCGAGGGCAGGGCGACC 1.0
@@ GCGUGGGCAGGGCGACC 1.0
@@ GGCAAACCAGGGUAACC 1.0
@@ GGCAAACCAGGGGGACC 1.0
@@ GGCAAACCAGGGGUACC 1.0
@@ GGCUAACCAGGGGUACC 1.0
@@ CCGAAAGGACCGACAGG 1.0
@@ CCGAAAGGACCGUCAGG 1.0
@@ CCGAAAGGGCCGUCAGG 1.0
@@ CCGAAGGGGCCGUCAGG 1.0
@@ CCGAGGGGGCCGUCAGG 1.0
@@ CCGUAGGGGCCGGCAGG 1.0
@@ CCGUAGGGGCCGCCAGG 1.0
@@ CCGUAGGGGGCGCCAGC 1.0
@@ GGAUAACCAGGGAAACC 1.0
@@ GGAUUACCAGGGAAACC 1.0
@@ GGAUUUCCAGGGAAACC 1.0
@@ CCACAAGGACCGAGGGG 1.0
@@ CCACAAGGACCGCGGGG 1.0
@@ CCACAAGGACCGCCGGG 1.0
@@ CCACAAGGACCGCUGGG 1.0
@@ CCACACGGACCGCUGGG 1.0
@@ GCUUGUGCAGCGGUGGC 1.0
@@ GCUUUUGCAGCGGUGGC 1.0
@@ GCUUUUGCAGCGAUGGC 1.0
@@ GCUUUGGCAGCGAUGGC 1.0
@@ GCUUUGGCAGCGCUGGC 1.0
@@ GCUUAGGCAGCGCUGGC 1.0
@@ GCUUAGGCAGCGCUAGC 1.0
@@ GCAGUUGCACCGAUGGG 1.0
@@ GCUGUUGCACCGAUGGG 1.0


Elapsed time:                   86400.01433682442 secs.
Number of function evaluations: 107043913
----------------------------------------------------------------------


---------------------------------------
 FINISHED SUCCESSFULLY 
---------------------------------------
