
-----------------------------------------------------------------------
   _____ _____  ______ ______ _____             _____  _   _           
  / ____|  __ \|  ____|  ____|  __ \           |  __ \| \ | |   /\     
 | |  __| |__) | |__  | |__  | |  | |  ______  | |__) |  \| |  /  \    
 | | |_ |  _  /|  __| |  __| | |  | | |______| |  _  /| . ` | / /\ \   
 | |__| | | \ \| |____| |____| |__| |          | | \ \| |\  |/ ____ \  
  \_____|_|  \_\______|______|_____/           |_|  \_\_| \_/_/    \_\ 
       
                                       -- A. Rubio-Largo et al. 2023
-----------------------------------------------------------------------

------------------------------------------------------------------------------------------------------------------
CONFIGURATION: 

 * TARGET:           ((....)).((....))
 * STOPPING:         86400 secs.
 * SEED:             1
 * NO. OF SOLUTIONS: 1
 * max. GC-cont.:    0.48
 * MODEL:            TURNER2004
 * MUTATION PROB:    0.01
 * STAGNATION LIMIT: 50
------------------------------------------------------------------------------------------------------------------


 (1) Let's minimize the base-pair distance between predicted and target structures
    -> Min(Base-pair distance), min(Hamming distance), max(probability over ensemble), min(partition function), min(ensemble defect), min(%GC-content)


	 ->['CCAAAAGGACCAAAAGG', '((....)).........', 0.1176, -0.22692884214082137, -0.9141, 0.2019, 1.0, 0.2353]
	 >>> Resetting the solution to avoid local optima.
	 ->['CCAAAAGGACCAAAAGG', '((....)).........', 0.1176, -0.22692884214082137, -0.9141, 0.2019, 1.0, 0.2353]
	 ->['GCGCAGGCACCAAAAGG', '((....)).........', 0.1176, -0.3570117555419834, -2.2348, 0.1204, 1.0, 0.2353]


    -> Found sequence! Elapsed time:                   0.10765838623046875 secs.


 (2) We found a sequence that folds exactly like the target structure. Let's minimize the GC-content
    -> ORDER: Min(Base-pair distance), min(Hamming distance), min(GC-content), min(partition function), min(ensemble defect), max(probability over ensemble))


	 >>> Resetting the solution to avoid local optima.
	 ->['GGAAAACCAGGAAAACC', '((....)).........', 0.1176, -0.10810565308153613, -0.8711, 0.2233, 1.0, 0.2353]
	 ->['GGAGAUCCAGGGAAUCC', '((....)).........', 0.1176, -0.1061938041095205, -1.6821, 0.4141, 1.0, 0.2353]
	 >>> Resetting the solution to avoid local optima.
	 ->['CCAAAAGGACCAAAAGG', '((....)).........', 0.1176, -0.22692884214082137, -0.9141, 0.2019, 1.0, 0.2353]
	 >>> Resetting the solution to avoid local optima.
	 ->['GGAAAACCAGGAAAACC', '((....)).........', 0.1176, -0.10810565308153613, -0.8711, 0.2233, 1.0, 0.2353]
	 ->['GCAUUGGCAGCAGCGGC', '((....)).........', 0.1176, -0.054356077456425934, -2.0948, 0.4915, 1.0, 0.2353]
	 >>> Resetting the solution to avoid local optima.
	 ->['GGAAAACCAGGAAAACC', '((....)).........', 0.1176, -0.10810565308153613, -0.8711, 0.2233, 1.0, 0.2353]
	 ->['GGGUGACCAGGUUAACC', '((....)).........', 0.1176, -0.07596970476436021, -2.4885, 0.4402, 1.0, 0.2353]
	 >>> Resetting the solution to avoid local optima.
	 ->['CCAAAAGGACCAAAAGG', '((....)).........', 0.1176, -0.22692884214082137, -0.9141, 0.2019, 1.0, 0.2353]
	 >>> Resetting the solution to avoid local optima.
	 ->['CCAAAAGGACCAAAAGG', '((....)).........', 0.1176, -0.22692884214082137, -0.9141, 0.2019, 1.0, 0.2353]
	 ->['CCACGAGGACCGCAUGG', '((....)).........', 0.1176, -0.12129319830682923, -1.3002, 0.4086, 1.0, 0.2353]
	 >>> Resetting the solution to avoid local optima.
	 ->['GGAAAACCAGGAAAACC', '((....)).........', 0.1176, -0.10810565308153613, -0.8711, 0.2233, 1.0, 0.2353]
	 ->['GCGACAGCAAGGUAGCU', '((....)).........', 0.1176, -0.03085238826149823, -2.4439, 0.426, 1.0, 0.2353]
	 >>> Resetting the solution to avoid local optima.
	 ->['GGAAAACCAGGAAAACC', '((....)).........', 0.1176, -0.10810565308153613, -0.8711, 0.2233, 1.0, 0.2353]
	 ->['GCAUAAGCAGGUUUACC', '((....)).........', 0.1176, -0.13128086480311332, -1.2514, 0.1927, 1.0, 0.2353]
	 >>> Resetting the solution to avoid local optima.
	 ->['GGAAAACCAGGAAAACC', '((....)).........', 0.1176, -0.10810565308153613, -0.8711, 0.2233, 1.0, 0.2353]
	 >>> Resetting the solution to avoid local optima.
	 ->['CCAAAAGGACCAAAAGG', '((....)).........', 0.1176, -0.22692884214082137, -0.9141, 0.2019, 1.0, 0.2353]
	 ->['CCAGACGGACCAAAGGG', '((....)).........', 0.1176, -0.1428158455232743, -1.0995, 0.2599, 1.0, 0.2353]
	 >>> Resetting the solution to avoid local optima.
	 ->['CCAAAAGGACCAAAAGG', '((....)).........', 0.1176, -0.22692884214082137, -0.9141, 0.2019, 1.0, 0.2353]
	 ->['CCGAAGGGACCAACAGG', '((....)).........', 0.1176, -0.30371337024362877, -1.6345, 0.1579, 1.0, 0.2353]
	 >>> Resetting the solution to avoid local optima.
	 ->['CCAAAAGGACCAAAAGG', '((....)).........', 0.1176, -0.22692884214082137, -0.9141, 0.2019, 1.0, 0.2353]
	 ->['GCAAACGCGCCAAAGGG', '((....)).........', 0.1176, -0.1281407999712204, -1.5663, 0.2503, 1.0, 0.2353]
	 >>> Resetting the solution to avoid local optima.
	 ->['CCAAAAGGACCAAAAGG', '((....)).........', 0.1176, -0.22692884214082137, -0.9141, 0.2019, 1.0, 0.2353]
	 ->['CCAAAAGGACCAGAUGG', '((....)).........', 0.1176, -0.21416513687813946, -0.9498, 0.2205, 1.0, 0.2353]
	 >>> Resetting the solution to avoid local optima.
	 ->['CCAAAAGGACCAAAAGG', '((....)).........', 0.1176, -0.22692884214082137, -0.9141, 0.2019, 1.0, 0.2353]
	 ->['CCAGUAGGACCGAGCGG', '((....)).........', 0.1176, -0.19438334550294148, -1.0095, 0.2612, 1.0, 0.2353]
	 >>> Resetting the solution to avoid local optima.
	 ->['CCAAAAGGACCAAAAGG', '((....)).........', 0.1176, -0.22692884214082137, -0.9141, 0.2019, 1.0, 0.2353]
	 ->['CCAGUAGGACCGACCGG', '((....)).........', 0.1176, -0.15476059699452827, -1.15, 0.3154, 1.0, 0.2353]
	 >>> Resetting the solution to avoid local optima.
	 ->['CCAAAAGGACCAAAAGG', '((....)).........', 0.1176, -0.22692884214082137, -0.9141, 0.2019, 1.0, 0.2353]
	 ->['GCAGGCGCGCCACCGGG', '((....)).........', 0.1176, -0.0909801877669987, -1.7774, 0.3543, 1.0, 0.2353]
	 >>> Resetting the solution to avoid local optima.
	 ->['GGAAAACCAGGAAAACC', '((....)).........', 0.1176, -0.10810565308153613, -0.8711, 0.2233, 1.0, 0.2353]
	 ->['GGGAAACCAGGAAGACC', '((....)).........', 0.1176, -0.1489628216276357, -2.0735, 0.1651, 1.0, 0.2353]
	 >>> Resetting the solution to avoid local optima.
	 ->['GGAAAACCAGGAAAACC', '((....)).........', 0.1176, -0.10810565308153613, -0.8711, 0.2233, 1.0, 0.2353]
	 >>> Resetting the solution to avoid local optima.
	 ->['CCAAAAGGACCAAAAGG', '((....)).........', 0.1176, -0.22692884214082137, -0.9141, 0.2019, 1.0, 0.2353]
	 ->['CCAUAGGGACCUAAAGG', '((....)).........', 0.1176, -0.07667782863181564, -0.9828, 0.3823, 1.0, 0.2353]
	 >>> Resetting the solution to avoid local optima.
	 ->['CCAAAAGGACCAAAAGG', '((....)).........', 0.1176, -0.22692884214082137, -0.9141, 0.2019, 1.0, 0.2353]
	 ->['CCGAAAGGACCAAAAGG', '((....)).........', 0.1176, -0.31115391748161486, -1.5195, 0.1493, 1.0, 0.2353]
	 >>> Resetting the solution to avoid local optima.
	 ->['GGAAAACCAGGAAAACC', '((....)).........', 0.1176, -0.10810565308153613, -0.8711, 0.2233, 1.0, 0.2353]
	 >>> Resetting the solution to avoid local optima.
	 ->['GGAAAACCAGGAAAACC', '((....)).........', 0.1176, -0.10810565308153613, -0.8711, 0.2233, 1.0, 0.2353]
	 ->['GGAAACCCAGGAAAGCC', '((....)).........', 0.1176, -0.16185859954837858, -1.2223, 0.1951, 1.0, 0.2353]
	 >>> Resetting the solution to avoid local optima.
	 ->['GGAAAACCAGGAAAACC', '((....)).........', 0.1176, -0.10810565308153613, -0.8711, 0.2233, 1.0, 0.2353]
	 ->['GCGCAGGCGGCACCGGC', '((....)).........', 0.1176, -0.07112659094091293, -2.7291, 0.4357, 1.0, 0.2353]
	 >>> Resetting the solution to avoid local optima.
	 ->['CCAAAAGGACCAAAAGG', '((....)).........', 0.1176, -0.22692884214082137, -0.9141, 0.2019, 1.0, 0.2353]
	 ->['CCUUUUGGGCCACAAGG', '((....)).........', 0.1176, -0.06356671902191044, -2.1984, 0.562, 1.0, 0.2353]
	 >>> Resetting the solution to avoid local optima.
	 ->['GGAAAACCAGGAAAACC', '((....)).........', 0.1176, -0.10810565308153613, -0.8711, 0.2233, 1.0, 0.2353]
	 ->['GGAACUCCAGGAGAACC', '((....)).........', 0.1176, -0.06628101360167465, -1.5726, 0.4113, 1.0, 0.2353]
	 >>> Resetting the solution to avoid local optima.
	 ->['CCAAAAGGACCAAAAGG', '((....)).........', 0.1176, -0.22692884214082137, -0.9141, 0.2019, 1.0, 0.2353]
	 ->['GGAGGUCCACCACAGGG', '((....)).........', 0.1176, -0.1003332341118267, -1.9171, 0.3496, 1.0, 0.2353]
	 >>> Resetting the solution to avoid local optima.
	 ->['CCAAAAGGACCAAAAGG', '((....)).........', 0.1176, -0.22692884214082137, -0.9141, 0.2019, 1.0, 0.2353]
	 >>> Resetting the solution to avoid local optima.
	 ->['GGAAAACCAGGAAAACC', '((....)).........', 0.1176, -0.10810565308153613, -0.8711, 0.2233, 1.0, 0.2353]
	 >>> Resetting the solution to avoid local optima.
	 ->['CCAAAAGGACCAAAAGG', '((....)).........', 0.1176, -0.22692884214082137, -0.9141, 0.2019, 1.0, 0.2353]
	 ->['GCAGGAGCGCCAUUGGG', '((....)).........', 0.1176, -0.1062727048357132, -1.6816, 0.3093, 1.0, 0.2353]
	 >>> Resetting the solution to avoid local optima.
	 ->['GGAAAACCAGGAAAACC', '((....)).........', 0.1176, -0.10810565308153613, -0.8711, 0.2233, 1.0, 0.2353]
	 ->['GGAAAACCAGGAAGACC', '((....)).........', 0.1176, -0.10763159578444695, -0.8738, 0.2244, 1.0, 0.2353]
	 >>> Resetting the solution to avoid local optima.
	 ->['CCAAAAGGACCAAAAGG', '((....)).........', 0.1176, -0.22692884214082137, -0.9141, 0.2019, 1.0, 0.2353]
	 ->['CCAGGUGGACCAUAAGG', '((....)).........', 0.1176, -0.15107235891945744, -1.1648, 0.3182, 1.0, 0.2353]
	 >>> Resetting the solution to avoid local optima.
	 ->['GGAAAACCAGGAAAACC', '((....)).........', 0.1176, -0.10810565308153613, -0.8711, 0.2233, 1.0, 0.2353]
	 >>> Resetting the solution to avoid local optima.
	 ->['CCAAAAGGACCAAAAGG', '((....)).........', 0.1176, -0.22692884214082137, -0.9141, 0.2019, 1.0, 0.2353]
	 >>> Resetting the solution to avoid local optima.
	 ->['CCAAAAGGACCAAAAGG', '((....)).........', 0.1176, -0.22692884214082137, -0.9141, 0.2019, 1.0, 0.2353]
	 >>> Resetting the solution to avoid local optima.
	 ->['GGAAAACCAGGAAAACC', '((....)).........', 0.1176, -0.10810565308153613, -0.8711, 0.2233, 1.0, 0.2353]
	 ->['GGGACACCAGGACAACC', '((....)).........', 0.1176, -0.14427932810395838, -2.0932, 0.1764, 1.0, 0.2353]
	 >>> Resetting the solution to avoid local optima.
	 ->['GGAAAACCAGGAAAACC', '((....)).........', 0.1176, -0.10810565308153613, -0.8711, 0.2233, 1.0, 0.2353]
	 ->['GGAUCACCACCAGGAGG', '((....)).........', 0.1176, -0.13531789010521833, -1.4327, 0.3393, 1.0, 0.2353]
	 >>> Resetting the solution to avoid local optima.
	 ->['CCAAAAGGACCAAAAGG', '((....)).........', 0.1176, -0.22692884214082137, -0.9141, 0.2019, 1.0, 0.2353]
	 ->['CCGCCAGGACCAAAGGG', '((....)).........', 0.1176, -0.1870065642596332, -1.7333, 0.2283, 1.0, 0.2353]
	 >>> Resetting the solution to avoid local optima.
	 ->['GGAAAACCAGGAAAACC', '((....)).........', 0.1176, -0.10810565308153613, -0.8711, 0.2233, 1.0, 0.2353]
	 >>> Resetting the solution to avoid local optima.
	 ->['CCAAAAGGACCAAAAGG', '((....)).........', 0.1176, -0.22692884214082137, -0.9141, 0.2019, 1.0, 0.2353]
	 ->['CCGCCGGGACCGAUUGG', '((....)).........', 0.1176, -0.19067687280954843, -1.9214, 0.3533, 1.0, 0.2353]
	 >>> Resetting the solution to avoid local optima.
	 ->['CCAAAAGGACCAAAAGG', '((....)).........', 0.1176, -0.22692884214082137, -0.9141, 0.2019, 1.0, 0.2353]
	 >>> Resetting the solution to avoid local optima.
	 ->['GGAAAACCAGGAAAACC', '((....)).........', 0.1176, -0.10810565308153613, -0.8711, 0.2233, 1.0, 0.2353]
	 >>> Resetting the solution to avoid local optima.
	 ->['CCAAAAGGACCAAAAGG', '((....)).........', 0.1176, -0.22692884214082137, -0.9141, 0.2019, 1.0, 0.2353]
	 ->['CCGUGAGGGCCGGCCGG', '((....)).........', 0.1176, -0.05604596475447021, -2.476, 0.4923, 1.0, 0.2353]
	 >>> Resetting the solution to avoid local optima.
	 ->['GGAAAACCAGGAAAACC', '((....)).........', 0.1176, -0.10810565308153613, -0.8711, 0.2233, 1.0, 0.2353]
	 >>> Resetting the solution to avoid local optima.
	 ->['GGAAAACCAGGAAAACC', '((....)).........', 0.1176, -0.10810565308153613, -0.8711, 0.2233, 1.0, 0.2353]
	 ->['GGACACCCAGGAAAACC', '((....)).........', 0.1176, -0.1236600552450154, -1.1882, 0.2031, 1.0, 0.2353]
	 >>> Resetting the solution to avoid local optima.
	 ->['CCAAAAGGACCAAAAGG', '((....)).........', 0.1176, -0.22692884214082137, -0.9141, 0.2019, 1.0, 0.2353]
	 ->['CCAUACGGGCCAAUAGG', '((....)).........', 0.1176, -0.16149019077895152, -1.0237, 0.2312, 1.0, 0.2353]
	 >>> Resetting the solution to avoid local optima.
	 ->['GGAAAACCAGGAAAACC', '((....)).........', 0.1176, -0.10810565308153613, -0.8711, 0.2233, 1.0, 0.2353]
	 ->['GGAAAACCAGGGAUCCC', '((....)).........', 0.1176, -0.11197983570299899, -1.2494, 0.325, 1.0, 0.2353]
	 >>> Resetting the solution to avoid local optima.
	 ->['CCAAAAGGACCAAAAGG', '((....)).........', 0.1176, -0.22692884214082137, -0.9141, 0.2019, 1.0, 0.2353]
	 >>> Resetting the solution to avoid local optima.
	 ->['GGAAAACCAGGAAAACC', '((....)).........', 0.1176, -0.10810565308153613, -0.8711, 0.2233, 1.0, 0.2353]
	 ->['GCGCUGGCACCUGUGGG', '((....)).........', 0.1176, -0.07660851303609105, -2.6834, 0.4269, 1.0, 0.2353]
	 >>> Resetting the solution to avoid local optima.
	 ->['CCAAAAGGACCAAAAGG', '((....)).........', 0.1176, -0.22692884214082137, -0.9141, 0.2019, 1.0, 0.2353]
	 ->['GCAUGUGCACCAACAGG', '((....)).........', 0.1176, -0.19777097157974496, -1.6988, 0.3652, 1.0, 0.2353]
	 >>> Resetting the solution to avoid local optima.
	 ->['CCAAAAGGACCAAAAGG', '((....)).........', 0.1176, -0.22692884214082137, -0.9141, 0.2019, 1.0, 0.2353]
	 ->['CCGGAAGGACCAAAGGG', '((....)).........', 0.1176, -0.16714362687416065, -1.8025, 0.2614, 1.0, 0.2353]
	 >>> Resetting the solution to avoid local optima.
	 ->['CCAAAAGGACCAAAAGG', '((....)).........', 0.1176, -0.22692884214082137, -0.9141, 0.2019, 1.0, 0.2353]
	 ->['CCUUUUGGGCCAACAGG', '((....)).........', 0.1176, -0.09790668015672802, -1.9322, 0.4585, 1.0, 0.2353]
	 >>> Resetting the solution to avoid local optima.
	 ->['GGAAAACCAGGAAAACC', '((....)).........', 0.1176, -0.10810565308153613, -0.8711, 0.2233, 1.0, 0.2353]
	 ->['GGGUUACCAGGAACACC', '((....)).........', 0.1176, -0.12032803865376875, -2.2051, 0.2788, 1.0, 0.2353]
	 >>> Resetting the solution to avoid local optima.
	 ->['CCAAAAGGACCAAAAGG', '((....)).........', 0.1176, -0.22692884214082137, -0.9141, 0.2019, 1.0, 0.2353]
	 ->['GCGCCGGCACCACAGGG', '((....)).........', 0.1176, -0.21840625821416196, -2.4377, 0.2121, 1.0, 0.2353]
	 >>> Resetting the solution to avoid local optima.
	 ->['CCAAAAGGACCAAAAGG', '((....)).........', 0.1176, -0.22692884214082137, -0.9141, 0.2019, 1.0, 0.2353]
	 ->['CCACACGGACCAGAGGG', '((....)).........', 0.1176, -0.11840591426873223, -1.215, 0.3167, 1.0, 0.2353]
	 >>> Resetting the solution to avoid local optima.
	 ->['CCAAAAGGACCAAAAGG', '((....)).........', 0.1176, -0.22692884214082137, -0.9141, 0.2019, 1.0, 0.2353]
	 >>> Resetting the solution to avoid local optima.
	 ->['GGAAAACCAGGAAAACC', '((....)).........', 0.1176, -0.10810565308153613, -0.8711, 0.2233, 1.0, 0.2353]
	 ->['GGGAUACCAGGGAAUCC', '((....)).........', 0.1176, -0.13769524736905397, -2.522, 0.3973, 1.0, 0.2353]
	 >>> Resetting the solution to avoid local optima.
	 ->['CCAAAAGGACCAAAAGG', '((....)).........', 0.1176, -0.22692884214082137, -0.9141, 0.2019, 1.0, 0.2353]
	 >>> Resetting the solution to avoid local optima.
	 ->['CCAAAAGGACCAAAAGG', '((....)).........', 0.1176, -0.22692884214082137, -0.9141, 0.2019, 1.0, 0.2353]
	 >>> Resetting the solution to avoid local optima.
	 ->['GGAAAACCAGGAAAACC', '((....)).........', 0.1176, -0.10810565308153613, -0.8711, 0.2233, 1.0, 0.2353]
	 >>> Resetting the solution to avoid local optima.
	 ->['GGAAAACCAGGAAAACC', '((....)).........', 0.1176, -0.10810565308153613, -0.8711, 0.2233, 1.0, 0.2353]
	 ->['GGAAAUCCAGGUUCUCC', '((....)).........', 0.1176, -0.1844498167897201, -1.4418, 0.2928, 1.0, 0.2353]
	 >>> Resetting the solution to avoid local optima.
	 ->['GGAAAACCAGGAAAACC', '((....)).........', 0.1176, -0.10810565308153613, -0.8711, 0.2233, 1.0, 0.2353]
	 ->['GGUAAACCAGGUAGACC', '((....)).........', 0.1176, -0.06339574693936376, -1.2, 0.3903, 1.0, 0.2353]
	 >>> Resetting the solution to avoid local optima.
	 ->['CCAAAAGGACCAAAAGG', '((....)).........', 0.1176, -0.22692884214082137, -0.9141, 0.2019, 1.0, 0.2353]
	 ->['CCAGAAGGACCAAGAGG', '((....)).........', 0.1176, -0.225192804808054, -0.9188, 0.2039, 1.0, 0.2353]
	 >>> Resetting the solution to avoid local optima.
	 ->['GGAAAACCAGGAAAACC', '((....)).........', 0.1176, -0.10810565308153613, -0.8711, 0.2233, 1.0, 0.2353]
	 >>> Resetting the solution to avoid local optima.
	 ->['CCAAAAGGACCAAAAGG', '((....)).........', 0.1176, -0.22692884214082137, -0.9141, 0.2019, 1.0, 0.2353]
	 ->['CCGGUGGGGCCUCAGGG', '((....)).........', 0.1176, -0.12178938795389992, -2.4976, 0.4297, 1.0, 0.2353]
	 >>> Resetting the solution to avoid local optima.
	 ->['GGAAAACCAGGAAAACC', '((....)).........', 0.1176, -0.10810565308153613, -0.8711, 0.2233, 1.0, 0.2353]
	 >>> Resetting the solution to avoid local optima.
	 ->['GGAAAACCAGGAAAACC', '((....)).........', 0.1176, -0.10810565308153613, -0.8711, 0.2233, 1.0, 0.2353]
	 >>> Resetting the solution to avoid local optima.
	 ->['GGAAAACCAGGAAAACC', '((....)).........', 0.1176, -0.10810565308153613, -0.8711, 0.2233, 1.0, 0.2353]
	 ->['GGAGGUCCACCGCACGG', '((....)).........', 0.1176, -0.15533249749850342, -1.7477, 0.3465, 1.0, 0.2353]
	 >>> Resetting the solution to avoid local optima.
	 ->['GGAAAACCAGGAAAACC', '((....)).........', 0.1176, -0.10810565308153613, -0.8711, 0.2233, 1.0, 0.2353]
	 >>> Resetting the solution to avoid local optima.
	 ->['GGAAAACCAGGAAAACC', '((....)).........', 0.1176, -0.10810565308153613, -0.8711, 0.2233, 1.0, 0.2353]
	 ->['GGAUCCCCAGGACAACC', '((....)).........', 0.1176, -0.0625975755906025, -1.6078, 0.4236, 1.0, 0.2353]
	 >>> Resetting the solution to avoid local optima.
	 ->['CCAAAAGGACCAAAAGG', '((....)).........', 0.1176, -0.22692884214082137, -0.9141, 0.2019, 1.0, 0.2353]
	 >>> Resetting the solution to avoid local optima.
	 ->['CCAAAAGGACCAAAAGG', '((....)).........', 0.1176, -0.22692884214082137, -0.9141, 0.2019, 1.0, 0.2353]




RNA sequences found with GC-content <= 0.48:

RNA sequences found with GC-content > 0.48:
@@ GCGCAGGCACCGAAAGG 1.0
@@ GCGAAGGCACCGAAAGG 1.0
@@ GCGAAGGCACCGAUAGG 1.0
@@ GCGAAGGCACCGUUAGG 1.0
@@ GCGAAGGCACCGUAAGG 1.0
@@ GCGACGGCACCGUAAGG 1.0
@@ GCGACGGCACCGUAGGG 1.0
@@ GCGAGGGCACCGUAGGG 1.0
@@ GCGAGGGCACCCUAGGG 1.0
@@ GGAGAUCCAGGGAAGCC 1.0
@@ GGAGCUCCAGGGAAGCC 1.0
@@ GGAGCUCCAGGGUAGCC 1.0
@@ GGAGCUCCAGGGUGGCC 1.0
@@ GGAGCUCCAGGGUGACC 1.0
@@ GCAUUGGCAGCGGCGGC 1.0
@@ GCAUUUGCAGCGGCGGC 1.0
@@ GCUUUUGCAGCGGCGGC 1.0
@@ GCUCUUGCAGCGGCGGC 1.0
@@ GGGUGACCAGGGUAACC 1.0
@@ GGGGGACCAGGGUAACC 1.0
@@ GGGGGACCAGGGGAACC 1.0
@@ GGGGGACCAGGGGCACC 1.0
@@ GGGGGACCAGGGGUACC 1.0
@@ CCACGAGGACCGCAAGG 1.0
@@ CCACGAGGGCCGCAAGG 1.0
@@ CCACGAGGGCCGGAAGG 1.0
@@ CCACGAGGGCCGGUAGG 1.0
@@ GCACGAGCGCCGGUAGG 1.0
@@ GCACGAGCACCGGUAGG 1.0
@@ GCACGUGCACCGGUAGG 1.0
@@ GCUCGUGCACCGGUAGG 1.0
@@ GCUCGUGCACCGCUAGG 1.0
@@ GCUCGUGCACCGCUGGG 1.0
@@ GCUCAUGCACCGCUGGG 1.0
@@ GCUCAUGCACCGCAGGG 1.0
@@ GCGACAGCAGGGUAGCC 1.0
@@ GCGACAGCAGGGCAGCC 1.0
@@ GCGACAGCAGGGCGGCC 1.0
@@ GCGACAGCAGGGCGACC 1.0
@@ GGGACACCAGGGCGACC 1.0
@@ GGGACACCAGGGCUACC 1.0
@@ GGGACACCAGGGCCACC 1.0
@@ GCAUAAGCAGGGUUACC 1.0
@@ GCAUACGCAGGGUUACC 1.0
@@ GCAUACGCAGCGUUAGC 1.0
@@ GCAUGCGCAGCGUUAGC 1.0
@@ GCAUGCGCAGCGUCAGC 1.0
@@ GCAUGCGCAGCGUCGGC 1.0
@@ CCAGACGGACCUAAGGG 1.0
@@ CCAGAAGGACCUAAGGG 1.0
@@ GCAGAAGCACCUAAGGG 1.0
@@ GCAGAUGCACCUAAGGG 1.0
@@ GCUGAUGCACCUAAGGG 1.0
@@ GCUGAUGCACCUUAGGG 1.0
@@ GCUGAUGCACCGUAGGG 1.0
@@ GCUGAUGCACCGCAGGG 1.0
@@ CCGAAGGGACCGACAGG 1.0
@@ CCGAAGGGACCGUCAGG 1.0
@@ CCGAAGGGACCGGCAGG 1.0
@@ CCGAAGGGACCGCCAGG 1.0
@@ CCGUAGGGACCGCCAGG 1.0
@@ CCGCAGGGACCGCCAGG 1.0
@@ CCGCAGGGACCGGCAGG 1.0
@@ GCGCAGGCACCGGCAGG 1.0
@@ GCAAACGCGCCGAAGGG 1.0
@@ GCAAACGCACCGAAGGG 1.0
@@ GCAAACGCACCGCAGGG 1.0
@@ GCAGACGCACCGCAGGG 1.0
@@ GCAGUCGCACCGCAGGG 1.0
@@ GCCGUCGCACCGCAGGG 1.0
@@ CCAAAAGGACCUGAUGG 1.0
@@ CCAAAAGGACCUGCUGG 1.0
@@ CCAAAAGGACCUGCGGG 1.0
@@ CCAAAAGGACCUCCGGG 1.0
@@ CCACAAGGACCUCCGGG 1.0
@@ CCACUAGGACCUCCGGG 1.0
@@ GCACUAGCACCUCCGGG 1.0
@@ GCACGAGCACCUCCGGG 1.0
@@ GCACGAGCACCUGCGGG 1.0
@@ CCAGUAGGACCGAGGGG 1.0
@@ CCAGUAGGACCGACGGG 1.0
@@ CCAGUAGGACCGGCGGG 1.0
@@ CCAGUAGGGCCGGCGGG 1.0
@@ CCAGUAGGGCCGGGGGG 1.0
@@ CCAGUUGGGCCGGGGGG 1.0
@@ GCAGUUGCGCCGGGGGG 1.0
@@ GCAGUUGCACCGGGGGG 1.0
@@ GCAGUUGCACCGCGGGG 1.0
@@ GCAGUGGCACCGCGGGG 1.0
@@ GCAGUAGCACCGGCGGG 1.0
@@ GCAGUUGCACCGGCGGG 1.0
@@ GCAGGCGCGCCUCCGGG 1.0
@@ GCAGGUGCGCCUCCGGG 1.0
@@ GCAGGUGCACCUCCGGG 1.0
@@ GGGAAACCAGGGAGACC 1.0
@@ GGGAAACCAGGGCGACC 1.0
@@ GGGAAACCAGGGGGACC 1.0
@@ GGGUAACCAGGGGGACC 1.0
@@ CCAUAGGGACCGAAAGG 1.0
@@ CCAUGGGGACCGAAAGG 1.0
@@ CCGUGGGGACCGAAAGG 1.0
@@ CCGUGGGGACCGACAGG 1.0
@@ CCGUGGGGGCCGACAGG 1.0
@@ CCGAAAGGACCGAAAGG 1.0
@@ CCGAAAGGACCGAUAGG 1.0
@@ CCGAAAGGACCGAUGGG 1.0
@@ CCGAAAGGACCGCUGGG 1.0
@@ CCGAUAGGACCGCUGGG 1.0
@@ CCGUUAGGACCGCUGGG 1.0
@@ CCGUUGGGACCGCUGGG 1.0
@@ CCGUAGGGACCGCUGGG 1.0
@@ CCGUAGGGGCCGCUGGG 1.0
@@ GCGUAGGCGCCGCUGGG 1.0
@@ GGAAACCCAGGGAAGCC 1.0
@@ GGAAACCCAGCGAAGGC 1.0
@@ GGAAACCCAGCCAAGGC 1.0
@@ GGAAACCCGGCCAAGGC 1.0
@@ GGACACCCGGCCAAGGC 1.0
@@ GGACUCCCGGCCAAGGC 1.0
@@ GCGCAGGCGGCUCCGGC 1.0
@@ GCGCAGGCGCCUCCGGG 1.0
@@ GCGAAGGCGCCUCCGGG 1.0
@@ GCGAAGGCGCCUGCGGG 1.0
@@ GCGACGGCGCCUGCGGG 1.0
@@ GCUACGGCGCCUGCGGG 1.0
@@ GCUACGGCGCCUCCGGG 1.0
@@ GCUGCGGCGCCUCCGGG 1.0
@@ GCUGCGGCGGCUCCGGC 1.0
@@ CCUUUUGGGCCGCAAGG 1.0
@@ CCUGUUGGGCCGCAAGG 1.0
@@ GCUGUUGCGCCGCAAGG 1.0
@@ GCUGUUGCACCGCAAGG 1.0
@@ GCUGCUGCACCGCAAGG 1.0
@@ GCUCCUGCACCGCAAGG 1.0
@@ GCUCCGGCACCGCAAGG 1.0
@@ GCUCCGGCACCGCAGGG 1.0
@@ GGAACUCCAGGGGAACC 1.0
@@ GGAGGUCCACCGCAGGG 1.0
@@ GGAGGUCCACCGGAGGG 1.0
@@ GGAUGUCCACCGGAGGG 1.0
@@ GGAUGUCCACCGGGGGG 1.0
@@ GCAGGAGCGCCGUUGGG 1.0
@@ GCAGGCGCGCCGUUGGG 1.0
@@ GCAGACGCGCCGUUGGG 1.0
@@ GCAGACGCACCGUUGGG 1.0
@@ GGAAAACCAGGGAGACC 1.0
@@ GGAACACCAGGGAGACC 1.0
@@ GGCACACCAGGGAGACC 1.0
@@ GCCACAGCAGGGAGACC 1.0
@@ GCGACAGCAGGGAGACC 1.0
@@ GCGACGGCAGGGAGACC 1.0
@@ GCGACGGCAGGGUGACC 1.0
@@ GCGGCGGCAGGGUGACC 1.0
@@ GCUGCGGCAGGGUGACC 1.0
@@ GCUGCGGCAGGGUAACC 1.0
@@ GCUGCGGCAGGGGAACC 1.0
@@ GCUGCGGCAGGGGGACC 1.0
@@ GCUGCGGCAGGGCGACC 1.0
@@ CCAGGUGGACCGUAAGG 1.0
@@ CCAGGUGGACCGAAAGG 1.0
@@ CCAGGCGGACCGAAAGG 1.0
@@ CCAGGCGGACCGUAAGG 1.0
@@ CCAGGCGGGCCGUAAGG 1.0
@@ GCAGGCGCGCCGUAAGG 1.0
@@ GCAGGCGCGCCGUGAGG 1.0
@@ GCAGGCGCGCCGUGGGG 1.0
@@ GCAGGAGCGCCGUGGGG 1.0
@@ GCAGGAGCACCGUGGGG 1.0
@@ GCAGGCGCACCGUGGGG 1.0
@@ GCAUGCGCACCGUGGGG 1.0
@@ GGGACACCAGGGCAACC 1.0
@@ GGAUCACCACCGGGAGG 1.0
@@ GGAUCGCCACCGGGAGG 1.0
@@ GGGUCGCCACCGGGAGG 1.0
@@ GGGGCGCCACCGGGAGG 1.0
@@ GGGGUGCCACCGGGAGG 1.0
@@ GGGGUGCCACCGGUAGG 1.0
@@ GGGGUGCCACCGGUGGG 1.0
@@ GGGGGGCCACCGGUGGG 1.0
@@ GGGGGACCACCGGUGGG 1.0
@@ GGGGGACCACCGUUGGG 1.0
@@ GGGGGACCACCGUGGGG 1.0
@@ CCGCCAGGACCGAAGGG 1.0
@@ CCGCCAGGACCGUAGGG 1.0
@@ CCGCCAGGGCCGUAGGG 1.0
@@ CCGCAAGGGCCGUAGGG 1.0
@@ CCGCAGGGGCCGUAGGG 1.0
@@ CCGCUGGGGCCGUAGGG 1.0
@@ GCGCUGGCGCCGUAGGG 1.0
@@ GCGCUGGCGCCGUGGGG 1.0
@@ GCGCAGGCGCCGUGGGG 1.0
@@ CCGCCGGGACCUAUUGG 1.0
@@ CCUCCGGGACCUAUUGG 1.0
@@ GCUCCGGCACCUAUUGG 1.0
@@ GCUCCGGCACCUAGUGG 1.0
@@ GCUCCGGCACCUCGUGG 1.0
@@ GCUCCGGCACCUCCUGG 1.0
@@ GCUCCGGCACCUACUGG 1.0
@@ CCGUGAGGGCCGGCAGG 1.0
@@ GGACACCCAGGGAAACC 1.0
@@ GGACACCCAGGGACACC 1.0
@@ GGACACCCAGGGGCACC 1.0
@@ GGACACCCAGGGCCACC 1.0
@@ CCAUACGGGCCGAUAGG 1.0
@@ CCUUACGGGCCGAUAGG 1.0
@@ CCUUACGGGCCGAUGGG 1.0
@@ GCUUACGCGCCGAUGGG 1.0
@@ GCUUACGCGCCGAGGGG 1.0
@@ GCUUAGGCGCCGAGGGG 1.0
@@ GCUCAGGCGCCGAGGGG 1.0
@@ GCGCAGGCGCCGAGGGG 1.0
@@ GCGCGGGCGCCGAGGGG 1.0
@@ GGAAAACCAGGGAUACC 1.0
@@ GGAAAACCAGGGCUACC 1.0
@@ GGAUAACCAGGGCUACC 1.0
@@ GGAUCACCAGGGCUACC 1.0
@@ GGAUCACCAGGGCGACC 1.0
@@ GGAUCACCAGGGAGACC 1.0
@@ GGACCACCAGGGAGACC 1.0
@@ GGACCACCAGGGCGACC 1.0
@@ GGACCUCCAGGGCGACC 1.0
@@ GCGCUGGCACCUUUGGG 1.0
@@ GCGCAGGCACCUUUGGG 1.0
@@ GCGCAGGCACCUUAGGG 1.0
@@ GCGAAGGCACCUUAGGG 1.0
@@ GCGGAGGCACCUUAGGG 1.0
@@ GCGGAGGCACCUCAGGG 1.0
@@ GCGGAGGCACCUCAUGG 1.0
@@ GCGGAGGCACCUCGUGG 1.0
@@ GCAUGUGCACCGACAGG 1.0
@@ GCAUGUGCACCGACGGG 1.0
@@ GCAUGUGCACCGGCGGG 1.0
@@ CCGGAAGGACCCAAGGG 1.0
@@ CCGGUAGGACCCAAGGG 1.0
@@ GCGGUAGCACCCAAGGG 1.0
@@ GCGGUGGCACCCAAGGG 1.0
@@ GCGCUGGCACCCAAGGG 1.0
@@ CCUUUUGGGCCGACAGG 1.0
@@ CCUUUUGGGGCGACAGC 1.0
@@ CCUAUUGGGGCGACAGC 1.0
@@ CCUAUUGGGGCGACGGC 1.0
@@ CCUAUUGGGGCUACGGC 1.0
@@ CCUAUUGGGGCUCCGGC 1.0
@@ GCUAUUGCGGCUCCGGC 1.0
@@ GCUACUGCGGCUCCGGC 1.0
@@ GCUACUGCGCCUCCGGG 1.0
@@ GCUUCUGCGCCUCCGGG 1.0
@@ GCUCCUGCGCCUCCGGG 1.0
@@ GCUCCUGCACCUCCGGG 1.0
@@ GCUCCUGCACCUACGGG 1.0
@@ GGGUUACCAGGGACACC 1.0
@@ GGGUUACCAGGGAGACC 1.0
@@ GCGCCGGCACCCCAGGG 1.0
@@ GCUCCGGCACCCCAGGG 1.0
@@ CCACACGGACCGGAGGG 1.0
@@ CCACACGGACCGGGGGG 1.0
@@ CCACACGGGCCGGGGGG 1.0
@@ GGGAUACCAGGGAAACC 1.0
@@ GGGCUACCAGGGAAACC 1.0
@@ GGGCUACCAGGGAUACC 1.0
@@ GGGCUACCAGGGAGACC 1.0
@@ GGGCUACCAGCGAGAGC 1.0
@@ GGGCGACCAGCGAGAGC 1.0
@@ GGGCGACCAGCGACAGC 1.0
@@ GGGCGACCACCGACAGG 1.0
@@ GGGCGACCACCGACGGG 1.0
@@ GGGCGACCACCGAUGGG 1.0
@@ GGGAGACCACCGAUGGG 1.0
@@ GGGAUACCACCGAUGGG 1.0
@@ GGGAUACCACCGUUGGG 1.0
@@ GGGAUACCACCGCUGGG 1.0
@@ GGGACACCACCGCUGGG 1.0
@@ GGGGCACCACCGCUGGG 1.0
@@ GGAAAUCCAGCUUCUGC 1.0
@@ GGGAAUCCAGCUUCUGC 1.0
@@ GGGAACCCAGCUUCUGC 1.0
@@ GGGAACCCACCUUCUGG 1.0
@@ GGGAAACCACCUUCUGG 1.0
@@ GGGUAACCACCUUCUGG 1.0
@@ GGGGAACCACCUUCUGG 1.0
@@ GGGGUACCACCUUCUGG 1.0
@@ GGUAAACCAGGGAGACC 1.0
@@ GGGAUACCAGGGAGACC 1.0
@@ CCAGAAGGACCGAGAGG 1.0
@@ CCACAAGGACCGAGAGG 1.0
@@ CCACAGGGACCGAGAGG 1.0
@@ CCACCGGGACCGAGAGG 1.0
@@ CCACUGGGACCGAGAGG 1.0
@@ CCGCUGGGACCGAGAGG 1.0
@@ GCGCUGGCACCGAGAGG 1.0
@@ GCGCUGGCACCGGGAGG 1.0
@@ GCGCUGGCACCGGUAGG 1.0
@@ CCGGUGGGACCUCAGGG 1.0
@@ GCGGUGGCACCUCAGGG 1.0
@@ GCGGUGGCACCUUAGGG 1.0
@@ GCGCUGGCACCUUAGGG 1.0
@@ GCGCUGGCACCGUAGGG 1.0
@@ GCGCUGGCACCGGAGGG 1.0
@@ GCGCGGGCACCGGAGGG 1.0
@@ GCGCGGGCGCCGGAGGG 1.0
@@ GGAGGUCCACCGCAAGG 1.0
@@ GGAGGUCCACCGCUAGG 1.0
@@ GGAUCCCCAGGGCAACC 1.0
@@ GCAUCCGCAGGGCAACC 1.0
@@ GCAACCGCAGGGCAACC 1.0
@@ GCGACCGCAGGGCAACC 1.0
@@ GCGACGGCAGGGCAACC 1.0
@@ GCUACGGCAGGGCAACC 1.0
@@ GCUACGGCAGGGCGACC 1.0


Elapsed time:                   86400.02177238464 secs.
Number of function evaluations: 107152634
----------------------------------------------------------------------


---------------------------------------
 FINISHED SUCCESSFULLY 
---------------------------------------
