
-----------------------------------------------------------------------
   _____ _____  ______ ______ _____             _____  _   _           
  / ____|  __ \|  ____|  ____|  __ \           |  __ \| \ | |   /\     
 | |  __| |__) | |__  | |__  | |  | |  ______  | |__) |  \| |  /  \    
 | | |_ |  _  /|  __| |  __| | |  | | |______| |  _  /| . ` | / /\ \   
 | |__| | | \ \| |____| |____| |__| |          | | \ \| |\  |/ ____ \  
  \_____|_|  \_\______|______|_____/           |_|  \_\_| \_/_/    \_\ 
       
                                       -- A. Rubio-Largo et al. 2023
-----------------------------------------------------------------------

------------------------------------------------------------------------------------------------------------------
CONFIGURATION: 

 * TARGET:           (((((.....))..((.........)))))
 * STOPPING:         86400 secs.
 * SEED:             5
 * NO. OF SOLUTIONS: 1
 * max. GC-cont.:    0.48
 * MODEL:            TURNER2004
 * MUTATION PROB:    0.01
 * STAGNATION LIMIT: 50
------------------------------------------------------------------------------------------------------------------


 (1) Let's minimize the base-pair distance between predicted and target structures
    -> Min(Base-pair distance), min(Hamming distance), max(probability over ensemble), min(partition function), min(ensemble defect), min(%GC-content)


	 ->['GGGGGAAAAACCAAGGAAAAAAAAACCCCC', '(((((....................)))))', 0.2, -2.1693530809066878e-05, -7.2184, 0.2892, 1.0, 0.1333]
	 ->['GGCGGAAAAACCAAGGAAAAAAAAACCGCC', '(((((....................)))))', 0.2, -0.00024187796422588557, -6.3322, 0.2674, 1.0, 0.1333]
	 >>> Resetting the solution to avoid local optima.
	 ->['GGGGGAAAAACCAAGGAAAAAAAAACCCCC', '(((((....................)))))', 0.2, -2.1693530809066878e-05, -7.2184, 0.2892, 1.0, 0.1333]
	 ->['GAGGGGCAAACCAAGGAAAAAAAAACCCUC', '(((((....................)))))', 0.2, -2.4944194440455182e-05, -6.4323, 0.2693, 0.8, 0.1333]
	 ->['GCCGAGCAAAUCAGGGAAAAAAAACCCGGC', '(((((.....)).(((........))))))', 0.1667, -0.001136329495783418, -5.1786, 0.3096, 0.875, 0.0667]
	 >>> Resetting the solution to avoid local optima.
	 ->['CCCCCAAAAAGGAACCAAAAAAAAAGGGGG', '(((((....................)))))', 0.2, -6.417993594099236e-05, -7.5498, 0.2717, 1.0, 0.1333]
	 >>> Resetting the solution to avoid local optima.
	 ->['GGGGGAAAAACCAAGGAAAAAAAAACCCCC', '(((((....................)))))', 0.2, -2.1693530809066878e-05, -7.2184, 0.2892, 1.0, 0.1333]
	 ->['GGAGGGAAAACCACGGAAAAAAAAACCUCC', '(((((....................)))))', 0.2, -7.901264541004588e-05, -6.4217, 0.2677, 0.8, 0.1333]
	 >>> Resetting the solution to avoid local optima.
	 ->['CCCCCAAAAAGGAACCAAAAAAAAAGGGGG', '(((((....................)))))', 0.2, -6.417993594099236e-05, -7.5498, 0.2717, 1.0, 0.1333]
	 ->['GCCUCAAACAGGAACCAAAAAAAAAGGGGC', '(((((....................)))))', 0.2, -9.076547284084313e-05, -4.6362, 0.2694, 0.8, 0.1333]
	 >>> Resetting the solution to avoid local optima.
	 ->['CCCCCAAAAAGGAACCAAAAAAAAAGGGGG', '(((((....................)))))', 0.2, -6.417993594099236e-05, -7.5498, 0.2717, 1.0, 0.1333]
	 ->['GCCCCAAAAAGGAACCAAAAAAAAAGGGGC', '(((((....................)))))', 0.2, -6.742629589717356e-05, -7.6194, 0.2675, 1.0, 0.1333]
	 ->['GCCGCAAAAAGCAACCAAAAAAAAAGGGGC', '(((.(....................).)))', 0.1667, -0.17253893883697413, -3.483, 0.2245, 1.0, 0.2]
	 ->['GGCGAAAAACUCAACCGAAAAAAAAGGGCC', '(((........................)))', 0.1333, -0.15251650188811003, -2.359, 0.2385, 1.0, 0.2667]
	 >>> Resetting the solution to avoid local optima.
	 ->['CCCCCAAAAAGGAACCAAAAAAAAAGGGGG', '(((((....................)))))', 0.2, -6.417993594099236e-05, -7.5498, 0.2717, 1.0, 0.1333]
	 ->['CCUUCACACAGAAACCGAAAAAACAGGGGG', '(((((....................)))))', 0.2, -0.0018603250276024413, -2.3748, 0.332, 0.6, 0.1333]
	 ->['GGCGCGAAAAGUAUCCGAAAAAAAAGGGCC', '(((.(....................).)))', 0.1667, -0.021717075751177668, -4.1603, 0.2673, 1.0, 0.2]
	 ->['GGCGCGAAAAGUAACUGAAAAAAAAAGGCC', '(((........................)))', 0.1333, -0.026240989470677645, -2.1437, 0.2714, 1.0, 0.2667]
	 ->['GCCGGGAAAACCAACCGAAAAAAACGGGGC', '(((((.....))..(((.......))))))', 0.0333, -0.01563723337399976, -5.8627, 0.1061, 1.0, 0.0667]


    -> Found sequence! Elapsed time:                   1.5723562240600586 secs.


 (2) We found a sequence that folds exactly like the target structure. Let's minimize the GC-content
    -> ORDER: Min(Base-pair distance), min(Hamming distance), min(GC-content), min(partition function), min(ensemble defect), max(probability over ensemble))


	 >>> Resetting the solution to avoid local optima.
	 ->['GGGGGAAAAACCAAGGAAAAAAAAACCCCC', '(((((....................)))))', 0.2, -2.1693530809066878e-05, -7.2184, 0.2892, 1.0, 0.1333]
	 ->['UGAGGAGUACCCCAGGAGCGAGCAGCCUCA', '(((((....................)))))', 0.2, -1.1921506261135768e-06, -5.6065, 0.4468, 0.6, 0.1333]
	 >>> Resetting the solution to avoid local optima.
	 ->['CCCCCAAAAAGGAACCAAAAAAAAAGGGGG', '(((((....................)))))', 0.2, -6.417993594099236e-05, -7.5498, 0.2717, 1.0, 0.1333]
	 ->['CCUCCACCCCGGGCUCUGUACAGAAGGAGG', '(((((....................)))))', 0.2, -4.6947103707038505e-08, -6.5999, 0.3745, 0.8, 0.1333]
	 >>> Resetting the solution to avoid local optima.
	 ->['GGGGGAAAAACCAAGGAAAAAAAAACCCCC', '(((((....................)))))', 0.2, -2.1693530809066878e-05, -7.2184, 0.2892, 1.0, 0.1333]
	 >>> Resetting the solution to avoid local optima.
	 ->['CCCCCAAAAAGGAACCAAAAAAAAAGGGGG', '(((((....................)))))', 0.2, -6.417993594099236e-05, -7.5498, 0.2717, 1.0, 0.1333]
	 ->['CCCUCGAAAAGAAUCCAAAUUAAAAGGGGG', '(((((....................)))))', 0.2, -0.00022031553774579487, -5.5897, 0.3165, 0.8, 0.1333]
	 ->['CCCUCGAUGAGAAUACAAAUUGCUAGUGGG', '(((.(....................).)))', 0.1667, -0.00040854961607698437, -3.1091, 0.4937, 1.0, 0.2]
	 >>> Resetting the solution to avoid local optima.
	 ->['GGGGGAAAAACCAAGGAAAAAAAAACCCCC', '(((((....................)))))', 0.2, -2.1693530809066878e-05, -7.2184, 0.2892, 1.0, 0.1333]
	 >>> Resetting the solution to avoid local optima.
	 ->['CCCCCAAAAAGGAACCAAAAAAAAAGGGGG', '(((((....................)))))', 0.2, -6.417993594099236e-05, -7.5498, 0.2717, 1.0, 0.1333]
	 ->['CUGCCACCAGGGAACCGCGACAGAAGGUAG', '(((((....................)))))', 0.2, -6.566673732242216e-06, -4.5549, 0.3542, 0.6, 0.1333]
	 >>> Resetting the solution to avoid local optima.
	 ->['GGGGGAAAAACCAAGGAAAAAAAAACCCCC', '(((((....................)))))', 0.2, -2.1693530809066878e-05, -7.2184, 0.2892, 1.0, 0.1333]
	 ->['GUAGGGAAGACUAAGAAUUAUUUAAUCUGC', '(((((....................)))))', 0.2, -2.0771492469417987e-06, -2.1643, 0.4625, 0.4, 0.1333]
	 ->['GUAGGGAAGACCAAGAAUUAUUUAAUCUGC', '...((.....))..................', 0.1667, -6.46029947402412e-05, -2.2458, 0.3385, 1.0, 0.3333]
	 >>> Resetting the solution to avoid local optima.
	 ->['CCCCCAAAAAGGAACCAAAAAAAAAGGGGG', '(((((....................)))))', 0.2, -6.417993594099236e-05, -7.5498, 0.2717, 1.0, 0.1333]
	 >>> Resetting the solution to avoid local optima.
	 ->['GGGGGAAAAACCAAGGAAAAAAAAACCCCC', '(((((....................)))))', 0.2, -2.1693530809066878e-05, -7.2184, 0.2892, 1.0, 0.1333]
	 ->['GGGGGAAUCACCUAGGAAAAAAAAACCCCC', '(((((....................)))))', 0.2, -1.015750492778603e-05, -7.286, 0.2973, 1.0, 0.1333]
	 ->['AGUGGAGGUACCGGGCUAUGAUGACGCACU', '((((......................))))', 0.1667, -0.000188271921555724, -2.7866, 0.4629, 0.5, 0.2]
	 >>> Resetting the solution to avoid local optima.
	 ->['GGGGGAAAAACCAAGGAAAAAAAAACCCCC', '(((((....................)))))', 0.2, -2.1693530809066878e-05, -7.2184, 0.2892, 1.0, 0.1333]
	 ->['GGGGGACGCACCGAGGAUACCACCACUCCC', '(((((....................)))))', 0.2, -2.3272112445203302e-05, -5.3751, 0.4647, 0.8, 0.1333]
	 >>> Resetting the solution to avoid local optima.
	 ->['CCCCCAAAAAGGAACCAAAAAAAAAGGGGG', '(((((....................)))))', 0.2, -6.417993594099236e-05, -7.5498, 0.2717, 1.0, 0.1333]
	 ->['AUACCAAUAAGGAGCCAAGGGAGUAGGUGU', '(((((....................)))))', 0.2, -5.411851202247534e-06, -2.5741, 0.3334, 0.4, 0.1333]
	 >>> Resetting the solution to avoid local optima.
	 ->['CCCCCAAAAAGGAACCAAAAAAAAAGGGGG', '(((((....................)))))', 0.2, -6.417993594099236e-05, -7.5498, 0.2717, 1.0, 0.1333]
	 ->['CGCCCAAAGAGGAACCACAAUACUAGGGUG', '(((((....................)))))', 0.2, -2.4545040743226565e-05, -5.4422, 0.3318, 0.8, 0.1333]
	 >>> Resetting the solution to avoid local optima.
	 ->['CCCCCAAAAAGGAACCAAAAAAAAAGGGGG', '(((((....................)))))', 0.2, -6.417993594099236e-05, -7.5498, 0.2717, 1.0, 0.1333]
	 ->['UCUCUACGGAAGGACCCAUUACAUAGGAGA', '(((((....................)))))', 0.2, -1.0309416848782029e-06, -3.496, 0.4228, 0.4, 0.1333]
	 >>> Resetting the solution to avoid local optima.
	 ->['GGGGGAAAAACCAAGGAAAAAAAAACCCCC', '(((((....................)))))', 0.2, -2.1693530809066878e-05, -7.2184, 0.2892, 1.0, 0.1333]
	 ->['GAAGGAGAUACCUGGGAACUAAGCACCUUC', '(((((....................)))))', 0.2, -2.7757405413722154e-06, -3.7856, 0.378, 0.6, 0.1333]
	 >>> Resetting the solution to avoid local optima.
	 ->['GGGGGAAAAACCAAGGAAAAAAAAACCCCC', '(((((....................)))))', 0.2, -2.1693530809066878e-05, -7.2184, 0.2892, 1.0, 0.1333]
	 >>> Resetting the solution to avoid local optima.
	 ->['CCCCCAAAAAGGAACCAAAAAAAAAGGGGG', '(((((....................)))))', 0.2, -6.417993594099236e-05, -7.5498, 0.2717, 1.0, 0.1333]
	 >>> Resetting the solution to avoid local optima.
	 ->['GGGGGAAAAACCAAGGAAAAAAAAACCCCC', '(((((....................)))))', 0.2, -2.1693530809066878e-05, -7.2184, 0.2892, 1.0, 0.1333]
	 ->['GUGGGAAUUACCCAGGAUUAAAAAACCCAC', '(((((....................)))))', 0.2, -3.3201750476346884e-06, -5.6752, 0.3757, 0.8, 0.1333]
	 >>> Resetting the solution to avoid local optima.
	 ->['CCCCCAAAAAGGAACCAAAAAAAAAGGGGG', '(((((....................)))))', 0.2, -6.417993594099236e-05, -7.5498, 0.2717, 1.0, 0.1333]
	 ->['UACCCAGCACGGCACCGGGAAUACAGGGUA', '(((((....................)))))', 0.2, -6.750806859332522e-06, -5.3378, 0.3931, 0.6, 0.1333]
	 ->['UAACCAUGACGGCACCGGGAAUACAGGUUG', '...((.....)).(((.(.....).)))..', 0.1667, -1.6412927847325102e-06, -3.6094, 0.3965, 0.8333, 0.2667]
	 >>> Resetting the solution to avoid local optima.
	 ->['GGGGGAAAAACCAAGGAAAAAAAAACCCCC', '(((((....................)))))', 0.2, -2.1693530809066878e-05, -7.2184, 0.2892, 1.0, 0.1333]
	 ->['GAAGGAAACACCAAGGAAGAAGAAACCUUC', '(((((....................)))))', 0.2, -1.4023958931535068e-05, -3.2872, 0.3368, 0.6, 0.1333]
	 >>> Resetting the solution to avoid local optima.
	 ->['GGGGGAAAAACCAAGGAAAAAAAAACCCCC', '(((((....................)))))', 0.2, -2.1693530809066878e-05, -7.2184, 0.2892, 1.0, 0.1333]
	 ->['GAUGGGAAAACCAGGGAAACAAAAACCAUC', '(((((....................)))))', 0.2, -3.8223187207393694e-05, -4.4693, 0.2922, 0.6, 0.1333]
	 ->['GAUGGGAUAACCAGGGAAACAAGAUCCGUC', '..(((.....))).(((.......)))...', 0.1667, -0.00010454574261497179, -4.7491, 0.3256, 0.6667, 0.2667]
	 >>> Resetting the solution to avoid local optima.
	 ->['CCCCCAAAAAGGAACCAAAAAAAAAGGGGG', '(((((....................)))))', 0.2, -6.417993594099236e-05, -7.5498, 0.2717, 1.0, 0.1333]
	 ->['UCUCUGUAAAGGUACCUUAUUAGUGGGAGA', '(((((....................)))))', 0.2, -1.6508253762314865e-07, -4.225, 0.5066, 0.4, 0.1333]
	 >>> Resetting the solution to avoid local optima.
	 ->['CCCCCAAAAAGGAACCAAAAAAAAAGGGGG', '(((((....................)))))', 0.2, -6.417993594099236e-05, -7.5498, 0.2717, 1.0, 0.1333]
	 >>> Resetting the solution to avoid local optima.
	 ->['CCCCCAAAAAGGAACCAAAAAAAAAGGGGG', '(((((....................)))))', 0.2, -6.417993594099236e-05, -7.5498, 0.2717, 1.0, 0.1333]
	 ->['CCCCCAACACGGAACCAAGAGAAGAGGGGG', '(((((....................)))))', 0.2, -3.84355179536512e-05, -7.8658, 0.3143, 1.0, 0.1333]
	 >>> Resetting the solution to avoid local optima.
	 ->['GGGGGAAAAACCAAGGAAAAAAAAACCCCC', '(((((....................)))))', 0.2, -2.1693530809066878e-05, -7.2184, 0.2892, 1.0, 0.1333]
	 ->['GGGGGCAAUUCCGUGGAGCAUUACACCCCC', '(((((....................)))))', 0.2, -1.3574826019096154e-06, -8.3264, 0.4245, 1.0, 0.1333]
	 >>> Resetting the solution to avoid local optima.
	 ->['CCCCCAAAAAGGAACCAAAAAAAAAGGGGG', '(((((....................)))))', 0.2, -6.417993594099236e-05, -7.5498, 0.2717, 1.0, 0.1333]
	 ->['CCCCCAAAAGGGAACCUACAAACAAGGGGG', '(((((....................)))))', 0.2, -6.971621525313437e-06, -8.318, 0.329, 1.0, 0.1333]
	 >>> Resetting the solution to avoid local optima.
	 ->['GGGGGAAAAACCAAGGAAAAAAAAACCCCC', '(((((....................)))))', 0.2, -2.1693530809066878e-05, -7.2184, 0.2892, 1.0, 0.1333]
	 ->['GGGGGGAGAACCAAGGUCUAGAAUACCCCC', '(((((....................)))))', 0.2, -8.567706637877257e-06, -9.1909, 0.4595, 1.0, 0.1333]
	 >>> Resetting the solution to avoid local optima.
	 ->['GGGGGAAAAACCAAGGAAAAAAAAACCCCC', '(((((....................)))))', 0.2, -2.1693530809066878e-05, -7.2184, 0.2892, 1.0, 0.1333]
	 >>> Resetting the solution to avoid local optima.
	 ->['CCCCCAAAAAGGAACCAAAAAAAAAGGGGG', '(((((....................)))))', 0.2, -6.417993594099236e-05, -7.5498, 0.2717, 1.0, 0.1333]
	 ->['GCCCCAUAAGGGAUCCGACAGAUAAGGGGU', '(((((....................)))))', 0.2, -2.0080685174977455e-05, -7.566, 0.401, 0.8, 0.1333]
	 >>> Resetting the solution to avoid local optima.
	 ->['CCCCCAAAAAGGAACCAAAAAAAAAGGGGG', '(((((....................)))))', 0.2, -6.417993594099236e-05, -7.5498, 0.2717, 1.0, 0.1333]
	 ->['AUUCCGGCGAGGUAUCAUGUGAAGAGGAAU', '(((((....................)))))', 0.2, -1.0359304125392719e-08, -3.4313, 0.3901, 0.4, 0.1333]
	 >>> Resetting the solution to avoid local optima.
	 ->['GGGGGAAAAACCAAGGAAAAAAAAACCCCC', '(((((....................)))))', 0.2, -2.1693530809066878e-05, -7.2184, 0.2892, 1.0, 0.1333]
	 >>> Resetting the solution to avoid local optima.
	 ->['GGGGGAAAAACCAAGGAAAAAAAAACCCCC', '(((((....................)))))', 0.2, -2.1693530809066878e-05, -7.2184, 0.2892, 1.0, 0.1333]
	 ->['GUGGGAUACUCCAAGGAUAAAAAUACCCGC', '(((((....................)))))', 0.2, -1.4701815812136846e-05, -5.1581, 0.3726, 0.8, 0.1333]
	 >>> Resetting the solution to avoid local optima.
	 ->['GGGGGAAAAACCAAGGAAAAAAAAACCCCC', '(((((....................)))))', 0.2, -2.1693530809066878e-05, -7.2184, 0.2892, 1.0, 0.1333]
	 ->['GGGGGAUUAUCCAAGGAAAAAAAAACCCCC', '(((((....................)))))', 0.2, -1.2326927897457845e-05, -7.9667, 0.3925, 1.0, 0.1333]
	 >>> Resetting the solution to avoid local optima.
	 ->['CCCCCAAAAAGGAACCAAAAAAAAAGGGGG', '(((((....................)))))', 0.2, -6.417993594099236e-05, -7.5498, 0.2717, 1.0, 0.1333]
	 ->['UCCCCAACUAGGAACCAACAAAAGAGGGGA', '(((((....................)))))', 0.2, -2.0691893726559612e-05, -6.8475, 0.3261, 0.8, 0.1333]
	 ->['UCUGCGACUAGUAGCCGACAUGAGAGGAGA', '.((((.....))))((.........))...', 0.1667, -8.994636097181328e-05, -3.7418, 0.3372, 0.6667, 0.2]
	 >>> Resetting the solution to avoid local optima.
	 ->['CCCCCAAAAAGGAACCAAAAAAAAAGGGGG', '(((((....................)))))', 0.2, -6.417993594099236e-05, -7.5498, 0.2717, 1.0, 0.1333]
	 >>> Resetting the solution to avoid local optima.
	 ->['GGGGGAAAAACCAAGGAAAAAAAAACCCCC', '(((((....................)))))', 0.2, -2.1693530809066878e-05, -7.2184, 0.2892, 1.0, 0.1333]
	 ->['GGGGGAGAACCUACGGCGAUCAUAGCCCCC', '(((((....................)))))', 0.2, -1.8778662050863824e-07, -8.6456, 0.4077, 1.0, 0.1333]
	 >>> Resetting the solution to avoid local optima.
	 ->['CCCCCAAAAAGGAACCAAAAAAAAAGGGGG', '(((((....................)))))', 0.2, -6.417993594099236e-05, -7.5498, 0.2717, 1.0, 0.1333]
	 ->['ACGCCAAAACGGAACCUCAAACAUAGGUGU', '(((((....................)))))', 0.2, -2.2070213117710144e-06, -4.0269, 0.3245, 0.6, 0.1333]
	 >>> Resetting the solution to avoid local optima.
	 ->['GGGGGAAAAACCAAGGAAAAAAAAACCCCC', '(((((....................)))))', 0.2, -2.1693530809066878e-05, -7.2184, 0.2892, 1.0, 0.1333]
	 ->['GGGGGAAAAACCAAGGAAAAAAAAACCCCC', '(((((....................)))))', 0.2, -2.1693530809066878e-05, -7.2184, 0.2892, 1.0, 0.1333]
	 >>> Resetting the solution to avoid local optima.
	 ->['CCCCCAAAAAGGAACCAAAAAAAAAGGGGG', '(((((....................)))))', 0.2, -6.417993594099236e-05, -7.5498, 0.2717, 1.0, 0.1333]
	 ->['ACUCCUACACGGUGCCAAGAGAGACGGAGU', '(((((....................)))))', 0.2, -2.4737609760295223e-06, -4.7566, 0.3625, 0.6, 0.1333]
	 >>> Resetting the solution to avoid local optima.
	 ->['GGGGGAAAAACCAAGGAAAAAAAAACCCCC', '(((((....................)))))', 0.2, -2.1693530809066878e-05, -7.2184, 0.2892, 1.0, 0.1333]
	 ->['AGGGGAAUAACCAGAGAACUAGAUACUCCU', '(((((....................)))))', 0.2, -1.349919057046012e-05, -3.8107, 0.4831, 0.6, 0.1333]
	 >>> Resetting the solution to avoid local optima.
	 ->['CCCCCAAAAAGGAACCAAAAAAAAAGGGGG', '(((((....................)))))', 0.2, -6.417993594099236e-05, -7.5498, 0.2717, 1.0, 0.1333]
	 ->['ACCCUAUAAAAGAGCCGACAACAAAGGGGU', '(((((....................)))))', 0.2, -5.901371111603551e-05, -4.4016, 0.3559, 0.6, 0.1333]
	 >>> Resetting the solution to avoid local optima.
	 ->['GGGGGAAAAACCAAGGAAAAAAAAACCCCC', '(((((....................)))))', 0.2, -2.1693530809066878e-05, -7.2184, 0.2892, 1.0, 0.1333]
	 ->['GGGGGAAAAACCAAGGGAAAACAAACCCCC', '(((((....................)))))', 0.2, -0.0001257708101092318, -7.5352, 0.3133, 1.0, 0.1333]
	 >>> Resetting the solution to avoid local optima.
	 ->['GGGGGAAAAACCAAGGAAAAAAAAACCCCC', '(((((....................)))))', 0.2, -2.1693530809066878e-05, -7.2184, 0.2892, 1.0, 0.1333]
	 >>> Resetting the solution to avoid local optima.
	 ->['GGGGGAAAAACCAAGGAAAAAAAAACCCCC', '(((((....................)))))', 0.2, -2.1693530809066878e-05, -7.2184, 0.2892, 1.0, 0.1333]
	 ->['GGGGGAUAAACCAAGGAAAAAGAAACCCCC', '(((((....................)))))', 0.2, -1.9104516912281027e-05, -7.2967, 0.296, 1.0, 0.1333]
	 ->['GGGGGAUAUACCAUGUCAGCCGAUGACCCC', '((((......................))))', 0.1667, -1.8831631273538355e-06, -6.5247, 0.4581, 1.0, 0.2]
	 >>> Resetting the solution to avoid local optima.
	 ->['CCCCCAAAAAGGAACCAAAAAAAAAGGGGG', '(((((....................)))))', 0.2, -6.417993594099236e-05, -7.5498, 0.2717, 1.0, 0.1333]
	 ->['CACCCAAAAAGGAACCAAAAAAAAAGGGUG', '(((((....................)))))', 0.2, -6.46992401782773e-05, -5.2449, 0.2696, 0.8, 0.1333]
	 >>> Resetting the solution to avoid local optima.
	 ->['CCCCCAAAAAGGAACCAAAAAAAAAGGGGG', '(((((....................)))))', 0.2, -6.417993594099236e-05, -7.5498, 0.2717, 1.0, 0.1333]
	 ->['CCCCCAUAAAGGAACCAAAAAAAAAGGGGG', '(((((....................)))))', 0.2, -6.054461355709947e-05, -7.5858, 0.2755, 1.0, 0.1333]
	 ->['UCCGCAUAACGCAACCAAAAAAAACGGGGA', '(((.(....................).)))', 0.1667, -0.06314643297180628, -2.6025, 0.3091, 0.75, 0.2]
	 >>> Resetting the solution to avoid local optima.
	 ->['GGGGGAAAAACCAAGGAAAAAAAAACCCCC', '(((((....................)))))', 0.2, -2.1693530809066878e-05, -7.2184, 0.2892, 1.0, 0.1333]
	 ->['GGGGGAAAAACCAAGGAAAAAUAGACCCCC', '(((((....................)))))', 0.2, -2.121765342758901e-05, -7.232, 0.2903, 1.0, 0.1333]
	 >>> Resetting the solution to avoid local optima.
	 ->['CCCCCAAAAAGGAACCAAAAAAAAAGGGGG', '(((((....................)))))', 0.2, -6.417993594099236e-05, -7.5498, 0.2717, 1.0, 0.1333]
	 ->['GCAUCGAAUGGAAUUCUAAUUACGAGAUGU', '(((((....................)))))', 0.2, -2.0824776380277554e-07, -3.7818, 0.4468, 0.4, 0.1333]
	 >>> Resetting the solution to avoid local optima.
	 ->['CCCCCAAAAAGGAACCAAAAAAAAAGGGGG', '(((((....................)))))', 0.2, -6.417993594099236e-05, -7.5498, 0.2717, 1.0, 0.1333]
	 ->['CGCCCAACAAGGAACCAAGUAACACGGGUG', '(((((....................)))))', 0.2, -4.496196674104547e-05, -5.0692, 0.2961, 0.8, 0.1333]
	 ->['GCCCCAUUAAGGAUUCUAGCAUUACGAGGC', '(((.(....................).)))', 0.1667, -0.010417978588699245, -2.413, 0.3796, 1.0, 0.2]
	 >>> Resetting the solution to avoid local optima.
	 ->['GGGGGAAAAACCAAGGAAAAAAAAACCCCC', '(((((....................)))))', 0.2, -2.1693530809066878e-05, -7.2184, 0.2892, 1.0, 0.1333]
	 ->['GGGGGAAAAACCAAGGAAAAAAAAACCCCC', '(((((....................)))))', 0.2, -2.1693530809066878e-05, -7.2184, 0.2892, 1.0, 0.1333]
	 >>> Resetting the solution to avoid local optima.
	 ->['CCCCCAAAAAGGAACCAAAAAAAAAGGGGG', '(((((....................)))))', 0.2, -6.417993594099236e-05, -7.5498, 0.2717, 1.0, 0.1333]
	 >>> Resetting the solution to avoid local optima.
	 ->['CCCCCAAAAAGGAACCAAAAAAAAAGGGGG', '(((((....................)))))', 0.2, -6.417993594099236e-05, -7.5498, 0.2717, 1.0, 0.1333]
	 ->['ACUUCGAGAAGGAUCCAGCAACCCGGGAGU', '(((((....................)))))', 0.2, -5.013411959659103e-06, -3.3212, 0.3694, 0.4, 0.1333]
	 >>> Resetting the solution to avoid local optima.
	 ->['CCCCCAAAAAGGAACCAAAAAAAAAGGGGG', '(((((....................)))))', 0.2, -6.417993594099236e-05, -7.5498, 0.2717, 1.0, 0.1333]
	 ->['CCCCCAAAAAGGAACCAAAAAAAAAGGGGG', '(((((....................)))))', 0.2, -6.417993594099236e-05, -7.5498, 0.2717, 1.0, 0.1333]
	 ->['CCCGCAAAAAGCAACCAAACAAAAAGGGGG', '(((.(....................).)))', 0.1667, -0.0731472223745377, -3.9119, 0.3254, 1.0, 0.2]
	 ->['CCCGCAUUAGGCAAUCCAACAACCAGAGGG', '(((........................)))', 0.1333, -0.0034720209345422957, -2.7902, 0.3739, 1.0, 0.2667]
	 >>> Resetting the solution to avoid local optima.
	 ->['CCCCCAAAAAGGAACCAAAAAAAAAGGGGG', '(((((....................)))))', 0.2, -6.417993594099236e-05, -7.5498, 0.2717, 1.0, 0.1333]
	 ->['GCACUAAAAUAGAUCCAAAAUAAACGGUGU', '(((((....................)))))', 0.2, -6.243711022357861e-06, -1.8859, 0.3038, 0.4, 0.1333]
	 >>> Resetting the solution to avoid local optima.
	 ->['GGGGGAAAAACCAAGGAAAAAAAAACCCCC', '(((((....................)))))', 0.2, -2.1693530809066878e-05, -7.2184, 0.2892, 1.0, 0.1333]
	 ->['GUGGGAACAACCAUGGACAAAGAGACCCAC', '(((((....................)))))', 0.2, -8.408363259298506e-06, -5.3025, 0.3641, 0.8, 0.1333]
	 >>> Resetting the solution to avoid local optima.
	 ->['CCCCCAAAAAGGAACCAAAAAAAAAGGGGG', '(((((....................)))))', 0.2, -6.417993594099236e-05, -7.5498, 0.2717, 1.0, 0.1333]
	 ->['CCCCCAACAAGGAACCAAAAAAAUCGGGGG', '(((((....................)))))', 0.2, -6.036962916683639e-05, -7.5876, 0.2764, 1.0, 0.1333]
	 >>> Resetting the solution to avoid local optima.
	 ->['CCCCCAAAAAGGAACCAAAAAAAAAGGGGG', '(((((....................)))))', 0.2, -6.417993594099236e-05, -7.5498, 0.2717, 1.0, 0.1333]
	 ->['GUACCGUAGAGGGGCCCAUAUAGGAGGUAC', '(((((....................)))))', 0.2, -3.349982696234516e-06, -5.2697, 0.3793, 0.6, 0.1333]
	 >>> Resetting the solution to avoid local optima.
	 ->['GGGGGAAAAACCAAGGAAAAAAAAACCCCC', '(((((....................)))))', 0.2, -2.1693530809066878e-05, -7.2184, 0.2892, 1.0, 0.1333]
	 >>> Resetting the solution to avoid local optima.
	 ->['CCCCCAAAAAGGAACCAAAAAAAAAGGGGG', '(((((....................)))))', 0.2, -6.417993594099236e-05, -7.5498, 0.2717, 1.0, 0.1333]
	 ->['GCACCACAGAGGACCCAACGCAACAGGUGU', '(((((....................)))))', 0.2, -3.842748265403567e-06, -4.8851, 0.3203, 0.6, 0.1333]
	 >>> Resetting the solution to avoid local optima.
	 ->['CCCCCAAAAAGGAACCAAAAAAAAAGGGGG', '(((((....................)))))', 0.2, -6.417993594099236e-05, -7.5498, 0.2717, 1.0, 0.1333]
	 ->['CCCCCAACAAGGAACCUACAAGAAAGGGGG', '(((((....................)))))', 0.2, -1.548301989656417e-05, -7.9262, 0.2946, 1.0, 0.1333]
	 >>> Resetting the solution to avoid local optima.
	 ->['CCCCCAAAAAGGAACCAAAAAAAAAGGGGG', '(((((....................)))))', 0.2, -6.417993594099236e-05, -7.5498, 0.2717, 1.0, 0.1333]
	 ->['CACCCAGUAAGGGACCAAUAAAGGAGGGUG', '(((((....................)))))', 0.2, -2.550747742648999e-05, -5.8185, 0.3167, 0.8, 0.1333]
	 >>> Resetting the solution to avoid local optima.
	 ->['CCCCCAAAAAGGAACCAAAAAAAAAGGGGG', '(((((....................)))))', 0.2, -6.417993594099236e-05, -7.5498, 0.2717, 1.0, 0.1333]
	 ->['ACGCCAUAAUGGAACCAAAAAAAAAGGUGU', '(((((....................)))))', 0.2, -9.622409432737114e-06, -3.6194, 0.285, 0.6, 0.1333]
	 ->['ACGGCAUCAUGCAACCAAAAGAAACGGUGU', '...(((...))).(((.........)))..', 0.1667, -4.737963765077945e-05, -3.0369, 0.3718, 0.6667, 0.2667]
	 >>> Resetting the solution to avoid local optima.
	 ->['GGGGGAAAAACCAAGGAAAAAAAAACCCCC', '(((((....................)))))', 0.2, -2.1693530809066878e-05, -7.2184, 0.2892, 1.0, 0.1333]
	 >>> Resetting the solution to avoid local optima.
	 ->['CCCCCAAAAAGGAACCAAAAAAAAAGGGGG', '(((((....................)))))', 0.2, -6.417993594099236e-05, -7.5498, 0.2717, 1.0, 0.1333]
	 >>> Resetting the solution to avoid local optima.
	 ->['GGGGGAAAAACCAAGGAAAAAAAAACCCCC', '(((((....................)))))', 0.2, -2.1693530809066878e-05, -7.2184, 0.2892, 1.0, 0.1333]
	 ->['UGAGGGUAAACCCAGGCUGCGAGUACCUCA', '(((((....................)))))', 0.2, -2.2459018325693733e-06, -6.0161, 0.4621, 0.6, 0.1333]




RNA sequences found with GC-content <= 0.48:

RNA sequences found with GC-content > 0.48:
@@ GCCGGGAAAACCAACCGAAAAAAAAGGGGC 1.0
@@ GCCGGGAAAACCAACCGCAAAAAAAGGGGC 1.0
@@ GCCGGGAAAACCAACCGCAAACAAAGGGGC 1.0
@@ GCCGGGACAACCAACCGCAAACAAAGGGGC 1.0
@@ GCCGGGACAACCAACCGCAAGCAAAGGGGC 1.0
@@ GCCGGGUCAACCAACCGCAAGCAAAGGGGC 1.0
@@ GCCGGGUAAACCAACCGCAAGCAAAGGGGC 1.0
@@ GCCGGGUAAACCAACCGCAAGCGAAGGGGC 1.0
@@ GCCGGGUACACCAACCGCAAGCGAAGGGGC 1.0
@@ GCCGGGUACACCAACCGCACGCGAAGGGGC 1.0
@@ GCCGGGUAGACCAACCGCACGCGAAGGGGC 1.0
@@ CCCCCAACACGGAAGCAAGAGAAGAGCGGG 1.0
@@ CCCCCAACACGGAUGCAAGAGAAGAGCGGG 1.0
@@ CCCCCAACACGGAUGCAGGAGAAGAGCGGG 1.0
@@ CCCCCAACACGGAUGCAGGAUAAGAGCGGG 1.0
@@ CCCCCAACACGGAUGCAUGAUAAGAGCGGG 1.0
@@ CCCCCAACACGGAUGCAUGAUGAGAGCGGG 1.0
@@ CCCCCAACAAGGAAGCAAAAAAAUCGCGGG 1.0
@@ CCCCCAACCAGGAAGCAAAAAAAUCGCGGG 1.0
@@ CCCCCAACCAGGAAGCAAAAAAGUCGCGGG 1.0
@@ CCCCCAACCAGGAAGCAAGAAAGUCGCGGG 1.0
@@ CCCCCAACCAGGAAGCAAGUAAGUCGCGGG 1.0
@@ CCCCCAACCAGGAAGCAAGGAAGUCGCGGG 1.0


Elapsed time:                   86400.0140197277 secs.
Number of function evaluations: 73520264
----------------------------------------------------------------------


---------------------------------------
 FINISHED SUCCESSFULLY 
---------------------------------------
