
-----------------------------------------------------------------------
   _____ _____  ______ ______ _____             _____  _   _           
  / ____|  __ \|  ____|  ____|  __ \           |  __ \| \ | |   /\     
 | |  __| |__) | |__  | |__  | |  | |  ______  | |__) |  \| |  /  \    
 | | |_ |  _  /|  __| |  __| | |  | | |______| |  _  /| . ` | / /\ \   
 | |__| | | \ \| |____| |____| |__| |          | | \ \| |\  |/ ____ \  
  \_____|_|  \_\______|______|_____/           |_|  \_\_| \_/_/    \_\ 
       
                                       -- A. Rubio-Largo et al. 2023
-----------------------------------------------------------------------

------------------------------------------------------------------------------------------------------------------
CONFIGURATION: 

 * TARGET:           .(((((((((((...)))))....)))))).
 * STOPPING:         86400 secs.
 * SEED:             2
 * NO. OF SOLUTIONS: 1
 * max. GC-cont.:    0.48
 * MODEL:            TURNER2004
 * MUTATION PROB:    0.01
 * STAGNATION LIMIT: 50
------------------------------------------------------------------------------------------------------------------


 (1) Let's minimize the base-pair distance between predicted and target structures
    -> Min(Base-pair distance), min(Hamming distance), max(probability over ensemble), min(partition function), min(ensemble defect), min(%GC-content)


	 ->['ACCCCCCCCCCCAAAGGGGGAAAAGGGGGGA', '.(((((((((((...)))))....)))))).', 0.0, -0.8371495711292307, -21.9096, 0.0828, 1.0, 0.0]


    -> Found sequence! Elapsed time:                   0.012446403503417969 secs.


 (2) We found a sequence that folds exactly like the target structure. Let's minimize the GC-content
    -> ORDER: Min(Base-pair distance), min(Hamming distance), min(GC-content), min(partition function), min(ensemble defect), max(probability over ensemble))


	 >>> Resetting the solution to avoid local optima.
	 ->['ACCCCCCCCCCCAAAGGGGGAAAAGGGGGGA', '.(((((((((((...)))))....)))))).', 0.0, -0.8371495711292307, -21.9096, 0.0828, 1.0, 0.0]
	 ->['ACCCCCCCCCCCAAAGGGGGAAAAGGGGGGA', '.(((((((((((...)))))....)))))).', 0.0, -0.8371495711292307, -21.9096, 0.0828, 1.0, 0.0]
	 ->['ACCCCCCCCUCCAAAGGAGGAAAAGGGGGGA', '.(((((((((((...)))))....)))))).', 0.0, -0.9408898095522513, -19.7376, 0.0196, 0.9091, 0.0]
	 ->['ACCCCCCCCUGCAAAGUAGGAAAAGGGGGGA', '.(((((((((((...)))))....)))))).', 0.0, -0.9424155008606182, -17.5366, 0.019, 0.8182, 0.0]
	 ->['ACCCCCACCUGCAAAGUAGGAAAAUGGGGGA', '.(((((((((((...)))))....)))))).', 0.0, -0.9537117519017072, -15.8292, 0.0035, 0.7273, 0.0]
	 ->['ACUCCCACCUGCAAAGUAGGAAAAUGGGAGA', '.(((((((((((...)))))....)))))).', 0.0, -0.9496554338028698, -13.7318, 0.0036, 0.6364, 0.0]
	 ->['ACUCGCACCUGCAAAGUAGGAAAAUGUGAGA', '.(((((((((((...)))))....)))))).', 0.0, -0.9487397678175288, -11.0324, 0.0037, 0.5455, 0.0]


    -> Finished!! Elaapsed time:                   0.05344223976135254 secs.




RNA sequences found with GC-content <= 0.48:
## ACUCGCACUUGCAAAGUAGGAAAAUGUGAGA 0.45454545454545453

RNA sequences found with GC-content > 0.48:
@@ ACCCCCCCCCCCAAAGGGGGAAAAGGGGGGA 1.0
@@ ACCCCCCGCCCCAAAGGGGCAAAAGGGGGGA 1.0
@@ AGCCCCCGCCCCAAAGGGGCAAAAGGGGGCA 1.0
@@ ACCCCCCCCUCCAAAGGAGGAAAAGGGGGGA 0.9090909090909091
@@ ACCCCCCCCUGCAAAGUAGGAAAAGGGGGGA 0.8181818181818182
@@ ACCCCCACCUGCAAAGUAGGAAAAUGGGGGA 0.7272727272727273
@@ ACUCCCACCUGCAAAGUAGGAAAAUGGGAGA 0.6363636363636364
@@ ACUCGCACCUGCAAAGUAGGAAAAUGUGAGA 0.5454545454545454


Elapsed time:                   0.05367469787597656 secs.
Number of function evaluations: 38
----------------------------------------------------------------------


---------------------------------------
 FINISHED SUCCESSFULLY 
---------------------------------------
