
-----------------------------------------------------------------------
   _____ _____  ______ ______ _____             _____  _   _           
  / ____|  __ \|  ____|  ____|  __ \           |  __ \| \ | |   /\     
 | |  __| |__) | |__  | |__  | |  | |  ______  | |__) |  \| |  /  \    
 | | |_ |  _  /|  __| |  __| | |  | | |______| |  _  /| . ` | / /\ \   
 | |__| | | \ \| |____| |____| |__| |          | | \ \| |\  |/ ____ \  
  \_____|_|  \_\______|______|_____/           |_|  \_\_| \_/_/    \_\ 
       
                                       -- A. Rubio-Largo et al. 2023
-----------------------------------------------------------------------

------------------------------------------------------------------------------------------------------------------
CONFIGURATION: 

 * TARGET:           .(((((((((((...)))))....)))))).
 * STOPPING:         86400 secs.
 * SEED:             6
 * NO. OF SOLUTIONS: 1
 * max. GC-cont.:    0.48
 * MODEL:            TURNER2004
 * MUTATION PROB:    0.01
 * STAGNATION LIMIT: 50
------------------------------------------------------------------------------------------------------------------


 (1) Let's minimize the base-pair distance between predicted and target structures
    -> Min(Base-pair distance), min(Hamming distance), max(probability over ensemble), min(partition function), min(ensemble defect), min(%GC-content)


	 ->['ACCCCCCCCCCCAAAGGGGGAAAAGGGGGGA', '.(((((((((((...)))))....)))))).', 0.0, -0.8371495711292307, -21.9096, 0.0828, 1.0, 0.0]


    -> Found sequence! Elapsed time:                   0.01249384880065918 secs.


 (2) We found a sequence that folds exactly like the target structure. Let's minimize the GC-content
    -> ORDER: Min(Base-pair distance), min(Hamming distance), min(GC-content), min(partition function), min(ensemble defect), max(probability over ensemble))


	 >>> Resetting the solution to avoid local optima.
	 ->['AGGGGGGGGGGGAAACCCCCAAAACCCCCCA', '.(((((((((((...)))))....)))))).', 0.0, -0.7048278419861843, -22.4156, 0.1284, 1.0, 0.0]
	 ->['AGGGGGGGGGGGAAACCCCCAAAACCCCCCA', '.(((((((((((...)))))....)))))).', 0.0, -0.7048278419861843, -22.4156, 0.1284, 1.0, 0.0]
	 ->['AGGUGGGGGGGGAAACCCCCAAAACCCGCCA', '.(((((((((((...)))))....)))))).', 0.0, -0.7775972897519081, -19.655, 0.0695, 0.9091, 0.0]
	 ->['AGGUGGGGUGGGAAACCCACAAAACCCGCCA', '.(((((((((((...)))))....)))))).', 0.0, -0.9570087810802858, -17.2271, 0.0036, 0.8182, 0.0]
	 ->['AGGUGGGGUGGGAAACCUACAAAACCCGCCA', '.(((((((((((...)))))....)))))).', 0.0, -0.927936185795322, -14.9461, 0.0108, 0.7273, 0.0]
	 ->['AGGUGGGGUGUGAAACAUACAAAACCCGCCA', '.(((((((((((...)))))....)))))).', 0.0, -0.7181656485403538, -13.204, 0.0903, 0.6364, 0.0]
	 ->['AGGUGAGGUGUGCAACAUACAAAACUCGCCA', '.(((((((((((...)))))....)))))).', 0.0, -0.6786432785867363, -11.1389, 0.1038, 0.5455, 0.0]


    -> Finished!! Elaapsed time:                   0.052944183349609375 secs.




RNA sequences found with GC-content <= 0.48:
## AUGUGAGGUGUGCAACAUACAAAACUCGCAA 0.45454545454545453

RNA sequences found with GC-content > 0.48:
@@ ACCCCCCCCCCCAAAGGGGGAAAAGGGGGGA 1.0
@@ AGCCCCCCCCCCAAAGGGGGAAAAGGGGGCA 1.0
@@ AGCCCCCGCCCCAAAGGGGCAAAAGGGGGCA 1.0
@@ AGGGGGGGGGGGAAACCCCCAAAACCCCCCA 1.0
@@ AGGUGGGGGGGGAAACCCCCAAAACCCGCCA 0.9090909090909091
@@ AGGUGGGGUGGGAAACCCACAAAACCCGCCA 0.8181818181818182
@@ AGGUGGGGUGGGAAACCUACAAAACCCGCCA 0.7272727272727273
@@ AGGUGGGGUGUGAAACAUACAAAACCCGCCA 0.6363636363636364
@@ AGGUGAGGUGUGAAACAUACAAAACUCGCCA 0.5454545454545454
@@ AGGUGAGGUGUGCAACAUACAAAACUCGCCA 0.5454545454545454


Elapsed time:                   0.05323028564453125 secs.
Number of function evaluations: 37
----------------------------------------------------------------------


---------------------------------------
 FINISHED SUCCESSFULLY 
---------------------------------------
