
-----------------------------------------------------------------------
   _____ _____  ______ ______ _____             _____  _   _           
  / ____|  __ \|  ____|  ____|  __ \           |  __ \| \ | |   /\     
 | |  __| |__) | |__  | |__  | |  | |  ______  | |__) |  \| |  /  \    
 | | |_ |  _  /|  __| |  __| | |  | | |______| |  _  /| . ` | / /\ \   
 | |__| | | \ \| |____| |____| |__| |          | | \ \| |\  |/ ____ \  
  \_____|_|  \_\______|______|_____/           |_|  \_\_| \_/_/    \_\ 
       
                                       -- A. Rubio-Largo et al. 2023
-----------------------------------------------------------------------

------------------------------------------------------------------------------------------------------------------
CONFIGURATION: 

 * TARGET:           (((((......)))))
 * STOPPING:         86400 secs.
 * SEED:             7
 * NO. OF SOLUTIONS: 1
 * max. GC-cont.:    0.48
 * MODEL:            TURNER2004
 * MUTATION PROB:    0.01
 * STAGNATION LIMIT: 50
------------------------------------------------------------------------------------------------------------------


 (1) Let's minimize the base-pair distance between predicted and target structures
    -> Min(Base-pair distance), min(Hamming distance), max(probability over ensemble), min(partition function), min(ensemble defect), min(%GC-content)


	 ->['GGGGGAAAAAACCCCC', '(((((......)))))', 0.0, -0.9087370838545498, -8.959, 0.0372, 1.0, 0.0]


    -> Found sequence! Elapsed time:                   0.014259099960327148 secs.


 (2) We found a sequence that folds exactly like the target structure. Let's minimize the GC-content
    -> ORDER: Min(Base-pair distance), min(Hamming distance), min(GC-content), min(partition function), min(ensemble defect), max(probability over ensemble))


	 >>> Resetting the solution to avoid local optima.
	 ->['GGGGGAAAAAACCCCC', '(((((......)))))', 0.0, -0.9087370838545498, -8.959, 0.0372, 1.0, 0.0]
	 ->['GGGGGAAAAAGCCCCC', '(((((......)))))', 0.0, -0.9422296685408378, -9.1367, 0.0188, 1.0, 0.0]
	 ->['GGGUGGAAAAGCACCC', '(((((......)))))', 0.0, -0.9743137678478228, -7.716, 0.0018, 0.8, 0.0]
	 ->['GGGUUGAAAAAAACCC', '(((((......)))))', 0.0, -0.948777986275063, -5.8324, 0.0057, 0.6, 0.0]


    -> Finished!! Elaapsed time:                   0.04167437553405762 secs.




RNA sequences found with GC-content <= 0.48:
## GUGUUGAAAAAAACAC 0.4
## GUGUUGAACAAAACAC 0.4
## GUGUUGUACAAAACAC 0.4
## GUGUUGUGCAAAACAC 0.4

RNA sequences found with GC-content > 0.48:
@@ GGGGGAAAAAACCCCC 1.0
@@ GGGGCAAAAAAGCCCC 1.0
@@ GGGGGAAAAAGCCCCC 1.0
@@ GGGUGAAAAAGCACCC 0.8
@@ GGGUGGAAAAGCACCC 0.8
@@ GGGUUGAAAAGGACCC 0.6
@@ GGGUUGAAAAGAACCC 0.6
@@ GGGUUGAAAAAAACCC 0.6


Elapsed time:                   0.04181718826293945 secs.
Number of function evaluations: 36
----------------------------------------------------------------------


---------------------------------------
 FINISHED SUCCESSFULLY 
---------------------------------------
