
-----------------------------------------------------------------------
   _____ _____  ______ ______ _____             _____  _   _           
  / ____|  __ \|  ____|  ____|  __ \           |  __ \| \ | |   /\     
 | |  __| |__) | |__  | |__  | |  | |  ______  | |__) |  \| |  /  \    
 | | |_ |  _  /|  __| |  __| | |  | | |______| |  _  /| . ` | / /\ \   
 | |__| | | \ \| |____| |____| |__| |          | | \ \| |\  |/ ____ \  
  \_____|_|  \_\______|______|_____/           |_|  \_\_| \_/_/    \_\ 
       
                                       -- A. Rubio-Largo et al. 2023
-----------------------------------------------------------------------

------------------------------------------------------------------------------------------------------------------
CONFIGURATION: 

 * TARGET:           ((....)).((....))
 * STOPPING:         86400 secs.
 * SEED:             4
 * NO. OF SOLUTIONS: 1
 * max. GC-cont.:    0.48
 * MODEL:            TURNER2004
 * MUTATION PROB:    0.01
 * STAGNATION LIMIT: 50
------------------------------------------------------------------------------------------------------------------


 (1) Let's minimize the base-pair distance between predicted and target structures
    -> Min(Base-pair distance), min(Hamming distance), max(probability over ensemble), min(partition function), min(ensemble defect), min(%GC-content)


	 ->['CCAAAAGGACCAAAAGG', '((....)).........', 0.1176, -0.22692884214082137, -0.9141, 0.2019, 1.0, 0.2353]
	 >>> Resetting the solution to avoid local optima.
	 ->['GGAAAACCAGGAAAACC', '((....)).........', 0.1176, -0.10810565308153613, -0.8711, 0.2233, 1.0, 0.2353]
	 >>> Resetting the solution to avoid local optima.
	 ->['GGAAAACCAGGAAAACC', '((....)).........', 0.1176, -0.10810565308153613, -0.8711, 0.2233, 1.0, 0.2353]
	 >>> Resetting the solution to avoid local optima.
	 ->['CCAAAAGGACCAAAAGG', '((....)).........', 0.1176, -0.22692884214082137, -0.9141, 0.2019, 1.0, 0.2353]
	 ->['GCGCAAGCACCAAAAGG', '((....)).........', 0.1176, -0.35435353020593113, -2.1394, 0.122, 1.0, 0.2353]


    -> Found sequence! Elapsed time:                   0.24952483177185059 secs.


 (2) We found a sequence that folds exactly like the target structure. Let's minimize the GC-content
    -> ORDER: Min(Base-pair distance), min(Hamming distance), min(GC-content), min(partition function), min(ensemble defect), max(probability over ensemble))


	 >>> Resetting the solution to avoid local optima.
	 ->['CCAAAAGGACCAAAAGG', '((....)).........', 0.1176, -0.22692884214082137, -0.9141, 0.2019, 1.0, 0.2353]
	 >>> Resetting the solution to avoid local optima.
	 ->['CCAAAAGGACCAAAAGG', '((....)).........', 0.1176, -0.22692884214082137, -0.9141, 0.2019, 1.0, 0.2353]
	 >>> Resetting the solution to avoid local optima.
	 ->['CCAAAAGGACCAAAAGG', '((....)).........', 0.1176, -0.22692884214082137, -0.9141, 0.2019, 1.0, 0.2353]
	 ->['CCAAGCGGACCCACUGG', '((....)).........', 0.1176, -0.035687167304856666, -1.3542, 0.4889, 1.0, 0.2353]
	 >>> Resetting the solution to avoid local optima.
	 ->['CCAAAAGGACCAAAAGG', '((....)).........', 0.1176, -0.22692884214082137, -0.9141, 0.2019, 1.0, 0.2353]
	 ->['CCGUAAGGACCUGAGGG', '((....)).........', 0.1176, -0.07390047005692808, -1.9055, 0.3857, 1.0, 0.2353]
	 >>> Resetting the solution to avoid local optima.
	 ->['CCAAAAGGACCAAAAGG', '((....)).........', 0.1176, -0.22692884214082137, -0.9141, 0.2019, 1.0, 0.2353]
	 ->['GCUCGUGCGGCGGUCGC', '((....)).........', 0.1176, -0.04835673294165341, -2.7669, 0.5115, 1.0, 0.2353]
	 >>> Resetting the solution to avoid local optima.
	 ->['GGAAAACCAGGAAAACC', '((....)).........', 0.1176, -0.10810565308153613, -0.8711, 0.2233, 1.0, 0.2353]
	 >>> Resetting the solution to avoid local optima.
	 ->['CCAAAAGGACCAAAAGG', '((....)).........', 0.1176, -0.22692884214082137, -0.9141, 0.2019, 1.0, 0.2353]
	 ->['CCACCCGGACCACAAGG', '((....)).........', 0.1176, -0.18550806279580292, -1.0383, 0.2644, 1.0, 0.2353]
	 >>> Resetting the solution to avoid local optima.
	 ->['GGAAAACCAGGAAAACC', '((....)).........', 0.1176, -0.10810565308153613, -0.8711, 0.2233, 1.0, 0.2353]
	 >>> Resetting the solution to avoid local optima.
	 ->['GGAAAACCAGGAAAACC', '((....)).........', 0.1176, -0.10810565308153613, -0.8711, 0.2233, 1.0, 0.2353]
	 ->['GGGUUACCAGGCGGGCC', '((....)).........', 0.1176, -0.065742206469971, -2.5776, 0.4513, 1.0, 0.2353]
	 >>> Resetting the solution to avoid local optima.
	 ->['GGAAAACCAGGAAAACC', '((....)).........', 0.1176, -0.10810565308153613, -0.8711, 0.2233, 1.0, 0.2353]
	 ->['GGGACACCAGGGGAUCC', '((....)).........', 0.1176, -0.1759516126215859, -2.3709, 0.2923, 1.0, 0.2353]
	 >>> Resetting the solution to avoid local optima.
	 ->['CCAAAAGGACCAAAAGG', '((....)).........', 0.1176, -0.22692884214082137, -0.9141, 0.2019, 1.0, 0.2353]
	 ->['GCGAAAGCACCGAGCGG', '((....)).........', 0.1176, -0.29041859795340125, -2.262, 0.1942, 1.0, 0.2353]
	 >>> Resetting the solution to avoid local optima.
	 ->['CCAAAAGGACCAAAAGG', '((....)).........', 0.1176, -0.22692884214082137, -0.9141, 0.2019, 1.0, 0.2353]
	 ->['GCAGGCGCACCACCGGG', '((....)).........', 0.1176, -0.15593809940927464, -1.7453, 0.297, 1.0, 0.2353]
	 >>> Resetting the solution to avoid local optima.
	 ->['GGAAAACCAGGAAAACC', '((....)).........', 0.1176, -0.10810565308153613, -0.8711, 0.2233, 1.0, 0.2353]
	 >>> Resetting the solution to avoid local optima.
	 ->['GGAAAACCAGGAAAACC', '((....)).........', 0.1176, -0.10810565308153613, -0.8711, 0.2233, 1.0, 0.2353]
	 ->['GGAUAUCCAGGUAGACC', '((....)).........', 0.1176, -0.11768281259945987, -1.2188, 0.2333, 1.0, 0.2353]
	 >>> Resetting the solution to avoid local optima.
	 ->['GGAAAACCAGGAAAACC', '((....)).........', 0.1176, -0.10810565308153613, -0.8711, 0.2233, 1.0, 0.2353]
	 >>> Resetting the solution to avoid local optima.
	 ->['CCAAAAGGACCAAAAGG', '((....)).........', 0.1176, -0.22692884214082137, -0.9141, 0.2019, 1.0, 0.2353]
	 ->['GCGAGAGCACCAGCAGG', '((....)).........', 0.1176, -0.26314363143496483, -2.3228, 0.2311, 1.0, 0.2353]
	 >>> Resetting the solution to avoid local optima.
	 ->['CCAAAAGGACCAAAAGG', '((....)).........', 0.1176, -0.22692884214082137, -0.9141, 0.2019, 1.0, 0.2353]
	 ->['CCUAAUGGACCAAAAGG', '((....)).........', 0.1176, -0.27494021711198846, -1.3958, 0.1912, 1.0, 0.2353]
	 >>> Resetting the solution to avoid local optima.
	 ->['GGAAAACCAGGAAAACC', '((....)).........', 0.1176, -0.10810565308153613, -0.8711, 0.2233, 1.0, 0.2353]
	 >>> Resetting the solution to avoid local optima.
	 ->['GGAAAACCAGGAAAACC', '((....)).........', 0.1176, -0.10810565308153613, -0.8711, 0.2233, 1.0, 0.2353]
	 >>> Resetting the solution to avoid local optima.
	 ->['GGAAAACCAGGAAAACC', '((....)).........', 0.1176, -0.10810565308153613, -0.8711, 0.2233, 1.0, 0.2353]
	 ->['GCUUGUGCAUGGACGCA', '((....)).........', 0.1176, -0.021529982039422163, -2.4656, 0.4853, 1.0, 0.2353]
	 >>> Resetting the solution to avoid local optima.
	 ->['CCAAAAGGACCAAAAGG', '((....)).........', 0.1176, -0.22692884214082137, -0.9141, 0.2019, 1.0, 0.2353]
	 ->['CCAGUCGGGCCGCACGG', '((....)).........', 0.1176, -0.06833483703109716, -1.5538, 0.4466, 1.0, 0.2353]
	 >>> Resetting the solution to avoid local optima.
	 ->['CCAAAAGGACCAAAAGG', '((....)).........', 0.1176, -0.22692884214082137, -0.9141, 0.2019, 1.0, 0.2353]
	 ->['CCAGAGGGGCCACAGGG', '((....)).........', 0.1176, -0.07610941673034052, -1.2874, 0.3399, 1.0, 0.2353]
	 >>> Resetting the solution to avoid local optima.
	 ->['GGAAAACCAGGAAAACC', '((....)).........', 0.1176, -0.10810565308153613, -0.8711, 0.2233, 1.0, 0.2353]
	 >>> Resetting the solution to avoid local optima.
	 ->['CCAAAAGGACCAAAAGG', '((....)).........', 0.1176, -0.22692884214082137, -0.9141, 0.2019, 1.0, 0.2353]
	 >>> Resetting the solution to avoid local optima.
	 ->['CCAAAAGGACCAAAAGG', '((....)).........', 0.1176, -0.22692884214082137, -0.9141, 0.2019, 1.0, 0.2353]
	 ->['CCGACGGGACCAAAGGG', '((....)).........', 0.1176, -0.1923383563682057, -1.816, 0.2177, 1.0, 0.2353]
	 >>> Resetting the solution to avoid local optima.
	 ->['GGAAAACCAGGAAAACC', '((....)).........', 0.1176, -0.10810565308153613, -0.8711, 0.2233, 1.0, 0.2353]
	 >>> Resetting the solution to avoid local optima.
	 ->['CCAAAAGGACCAAAAGG', '((....)).........', 0.1176, -0.22692884214082137, -0.9141, 0.2019, 1.0, 0.2353]
	 ->['GCAUGAGCACCACCAGG', '((....)).........', 0.1176, -0.3044465211987349, -1.433, 0.159, 1.0, 0.2353]
	 >>> Resetting the solution to avoid local optima.
	 ->['CCAAAAGGACCAAAAGG', '((....)).........', 0.1176, -0.22692884214082137, -0.9141, 0.2019, 1.0, 0.2353]
	 ->['CCUCAUGGACCAGCGGG', '((....)).........', 0.1176, -0.1294422382955287, -1.7601, 0.3484, 1.0, 0.2353]
	 >>> Resetting the solution to avoid local optima.
	 ->['CCAAAAGGACCAAAAGG', '((....)).........', 0.1176, -0.22692884214082137, -0.9141, 0.2019, 1.0, 0.2353]
	 >>> Resetting the solution to avoid local optima.
	 ->['CCAAAAGGACCAAAAGG', '((....)).........', 0.1176, -0.22692884214082137, -0.9141, 0.2019, 1.0, 0.2353]
	 ->['GCAGGCGCGCCCUCCGG', '((....)).........', 0.1176, -0.04841069538917447, -1.8662, 0.4887, 1.0, 0.2353]
	 >>> Resetting the solution to avoid local optima.
	 ->['GGAAAACCAGGAAAACC', '((....)).........', 0.1176, -0.10810565308153613, -0.8711, 0.2233, 1.0, 0.2353]
	 >>> Resetting the solution to avoid local optima.
	 ->['CCAAAAGGACCAAAAGG', '((....)).........', 0.1176, -0.22692884214082137, -0.9141, 0.2019, 1.0, 0.2353]
	 ->['CCUUAGGGGCCGGGCGG', '((....)).........', 0.1176, -0.11974261542494162, -1.8081, 0.3158, 1.0, 0.2353]
	 >>> Resetting the solution to avoid local optima.
	 ->['CCAAAAGGACCAAAAGG', '((....)).........', 0.1176, -0.22692884214082137, -0.9141, 0.2019, 1.0, 0.2353]
	 ->['CCAUGAGGACCAAAGGG', '((....)).........', 0.1176, -0.12392670351635582, -1.1869, 0.3086, 1.0, 0.2353]
	 >>> Resetting the solution to avoid local optima.
	 ->['CCAAAAGGACCAAAAGG', '((....)).........', 0.1176, -0.22692884214082137, -0.9141, 0.2019, 1.0, 0.2353]
	 >>> Resetting the solution to avoid local optima.
	 ->['CCAAAAGGACCAAAAGG', '((....)).........', 0.1176, -0.22692884214082137, -0.9141, 0.2019, 1.0, 0.2353]
	 >>> Resetting the solution to avoid local optima.
	 ->['GGAAAACCAGGAAAACC', '((....)).........', 0.1176, -0.10810565308153613, -0.8711, 0.2233, 1.0, 0.2353]
	 ->['GGGCAGCCAGGCGGACC', '((....)).........', 0.1176, -0.06078881720381425, -2.3259, 0.4041, 1.0, 0.2353]
	 >>> Resetting the solution to avoid local optima.
	 ->['CCAAAAGGACCAAAAGG', '((....)).........', 0.1176, -0.22692884214082137, -0.9141, 0.2019, 1.0, 0.2353]
	 >>> Resetting the solution to avoid local optima.
	 ->['GGAAAACCAGGAAAACC', '((....)).........', 0.1176, -0.10810565308153613, -0.8711, 0.2233, 1.0, 0.2353]
	 ->['GGAUACCCAGGACCGCC', '((....)).........', 0.1176, -0.13931285396791182, -1.3148, 0.2475, 1.0, 0.2353]
	 >>> Resetting the solution to avoid local optima.
	 ->['CCAAAAGGACCAAAAGG', '((....)).........', 0.1176, -0.22692884214082137, -0.9141, 0.2019, 1.0, 0.2353]
	 ->['GCGUGAGCACCACCGGG', '((....)).........', 0.1176, -0.16771795336504522, -2.5004, 0.3419, 1.0, 0.2353]
	 >>> Resetting the solution to avoid local optima.
	 ->['CCAAAAGGACCAAAAGG', '((....)).........', 0.1176, -0.22692884214082137, -0.9141, 0.2019, 1.0, 0.2353]
	 ->['CCAAAAGGACCAAAAGG', '((....)).........', 0.1176, -0.22692884214082137, -0.9141, 0.2019, 1.0, 0.2353]
	 >>> Resetting the solution to avoid local optima.
	 ->['CCAAAAGGACCAAAAGG', '((....)).........', 0.1176, -0.22692884214082137, -0.9141, 0.2019, 1.0, 0.2353]
	 ->['CCGGUAGGACCAUAUGG', '((....)).........', 0.1176, -0.16384125824656567, -1.9148, 0.3891, 1.0, 0.2353]
	 >>> Resetting the solution to avoid local optima.
	 ->['CCAAAAGGACCAAAAGG', '((....)).........', 0.1176, -0.22692884214082137, -0.9141, 0.2019, 1.0, 0.2353]
	 ->['CCAACAGGGCCAGAAGG', '((....)).........', 0.1176, -0.16297846519164239, -1.0181, 0.2275, 1.0, 0.2353]
	 >>> Resetting the solution to avoid local optima.
	 ->['CCAAAAGGACCAAAAGG', '((....)).........', 0.1176, -0.22692884214082137, -0.9141, 0.2019, 1.0, 0.2353]
	 ->['CCACGAGGGCCAAAAGG', '((....)).........', 0.1176, -0.16133802768032246, -1.0243, 0.2297, 1.0, 0.2353]
	 >>> Resetting the solution to avoid local optima.
	 ->['GGAAAACCAGGAAAACC', '((....)).........', 0.1176, -0.10810565308153613, -0.8711, 0.2233, 1.0, 0.2353]
	 ->['GGAAUACCAGGGACUCC', '((....)).........', 0.1176, -0.15053507276112527, -1.067, 0.2583, 1.0, 0.2353]
	 >>> Resetting the solution to avoid local optima.
	 ->['GGAAAACCAGGAAAACC', '((....)).........', 0.1176, -0.10810565308153613, -0.8711, 0.2233, 1.0, 0.2353]
	 >>> Resetting the solution to avoid local optima.
	 ->['CCAAAAGGACCAAAAGG', '((....)).........', 0.1176, -0.22692884214082137, -0.9141, 0.2019, 1.0, 0.2353]
	 ->['CCAAAAGGACCAAAAGG', '((....)).........', 0.1176, -0.22692884214082137, -0.9141, 0.2019, 1.0, 0.2353]
	 >>> Resetting the solution to avoid local optima.
	 ->['GGAAAACCAGGAAAACC', '((....)).........', 0.1176, -0.10810565308153613, -0.8711, 0.2233, 1.0, 0.2353]
	 ->['GGGCCACCACCAGCUGG', '((....)).........', 0.1176, -0.19889020557741957, -2.5954, 0.3091, 1.0, 0.2353]
	 >>> Resetting the solution to avoid local optima.
	 ->['GGAAAACCAGGAAAACC', '((....)).........', 0.1176, -0.10810565308153613, -0.8711, 0.2233, 1.0, 0.2353]
	 ->['GGGAAGCCAGGUCGUCC', '((....)).........', 0.1176, -0.24481587044820768, -1.9673, 0.1982, 1.0, 0.2353]
	 >>> Resetting the solution to avoid local optima.
	 ->['CCAAAAGGACCAAAAGG', '((....)).........', 0.1176, -0.22692884214082137, -0.9141, 0.2019, 1.0, 0.2353]
	 ->['CCGUUAGGGGCGAACGC', '((....)).........', 0.1176, -0.06196949452191049, -2.3141, 0.4357, 1.0, 0.2353]
	 >>> Resetting the solution to avoid local optima.
	 ->['GGAAAACCAGGAAAACC', '((....)).........', 0.1176, -0.10810565308153613, -0.8711, 0.2233, 1.0, 0.2353]
	 >>> Resetting the solution to avoid local optima.
	 ->['GGAAAACCAGGAAAACC', '((....)).........', 0.1176, -0.10810565308153613, -0.8711, 0.2233, 1.0, 0.2353]
	 >>> Resetting the solution to avoid local optima.
	 ->['CCAAAAGGACCAAAAGG', '((....)).........', 0.1176, -0.22692884214082137, -0.9141, 0.2019, 1.0, 0.2353]
	 ->['CCAAAAGGACCAUAAGG', '((....)).........', 0.1176, -0.22649902795769547, -0.9152, 0.2025, 1.0, 0.2353]
	 >>> Resetting the solution to avoid local optima.
	 ->['CCAAAAGGACCAAAAGG', '((....)).........', 0.1176, -0.22692884214082137, -0.9141, 0.2019, 1.0, 0.2353]
	 >>> Resetting the solution to avoid local optima.
	 ->['GGAAAACCAGGAAAACC', '((....)).........', 0.1176, -0.10810565308153613, -0.8711, 0.2233, 1.0, 0.2353]
	 ->['GGAGACCCAGCUAAGGC', '((....)).........', 0.1176, -0.33160239739484804, -1.5803, 0.191, 1.0, 0.2353]
	 >>> Resetting the solution to avoid local optima.
	 ->['GGAAAACCAGGAAAACC', '((....)).........', 0.1176, -0.10810565308153613, -0.8711, 0.2233, 1.0, 0.2353]
	 ->['GGAAACCCAGGAAAACC', '((....)).........', 0.1176, -0.12412064953739484, -1.186, 0.2021, 1.0, 0.2353]
	 >>> Resetting the solution to avoid local optima.
	 ->['CCAAAAGGACCAAAAGG', '((....)).........', 0.1176, -0.22692884214082137, -0.9141, 0.2019, 1.0, 0.2353]
	 >>> Resetting the solution to avoid local optima.
	 ->['CCAAAAGGACCAAAAGG', '((....)).........', 0.1176, -0.22692884214082137, -0.9141, 0.2019, 1.0, 0.2353]
	 ->['CCAUAAGGACCUGAGGG', '((....)).........', 0.1176, -0.061671921065022235, -1.217, 0.3844, 1.0, 0.2353]
	 >>> Resetting the solution to avoid local optima.
	 ->['GGAAAACCAGGAAAACC', '((....)).........', 0.1176, -0.10810565308153613, -0.8711, 0.2233, 1.0, 0.2353]
	 ->['GGAAAUCCAGGAACACC', '((....)).........', 0.1176, -0.1269280491493447, -1.1722, 0.1969, 1.0, 0.2353]
	 >>> Resetting the solution to avoid local optima.
	 ->['CCAAAAGGACCAAAAGG', '((....)).........', 0.1176, -0.22692884214082137, -0.9141, 0.2019, 1.0, 0.2353]
	 ->['GCACGCGCGCCAAGGGG', '((....)).........', 0.1176, -0.09702393115871571, -1.7378, 0.321, 1.0, 0.2353]
	 >>> Resetting the solution to avoid local optima.
	 ->['CCAAAAGGACCAAAAGG', '((....)).........', 0.1176, -0.22692884214082137, -0.9141, 0.2019, 1.0, 0.2353]
	 >>> Resetting the solution to avoid local optima.
	 ->['CCAAAAGGACCAAAAGG', '((....)).........', 0.1176, -0.22692884214082137, -0.9141, 0.2019, 1.0, 0.2353]
	 ->['GCAGACGCAGCAGCAGC', '((....)).........', 0.1176, -0.11711167133653665, -1.8218, 0.3479, 1.0, 0.2353]
	 >>> Resetting the solution to avoid local optima.
	 ->['CCAAAAGGACCAAAAGG', '((....)).........', 0.1176, -0.22692884214082137, -0.9141, 0.2019, 1.0, 0.2353]
	 ->['CCGUGAGGACCAAGAGG', '((....)).........', 0.1176, -0.29490258497343624, -1.5526, 0.1715, 1.0, 0.2353]
	 >>> Resetting the solution to avoid local optima.
	 ->['CCAAAAGGACCAAAAGG', '((....)).........', 0.1176, -0.22692884214082137, -0.9141, 0.2019, 1.0, 0.2353]
	 ->['CCAAAAGGACCAGAAGG', '((....)).........', 0.1176, -0.22671521073609321, -0.9147, 0.2022, 1.0, 0.2353]
	 >>> Resetting the solution to avoid local optima.
	 ->['CCAAAAGGACCAAAAGG', '((....)).........', 0.1176, -0.22692884214082137, -0.9141, 0.2019, 1.0, 0.2353]
	 ->['CCAAGAGGACCAAAAGG', '((....)).........', 0.1176, -0.2259393578102272, -0.9168, 0.203, 1.0, 0.2353]
	 >>> Resetting the solution to avoid local optima.
	 ->['CCAAAAGGACCAAAAGG', '((....)).........', 0.1176, -0.22692884214082137, -0.9141, 0.2019, 1.0, 0.2353]
	 ->['GCGAUAGCACCCUUUGG', '((....)).........', 0.1176, -0.14448279081159315, -1.9923, 0.1723, 1.0, 0.2353]
	 >>> Resetting the solution to avoid local optima.
	 ->['CCAAAAGGACCAAAAGG', '((....)).........', 0.1176, -0.22692884214082137, -0.9141, 0.2019, 1.0, 0.2353]
	 ->['CCAAAUGGACCAUAAGG', '((....)).........', 0.1176, -0.21002028635839398, -0.9618, 0.2344, 1.0, 0.2353]
	 >>> Resetting the solution to avoid local optima.
	 ->['GGAAAACCAGGAAAACC', '((....)).........', 0.1176, -0.10810565308153613, -0.8711, 0.2233, 1.0, 0.2353]
	 ->['GGAACUCCAGGAGAACC', '((....)).........', 0.1176, -0.06628101360167465, -1.5726, 0.4113, 1.0, 0.2353]
	 >>> Resetting the solution to avoid local optima.
	 ->['GGAAAACCAGGAAAACC', '((....)).........', 0.1176, -0.10810565308153613, -0.8711, 0.2233, 1.0, 0.2353]
	 ->['GGGUGACCGGCGCGUGC', '((....)).........', 0.1176, -0.11022764219984137, -2.5591, 0.3979, 1.0, 0.2353]
	 >>> Resetting the solution to avoid local optima.
	 ->['CCAAAAGGACCAAAAGG', '((....)).........', 0.1176, -0.22692884214082137, -0.9141, 0.2019, 1.0, 0.2353]
	 ->['CCGUGGGGACCAACAGG', '((....)).........', 0.1176, -0.12360651582582943, -2.1885, 0.4632, 1.0, 0.2353]




RNA sequences found with GC-content <= 0.48:

RNA sequences found with GC-content > 0.48:
@@ GCGCAAGCACCGAAAGG 1.0
@@ GCGCAAGCACCGUAAGG 1.0
@@ GCGCAAGCACCGUAGGG 1.0
@@ GGGCAACCACCGUAGGG 1.0
@@ GGGCAACCACCGGAGGG 1.0
@@ GGGCAACCACCGCAGGG 1.0
@@ GGGCCACCACCGCAGGG 1.0
@@ GGGCCACCACCGCUGGG 1.0
@@ GGGCCACCACCGCGGGG 1.0
@@ GCGCCAGCACCGCGGGG 1.0
@@ CCAAGCGGACCUACUGG 1.0
@@ GCAAGCGCACCUACUGG 1.0
@@ GCAAGCGCACCUAGUGG 1.0
@@ GCAAUCGCACCUAGUGG 1.0
@@ GCAUUCGCACCUAGUGG 1.0
@@ CCGUAAGGACCCGAGGG 1.0
@@ CCGCAAGGACCCGAGGG 1.0
@@ CCGCCAGGACCCGAGGG 1.0
@@ CCGCCAGGACCCAAGGG 1.0
@@ GCGCCAGCACCCAAGGG 1.0
@@ GCGCCAGCACCGAAGGG 1.0
@@ GCGCCAGCACCGAGGGG 1.0
@@ GCGCCGGCACCGAGGGG 1.0
@@ GCUCGUGCGGCGGUAGC 1.0
@@ CCACCCGGACCGCAAGG 1.0
@@ CCACCCGGACCGCUAGG 1.0
@@ CCACCGGGACCGCUAGG 1.0
@@ CCGCCGGGACCGCUAGG 1.0
@@ CCGCCGGGGCCGCUAGG 1.0
@@ CCUCCGGGGCCGCUAGG 1.0
@@ GCUCCGGCGCCGCUAGG 1.0
@@ GCUCCGGCACCGCUAGG 1.0
@@ GCUCCGGCAGCGCUAGC 1.0
@@ GGGUUACCAGGGGGGCC 1.0
@@ GGGACACCAGGGGAACC 1.0
@@ GGGACACCAGGGGCACC 1.0
@@ GGGAGACCAGGGGCACC 1.0
@@ GGGGGACCAGGGGCACC 1.0
@@ GGGGGACCAGGGGUACC 1.0
@@ GCGAAAGCACCGAGGGG 1.0
@@ GCGCAAGCACCGAGGGG 1.0
@@ GGGCAACCACCGAGGGG 1.0
@@ GGGCGACCACCGAGGGG 1.0
@@ GGGGGACCACCGAGGGG 1.0
@@ GGGGGACCACCGUGGGG 1.0
@@ GCAGGCGCACCUCCGGG 1.0
@@ GCAGGUGCACCUCCGGG 1.0
@@ GGAUAUCCAGGGAGACC 1.0
@@ GGAUGUCCAGGGAGACC 1.0
@@ GGAAGUCCAGGGAGACC 1.0
@@ GGGAGUCCAGGGAGACC 1.0
@@ GGGAGACCAGGGAGACC 1.0
@@ GGGAGACCAGGGACACC 1.0
@@ GGGCGACCAGGGACACC 1.0
@@ GGGCUACCAGGGACACC 1.0
@@ GGGUUACCAGGGACACC 1.0
@@ GGGUUACCAGGGAGACC 1.0
@@ GCGAGAGCACCGGCAGG 1.0
@@ GCGUGAGCACCGGCAGG 1.0
@@ GCGUGAGCACCGUCAGG 1.0
@@ GCGUGGGCACCGUCAGG 1.0
@@ GCGUGGGCACCGUGAGG 1.0
@@ GCGUGGGCACCGUGGGG 1.0
@@ GCGUGGGCACCGUCGGG 1.0
@@ GCGUGGGCGCCGUCGGG 1.0
@@ CCUAAUGGACCGAAAGG 1.0
@@ CCUAUUGGACCGAAAGG 1.0
@@ CCUAUUGGACCGAGAGG 1.0
@@ CCUAUUGGACCGGGAGG 1.0
@@ CCUAGUGGACCGGGAGG 1.0
@@ GCUAGUGCACCGGGAGG 1.0
@@ GCUAGUGCACCGGUAGG 1.0
@@ GCUAGUGCACCGGUGGG 1.0
@@ GCUAGUGCACCGGCGGG 1.0
@@ GCUAGUGCACCUGCGGG 1.0
@@ GCUUGUGCACCUGCGGG 1.0
@@ GCUUGUGCAGGGACGCC 1.0
@@ GCUCGUGCAGGGACGCC 1.0
@@ CCAGUCGGGCCGCAAGG 1.0
@@ CCACUCGGGCCGCAAGG 1.0
@@ CCACUCGGGGCGCAAGC 1.0
@@ CCACUCGGGGCGCUAGC 1.0
@@ CCACCCGGGGCGCUAGC 1.0
@@ CCACCCGGGGCGAUAGC 1.0
@@ CCACCUGGGGCGAUAGC 1.0
@@ CCACCUGGGGCGAGAGC 1.0
@@ GCACCUGCGGCGAGAGC 1.0
@@ GCACGUGCGGCGAGAGC 1.0
@@ GCACGUGCGGCGACAGC 1.0
@@ CCAGAGGGGCCGCAGGG 1.0
@@ CCAGACGGGCCGCAGGG 1.0
@@ CCAGACGGGCCGCGGGG 1.0
@@ CCGACGGGACCUAAGGG 1.0
@@ CCGGCGGGACCUAAGGG 1.0
@@ CCGGUGGGACCUAAGGG 1.0
@@ GCGGUGGCACCUAAGGG 1.0
@@ GCGGUGGCACCUCAGGG 1.0
@@ GCGGUGGCACCUCAUGG 1.0
@@ GCGGAGGCACCUCAUGG 1.0
@@ GCGGAGGCACCUCGUGG 1.0
@@ GCAUGAGCACCGCCAGG 1.0
@@ GCAUGCGCACCGCCAGG 1.0
@@ GCAAGCGCACCGCCAGG 1.0
@@ CCUCAUGGACCGGCGGG 1.0
@@ CCUCUUGGACCGGCGGG 1.0
@@ CCUCUUGGACCUGCGGG 1.0
@@ CCUCAUGGACCUGCGGG 1.0
@@ CCUCAUGGACCUCCGGG 1.0
@@ CCUCAUGGGCCUCCGGG 1.0
@@ CCUGAUGGGCCUCCGGG 1.0
@@ GCAGGCGCGCCCUCGGG 1.0
@@ GCAGGUGCGCCCUCGGG 1.0
@@ GCAGGUGCACCCUCGGG 1.0
@@ GCUGGUGCACCCUCGGG 1.0
@@ GCUCGUGCACCCUCGGG 1.0
@@ CCUUAGGGGCCGGGAGG 1.0
@@ GCUUAGGCGCCGGGAGG 1.0
@@ GCUUAGGCGCCGGGGGG 1.0
@@ GCGUAGGCGCCGGGGGG 1.0
@@ GCGUAGGCGCCGAGGGG 1.0
@@ GCGUAGGCGCCGACGGG 1.0
@@ GCGUAGGCGCCGGCGGG 1.0
@@ GCGUAGGCGGCGGCGGC 1.0
@@ CCAUGAGGACCGAAGGG 1.0
@@ CCGUGAGGACCGAAGGG 1.0
@@ CCGUGAGGGCCGAAGGG 1.0
@@ CCGCGAGGGCCGAAGGG 1.0
@@ GGGCAGCCAGGGGGACC 1.0
@@ GGGCUGCCAGGGGGACC 1.0
@@ GGGCUACCAGGGGGACC 1.0
@@ GGGCUACCAGGGCGACC 1.0
@@ GGAUACCCAGGGCCGCC 1.0
@@ GGACACCCAGGGCCGCC 1.0
@@ GGACACCCAGGGCCACC 1.0
@@ GCGUGAGCACCGCCGGG 1.0
@@ GCGUGAGCACCUCCGGG 1.0
@@ GCGAGAGCACCUCCGGG 1.0
@@ GCGAGAGCGCCUCCGGG 1.0
@@ CCAAAAGGACCGAAAGG 1.0
@@ CCAAACGGACCGAAAGG 1.0
@@ CCAAACGGACCGAGAGG 1.0
@@ CCAUACGGACCGAGAGG 1.0
@@ CCGUACGGACCGAGAGG 1.0
@@ CCGUGCGGACCGAGAGG 1.0
@@ CCGUGCGGGCCGAGAGG 1.0
@@ CCGUGAGGGCCGAGAGG 1.0
@@ CCGCGAGGGCCGAGAGG 1.0
@@ CCGGUAGGACCUUAUGG 1.0
@@ CCGGUAGGACCUAAUGG 1.0
@@ CCGGUAGGACCUAAGGG 1.0
@@ CCGGUAGGACCCAAGGG 1.0
@@ GCGGUAGCACCCAAGGG 1.0
@@ GCGGUGGCACCCAAGGG 1.0
@@ GCGCUGGCACCCAAGGG 1.0
@@ CCAACAGGGCCGGAAGG 1.0
@@ CCAACUGGGCCGGAAGG 1.0
@@ GCAACUGCGCCGGAAGG 1.0
@@ GCUACUGCGCCGGAAGG 1.0
@@ GCUACUGCACCGGAAGG 1.0
@@ GCUACGGCACCGGAAGG 1.0
@@ GCUGCGGCACCGGAAGG 1.0
@@ GCUGCGGCACCGUAAGG 1.0
@@ CCACGAGGGCCGAAAGG 1.0
@@ CCAGGAGGGCCGAAAGG 1.0
@@ CCAGGAGGGCCGCAAGG 1.0
@@ CCAGGAGGGCCGCUAGG 1.0
@@ GGAAUACCAGGGACGCC 1.0
@@ GGAGUACCAGGGACGCC 1.0
@@ GGAGUACCAGGGACACC 1.0
@@ GGAGUACCAGGGCCACC 1.0
@@ GGAGUUCCAGGGCCACC 1.0
@@ GCAGUUGCAGGGCCACC 1.0
@@ GCUGUUGCAGGGCCACC 1.0
@@ GCUUUUGCAGGGCCACC 1.0
@@ GCUUUUGCAGGGCUACC 1.0
@@ CCAAAAGGACCGAAGGG 1.0
@@ CCACAAGGACCGAAGGG 1.0
@@ GCACAAGCACCGAAGGG 1.0
@@ GCACAUGCACCGAAGGG 1.0
@@ GCACAUGCACCGAGGGG 1.0
@@ GCACAUGCACCGAUGGG 1.0
@@ GCACCUGCACCGAUGGG 1.0
@@ GCACCUGCACCGUUGGG 1.0
@@ GCUCCUGCACCGUUGGG 1.0
@@ GCUCCUGCACCGUCGGG 1.0
@@ GCUCCUGCACCCUCGGG 1.0
@@ GCUCCGGCACCCUCGGG 1.0
@@ GGGCCACCACCUGCUGG 1.0
@@ GGGCCACCACCUGCGGG 1.0
@@ GGGCUACCACCUGCGGG 1.0
@@ GGGCAACCACCUGCGGG 1.0
@@ GGGUAACCACCUGCGGG 1.0
@@ GGGGAACCACCUGCGGG 1.0
@@ GGGGCACCACCUGCGGG 1.0
@@ GGGGUACCACCUGCGGG 1.0
@@ GGGGUACCACCUACGGG 1.0
@@ GGGGGACCACCUACGGG 1.0
@@ GGGAAGCCAGCUCGUGC 1.0
@@ GGGAUGCCAGCUCGUGC 1.0
@@ GGGAUACCAGCUCGUGC 1.0
@@ GGGACACCAGCUCGUGC 1.0
@@ GGGAGACCAGCUCGUGC 1.0
@@ CCGUUAGGGGCGAAAGC 1.0
@@ CCGUUGGGGGCGAAAGC 1.0
@@ GCGUUGGCGGCGAAAGC 1.0
@@ GCGUUGGCGGCGAUAGC 1.0
@@ GCGUUGGCGGCGUUAGC 1.0
@@ GCGUUGGCAGCGUUAGC 1.0
@@ CCAAAAGGACCGUAAGG 1.0
@@ CCAAGAGGACCGUAAGG 1.0
@@ CCAAGAGGACCGGAAGG 1.0
@@ CCAUGAGGACCGGAAGG 1.0
@@ CCAUGAGGACCGGAGGG 1.0
@@ CCAUGAGGGCCGGAGGG 1.0
@@ CCAUGAGGGCCGCAGGG 1.0
@@ CCACGAGGGCCGCAGGG 1.0
@@ GCACGAGCGCCGCAGGG 1.0
@@ GCACUAGCGCCGCAGGG 1.0
@@ GCACUAGCGCCGCGGGG 1.0
@@ GCAGUAGCGCCGCGGGG 1.0
@@ GCAGUUGCGCCGCGGGG 1.0
@@ GCAGUUGCACCGCGGGG 1.0
@@ GCAGUUGCACCGCAGGG 1.0
@@ GCAGUGGCACCGCAGGG 1.0
@@ GCAGUGGCACCGCGGGG 1.0
@@ GGAGACCCAGCUACGGC 1.0
@@ GGGGACCCAGCUACGGC 1.0
@@ GCGGACGCAGCUACGGC 1.0
@@ GCGCACGCAGCUACGGC 1.0
@@ GCGCGCGCAGCUACGGC 1.0
@@ GCGCGAGCAGCUACGGC 1.0
@@ GCGCGGGCAGCUACGGC 1.0
@@ GCGCGGGCGGCUACGGC 1.0
@@ GGAAACCCAGGGAAACC 1.0
@@ GGACACCCAGGGAAACC 1.0
@@ GCACACGCAGGGAAACC 1.0
@@ GCACUCGCAGGGAAACC 1.0
@@ GCACUCGCAGGGAAGCC 1.0
@@ CCAUAAGGACCGGAGGG 1.0
@@ CCAUAGGGACCGGAGGG 1.0
@@ CCAUACGGACCGGAGGG 1.0
@@ CCAUACGGACCGGCGGG 1.0
@@ CCAGACGGACCGGCGGG 1.0
@@ CCAGACGGACCGGGGGG 1.0
@@ CCAGACGGGCCGGGGGG 1.0
@@ CCACACGGGCCGGGGGG 1.0
@@ GGAAAUCCAGGGACACC 1.0
@@ GGGAAUCCAGGGACACC 1.0
@@ GGGAAUCCAGGGAUACC 1.0
@@ GGGAUUCCAGGGAUACC 1.0
@@ GGGAUGCCAGGGAUACC 1.0
@@ GGGGUGCCAGGGAUACC 1.0
@@ GGGGUGCCAGGGUUACC 1.0
@@ GGGGUACCAGGGUUACC 1.0
@@ GCACGCGCGCCGAGGGG 1.0
@@ GCACGCGCACCGAGGGG 1.0
@@ GCGCGCGCACCGAGGGG 1.0
@@ GCGCGCGCACCGACGGG 1.0
@@ GCGCGAGCACCGACGGG 1.0
@@ GCGUGAGCACCGACGGG 1.0
@@ GCGUGAGCACCUACGGG 1.0
@@ GCGUAAGCACCUACGGG 1.0
@@ GCGUAAGCACCUGCGGG 1.0
@@ CCACAAGGACCGAAAGG 1.0
@@ CCGCAAGGACCGAAAGG 1.0
@@ CCGCCAGGACCGAAAGG 1.0
@@ CCGUCAGGACCGAAAGG 1.0
@@ CCGUCAGGGCCGAAAGG 1.0
@@ CCGUCAGGGCCGAGAGG 1.0
@@ CCGUCAGGGCCGCGAGG 1.0
@@ CCGUCAGGGCCGCCAGG 1.0
@@ CCGUCGGGGCCGCCAGG 1.0
@@ GCAGACGCAGCGGCAGC 1.0
@@ GCAGACGCACCGGCAGG 1.0
@@ CCGUGAGGACCGAGAGG 1.0
@@ CCGUGAGGGCCGACAGG 1.0
@@ CCGUGAGGGCCGGCAGG 1.0
@@ CCAAAAGGACCGGAAGG 1.0
@@ CCAAAAGGACCGGGAGG 1.0
@@ CCAGAAGGACCGGGAGG 1.0
@@ CCAGUAGGACCGGGAGG 1.0
@@ CCAGUAGGACCGGGGGG 1.0
@@ GCAGUAGCACCGGGGGG 1.0
@@ GCAGUAGCACCGCGGGG 1.0
@@ CCAAGAGGACCGAAAGG 1.0
@@ CCGAGAGGACCGAAAGG 1.0
@@ CCGAGGGGACCGAAAGG 1.0
@@ CCGAGGGGACCGCAAGG 1.0
@@ CCGAGGGGACCGCUAGG 1.0
@@ CCGAGGGGGCCGCUAGG 1.0
@@ CCGAGGGGGGCGCUAGC 1.0
@@ CCGGGGGGGGCGCUAGC 1.0
@@ GCGAUAGCACCUUUUGG 1.0
@@ GCGAUAGCACCUUAUGG 1.0
@@ GCGAUGGCACCUUAUGG 1.0
@@ GCGAUGGCACCUUCUGG 1.0
@@ GCGAUGGCACCUUGUGG 1.0
@@ GCGAUGGCACCUCGUGG 1.0
@@ GCGAAGGCACCUCGUGG 1.0
@@ CCAAAUGGACCGUAAGG 1.0
@@ CCAAAUGGACCGUAGGG 1.0
@@ CCAAAUGGACCGUGGGG 1.0
@@ CCAAAUGGGCCGUGGGG 1.0
@@ GCAAAUGCGCCGUGGGG 1.0
@@ GCAAAUGCACCGUGGGG 1.0
@@ GCAAAUGCACCGUUGGG 1.0
@@ GCGAAUGCACCGUUGGG 1.0
@@ GCGAAUGCACCGUCGGG 1.0
@@ GCGAAAGCACCGUCGGG 1.0
@@ GCGAAGGCACCGUCGGG 1.0
@@ GCGAAGGCACCCUCGGG 1.0
@@ GGAACUCCAGGGGAACC 1.0
@@ GGGUGACCGGCGCGGGC 1.0
@@ GGGUGACCGCCGCGGGG 1.0
@@ CCGUGGGGACCGACAGG 1.0
@@ GCGUGGGCACCGACAGG 1.0
@@ GCGCGGGCACCGACAGG 1.0
@@ GCGCUGGCACCGACAGG 1.0
@@ GCGUUGGCACCGACAGG 1.0


Elapsed time:                   86400.0143442154 secs.
Number of function evaluations: 108030415
----------------------------------------------------------------------


---------------------------------------
 FINISHED SUCCESSFULLY 
---------------------------------------
