
-----------------------------------------------------------------------
   _____ _____  ______ ______ _____             _____  _   _           
  / ____|  __ \|  ____|  ____|  __ \           |  __ \| \ | |   /\     
 | |  __| |__) | |__  | |__  | |  | |  ______  | |__) |  \| |  /  \    
 | | |_ |  _  /|  __| |  __| | |  | | |______| |  _  /| . ` | / /\ \   
 | |__| | | \ \| |____| |____| |__| |          | | \ \| |\  |/ ____ \  
  \_____|_|  \_\______|______|_____/           |_|  \_\_| \_/_/    \_\ 
       
                                       -- A. Rubio-Largo et al. 2023
-----------------------------------------------------------------------

------------------------------------------------------------------------------------------------------------------
CONFIGURATION: 

 * TARGET:           ((....)).((....)).((....)).((....))
 * STOPPING:         86400 secs.
 * SEED:             2
 * NO. OF SOLUTIONS: 1
 * max. GC-cont.:    0.48
 * MODEL:            TURNER2004
 * MUTATION PROB:    0.01
 * STAGNATION LIMIT: 50
------------------------------------------------------------------------------------------------------------------


 (1) Let's minimize the base-pair distance between predicted and target structures
    -> Min(Base-pair distance), min(Hamming distance), max(probability over ensemble), min(partition function), min(ensemble defect), min(%GC-content)


	 ->['CCAAAAGGACCAAAAGGACCAAAAGGACCAAAAGG', '((....((.((....)).))....)).........', 0.2857, -0.0012081297858343907, -4.7409, 0.2666, 1.0, 0.2286]
	 ->['CCAAAAGGACCAAAAGGACCAAAAGGAGCAAAAGC', '((....((.((....)).))....)).........', 0.2857, -0.0018484276538532772, -4.2788, 0.2857, 1.0, 0.2286]
	 ->['CGAAAACGACCAAAAGGACCAAAAGGAGCAAAAGC', '...............(..((....))..)......', 0.2, -0.011515284868221938, -1.8513, 0.2655, 1.0, 0.3429]
	 ->['CGAAAACGAGCAAAAGCAGCAAAAGCAGGAAAACC', '.........((....)).((....)).........', 0.1143, -0.01209849714969582, -2.3209, 0.2529, 1.0, 0.2286]
	 >>> Resetting the solution to avoid local optima.
	 ->['CCAAAAGGACCAAAAGGACCAAAAGGACCAAAAGG', '((....((.((....)).))....)).........', 0.2857, -0.0012081297858343907, -4.7409, 0.2666, 1.0, 0.2286]
	 ->['CCAAAAGGACCAAAAGGACCAAAAGGACCAAAAGG', '((....((.((....)).))....)).........', 0.2857, -0.0012081297858343907, -4.7409, 0.2666, 1.0, 0.2286]
	 ->['GCAAAAGCACCAAAAGGACCAAAAGGACCAAAAGG', '((....)).......((.((....)).))......', 0.1714, -0.003497285713731656, -4.7858, 0.2182, 1.0, 0.2286]
	 ->['GCAAAAGCACCGAAAGGACGAAACUGAGCAAUAGC', '((....)).((....))..................', 0.1143, -0.001999094657155866, -2.8305, 0.2663, 1.0, 0.2286]
	 >>> Resetting the solution to avoid local optima.
	 ->['CCAAAAGGACCAAAAGGACCAAAAGGACCAAAAGG', '((....((.((....)).))....)).........', 0.2857, -0.0012081297858343907, -4.7409, 0.2666, 1.0, 0.2286]
	 ->['CCAAAAGGAACAAAAGUACCAAAAGGACCAAAAGG', '((....((.((....)).))....)).........', 0.2857, -0.0012519710804709695, -3.0189, 0.2825, 0.8333, 0.2286]
	 ->['UCAAAAGAAACAAAAGUACCAAAAGGACCAAAAGG', '...............((.((....)))).......', 0.2286, -0.0008590482533597329, -1.551, 0.3184, 0.75, 0.3714]
	 ->['UCAAAAGAAACAAAAGUACCGAAAGGAUCGAAAGA', '..................((....)).........', 0.1714, -0.0004949761357556978, -1.8908, 0.3557, 1.0, 0.3429]
	 ->['UCAAAAGAAGCAAAAGCACCGCAAGGAUCGAAAGA', '.........((....)).((....)).........', 0.1143, -0.00690329508451765, -2.4667, 0.2375, 1.0, 0.2286]
	 ->['GCAAAAGCAGCAAAAGCACCGCAAGGAUCGAAAGA', '((....)).((....)).((....)).........', 0.0571, -0.050035169479376786, -3.6459, 0.2018, 1.0, 0.1143]


    -> Found sequence! Elapsed time:                   0.23292899131774902 secs.


 (2) We found a sequence that folds exactly like the target structure. Let's minimize the GC-content
    -> ORDER: Min(Base-pair distance), min(Hamming distance), min(GC-content), min(partition function), min(ensemble defect), max(probability over ensemble))


	 >>> Resetting the solution to avoid local optima.
	 ->['GGAAAACCAGGAAAACCAGGAAAACCAGGAAAACC', '((....((.((....)).))....)).........', 0.2857, -0.0010147985661476564, -4.3483, 0.2838, 1.0, 0.2286]
	 ->['GGAAAACCAGUAGAAACAGGAAAACCAGGAACACC', '((....((.((....)).))....)).........', 0.2857, -0.0009627236387441185, -2.6808, 0.307, 0.8333, 0.2286]
	 ->['GGAAAACCAGUAGAAACAGAAAAAUCAGGAACACC', '((....))...........................', 0.1714, -0.0007701993734698763, -1.1183, 0.3232, 1.0, 0.3429]
	 >>> Resetting the solution to avoid local optima.
	 ->['GGAAAACCAGGAAAACCAGGAAAACCAGGAAAACC', '((....((.((....)).))....)).........', 0.2857, -0.0010147985661476564, -4.3483, 0.2838, 1.0, 0.2286]
	 ->['GGAAAACCAGUAAAAACAGGCAAACCAGGAAACCC', '((....((.((....)).))....)).........', 0.2857, -0.0014291498154077034, -2.8373, 0.306, 0.8333, 0.2286]
	 ->['GCAGCUGCAGUACGGACAGGGAUACCAGGGAACCC', '((....))..........((....)).........', 0.1143, -0.004337831426373368, -4.053, 0.3632, 1.0, 0.2286]
	 >>> Resetting the solution to avoid local optima.
	 ->['GGAAAACCAGGAAAACCAGGAAAACCAGGAAAACC', '((....((.((....)).))....)).........', 0.2857, -0.0010147985661476564, -4.3483, 0.2838, 1.0, 0.2286]
	 ->['GGAAAACCAGUAUAAACAGGAAACCCAGGAAAGCC', '((....((.((....)).))....)).........', 0.2857, -0.0019645366777801695, -2.8412, 0.2992, 0.8333, 0.2286]
	 ->['GGAUAGCCAUUCUCAAAAUGAAACCACGGACACCC', '((....))...........................', 0.1714, -1.8326024777793555e-06, -2.2415, 0.4517, 1.0, 0.3429]
	 >>> Resetting the solution to avoid local optima.
	 ->['CCAAAAGGACCAAAAGGACCAAAAGGACCAAAAGG', '((....((.((....)).))....)).........', 0.2857, -0.0012081297858343907, -4.7409, 0.2666, 1.0, 0.2286]
	 ->['CCAAAAGGACCAAAAGGACCAAAAGGACCAAAAGG', '((....((.((....)).))....)).........', 0.2857, -0.0012081297858343907, -4.7409, 0.2666, 1.0, 0.2286]
	 >>> Resetting the solution to avoid local optima.
	 ->['GGAAAACCAGGAAAACCAGGAAAACCAGGAAAACC', '((....((.((....)).))....)).........', 0.2857, -0.0010147985661476564, -4.3483, 0.2838, 1.0, 0.2286]
	 ->['GGGGAACCAGGACAACCAGGGAAACCAGGAUAACC', '((....((.((....)).))....)).........', 0.2857, -0.0019315564641544309, -6.7517, 0.2711, 1.0, 0.2286]
	 ->['GGGGAACCAGGACAACCAGUGAAAGCAGGAUAACC', '((....)).((....((.((....)).))....))', 0.2286, -0.0031858324991732054, -4.0433, 0.2343, 0.875, 0.1143]
	 >>> Resetting the solution to avoid local optima.
	 ->['CCAAAAGGACCAAAAGGACCAAAAGGACCAAAAGG', '((....((.((....)).))....)).........', 0.2857, -0.0012081297858343907, -4.7409, 0.2666, 1.0, 0.2286]
	 ->['CCAAAAGGACCAAAAGGACCAAAAGGACCAAAAGG', '((....((.((....)).))....)).........', 0.2857, -0.0012081297858343907, -4.7409, 0.2666, 1.0, 0.2286]
	 ->['UCCUAGGACCCCACAGGAGCGCGAGCCCCAAUAGG', '...............((.((....)).))......', 0.2286, -2.019721603067446e-05, -6.1624, 0.418, 1.0, 0.3429]
	 >>> Resetting the solution to avoid local optima.
	 ->['CCAAAAGGACCAAAAGGACCAAAAGGACCAAAAGG', '((....((.((....)).))....)).........', 0.2857, -0.0012081297858343907, -4.7409, 0.2666, 1.0, 0.2286]
	 ->['CCAAAAGGACCAAAAGGCCCAAAAGGACCAAUAGG', '((....((.((....)).))....)).........', 0.2857, -0.0009496527223471848, -5.2892, 0.2927, 1.0, 0.2286]
	 ->['CCAAAAGGACCAAAAGGCCGAAAAUGACCAAUAGG', '......((.((....))))................', 0.2286, -2.255361428887452e-05, -3.9944, 0.3152, 1.0, 0.3714]
	 ->['GCAAGAGCACCAAAAGGCCGAAAAUGACCAAUAGG', '((....)).......((.(......).))......', 0.2, -0.0005208083865346331, -2.7595, 0.278, 1.0, 0.2857]
	 ->['GCAAGAGCACCAAAAGGCCGAAAACGAUCAAUAGA', '((....)).((....))..................', 0.1143, -0.0036124069624079084, -2.2658, 0.2674, 1.0, 0.2286]
	 >>> Resetting the solution to avoid local optima.
	 ->['CCAAAAGGACCAAAAGGACCAAAAGGACCAAAAGG', '((....((.((....)).))....)).........', 0.2857, -0.0012081297858343907, -4.7409, 0.2666, 1.0, 0.2286]
	 ->['GCAAAAGUACCAAAAGGACCAAAAGGACCAAAAGG', '...............((.((....)).))......', 0.2286, -0.0003793780514857057, -3.7547, 0.3029, 1.0, 0.3429]
	 ->['GCAGCCGUAGCGACAGCACCAGAAGGACCACAGGG', '.........((....)).((....)).........', 0.1143, -0.0025620490180207007, -3.7776, 0.3825, 1.0, 0.2286]
	 ->['GCAGCCGUAGCGACAGCACCAGUAGGACCCCAGGG', '.........((....)).((....)).((....))', 0.0571, -0.004783247973099687, -4.1928, 0.3733, 1.0, 0.1143]
	 >>> Resetting the solution to avoid local optima.
	 ->['GGAAAACCAGGAAAACCAGGAAAACCAGGAAAACC', '((....((.((....)).))....)).........', 0.2857, -0.0010147985661476564, -4.3483, 0.2838, 1.0, 0.2286]
	 ->['GGGAAACCAGGGAAACCAGGGAAACCAGGAAUACC', '((....((.((....)).))....)).........', 0.2857, -0.003508942899551734, -7.7837, 0.283, 1.0, 0.2286]
	 ->['GGGACACCAGGGAAACCAAGGAAACUAGGAAUACC', '((....)).((....((.((....)).))....))', 0.2286, -0.003718999250369329, -5.5479, 0.2183, 0.875, 0.1143]
	 ->['GGGAUACCAGGGGGACUAAGGGCACUAGGAUUAUC', '((....)).......((.((....)).))......', 0.1714, -8.56359091152183e-06, -3.9912, 0.4271, 0.6667, 0.2286]
	 >>> Resetting the solution to avoid local optima.
	 ->['CCAAAAGGACCAAAAGGACCAAAAGGACCAAAAGG', '((....((.((....)).))....)).........', 0.2857, -0.0012081297858343907, -4.7409, 0.2666, 1.0, 0.2286]
	 ->['CCAAUAGGACCAAAUGGACCAAAAGGCCCAAAAGG', '((....)).((...(((.((....)).)))...))', 0.2571, -9.810382486859485e-05, -6.0883, 0.2973, 0.8889, 0.1714]
	 ->['CCAAUAGGAUCAAGUGACCCAACAGGCCCCAUAGG', '......((.((....)).))...............', 0.2286, -7.693473308795326e-05, -3.4381, 0.4834, 0.75, 0.3429]
	 ->['CCAAUAGGAUCACGUGACCCAACAGGCCCGAUAGG', '......((.((....)).)).......((....))', 0.1714, -0.0003889032514032204, -3.7395, 0.4147, 0.8333, 0.2286]
	 ->['CCAAUAGGAUUACGUAACCCAACAGGCCCGAUAGG', '((....))...................((....))', 0.1143, -4.4396811715952916e-05, -2.377, 0.3758, 1.0, 0.2286]
	 ->['CCGACAGGAGAAUGAUCGACGAGAGUCCCGAUAGG', '((....)).........(((....)))((....))', 0.0857, -5.402319825209209e-05, -5.056, 0.3819, 0.8571, 0.1714]
	 >>> Resetting the solution to avoid local optima.
	 ->['CCAAAAGGACCAAAAGGACCAAAAGGACCAAAAGG', '((....((.((....)).))....)).........', 0.2857, -0.0012081297858343907, -4.7409, 0.2666, 1.0, 0.2286]
	 ->['CCAAGAGGAUCAACAGGACCGUCAGGCCCACAUGG', '((....)).......((.((....)).))......', 0.1714, -5.181691968617352e-06, -5.6009, 0.302, 1.0, 0.2286]
	 >>> Resetting the solution to avoid local optima.
	 ->['GGAAAACCAGGAAAACCAGGAAAACCAGGAAAACC', '((....((.((....)).))....)).........', 0.2857, -0.0010147985661476564, -4.3483, 0.2838, 1.0, 0.2286]
	 ->['GGAAAACCAAGAAAACUAGGAAUACCAGGAAACCC', '((....((.((....)).))....)).........', 0.2857, -0.00040786775443538804, -3.1101, 0.3096, 0.8333, 0.2286]
	 ->['GGAAAAUCAAGAAAACUAGGAAUACCAGGACACCC', '...............((.((....)))).......', 0.2286, -2.5186132902238062e-05, -1.7264, 0.3439, 0.75, 0.3714]
	 ->['GCAAUAGCAAGAAGACUAGGAUUACCAGGACGCCC', '((....)).......((.((....)))).......', 0.1714, -0.0017898629490536394, -2.6986, 0.2716, 0.8333, 0.2571]
	 >>> Resetting the solution to avoid local optima.
	 ->['CCAAAAGGACCAAAAGGACCAAAAGGACCAAAAGG', '((....((.((....)).))....)).........', 0.2857, -0.0012081297858343907, -4.7409, 0.2666, 1.0, 0.2286]
	 ->['CCAAAAGGACCAAAAGGACCGAACGGACCAAUAGG', '((....((.((....)).))....)).........', 0.2857, -0.00047351324498566376, -5.3181, 0.277, 1.0, 0.2286]
	 ->['GCUUCUGCACCAUAAGGAAUGAAAAUGCCAAUAGG', '((....)).......((.((....)).))......', 0.1714, -0.000568729540767337, -3.5052, 0.3067, 0.6667, 0.2286]
	 >>> Resetting the solution to avoid local optima.
	 ->['GGAAAACCAGGAAAACCAGGAAAACCAGGAAAACC', '((....((.((....)).))....)).........', 0.2857, -0.0010147985661476564, -4.3483, 0.2838, 1.0, 0.2286]
	 ->['GGAAAACCAGGAAAACCAGGACAACCAGGCAUACC', '((....((.((....)).))....)).........', 0.2857, -0.0009640773996495043, -4.3799, 0.2849, 1.0, 0.2286]
	 ->['GGAAACCCAGGAAAACCAUGACAACGAGGCAUACC', '((....)).((....((.((....)).))....))', 0.2286, -7.086131912873503e-05, -2.7888, 0.2797, 0.875, 0.1143]
	 >>> Resetting the solution to avoid local optima.
	 ->['GGAAAACCAGGAAAACCAGGAAAACCAGGAAAACC', '((....((.((....)).))....)).........', 0.2857, -0.0010147985661476564, -4.3483, 0.2838, 1.0, 0.2286]
	 ->['GGAAAACCAGGAACACCAGGAAAACCAGGACAACC', '((....((.((....)).))....)).........', 0.2857, -0.0010106023915511257, -4.3509, 0.2842, 1.0, 0.2286]
	 ->['GGCAAACCAGGAACACCAGGAAAACCAGGUCAACC', '((....)).((...(((.((....)).)))...))', 0.2571, -0.0002029399252081535, -5.3403, 0.3013, 0.8889, 0.1714]
	 ->['GCCAACGCAGGAGCACCAGGACCAUCCGGUCAACU', '((....)).((....))..((((....))))....', 0.2286, -2.2637936068339243e-09, -7.2686, 0.5232, 0.875, 0.3429]
	 >>> Resetting the solution to avoid local optima.
	 ->['CCAAAAGGACCAAAAGGACCAAAAGGACCAAAAGG', '((....((.((....)).))....)).........', 0.2857, -0.0012081297858343907, -4.7409, 0.2666, 1.0, 0.2286]
	 ->['CCAAAAGGACAAAAAUGACCAAAAGGACCACAAGG', '((....((.((....)).))....)).........', 0.2857, -0.001116371891496138, -2.3895, 0.2915, 0.8333, 0.2286]
	 ->['CCAACCGGACGCAAGUGCCCAACAGGACCACAAGG', '((....))......(((.((....))..)))....', 0.2, -3.056412566039526e-05, -4.1071, 0.3948, 0.8571, 0.3143]
	 ->['GCAUUCGCGCUCGAGGGCCCACCAGGACCACAAGG', '((....)).......((.((....)).))......', 0.1714, -9.804527890756515e-06, -6.3078, 0.406, 1.0, 0.2286]
	 ->['GCAUCAGCGCCGUUGGGCCCGCUAGGACCAUAAGG', '((....))(((....)))((....)).........', 0.0857, -0.0003200960941653303, -8.3595, 0.3116, 1.0, 0.1714]
	 >>> Resetting the solution to avoid local optima.
	 ->['CCAAAAGGACCAAAAGGACCAAAAGGACCAAAAGG', '((....((.((....)).))....)).........', 0.2857, -0.0012081297858343907, -4.7409, 0.2666, 1.0, 0.2286]
	 ->['CCAAAAGGACCAAAAGGACCAAAAGGACCAAAAGG', '((....((.((....)).))....)).........', 0.2857, -0.0012081297858343907, -4.7409, 0.2666, 1.0, 0.2286]
	 ->['GCAAAAGCACCAAAAGGACGUAAACGACCAGUAGG', '((....)).......((.((....)).))......', 0.1714, -0.002270932230486319, -3.7519, 0.2397, 1.0, 0.2286]
	 >>> Resetting the solution to avoid local optima.
	 ->['GGAAAACCAGGAAAACCAGGAAAACCAGGAAAACC', '((....((.((....)).))....)).........', 0.2857, -0.0010147985661476564, -4.3483, 0.2838, 1.0, 0.2286]
	 ->['GGAGAACCAGGAACACCAGUAAUCACCGGGCUGCC', '((....)).((....((.((....)).))....))', 0.2286, -0.0001215022824618381, -4.4565, 0.4371, 0.875, 0.1143]
	 >>> Resetting the solution to avoid local optima.
	 ->['CCAAAAGGACCAAAAGGACCAAAAGGACCAAAAGG', '((....((.((....)).))....)).........', 0.2857, -0.0012081297858343907, -4.7409, 0.2666, 1.0, 0.2286]
	 ->['CCAAAAGGACCAAAAGGACCAAUAGGACCAAAAGG', '((....((.((....)).))....)).........', 0.2857, -0.0011034046007950913, -4.7967, 0.2731, 1.0, 0.2286]
	 >>> Resetting the solution to avoid local optima.
	 ->['CCAAAAGGACCAAAAGGACCAAAAGGACCAAAAGG', '((....((.((....)).))....)).........', 0.2857, -0.0012081297858343907, -4.7409, 0.2666, 1.0, 0.2286]
	 ->['CCAAAAGGACCAAAAGGACCAAAAGGACCAAAAGG', '((....((.((....)).))....)).........', 0.2857, -0.0012081297858343907, -4.7409, 0.2666, 1.0, 0.2286]
	 ->['CCAUACGGACCACAAGGGCCAAGAGGACCGAAGGG', '((....)).((....((.((....)).))....))', 0.2286, -0.0004383087994036673, -6.9658, 0.3501, 1.0, 0.1143]
	 >>> Resetting the solution to avoid local optima.
	 ->['CCAAAAGGACCAAAAGGACCAAAAGGACCAAAAGG', '((....((.((....)).))....)).........', 0.2857, -0.0012081297858343907, -4.7409, 0.2666, 1.0, 0.2286]
	 ->['CCAAAAGGAACAAAAGUACCAGCAGGACCAAGAGG', '((....((.((....)).))....)).........', 0.2857, -0.0012326649538078143, -3.0285, 0.2841, 0.8333, 0.2286]
	 ->['UCAAAAGAAACAAAAGUACCAGCAGGACCAAGAGG', '...............((.((....)))).......', 0.2286, -0.0008235795233738445, -1.577, 0.3228, 0.75, 0.3714]
	 ->['UCGACAGACUGACUAUGGGCGCCAGCACGACGAUG', '..................((....)).........', 0.1714, -2.407420923292468e-09, -3.3307, 0.5202, 1.0, 0.3429]
	 >>> Resetting the solution to avoid local optima.
	 ->['GGAAAACCAGGAAAACCAGGAAAACCAGGAAAACC', '((....((.((....)).))....)).........', 0.2857, -0.0010147985661476564, -4.3483, 0.2838, 1.0, 0.2286]
	 ->['GGAAAACCAGGAAAGCCAGGAAUACCAGGAAUACC', '((....((.((....)).))....)).........', 0.2857, -0.0006311662110603313, -4.841, 0.285, 1.0, 0.2286]
	 ->['GGAGCUCCAGGAAAGCCAGAAUUGUCAGGAAUACC', '((....)).((....((.((....)).))....))', 0.2286, -0.0005680666144446999, -3.6059, 0.3911, 0.875, 0.1143]
	 >>> Resetting the solution to avoid local optima.
	 ->['GGAAAACCAGGAAAACCAGGAAAACCAGGAAAACC', '((....((.((....)).))....)).........', 0.2857, -0.0010147985661476564, -4.3483, 0.2838, 1.0, 0.2286]
	 ->['GGAAGACCGGUAAGUACAGGAAGACCAGGACCACC', '((....((.((....)).))....)).........', 0.2857, -5.5469000293317745e-05, -4.1398, 0.4427, 0.8333, 0.2286]
	 ->['GGAACACCGGUAAGUACAGGAAGCCCAGGACCACC', '((....))(((..((...((....))...)).)))', 0.2571, -9.133885718858593e-05, -4.2324, 0.4099, 0.7778, 0.2857]
	 >>> Resetting the solution to avoid local optima.
	 ->['GGAAAACCAGGAAAACCAGGAAAACCAGGAAAACC', '((....((.((....)).))....)).........', 0.2857, -0.0010147985661476564, -4.3483, 0.2838, 1.0, 0.2286]
	 ->['GGAAAACCAGGUAUACCAGGAAAACCAGGGAAACC', '((....)).(((...((.((....)).))...)))', 0.2571, -0.0004555180683145082, -6.242, 0.3106, 0.8889, 0.1714]
	 ->['GGAAUACCAGGAAUACCAGGAAAACCAGGGAAACC', '((....((.((....)).))....)).((....))', 0.2286, -0.0028623559962781264, -5.1092, 0.264, 1.0, 0.1143]
	 ->['GGAAUACCAGGAAUACCAAGAAAACUAUGGAAACA', '((....)).......(((((....)).))).....', 0.2, -0.00040194198326845717, -2.5191, 0.3341, 0.7143, 0.2857]
	 >>> Resetting the solution to avoid local optima.
	 ->['CCAAAAGGACCAAAAGGACCAAAAGGACCAAAAGG', '((....((.((....)).))....)).........', 0.2857, -0.0012081297858343907, -4.7409, 0.2666, 1.0, 0.2286]
	 ->['CCAAACGGACCAACAGGUCAGAAAUGGCCAGAAGG', '((....)).((..(.(((((....))))).)..))', 0.2857, -5.62360133456188e-07, -8.0695, 0.3472, 0.8, 0.2286]
	 ->['CCACACGGACCAACGGGUCAGGAAUGGCUAGAAGG', '((....)).((....(((((....)))))....))', 0.2571, -1.0888839960414552e-08, -6.9006, 0.3931, 0.6667, 0.1714]
	 ->['CCACACGGACCGGCGGGUCAUGAUUGUCCAGGAGG', '.......((((....))))................', 0.2286, -1.1700318433401773e-06, -7.618, 0.4753, 0.75, 0.4]
	 >>> Resetting the solution to avoid local optima.
	 ->['CCAAAAGGACCAAAAGGACCAAAAGGACCAAAAGG', '((....((.((....)).))....)).........', 0.2857, -0.0012081297858343907, -4.7409, 0.2666, 1.0, 0.2286]
	 ->['CCAAUAGGACCAAAAGGGCCAAAAGGACCAAAAGG', '((....((.((....)).))....)).........', 0.2857, -0.0010372951581516952, -5.5348, 0.3096, 1.0, 0.2286]
	 >>> Resetting the solution to avoid local optima.
	 ->['CCAAAAGGACCAAAAGGACCAAAAGGACCAAAAGG', '((....((.((....)).))....)).........', 0.2857, -0.0012081297858343907, -4.7409, 0.2666, 1.0, 0.2286]
	 ->['CCGAAAGGACCAAAAGGACCAAAAGGACCAAUAGG', '((....((.((....)).))....)).........', 0.2857, -0.0012770007963873507, -5.5067, 0.2603, 1.0, 0.2286]
	 ->['CUGAAAAGACCAAAAGGACCAAACGGACCAGUAGG', '...............((.((....)).))......', 0.2286, -0.0005582446691762588, -4.0167, 0.3099, 1.0, 0.3429]
	 >>> Resetting the solution to avoid local optima.
	 ->['CCAAAAGGACCAAAAGGACCAAAAGGACCAAAAGG', '((....((.((....)).))....)).........', 0.2857, -0.0012081297858343907, -4.7409, 0.2666, 1.0, 0.2286]
	 ->['CCAAAAGGACCAAAAGGACCAAAAGGACCAAAAGG', '((....((.((....)).))....)).........', 0.2857, -0.0012081297858343907, -4.7409, 0.2666, 1.0, 0.2286]
	 ->['CUAAAAAGACCAAGAGGCCUAAAAAGACCAAAAGG', '......((.((....)).))...............', 0.2286, -8.3729082400199e-05, -2.386, 0.3093, 0.75, 0.3429]
	 >>> Resetting the solution to avoid local optima.
	 ->['CCAAAAGGACCAAAAGGACCAAAAGGACCAAAAGG', '((....((.((....)).))....)).........', 0.2857, -0.0012081297858343907, -4.7409, 0.2666, 1.0, 0.2286]
	 ->['CCAAAAGGACCAAAAGGACCAAAAGGACCAAAAGG', '((....((.((....)).))....)).........', 0.2857, -0.0012081297858343907, -4.7409, 0.2666, 1.0, 0.2286]
	 ->['GCAAGAGCACCAAAAGGCACAAGAGUACCAGGCGG', '((....)).......((.((....)).))......', 0.1714, -0.0011172836884667638, -3.589, 0.2677, 0.8333, 0.2286]
	 >>> Resetting the solution to avoid local optima.
	 ->['GGAAAACCAGGAAAACCAGGAAAACCAGGAAAACC', '((....((.((....)).))....)).........', 0.2857, -0.0010147985661476564, -4.3483, 0.2838, 1.0, 0.2286]
	 ->['GGAAAACCAGCAAAAGCAGGAAAACCAGGAAAACC', '((....((.((....)).))....)).........', 0.2857, -0.001482878287490574, -4.6146, 0.2973, 1.0, 0.2286]
	 ->['GGAAAACCAGCAAAAGCAUGAAAACGAGGAAGACC', '((....)).((....))..................', 0.1143, -0.00024226098722778062, -2.1312, 0.2783, 1.0, 0.2286]
	 >>> Resetting the solution to avoid local optima.
	 ->['CCAAAAGGACCAAAAGGACCAAAAGGACCAAAAGG', '((....((.((....)).))....)).........', 0.2857, -0.0012081297858343907, -4.7409, 0.2666, 1.0, 0.2286]
	 >>> Resetting the solution to avoid local optima.
	 ->['CCAAAAGGACCAAAAGGACCAAAAGGACCAAAAGG', '((....((.((....)).))....)).........', 0.2857, -0.0012081297858343907, -4.7409, 0.2666, 1.0, 0.2286]
	 ->['CCAAAAGGACCAAAAGGACCAAACGGACCAAAAGG', '((....((.((....)).))....)).........', 0.2857, -0.0012043251098862895, -4.7428, 0.267, 1.0, 0.2286]
	 ->['CCGAAAGGACCAAAAGGACCAAACGGCCCUAUAGG', '((....)).((...(((.((....)).)))...))', 0.2571, -3.3387769279260557e-05, -7.0526, 0.3071, 0.8889, 0.1714]
	 ->['CCGAUAGGAUCAAAAGGACCAACCGGCCCUAUAGG', '((....))......(((.((....)).))).....', 0.2, -4.640245135808298e-07, -6.588, 0.4639, 0.8571, 0.2857]
	 ->['CCGAUAGGAUCAAAAGGACUAACCAGCCCGAUAGG', '((....)).......((.((....)).))......', 0.1714, -1.6244562803100855e-05, -3.2966, 0.3171, 0.8333, 0.2286]
	 ->['GCGUUAGCGUGCAGAUGACCCACCGGCCCGACAGG', '((....))...................((....))', 0.1143, -3.5571917669420717e-06, -4.2327, 0.4602, 1.0, 0.2286]
	 >>> Resetting the solution to avoid local optima.
	 ->['CCAAAAGGACCAAAAGGACCAAAAGGACCAAAAGG', '((....((.((....)).))....)).........', 0.2857, -0.0012081297858343907, -4.7409, 0.2666, 1.0, 0.2286]
	 ->['CCAGAAGGACCAAAAGGACCAAAAGGACCAAAAGG', '((....((.((....)).))....)).........', 0.2857, -0.0012055167779101846, -4.7422, 0.2668, 1.0, 0.2286]
	 ->['GCAGGAGCACCAGAAGGCCCAAAAGGACCUAAAGG', '((....)).((...(((.((....)).)))...))', 0.2571, -0.0001025704360698888, -6.8609, 0.3304, 0.8889, 0.1714]
	 ->['GCAGGCGCAUCAGAAGGCCCACAAGGACCUGAGGG', '((....))......(((.((....)).))).....', 0.2, -1.016264281009913e-06, -6.9048, 0.3579, 0.8571, 0.2857]
	 >>> Resetting the solution to avoid local optima.
	 ->['GGAAAACCAGGAAAACCAGGAAAACCAGGAAAACC', '((....((.((....)).))....)).........', 0.2857, -0.0010147985661476564, -4.3483, 0.2838, 1.0, 0.2286]
	 ->['GGAAAACCAGGAAAACCAGGCAAACUAGGAAUACC', '......((.((....)).))...............', 0.2286, -0.00015103540586060748, -3.3224, 0.3483, 1.0, 0.3429]
	 >>> Resetting the solution to avoid local optima.
	 ->['CCAAAAGGACCAAAAGGACCAAAAGGACCAAAAGG', '((....((.((....)).))....)).........', 0.2857, -0.0012081297858343907, -4.7409, 0.2666, 1.0, 0.2286]
	 ->['CCAAAAGGACCAAAAGGACCAAAAGGACCAAAAGG', '((....((.((....)).))....)).........', 0.2857, -0.0012081297858343907, -4.7409, 0.2666, 1.0, 0.2286]
	 ->['CCAAAAGGACCAAUAGGACUAAAAAGACCGUAAGG', '((....)).((....((.((....)).))....))', 0.2286, -0.0015763271665578643, -3.1769, 0.2676, 0.875, 0.1143]
	 ->['CCAGUAGGACCAAUAGGACUAAUUAGACCGUAAGG', '....(((..((....)).)))......((....))', 0.2, -0.000570128085563544, -3.6037, 0.3549, 0.7143, 0.3143]
	 ->['CCAGUAGGAUCAGUAGGACUAAUUAGACCGUAAGG', '((....)).......((.((....)).))......', 0.1714, -1.8809741770731226e-05, -2.6063, 0.4439, 0.8333, 0.2286]
	 >>> Resetting the solution to avoid local optima.
	 ->['CCAAAAGGACCAAAAGGACCAAAAGGACCAAAAGG', '((....((.((....)).))....)).........', 0.2857, -0.0012081297858343907, -4.7409, 0.2666, 1.0, 0.2286]
	 ->['CCAAAAGGACCAAAAGGGCCAAAAGGACCACAAGG', '((....((.((....)).))....)).........', 0.2857, -0.001049827410247158, -5.5274, 0.3018, 1.0, 0.2286]
	 ->['CCAAGAGGACCGGGGGGGCAGCCAUGUGCACGAGU', '((....)).((....))(((......)))......', 0.2, -1.3264720046079136e-05, -5.8215, 0.4271, 0.8571, 0.2286]
	 >>> Resetting the solution to avoid local optima.
	 ->['CCAAAAGGACCAAAAGGACCAAAAGGACCAAAAGG', '((....((.((....)).))....)).........', 0.2857, -0.0012081297858343907, -4.7409, 0.2666, 1.0, 0.2286]
	 ->['CCAAAAGGCCCAAAAGGACCAAAAGGACCAAAAGG', '((....((.((....)).))....)).........', 0.2857, -0.0004915961272333102, -4.995, 0.3199, 1.0, 0.2286]
	 >>> Resetting the solution to avoid local optima.
	 ->['CCAAAAGGACCAAAAGGACCAAAAGGACCAAAAGG', '((....((.((....)).))....)).........', 0.2857, -0.0012081297858343907, -4.7409, 0.2666, 1.0, 0.2286]
	 ->['CCAAAAGGACCAAAAGGACCAAAAGGACCAAACGG', '((....((.((....)).))....)).........', 0.2857, -0.0012024522664905917, -4.7438, 0.2669, 1.0, 0.2286]
	 ->['UCAUAGGGAGCAAGCGUGCCAGAAGGACCAUACGG', '......((.((....)).))...............', 0.2286, -5.6563723006168285e-06, -3.6468, 0.3834, 0.75, 0.3429]
	 ->['CCAUUGGGAGCAGGCGUGACAGAAGUACCAUACGG', '......(..((....))..)...............', 0.2, -5.020659076604522e-05, -3.1012, 0.4812, 0.6667, 0.3429]
	 >>> Resetting the solution to avoid local optima.
	 ->['GGAAAACCAGGAAAACCAGGAAAACCAGGAAAACC', '((....((.((....)).))....)).........', 0.2857, -0.0010147985661476564, -4.3483, 0.2838, 1.0, 0.2286]
	 ->['GGAAAACCCGGCCAACCAGGAGCACCAGGAAAACC', '((....((.((....)).))....)).........', 0.2857, -0.00010204824785910033, -4.864, 0.3342, 1.0, 0.2286]
	 >>> Resetting the solution to avoid local optima.
	 ->['CCAAAAGGACCAAAAGGACCAAAAGGACCAAAAGG', '((....((.((....)).))....)).........', 0.2857, -0.0012081297858343907, -4.7409, 0.2666, 1.0, 0.2286]
	 ->['CCAAAAGGAUCAAAUGAACCAAAAGGACCAUAAGG', '((....((.((....)).))....)).........', 0.2857, -0.0007502399182602923, -3.3345, 0.3075, 0.8333, 0.2286]
	 ->['CCAGAAGGAUUAAAUGAACCAAAAGGAGCAUAAGU', '((....)).....(((..((....))..)))....', 0.2, -1.115439573113142e-06, -3.5475, 0.3531, 0.7143, 0.3429]
	 ->['CCAGACGGAUUAACUGAACCAAAAGGCGCAUAAGU', '((....))......((..((....))..)).....', 0.1714, -3.7026328111291425e-06, -2.808, 0.3361, 0.8333, 0.2857]
	 >>> Resetting the solution to avoid local optima.
	 ->['GGAAAACCAGGAAAACCAGGAAAACCAGGAAAACC', '((....((.((....)).))....)).........', 0.2857, -0.0010147985661476564, -4.3483, 0.2838, 1.0, 0.2286]
	 ->['GGAAAACCAGAAGAGUCAGGAAAACCAGGAAAACC', '((....((.((....)).))....)).........', 0.2857, -0.0008133474025548658, -2.7847, 0.306, 0.8333, 0.2286]
	 ->['GGAAAACCAGAAGAGUCAUGUAAACAUGGGAAACC', '((....)).......(((((....)))))......', 0.2, -1.6640945429300402e-05, -3.7818, 0.3102, 0.5714, 0.2857]
	 >>> Resetting the solution to avoid local optima.
	 ->['GGAAAACCAGGAAAACCAGGAAAACCAGGAAAACC', '((....((.((....)).))....)).........', 0.2857, -0.0010147985661476564, -4.3483, 0.2838, 1.0, 0.2286]
	 ->['GGAAAACCAGUAAGAACAGGAAAACCAGGAAAACC', '((....((.((....)).))....)).........', 0.2857, -0.0009780328966803172, -2.6711, 0.3068, 0.8333, 0.2286]
	 >>> Resetting the solution to avoid local optima.
	 ->['CCAAAAGGACCAAAAGGACCAAAAGGACCAAAAGG', '((....((.((....)).))....)).........', 0.2857, -0.0012081297858343907, -4.7409, 0.2666, 1.0, 0.2286]
	 ->['CCAAAAGGACCAAAAGGACCAAAAGGGCCAAAAGG', '((....((.((....)).))....)).........', 0.2857, -0.0007708946917523702, -5.2178, 0.3065, 1.0, 0.2286]
	 ->['CCAAAUGGGCCAAAAGGAGGGAAAUUGCCAGUCGG', '((....)).((....)).((.......))......', 0.1714, -5.221206396655305e-06, -3.7962, 0.4302, 1.0, 0.1714]
	 >>> Resetting the solution to avoid local optima.
	 ->['GGAAAACCAGGAAAACCAGGAAAACCAGGAAAACC', '((....((.((....)).))....)).........', 0.2857, -0.0010147985661476564, -4.3483, 0.2838, 1.0, 0.2286]
	 ->['GGAUAACCAGGAAAACCAGGAAUACCAGGAAAGCC', '((....((.((....)).))....)).........', 0.2857, -0.0007949161212205956, -4.6989, 0.2955, 1.0, 0.2286]
	 ->['GGAUCCCCAGGACAACCCGAUUUAUUAGGUGAGCU', '((....)).((...(((.((....)).)))...))', 0.2571, -1.7316695176902546e-07, -3.7955, 0.4212, 0.5556, 0.1714]
	 >>> Resetting the solution to avoid local optima.
	 ->['GGAAAACCAGGAAAACCAGGAAAACCAGGAAAACC', '((....((.((....)).))....)).........', 0.2857, -0.0010147985661476564, -4.3483, 0.2838, 1.0, 0.2286]
	 ->['GGAAAACCAGGAAAGCCAGGAAAACCAGGAAAACC', '((....((.((....)).))....)).........', 0.2857, -0.0008185949558557608, -4.6808, 0.274, 1.0, 0.2286]
	 ->['GGAAAUCCAGGAAAGCCAGUACGGACUGGAACACC', '((....)).((....(((((....)))))....))', 0.2571, -1.4540980073969674e-07, -8.0032, 0.3251, 0.7778, 0.1714]
	 ->['GGAAAUCCAGGAAAGCCAGUAUGGACUGGAUCACU', '((....)).......(((((....)))))......', 0.2, -9.64605467475195e-09, -8.1753, 0.4993, 0.7143, 0.2857]
	 >>> Resetting the solution to avoid local optima.
	 ->['CCAAAAGGACCAAAAGGACCAAAAGGACCAAAAGG', '((....((.((....)).))....)).........', 0.2857, -0.0012081297858343907, -4.7409, 0.2666, 1.0, 0.2286]
	 ->['CCAAAAGGACCAAUUGGACCAAGAGGACCAAAAGG', '((....)).((..((((.((....)).))))..))', 0.2857, -2.046856188811861e-05, -7.2542, 0.3547, 0.8, 0.2286]
	 >>> Resetting the solution to avoid local optima.
	 ->['GGAAAACCAGGAAAACCAGGAAAACCAGGAAAACC', '((....((.((....)).))....)).........', 0.2857, -0.0010147985661476564, -4.3483, 0.2838, 1.0, 0.2286]
	 ->['GGAAUACCAGGAAAACCCGGAAAACCAGGAAAACC', '((....((.((....)).))....)).........', 0.2857, -0.00015724861491129367, -4.9975, 0.3258, 1.0, 0.2286]
	 ->['GGAAUACCAGGAAAACCCGUAAAAACAGGUAAACC', '((....)).((...(((.((....)).)))...))', 0.2571, -3.168683631306675e-05, -4.2848, 0.3551, 0.7778, 0.1714]
	 >>> Resetting the solution to avoid local optima.
	 ->['GGAAAACCAGGAAAACCAGGAAAACCAGGAAAACC', '((....((.((....)).))....)).........', 0.2857, -0.0010147985661476564, -4.3483, 0.2838, 1.0, 0.2286]
	 ->['GGAAAACCAGUAAAAGCAGGAAAACCAGGAAAACC', '((....((.((....)).))....)).........', 0.2857, -0.0011359776353099353, -2.8788, 0.3039, 0.8333, 0.2286]
	 >>> Resetting the solution to avoid local optima.
	 ->['CCAAAAGGACCAAAAGGACCAAAAGGACCAAAAGG', '((....((.((....)).))....)).........', 0.2857, -0.0012081297858343907, -4.7409, 0.2666, 1.0, 0.2286]
	 ->['CCAAAAGGACCAAAAGGACCAAAAGGACCAAAAGG', '((....((.((....)).))....)).........', 0.2857, -0.0012081297858343907, -4.7409, 0.2666, 1.0, 0.2286]
	 >>> Resetting the solution to avoid local optima.
	 ->['CCAAAAGGACCAAAAGGACCAAAAGGACCAAAAGG', '((....((.((....)).))....)).........', 0.2857, -0.0012081297858343907, -4.7409, 0.2666, 1.0, 0.2286]
	 ->['CCAAAAGGACCAAAAGGCCCAAAAGGACCAUAAGG', '((....((.((....)).))....)).........', 0.2857, -0.0009429094561432039, -5.2936, 0.2931, 1.0, 0.2286]
	 ->['CCACAAGGACCAAAAGGCCCAAAAGGACCGUAAGG', '((....)).((....((.((....)).))....))', 0.2286, -0.001444395845219557, -5.8308, 0.2802, 1.0, 0.1143]
	 >>> Resetting the solution to avoid local optima.
	 ->['CCAAAAGGACCAAAAGGACCAAAAGGACCAAAAGG', '((....((.((....)).))....)).........', 0.2857, -0.0012081297858343907, -4.7409, 0.2666, 1.0, 0.2286]
	 ->['CCAAAAGGACCAGAAGGACCAAAAGGACCAAAAGG', '((....((.((....)).))....)).........', 0.2857, -0.001207101359793194, -4.7414, 0.2667, 1.0, 0.2286]
	 ->['CGAAAACGACCAGAAGGACCAAAAGGACCAAAAGG', '...............((.((....)).))......', 0.2286, -0.0006666770716355615, -3.8073, 0.2948, 1.0, 0.3429]
	 ->['CGAAAACGACCAGAAGGACCAAAAGGAGCAAAAGU', '...............(..((....))..)......', 0.2, -0.0016779662924785845, -1.7384, 0.2847, 1.0, 0.3429]
	 ->['CGCAGAUGACCAGUAGGAAUACCAAUAGCACCGGC', '.........((....))..................', 0.1714, -4.5646629385924934e-07, -2.1981, 0.5393, 1.0, 0.3429]
	 >>> Resetting the solution to avoid local optima.
	 ->['GGAAAACCAGGAAAACCAGGAAAACCAGGAAAACC', '((....((.((....)).))....)).........', 0.2857, -0.0010147985661476564, -4.3483, 0.2838, 1.0, 0.2286]
	 ->['GGAAAACCAGGAAAACCAGGAAAACCAGGAACACC', '((....((.((....)).))....)).........', 0.2857, -0.0010096784273960603, -4.3515, 0.2839, 1.0, 0.2286]
	 >>> Resetting the solution to avoid local optima.
	 ->['CCAAAAGGACCAAAAGGACCAAAAGGACCAAAAGG', '((....((.((....)).))....)).........', 0.2857, -0.0012081297858343907, -4.7409, 0.2666, 1.0, 0.2286]
	 ->['CCAAAAGGACCGUAAGGACCAUUAGGACCACACGG', '((....)).((((..((.((....)).))..))))', 0.2857, -6.575716102649475e-06, -8.754, 0.3575, 0.9, 0.2286]
	 ->['CCAAGUGGACCGUAGGGGGCAUUCGUGCCAUUCGG', '((....)).(((...((.((....)).))...)))', 0.2571, -2.080123891961681e-07, -9.5825, 0.3674, 0.8889, 0.1714]
	 >>> Resetting the solution to avoid local optima.
	 ->['CCAAAAGGACCAAAAGGACCAAAAGGACCAAAAGG', '((....((.((....)).))....)).........', 0.2857, -0.0012081297858343907, -4.7409, 0.2666, 1.0, 0.2286]
	 ->['CCAAAAGGACCAGGAGGACCAGUAGGACCAAGAGG', '((....((.((....)).))....)).........', 0.2857, -0.0009116668876311692, -4.9144, 0.2901, 1.0, 0.2286]
	 ->['ACAAUAGUCUCAUGAGAAGCAGUAGUACCAAUCGG', '......((.((....)).))...............', 0.2286, -2.7362908987459477e-05, -1.5753, 0.4008, 0.5, 0.3429]
	 ->['ACAAUAGUGUCUUGAGAAGCGGUAGCACCAAUCGG', '..................((....)).........', 0.1714, -0.000113110599174696, -3.3006, 0.4986, 1.0, 0.3429]
	 >>> Resetting the solution to avoid local optima.
	 ->['CCAAAAGGACCAAAAGGACCAAAAGGACCAAAAGG', '((....((.((....)).))....)).........', 0.2857, -0.0012081297858343907, -4.7409, 0.2666, 1.0, 0.2286]
	 ->['CCAAAAGGACUAAAAAGACCAAAAGGACCAAAAGG', '((....((.((....)).))....)).........', 0.2857, -0.0013553510334161736, -2.47, 0.2913, 0.8333, 0.2286]
	 >>> Resetting the solution to avoid local optima.
	 ->['GGAAAACCAGGAAAACCAGGAAAACCAGGAAAACC', '((....((.((....)).))....)).........', 0.2857, -0.0010147985661476564, -4.3483, 0.2838, 1.0, 0.2286]
	 ->['GGAAAGCCAGGAAAACCGGGAAACCCAGGAAAACC', '((....((.((....)).))....)).........', 0.2857, -0.00011495163464203377, -6.0906, 0.3507, 1.0, 0.2286]
	 >>> Resetting the solution to avoid local optima.
	 ->['CCAAAAGGACCAAAAGGACCAAAAGGACCAAAAGG', '((....((.((....)).))....)).........', 0.2857, -0.0012081297858343907, -4.7409, 0.2666, 1.0, 0.2286]
	 ->['CCAAAAGGACAAAAAUGACCAAAAGGACCAAAAGG', '((....((.((....)).))....)).........', 0.2857, -0.001127794616617939, -2.3833, 0.2903, 0.8333, 0.2286]
	 ->['CCACUAGGACGAUGAUGCCCAAUAGGACCAAUAGG', '((....))..........((....)).........', 0.1143, -0.00012991680361370409, -2.9152, 0.3992, 1.0, 0.2286]
	 >>> Resetting the solution to avoid local optima.
	 ->['GGAAAACCAGGAAAACCAGGAAAACCAGGAAAACC', '((....((.((....)).))....)).........', 0.2857, -0.0010147985661476564, -4.3483, 0.2838, 1.0, 0.2286]
	 ->['GGAAAACCAGGAAAACCAGGAAAACCAGGAAAACC', '((....((.((....)).))....)).........', 0.2857, -0.0010147985661476564, -4.3483, 0.2838, 1.0, 0.2286]
	 ->['GGAAAACCAGGAAAACCAGAAAAAUCAGGAAAACC', '((....)).((....((.((....)).))....))', 0.2286, -0.0017666131286841523, -2.3067, 0.2649, 0.875, 0.1143]
	 ->['GGGACACCAGGACAUUCAGAAAAAUCAGGAAAACC', '((....))...........................', 0.1714, -0.00011705042622942097, -2.9795, 0.3026, 1.0, 0.3429]
	 ->['GGGACACCAGGACAUUCAGAAAGAUCAGGGAGACC', '((....))...................((....))', 0.1143, -0.0001792340263763898, -4.1169, 0.4842, 1.0, 0.2286]
	 >>> Resetting the solution to avoid local optima.
	 ->['GGAAAACCAGGAAAACCAGGAAAACCAGGAAAACC', '((....((.((....)).))....)).........', 0.2857, -0.0010147985661476564, -4.3483, 0.2838, 1.0, 0.2286]
	 ->['GGGGAACCAGGAAGACCAGGAAUACCAGGAAUACC', '((....((.((....)).))....)).........', 0.2857, -0.0011837652958272794, -5.6534, 0.2782, 1.0, 0.2286]
	 ->['GGGGAACCAGGAAGACCAACAUUAGUAGGAGUACC', '((....)).((.(..((.((....)).))..).))', 0.2571, -0.000482923467306036, -4.506, 0.2574, 0.7778, 0.1714]
	 >>> Resetting the solution to avoid local optima.
	 ->['GGAAAACCAGGAAAACCAGGAAAACCAGGAAAACC', '((....((.((....)).))....)).........', 0.2857, -0.0010147985661476564, -4.3483, 0.2838, 1.0, 0.2286]
	 ->['GGAAAGCCAGGAAAACCCGGAAAACCAGGAAAACC', '((....((.((....)).))....)).........', 0.2857, -8.856105447162507e-05, -5.5514, 0.3282, 1.0, 0.2286]
	 ->['GGAAAGCCAGGAGCACCCGCAAAAGCAGGAAAACC', '((....)).((....((.((....)).))....))', 0.2286, -0.0005825375475502978, -4.8904, 0.2695, 1.0, 0.1143]
	 >>> Resetting the solution to avoid local optima.
	 ->['CCAAAAGGACCAAAAGGACCAAAAGGACCAAAAGG', '((....((.((....)).))....)).........', 0.2857, -0.0012081297858343907, -4.7409, 0.2666, 1.0, 0.2286]
	 ->['GCAUGAGCACCAUCAGGAUCACGGGAACCAAAAGG', '((....)).......((.((....)).))......', 0.1714, -0.0009025100784483433, -3.8206, 0.3027, 0.8333, 0.2286]
	 >>> Resetting the solution to avoid local optima.
	 ->['GGAAAACCAGGAAAACCAGGAAAACCAGGAAAACC', '((....((.((....)).))....)).........', 0.2857, -0.0010147985661476564, -4.3483, 0.2838, 1.0, 0.2286]
	 ->['GGAAAACCAGGAAAACCAGGAAAACCAGGAAAACC', '((....((.((....)).))....)).........', 0.2857, -0.0010147985661476564, -4.3483, 0.2838, 1.0, 0.2286]
	 ->['GGAAAACCAGGAAAACCAGGAAAAUCAGCAAAAGC', '......((.((....)).))...............', 0.2286, -0.00014494392916363495, -2.9478, 0.2922, 1.0, 0.3429]
	 ->['GCACGCGCAGGACGUCCAGGAGAAUCAGCAAAUGC', '((....)).((....))..................', 0.1143, -0.0003286739543824651, -3.3432, 0.4777, 1.0, 0.2286]
	 >>> Resetting the solution to avoid local optima.
	 ->['GGAAAACCAGGAAAACCAGGAAAACCAGGAAAACC', '((....((.((....)).))....)).........', 0.2857, -0.0010147985661476564, -4.3483, 0.2838, 1.0, 0.2286]
	 ->['GGGGAACCAGUAAUAGCAGGGAGACCAGUAUAAAC', '((....((.((....)).))....)).........', 0.2857, -0.00015374669490258574, -5.2114, 0.2941, 0.8333, 0.2286]
	 >>> Resetting the solution to avoid local optima.
	 ->['GGAAAACCAGGAAAACCAGGAAAACCAGGAAAACC', '((....((.((....)).))....)).........', 0.2857, -0.0010147985661476564, -4.3483, 0.2838, 1.0, 0.2286]
	 ->['GGAAAACCAGGAAAACCACGAAAACGAGGAAAACC', '((....)).((....((.((....)).))....))', 0.2286, -0.001464652874012404, -2.8222, 0.2479, 1.0, 0.1143]
	 >>> Resetting the solution to avoid local optima.
	 ->['CCAAAAGGACCAAAAGGACCAAAAGGACCAAAAGG', '((....((.((....)).))....)).........', 0.2857, -0.0012081297858343907, -4.7409, 0.2666, 1.0, 0.2286]
	 ->['UCAAACGGCCCAAAAGGACCAAAAGGACCAAAAGG', '......((.((....)).))...............', 0.2286, -3.4663856064894275e-05, -4.4295, 0.3292, 1.0, 0.3429]
	 ->['GCGAAUGCUCCCAAAGGACCAGAAGGACCAUAAGG', '((....)).......((.((....)).))......', 0.1714, -0.001551635915050753, -4.6866, 0.2919, 1.0, 0.2286]
	 >>> Resetting the solution to avoid local optima.
	 ->['CCAAAAGGACCAAAAGGACCAAAAGGACCAAAAGG', '((....((.((....)).))....)).........', 0.2857, -0.0012081297858343907, -4.7409, 0.2666, 1.0, 0.2286]
	 ->['CUAAAAGGACCAAAAGGAGCACCAGUACCAAAAGG', '...............((.((....)).))......', 0.2286, -0.0001371147431995785, -2.482, 0.3312, 0.75, 0.3429]
	 >>> Resetting the solution to avoid local optima.
	 ->['GGAAAACCAGGAAAACCAGGAAAACCAGGAAAACC', '((....((.((....)).))....)).........', 0.2857, -0.0010147985661476564, -4.3483, 0.2838, 1.0, 0.2286]
	 ->['GGCAAACCAGGAACACCACGAAAACGAGGAUGACC', '((....)).((..((((.((....)).)).)).))', 0.2857, -0.0004855795931126094, -3.5026, 0.3245, 0.9, 0.2286]
	 ->['GGGGAGCCGAGAACACUACCGCCAGGAGGAUGACC', '((....)).......((.((....)))).......', 0.1714, -0.00029944315523488597, -4.9006, 0.3442, 0.8333, 0.2571]
	 >>> Resetting the solution to avoid local optima.
	 ->['GGAAAACCAGGAAAACCAGGAAAACCAGGAAAACC', '((....((.((....)).))....)).........', 0.2857, -0.0010147985661476564, -4.3483, 0.2838, 1.0, 0.2286]
	 ->['GGAAAACCAGGAAAACCAGGAAAACCAGGAAAACC', '((....((.((....)).))....)).........', 0.2857, -0.0010147985661476564, -4.3483, 0.2838, 1.0, 0.2286]
	 ->['GGAAAACCAGGAAAACCAUGAAAACGAGGAAAACC', '((....)).((....((.((....)).))....))', 0.2286, -7.47243991452603e-05, -2.3561, 0.2704, 0.875, 0.1143]
	 ->['GGAAAACCAGGAAACCCAUGAAAACGAGGAAAACC', '((....)).......((.((....)).))......', 0.1714, -8.527193554312897e-05, -2.6747, 0.2788, 0.8333, 0.2286]




RNA sequences found with GC-content <= 0.48:

RNA sequences found with GC-content > 0.48:
@@ GCAAAAGCAGCAAAAGCACCGCAAGGACCGAAAGG 1.0
@@ GCAAGAGCAGCAAAAGCACCGCAAGGACCGAAAGG 1.0
@@ GCAAGAGCAGCAACAGCACCGCAAGGACCGAAAGG 1.0
@@ GCAAGAGCAGCAACAGCACCGCAAGGACCGAUAGG 1.0
@@ GCAAGAGCAGCAACAGCACCGCAAGGACCGAUGGG 1.0
@@ GCAGCCGCAGCGACAGCACCAGUAGGACCCCAGGG 1.0
@@ GCAUCCGCAGCGACAGCACCAGUAGGACCCCAGGG 1.0
@@ GCUUCCGCAGCGACAGCACCAGUAGGACCCCAGGG 1.0


Elapsed time:                   86400.0112016201 secs.
Number of function evaluations: 76231963
----------------------------------------------------------------------


---------------------------------------
 FINISHED SUCCESSFULLY 
---------------------------------------
