
-----------------------------------------------------------------------
   _____ _____  ______ ______ _____             _____  _   _           
  / ____|  __ \|  ____|  ____|  __ \           |  __ \| \ | |   /\     
 | |  __| |__) | |__  | |__  | |  | |  ______  | |__) |  \| |  /  \    
 | | |_ |  _  /|  __| |  __| | |  | | |______| |  _  /| . ` | / /\ \   
 | |__| | | \ \| |____| |____| |__| |          | | \ \| |\  |/ ____ \  
  \_____|_|  \_\______|______|_____/           |_|  \_\_| \_/_/    \_\ 
       
                                       -- A. Rubio-Largo et al. 2023
-----------------------------------------------------------------------

------------------------------------------------------------------------------------------------------------------
CONFIGURATION: 

 * TARGET:           (((((......)))))
 * STOPPING:         86400 secs.
 * SEED:             7
 * NO. OF SOLUTIONS: 1
 * max. GC-cont.:    0.48
 * MODEL:            TURNER1999
 * MUTATION PROB:    0.01
 * STAGNATION LIMIT: 50
------------------------------------------------------------------------------------------------------------------


 (1) Let's minimize the base-pair distance between predicted and target structures
    -> Min(Base-pair distance), min(Hamming distance), max(probability over ensemble), min(partition function), min(ensemble defect), min(%GC-content)


	 ->['GGGGGAAAAAACCCCC', '(((((......)))))', 0.0, -0.8687275866555353, -8.9867, 0.0418, 1.0, 0.0]


    -> Found sequence! Elapsed time:                   0.012097358703613281 secs.


 (2) We found a sequence that folds exactly like the target structure. Let's minimize the GC-content
    -> ORDER: Min(Base-pair distance), min(Hamming distance), min(GC-content), min(partition function), min(ensemble defect), max(probability over ensemble))


	 >>> Resetting the solution to avoid local optima.
	 ->['GGGGGAAAAAACCCCC', '(((((......)))))', 0.0, -0.8687275866555353, -8.9867, 0.0418, 1.0, 0.0]
	 ->['GGGGGAAAAAGCCCCC', '(((((......)))))', 0.0, -0.9286840742849257, -9.1456, 0.0131, 1.0, 0.0]
	 ->['GGGUGGAAAAGCACCC', '(((((......)))))', 0.0, -0.9637830983475599, -6.9227, 0.0038, 0.8, 0.0]
	 ->['GGGUUGAAAAAGACCC', '(((((......)))))', 0.0, -0.9178207585003155, -5.5529, 0.0115, 0.6, 0.0]


    -> Finished!! Elaapsed time:                   0.037659406661987305 secs.




RNA sequences found with GC-content <= 0.48:
## GUGUUGAAAAAGACAC 0.4

RNA sequences found with GC-content > 0.48:
@@ GGGGGAAAAAACCCCC 1.0
@@ GGGGCAAAAAAGCCCC 1.0
@@ GGGGGAAAAAGCCCCC 1.0
@@ GGGUGAAAAAGCACCC 0.8
@@ GGGUGGAAAAGCACCC 0.8
@@ GGGUUGAAAAGGACCC 0.6
@@ GGGUUGAAAAAGACCC 0.6


Elapsed time:                   0.03776192665100098 secs.
Number of function evaluations: 33
----------------------------------------------------------------------


---------------------------------------
 FINISHED SUCCESSFULLY 
---------------------------------------
