
-----------------------------------------------------------------------
   _____ _____  ______ ______ _____             _____  _   _           
  / ____|  __ \|  ____|  ____|  __ \           |  __ \| \ | |   /\     
 | |  __| |__) | |__  | |__  | |  | |  ______  | |__) |  \| |  /  \    
 | | |_ |  _  /|  __| |  __| | |  | | |______| |  _  /| . ` | / /\ \   
 | |__| | | \ \| |____| |____| |__| |          | | \ \| |\  |/ ____ \  
  \_____|_|  \_\______|______|_____/           |_|  \_\_| \_/_/    \_\ 
       
                                       -- A. Rubio-Largo et al. 2023
-----------------------------------------------------------------------

------------------------------------------------------------------------------------------------------------------
CONFIGURATION: 

 * TARGET:           (((((......)))))
 * STOPPING:         86400 secs.
 * SEED:             9
 * NO. OF SOLUTIONS: 1
 * max. GC-cont.:    0.48
 * MODEL:            TURNER1999
 * MUTATION PROB:    0.01
 * STAGNATION LIMIT: 50
------------------------------------------------------------------------------------------------------------------


 (1) Let's minimize the base-pair distance between predicted and target structures
    -> Min(Base-pair distance), min(Hamming distance), max(probability over ensemble), min(partition function), min(ensemble defect), min(%GC-content)


	 ->['GGGGGAAAAAACCCCC', '(((((......)))))', 0.0, -0.8687275866555353, -8.9867, 0.0418, 1.0, 0.0]


    -> Found sequence! Elapsed time:                   0.01209259033203125 secs.


 (2) We found a sequence that folds exactly like the target structure. Let's minimize the GC-content
    -> ORDER: Min(Base-pair distance), min(Hamming distance), min(GC-content), min(partition function), min(ensemble defect), max(probability over ensemble))


	 >>> Resetting the solution to avoid local optima.
	 ->['CCCCCAAAAAAGGGGG', '(((((......)))))', 0.0, -0.9003951827010559, -9.3647, 0.0135, 1.0, 0.0]
	 ->['CCCUCAAAAAAGAGGG', '(((((......)))))', 0.0, -0.9309285940741718, -7.2441, 0.0051, 0.8, 0.0]
	 ->['CCGUCAAAAAAGAUGG', '(((((......)))))', 0.0, -0.9281655999463849, -4.6459, 0.0057, 0.6, 0.0]


    -> Finished!! Elaapsed time:                   0.04090595245361328 secs.




RNA sequences found with GC-content <= 0.48:
## GCGUCAAAAAAGAUGU 0.4

RNA sequences found with GC-content > 0.48:
@@ GGGGGAAAAAACCCCC 1.0
@@ GGGGCAAAAAAGCCCC 1.0
@@ GGGCCAAAAAAGGCCC 1.0
@@ GGCCCAAAAAAGGGCC 1.0
@@ CCCUCAAAAAAGAGGG 0.8
@@ CCGUCAAAAAAGAUGG 0.6


Elapsed time:                   0.04099464416503906 secs.
Number of function evaluations: 37
----------------------------------------------------------------------


---------------------------------------
 FINISHED SUCCESSFULLY 
---------------------------------------
