
-----------------------------------------------------------------------
   _____ _____  ______ ______ _____             _____  _   _           
  / ____|  __ \|  ____|  ____|  __ \           |  __ \| \ | |   /\     
 | |  __| |__) | |__  | |__  | |  | |  ______  | |__) |  \| |  /  \    
 | | |_ |  _  /|  __| |  __| | |  | | |______| |  _  /| . ` | / /\ \   
 | |__| | | \ \| |____| |____| |__| |          | | \ \| |\  |/ ____ \  
  \_____|_|  \_\______|______|_____/           |_|  \_\_| \_/_/    \_\ 
       
                                       -- A. Rubio-Largo et al. 2023
-----------------------------------------------------------------------

------------------------------------------------------------------------------------------------------------------
CONFIGURATION: 

 * TARGET:           ((((((.((((....))))))).)))..........
 * STOPPING:         86400 secs.
 * SEED:             10
 * NO. OF SOLUTIONS: 1
 * max. GC-cont.:    0.48
 * MODEL:            TURNER1999
 * MUTATION PROB:    0.01
 * STAGNATION LIMIT: 50
------------------------------------------------------------------------------------------------------------------


 (1) Let's minimize the base-pair distance between predicted and target structures
    -> Min(Base-pair distance), min(Hamming distance), max(probability over ensemble), min(partition function), min(ensemble defect), min(%GC-content)


	 ->['CCCCCCACCCCAAAAGGGGGGGAGGGAAAAAAAAAA', '((((((.((((....))))))).)))..........', 0.0, -0.8893530180105559, -19.1723, 0.018, 1.0, 0.0]


    -> Found sequence! Elapsed time:                   0.012646913528442383 secs.


 (2) We found a sequence that folds exactly like the target structure. Let's minimize the GC-content
    -> ORDER: Min(Base-pair distance), min(Hamming distance), min(GC-content), min(partition function), min(ensemble defect), max(probability over ensemble))


	 >>> Resetting the solution to avoid local optima.
	 ->['CCCCCCACCCCAAAAGGGGGGGAGGGAAAAAAAAAA', '((((((.((((....))))))).)))..........', 0.0, -0.8893530180105559, -19.1723, 0.018, 1.0, 0.0]
	 ->['CCCCCCACCCCAAAAGGGGGGGAGGGAAAAAAAAAU', '((((((.((((....))))))).)))..........', 0.0, -0.8887127556357933, -19.1727, 0.018, 1.0, 0.0]
	 ->['CCCGCCACCCCUAAAGGGGGGUAGGGAAAAUAAAAU', '((((((.((((....))))))).)))..........', 0.0, -0.7487267193441254, -16.7784, 0.0576, 0.9, 0.0]
	 ->['GCCGCCACCACUAAAGUGGGGUAGGCAAAGUAAUAU', '((((((.((((....))))))).)))..........', 0.0, -0.9371315264330691, -15.04, 0.0052, 0.8, 0.0]
	 ->['GGCGCCACCACUAAAGUGGGGUAGUCAAAGUAAUAU', '((((((.((((....))))))).)))..........', 0.0, -0.9206358944915122, -12.351, 0.0075, 0.7, 0.0]
	 ->['GGCGUCACCACUAAAGUGGGAUAGUCAGAGUAAUAC', '((((((.((((....))))))).)))..........', 0.0, -0.7605296771932115, -10.4687, 0.0343, 0.6, 0.0]
	 ->['UGCGUCACCACUAAAGUGGGAUAGUAAGAGUACUAC', '((((((.((((....))))))).)))..........', 0.0, -0.24526816627138273, -9.2662, 0.2147, 0.5, 0.0]


    -> Finished!! Elaapsed time:                   0.06749868392944336 secs.




RNA sequences found with GC-content <= 0.48:
## UGCGUCACCAAUAAAUUGGGAUAGUAAGAGUACUAC 0.4

RNA sequences found with GC-content > 0.48:
@@ CCCCCCACCCCAAAAGGGGGGGAGGGAAAAAAAAAA 1.0
@@ CCCCCCACCCCAAAAGGGGGGGAGGGAAAAAAAAAU 1.0
@@ CCCGCCACCCCAAAAGGGGGGUAGGGAAAAAAAAAU 0.9
@@ CCCGCCACCCCUAAAGGGGGGUAGGGAAAAAAAAAU 0.9
@@ CCCGCCACCCCUAAAGGGGGGUAGGGAAAAUAAAAU 0.9
@@ CCCGCCACCACUAAAGUGGGGUAGGGAAAAUAAAAU 0.8
@@ CCCGCCACCACUAAAGUGGGGUAGGGAAAAUAAUAU 0.8
@@ CCCGCCACCACUAAAGUGGGGUAGGGAAAGUAAUAU 0.8
@@ GCCGCCACCACUAAAGUGGGGUAGGCAAAGUAAUAU 0.7999999999999999
@@ GGCGCCACCACUAAAGUGGGGUAGUCAAAGUAAUAU 0.7
@@ GGCGUCACCACUAAAGUGGGAUAGUCAAAGUAAUAU 0.6
@@ GGCGUCACCACUAAAGUGGGAUAGUCAAAGUAAUAC 0.6
@@ GGCGUCACCACUAAAGUGGGAUAGUCAGAGUAAUAC 0.6
@@ UGCGUCACCACUAAAGUGGGAUAGUAAGAGUAAUAC 0.5
@@ UGCGUCACCACUAAAGUGGGAUAGUAAGAGUACUAC 0.5


Elapsed time:                   0.06786823272705078 secs.
Number of function evaluations: 42
----------------------------------------------------------------------


---------------------------------------
 FINISHED SUCCESSFULLY 
---------------------------------------
