
-----------------------------------------------------------------------
   _____ _____  ______ ______ _____             _____  _   _           
  / ____|  __ \|  ____|  ____|  __ \           |  __ \| \ | |   /\     
 | |  __| |__) | |__  | |__  | |  | |  ______  | |__) |  \| |  /  \    
 | | |_ |  _  /|  __| |  __| | |  | | |______| |  _  /| . ` | / /\ \   
 | |__| | | \ \| |____| |____| |__| |          | | \ \| |\  |/ ____ \  
  \_____|_|  \_\______|______|_____/           |_|  \_\_| \_/_/    \_\ 
       
                                       -- A. Rubio-Largo et al. 2023
-----------------------------------------------------------------------

------------------------------------------------------------------------------------------------------------------
CONFIGURATION: 

 * TARGET:           ((((...)))).
 * STOPPING:         86400 secs.
 * SEED:             2
 * NO. OF SOLUTIONS: 1
 * max. GC-cont.:    0.48
 * MODEL:            TURNER1999
 * MUTATION PROB:    0.01
 * STAGNATION LIMIT: 50
------------------------------------------------------------------------------------------------------------------


 (1) Let's minimize the base-pair distance between predicted and target structures
    -> Min(Base-pair distance), min(Hamming distance), max(probability over ensemble), min(partition function), min(ensemble defect), min(%GC-content)


	 ->['CCCCAAAGGGGA', '((((...)))).', 0.0, -0.563459208065955, -5.6536, 0.1132, 1.0, 0.0]


    -> Found sequence! Elapsed time:                   0.012018918991088867 secs.


 (2) We found a sequence that folds exactly like the target structure. Let's minimize the GC-content
    -> ORDER: Min(Base-pair distance), min(Hamming distance), min(GC-content), min(partition function), min(ensemble defect), max(probability over ensemble))


	 >>> Resetting the solution to avoid local optima.
	 ->['GGGGAAACCCCA', '(((....)))..', 0.5833, -0.09882771799953906, -7.3264, 0.5666, 1.0, 0.1667]
	 ->['GGGGAAACCCCA', '(((....)))..', 0.5833, -0.09882771799953906, -7.3264, 0.5666, 1.0, 0.1667]
	 ->['GGGGAAACUCCA', '(((....).)).', 0.25, -0.05041890087192809, -4.7412, 0.4635, 1.0, 0.1667]
	 ->['GGGGGAACUCCA', '((((...)))).', 0.0, -0.304828470869711, -3.6322, 0.3422, 0.75, 0.0]
	 >>> Resetting the solution to avoid local optima.
	 ->['CCCCAAAGGGGA', '((((...)))).', 0.0, -0.563459208065955, -5.6536, 0.1132, 1.0, 0.0]
	 ->['CCCCACGGGGGA', '((((...)))).', 0.0, -0.38381017653768307, -5.8902, 0.2897, 1.0, 0.0]
	 ->['CUCCACGGGAGA', '((((...)))).', 0.0, -0.6057144879809017, -3.509, 0.0716, 0.75, 0.0]
	 >>> Resetting the solution to avoid local optima.
	 ->['GGGGAAACCCCA', '(((....)))..', 0.5833, -0.09882771799953906, -7.3264, 0.5666, 1.0, 0.1667]
	 ->['GGGGAAACCCCA', '(((....)))..', 0.5833, -0.09882771799953906, -7.3264, 0.5666, 1.0, 0.1667]
	 ->['GGGGGAACCCCA', '((((...)))).', 0.0, -0.3345681368931217, -6.5748, 0.3392, 1.0, 0.0]
	 ->['GUGGCAACCGCG', '((((...)))).', 0.0, -0.5841047723960257, -3.5314, 0.0907, 0.75, 0.0]
	 >>> Resetting the solution to avoid local optima.
	 ->['GGGGAAACCCCA', '(((....)))..', 0.5833, -0.09882771799953906, -7.3264, 0.5666, 1.0, 0.1667]
	 ->['GGGGAAACCCCA', '(((....)))..', 0.5833, -0.09882771799953906, -7.3264, 0.5666, 1.0, 0.1667]
	 ->['GGGGGAACCCCA', '((((...)))).', 0.0, -0.3345681368931217, -6.5748, 0.3392, 1.0, 0.0]
	 ->['GGGGGAACUCCA', '((((...)))).', 0.0, -0.304828470869711, -3.6322, 0.3422, 0.75, 0.0]
	 >>> Resetting the solution to avoid local optima.
	 ->['GGGGAAACCCCA', '(((....)))..', 0.5833, -0.09882771799953906, -7.3264, 0.5666, 1.0, 0.1667]
	 ->['GGGGAAACCCCA', '(((....)))..', 0.5833, -0.09882771799953906, -7.3264, 0.5666, 1.0, 0.1667]
	 ->['UGGGAAACCCAA', '.((....))...', 0.5, -0.20004440238120005, -4.2918, 0.418, 1.0, 0.3333]
	 ->['UGGGGAGCCCAA', '((((...)))).', 0.0, -0.41724797037194294, -3.8387, 0.1647, 0.75, 0.0]
	 >>> Resetting the solution to avoid local optima.
	 ->['GGGGAAACCCCA', '(((....)))..', 0.5833, -0.09882771799953906, -7.3264, 0.5666, 1.0, 0.1667]
	 ->['GGGGAAACCCCA', '(((....)))..', 0.5833, -0.09882771799953906, -7.3264, 0.5666, 1.0, 0.1667]
	 ->['UGGGAAACCCGA', '.((....))...', 0.5, -0.08444934908843132, -4.1233, 0.5205, 1.0, 0.3333]
	 ->['UGGGACACCCGA', '.(((...)))..', 0.0833, -0.29435922618366006, -3.3537, 0.1716, 1.0, 0.1667]
	 >>> Resetting the solution to avoid local optima.
	 ->['CCCCAAAGGGGA', '((((...)))).', 0.0, -0.563459208065955, -5.6536, 0.1132, 1.0, 0.0]
	 ->['CCCCAAAGGGGA', '((((...)))).', 0.0, -0.563459208065955, -5.6536, 0.1132, 1.0, 0.0]
	 ->['CUCCAAAGGAGA', '((((...)))).', 0.0, -0.6094134183555916, -3.5052, 0.068, 0.75, 0.0]
	 ->['GUACGGCGUACA', '((((...)))).', 0.0, -0.680716239162155, -1.937, 0.0824, 0.5, 0.0]


    -> Finished!! Elaapsed time:                   0.8555917739868164 secs.




RNA sequences found with GC-content <= 0.48:
## GUAUGGCAUACA 0.25

RNA sequences found with GC-content > 0.48:
@@ CCCCAAAGGGGA 1.0
@@ GCCCAAAGGGCA 1.0
@@ GGGGGAACUCCA 0.75
@@ UGGGGAACUCAA 0.5
@@ UGUGGAACGCAA 0.5
@@ UGUGGCACGCAA 0.5
@@ UGUGUCACGCAA 0.5
@@ UGUGUCACACAA 0.5
@@ UGUCUCAGACAA 0.5
@@ UGUCUGAGACAA 0.5
@@ UGUCUGCGACAA 0.5
@@ UGUCUGCGACAG 0.5
@@ UGUCGGCGACAG 0.5
@@ UGACGGCGUCAG 0.5
@@ UGACGUCGUCAG 0.5
@@ CCCCAAGGGGGA 1.0
@@ CCCCACGGGGGA 1.0
@@ CUCCACGGGAGA 0.75
@@ GUCCACGGGAUA 0.5
@@ GUCCCCGGGAUA 0.5
@@ GUCCCCGGGAUG 0.5
@@ GUCCCAGGGAUG 0.5
@@ GGGGGAACCCCA 1.0
@@ GUGGGAACCGCA 0.75
@@ GUGGCAACCGCA 0.75
@@ GUGGCAACCGCG 0.75
@@ AUGGCAACCGUG 0.5
@@ UUGGCAACCGAG 0.5
@@ UUGGCAACCGAA 0.5
@@ UUGGCAACCAAA 0.5
@@ UAGGCAACCUAA 0.5
@@ UAGGAAACCUAA 0.5
@@ UAGGAAACCUAG 0.5
@@ UGUGGAACACAA 0.5
@@ UCUGGAACAGAA 0.5
@@ UCUGGAACAGAG 0.5
@@ UCUGGAGCAGAG 0.5
@@ UCUGGUGCAGAG 0.5
@@ UCUGGGGCAGAG 0.5
@@ UCUGCGGCAGAG 0.5
@@ UCUCCGGGAGAG 0.5
@@ UCUCAGGGAGAG 0.5
@@ UCUCGGGGAGAG 0.5
@@ UCUCGUGGAGAG 0.5
@@ UGGGAAGCCCAA 0.75
@@ UGGGGAGCCCAA 0.75
@@ UUGGGAGCCGAA 0.5
@@ UAGGGAGCCUAA 0.5
@@ UAGGGAACCUAA 0.5
@@ UAGGGGACCUAA 0.5
@@ GAGGGGACCUUA 0.5
@@ GUGGGGACCAUA 0.5
@@ GUGGGGACCAUG 0.5
@@ UUGGACACCAGA 0.5
@@ UUGGACCCCAGA 0.5
@@ UUGGUCCCCAGA 0.5
@@ UAGGUCCCCUGA 0.5
@@ UAGGUCACCUGA 0.5
@@ UAGGGCACCUGA 0.5
@@ UAGGGCCCCUGA 0.5
@@ UAGGGCCCCUGG 0.5
@@ UAGGGCCCCUAG 0.5
@@ UAGGGCCCCUAA 0.5
@@ UAGGGGCCCUAA 0.5
@@ CUCCAAAGGAGA 0.75
@@ CUGCAAAGUAGA 0.5
@@ CUGCGAAGUAGA 0.5
@@ CUGCUAAGUAGA 0.5
@@ CUGCUAAGUAGG 0.5
@@ GUGCUAAGUACG 0.5
@@ GUGCUAUGUACG 0.5
@@ GUGCUGUGUACG 0.5
@@ GUGCUGUGUACA 0.5
@@ GUGCGGUGUACA 0.5
@@ GUGCGGCGUACA 0.5
@@ GUACGGCGUACA 0.5


Elapsed time:                   0.8561720848083496 secs.
Number of function evaluations: 1118
----------------------------------------------------------------------


---------------------------------------
 FINISHED SUCCESSFULLY 
---------------------------------------
