
-----------------------------------------------------------------------
   _____ _____  ______ ______ _____             _____  _   _           
  / ____|  __ \|  ____|  ____|  __ \           |  __ \| \ | |   /\     
 | |  __| |__) | |__  | |__  | |  | |  ______  | |__) |  \| |  /  \    
 | | |_ |  _  /|  __| |  __| | |  | | |______| |  _  /| . ` | / /\ \   
 | |__| | | \ \| |____| |____| |__| |          | | \ \| |\  |/ ____ \  
  \_____|_|  \_\______|______|_____/           |_|  \_\_| \_/_/    \_\ 
       
                                       -- A. Rubio-Largo et al. 2023
-----------------------------------------------------------------------

------------------------------------------------------------------------------------------------------------------
CONFIGURATION: 

 * TARGET:           ((((((.((((....))))))).)))..........
 * STOPPING:         86400 secs.
 * SEED:             2
 * NO. OF SOLUTIONS: 1
 * max. GC-cont.:    0.48
 * MODEL:            TURNER1999
 * MUTATION PROB:    0.01
 * STAGNATION LIMIT: 50
------------------------------------------------------------------------------------------------------------------


 (1) Let's minimize the base-pair distance between predicted and target structures
    -> Min(Base-pair distance), min(Hamming distance), max(probability over ensemble), min(partition function), min(ensemble defect), min(%GC-content)


	 ->['CCCCCCACCCCAAAAGGGGGGGAGGGAAAAAAAAAA', '((((((.((((....))))))).)))..........', 0.0, -0.8893530180105559, -19.1723, 0.018, 1.0, 0.0]


    -> Found sequence! Elapsed time:                   0.013026237487792969 secs.


 (2) We found a sequence that folds exactly like the target structure. Let's minimize the GC-content
    -> ORDER: Min(Base-pair distance), min(Hamming distance), min(GC-content), min(partition function), min(ensemble defect), max(probability over ensemble))


	 >>> Resetting the solution to avoid local optima.
	 ->['CCCCCCACCCCAAAAGGGGGGGAGGGAAAAAAAAAA', '((((((.((((....))))))).)))..........', 0.0, -0.8893530180105559, -19.1723, 0.018, 1.0, 0.0]
	 ->['GCCCCCACCCCAAAAGGGGGGGAGGCAAAAAAAAAA', '((((((.((((....))))))).)))..........', 0.0, -0.924400710190309, -19.8484, 0.0074, 1.0, 0.0]
	 ->['GCCCCCACCCUAAAAGGGGGGGAGGCAAAAAAAAAA', '((((((.((((....))))))).)))..........', 0.0, -0.5220025220307175, -18.0007, 0.0795, 0.9, 0.0]
	 ->['GUCCCCACCCUAAAAGGGGGGGAGACAAAAAAAAAA', '((((((.((((....))))))).)))..........', 0.0, -0.3596837283095949, -16.1302, 0.2373, 0.8, 0.0]
	 ->['GUACCCACCCUAAAAGGGGGGGAUACAAAAUAAAAA', '((((((.((((....))))))).)))..........', 0.0, -0.4838519032675346, -13.7474, 0.0967, 0.7, 0.0]
	 ->['GUACCCACUCUAAAAGGAGGGGAUACAAAAUAAAAA', '((((((.((((....))))))).)))..........', 0.0, -0.6790262996611728, -11.4386, 0.0256, 0.6, 0.0]
	 ->['GUGACCGCUCUGAAAGGAGGGUAUACAAAACACAGU', '((((((.((((....))))))).)))..........', 0.0, -0.8063817174323679, -11.3326, 0.0378, 0.5, 0.0]


    -> Finished!! Elaapsed time:                   0.08038806915283203 secs.




RNA sequences found with GC-content <= 0.48:
## GUGACCGUUCUGAAAGGAGGGUAUACAAAACACAGU 0.4

RNA sequences found with GC-content > 0.48:
@@ CCCCCCACCCCAAAAGGGGGGGAGGGAAAAAAAAAA 1.0
@@ GCCCCCACCCCAAAAGGGGGGGAGGCAAAAAAAAAA 1.0
@@ GCCCCCACCCUAAAAGGGGGGGAGGCAAAAAAAAAA 0.9
@@ GUCCCCACCCUAAAAGGGGGGGAGACAAAAAAAAAA 0.7999999999999999
@@ GUACCCACCCUAAAAGGGGGGGAUACAAAAAAAAAA 0.7
@@ GUACCCACCCUAAAAGGGGGGGAUACAAAAUAAAAA 0.7
@@ GUACCCACUCUAAAAGGAGGGGAUACAAAAUAAAAA 0.6
@@ GUAACCACUCUAAAAGGAGGGUAUACAAAAUAAAAA 0.5
@@ GUAACCACUCUAAAAGGAGGGUAUACAAAAUAUAAA 0.5
@@ GUAACCACUCUAAAAGGAGGGUAUACAAAAUAUAGA 0.5
@@ GUAACCGCUCUAAAAGGAGGGUAUACAAAAUAUAGA 0.5
@@ GUAACCGCUCUGAAAGGAGGGUAUACAAAAUAUAGA 0.5
@@ GUGACCGCUCUGAAAGGAGGGUAUACAAAAUAUAGA 0.5
@@ GUGACCGCUCUGAAAGGAGGGUAUACAAAAUAUAGU 0.5
@@ GUGACCGCUCUGAAAGGAGGGUAUACAAAACAUAGU 0.5
@@ GUGACCGCUCUGAAAGGAGGGUAUACAAAACACAGU 0.5


Elapsed time:                   0.08077836036682129 secs.
Number of function evaluations: 55
----------------------------------------------------------------------


---------------------------------------
 FINISHED SUCCESSFULLY 
---------------------------------------
