
-----------------------------------------------------------------------
   _____ _____  ______ ______ _____             _____  _   _           
  / ____|  __ \|  ____|  ____|  __ \           |  __ \| \ | |   /\     
 | |  __| |__) | |__  | |__  | |  | |  ______  | |__) |  \| |  /  \    
 | | |_ |  _  /|  __| |  __| | |  | | |______| |  _  /| . ` | / /\ \   
 | |__| | | \ \| |____| |____| |__| |          | | \ \| |\  |/ ____ \  
  \_____|_|  \_\______|______|_____/           |_|  \_\_| \_/_/    \_\ 
       
                                       -- A. Rubio-Largo et al. 2023
-----------------------------------------------------------------------

------------------------------------------------------------------------------------------------------------------
CONFIGURATION: 

 * TARGET:           (((((......)))))
 * STOPPING:         86400 secs.
 * SEED:             2
 * NO. OF SOLUTIONS: 1
 * max. GC-cont.:    0.48
 * MODEL:            TURNER1999
 * MUTATION PROB:    0.01
 * STAGNATION LIMIT: 50
------------------------------------------------------------------------------------------------------------------


 (1) Let's minimize the base-pair distance between predicted and target structures
    -> Min(Base-pair distance), min(Hamming distance), max(probability over ensemble), min(partition function), min(ensemble defect), min(%GC-content)


	 ->['CCCCCAAAAAAGGGGG', '(((((......)))))', 0.0, -0.9003951827010559, -9.3647, 0.0135, 1.0, 0.0]


    -> Found sequence! Elapsed time:                   0.012877941131591797 secs.


 (2) We found a sequence that folds exactly like the target structure. Let's minimize the GC-content
    -> ORDER: Min(Base-pair distance), min(Hamming distance), min(GC-content), min(partition function), min(ensemble defect), max(probability over ensemble))


	 >>> Resetting the solution to avoid local optima.
	 ->['GGGGGAAAAAACCCCC', '(((((......)))))', 0.0, -0.8687275866555353, -8.9867, 0.0418, 1.0, 0.0]
	 ->['GGGGGAAAAAACCCCC', '(((((......)))))', 0.0, -0.8687275866555353, -8.9867, 0.0418, 1.0, 0.0]
	 ->['GGGUGAAAAUACGCCC', '(((((......)))))', 0.0, -0.8968703655832793, -6.2671, 0.0125, 0.8, 0.0]
	 ->['GGGUUGAAAUAGGCCC', '(((((......)))))', 0.0, -0.7851341050285998, -5.1491, 0.0288, 0.6, 0.0]


    -> Finished!! Elaapsed time:                   0.0439152717590332 secs.




RNA sequences found with GC-content <= 0.48:
## AGGUUGAAAUAGGCCU 0.4
## AGGUUGACAUAGGCCU 0.4

RNA sequences found with GC-content > 0.48:
@@ CCCCCAAAAAAGGGGG 1.0
@@ GCCCCAAAAAAGGGGC 1.0
@@ GGCCCAAAAAAGGGCC 1.0
@@ GGGGGAAAAAACCCCC 1.0
@@ GGGUGAAAAAACGCCC 0.8
@@ GGGUGAAAAUACGCCC 0.8
@@ GGGUUAAAAUAGGCCC 0.6
@@ GGGUUGAAAUAGGCCC 0.6


Elapsed time:                   0.04403829574584961 secs.
Number of function evaluations: 40
----------------------------------------------------------------------


---------------------------------------
 FINISHED SUCCESSFULLY 
---------------------------------------
