
-----------------------------------------------------------------------
   _____ _____  ______ ______ _____             _____  _   _           
  / ____|  __ \|  ____|  ____|  __ \           |  __ \| \ | |   /\     
 | |  __| |__) | |__  | |__  | |  | |  ______  | |__) |  \| |  /  \    
 | | |_ |  _  /|  __| |  __| | |  | | |______| |  _  /| . ` | / /\ \   
 | |__| | | \ \| |____| |____| |__| |          | | \ \| |\  |/ ____ \  
  \_____|_|  \_\______|______|_____/           |_|  \_\_| \_/_/    \_\ 
       
                                       -- A. Rubio-Largo et al. 2023
-----------------------------------------------------------------------

------------------------------------------------------------------------------------------------------------------
CONFIGURATION: 

 * TARGET:           ((((...)))).
 * STOPPING:         86400 secs.
 * SEED:             9
 * NO. OF SOLUTIONS: 1
 * max. GC-cont.:    0.48
 * MODEL:            TURNER1999
 * MUTATION PROB:    0.01
 * STAGNATION LIMIT: 50
------------------------------------------------------------------------------------------------------------------


 (1) Let's minimize the base-pair distance between predicted and target structures
    -> Min(Base-pair distance), min(Hamming distance), max(probability over ensemble), min(partition function), min(ensemble defect), min(%GC-content)


	 ->['GGGGAAACCCCA', '(((....)))..', 0.5833, -0.09882771799953906, -7.3264, 0.5666, 1.0, 0.1667]
	 ->['GGGGAAACCCCA', '(((....)))..', 0.5833, -0.09882771799953906, -7.3264, 0.5666, 1.0, 0.1667]


    -> Found sequence! Elapsed time:                   0.01269841194152832 secs.


 (2) We found a sequence that folds exactly like the target structure. Let's minimize the GC-content
    -> ORDER: Min(Base-pair distance), min(Hamming distance), min(GC-content), min(partition function), min(ensemble defect), max(probability over ensemble))


	 >>> Resetting the solution to avoid local optima.
	 ->['CCCCAAAGGGGA', '((((...)))).', 0.0, -0.563459208065955, -5.6536, 0.1132, 1.0, 0.0]
	 ->['CCCCAAAGGGGA', '((((...)))).', 0.0, -0.563459208065955, -5.6536, 0.1132, 1.0, 0.0]
	 ->['CGCCAAAGGUGA', '((((...)))).', 0.0, -0.5887016936903563, -2.9265, 0.0763, 0.75, 0.0]
	 >>> Resetting the solution to avoid local optima.
	 ->['GGGGAAACCCCA', '(((....)))..', 0.5833, -0.09882771799953906, -7.3264, 0.5666, 1.0, 0.1667]
	 ->['GGGCAAAGCCCA', '((((...)))).', 0.0, -0.8094895658789762, -6.1303, 0.0321, 1.0, 0.0]
	 ->['GUGCAAUGCACA', '((((...)))).', 0.0, -0.8057026414721388, -3.8332, 0.0342, 0.75, 0.0]
	 >>> Resetting the solution to avoid local optima.
	 ->['GGGGAAACCCCA', '(((....)))..', 0.5833, -0.09882771799953906, -7.3264, 0.5666, 1.0, 0.1667]
	 ->['AGGGAAACCCUA', '.((....))...', 0.5, -0.15130796217393835, -4.3639, 0.4883, 1.0, 0.3333]
	 ->['AGGGUAACCCUG', '((((...)))).', 0.0, -0.4781423305896434, -3.6548, 0.1221, 0.75, 0.0]
	 >>> Resetting the solution to avoid local optima.
	 ->['CCCCAAAGGGGA', '((((...)))).', 0.0, -0.563459208065955, -5.6536, 0.1132, 1.0, 0.0]
	 ->['CCCCAAAGGGGA', '((((...)))).', 0.0, -0.563459208065955, -5.6536, 0.1132, 1.0, 0.0]
	 ->['UCCCCCAGGGAG', '((((...)))).', 0.0, -0.5380410520352169, -3.982, 0.1085, 0.75, 0.0]
	 >>> Resetting the solution to avoid local optima.
	 ->['CCCCAAAGGGGA', '((((...)))).', 0.0, -0.563459208065955, -5.6536, 0.1132, 1.0, 0.0]
	 ->['CCCCAAAGGGGA', '((((...)))).', 0.0, -0.563459208065955, -5.6536, 0.1132, 1.0, 0.0]
	 ->['CACCAUUGGUGA', '((((...)))).', 0.0, -0.6068971432050926, -3.3078, 0.0695, 0.75, 0.0]
	 >>> Resetting the solution to avoid local optima.
	 ->['GGGGAAACCCCA', '(((....)))..', 0.5833, -0.09882771799953906, -7.3264, 0.5666, 1.0, 0.1667]
	 ->['AGGGAAACCCUA', '.((....))...', 0.5, -0.15130796217393835, -4.3639, 0.4883, 1.0, 0.3333]
	 ->['UGGGAAUCCCAA', '((((...)))).', 0.0, -0.4613653412258755, -3.7768, 0.1122, 0.75, 0.0]
	 >>> Resetting the solution to avoid local optima.
	 ->['CCCCAAAGGGGA', '((((...)))).', 0.0, -0.563459208065955, -5.6536, 0.1132, 1.0, 0.0]
	 ->['GCCCAAAGGGCA', '((((...)))).', 0.0, -0.6180054137037219, -6.2966, 0.064, 1.0, 0.0]
	 ->['UCCCGAAGGGAA', '((((...)))).', 0.0, -0.43022400088300633, -4.1198, 0.2184, 0.75, 0.0]
	 >>> Resetting the solution to avoid local optima.
	 ->['GGGGAAACCCCA', '(((....)))..', 0.5833, -0.09882771799953906, -7.3264, 0.5666, 1.0, 0.1667]
	 ->['GGAGCAACUCCA', '((((...)))).', 0.0, -0.7739306038261491, -3.9579, 0.0406, 0.75, 0.0]
	 ->['GAUCGAGGAUCG', '((((...)))).', 0.0, -0.8035598685678222, -2.0348, 0.0628, 0.5, 0.0]


    -> Finished!! Elaapsed time:                   1.0824804306030273 secs.




RNA sequences found with GC-content <= 0.48:
## GAUAGAGUAUCG 0.25

RNA sequences found with GC-content > 0.48:
@@ GGCGAAACGCCA 1.0
@@ GGCCAAAGGCCA 1.0
@@ GCCCAAAGGGCA 1.0
@@ CCCCAAAGGGGA 1.0
@@ CGCCAAAGGUGA 0.75
@@ AGCCAAAGGUUA 0.5
@@ AGCCUAAGGUUA 0.5
@@ UGCCUAAGGUAA 0.5
@@ UGCCUUAGGUAA 0.5
@@ UGCCUUCGGUAA 0.5
@@ UGCCUUCGGUAG 0.5
@@ GGGCAAAGCCCA 1.0
@@ GGGCAAAGCUCA 0.75
@@ GUGCAAAGCACA 0.75
@@ GUGCAAUGCACA 0.75
@@ GUGCAAUGCAUA 0.5
@@ GUGCAAUGCAUG 0.5
@@ GUGGAAUCCAUG 0.5
@@ GUGGACUCCAUG 0.5
@@ GUGGACACCAUG 0.5
@@ GUGGAGACCAUG 0.5
@@ GUGGUGACCAUG 0.5
@@ GUGGGGACCAUG 0.5
@@ AGGGUAACCCUA 0.75
@@ AGGGUAACCCUG 0.75
@@ AAGGUAACCUUG 0.5
@@ UAGGUAACCUAG 0.5
@@ UAGGCAACCUAG 0.5
@@ UAGGCAACCUAA 0.5
@@ UAGGAAACCUAA 0.5
@@ UAGGAGACCUAA 0.5
@@ UAGGGGACCUAA 0.5
@@ GAGGGGACCUUA 0.5
@@ GUGGGGACCAUA 0.5
@@ GCCCAAAGGGUA 0.75
@@ GCCCAAAGGGUG 0.75
@@ GCCCCAAGGGUG 0.75
@@ UCCCCAAGGGAG 0.75
@@ UCCCCCAGGGAG 0.75
@@ UGCCCCAGGUAG 0.5
@@ UGCCCUAGGUAG 0.5
@@ UGCCCUUGGUAG 0.5
@@ UGCCCUCGGUAG 0.5
@@ UGCCCACGGUAG 0.5
@@ UGCCUACGGUAG 0.5
@@ CACCAAAGGUGA 0.75
@@ CACCAAUGGUGA 0.75
@@ CACCAUUGGUGA 0.75
@@ GACCAUUGGUUA 0.5
@@ GACCAAUGGUUA 0.5
@@ UACCAAUGGUAA 0.5
@@ UACCCAUGGUAA 0.5
@@ UACCCGUGGUAA 0.5
@@ UACCCGUGGUAG 0.5
@@ UACCCGGGGUAG 0.5
@@ UACCCUGGGUAG 0.5
@@ UGCCCUGGGUAG 0.5
@@ UGCCCGGGGUAG 0.5
@@ UGCCCGCGGUAG 0.5
@@ AGGGAAUCCCUA 0.75
@@ UGGGAAUCCCAA 0.75
@@ UGGGAAUCCUAA 0.5
@@ UAGGAAUCCUAA 0.5
@@ UAGGACUCCUAA 0.5
@@ UAGGACACCUAA 0.5
@@ UCCCAAAGGGAA 0.75
@@ UCCCGAAGGGAA 0.75
@@ UCGCGAAGUGAA 0.5
@@ UCGCGAGGUGAA 0.5
@@ UCACGAGGUGAA 0.5
@@ UCACUAGGUGAA 0.5
@@ UCACUCGGUGAA 0.5
@@ UCACUCGGUGAG 0.5
@@ UCACUCCGUGAG 0.5
@@ UCUCUCCGAGAG 0.5
@@ UCUCUCGGAGAG 0.5
@@ UCUCGCGGAGAG 0.5
@@ UCUCGGGGAGAG 0.5
@@ UCUCGUGGAGAG 0.5
@@ GGUGAAACGCCA 0.75
@@ GGUGUAACGCCA 0.75
@@ GGUGCAACGCCA 0.75
@@ GGAGCAACUCCA 0.75
@@ GAAGCAACUUCA 0.5
@@ GAUGCAACAUCA 0.5
@@ GAUGCAUCAUCA 0.5
@@ GAUGGAUCAUCA 0.5
@@ GAUGGUUCAUCA 0.5
@@ GAUGAUUCAUCA 0.5
@@ GAUGAGUCAUCA 0.5
@@ GAUCAGUGAUCA 0.5
@@ GAUCUGUGAUCA 0.5
@@ GAUCUGGGAUCA 0.5
@@ GAUCGGGGAUCA 0.5
@@ GAUCGAGGAUCA 0.5
@@ GAUCGAGGAUCG 0.5


Elapsed time:                   1.0833816528320312 secs.
Number of function evaluations: 1410
----------------------------------------------------------------------


---------------------------------------
 FINISHED SUCCESSFULLY 
---------------------------------------
