
-----------------------------------------------------------------------
   _____ _____  ______ ______ _____             _____  _   _           
  / ____|  __ \|  ____|  ____|  __ \           |  __ \| \ | |   /\     
 | |  __| |__) | |__  | |__  | |  | |  ______  | |__) |  \| |  /  \    
 | | |_ |  _  /|  __| |  __| | |  | | |______| |  _  /| . ` | / /\ \   
 | |__| | | \ \| |____| |____| |__| |          | | \ \| |\  |/ ____ \  
  \_____|_|  \_\______|______|_____/           |_|  \_\_| \_/_/    \_\ 
       
                                       -- A. Rubio-Largo et al. 2023
-----------------------------------------------------------------------

------------------------------------------------------------------------------------------------------------------
CONFIGURATION: 

 * TARGET:           ((((((.((((....))))))).)))..........
 * STOPPING:         86400 secs.
 * SEED:             7
 * NO. OF SOLUTIONS: 1
 * max. GC-cont.:    0.48
 * MODEL:            TURNER1999
 * MUTATION PROB:    0.01
 * STAGNATION LIMIT: 50
------------------------------------------------------------------------------------------------------------------


 (1) Let's minimize the base-pair distance between predicted and target structures
    -> Min(Base-pair distance), min(Hamming distance), max(probability over ensemble), min(partition function), min(ensemble defect), min(%GC-content)


	 ->['GGGGGGAGGGGAAAACCCCCCCACCCAAAAAAAAAA', '((((((.((((....))))))).)))..........', 0.0, -0.8120369350877953, -19.4283, 0.0332, 1.0, 0.0]


    -> Found sequence! Elapsed time:                   0.012596368789672852 secs.


 (2) We found a sequence that folds exactly like the target structure. Let's minimize the GC-content
    -> ORDER: Min(Base-pair distance), min(Hamming distance), min(GC-content), min(partition function), min(ensemble defect), max(probability over ensemble))


	 >>> Resetting the solution to avoid local optima.
	 ->['GGGGGGAGGGGAAAACCCCCCCACCCAAAAAAAAAA', '((((((.((((....))))))).)))..........', 0.0, -0.8120369350877953, -19.4283, 0.0332, 1.0, 0.0]
	 ->['GGGGGGAGGGGAAAACCCCCCCACCCAUAAAAAAAA', '((((((.((((....))))))).)))..........', 0.0, -0.8099165657559, -19.4299, 0.0334, 1.0, 0.0]
	 ->['UGGGGGUGGGGUGAACCCCCCCACCAAUAGAAAAGU', '((((((.((((....))))))).)))..........', 0.0, -0.7373443073230782, -19.1878, 0.0192, 0.9, 0.0]
	 ->['UGGGGGUGGGGUGAACCCCCCUACCAAUGCUAACGU', '((((((.((((....))))))).)))..........', 0.0, -0.29378261607318484, -16.7549, 0.0904, 0.8, 0.0]
	 ->['UGGGGGUGGGGUGAACCCCCUUACCAAUGCUAACGU', '((((((.((((....))))))).)))..........', 0.0, -0.12271449710049216, -14.493, 0.2002, 0.7, 0.0]
	 ->['UUGGGGUGGGGUGAACCCCCUUACGAAUGCUAACGU', '((((((.((((....))))))).)))..........', 0.0, -0.07257243913153254, -12.1167, 0.2731, 0.6, 0.0]
	 ->['UUGAGGUGUGGGAAACCGCCUUACGAGUGCUAACGU', '((((((.((((....))))))).)))..........', 0.0, -0.12735538358192433, -12.0701, 0.2595, 0.5, 0.0]


    -> Finished!! Elaapsed time:                   0.28172993659973145 secs.




RNA sequences found with GC-content <= 0.48:
## UUGAGGUGUUGGAAACGGCCUUACGAGUGCUAACGU 0.4

RNA sequences found with GC-content > 0.48:
@@ GGGGGGAGGGGAAAACCCCCCCACCCAAAAAAAAAA 1.0
@@ GGGGGGAGGGGAAAACCCCCCCACCCAUAAAAAAAA 1.0
@@ UGGGGGAGGGGAAAACCCCCCCACCAAUAAAAAAAA 0.9
@@ UGGGGGAGGGGUAAACCCCCCCACCAAUAAAAAAAA 0.9
@@ UGGGGGUGGGGUAAACCCCCCCACCAAUAAAAAAAA 0.9
@@ UGGGGGUGGGGUAAACCCCCCCACCAAUAAAAAAAU 0.9
@@ UGGGGGUGGGGUGAACCCCCCCACCAAUAAAAAAAU 0.9
@@ UGGGGGUGGGGUGAACCCCCCCACCAAUAGAAAAAU 0.9
@@ UGGGGGUGGGGUGAACCCCCCCACCAAUAGAAAAGU 0.9
@@ UGGGGGUGGGGUGAACCCCCCUACCAAUAGAAAAGU 0.8
@@ UGGGGGUGGGGUGAACCCCCCUACCAAUAGAAAGGU 0.8
@@ UGGGGGUGGGGUGAACCCCCCUACCAAUGGAAAGGU 0.8
@@ UGGGGGUGGGGUGAACCCCCCUACCAAUGGUAAGGU 0.8
@@ UGGGGGUGGGGUGAACCCCCCUACCAAUGCUAAGGU 0.8
@@ UGGGGGUGGGGUGAACCCCCCUACCAAUGCUAACGU 0.8
@@ UGGGGGUGGGGUGAACCCCCUUACCAAUGCUAACGU 0.7
@@ UUGGGGUGGGGUGAACCCCCUUACGAAUGCUAACGU 0.6
@@ UUGGGGUGUGGUGAACCGCCUUACGAAUGCUAACGU 0.5
@@ UUGGGGUGUGGUGAACCGCCUUACGAGUGCUAACGU 0.5
@@ UUGGGGUGUGGGGAACCGCCUUACGAGUGCUAACGU 0.5
@@ UUGAGGUGUGGGGAACCGCCUUACGAGUGCUAACGU 0.5
@@ UUGAGGUGUGGGAAACCGCCUUACGAGUGCUAACGU 0.5


Elapsed time:                   0.28225255012512207 secs.
Number of function evaluations: 176
----------------------------------------------------------------------


---------------------------------------
 FINISHED SUCCESSFULLY 
---------------------------------------
