
-----------------------------------------------------------------------
   _____ _____  ______ ______ _____             _____  _   _           
  / ____|  __ \|  ____|  ____|  __ \           |  __ \| \ | |   /\     
 | |  __| |__) | |__  | |__  | |  | |  ______  | |__) |  \| |  /  \    
 | | |_ |  _  /|  __| |  __| | |  | | |______| |  _  /| . ` | / /\ \   
 | |__| | | \ \| |____| |____| |__| |          | | \ \| |\  |/ ____ \  
  \_____|_|  \_\______|______|_____/           |_|  \_\_| \_/_/    \_\ 
       
                                       -- A. Rubio-Largo et al. 2023
-----------------------------------------------------------------------

------------------------------------------------------------------------------------------------------------------
CONFIGURATION: 

 * TARGET:           ((((((.((((....))))))).)))..........
 * STOPPING:         86400 secs.
 * SEED:             9
 * NO. OF SOLUTIONS: 1
 * max. GC-cont.:    0.48
 * MODEL:            TURNER1999
 * MUTATION PROB:    0.01
 * STAGNATION LIMIT: 50
------------------------------------------------------------------------------------------------------------------


 (1) Let's minimize the base-pair distance between predicted and target structures
    -> Min(Base-pair distance), min(Hamming distance), max(probability over ensemble), min(partition function), min(ensemble defect), min(%GC-content)


	 ->['GGGGGGAGGGGAAAACCCCCCCACCCAAAAAAAAAA', '((((((.((((....))))))).)))..........', 0.0, -0.8120369350877953, -19.4283, 0.0332, 1.0, 0.0]


    -> Found sequence! Elapsed time:                   0.012570381164550781 secs.


 (2) We found a sequence that folds exactly like the target structure. Let's minimize the GC-content
    -> ORDER: Min(Base-pair distance), min(Hamming distance), min(GC-content), min(partition function), min(ensemble defect), max(probability over ensemble))


	 >>> Resetting the solution to avoid local optima.
	 ->['CCCCCCACCCCAAAAGGGGGGGAGGGAAAAAAAAAA', '((((((.((((....))))))).)))..........', 0.0, -0.8893530180105559, -19.1723, 0.018, 1.0, 0.0]
	 ->['GCCCCCACCCCAAAAGGGGGGGAGGUAUAAAAAAAA', '((((((.((((....))))))).)))..........', 0.0, -0.8776955072611226, -17.4804, 0.0115, 0.9, 0.0]
	 ->['GCCCGCACCCCAAAAGGGGGUGAGGUAUAAAAAAAA', '((((((.((((....))))))).)))..........', 0.0, -0.41393599201192155, -15.2436, 0.2666, 0.8, 0.0]
	 ->['GACCGCACCCCAAAAGGGGGUGAGUUAUAAAAAAAA', '((((((.((((....))))))).)))..........', 0.0, -0.43364555951954237, -12.915, 0.2262, 0.7, 0.0]
	 ->['UACCGCACCACACAAGUGGGUGUGUAAUAACAAAAG', '((((((.((((....))))))).)))..........', 0.0, -0.3420706293871851, -10.8612, 0.3106, 0.6, 0.0]
	 ->['UACCGCACCAUACAAGUGGGUGUGUAGUAAGAAAUU', '((((((.((((....))))))).)))..........', 0.0, -0.22341530982124005, -9.3237, 0.3874, 0.5, 0.0]


    -> Finished!! Elaapsed time:                   0.10924744606018066 secs.




RNA sequences found with GC-content <= 0.48:
## UAUCGCACCAUACAAGUGGGUGUAUAGUAAGAAAUU 0.4

RNA sequences found with GC-content > 0.48:
@@ GGGGGGAGGGGAAAACCCCCCCACCCAAAAAAAAAA 1.0
@@ GGGGGGAGGGCAAAAGCCCCCCACCCAAAAAAAAAA 1.0
@@ GCCCCCACCCCAAAAGGGGGGGAGGUAAAAAAAAAA 0.9
@@ GCCCCCACCCCAAAAGGGGGGGAGGUAUAAAAAAAA 0.9
@@ GCCCGCACCCCAAAAGGGGGUGAGGUAUAAAAAAAA 0.8
@@ GACCGCACCCCAAAAGGGGGUGAGUUAUAAAAAAAA 0.7
@@ GACCGCACCACAAAAGUGGGUGAGUUAUAAAAAAAA 0.6
@@ UACCGCACCACAAAAGUGGGUGAGUAAUAAAAAAAA 0.6
@@ UACCGCACCACAAAAGUGGGUGUGUAAUAAAAAAAA 0.6
@@ UACCGCACCACAAAAGUGGGUGUGUAAUAACAAAAA 0.6
@@ UACCGCACCACAAAAGUGGGUGUGUAAUAACAAAAG 0.6
@@ UACCGCACCACACAAGUGGGUGUGUAAUAACAAAAG 0.6
@@ UACCGCACCAUACAAGUGGGUGUGUAAUAACAAAAG 0.5
@@ UACCGCACCAUACAAGUGGGUGUGUAAUAACAAAUG 0.5
@@ UACCGCACCAUACAAGUGGGUGUGUAGUAACAAAUG 0.5
@@ UACCGCACCAUACAAGUGGGUGUGUAGUAAGAAAUG 0.5
@@ UACCGCACCAUACAAGUGGGUGUGUAGUAAGAAAUA 0.5
@@ UACCGCACCAUACAAGUGGGUGUGUAGUAAGAAAUU 0.5


Elapsed time:                   0.10970854759216309 secs.
Number of function evaluations: 74
----------------------------------------------------------------------


---------------------------------------
 FINISHED SUCCESSFULLY 
---------------------------------------
