
-----------------------------------------------------------------------
   _____ _____  ______ ______ _____             _____  _   _           
  / ____|  __ \|  ____|  ____|  __ \           |  __ \| \ | |   /\     
 | |  __| |__) | |__  | |__  | |  | |  ______  | |__) |  \| |  /  \    
 | | |_ |  _  /|  __| |  __| | |  | | |______| |  _  /| . ` | / /\ \   
 | |__| | | \ \| |____| |____| |__| |          | | \ \| |\  |/ ____ \  
  \_____|_|  \_\______|______|_____/           |_|  \_\_| \_/_/    \_\ 
       
                                       -- A. Rubio-Largo et al. 2023
-----------------------------------------------------------------------

------------------------------------------------------------------------------------------------------------------
CONFIGURATION: 

 * TARGET:           ((((((.((((....))))))).)))..........
 * STOPPING:         86400 secs.
 * SEED:             5
 * NO. OF SOLUTIONS: 1
 * max. GC-cont.:    0.48
 * MODEL:            TURNER1999
 * MUTATION PROB:    0.01
 * STAGNATION LIMIT: 50
------------------------------------------------------------------------------------------------------------------


 (1) Let's minimize the base-pair distance between predicted and target structures
    -> Min(Base-pair distance), min(Hamming distance), max(probability over ensemble), min(partition function), min(ensemble defect), min(%GC-content)


	 ->['GGGGGGAGGGGAAAACCCCCCCACCCAAAAAAAAAA', '((((((.((((....))))))).)))..........', 0.0, -0.8120369350877953, -19.4283, 0.0332, 1.0, 0.0]


    -> Found sequence! Elapsed time:                   0.012548446655273438 secs.


 (2) We found a sequence that folds exactly like the target structure. Let's minimize the GC-content
    -> ORDER: Min(Base-pair distance), min(Hamming distance), min(GC-content), min(partition function), min(ensemble defect), max(probability over ensemble))


	 >>> Resetting the solution to avoid local optima.
	 ->['CCCCCCACCCCAAAAGGGGGGGAGGGAAAAAAAAAA', '((((((.((((....))))))).)))..........', 0.0, -0.8893530180105559, -19.1723, 0.018, 1.0, 0.0]
	 ->['CCGCCCACCCCAAAAGGGGGGGAUGGAAAAAAAAAA', '((((((.((((....))))))).)))..........', 0.0, -0.8982824057250126, -16.4661, 0.0122, 0.9, 0.0]
	 ->['UCUCCCACCCCUAACGGGGGGGAAGAAAAAAGAAAA', '((((((.((((....))))))).)))..........', 0.0, -0.37903526431139406, -17.7979, 0.0717, 0.8, 0.0]
	 ->['UCUGCCACCCCUAACGGGGGGUAAGAAAAGAGAAUA', '((((((.((((....))))))).)))..........', 0.0, -0.3659309019607327, -15.6196, 0.0761, 0.7, 0.0]
	 ->['UCUGCCACCACUAACGUGGGGUAAGAAAAGAGAAUA', '((((((.((((....))))))).)))..........', 0.0, -0.3667266100993827, -13.3183, 0.0754, 0.6, 0.0]
	 ->['UCUGCCACCAUUACCGUGGGGUAAGAAAUGAGAAUA', '((((((.((((....))))))).)))..........', 0.0, -0.25908908313421103, -9.4324, 0.0988, 0.5, 0.0]


    -> Finished!! Elaapsed time:                   0.08060956001281738 secs.




RNA sequences found with GC-content <= 0.48:
## UCUGGCACCAUUACCGUGGGUUAAGAAAUGAGAAUA 0.4

RNA sequences found with GC-content > 0.48:
@@ GGGGGGAGGGGAAAACCCCCCCACCCAAAAAAAAAA 1.0
@@ CCGCCCACCCCAAAAGGGGGGGAUGGAAAAAAAAAA 0.9
@@ UCGCCCACCCCAAAAGGGGGGGAUGGAAAAAAAAAA 0.8
@@ UCGCCCACCCCUAAAGGGGGGGAUGGAAAAAAAAAA 0.8
@@ UCGCCCACCCCUAAAGGGGGGGAUGAAAAAAAAAAA 0.8
@@ UCGCCCACCCCUAACGGGGGGGAUGAAAAAAAAAAA 0.8
@@ UCUCCCACCCCUAACGGGGGGGAAGAAAAAAAAAAA 0.8
@@ UCUCCCACCCCUAACGGGGGGGAAGAAAAAAGAAAA 0.8
@@ UCUGCCACCCCUAACGGGGGGUAAGAAAAAAGAAAA 0.7
@@ UCUGCCACCCCUAACGGGGGGUAAGAAAAAAGAAGA 0.7
@@ UCUGCCACCCCUAACGGGGGGUAAGAAAAAAGAAUA 0.7
@@ UCUGCCACCCCUAACGGGGGGUAAGAAAAGAGAAUA 0.7
@@ UCUGCCACCACUAACGUGGGGUAAGAAAAGAGAAUA 0.6
@@ UCUGCCACCAUUAACGUGGGGUAAGAAAAGAGAAUA 0.5
@@ UCUGCCACCAUUACCGUGGGGUAAGAAAAGAGAAUA 0.5
@@ UCUGCCACCAUUACCGUGGGGUAAGAAAUGAGAAUA 0.5


Elapsed time:                   0.08101344108581543 secs.
Number of function evaluations: 52
----------------------------------------------------------------------


---------------------------------------
 FINISHED SUCCESSFULLY 
---------------------------------------
