
-----------------------------------------------------------------------
   _____ _____  ______ ______ _____             _____  _   _           
  / ____|  __ \|  ____|  ____|  __ \           |  __ \| \ | |   /\     
 | |  __| |__) | |__  | |__  | |  | |  ______  | |__) |  \| |  /  \    
 | | |_ |  _  /|  __| |  __| | |  | | |______| |  _  /| . ` | / /\ \   
 | |__| | | \ \| |____| |____| |__| |          | | \ \| |\  |/ ____ \  
  \_____|_|  \_\______|______|_____/           |_|  \_\_| \_/_/    \_\ 
       
                                       -- A. Rubio-Largo et al. 2023
-----------------------------------------------------------------------

------------------------------------------------------------------------------------------------------------------
CONFIGURATION: 

 * TARGET:           ((((...)))).
 * STOPPING:         86400 secs.
 * SEED:             7
 * NO. OF SOLUTIONS: 1
 * max. GC-cont.:    0.48
 * MODEL:            TURNER1999
 * MUTATION PROB:    0.01
 * STAGNATION LIMIT: 50
------------------------------------------------------------------------------------------------------------------


 (1) Let's minimize the base-pair distance between predicted and target structures
    -> Min(Base-pair distance), min(Hamming distance), max(probability over ensemble), min(partition function), min(ensemble defect), min(%GC-content)


	 ->['GGGGAAACCCCA', '(((....)))..', 0.5833, -0.09882771799953906, -7.3264, 0.5666, 1.0, 0.1667]
	 ->['GGGGAAACCCCA', '(((....)))..', 0.5833, -0.09882771799953906, -7.3264, 0.5666, 1.0, 0.1667]


    -> Found sequence! Elapsed time:                   0.012717723846435547 secs.


 (2) We found a sequence that folds exactly like the target structure. Let's minimize the GC-content
    -> ORDER: Min(Base-pair distance), min(Hamming distance), min(GC-content), min(partition function), min(ensemble defect), max(probability over ensemble))


	 >>> Resetting the solution to avoid local optima.
	 ->['CCCCAAAGGGGA', '((((...)))).', 0.0, -0.563459208065955, -5.6536, 0.1132, 1.0, 0.0]
	 ->['CCCCAAAGGGGA', '((((...)))).', 0.0, -0.563459208065955, -5.6536, 0.1132, 1.0, 0.0]
	 ->['CACCAAAGGUGA', '((((...)))).', 0.0, -0.6071216765984699, -3.3076, 0.0693, 0.75, 0.0]
	 >>> Resetting the solution to avoid local optima.
	 ->['CCCCAAAGGGGA', '((((...)))).', 0.0, -0.563459208065955, -5.6536, 0.1132, 1.0, 0.0]
	 ->['GACCCUAGGUCA', '((((...)))).', 0.0, -0.6165441121649304, -4.1981, 0.0649, 0.75, 0.0]
	 >>> Resetting the solution to avoid local optima.
	 ->['CCCCAAAGGGGA', '((((...)))).', 0.0, -0.563459208065955, -5.6536, 0.1132, 1.0, 0.0]
	 ->['CUCCAAAGGAGA', '((((...)))).', 0.0, -0.6094134183555916, -3.5052, 0.068, 0.75, 0.0]
	 ->['GUACCGAGUACG', '((((...)))).', 0.0, -0.6858926251060712, -1.9324, 0.0774, 0.5, 0.0]


    -> Finished!! Elaapsed time:                   0.2157762050628662 secs.




RNA sequences found with GC-content <= 0.48:
## GUAUCGAGUACG 0.25

RNA sequences found with GC-content > 0.48:
@@ CGGGAAACCCGA 1.0
@@ CCCCAAAGGGGA 1.0
@@ CACCAAAGGUGA 0.75
@@ UACCAAAGGUAA 0.5
@@ UACCGAAGGUAA 0.5
@@ UGCCGAAGGUAA 0.5
@@ GACCAAAGGUCA 0.75
@@ GACCCAAGGUCA 0.75
@@ GACCCUAGGUCA 0.75
@@ UACCCUAGGUGA 0.5
@@ UACCCUAGGUGG 0.5
@@ UACCCAAGGUGG 0.5
@@ UACCCACGGUGG 0.5
@@ UACCAACGGUGG 0.5
@@ UACCAAGGGUGG 0.5
@@ UACCAUGGGUGG 0.5
@@ UACCAUGGGUAG 0.5
@@ UACCGUGGGUAG 0.5
@@ UACCCUGGGUAG 0.5
@@ UGCCCUGGGUAG 0.5
@@ UGCCCCGGGUAG 0.5
@@ UGCCCCGGGUAA 0.5
@@ CUCCAAAGGAGA 0.75
@@ CUACAAAGUAGA 0.5
@@ CUACAAAGUAGG 0.5
@@ CUACUAAGUAGG 0.5
@@ CUACUUAGUAGG 0.5
@@ GUACUUAGUACG 0.5
@@ GUACUGAGUACG 0.5
@@ GUACCGAGUACG 0.5


Elapsed time:                   0.2160186767578125 secs.
Number of function evaluations: 271
----------------------------------------------------------------------


---------------------------------------
 FINISHED SUCCESSFULLY 
---------------------------------------
