
-----------------------------------------------------------------------
   _____ _____  ______ ______ _____             _____  _   _           
  / ____|  __ \|  ____|  ____|  __ \           |  __ \| \ | |   /\     
 | |  __| |__) | |__  | |__  | |  | |  ______  | |__) |  \| |  /  \    
 | | |_ |  _  /|  __| |  __| | |  | | |______| |  _  /| . ` | / /\ \   
 | |__| | | \ \| |____| |____| |__| |          | | \ \| |\  |/ ____ \  
  \_____|_|  \_\______|______|_____/           |_|  \_\_| \_/_/    \_\ 
       
                                       -- A. Rubio-Largo et al. 2023
-----------------------------------------------------------------------

------------------------------------------------------------------------------------------------------------------
CONFIGURATION: 

 * TARGET:           (((((......)))))
 * STOPPING:         86400 secs.
 * SEED:             6
 * NO. OF SOLUTIONS: 1
 * max. GC-cont.:    0.48
 * MODEL:            TURNER1999
 * MUTATION PROB:    0.01
 * STAGNATION LIMIT: 50
------------------------------------------------------------------------------------------------------------------


 (1) Let's minimize the base-pair distance between predicted and target structures
    -> Min(Base-pair distance), min(Hamming distance), max(probability over ensemble), min(partition function), min(ensemble defect), min(%GC-content)


	 ->['CCCCCAAAAAAGGGGG', '(((((......)))))', 0.0, -0.9003951827010559, -9.3647, 0.0135, 1.0, 0.0]


    -> Found sequence! Elapsed time:                   0.012507438659667969 secs.


 (2) We found a sequence that folds exactly like the target structure. Let's minimize the GC-content
    -> ORDER: Min(Base-pair distance), min(Hamming distance), min(GC-content), min(partition function), min(ensemble defect), max(probability over ensemble))


	 >>> Resetting the solution to avoid local optima.
	 ->['CCCCCAAAAAAGGGGG', '(((((......)))))', 0.0, -0.9003951827010559, -9.3647, 0.0135, 1.0, 0.0]
	 ->['CACCCAUAAAAGGGUG', '(((((......)))))', 0.0, -0.8942507072803031, -7.0689, 0.0096, 0.8, 0.0]
	 ->['UACCCAUAAUAGGGUA', '(((((......)))))', 0.0, -0.6147561801834579, -5.9999, 0.0309, 0.6, 0.0]


    -> Finished!! Elaapsed time:                   0.039869070053100586 secs.




RNA sequences found with GC-content <= 0.48:
## UACCAAUAAUAUGGUA 0.4

RNA sequences found with GC-content > 0.48:
@@ CCCCCAAAAAAGGGGG 1.0
@@ GCCCCAAAAAAGGGGC 1.0
@@ GGCCCAAAAAAGGGCC 1.0
@@ CACCCAAAAAAGGGUG 0.8
@@ CACCCAUAAAAGGGUG 0.8
@@ UACCCAUAAAAGGGUG 0.6
@@ UACCCAUAAAAGGGUA 0.6
@@ UACCCAUAAUAGGGUA 0.6


Elapsed time:                   0.03998088836669922 secs.
Number of function evaluations: 35
----------------------------------------------------------------------


---------------------------------------
 FINISHED SUCCESSFULLY 
---------------------------------------
