
-----------------------------------------------------------------------
   _____ _____  ______ ______ _____             _____  _   _           
  / ____|  __ \|  ____|  ____|  __ \           |  __ \| \ | |   /\     
 | |  __| |__) | |__  | |__  | |  | |  ______  | |__) |  \| |  /  \    
 | | |_ |  _  /|  __| |  __| | |  | | |______| |  _  /| . ` | / /\ \   
 | |__| | | \ \| |____| |____| |__| |          | | \ \| |\  |/ ____ \  
  \_____|_|  \_\______|______|_____/           |_|  \_\_| \_/_/    \_\ 
       
                                       -- A. Rubio-Largo et al. 2023
-----------------------------------------------------------------------

------------------------------------------------------------------------------------------------------------------
CONFIGURATION: 

 * TARGET:           ((((((.((((....))))))).)))..........
 * STOPPING:         86400 secs.
 * SEED:             6
 * NO. OF SOLUTIONS: 1
 * max. GC-cont.:    0.48
 * MODEL:            TURNER1999
 * MUTATION PROB:    0.01
 * STAGNATION LIMIT: 50
------------------------------------------------------------------------------------------------------------------


 (1) Let's minimize the base-pair distance between predicted and target structures
    -> Min(Base-pair distance), min(Hamming distance), max(probability over ensemble), min(partition function), min(ensemble defect), min(%GC-content)


	 ->['CCCCCCACCCCAAAAGGGGGGGAGGGAAAAAAAAAA', '((((((.((((....))))))).)))..........', 0.0, -0.8893530180105559, -19.1723, 0.018, 1.0, 0.0]


    -> Found sequence! Elapsed time:                   0.012288331985473633 secs.


 (2) We found a sequence that folds exactly like the target structure. Let's minimize the GC-content
    -> ORDER: Min(Base-pair distance), min(Hamming distance), min(GC-content), min(partition function), min(ensemble defect), max(probability over ensemble))


	 >>> Resetting the solution to avoid local optima.
	 ->['GGGGGGAGGGGAAAACCCCCCCACCCAAAAAAAAAA', '((((((.((((....))))))).)))..........', 0.0, -0.8120369350877953, -19.4283, 0.0332, 1.0, 0.0]
	 ->['GGGGGGAGGGGAAAACCCCCCCACCCAAAAAAAAAA', '((((((.((((....))))))).)))..........', 0.0, -0.8120369350877953, -19.4283, 0.0332, 1.0, 0.0]
	 ->['GGGGGGAGGUGAAAACGCCCCCACCCAAAAAAAAAA', '((((((.((((....))))))).)))..........', 0.0, -0.8227495128976473, -16.7202, 0.0189, 0.9, 0.0]
	 ->['GGGGGGAGGUGAAAACGCCCUCACCCAAAAAAAAAA', '((((((.((((....))))))).)))..........', 0.0, -0.5690479501448079, -13.9475, 0.1179, 0.8, 0.0]
	 ->['GGGGGGAUGUGAAAUCGCGCUCACCCAACAAAAAGA', '((((((.((((....))))))).)))..........', 0.0, -0.6756092163462052, -12.1417, 0.0801, 0.7, 0.0]
	 ->['GGGGGGAUGUGAAAUCGCGCUCACCUAACAAAAAGA', '((((((.((((....))))))).)))..........', 0.0, -0.45051414419134483, -9.6914, 0.1304, 0.6, 0.0]
	 ->['GGGGGGAUGUUAAAUAGCGCUCACCUAACAAAACGA', '((((((.((((....))))))).)))..........', 0.0, -0.2731339279304844, -7.5999, 0.15, 0.5, 0.0]


    -> Finished!! Elaapsed time:                   0.05342221260070801 secs.




RNA sequences found with GC-content <= 0.48:
## GGAGGGAUGUUAAAUAGCGCUCAUCUAACAAAACGA 0.4

RNA sequences found with GC-content > 0.48:
@@ CCCCCCACCCCAAAAGGGGGGGAGGGAAAAAAAAAA 1.0
@@ GCCCCCACCCCAAAAGGGGGGGAGGCAAAAAAAAAA 1.0
@@ GGGGGGAGGGGAAAACCCCCCCACCCAAAAAAAAAA 1.0
@@ GGGGGGAGGUGAAAACGCCCCCACCCAAAAAAAAAA 0.9
@@ GGGGGGAGGUGAAAACGCCCUCACCCAAAAAAAAAA 0.8
@@ GGGGGGAUGUGAAAACGCGCUCACCCAAAAAAAAAA 0.7
@@ GGGGGGAUGUGAAAACGCGCUCACCCAACAAAAAAA 0.7
@@ GGGGGGAUGUGAAAACGCGCUCACCCAACAAAAAGA 0.7
@@ GGGGGGAUGUGAAAUCGCGCUCACCCAACAAAAAGA 0.7
@@ GGGGGGAUGUGAAAUCGCGCUCACCUAACAAAAAGA 0.6
@@ GGGGGGAUGUUAAAUAGCGCUCACCUAACAAAAAGA 0.5
@@ GGGGGGAUGUUAAAUAGCGCUCACCUAACAAAACGA 0.5


Elapsed time:                   0.05373358726501465 secs.
Number of function evaluations: 34
----------------------------------------------------------------------


---------------------------------------
 FINISHED SUCCESSFULLY 
---------------------------------------
