
-----------------------------------------------------------------------
   _____ _____  ______ ______ _____             _____  _   _           
  / ____|  __ \|  ____|  ____|  __ \           |  __ \| \ | |   /\     
 | |  __| |__) | |__  | |__  | |  | |  ______  | |__) |  \| |  /  \    
 | | |_ |  _  /|  __| |  __| | |  | | |______| |  _  /| . ` | / /\ \   
 | |__| | | \ \| |____| |____| |__| |          | | \ \| |\  |/ ____ \  
  \_____|_|  \_\______|______|_____/           |_|  \_\_| \_/_/    \_\ 
       
                                       -- A. Rubio-Largo et al. 2023
-----------------------------------------------------------------------

------------------------------------------------------------------------------------------------------------------
CONFIGURATION: 

 * TARGET:           ((((...)))).
 * STOPPING:         86400 secs.
 * SEED:             5
 * NO. OF SOLUTIONS: 1
 * max. GC-cont.:    0.48
 * MODEL:            TURNER1999
 * MUTATION PROB:    0.01
 * STAGNATION LIMIT: 50
------------------------------------------------------------------------------------------------------------------


 (1) Let's minimize the base-pair distance between predicted and target structures
    -> Min(Base-pair distance), min(Hamming distance), max(probability over ensemble), min(partition function), min(ensemble defect), min(%GC-content)


	 ->['GGGGAAACCCCA', '(((....)))..', 0.5833, -0.09882771799953906, -7.3264, 0.5666, 1.0, 0.1667]
	 ->['GGGGAAACCCCA', '(((....)))..', 0.5833, -0.09882771799953906, -7.3264, 0.5666, 1.0, 0.1667]


    -> Found sequence! Elapsed time:                   0.012789487838745117 secs.


 (2) We found a sequence that folds exactly like the target structure. Let's minimize the GC-content
    -> ORDER: Min(Base-pair distance), min(Hamming distance), min(GC-content), min(partition function), min(ensemble defect), max(probability over ensemble))


	 >>> Resetting the solution to avoid local optima.
	 ->['GGGGAAACCCCA', '(((....)))..', 0.5833, -0.09882771799953906, -7.3264, 0.5666, 1.0, 0.1667]
	 ->['GUGAAUAUCGCA', '(((.....))).', 0.0833, -0.3677847222171773, -2.4165, 0.1179, 0.6667, 0.1667]
	 ->['GUGCAUCGCGCA', '((((...)))).', 0.0, -0.7663943295370521, -3.464, 0.0649, 0.75, 0.0]
	 >>> Resetting the solution to avoid local optima.
	 ->['GGGGAAACCCCA', '(((....)))..', 0.5833, -0.09882771799953906, -7.3264, 0.5666, 1.0, 0.1667]
	 ->['GGGAAACUCCUA', '(((.....))).', 0.0833, -0.2248823387174557, -2.7197, 0.311, 0.6667, 0.1667]
	 ->['UGGCAACGCCAA', '((((...)))).', 0.0, -0.5994894315649146, -3.7154, 0.0872, 0.75, 0.0]
	 >>> Resetting the solution to avoid local optima.
	 ->['GGGGAAACCCCA', '(((....)))..', 0.5833, -0.09882771799953906, -7.3264, 0.5666, 1.0, 0.1667]
	 ->['GGGUAAAACCCA', '(((.....))).', 0.0833, -0.3754673879813274, -4.9037, 0.1075, 1.0, 0.1667]
	 ->['GGGUGACAUCCA', '((((...)))).', 0.0, -0.36313853948588337, -2.3243, 0.3527, 0.5, 0.0]


    -> Finished!! Elaapsed time:                   0.2517271041870117 secs.




RNA sequences found with GC-content <= 0.48:
## GUGUGACAUACA 0.25

RNA sequences found with GC-content > 0.48:
@@ CGGGAAACCCGA 1.0
@@ GUGCAUAGCGCA 0.75
@@ GUGCAUCGCGCA 0.75
@@ AUGCAUCGCGUA 0.5
@@ AUGCGUCGCGUA 0.5
@@ AUGCGACGCGUA 0.5
@@ GGGCAACGCCUA 0.75
@@ AGGCAACGCCUA 0.75
@@ UGGCAACGCCAA 0.75
@@ UUGCAACGCGAA 0.5
@@ UUGCAAAGCGAA 0.5
@@ UGGCAAAGCUAA 0.5
@@ UGGCACAGCUAA 0.5
@@ UAGCACAGCUAA 0.5
@@ UAGCCCAGCUAA 0.5
@@ UACCCCAGGUAA 0.5
@@ UACCCUAGGUAA 0.5
@@ UACCCUGGGUAA 0.5
@@ UACCCUGGGUAG 0.5
@@ UGCCCUGGGUAG 0.5
@@ UGCCCCGGGUAG 0.5
@@ UGCCCCGGGUAA 0.5
@@ GGGUAAAAUCCA 0.5
@@ GGGUAACAUCCA 0.5
@@ GGGUGACAUCCA 0.5


Elapsed time:                   0.25194311141967773 secs.
Number of function evaluations: 315
----------------------------------------------------------------------


---------------------------------------
 FINISHED SUCCESSFULLY 
---------------------------------------
