
-----------------------------------------------------------------------
   _____ _____  ______ ______ _____             _____  _   _           
  / ____|  __ \|  ____|  ____|  __ \           |  __ \| \ | |   /\     
 | |  __| |__) | |__  | |__  | |  | |  ______  | |__) |  \| |  /  \    
 | | |_ |  _  /|  __| |  __| | |  | | |______| |  _  /| . ` | / /\ \   
 | |__| | | \ \| |____| |____| |__| |          | | \ \| |\  |/ ____ \  
  \_____|_|  \_\______|______|_____/           |_|  \_\_| \_/_/    \_\ 
       
                                       -- A. Rubio-Largo et al. 2023
-----------------------------------------------------------------------

------------------------------------------------------------------------------------------------------------------
CONFIGURATION: 

 * TARGET:           ((((((.((((....))))))).)))..........
 * STOPPING:         86400 secs.
 * SEED:             3
 * NO. OF SOLUTIONS: 1
 * max. GC-cont.:    0.48
 * MODEL:            TURNER1999
 * MUTATION PROB:    0.01
 * STAGNATION LIMIT: 50
------------------------------------------------------------------------------------------------------------------


 (1) Let's minimize the base-pair distance between predicted and target structures
    -> Min(Base-pair distance), min(Hamming distance), max(probability over ensemble), min(partition function), min(ensemble defect), min(%GC-content)


	 ->['CCCCCCACCCCAAAAGGGGGGGAGGGAAAAAAAAAA', '((((((.((((....))))))).)))..........', 0.0, -0.8893530180105559, -19.1723, 0.018, 1.0, 0.0]


    -> Found sequence! Elapsed time:                   0.01252436637878418 secs.


 (2) We found a sequence that folds exactly like the target structure. Let's minimize the GC-content
    -> ORDER: Min(Base-pair distance), min(Hamming distance), min(GC-content), min(partition function), min(ensemble defect), max(probability over ensemble))


	 >>> Resetting the solution to avoid local optima.
	 ->['GGGGGGAGGGGAAAACCCCCCCACCCAAAAAAAAAA', '((((((.((((....))))))).)))..........', 0.0, -0.8120369350877953, -19.4283, 0.0332, 1.0, 0.0]
	 ->['GGGGGGAGGGGAAAACCCCCCCACCCAAAAGAAAUA', '((((((.((((....))))))).)))..........', 0.0, -0.7804547811380617, -19.4528, 0.0354, 1.0, 0.0]
	 ->['GGGGGGAGGAGAAAACUCCCCCGCCCGGAAGAAAUG', '((((((.((((....))))))).)))..........', 0.0, -0.4045611353119214, -17.7577, 0.2485, 0.9, 0.0]
	 ->['GGGGGGAGUAGAAAACUACCCCGCCCGGAAGAAAUG', '((((((.((((....))))))).)))..........', 0.0, -0.6047069805426573, -15.31, 0.0719, 0.8, 0.0]
	 ->['GGAGGGAGUAGCAAACUACCCCGUCCGGAAGAAACG', '((((((.((((....))))))).)))..........', 0.0, -0.5408207972669313, -13.2788, 0.0709, 0.7, 0.0]
	 ->['GGAGAGAGUAGCAAACUACCUCGUCCGGAAGAAACG', '((((((.((((....))))))).)))..........', 0.0, -0.802762031503702, -10.9354, 0.0207, 0.6, 0.0]
	 ->['UGAGAGAGUACCUUAGUACCUCGUCAGGAAAGCUCU', '((((((.((((....))))))).)))..........', 0.0, -0.365285681488198, -8.8207, 0.1026, 0.5, 0.0]


    -> Finished!! Elaapsed time:                   0.12063026428222656 secs.




RNA sequences found with GC-content <= 0.48:
## UGAGAGAGUAGCUUAUUACCUCGUCAGGAAAGCUCU 0.4

RNA sequences found with GC-content > 0.48:
@@ CCCCCCACCCCAAAAGGGGGGGAGGGAAAAAAAAAA 1.0
@@ GGGGGGAGGGGAAAACCCCCCCACCCAAAAAAAAAA 1.0
@@ GGGGGGAGGGGAAAACCCCCCCACCCAAAAAAAAUA 1.0
@@ GGGGGGAGGGGAAAACCCCCCCACCCAAAAGAAAUA 1.0
@@ GGGGGGAGGAGAAAACUCCCCCACCCAAAAGAAAUA 0.9
@@ GGGGGGAGGAGAAAACUCCCCCACCCAGAAGAAAUA 0.9
@@ GGGGGGAGGAGAAAACUCCCCCGCCCAGAAGAAAUA 0.9
@@ GGGGGGAGGAGAAAACUCCCCCGCCCAGAAGAAAUG 0.9
@@ GGGGGGAGGAGAAAACUCCCCCGCCCGGAAGAAAUG 0.9
@@ GGGGGGAGUAGAAAACUACCCCGCCCGGAAGAAAUG 0.8
@@ GGAGGGAGUAGAAAACUACCCCGUCCGGAAGAAAUG 0.7
@@ GGAGGGAGUAGAAAACUACCCCGUCCGGAAGAAACG 0.7
@@ GGAGGGAGUAGCAAACUACCCCGUCCGGAAGAAACG 0.7
@@ GGAGAGAGUAGCAAACUACCUCGUCCGGAAGAAACG 0.6
@@ UGAGAGAGUAGCAAACUACCUCGUCAGGAAGAAACG 0.5
@@ UGAGAGAGUAGCAAACUACCUCGUCAGGAAGGAACG 0.5
@@ UGAGAGAGUAGCAAACUACCUCGUCAGGAAGGAUCG 0.5
@@ UGAGAGAGUAGCAUACUACCUCGUCAGGAAGGAUCG 0.5
@@ UGAGAGAGUACCAUAGUACCUCGUCAGGAAGGAUCG 0.5
@@ UGAGAGAGUACCUUAGUACCUCGUCAGGAAGGAUCG 0.5
@@ UGAGAGAGUACCUUAGUACCUCGUCAGGAAAGAUCG 0.5
@@ UGAGAGAGUACCUUAGUACCUCGUCAGGAAAGCUCG 0.5
@@ UGAGAGAGUACCUUAGUACCUCGUCAGGAAAGCUCU 0.5


Elapsed time:                   0.12117123603820801 secs.
Number of function evaluations: 82
----------------------------------------------------------------------


---------------------------------------
 FINISHED SUCCESSFULLY 
---------------------------------------
