
-----------------------------------------------------------------------
   _____ _____  ______ ______ _____             _____  _   _           
  / ____|  __ \|  ____|  ____|  __ \           |  __ \| \ | |   /\     
 | |  __| |__) | |__  | |__  | |  | |  ______  | |__) |  \| |  /  \    
 | | |_ |  _  /|  __| |  __| | |  | | |______| |  _  /| . ` | / /\ \   
 | |__| | | \ \| |____| |____| |__| |          | | \ \| |\  |/ ____ \  
  \_____|_|  \_\______|______|_____/           |_|  \_\_| \_/_/    \_\ 
       
                                       -- A. Rubio-Largo et al. 2023
-----------------------------------------------------------------------

------------------------------------------------------------------------------------------------------------------
CONFIGURATION: 

 * TARGET:           ((((((.((((....))))))).)))..........
 * STOPPING:         86400 secs.
 * SEED:             8
 * NO. OF SOLUTIONS: 1
 * max. GC-cont.:    0.48
 * MODEL:            TURNER1999
 * MUTATION PROB:    0.01
 * STAGNATION LIMIT: 50
------------------------------------------------------------------------------------------------------------------


 (1) Let's minimize the base-pair distance between predicted and target structures
    -> Min(Base-pair distance), min(Hamming distance), max(probability over ensemble), min(partition function), min(ensemble defect), min(%GC-content)


	 ->['CCCCCCACCCCAAAAGGGGGGGAGGGAAAAAAAAAA', '((((((.((((....))))))).)))..........', 0.0, -0.8893530180105559, -19.1723, 0.018, 1.0, 0.0]


    -> Found sequence! Elapsed time:                   0.020318269729614258 secs.


 (2) We found a sequence that folds exactly like the target structure. Let's minimize the GC-content
    -> ORDER: Min(Base-pair distance), min(Hamming distance), min(GC-content), min(partition function), min(ensemble defect), max(probability over ensemble))


	 >>> Resetting the solution to avoid local optima.
	 ->['CCCCCCACCCCAAAAGGGGGGGAGGGAAAAAAAAAA', '((((((.((((....))))))).)))..........', 0.0, -0.8893530180105559, -19.1723, 0.018, 1.0, 0.0]
	 ->['CCCCCCACCCCAAAAGGGGGGGAGGGAAAAAAAAAA', '((((((.((((....))))))).)))..........', 0.0, -0.8893530180105559, -19.1723, 0.018, 1.0, 0.0]
	 ->['CCCCCCACCUCAAAAGGGGGGGAGGGAAAAAAAAAA', '((((((.((((....))))))).)))..........', 0.0, -0.7035979517645367, -16.3167, 0.0834, 0.9, 0.0]
	 ->['CCCCCCACCUAAAAAUGGGGGGAGGGAAAAAAAAAA', '((((((.((((....))))))).)))..........', 0.0, -0.39744415907334346, -14.9687, 0.2358, 0.8, 0.0]
	 ->['UCCCCCACCUAAAAAUGGGGGGAGGAAAAAAAAAAA', '((((((.((((....))))))).)))..........', 0.0, -0.4682206382033503, -13.1677, 0.1497, 0.7, 0.0]
	 ->['UCCCACACCUAAAAGUGGGGUGAGGAAAUAACAAAU', '((((((.((((....))))))).)))..........', 0.0, -0.5271239005082087, -10.7946, 0.0937, 0.6, 0.0]
	 ->['UCCCAUACCUAAAGGUGGGAUGAGGAAUUAACAAAU', '((((((.((((....))))))).)))..........', 0.0, -0.35677487726534785, -9.0352, 0.2533, 0.5, 0.0]


    -> Finished!! Elaapsed time:                   0.07371640205383301 secs.




RNA sequences found with GC-content <= 0.48:
## UCUCAUACCUAAAGGUGGGAUGAAGAAUUAACAAAU 0.4

RNA sequences found with GC-content > 0.48:
@@ CCCCCCACCCCAAAAGGGGGGGAGGGAAAAAAAAAA 1.0
@@ CCCCCCACCUCAAAAGGGGGGGAGGGAAAAAAAAAA 0.9
@@ CCCCCCACCUAAAAAUGGGGGGAGGGAAAAAAAAAA 0.8
@@ UCCCCCACCUAAAAAUGGGGGGAGGAAAAAAAAAAA 0.7
@@ UCCCACACCUAAAAAUGGGGUGAGGAAAAAAAAAAA 0.6
@@ UCCCACACCUAAAAAUGGGGUGAGGAAAAAAAAAAU 0.6
@@ UCCCACACCUAAAAAUGGGGUGAGGAAAAAACAAAU 0.6
@@ UCCCACACCUAAAAAUGGGGUGAGGAAAUAACAAAU 0.6
@@ UCCCACACCUAAAAGUGGGGUGAGGAAAUAACAAAU 0.6
@@ UCCCAUACCUAAAAGUGGGAUGAGGAAAUAACAAAU 0.5
@@ UCCCAUACCUAAAAGUGGGAUGAGGAAUUAACAAAU 0.5
@@ UCCCAUACCUAAAGGUGGGAUGAGGAAUUAACAAAU 0.5


Elapsed time:                   0.07402205467224121 secs.
Number of function evaluations: 43
----------------------------------------------------------------------


---------------------------------------
 FINISHED SUCCESSFULLY 
---------------------------------------
