
-----------------------------------------------------------------------
   _____ _____  ______ ______ _____             _____  _   _           
  / ____|  __ \|  ____|  ____|  __ \           |  __ \| \ | |   /\     
 | |  __| |__) | |__  | |__  | |  | |  ______  | |__) |  \| |  /  \    
 | | |_ |  _  /|  __| |  __| | |  | | |______| |  _  /| . ` | / /\ \   
 | |__| | | \ \| |____| |____| |__| |          | | \ \| |\  |/ ____ \  
  \_____|_|  \_\______|______|_____/           |_|  \_\_| \_/_/    \_\ 
       
                                       -- A. Rubio-Largo et al. 2023
-----------------------------------------------------------------------

------------------------------------------------------------------------------------------------------------------
CONFIGURATION: 

 * TARGET:           ((((((.((((....))))))).)))..........
 * STOPPING:         86400 secs.
 * SEED:             1
 * NO. OF SOLUTIONS: 1
 * max. GC-cont.:    0.48
 * MODEL:            TURNER1999
 * MUTATION PROB:    0.01
 * STAGNATION LIMIT: 50
------------------------------------------------------------------------------------------------------------------


 (1) Let's minimize the base-pair distance between predicted and target structures
    -> Min(Base-pair distance), min(Hamming distance), max(probability over ensemble), min(partition function), min(ensemble defect), min(%GC-content)


	 ->['CCCCCCACCCCAAAAGGGGGGGAGGGAAAAAAAAAA', '((((((.((((....))))))).)))..........', 0.0, -0.8893530180105559, -19.1723, 0.018, 1.0, 0.0]


    -> Found sequence! Elapsed time:                   0.012563705444335938 secs.


 (2) We found a sequence that folds exactly like the target structure. Let's minimize the GC-content
    -> ORDER: Min(Base-pair distance), min(Hamming distance), min(GC-content), min(partition function), min(ensemble defect), max(probability over ensemble))


	 >>> Resetting the solution to avoid local optima.
	 ->['CCCCCCACCCCAAAAGGGGGGGAGGGAAAAAAAAAA', '((((((.((((....))))))).)))..........', 0.0, -0.8893530180105559, -19.1723, 0.018, 1.0, 0.0]
	 ->['CCCCCCACCCCGAAAGGGGGGGAGGGGAAAAAAAAA', '((((((.((((....))))))).)))..........', 0.0, -0.5136757429298453, -23.4106, 0.1704, 1.0, 0.0]
	 ->['UCCCCCACCCCGAAAGGGGGGGAGGAGAAAAAACAU', '((((((.((((....))))))).)))..........', 0.0, -0.8854243343294876, -21.175, 0.009, 0.9, 0.0]
	 ->['UCCCCUACCCCGAAAGGGGAGGAGGAGUAAAAACAU', '((((((.((((....))))))).)))..........', 0.0, -0.7064793660145887, -19.2141, 0.0285, 0.8, 0.0]
	 ->['UACCCUACCCCGAAAGGGGAGGAGUAGUAAAAGCAU', '((((((.((((....))))))).)))..........', 0.0, -0.5604183105878596, -17.1569, 0.0482, 0.7, 0.0]
	 ->['UACCCUACCACGAAAGUGGAGGAGUAGUAAAAGCAU', '((((((.((((....))))))).)))..........', 0.0, -0.5601833518764451, -14.8572, 0.0482, 0.6, 0.0]
	 ->['UACCUUACCACGAAAGUGGAGGAGUAGUAAAAGCAU', '((((((.((((....))))))).)))..........', 0.0, -0.4093092133776644, -12.3505, 0.1264, 0.5, 0.0]


    -> Finished!! Elaapsed time:                   0.06337833404541016 secs.




RNA sequences found with GC-content <= 0.48:
## UACCUUACCAAGAAAUUGGAGGAGUAGUAAAAGCAU 0.4

RNA sequences found with GC-content > 0.48:
@@ CCCCCCACCCCAAAAGGGGGGGAGGGAAAAAAAAAA 1.0
@@ GCCCCCACCCCAAAAGGGGGGGAGGCAAAAAAAAAA 1.0
@@ CCCCCCACCCCAAAAGGGGGGGAGGGGAAAAAAAAA 1.0
@@ CCCCCCACCCCGAAAGGGGGGGAGGGGAAAAAAAAA 1.0
@@ UCCCCCACCCCGAAAGGGGGGGAGGAGAAAAAAAAA 0.9
@@ UCCCCCACCCCGAAAGGGGGGGAGGAGAAAAAACAA 0.9
@@ UCCCCCACCCCGAAAGGGGGGGAGGAGAAAAAACAU 0.9
@@ UCCCCUACCCCGAAAGGGGAGGAGGAGAAAAAACAU 0.8
@@ UCCCCUACCCCGAAAGGGGAGGAGGAGUAAAAACAU 0.8
@@ UACCCUACCCCGAAAGGGGAGGAGUAGUAAAAACAU 0.7
@@ UACCCUACCCCGAAAGGGGAGGAGUAGUAAAAGCAU 0.7
@@ UACCCUACCACGAAAGUGGAGGAGUAGUAAAAGCAU 0.6
@@ UACCUUACCACGAAAGUGGAGGAGUAGUAAAAGCAU 0.5


Elapsed time:                   0.06371426582336426 secs.
Number of function evaluations: 40
----------------------------------------------------------------------


---------------------------------------
 FINISHED SUCCESSFULLY 
---------------------------------------
