
-----------------------------------------------------------------------
   _____ _____  ______ ______ _____             _____  _   _           
  / ____|  __ \|  ____|  ____|  __ \           |  __ \| \ | |   /\     
 | |  __| |__) | |__  | |__  | |  | |  ______  | |__) |  \| |  /  \    
 | | |_ |  _  /|  __| |  __| | |  | | |______| |  _  /| . ` | / /\ \   
 | |__| | | \ \| |____| |____| |__| |          | | \ \| |\  |/ ____ \  
  \_____|_|  \_\______|______|_____/           |_|  \_\_| \_/_/    \_\ 
       
                                       -- A. Rubio-Largo et al. 2023
-----------------------------------------------------------------------

------------------------------------------------------------------------------------------------------------------
CONFIGURATION: 

 * TARGET:           ((((...)))).
 * STOPPING:         86400 secs.
 * SEED:             8
 * NO. OF SOLUTIONS: 1
 * max. GC-cont.:    0.48
 * MODEL:            TURNER1999
 * MUTATION PROB:    0.01
 * STAGNATION LIMIT: 50
------------------------------------------------------------------------------------------------------------------


 (1) Let's minimize the base-pair distance between predicted and target structures
    -> Min(Base-pair distance), min(Hamming distance), max(probability over ensemble), min(partition function), min(ensemble defect), min(%GC-content)


	 ->['CCCCAAAGGGGA', '((((...)))).', 0.0, -0.563459208065955, -5.6536, 0.1132, 1.0, 0.0]


    -> Found sequence! Elapsed time:                   0.011870861053466797 secs.


 (2) We found a sequence that folds exactly like the target structure. Let's minimize the GC-content
    -> ORDER: Min(Base-pair distance), min(Hamming distance), min(GC-content), min(partition function), min(ensemble defect), max(probability over ensemble))


	 >>> Resetting the solution to avoid local optima.
	 ->['GGGGAAACCCCA', '(((....)))..', 0.5833, -0.09882771799953906, -7.3264, 0.5666, 1.0, 0.1667]
	 ->['GGGGAAACCCCA', '(((....)))..', 0.5833, -0.09882771799953906, -7.3264, 0.5666, 1.0, 0.1667]
	 ->['AGGGAAACCCUA', '.((....))...', 0.5, -0.15130796217393835, -4.3639, 0.4883, 1.0, 0.3333]
	 >>> Resetting the solution to avoid local optima.
	 ->['CCCCAAAGGGGA', '((((...)))).', 0.0, -0.563459208065955, -5.6536, 0.1132, 1.0, 0.0]
	 ->['CCCCAUGGGGGA', '((((...)))).', 0.0, -0.3838142713007873, -5.8902, 0.2897, 1.0, 0.0]
	 ->['CUCCAUGGGAGA', '((((...)))).', 0.0, -0.6069476985182434, -3.5077, 0.0702, 0.75, 0.0]
	 >>> Resetting the solution to avoid local optima.
	 ->['GGGGAAACCCCA', '(((....)))..', 0.5833, -0.09882771799953906, -7.3264, 0.5666, 1.0, 0.1667]
	 ->['GGGGAAACCCCA', '(((....)))..', 0.5833, -0.09882771799953906, -7.3264, 0.5666, 1.0, 0.1667]
	 ->['UGGGAAACCCGA', '.((....))...', 0.5, -0.08444934908843132, -4.1233, 0.5205, 1.0, 0.3333]
	 ->['UGCGGAGCGCGC', '.(((...)))..', 0.0833, -0.17622964699758828, -2.5699, 0.2933, 1.0, 0.1667]
	 ->['UGGGGAGCCCAG', '((((...)))).', 0.0, -0.41735768929183026, -3.8385, 0.1647, 0.75, 0.0]
	 >>> Resetting the solution to avoid local optima.
	 ->['CCCCAAAGGGGA', '((((...)))).', 0.0, -0.563459208065955, -5.6536, 0.1132, 1.0, 0.0]
	 ->['CCCCUCGGGGGA', '((((...)))).', 0.0, -0.37212045091716933, -5.9093, 0.3011, 1.0, 0.0]
	 ->['GUCCCCGGGACG', '((((...)))).', 0.0, -0.6150144277150627, -4.1996, 0.0657, 0.75, 0.0]
	 ->['GUGCCGGGUACG', '((((...)))).', 0.0, -0.744125384632557, -1.8822, 0.0855, 0.5, 0.0]


    -> Finished!! Elaapsed time:                   0.3665010929107666 secs.




RNA sequences found with GC-content <= 0.48:
## GUGUCGGAUACG 0.25

RNA sequences found with GC-content > 0.48:
@@ CCCCAAAGGGGA 1.0
@@ GCCCAAAGGGCA 1.0
@@ AGAGAAACUCUA 0.5
@@ UGAGAAACUCAA 0.5
@@ UGAGAACCUCAA 0.5
@@ UGAGAUCCUCAA 0.5
@@ GGAGAUCCUCUA 0.5
@@ CCCCAAGGGGGA 1.0
@@ CCCCAUGGGGGA 1.0
@@ CUCCAUGGGAGA 0.75
@@ UUCCAUGGGAAA 0.5
@@ UUCCGUGGGAAA 0.5
@@ GUCCGUGGGAUA 0.5
@@ GUCCGGGGGAUA 0.5
@@ GUCCGGGGGAUG 0.5
@@ GUCCGCGGGAUG 0.5
@@ GUCCCCGGGAUG 0.5
@@ GUCCCAGGGAUG 0.5
@@ UGCGGAGCGCAC 0.75
@@ UGGGGAGCCCAC 0.75
@@ UGGGGAGCCCAG 0.75
@@ UUGGGAGCCGAG 0.5
@@ UUGGGAGCCAAG 0.5
@@ UUGGGAGCCAAA 0.5
@@ UUGGGAACCAAA 0.5
@@ UUGGAAACCAAA 0.5
@@ AUGGAAACCAUA 0.5
@@ GUGGAAACCAUA 0.5
@@ GUGGAAACCAUG 0.5
@@ CCCCUAGGGGGA 1.0
@@ CCCCUCGGGGGA 1.0
@@ CUCCUCGGGGGA 0.75
@@ CUCCUCGGGAGA 0.75
@@ CUCCUCGGGAGG 0.75
@@ GUCCUCGGGACG 0.75
@@ GUCCACGGGACG 0.75
@@ GUCCCCGGGACG 0.75
@@ GUGCCCGGUACG 0.5
@@ GUGCCGGGUACG 0.5


Elapsed time:                   0.3668191432952881 secs.
Number of function evaluations: 461
----------------------------------------------------------------------


---------------------------------------
 FINISHED SUCCESSFULLY 
---------------------------------------
