
-----------------------------------------------------------------------
   _____ _____  ______ ______ _____             _____  _   _           
  / ____|  __ \|  ____|  ____|  __ \           |  __ \| \ | |   /\     
 | |  __| |__) | |__  | |__  | |  | |  ______  | |__) |  \| |  /  \    
 | | |_ |  _  /|  __| |  __| | |  | | |______| |  _  /| . ` | / /\ \   
 | |__| | | \ \| |____| |____| |__| |          | | \ \| |\  |/ ____ \  
  \_____|_|  \_\______|______|_____/           |_|  \_\_| \_/_/    \_\ 
       
                                       -- A. Rubio-Largo et al. 2023
-----------------------------------------------------------------------

------------------------------------------------------------------------------------------------------------------
CONFIGURATION: 

 * TARGET:           ((((((.((((....))))))).)))..........
 * STOPPING:         86400 secs.
 * SEED:             4
 * NO. OF SOLUTIONS: 1
 * max. GC-cont.:    0.48
 * MODEL:            TURNER1999
 * MUTATION PROB:    0.01
 * STAGNATION LIMIT: 50
------------------------------------------------------------------------------------------------------------------


 (1) Let's minimize the base-pair distance between predicted and target structures
    -> Min(Base-pair distance), min(Hamming distance), max(probability over ensemble), min(partition function), min(ensemble defect), min(%GC-content)


	 ->['CCCCCCACCCCAAAAGGGGGGGAGGGAAAAAAAAAA', '((((((.((((....))))))).)))..........', 0.0, -0.8893530180105559, -19.1723, 0.018, 1.0, 0.0]


    -> Found sequence! Elapsed time:                   0.012982368469238281 secs.


 (2) We found a sequence that folds exactly like the target structure. Let's minimize the GC-content
    -> ORDER: Min(Base-pair distance), min(Hamming distance), min(GC-content), min(partition function), min(ensemble defect), max(probability over ensemble))


	 >>> Resetting the solution to avoid local optima.
	 ->['GGGGGGAGGGGAAAACCCCCCCACCCAAAAAAAAAA', '((((((.((((....))))))).)))..........', 0.0, -0.8120369350877953, -19.4283, 0.0332, 1.0, 0.0]
	 ->['GGGGGGAGGGGAAAACCCCCCCACCCAAAAAAAAAA', '((((((.((((....))))))).)))..........', 0.0, -0.8120369350877953, -19.4283, 0.0332, 1.0, 0.0]
	 ->['GGGGGGAGGGAACAAUCCCCCCGCCCAAAAUGAAAA', '((((((.((((....))))))).)))..........', 0.0, -0.468117618546724, -18.0678, 0.0947, 0.9, 0.0]
	 ->['UGGGGGAGGGAACCAUCCCCCCGCCAAAAAUGAAAA', '((((((.((((....))))))).)))..........', 0.0, -0.377723834622664, -15.6, 0.0844, 0.8, 0.0]
	 ->['UGGGGGAGGUAAGCAUGCCCCCGCCAAAAAUGGAAA', '((((((.((((....))))))).)))..........', 0.0, -0.17461633767711318, -13.8756, 0.4041, 0.7, 0.0]
	 ->['UGGUGGAGGUAAGCUUGCCCCAGCCAAAAAUGGACA', '((((((.((((....))))))).)))..........', 0.0, -0.2932628860027283, -11.256, 0.1028, 0.6, 0.0]
	 ->['UGGUGGUGGUAAGUUUGCCCUAGCCAAGAAUGGUCA', '((((((.((((....))))))).)))..........', 0.0, -0.10308869031934144, -9.6004, 0.3427, 0.5, 0.0]


    -> Finished!! Elaapsed time:                   0.12674999237060547 secs.




RNA sequences found with GC-content <= 0.48:
## UGGUGGUGAUAAGUUUGUCCUAGCCAAGAAUGGUCA 0.4

RNA sequences found with GC-content > 0.48:
@@ CCCCCCACCCCAAAAGGGGGGGAGGGAAAAAAAAAA 1.0
@@ GGGGGGAGGGGAAAACCCCCCCACCCAAAAAAAAAA 1.0
@@ GGGGGGAGGGAAAAAUCCCCCCACCCAAAAAAAAAA 0.9
@@ GGGGGGAGGGAAAAAUCCCCCCGCCCAAAAAAAAAA 0.9
@@ GGGGGGAGGGAAAAAUCCCCCCGCCCAAAAAGAAAA 0.9
@@ GGGGGGAGGGAAAAAUCCCCCCGCCCAAAAUGAAAA 0.9
@@ GGGGGGAGGGAACAAUCCCCCCGCCCAAAAUGAAAA 0.9
@@ UGGGGGAGGGAACAAUCCCCCCGCCAAAAAUGAAAA 0.8
@@ UGGGGGAGGGAACCAUCCCCCCGCCAAAAAUGAAAA 0.8
@@ UGGGGGAGGUAACCAUGCCCCCGCCAAAAAUGAAAA 0.7
@@ UGGGGGAGGUAAGCAUGCCCCCGCCAAAAAUGAAAA 0.7
@@ UGGGGGAGGUAAGCAUGCCCCCGCCAAAAAUGGAAA 0.7
@@ UGGAGGAGGUAAGCAUGCCCCUGCCAAAAAUGGAAA 0.6
@@ UGGAGGAGGUAAGCUUGCCCCUGCCAAAAAUGGAAA 0.6
@@ UGGAGGAGGUAAGCUUGCCCCUGCCAAAAAUGGACA 0.6
@@ UGGUGGAGGUAAGCUUGCCCCAGCCAAAAAUGGACA 0.6
@@ UGGUGGAGGUAAGCUUGCCCUAGCCAAAAAUGGACA 0.5
@@ UGGUGGAGGUAAGCUUGCCCUAGCCAAAAAUGGUCA 0.5
@@ UGGUGGUGGUAAGCUUGCCCUAGCCAAAAAUGGUCA 0.5
@@ UGGUGGUGGUAAGUUUGCCCUAGCCAAAAAUGGUCA 0.5
@@ UGGUGGUGGUAAGUUUGCCCUAGCCAAGAAUGGUCA 0.5


Elapsed time:                   0.12726616859436035 secs.
Number of function evaluations: 83
----------------------------------------------------------------------


---------------------------------------
 FINISHED SUCCESSFULLY 
---------------------------------------
