
-----------------------------------------------------------------------
   _____ _____  ______ ______ _____             _____  _   _           
  / ____|  __ \|  ____|  ____|  __ \           |  __ \| \ | |   /\     
 | |  __| |__) | |__  | |__  | |  | |  ______  | |__) |  \| |  /  \    
 | | |_ |  _  /|  __| |  __| | |  | | |______| |  _  /| . ` | / /\ \   
 | |__| | | \ \| |____| |____| |__| |          | | \ \| |\  |/ ____ \  
  \_____|_|  \_\______|______|_____/           |_|  \_\_| \_/_/    \_\ 
       
                                       -- A. Rubio-Largo et al. 2023
-----------------------------------------------------------------------

------------------------------------------------------------------------------------------------------------------
CONFIGURATION: 

 * TARGET:           ((((...)))).
 * STOPPING:         86400 secs.
 * SEED:             3
 * NO. OF SOLUTIONS: 1
 * max. GC-cont.:    0.48
 * MODEL:            TURNER1999
 * MUTATION PROB:    0.01
 * STAGNATION LIMIT: 50
------------------------------------------------------------------------------------------------------------------


 (1) Let's minimize the base-pair distance between predicted and target structures
    -> Min(Base-pair distance), min(Hamming distance), max(probability over ensemble), min(partition function), min(ensemble defect), min(%GC-content)


	 ->['CCCCAAAGGGGA', '((((...)))).', 0.0, -0.563459208065955, -5.6536, 0.1132, 1.0, 0.0]


    -> Found sequence! Elapsed time:                   0.012150764465332031 secs.


 (2) We found a sequence that folds exactly like the target structure. Let's minimize the GC-content
    -> ORDER: Min(Base-pair distance), min(Hamming distance), min(GC-content), min(partition function), min(ensemble defect), max(probability over ensemble))


	 >>> Resetting the solution to avoid local optima.
	 ->['GGGGAAACCCCA', '(((....)))..', 0.5833, -0.09882771799953906, -7.3264, 0.5666, 1.0, 0.1667]
	 ->['GGUGAAACGCCA', '((((...)))).', 0.0, -0.5245095978650046, -3.5977, 0.0853, 0.75, 0.0]
	 >>> Resetting the solution to avoid local optima.
	 ->['GGGGAAACCCCA', '(((....)))..', 0.5833, -0.09882771799953906, -7.3264, 0.5666, 1.0, 0.1667]
	 ->['GGGGAAACCUCA', '(((....)))..', 0.5833, -0.02319187286541435, -5.2198, 0.6059, 0.6667, 0.1667]
	 ->['GCGGAAGCCGCA', '((((...)))).', 0.0, -0.5739321796873367, -5.4422, 0.1126, 1.0, 0.0]
	 ->['GCUGAAGCAGCA', '((((...)))).', 0.0, -0.7628242407356556, -3.7669, 0.0515, 0.75, 0.0]
	 >>> Resetting the solution to avoid local optima.
	 ->['GGGGAAACCCCA', '(((....)))..', 0.5833, -0.09882771799953906, -7.3264, 0.5666, 1.0, 0.1667]
	 ->['CGGGAAACCCGA', '((((...)))).', 0.0, -0.3782329558585042, -4.9992, 0.2601, 1.0, 0.0]
	 ->['CGUGAAACACGG', '((((...)))).', 0.0, -0.7154118776091336, -2.5064, 0.0613, 0.75, 0.0]
	 ->['GGUUGAUGACCA', '((((...)))).', 0.0, -0.531857549961716, -2.6891, 0.0966, 0.5, 0.0]


    -> Finished!! Elaapsed time:                   0.2664468288421631 secs.




RNA sequences found with GC-content <= 0.48:
## GAUUGAUGAUCA 0.25

RNA sequences found with GC-content > 0.48:
@@ CCCCAAAGGGGA 1.0
@@ GCCCAAAGGGCA 1.0
@@ GGUGAAACGCCA 0.75
@@ GGUGAAACGCUA 0.5
@@ GGUGCAACGCUA 0.5
@@ UGUGCAACGCAA 0.5
@@ UGUGCAGCGCAA 0.5
@@ UGAGCAGCUCAA 0.5
@@ UGAGCGGCUCAA 0.5
@@ UGAGAGGCUCAA 0.5
@@ UGACAGGGUCAA 0.5
@@ UGACAGCGUCAA 0.5
@@ UGACAUCGUCAA 0.5
@@ UGACCUCGUCAA 0.5
@@ UGACGUCGUCAA 0.5
@@ UGACGUCGUCAG 0.5
@@ GCGGAAACCGCA 1.0
@@ GCGGAAGCCGCA 1.0
@@ GCUGAAGCAGCA 0.75
@@ UCUGAAGCAGGA 0.5
@@ UCUGUAGCAGGA 0.5
@@ ACUGUAGCAGUA 0.5
@@ AGUGUAGCACUA 0.5
@@ AGAGUAGCUCUA 0.5
@@ AGACUAGGUCUA 0.5
@@ UGACUAGGUCAA 0.5
@@ UGACUGGGUCAA 0.5
@@ UGACUGCGUCAA 0.5
@@ UGACGGCGUCAA 0.5
@@ UGACGACGUCAA 0.5
@@ CGGGAAACCCGA 1.0
@@ CGUGAAACACGA 0.75
@@ CGUGAAACACGG 0.75
@@ CGUGAAAUACGG 0.5
@@ CGUGAAGUACGG 0.5
@@ CGUAAAGUACGG 0.5
@@ CGUUAAGGACGG 0.5
@@ CGUUGAGGACGG 0.5
@@ GGUUGAGGACCG 0.5
@@ GGUUGAUGACCG 0.5
@@ GGUUGAUGACCA 0.5


Elapsed time:                   0.26677560806274414 secs.
Number of function evaluations: 339
----------------------------------------------------------------------


---------------------------------------
 FINISHED SUCCESSFULLY 
---------------------------------------
