
-----------------------------------------------------------------------
   _____ _____  ______ ______ _____             _____  _   _           
  / ____|  __ \|  ____|  ____|  __ \           |  __ \| \ | |   /\     
 | |  __| |__) | |__  | |__  | |  | |  ______  | |__) |  \| |  /  \    
 | | |_ |  _  /|  __| |  __| | |  | | |______| |  _  /| . ` | / /\ \   
 | |__| | | \ \| |____| |____| |__| |          | | \ \| |\  |/ ____ \  
  \_____|_|  \_\______|______|_____/           |_|  \_\_| \_/_/    \_\ 
       
                                       -- A. Rubio-Largo et al. 2023
-----------------------------------------------------------------------

------------------------------------------------------------------------------------------------------------------
CONFIGURATION: 

 * TARGET:           ((((...)))).
 * STOPPING:         86400 secs.
 * SEED:             1
 * NO. OF SOLUTIONS: 1
 * max. GC-cont.:    0.48
 * MODEL:            TURNER1999
 * MUTATION PROB:    0.01
 * STAGNATION LIMIT: 50
------------------------------------------------------------------------------------------------------------------


 (1) Let's minimize the base-pair distance between predicted and target structures
    -> Min(Base-pair distance), min(Hamming distance), max(probability over ensemble), min(partition function), min(ensemble defect), min(%GC-content)


	 ->['CCCCAAAGGGGA', '((((...)))).', 0.0, -0.563459208065955, -5.6536, 0.1132, 1.0, 0.0]


    -> Found sequence! Elapsed time:                   0.012021064758300781 secs.


 (2) We found a sequence that folds exactly like the target structure. Let's minimize the GC-content
    -> ORDER: Min(Base-pair distance), min(Hamming distance), min(GC-content), min(partition function), min(ensemble defect), max(probability over ensemble))


	 >>> Resetting the solution to avoid local optima.
	 ->['CCCCAAAGGGGA', '((((...)))).', 0.0, -0.563459208065955, -5.6536, 0.1132, 1.0, 0.0]
	 ->['GCCCAAGGGGCA', '((((...)))).', 0.0, -0.6164051310027185, -6.2982, 0.0652, 1.0, 0.0]
	 ->['GACCCAGGGUCA', '((((...)))).', 0.0, -0.6159214373743572, -4.1987, 0.0653, 0.75, 0.0]
	 >>> Resetting the solution to avoid local optima.
	 ->['CCCCAAAGGGGA', '((((...)))).', 0.0, -0.563459208065955, -5.6536, 0.1132, 1.0, 0.0]
	 ->['CCCCAAAGGGGA', '((((...)))).', 0.0, -0.563459208065955, -5.6536, 0.1132, 1.0, 0.0]
	 ->['CCACUAUGUGGA', '((((...)))).', 0.0, -0.7064568630393785, -3.2142, 0.0544, 0.75, 0.0]
	 >>> Resetting the solution to avoid local optima.
	 ->['CCCCAAAGGGGA', '((((...)))).', 0.0, -0.563459208065955, -5.6536, 0.1132, 1.0, 0.0]
	 ->['CCCCUGGGGGGA', '((((...)))).', 0.0, -0.3715876005599219, -5.9101, 0.3018, 1.0, 0.0]
	 ->['UCCCCGGGGGAA', '((((...)))).', 0.0, -0.48336800597015095, -4.0481, 0.1648, 0.75, 0.0]
	 >>> Resetting the solution to avoid local optima.
	 ->['CCCCAAAGGGGA', '((((...)))).', 0.0, -0.563459208065955, -5.6536, 0.1132, 1.0, 0.0]
	 ->['CCCCAAAGGGGA', '((((...)))).', 0.0, -0.563459208065955, -5.6536, 0.1132, 1.0, 0.0]
	 ->['ACCCAAAGGGUA', '((((...)))).', 0.0, -0.5443102470317507, -3.6749, 0.0893, 0.75, 0.0]
	 >>> Resetting the solution to avoid local optima.
	 ->['CCCCAAAGGGGA', '((((...)))).', 0.0, -0.563459208065955, -5.6536, 0.1132, 1.0, 0.0]
	 ->['CCCCAAAGGGGA', '((((...)))).', 0.0, -0.563459208065955, -5.6536, 0.1132, 1.0, 0.0]
	 ->['CUCCGAAGGAGA', '((((...)))).', 0.0, -0.6016933409953101, -3.5131, 0.0738, 0.75, 0.0]
	 >>> Resetting the solution to avoid local optima.
	 ->['GGGGAAACCCCA', '(((....)))..', 0.5833, -0.09882771799953906, -7.3264, 0.5666, 1.0, 0.1667]
	 ->['GGGGAAACCCCA', '(((....)))..', 0.5833, -0.09882771799953906, -7.3264, 0.5666, 1.0, 0.1667]
	 ->['GGGGGAACCCCA', '((((...)))).', 0.0, -0.3345681368931217, -6.5748, 0.3392, 1.0, 0.0]
	 ->['GGUGGAACACCA', '((((...)))).', 0.0, -0.7635545969002037, -3.7663, 0.0498, 0.75, 0.0]
	 >>> Resetting the solution to avoid local optima.
	 ->['CCCCAAAGGGGA', '((((...)))).', 0.0, -0.563459208065955, -5.6536, 0.1132, 1.0, 0.0]
	 ->['CCCCUAAGGGGA', '((((...)))).', 0.0, -0.5386446184858535, -5.6813, 0.1376, 1.0, 0.0]
	 ->['GCCCUGGGGGUA', '((((...)))).', 0.0, -0.5574155446450816, -3.9602, 0.1048, 0.75, 0.0]
	 >>> Resetting the solution to avoid local optima.
	 ->['CCCCAAAGGGGA', '((((...)))).', 0.0, -0.563459208065955, -5.6536, 0.1132, 1.0, 0.0]
	 ->['CCCCUAGGGGGA', '((((...)))).', 0.0, -0.3721292011954499, -5.9092, 0.3011, 1.0, 0.0]
	 ->['UCCCUCGGGGAG', '((((...)))).', 0.0, -0.49934744081025334, -4.028, 0.1487, 0.75, 0.0]
	 >>> Resetting the solution to avoid local optima.
	 ->['GGGGAAACCCCA', '(((....)))..', 0.5833, -0.09882771799953906, -7.3264, 0.5666, 1.0, 0.1667]
	 ->['GGGGAAACCCCA', '(((....)))..', 0.5833, -0.09882771799953906, -7.3264, 0.5666, 1.0, 0.1667]
	 ->['GGGGAAACUCCA', '(((....).)).', 0.25, -0.05041890087192809, -4.7412, 0.4635, 1.0, 0.1667]
	 ->['GGUCAACGACCA', '((((...)))).', 0.0, -0.8468938515308025, -4.0024, 0.0278, 0.75, 0.0]
	 >>> Resetting the solution to avoid local optima.
	 ->['GGGGAAACCCCA', '(((....)))..', 0.5833, -0.09882771799953906, -7.3264, 0.5666, 1.0, 0.1667]
	 ->['AGGGAAACCCUA', '.((....))...', 0.5, -0.15130796217393835, -4.3639, 0.4883, 1.0, 0.3333]
	 >>> Resetting the solution to avoid local optima.
	 ->['CCCCAAAGGGGA', '((((...)))).', 0.0, -0.563459208065955, -5.6536, 0.1132, 1.0, 0.0]
	 ->['CCCCAAAGGGGA', '((((...)))).', 0.0, -0.563459208065955, -5.6536, 0.1132, 1.0, 0.0]
	 ->['UCCCAAAGGGAA', '((((...)))).', 0.0, -0.5610640166263304, -3.9562, 0.0847, 0.75, 0.0]
	 >>> Resetting the solution to avoid local optima.
	 ->['GGGGAAACCCCA', '(((....)))..', 0.5833, -0.09882771799953906, -7.3264, 0.5666, 1.0, 0.1667]
	 ->['GGGGAAACCCCA', '(((....)))..', 0.5833, -0.09882771799953906, -7.3264, 0.5666, 1.0, 0.1667]
	 ->['GUGGAAACCACA', '((((...)))).', 0.0, -0.5789102994972256, -3.9369, 0.087, 0.75, 0.0]
	 ->['GUACGCGGUGCG', '((((...)))).', 0.0, -0.5827191843122512, -2.0328, 0.1878, 0.5, 0.0]


    -> Finished!! Elaapsed time:                   1.8366813659667969 secs.




RNA sequences found with GC-content <= 0.48:
## GUAUGCGAUGCG 0.25

RNA sequences found with GC-content > 0.48:
@@ CCCCAAAGGGGA 1.0
@@ GCCCAAAGGGCA 1.0
@@ CCCCAAGGGGGA 1.0
@@ GCCCAAGGGGCA 1.0
@@ GACCAAGGGUCA 0.75
@@ GACCCAGGGUCA 0.75
@@ UACCCAGGGUAA 0.5
@@ UACCCUGGGUAA 0.5
@@ UACCCUGGGUAG 0.5
@@ UGCCCUGGGUAG 0.5
@@ UGCCCGGGGUAG 0.5
@@ UGCCCGCGGUAG 0.5
@@ CCACAAAGUGGA 0.75
@@ CCACAAUGUGGA 0.75
@@ CCACUAUGUGGA 0.75
@@ UCACUAUGUGGA 0.5
@@ ACACUAUGUGUA 0.5
@@ UCACUAUGUGAA 0.5
@@ UCACUCUGUGAA 0.5
@@ UCACUCUGUGAG 0.5
@@ UCACUCCGUGAG 0.5
@@ UCUCUCCGAGAG 0.5
@@ UCUCUCUGAGAG 0.5
@@ UCUCUCGGAGAG 0.5
@@ UCUCGCGGAGAG 0.5
@@ UCUCGGGGAGAG 0.5
@@ UCUCGUGGAGAG 0.5
@@ CCCCUAAGGGGA 1.0
@@ CCCCUGAGGGGA 1.0
@@ CCCCUGGGGGGA 1.0
@@ GCCCUGGGGGUA 0.75
@@ UCCCUGGGGGAA 0.75
@@ UCCCCGGGGGAA 0.75
@@ UCUCCGGGAGAA 0.5
@@ UCUCCGUGAGAA 0.5
@@ UCUCCGUGAGAG 0.5
@@ ACCCAAAGGGUA 0.75
@@ ACGCAAAGUGUA 0.5
@@ ACGCACAGUGUA 0.5
@@ GCGCACAGUGUA 0.5
@@ GCACACAGUGUA 0.5
@@ GCACACAGUGUG 0.5
@@ GCACACUGUGUG 0.5
@@ CUCCAAAGGGGA 0.75
@@ CUCCAAAGGAGA 0.75
@@ CUCCGAAGGAGA 0.75
@@ GUCCGAAGGAUA 0.5
@@ GGGGUAACCCCA 1.0
@@ GGGGGAACCCCA 1.0
@@ GGGGGAACUCCA 0.75
@@ GGUGGAACACCA 0.75
@@ GGUGGAAUACCA 0.5
@@ GGUGGGAUACCA 0.5
@@ GGUGGGUUACCA 0.5
@@ GGUGGGGUACCA 0.5
@@ GGUGGGCUACCA 0.5
@@ GCCCUAAGGGUA 0.75
@@ GCCCUAGGGGUA 0.75
@@ GGCCUGGGGUUA 0.5
@@ GGCCCGGGGUUA 0.5
@@ GACCCGGGGUUA 0.5
@@ GUCCCGGGGAUA 0.5
@@ GUCCCGGGGAUG 0.5
@@ GUCCCCGGGAUG 0.5
@@ GUCCCAGGGAUG 0.5
@@ CCCCUAGGGGGA 1.0
@@ UCCCUAGGGGAA 0.75
@@ UCCCUUGGGGAA 0.75
@@ UCCCUUGGGGAG 0.75
@@ UCCCUAGGGGAG 0.75
@@ UCCCUCGGGGAG 0.75
@@ UCGCUCGGUGAG 0.5
@@ GCGCUCGGUGUG 0.5
@@ GCUCUCGGAGUG 0.5
@@ GCUCGCGGAGUG 0.5
@@ GGUGAAACACCA 0.75
@@ GGUCAAAGACCA 0.75
@@ GGUCAACGACCA 0.75
@@ UGUCAACGACAA 0.5
@@ UGUCAACGACAG 0.5
@@ UCUCAACGAGAG 0.5
@@ UCUCUACGAGAG 0.5
@@ UCUCGCCGAGAG 0.5
@@ UCUCGCUGAGAG 0.5
@@ AGUGAAACGCUA 0.5
@@ AGAGAAACUCUA 0.5
@@ AGAGAAUCUCUA 0.5
@@ UGAGAAUCUCAA 0.5
@@ UGAGAGUCUCAA 0.5
@@ UGACAGUGUCAA 0.5
@@ UGACUGUGUCAA 0.5
@@ UGACUGAGUCAA 0.5
@@ UGACUGGGUCAA 0.5
@@ UGACGGGGUCAA 0.5
@@ UGACGGGGUCAG 0.5
@@ UGACGUGGUCAG 0.5
@@ UGACGUCGUCAG 0.5
@@ UCCCAAAGGGAA 0.75
@@ UUCCAAAGGAAA 0.5
@@ UUCCCAAGGAAA 0.5
@@ UUCCCAGGGAAA 0.5
@@ UGCCCUGGGUAA 0.5
@@ GUGGAAACCACA 0.75
@@ GUUGAAACAACA 0.5
@@ GUUGACACAACA 0.5
@@ GUUGAUACAACA 0.5
@@ GUUGAUACAGCA 0.5
@@ GUUGUUACAGCA 0.5
@@ GUUGUUGCAGCA 0.5
@@ GUUCUUGGAGCA 0.5
@@ GUUCUCGGAGCA 0.5
@@ GUUCUCGGAGCG 0.5
@@ GUUCACGGAGCG 0.5
@@ GUUCGCGGAGCG 0.5
@@ GUACGCGGUGCG 0.5


Elapsed time:                   1.8376286029815674 secs.
Number of function evaluations: 2397
----------------------------------------------------------------------


---------------------------------------
 FINISHED SUCCESSFULLY 
---------------------------------------
