
-----------------------------------------------------------------------
   _____ _____  ______ ______ _____             _____  _   _           
  / ____|  __ \|  ____|  ____|  __ \           |  __ \| \ | |   /\     
 | |  __| |__) | |__  | |__  | |  | |  ______  | |__) |  \| |  /  \    
 | | |_ |  _  /|  __| |  __| | |  | | |______| |  _  /| . ` | / /\ \   
 | |__| | | \ \| |____| |____| |__| |          | | \ \| |\  |/ ____ \  
  \_____|_|  \_\______|______|_____/           |_|  \_\_| \_/_/    \_\ 
       
                                       -- A. Rubio-Largo et al. 2023
-----------------------------------------------------------------------

------------------------------------------------------------------------------------------------------------------
CONFIGURATION: 

 * TARGET:           ((((...)))).
 * STOPPING:         86400 secs.
 * SEED:             10
 * NO. OF SOLUTIONS: 1
 * max. GC-cont.:    0.48
 * MODEL:            TURNER1999
 * MUTATION PROB:    0.01
 * STAGNATION LIMIT: 50
------------------------------------------------------------------------------------------------------------------


 (1) Let's minimize the base-pair distance between predicted and target structures
    -> Min(Base-pair distance), min(Hamming distance), max(probability over ensemble), min(partition function), min(ensemble defect), min(%GC-content)


	 ->['CCCCAAAGGGGA', '((((...)))).', 0.0, -0.563459208065955, -5.6536, 0.1132, 1.0, 0.0]


    -> Found sequence! Elapsed time:                   0.012601852416992188 secs.


 (2) We found a sequence that folds exactly like the target structure. Let's minimize the GC-content
    -> ORDER: Min(Base-pair distance), min(Hamming distance), min(GC-content), min(partition function), min(ensemble defect), max(probability over ensemble))


	 >>> Resetting the solution to avoid local optima.
	 ->['GGGGAAACCCCA', '(((....)))..', 0.5833, -0.09882771799953906, -7.3264, 0.5666, 1.0, 0.1667]
	 ->['GUGGAAACCACA', '((((...)))).', 0.0, -0.5789102994972256, -3.9369, 0.087, 0.75, 0.0]
	 ->['GUAGAAACUACA', '((((...)))).', 0.0, -0.7307788452180125, -1.7933, 0.0766, 0.5, 0.0]


    -> Finished!! Elaapsed time:                   0.028118371963500977 secs.




RNA sequences found with GC-content <= 0.48:
## GUAUAAAGUACA 0.25
## GUAUCAAGUACA 0.25
## GUAUCGAGUACA 0.25

RNA sequences found with GC-content > 0.48:
@@ CCCGAAACGGGA 1.0
@@ CCGGAAACCGGA 1.0
@@ GCGGAAACCGCA 1.0
@@ GUGGAAACCACA 0.75
@@ GUAGAAACUACA 0.5


Elapsed time:                   0.028200149536132812 secs.
Number of function evaluations: 22
----------------------------------------------------------------------


---------------------------------------
 FINISHED SUCCESSFULLY 
---------------------------------------
